2024-08-08 22:23:31,397 - INFO - Starting pharokka v1.3.2
2024-08-08 22:23:31,398 - INFO - Input args: Namespace(infile='GCA_015343595.1_53_phages/GCA_015343595.1_651_1_2051_prophage.fasta', outdir='phage_pharokka/GCA_015343595.1_651|1-2051', database='/data/yangy34/database/pharokka', threads='32', force=False, prefix='Default', locustag='Default', gene_predictor='phanotate', meta=False, split=False, coding_table='11', evalue='1E-05', terminase=False, terminase_strand='nothing', terminase_start='nothing', citation=False)
2024-08-08 22:23:31,398 - INFO - Checking database installation.
2024-08-08 22:23:31,421 - INFO - All databases have been successfully checked.
2024-08-08 22:23:31,421 - INFO - Checking dependencies.
2024-08-08 22:23:32,399 - INFO - phan_out version found is v1.5.1.
2024-08-08 22:23:32,399 - INFO - Phanotate version is ok.
2024-08-08 22:23:32,481 - INFO - MMseqs2 version found is v13.45111.
2024-08-08 22:23:32,481 - INFO - MMseqs2 version is ok.
2024-08-08 22:23:33,339 - INFO - tRNAscan-SE version found is v2.45111.11.
2024-08-08 22:23:33,339 - INFO - tRNAscan-SE version is ok.
2024-08-08 22:23:33,993 - INFO - MinCED version found is v0.4.2.
2024-08-08 22:23:33,993 - INFO - MinCED version is ok.
2024-08-08 22:23:34,068 - INFO - ARAGORN version found is v1.2.41.
2024-08-08 22:23:34,069 - INFO - ARAGORN version is ok.
2024-08-08 22:23:34,160 - INFO - mash version found is v2.2.
2024-08-08 22:23:34,160 - INFO - mash version is ok.
2024-08-08 22:23:34,383 - INFO - Running Phanotate.
2024-08-08 22:23:36,386 - INFO - Translating gene predicted fastas.
2024-08-08 22:23:36,401 - INFO - Starting tRNA-scanSE
2024-08-08 22:23:36,537 - INFO - 

2024-08-08 22:23:36,537 - INFO - tRNAscan-SE v.2.0.11 (Oct 2022) - scan sequences for transfer RNAs

2024-08-08 22:23:36,537 - INFO - Copyright (C) 2022 Patricia Chan and Todd Lowe

2024-08-08 22:23:36,537 - INFO -                    University of California Santa Cruz

2024-08-08 22:23:36,537 - INFO - Freely distributed under the GNU General Public License (GPLv3)

2024-08-08 22:23:36,537 - INFO - 

2024-08-08 22:23:36,537 - INFO - ------------------------------------------------------------

2024-08-08 22:23:36,537 - INFO - Sequence file(s) to search:        GCA_015343595.1_53_phages/GCA_015343595.1_651_1_2051_prophage.fasta

2024-08-08 22:23:36,537 - INFO - Search Mode:                       General

2024-08-08 22:23:36,537 - INFO - Results written to:                Standard output

2024-08-08 22:23:36,537 - INFO - Output format:                     Tabular

2024-08-08 22:23:36,537 - INFO - Searching with:                    Infernal single-pass scan

2024-08-08 22:23:36,537 - INFO -                                    Fast mode

2024-08-08 22:23:36,537 - INFO - Covariance model:                  /gpfs/gsfs12/users/yangy34/softwares/mambaforge/envs/pharokka-env/lib/tRNAscan-SE/models/TRNAinf.cm

2024-08-08 22:23:36,537 - INFO - 

2024-08-08 22:23:36,537 - INFO - Temporary directory:               /tmp

2024-08-08 22:23:36,537 - INFO - tRNA predictions saved to:         phage_pharokka/GCA_015343595.1_651|1-2051/trnascan_out.gff

2024-08-08 22:23:36,538 - INFO - ------------------------------------------------------------

2024-08-08 22:23:36,538 - INFO - 

2024-08-08 22:23:36,641 - INFO - No tRNAs found.

2024-08-08 22:23:36,641 - INFO - 

2024-08-08 22:23:36,654 - INFO - Running MinCED.
2024-08-08 22:23:36,837 - INFO - Running Aragorn.
2024-08-08 22:23:36,840 - INFO - Starting MMseqs2.
2024-08-08 22:23:36,841 - INFO - Running MMseqs2 on PHROGs Database.
2024-08-08 22:23:36,945 - INFO - createdb phage_pharokka/GCA_015343595.1_651|1-2051/phanotate_aas_tmp.fasta phage_pharokka/GCA_015343595.1_651|1-2051/target_dir/target_seqs 

2024-08-08 22:23:36,945 - INFO - 

2024-08-08 22:23:36,945 - INFO - MMseqs Version:       	13.45111

2024-08-08 22:23:36,945 - INFO - Database type         	0

2024-08-08 22:23:36,945 - INFO - Shuffle input database	true

2024-08-08 22:23:36,945 - INFO - Createdb mode         	0

2024-08-08 22:23:36,947 - INFO - Write lookup file     	1

2024-08-08 22:23:36,947 - INFO - Offset of numeric ids 	0

2024-08-08 22:23:36,947 - INFO - Compressed            	0

2024-08-08 22:23:36,947 - INFO - Verbosity             	3

2024-08-08 22:23:36,947 - INFO - 

2024-08-08 22:23:36,947 - INFO - Converting sequences

2024-08-08 22:23:36,947 - INFO - [

2024-08-08 22:23:36,947 - INFO - Time for merging to target_seqs_h: 0h 0m 0s 20ms

2024-08-08 22:23:36,947 - INFO - Time for merging to target_seqs: 0h 0m 0s 19ms

2024-08-08 22:23:36,947 - INFO - Database type: Aminoacid

2024-08-08 22:23:36,947 - INFO - Time for processing: 0h 0m 0s 93ms

2024-08-08 22:23:36,955 - INFO - Create directory phage_pharokka/GCA_015343595.1_651|1-2051/tmp_dir/

2024-08-08 22:23:36,956 - INFO - search -e 1E-05 /data/yangy34/database/pharokka/phrogs_profile_db phage_pharokka/GCA_015343595.1_651|1-2051/target_dir/target_seqs phage_pharokka/GCA_015343595.1_651|1-2051/mmseqs/results_mmseqs phage_pharokka/GCA_015343595.1_651|1-2051/tmp_dir/ -s 8.5 --threads 32 

2024-08-08 22:23:36,956 - INFO - 

2024-08-08 22:23:36,956 - INFO - MMseqs Version:                        	13.45111

2024-08-08 22:23:36,956 - INFO - Substitution matrix                    	nucl:nucleotide.out,aa:blosum62.out

2024-08-08 22:23:36,956 - INFO - Add backtrace                          	false

2024-08-08 22:23:36,956 - INFO - Alignment mode                         	2

2024-08-08 22:23:36,956 - INFO - Alignment mode                         	0

2024-08-08 22:23:36,956 - INFO - Allow wrapped scoring                  	false

2024-08-08 22:23:36,956 - INFO - E-value threshold                      	1e-05

2024-08-08 22:23:36,956 - INFO - Seq. id. threshold                     	0

2024-08-08 22:23:36,956 - INFO - Min alignment length                   	0

2024-08-08 22:23:36,956 - INFO - Seq. id. mode                          	0

2024-08-08 22:23:36,956 - INFO - Alternative alignments                 	0

2024-08-08 22:23:36,956 - INFO - Coverage threshold                     	0

2024-08-08 22:23:36,956 - INFO - Coverage mode                          	0

2024-08-08 22:23:36,956 - INFO - Max sequence length                    	65535

2024-08-08 22:23:36,956 - INFO - Compositional bias                     	1

2024-08-08 22:23:36,956 - INFO - Max reject                             	2147483647

2024-08-08 22:23:36,956 - INFO - Max accept                             	2147483647

2024-08-08 22:23:36,956 - INFO - Include identical seq. id.             	false

2024-08-08 22:23:36,956 - INFO - Preload mode                           	0

2024-08-08 22:23:36,956 - INFO - Pseudo count a                         	1

2024-08-08 22:23:36,956 - INFO - Pseudo count b                         	1.5

2024-08-08 22:23:36,956 - INFO - Score bias                             	0

2024-08-08 22:23:36,956 - INFO - Realign hits                           	false

2024-08-08 22:23:36,957 - INFO - Realign score bias                     	-0.2

2024-08-08 22:23:36,957 - INFO - Realign max seqs                       	2147483647

2024-08-08 22:23:36,957 - INFO - Gap open cost                          	nucl:5,aa:11

2024-08-08 22:23:36,957 - INFO - Gap extension cost                     	nucl:2,aa:1

2024-08-08 22:23:36,957 - INFO - Zdrop                                  	40

2024-08-08 22:23:36,957 - INFO - Threads                                	32

2024-08-08 22:23:36,957 - INFO - Compressed                             	0

2024-08-08 22:23:36,957 - INFO - Verbosity                              	3

2024-08-08 22:23:36,957 - INFO - Seed substitution matrix               	nucl:nucleotide.out,aa:VTML80.out

2024-08-08 22:23:36,957 - INFO - Sensitivity                            	8.5

2024-08-08 22:23:36,957 - INFO - k-mer length                           	0

2024-08-08 22:23:36,957 - INFO - k-score                                	2147483647

2024-08-08 22:23:36,957 - INFO - Alphabet size                          	nucl:5,aa:21

2024-08-08 22:23:36,957 - INFO - Max results per query                  	300

2024-08-08 22:23:36,957 - INFO - Split database                         	0

2024-08-08 22:23:36,957 - INFO - Split mode                             	2

2024-08-08 22:23:36,957 - INFO - Split memory limit                     	0

2024-08-08 22:23:36,957 - INFO - Diagonal scoring                       	true

2024-08-08 22:23:36,957 - INFO - Exact k-mer matching                   	0

2024-08-08 22:23:36,957 - INFO - Mask residues                          	1

2024-08-08 22:23:36,957 - INFO - Mask lower case residues               	0

2024-08-08 22:23:36,957 - INFO - Minimum diagonal score                 	15

2024-08-08 22:23:36,957 - INFO - Spaced k-mers                          	1

2024-08-08 22:23:36,957 - INFO - Spaced k-mer pattern                   	

2024-08-08 22:23:36,957 - INFO - Local temporary path                   	

2024-08-08 22:23:36,957 - INFO - Rescore mode                           	0

2024-08-08 22:23:36,958 - INFO - Remove hits by seq. id. and coverage   	false

2024-08-08 22:23:36,958 - INFO - Sort results                           	0

2024-08-08 22:23:36,958 - INFO - Mask profile                           	1

2024-08-08 22:23:36,958 - INFO - Profile E-value threshold              	0.1

2024-08-08 22:23:36,958 - INFO - Global sequence weighting              	false

2024-08-08 22:23:36,958 - INFO - Allow deletions                        	false

2024-08-08 22:23:36,958 - INFO - Filter MSA                             	1

2024-08-08 22:23:36,958 - INFO - Maximum seq. id. threshold             	0.9

2024-08-08 22:23:36,958 - INFO - Minimum seq. id.                       	0

2024-08-08 22:23:36,958 - INFO - Minimum score per column               	-20

2024-08-08 22:23:36,958 - INFO - Minimum coverage                       	0

2024-08-08 22:23:36,958 - INFO - Select N most diverse seqs             	1000

2024-08-08 22:23:36,958 - INFO - Min codons in orf                      	30

2024-08-08 22:23:36,958 - INFO - Max codons in length                   	32734

2024-08-08 22:23:36,958 - INFO - Max orf gaps                           	2147483647

2024-08-08 22:23:36,958 - INFO - Contig start mode                      	2

2024-08-08 22:23:36,958 - INFO - Contig end mode                        	2

2024-08-08 22:23:36,958 - INFO - Orf start mode                         	1

2024-08-08 22:23:36,958 - INFO - Forward frames                         	1,2,3

2024-08-08 22:23:36,958 - INFO - Reverse frames                         	1,2,3

2024-08-08 22:23:36,958 - INFO - Translation table                      	1

2024-08-08 22:23:36,958 - INFO - Translate orf                          	0

2024-08-08 22:23:36,958 - INFO - Use all table starts                   	false

2024-08-08 22:23:36,958 - INFO - Offset of numeric ids                  	0

2024-08-08 22:23:36,958 - INFO - Create lookup                          	0

2024-08-08 22:23:36,958 - INFO - Add orf stop                           	false

2024-08-08 22:23:36,959 - INFO - Overlap between sequences              	0

2024-08-08 22:23:36,959 - INFO - Sequence split mode                    	1

2024-08-08 22:23:36,959 - INFO - Header split mode                      	0

2024-08-08 22:23:36,959 - INFO - Chain overlapping alignments           	0

2024-08-08 22:23:36,959 - INFO - Merge query                            	1

2024-08-08 22:23:36,959 - INFO - Search type                            	0

2024-08-08 22:23:36,959 - INFO - Search iterations                      	1

2024-08-08 22:23:36,959 - INFO - Start sensitivity                      	4

2024-08-08 22:23:36,959 - INFO - Search steps                           	1

2024-08-08 22:23:36,959 - INFO - Exhaustive search mode                 	false

2024-08-08 22:23:36,959 - INFO - Filter results during exhaustive search	0

2024-08-08 22:23:36,959 - INFO - Strand selection                       	1

2024-08-08 22:23:36,959 - INFO - LCA search mode                        	false

2024-08-08 22:23:36,959 - INFO - Disk space limit                       	0

2024-08-08 22:23:36,959 - INFO - MPI runner                             	

2024-08-08 22:23:36,959 - INFO - Force restart with latest tmp          	false

2024-08-08 22:23:36,959 - INFO - Remove temporary files                 	false

2024-08-08 22:23:36,959 - INFO - 

2024-08-08 22:23:37,112 - INFO - prefilter /data/yangy34/database/pharokka/phrogs_profile_db phage_pharokka/GCA_015343595.1_651|1-2051/target_dir/target_seqs phage_pharokka/GCA_015343595.1_651|1-2051/tmp_dir//10756456617292660269/pref_0 --sub-mat nucl:nucleotide.out,aa:blosum62.out --seed-sub-mat nucl:nucleotide.out,aa:VTML80.out -k 0 --k-score 2147483647 --alph-size nucl:5,aa:21 --max-seq-len 65535 --max-seqs 300 --split 0 --split-mode 2 --split-memory-limit 0 -c 0 --cov-mode 0 --comp-bias-corr 1 --diag-score 1 --exact-kmer-matching 0 --mask 1 --mask-lower-case 0 --min-ungapped-score 15 --add-self-matches 0 --spaced-kmer-mode 1 --db-load-mode 0 --pca 1 --pcb 1.5 --threads 32 --compressed 0 -v 3 -s 8.5 

2024-08-08 22:23:37,112 - INFO - 

2024-08-08 22:23:37,112 - INFO - Query database size: 38880 type: Profile

2024-08-08 22:23:37,112 - INFO - Estimated memory consumption: 488M

2024-08-08 22:23:37,112 - INFO - Target database size: 5 type: Aminoacid

2024-08-08 22:23:37,112 - INFO - Index table k-mer threshold: 0 at k-mer size 6 

2024-08-08 22:23:37,113 - INFO - Index table: counting k-mers

2024-08-08 22:23:37,237 - INFO - [=================================================================] 5 0s 2ms

2024-08-08 22:23:37,237 - INFO - Index table: Masked residues: 0

2024-08-08 22:23:37,237 - INFO - Index table: fill

2024-08-08 22:23:38,401 - INFO - [=================================================================] 5 0s 1ms

2024-08-08 22:23:38,401 - INFO - Index statistics

2024-08-08 22:23:38,401 - INFO - Entries:          508

2024-08-08 22:23:38,401 - INFO - DB size:          488 MB

2024-08-08 22:23:38,401 - INFO - Avg k-mer size:   0.000008

2024-08-08 22:23:38,401 - INFO - Top 10 k-mers

2024-08-08 22:23:38,401 - INFO -     TPELAA	1

2024-08-08 22:23:38,401 - INFO -     ILQQAA	1

2024-08-08 22:23:38,401 - INFO -     GNKRAA	1

2024-08-08 22:23:38,401 - INFO -     SGESAA	1

2024-08-08 22:23:38,401 - INFO -     LTSWAA	1

2024-08-08 22:23:38,401 - INFO -     YQIQDA	1

2024-08-08 22:23:38,401 - INFO -     CEEHEA	1

2024-08-08 22:23:38,402 - INFO -     LVASHA	1

2024-08-08 22:23:38,402 - INFO -     LGFEIA	1

2024-08-08 22:23:38,402 - INFO -     QIKIIA	1

2024-08-08 22:23:38,402 - INFO - Time for index table init: 0h 0m 0s 426ms

2024-08-08 22:23:38,402 - INFO - Process prefiltering step 1 of 1

2024-08-08 22:23:38,402 - INFO - 

2024-08-08 22:23:38,402 - INFO - k-mer similarity threshold: 81

2024-08-08 22:23:38,402 - INFO - Starting prefiltering scores calculation (step 1 of 1)

2024-08-08 22:23:38,402 - INFO - Query db start 1 to 38880

2024-08-08 22:23:38,402 - INFO - Target db start 1 to 5

2024-08-08 22:24:42,517 - INFO - [=================================================================] 38.88K 1m 4s 906ms

2024-08-08 22:24:42,518 - INFO - 

2024-08-08 22:24:42,518 - INFO - 5386.328443 k-mers per position

2024-08-08 22:24:42,518 - INFO - 6 DB matches per sequence

2024-08-08 22:24:42,518 - INFO - 0 overflows

2024-08-08 22:24:42,518 - INFO - 0 queries produce too many hits (truncated result)

2024-08-08 22:24:42,518 - INFO - 0 sequences passed prefiltering per query sequence

2024-08-08 22:24:42,518 - INFO - 0 median result list length

2024-08-08 22:24:42,518 - INFO - 32915 sequences with 0 size result lists

2024-08-08 22:24:42,518 - INFO - Time for merging to pref_0: 0h 0m 0s 22ms

2024-08-08 22:24:42,518 - INFO - Time for processing: 0h 1m 5s 554ms

2024-08-08 22:24:42,608 - INFO - align /data/yangy34/database/pharokka/phrogs_profile_db phage_pharokka/GCA_015343595.1_651|1-2051/target_dir/target_seqs phage_pharokka/GCA_015343595.1_651|1-2051/tmp_dir//10756456617292660269/pref_0 phage_pharokka/GCA_015343595.1_651|1-2051/mmseqs/results_mmseqs --sub-mat nucl:nucleotide.out,aa:blosum62.out -a 0 --alignment-mode 2 --alignment-output-mode 0 --wrapped-scoring 0 -e 1e-05 --min-seq-id 0 --min-aln-len 0 --seq-id-mode 0 --alt-ali 0 -c 0 --cov-mode 0 --max-seq-len 65535 --comp-bias-corr 1 --max-rejected 2147483647 --max-accept 2147483647 --add-self-matches 0 --db-load-mode 0 --pca 1 --pcb 1.5 --score-bias 0 --realign 0 --realign-score-bias -0.2 --realign-max-seqs 2147483647 --gap-open nucl:5,aa:11 --gap-extend nucl:2,aa:1 --zdrop 40 --threads 32 --compressed 0 -v 3 

2024-08-08 22:24:42,609 - INFO - 

2024-08-08 22:24:42,609 - INFO - Compute score and coverage

2024-08-08 22:24:42,609 - INFO - Query database size: 38880 type: Profile

2024-08-08 22:24:42,609 - INFO - Target database size: 5 type: Aminoacid

2024-08-08 22:24:42,609 - INFO - Calculation of alignments

2024-08-08 22:24:42,835 - INFO - [=================================================================] 38.88K 0s 220ms

2024-08-08 22:24:42,836 - INFO - Time for merging to results_mmseqs: 0h 0m 0s 20ms

2024-08-08 22:24:42,836 - INFO - 6740 alignments calculated

2024-08-08 22:24:42,836 - INFO - 0 sequence pairs passed the thresholds (0.000000 of overall calculated)

2024-08-08 22:24:42,836 - INFO - 0.000000 hits per query sequence

2024-08-08 22:24:42,836 - INFO - Time for processing: 0h 0m 0s 311ms

2024-08-08 22:24:42,962 - INFO - createtsv /data/yangy34/database/pharokka/phrogs_profile_db phage_pharokka/GCA_015343595.1_651|1-2051/target_dir/target_seqs phage_pharokka/GCA_015343595.1_651|1-2051/mmseqs/results_mmseqs phage_pharokka/GCA_015343595.1_651|1-2051/mmseqs_results.tsv --full-header --threads 32 

2024-08-08 22:24:42,962 - INFO - 

2024-08-08 22:24:42,962 - INFO - MMseqs Version:                 	13.45111

2024-08-08 22:24:42,962 - INFO - First sequence as representative	false

2024-08-08 22:24:42,962 - INFO - Target column                   	1

2024-08-08 22:24:42,962 - INFO - Add full header                 	true

2024-08-08 22:24:42,962 - INFO - Sequence source                 	0

2024-08-08 22:24:42,962 - INFO - Database output                 	false

2024-08-08 22:24:42,962 - INFO - Threads                         	32

2024-08-08 22:24:42,963 - INFO - Compressed                      	0

2024-08-08 22:24:42,963 - INFO - Verbosity                       	3

2024-08-08 22:24:42,963 - INFO - 

2024-08-08 22:24:42,963 - INFO - Time for merging to mmseqs_results.tsv: 0h 0m 0s 26ms

2024-08-08 22:24:42,963 - INFO - Time for processing: 0h 0m 0s 118ms

2024-08-08 22:24:42,993 - INFO - Running mmseqs2 on CARD.
2024-08-08 22:24:43,052 - INFO - createdb phage_pharokka/GCA_015343595.1_651|1-2051/phanotate_aas_tmp.fasta phage_pharokka/GCA_015343595.1_651|1-2051/CARD_target_dir/target_seqs 

2024-08-08 22:24:43,052 - INFO - 

2024-08-08 22:24:43,052 - INFO - MMseqs Version:       	13.45111

2024-08-08 22:24:43,052 - INFO - Database type         	0

2024-08-08 22:24:43,052 - INFO - Shuffle input database	true

2024-08-08 22:24:43,052 - INFO - Createdb mode         	0

2024-08-08 22:24:43,052 - INFO - Write lookup file     	1

2024-08-08 22:24:43,052 - INFO - Offset of numeric ids 	0

2024-08-08 22:24:43,052 - INFO - Compressed            	0

2024-08-08 22:24:43,052 - INFO - Verbosity             	3

2024-08-08 22:24:43,052 - INFO - 

2024-08-08 22:24:43,052 - INFO - Converting sequences

2024-08-08 22:24:43,052 - INFO - [

2024-08-08 22:24:43,053 - INFO - Time for merging to target_seqs_h: 0h 0m 0s 7ms

2024-08-08 22:24:43,053 - INFO - Time for merging to target_seqs: 0h 0m 0s 19ms

2024-08-08 22:24:43,053 - INFO - Database type: Aminoacid

2024-08-08 22:24:43,053 - INFO - Time for processing: 0h 0m 0s 54ms

2024-08-08 22:24:43,059 - INFO - Create directory phage_pharokka/GCA_015343595.1_651|1-2051/CARD_tmp_dir/

2024-08-08 22:24:43,059 - INFO - search --min-seq-id 0.8 -c 0.4 /data/yangy34/database/pharokka/CARD phage_pharokka/GCA_015343595.1_651|1-2051/CARD_target_dir/target_seqs phage_pharokka/GCA_015343595.1_651|1-2051/CARD/results_CARD phage_pharokka/GCA_015343595.1_651|1-2051/CARD_tmp_dir/ -s 8.5 --threads 32 

2024-08-08 22:24:43,059 - INFO - 

2024-08-08 22:24:43,059 - INFO - MMseqs Version:                        	13.45111

2024-08-08 22:24:43,059 - INFO - Substitution matrix                    	nucl:nucleotide.out,aa:blosum62.out

2024-08-08 22:24:43,059 - INFO - Add backtrace                          	false

2024-08-08 22:24:43,059 - INFO - Alignment mode                         	2

2024-08-08 22:24:43,059 - INFO - Alignment mode                         	0

2024-08-08 22:24:43,059 - INFO - Allow wrapped scoring                  	false

2024-08-08 22:24:43,059 - INFO - E-value threshold                      	0.001

2024-08-08 22:24:43,059 - INFO - Seq. id. threshold                     	0.8

2024-08-08 22:24:43,059 - INFO - Min alignment length                   	0

2024-08-08 22:24:43,059 - INFO - Seq. id. mode                          	0

2024-08-08 22:24:43,060 - INFO - Alternative alignments                 	0

2024-08-08 22:24:43,060 - INFO - Coverage threshold                     	0.4

2024-08-08 22:24:43,060 - INFO - Coverage mode                          	0

2024-08-08 22:24:43,060 - INFO - Max sequence length                    	65535

2024-08-08 22:24:43,060 - INFO - Compositional bias                     	1

2024-08-08 22:24:43,060 - INFO - Max reject                             	2147483647

2024-08-08 22:24:43,060 - INFO - Max accept                             	2147483647

2024-08-08 22:24:43,060 - INFO - Include identical seq. id.             	false

2024-08-08 22:24:43,060 - INFO - Preload mode                           	0

2024-08-08 22:24:43,060 - INFO - Pseudo count a                         	1

2024-08-08 22:24:43,060 - INFO - Pseudo count b                         	1.5

2024-08-08 22:24:43,060 - INFO - Score bias                             	0

2024-08-08 22:24:43,060 - INFO - Realign hits                           	false

2024-08-08 22:24:43,060 - INFO - Realign score bias                     	-0.2

2024-08-08 22:24:43,060 - INFO - Realign max seqs                       	2147483647

2024-08-08 22:24:43,060 - INFO - Gap open cost                          	nucl:5,aa:11

2024-08-08 22:24:43,060 - INFO - Gap extension cost                     	nucl:2,aa:1

2024-08-08 22:24:43,060 - INFO - Zdrop                                  	40

2024-08-08 22:24:43,060 - INFO - Threads                                	32

2024-08-08 22:24:43,060 - INFO - Compressed                             	0

2024-08-08 22:24:43,060 - INFO - Verbosity                              	3

2024-08-08 22:24:43,060 - INFO - Seed substitution matrix               	nucl:nucleotide.out,aa:VTML80.out

2024-08-08 22:24:43,060 - INFO - Sensitivity                            	8.5

2024-08-08 22:24:43,060 - INFO - k-mer length                           	0

2024-08-08 22:24:43,060 - INFO - k-score                                	2147483647

2024-08-08 22:24:43,060 - INFO - Alphabet size                          	nucl:5,aa:21

2024-08-08 22:24:43,060 - INFO - Max results per query                  	300

2024-08-08 22:24:43,061 - INFO - Split database                         	0

2024-08-08 22:24:43,061 - INFO - Split mode                             	2

2024-08-08 22:24:43,061 - INFO - Split memory limit                     	0

2024-08-08 22:24:43,061 - INFO - Diagonal scoring                       	true

2024-08-08 22:24:43,061 - INFO - Exact k-mer matching                   	0

2024-08-08 22:24:43,061 - INFO - Mask residues                          	1

2024-08-08 22:24:43,061 - INFO - Mask lower case residues               	0

2024-08-08 22:24:43,061 - INFO - Minimum diagonal score                 	15

2024-08-08 22:24:43,061 - INFO - Spaced k-mers                          	1

2024-08-08 22:24:43,061 - INFO - Spaced k-mer pattern                   	

2024-08-08 22:24:43,061 - INFO - Local temporary path                   	

2024-08-08 22:24:43,061 - INFO - Rescore mode                           	0

2024-08-08 22:24:43,061 - INFO - Remove hits by seq. id. and coverage   	false

2024-08-08 22:24:43,061 - INFO - Sort results                           	0

2024-08-08 22:24:43,061 - INFO - Mask profile                           	1

2024-08-08 22:24:43,061 - INFO - Profile E-value threshold              	0.1

2024-08-08 22:24:43,061 - INFO - Global sequence weighting              	false

2024-08-08 22:24:43,061 - INFO - Allow deletions                        	false

2024-08-08 22:24:43,061 - INFO - Filter MSA                             	1

2024-08-08 22:24:43,061 - INFO - Maximum seq. id. threshold             	0.9

2024-08-08 22:24:43,061 - INFO - Minimum seq. id.                       	0

2024-08-08 22:24:43,061 - INFO - Minimum score per column               	-20

2024-08-08 22:24:43,061 - INFO - Minimum coverage                       	0

2024-08-08 22:24:43,061 - INFO - Select N most diverse seqs             	1000

2024-08-08 22:24:43,061 - INFO - Min codons in orf                      	30

2024-08-08 22:24:43,061 - INFO - Max codons in length                   	32734

2024-08-08 22:24:43,061 - INFO - Max orf gaps                           	2147483647

2024-08-08 22:24:43,062 - INFO - Contig start mode                      	2

2024-08-08 22:24:43,062 - INFO - Contig end mode                        	2

2024-08-08 22:24:43,062 - INFO - Orf start mode                         	1

2024-08-08 22:24:43,062 - INFO - Forward frames                         	1,2,3

2024-08-08 22:24:43,062 - INFO - Reverse frames                         	1,2,3

2024-08-08 22:24:43,062 - INFO - Translation table                      	1

2024-08-08 22:24:43,062 - INFO - Translate orf                          	0

2024-08-08 22:24:43,062 - INFO - Use all table starts                   	false

2024-08-08 22:24:43,062 - INFO - Offset of numeric ids                  	0

2024-08-08 22:24:43,062 - INFO - Create lookup                          	0

2024-08-08 22:24:43,062 - INFO - Add orf stop                           	false

2024-08-08 22:24:43,062 - INFO - Overlap between sequences              	0

2024-08-08 22:24:43,062 - INFO - Sequence split mode                    	1

2024-08-08 22:24:43,062 - INFO - Header split mode                      	0

2024-08-08 22:24:43,062 - INFO - Chain overlapping alignments           	0

2024-08-08 22:24:43,062 - INFO - Merge query                            	1

2024-08-08 22:24:43,062 - INFO - Search type                            	0

2024-08-08 22:24:43,062 - INFO - Search iterations                      	1

2024-08-08 22:24:43,062 - INFO - Start sensitivity                      	4

2024-08-08 22:24:43,062 - INFO - Search steps                           	1

2024-08-08 22:24:43,062 - INFO - Exhaustive search mode                 	false

2024-08-08 22:24:43,062 - INFO - Filter results during exhaustive search	0

2024-08-08 22:24:43,062 - INFO - Strand selection                       	1

2024-08-08 22:24:43,062 - INFO - LCA search mode                        	false

2024-08-08 22:24:43,062 - INFO - Disk space limit                       	0

2024-08-08 22:24:43,062 - INFO - MPI runner                             	

2024-08-08 22:24:43,062 - INFO - Force restart with latest tmp          	false

2024-08-08 22:24:43,063 - INFO - Remove temporary files                 	false

2024-08-08 22:24:43,063 - INFO - 

2024-08-08 22:24:43,223 - INFO - prefilter /data/yangy34/database/pharokka/CARD phage_pharokka/GCA_015343595.1_651|1-2051/CARD_target_dir/target_seqs phage_pharokka/GCA_015343595.1_651|1-2051/CARD_tmp_dir//7070626102311156028/pref_0 --sub-mat nucl:nucleotide.out,aa:blosum62.out --seed-sub-mat nucl:nucleotide.out,aa:VTML80.out -k 0 --k-score 2147483647 --alph-size nucl:5,aa:21 --max-seq-len 65535 --max-seqs 300 --split 0 --split-mode 2 --split-memory-limit 0 -c 0.4 --cov-mode 0 --comp-bias-corr 1 --diag-score 1 --exact-kmer-matching 0 --mask 1 --mask-lower-case 0 --min-ungapped-score 15 --add-self-matches 0 --spaced-kmer-mode 1 --db-load-mode 0 --pca 1 --pcb 1.5 --threads 32 --compressed 0 -v 3 -s 8.5 

2024-08-08 22:24:43,223 - INFO - 

2024-08-08 22:24:43,223 - INFO - Query database size: 4641 type: Aminoacid

2024-08-08 22:24:43,223 - INFO - Estimated memory consumption: 977M

2024-08-08 22:24:43,223 - INFO - Target database size: 5 type: Aminoacid

2024-08-08 22:24:43,223 - INFO - Index table k-mer threshold: 87 at k-mer size 6 

2024-08-08 22:24:43,223 - INFO - Index table: counting k-mers

2024-08-08 22:24:43,348 - INFO - [=================================================================] 5 0s 4ms

2024-08-08 22:24:43,348 - INFO - Index table: Masked residues: 0

2024-08-08 22:24:43,348 - INFO - Index table: fill

2024-08-08 22:24:43,816 - INFO - [=================================================================] 5 0s 1ms

2024-08-08 22:24:43,816 - INFO - Index statistics

2024-08-08 22:24:43,816 - INFO - Entries:          508

2024-08-08 22:24:43,816 - INFO - DB size:          488 MB

2024-08-08 22:24:43,816 - INFO - Avg k-mer size:   0.000008

2024-08-08 22:24:43,816 - INFO - Top 10 k-mers

2024-08-08 22:24:43,816 - INFO -     TPELAA	1

2024-08-08 22:24:43,816 - INFO -     ILQQAA	1

2024-08-08 22:24:43,816 - INFO -     GNKRAA	1

2024-08-08 22:24:43,816 - INFO -     SGESAA	1

2024-08-08 22:24:43,816 - INFO -     LTSWAA	1

2024-08-08 22:24:43,816 - INFO -     YQIQDA	1

2024-08-08 22:24:43,816 - INFO -     CEEHEA	1

2024-08-08 22:24:43,816 - INFO -     LVASHA	1

2024-08-08 22:24:43,817 - INFO -     LGFEIA	1

2024-08-08 22:24:43,817 - INFO -     QIKIIA	1

2024-08-08 22:24:43,817 - INFO - Time for index table init: 0h 0m 0s 424ms

2024-08-08 22:24:43,817 - INFO - Process prefiltering step 1 of 1

2024-08-08 22:24:43,817 - INFO - 

2024-08-08 22:24:43,817 - INFO - k-mer similarity threshold: 87

2024-08-08 22:24:43,817 - INFO - Starting prefiltering scores calculation (step 1 of 1)

2024-08-08 22:24:43,817 - INFO - Query db start 1 to 4641

2024-08-08 22:24:43,817 - INFO - Target db start 1 to 5

2024-08-08 22:24:52,738 - INFO - [=================================================================] 4.64K 8s 953ms

2024-08-08 22:24:52,738 - INFO - 

2024-08-08 22:24:52,738 - INFO - 3883.681631 k-mers per position

2024-08-08 22:24:52,738 - INFO - 10 DB matches per sequence

2024-08-08 22:24:52,738 - INFO - 0 overflows

2024-08-08 22:24:52,738 - INFO - 0 queries produce too many hits (truncated result)

2024-08-08 22:24:52,738 - INFO - 0 sequences passed prefiltering per query sequence

2024-08-08 22:24:52,738 - INFO - 0 median result list length

2024-08-08 22:24:52,738 - INFO - 3458 sequences with 0 size result lists

2024-08-08 22:24:52,738 - INFO - Time for merging to pref_0: 0h 0m 0s 11ms

2024-08-08 22:24:52,738 - INFO - Time for processing: 0h 0m 9s 669ms

2024-08-08 22:24:52,760 - INFO - align /data/yangy34/database/pharokka/CARD phage_pharokka/GCA_015343595.1_651|1-2051/CARD_target_dir/target_seqs phage_pharokka/GCA_015343595.1_651|1-2051/CARD_tmp_dir//7070626102311156028/pref_0 phage_pharokka/GCA_015343595.1_651|1-2051/CARD/results_CARD --sub-mat nucl:nucleotide.out,aa:blosum62.out -a 0 --alignment-mode 2 --alignment-output-mode 0 --wrapped-scoring 0 -e 0.001 --min-seq-id 0.8 --min-aln-len 0 --seq-id-mode 0 --alt-ali 0 -c 0.4 --cov-mode 0 --max-seq-len 65535 --comp-bias-corr 1 --max-rejected 2147483647 --max-accept 2147483647 --add-self-matches 0 --db-load-mode 0 --pca 1 --pcb 1.5 --score-bias 0 --realign 0 --realign-score-bias -0.2 --realign-max-seqs 2147483647 --gap-open nucl:5,aa:11 --gap-extend nucl:2,aa:1 --zdrop 40 --threads 32 --compressed 0 -v 3 

2024-08-08 22:24:52,760 - INFO - 

2024-08-08 22:24:52,761 - INFO - Compute score and coverage

2024-08-08 22:24:52,761 - INFO - Query database size: 4641 type: Aminoacid

2024-08-08 22:24:52,761 - INFO - Target database size: 5 type: Aminoacid

2024-08-08 22:24:52,761 - INFO - Calculation of alignments

2024-08-08 22:24:52,778 - INFO - [=================================================================] 4.64K 0s 10ms

2024-08-08 22:24:52,778 - INFO - Time for merging to results_CARD: 0h 0m 0s 9ms

2024-08-08 22:24:52,779 - INFO - 858 alignments calculated

2024-08-08 22:24:52,779 - INFO - 0 sequence pairs passed the thresholds (0.000000 of overall calculated)

2024-08-08 22:24:52,779 - INFO - 0.000000 hits per query sequence

2024-08-08 22:24:52,779 - INFO - Time for processing: 0h 0m 0s 34ms

2024-08-08 22:24:52,848 - INFO - createtsv /data/yangy34/database/pharokka/CARD phage_pharokka/GCA_015343595.1_651|1-2051/CARD_target_dir/target_seqs phage_pharokka/GCA_015343595.1_651|1-2051/CARD/results_CARD phage_pharokka/GCA_015343595.1_651|1-2051/CARD_results.tsv --full-header --threads 32 

2024-08-08 22:24:52,848 - INFO - 

2024-08-08 22:24:52,848 - INFO - MMseqs Version:                 	13.45111

2024-08-08 22:24:52,848 - INFO - First sequence as representative	false

2024-08-08 22:24:52,848 - INFO - Target column                   	1

2024-08-08 22:24:52,848 - INFO - Add full header                 	true

2024-08-08 22:24:52,848 - INFO - Sequence source                 	0

2024-08-08 22:24:52,848 - INFO - Database output                 	false

2024-08-08 22:24:52,848 - INFO - Threads                         	32

2024-08-08 22:24:52,848 - INFO - Compressed                      	0

2024-08-08 22:24:52,848 - INFO - Verbosity                       	3

2024-08-08 22:24:52,848 - INFO - 

2024-08-08 22:24:52,849 - INFO - Time for merging to CARD_results.tsv: 0h 0m 0s 12ms

2024-08-08 22:24:52,849 - INFO - Time for processing: 0h 0m 0s 63ms

2024-08-08 22:24:52,852 - INFO - Running mmseqs2 on vfdb.
2024-08-08 22:24:52,972 - INFO - createdb phage_pharokka/GCA_015343595.1_651|1-2051/phanotate_aas_tmp.fasta phage_pharokka/GCA_015343595.1_651|1-2051/vfdb_target_dir/target_seqs 

2024-08-08 22:24:52,972 - INFO - 

2024-08-08 22:24:52,972 - INFO - MMseqs Version:       	13.45111

2024-08-08 22:24:52,972 - INFO - Database type         	0

2024-08-08 22:24:52,972 - INFO - Shuffle input database	true

2024-08-08 22:24:52,972 - INFO - Createdb mode         	0

2024-08-08 22:24:52,972 - INFO - Write lookup file     	1

2024-08-08 22:24:52,972 - INFO - Offset of numeric ids 	0

2024-08-08 22:24:52,972 - INFO - Compressed            	0

2024-08-08 22:24:52,972 - INFO - Verbosity             	3

2024-08-08 22:24:52,972 - INFO - 

2024-08-08 22:24:52,972 - INFO - Converting sequences

2024-08-08 22:24:52,972 - INFO - [

2024-08-08 22:24:52,972 - INFO - Time for merging to target_seqs_h: 0h 0m 0s 65ms

2024-08-08 22:24:52,972 - INFO - Time for merging to target_seqs: 0h 0m 0s 21ms

2024-08-08 22:24:52,972 - INFO - Database type: Aminoacid

2024-08-08 22:24:52,972 - INFO - Time for processing: 0h 0m 0s 114ms

2024-08-08 22:24:52,980 - INFO - Create directory phage_pharokka/GCA_015343595.1_651|1-2051/vfdb_tmp_dir/

2024-08-08 22:24:52,980 - INFO - search --min-seq-id 0.8 -c 0.4 /data/yangy34/database/pharokka/vfdb phage_pharokka/GCA_015343595.1_651|1-2051/vfdb_target_dir/target_seqs phage_pharokka/GCA_015343595.1_651|1-2051/vfdb/results_vfdb phage_pharokka/GCA_015343595.1_651|1-2051/vfdb_tmp_dir/ -s 8.5 --threads 32 

2024-08-08 22:24:52,980 - INFO - 

2024-08-08 22:24:52,980 - INFO - MMseqs Version:                        	13.45111

2024-08-08 22:24:52,980 - INFO - Substitution matrix                    	nucl:nucleotide.out,aa:blosum62.out

2024-08-08 22:24:52,980 - INFO - Add backtrace                          	false

2024-08-08 22:24:52,980 - INFO - Alignment mode                         	2

2024-08-08 22:24:52,980 - INFO - Alignment mode                         	0

2024-08-08 22:24:52,980 - INFO - Allow wrapped scoring                  	false

2024-08-08 22:24:52,980 - INFO - E-value threshold                      	0.001

2024-08-08 22:24:52,980 - INFO - Seq. id. threshold                     	0.8

2024-08-08 22:24:52,980 - INFO - Min alignment length                   	0

2024-08-08 22:24:52,980 - INFO - Seq. id. mode                          	0

2024-08-08 22:24:52,980 - INFO - Alternative alignments                 	0

2024-08-08 22:24:52,980 - INFO - Coverage threshold                     	0.4

2024-08-08 22:24:52,980 - INFO - Coverage mode                          	0

2024-08-08 22:24:52,980 - INFO - Max sequence length                    	65535

2024-08-08 22:24:52,980 - INFO - Compositional bias                     	1

2024-08-08 22:24:52,980 - INFO - Max reject                             	2147483647

2024-08-08 22:24:52,980 - INFO - Max accept                             	2147483647

2024-08-08 22:24:52,981 - INFO - Include identical seq. id.             	false

2024-08-08 22:24:52,981 - INFO - Preload mode                           	0

2024-08-08 22:24:52,981 - INFO - Pseudo count a                         	1

2024-08-08 22:24:52,981 - INFO - Pseudo count b                         	1.5

2024-08-08 22:24:52,981 - INFO - Score bias                             	0

2024-08-08 22:24:52,981 - INFO - Realign hits                           	false

2024-08-08 22:24:52,981 - INFO - Realign score bias                     	-0.2

2024-08-08 22:24:52,981 - INFO - Realign max seqs                       	2147483647

2024-08-08 22:24:52,981 - INFO - Gap open cost                          	nucl:5,aa:11

2024-08-08 22:24:52,981 - INFO - Gap extension cost                     	nucl:2,aa:1

2024-08-08 22:24:52,981 - INFO - Zdrop                                  	40

2024-08-08 22:24:52,981 - INFO - Threads                                	32

2024-08-08 22:24:52,981 - INFO - Compressed                             	0

2024-08-08 22:24:52,981 - INFO - Verbosity                              	3

2024-08-08 22:24:52,981 - INFO - Seed substitution matrix               	nucl:nucleotide.out,aa:VTML80.out

2024-08-08 22:24:52,981 - INFO - Sensitivity                            	8.5

2024-08-08 22:24:52,981 - INFO - k-mer length                           	0

2024-08-08 22:24:52,981 - INFO - k-score                                	2147483647

2024-08-08 22:24:52,981 - INFO - Alphabet size                          	nucl:5,aa:21

2024-08-08 22:24:52,981 - INFO - Max results per query                  	300

2024-08-08 22:24:52,981 - INFO - Split database                         	0

2024-08-08 22:24:52,981 - INFO - Split mode                             	2

2024-08-08 22:24:52,981 - INFO - Split memory limit                     	0

2024-08-08 22:24:52,981 - INFO - Diagonal scoring                       	true

2024-08-08 22:24:52,981 - INFO - Exact k-mer matching                   	0

2024-08-08 22:24:52,982 - INFO - Mask residues                          	1

2024-08-08 22:24:52,982 - INFO - Mask lower case residues               	0

2024-08-08 22:24:52,982 - INFO - Minimum diagonal score                 	15

2024-08-08 22:24:52,982 - INFO - Spaced k-mers                          	1

2024-08-08 22:24:52,982 - INFO - Spaced k-mer pattern                   	

2024-08-08 22:24:52,982 - INFO - Local temporary path                   	

2024-08-08 22:24:52,982 - INFO - Rescore mode                           	0

2024-08-08 22:24:52,982 - INFO - Remove hits by seq. id. and coverage   	false

2024-08-08 22:24:52,982 - INFO - Sort results                           	0

2024-08-08 22:24:52,982 - INFO - Mask profile                           	1

2024-08-08 22:24:52,982 - INFO - Profile E-value threshold              	0.1

2024-08-08 22:24:52,982 - INFO - Global sequence weighting              	false

2024-08-08 22:24:52,982 - INFO - Allow deletions                        	false

2024-08-08 22:24:52,982 - INFO - Filter MSA                             	1

2024-08-08 22:24:52,982 - INFO - Maximum seq. id. threshold             	0.9

2024-08-08 22:24:52,982 - INFO - Minimum seq. id.                       	0

2024-08-08 22:24:52,982 - INFO - Minimum score per column               	-20

2024-08-08 22:24:52,982 - INFO - Minimum coverage                       	0

2024-08-08 22:24:52,982 - INFO - Select N most diverse seqs             	1000

2024-08-08 22:24:52,982 - INFO - Min codons in orf                      	30

2024-08-08 22:24:52,982 - INFO - Max codons in length                   	32734

2024-08-08 22:24:52,982 - INFO - Max orf gaps                           	2147483647

2024-08-08 22:24:52,982 - INFO - Contig start mode                      	2

2024-08-08 22:24:52,982 - INFO - Contig end mode                        	2

2024-08-08 22:24:52,982 - INFO - Orf start mode                         	1

2024-08-08 22:24:52,982 - INFO - Forward frames                         	1,2,3

2024-08-08 22:24:52,983 - INFO - Reverse frames                         	1,2,3

2024-08-08 22:24:52,983 - INFO - Translation table                      	1

2024-08-08 22:24:52,983 - INFO - Translate orf                          	0

2024-08-08 22:24:52,983 - INFO - Use all table starts                   	false

2024-08-08 22:24:52,983 - INFO - Offset of numeric ids                  	0

2024-08-08 22:24:52,983 - INFO - Create lookup                          	0

2024-08-08 22:24:52,983 - INFO - Add orf stop                           	false

2024-08-08 22:24:52,983 - INFO - Overlap between sequences              	0

2024-08-08 22:24:52,983 - INFO - Sequence split mode                    	1

2024-08-08 22:24:52,983 - INFO - Header split mode                      	0

2024-08-08 22:24:52,983 - INFO - Chain overlapping alignments           	0

2024-08-08 22:24:52,983 - INFO - Merge query                            	1

2024-08-08 22:24:52,983 - INFO - Search type                            	0

2024-08-08 22:24:52,983 - INFO - Search iterations                      	1

2024-08-08 22:24:52,983 - INFO - Start sensitivity                      	4

2024-08-08 22:24:52,983 - INFO - Search steps                           	1

2024-08-08 22:24:52,983 - INFO - Exhaustive search mode                 	false

2024-08-08 22:24:52,983 - INFO - Filter results during exhaustive search	0

2024-08-08 22:24:52,983 - INFO - Strand selection                       	1

2024-08-08 22:24:52,983 - INFO - LCA search mode                        	false

2024-08-08 22:24:52,983 - INFO - Disk space limit                       	0

2024-08-08 22:24:52,983 - INFO - MPI runner                             	

2024-08-08 22:24:52,983 - INFO - Force restart with latest tmp          	false

2024-08-08 22:24:52,983 - INFO - Remove temporary files                 	false

2024-08-08 22:24:52,983 - INFO - 

2024-08-08 22:24:53,133 - INFO - prefilter /data/yangy34/database/pharokka/vfdb phage_pharokka/GCA_015343595.1_651|1-2051/vfdb_target_dir/target_seqs phage_pharokka/GCA_015343595.1_651|1-2051/vfdb_tmp_dir//16123185844050403292/pref_0 --sub-mat nucl:nucleotide.out,aa:blosum62.out --seed-sub-mat nucl:nucleotide.out,aa:VTML80.out -k 0 --k-score 2147483647 --alph-size nucl:5,aa:21 --max-seq-len 65535 --max-seqs 300 --split 0 --split-mode 2 --split-memory-limit 0 -c 0.4 --cov-mode 0 --comp-bias-corr 1 --diag-score 1 --exact-kmer-matching 0 --mask 1 --mask-lower-case 0 --min-ungapped-score 15 --add-self-matches 0 --spaced-kmer-mode 1 --db-load-mode 0 --pca 1 --pcb 1.5 --threads 32 --compressed 0 -v 3 -s 8.5 

2024-08-08 22:24:53,133 - INFO - 

2024-08-08 22:24:53,133 - INFO - Query database size: 27504 type: Aminoacid

2024-08-08 22:24:53,133 - INFO - Estimated memory consumption: 977M

2024-08-08 22:24:53,134 - INFO - Target database size: 5 type: Aminoacid

2024-08-08 22:24:53,134 - INFO - Index table k-mer threshold: 87 at k-mer size 6 

2024-08-08 22:24:53,134 - INFO - Index table: counting k-mers

2024-08-08 22:24:53,259 - INFO - [=================================================================] 5 0s 2ms

2024-08-08 22:24:53,260 - INFO - Index table: Masked residues: 0

2024-08-08 22:24:53,260 - INFO - Index table: fill

2024-08-08 22:24:54,590 - INFO - [=================================================================] 5 0s 0ms

2024-08-08 22:24:54,591 - INFO - Index statistics

2024-08-08 22:24:54,591 - INFO - Entries:          508

2024-08-08 22:24:54,591 - INFO - DB size:          488 MB

2024-08-08 22:24:54,591 - INFO - Avg k-mer size:   0.000008

2024-08-08 22:24:54,591 - INFO - Top 10 k-mers

2024-08-08 22:24:54,591 - INFO -     TPELAA	1

2024-08-08 22:24:54,591 - INFO -     ILQQAA	1

2024-08-08 22:24:54,591 - INFO -     GNKRAA	1

2024-08-08 22:24:54,591 - INFO -     SGESAA	1

2024-08-08 22:24:54,591 - INFO -     LTSWAA	1

2024-08-08 22:24:54,591 - INFO -     YQIQDA	1

2024-08-08 22:24:54,591 - INFO -     CEEHEA	1

2024-08-08 22:24:54,591 - INFO -     LVASHA	1

2024-08-08 22:24:54,591 - INFO -     LGFEIA	1

2024-08-08 22:24:54,591 - INFO -     QIKIIA	1

2024-08-08 22:24:54,592 - INFO - Time for index table init: 0h 0m 0s 430ms

2024-08-08 22:24:54,592 - INFO - Process prefiltering step 1 of 1

2024-08-08 22:24:54,592 - INFO - 

2024-08-08 22:24:54,592 - INFO - k-mer similarity threshold: 87

2024-08-08 22:24:54,592 - INFO - Starting prefiltering scores calculation (step 1 of 1)

2024-08-08 22:24:54,592 - INFO - Query db start 1 to 27504

2024-08-08 22:24:54,592 - INFO - Target db start 1 to 5

2024-08-08 22:25:59,406 - INFO - [=================================================================] 27.50K 1m 5s 329ms

2024-08-08 22:25:59,406 - INFO - 

2024-08-08 22:25:59,406 - INFO - 3159.764157 k-mers per position

2024-08-08 22:25:59,406 - INFO - 13 DB matches per sequence

2024-08-08 22:25:59,407 - INFO - 0 overflows

2024-08-08 22:25:59,407 - INFO - 0 queries produce too many hits (truncated result)

2024-08-08 22:25:59,407 - INFO - 0 sequences passed prefiltering per query sequence

2024-08-08 22:25:59,407 - INFO - 0 median result list length

2024-08-08 22:25:59,407 - INFO - 20947 sequences with 0 size result lists

2024-08-08 22:25:59,407 - INFO - Time for merging to pref_0: 0h 0m 0s 21ms

2024-08-08 22:25:59,407 - INFO - Time for processing: 0h 1m 6s 419ms

2024-08-08 22:25:59,442 - INFO - align /data/yangy34/database/pharokka/vfdb phage_pharokka/GCA_015343595.1_651|1-2051/vfdb_target_dir/target_seqs phage_pharokka/GCA_015343595.1_651|1-2051/vfdb_tmp_dir//16123185844050403292/pref_0 phage_pharokka/GCA_015343595.1_651|1-2051/vfdb/results_vfdb --sub-mat nucl:nucleotide.out,aa:blosum62.out -a 0 --alignment-mode 2 --alignment-output-mode 0 --wrapped-scoring 0 -e 0.001 --min-seq-id 0.8 --min-aln-len 0 --seq-id-mode 0 --alt-ali 0 -c 0.4 --cov-mode 0 --max-seq-len 65535 --comp-bias-corr 1 --max-rejected 2147483647 --max-accept 2147483647 --add-self-matches 0 --db-load-mode 0 --pca 1 --pcb 1.5 --score-bias 0 --realign 0 --realign-score-bias -0.2 --realign-max-seqs 2147483647 --gap-open nucl:5,aa:11 --gap-extend nucl:2,aa:1 --zdrop 40 --threads 32 --compressed 0 -v 3 

2024-08-08 22:25:59,443 - INFO - 

2024-08-08 22:25:59,443 - INFO - Compute score and coverage

2024-08-08 22:25:59,443 - INFO - Query database size: 27504 type: Aminoacid

2024-08-08 22:25:59,443 - INFO - Target database size: 5 type: Aminoacid

2024-08-08 22:25:59,443 - INFO - Calculation of alignments

2024-08-08 22:25:59,487 - INFO - [=================================================================] 27.50K 0s 26ms

2024-08-08 22:25:59,487 - INFO - Time for merging to results_vfdb: 0h 0m 0s 16ms

2024-08-08 22:25:59,487 - INFO - 2524 alignments calculated

2024-08-08 22:25:59,488 - INFO - 0 sequence pairs passed the thresholds (0.000000 of overall calculated)

2024-08-08 22:25:59,488 - INFO - 0.000000 hits per query sequence

2024-08-08 22:25:59,488 - INFO - Time for processing: 0h 0m 0s 73ms

2024-08-08 22:25:59,580 - INFO - createtsv /data/yangy34/database/pharokka/vfdb phage_pharokka/GCA_015343595.1_651|1-2051/vfdb_target_dir/target_seqs phage_pharokka/GCA_015343595.1_651|1-2051/vfdb/results_vfdb phage_pharokka/GCA_015343595.1_651|1-2051/vfdb_results.tsv --full-header --threads 32 

2024-08-08 22:25:59,580 - INFO - 

2024-08-08 22:25:59,580 - INFO - MMseqs Version:                 	13.45111

2024-08-08 22:25:59,580 - INFO - First sequence as representative	false

2024-08-08 22:25:59,580 - INFO - Target column                   	1

2024-08-08 22:25:59,580 - INFO - Add full header                 	true

2024-08-08 22:25:59,580 - INFO - Sequence source                 	0

2024-08-08 22:25:59,580 - INFO - Database output                 	false

2024-08-08 22:25:59,580 - INFO - Threads                         	32

2024-08-08 22:25:59,580 - INFO - Compressed                      	0

2024-08-08 22:25:59,581 - INFO - Verbosity                       	3

2024-08-08 22:25:59,581 - INFO - 

2024-08-08 22:25:59,581 - INFO - Time for merging to vfdb_results.tsv: 0h 0m 0s 21ms

2024-08-08 22:25:59,581 - INFO - Time for processing: 0h 0m 0s 86ms

2024-08-08 22:25:59,604 - INFO - Post Processing Output.
2024-08-08 22:25:59,891 - INFO - Converting gff to genbank.
2024-08-08 22:25:59,897 - WARNING - /gpfs/gsfs12/users/yangy34/softwares/mambaforge/envs/pharokka-env/lib/python3.10/site-packages/Bio/SeqIO/InsdcIO.py:728: BiopythonWarning: Increasing length of locus line to allow long name. This will result in fields that are not in usual positions.
  warnings.warn(

2024-08-08 22:25:59,911 - INFO - Finding the closest match for each contig in INPHARED using mash.
2024-08-08 22:25:59,931 - INFO - Sketching GCA_015343595.1_53_phages/GCA_015343595.1_651_1_2051_prophage.fasta...

2024-08-08 22:25:59,932 - INFO - Writing to phage_pharokka/GCA_015343595.1_651|1-2051/input_mash_sketch.msh...

2024-08-08 22:26:01,347 - INFO - pharokka has finished
2024-08-08 22:26:01,347 - INFO - Elapsed time: 149.97 seconds
2024-08-08 22:26:01,347 - INFO - If you use pharokka in your research, please cite:
2024-08-08 22:26:01,347 - INFO - George Bouras, Roshan Nepal, Ghais Houtak, Alkis James Psaltis, Peter-John Wormald, Sarah Vreugde.
2024-08-08 22:26:01,347 - INFO - Pharokka: a fast scalable bacteriophage annotation tool.
2024-08-08 22:26:01,347 - INFO - Bioinformatics, Volume 39, Issue 1, January 2023, btac776.
2024-08-08 22:26:01,347 - INFO - https://doi.org/10.1093/bioinformatics/btac776.
2024-08-08 22:26:01,347 - INFO - You should also cite the full list of tools pharokka uses, which can be found at https://github.com/gbouras13/pharokka#citation.
