2024-08-08 22:17:15,574 - INFO - Starting pharokka v1.3.2
2024-08-08 22:17:15,574 - INFO - Input args: Namespace(infile='GCA_015343595.1_53_phages/GCA_015343595.1_118_3_1029_prophage.fasta', outdir='phage_pharokka/GCA_015343595.1_118|3-1029', database='/data/yangy34/database/pharokka', threads='32', force=False, prefix='Default', locustag='Default', gene_predictor='phanotate', meta=False, split=False, coding_table='11', evalue='1E-05', terminase=False, terminase_strand='nothing', terminase_start='nothing', citation=False)
2024-08-08 22:17:15,574 - INFO - Checking database installation.
2024-08-08 22:17:15,590 - INFO - All databases have been successfully checked.
2024-08-08 22:17:15,590 - INFO - Checking dependencies.
2024-08-08 22:17:16,593 - INFO - phan_out version found is v1.5.1.
2024-08-08 22:17:16,593 - INFO - Phanotate version is ok.
2024-08-08 22:17:16,651 - INFO - MMseqs2 version found is v13.45111.
2024-08-08 22:17:16,651 - INFO - MMseqs2 version is ok.
2024-08-08 22:17:17,522 - INFO - tRNAscan-SE version found is v2.45111.11.
2024-08-08 22:17:17,522 - INFO - tRNAscan-SE version is ok.
2024-08-08 22:17:18,196 - INFO - MinCED version found is v0.4.2.
2024-08-08 22:17:18,197 - INFO - MinCED version is ok.
2024-08-08 22:17:18,211 - INFO - ARAGORN version found is v1.2.41.
2024-08-08 22:17:18,211 - INFO - ARAGORN version is ok.
2024-08-08 22:17:18,293 - INFO - mash version found is v2.2.
2024-08-08 22:17:18,293 - INFO - mash version is ok.
2024-08-08 22:17:18,526 - INFO - Running Phanotate.
2024-08-08 22:17:20,590 - INFO - Translating gene predicted fastas.
2024-08-08 22:17:20,606 - INFO - Starting tRNA-scanSE
2024-08-08 22:17:20,742 - INFO - 

2024-08-08 22:17:20,742 - INFO - tRNAscan-SE v.2.0.11 (Oct 2022) - scan sequences for transfer RNAs

2024-08-08 22:17:20,742 - INFO - Copyright (C) 2022 Patricia Chan and Todd Lowe

2024-08-08 22:17:20,742 - INFO -                    University of California Santa Cruz

2024-08-08 22:17:20,742 - INFO - Freely distributed under the GNU General Public License (GPLv3)

2024-08-08 22:17:20,742 - INFO - 

2024-08-08 22:17:20,742 - INFO - ------------------------------------------------------------

2024-08-08 22:17:20,742 - INFO - Sequence file(s) to search:        GCA_015343595.1_53_phages/GCA_015343595.1_118_3_1029_prophage.fasta

2024-08-08 22:17:20,742 - INFO - Search Mode:                       General

2024-08-08 22:17:20,742 - INFO - Results written to:                Standard output

2024-08-08 22:17:20,742 - INFO - Output format:                     Tabular

2024-08-08 22:17:20,742 - INFO - Searching with:                    Infernal single-pass scan

2024-08-08 22:17:20,742 - INFO -                                    Fast mode

2024-08-08 22:17:20,742 - INFO - Covariance model:                  /gpfs/gsfs12/users/yangy34/softwares/mambaforge/envs/pharokka-env/lib/tRNAscan-SE/models/TRNAinf.cm

2024-08-08 22:17:20,742 - INFO - 

2024-08-08 22:17:20,742 - INFO - Temporary directory:               /tmp

2024-08-08 22:17:20,742 - INFO - tRNA predictions saved to:         phage_pharokka/GCA_015343595.1_118|3-1029/trnascan_out.gff

2024-08-08 22:17:20,743 - INFO - ------------------------------------------------------------

2024-08-08 22:17:20,743 - INFO - 

2024-08-08 22:17:20,845 - INFO - No tRNAs found.

2024-08-08 22:17:20,845 - INFO - 

2024-08-08 22:17:20,858 - INFO - Running MinCED.
2024-08-08 22:17:21,036 - INFO - Running Aragorn.
2024-08-08 22:17:21,039 - INFO - Starting MMseqs2.
2024-08-08 22:17:21,039 - INFO - Running MMseqs2 on PHROGs Database.
2024-08-08 22:17:21,139 - INFO - createdb phage_pharokka/GCA_015343595.1_118|3-1029/phanotate_aas_tmp.fasta phage_pharokka/GCA_015343595.1_118|3-1029/target_dir/target_seqs 

2024-08-08 22:17:21,139 - INFO - 

2024-08-08 22:17:21,139 - INFO - MMseqs Version:       	13.45111

2024-08-08 22:17:21,140 - INFO - Database type         	0

2024-08-08 22:17:21,140 - INFO - Shuffle input database	true

2024-08-08 22:17:21,140 - INFO - Createdb mode         	0

2024-08-08 22:17:21,141 - INFO - Write lookup file     	1

2024-08-08 22:17:21,141 - INFO - Offset of numeric ids 	0

2024-08-08 22:17:21,141 - INFO - Compressed            	0

2024-08-08 22:17:21,141 - INFO - Verbosity             	3

2024-08-08 22:17:21,141 - INFO - 

2024-08-08 22:17:21,141 - INFO - Converting sequences

2024-08-08 22:17:21,141 - INFO - [

2024-08-08 22:17:21,141 - INFO - Time for merging to target_seqs_h: 0h 0m 0s 20ms

2024-08-08 22:17:21,141 - INFO - Time for merging to target_seqs: 0h 0m 0s 19ms

2024-08-08 22:17:21,141 - INFO - Database type: Aminoacid

2024-08-08 22:17:21,141 - INFO - Time for processing: 0h 0m 0s 89ms

2024-08-08 22:17:21,149 - INFO - Create directory phage_pharokka/GCA_015343595.1_118|3-1029/tmp_dir/

2024-08-08 22:17:21,149 - INFO - search -e 1E-05 /data/yangy34/database/pharokka/phrogs_profile_db phage_pharokka/GCA_015343595.1_118|3-1029/target_dir/target_seqs phage_pharokka/GCA_015343595.1_118|3-1029/mmseqs/results_mmseqs phage_pharokka/GCA_015343595.1_118|3-1029/tmp_dir/ -s 8.5 --threads 32 

2024-08-08 22:17:21,149 - INFO - 

2024-08-08 22:17:21,150 - INFO - MMseqs Version:                        	13.45111

2024-08-08 22:17:21,150 - INFO - Substitution matrix                    	nucl:nucleotide.out,aa:blosum62.out

2024-08-08 22:17:21,150 - INFO - Add backtrace                          	false

2024-08-08 22:17:21,150 - INFO - Alignment mode                         	2

2024-08-08 22:17:21,150 - INFO - Alignment mode                         	0

2024-08-08 22:17:21,150 - INFO - Allow wrapped scoring                  	false

2024-08-08 22:17:21,150 - INFO - E-value threshold                      	1e-05

2024-08-08 22:17:21,150 - INFO - Seq. id. threshold                     	0

2024-08-08 22:17:21,150 - INFO - Min alignment length                   	0

2024-08-08 22:17:21,150 - INFO - Seq. id. mode                          	0

2024-08-08 22:17:21,150 - INFO - Alternative alignments                 	0

2024-08-08 22:17:21,150 - INFO - Coverage threshold                     	0

2024-08-08 22:17:21,150 - INFO - Coverage mode                          	0

2024-08-08 22:17:21,150 - INFO - Max sequence length                    	65535

2024-08-08 22:17:21,150 - INFO - Compositional bias                     	1

2024-08-08 22:17:21,150 - INFO - Max reject                             	2147483647

2024-08-08 22:17:21,150 - INFO - Max accept                             	2147483647

2024-08-08 22:17:21,150 - INFO - Include identical seq. id.             	false

2024-08-08 22:17:21,150 - INFO - Preload mode                           	0

2024-08-08 22:17:21,150 - INFO - Pseudo count a                         	1

2024-08-08 22:17:21,151 - INFO - Pseudo count b                         	1.5

2024-08-08 22:17:21,151 - INFO - Score bias                             	0

2024-08-08 22:17:21,151 - INFO - Realign hits                           	false

2024-08-08 22:17:21,151 - INFO - Realign score bias                     	-0.2

2024-08-08 22:17:21,151 - INFO - Realign max seqs                       	2147483647

2024-08-08 22:17:21,151 - INFO - Gap open cost                          	nucl:5,aa:11

2024-08-08 22:17:21,151 - INFO - Gap extension cost                     	nucl:2,aa:1

2024-08-08 22:17:21,151 - INFO - Zdrop                                  	40

2024-08-08 22:17:21,151 - INFO - Threads                                	32

2024-08-08 22:17:21,151 - INFO - Compressed                             	0

2024-08-08 22:17:21,151 - INFO - Verbosity                              	3

2024-08-08 22:17:21,151 - INFO - Seed substitution matrix               	nucl:nucleotide.out,aa:VTML80.out

2024-08-08 22:17:21,151 - INFO - Sensitivity                            	8.5

2024-08-08 22:17:21,151 - INFO - k-mer length                           	0

2024-08-08 22:17:21,151 - INFO - k-score                                	2147483647

2024-08-08 22:17:21,151 - INFO - Alphabet size                          	nucl:5,aa:21

2024-08-08 22:17:21,151 - INFO - Max results per query                  	300

2024-08-08 22:17:21,151 - INFO - Split database                         	0

2024-08-08 22:17:21,151 - INFO - Split mode                             	2

2024-08-08 22:17:21,151 - INFO - Split memory limit                     	0

2024-08-08 22:17:21,151 - INFO - Diagonal scoring                       	true

2024-08-08 22:17:21,151 - INFO - Exact k-mer matching                   	0

2024-08-08 22:17:21,151 - INFO - Mask residues                          	1

2024-08-08 22:17:21,151 - INFO - Mask lower case residues               	0

2024-08-08 22:17:21,151 - INFO - Minimum diagonal score                 	15

2024-08-08 22:17:21,151 - INFO - Spaced k-mers                          	1

2024-08-08 22:17:21,151 - INFO - Spaced k-mer pattern                   	

2024-08-08 22:17:21,152 - INFO - Local temporary path                   	

2024-08-08 22:17:21,152 - INFO - Rescore mode                           	0

2024-08-08 22:17:21,152 - INFO - Remove hits by seq. id. and coverage   	false

2024-08-08 22:17:21,152 - INFO - Sort results                           	0

2024-08-08 22:17:21,152 - INFO - Mask profile                           	1

2024-08-08 22:17:21,152 - INFO - Profile E-value threshold              	0.1

2024-08-08 22:17:21,152 - INFO - Global sequence weighting              	false

2024-08-08 22:17:21,152 - INFO - Allow deletions                        	false

2024-08-08 22:17:21,152 - INFO - Filter MSA                             	1

2024-08-08 22:17:21,152 - INFO - Maximum seq. id. threshold             	0.9

2024-08-08 22:17:21,152 - INFO - Minimum seq. id.                       	0

2024-08-08 22:17:21,152 - INFO - Minimum score per column               	-20

2024-08-08 22:17:21,152 - INFO - Minimum coverage                       	0

2024-08-08 22:17:21,152 - INFO - Select N most diverse seqs             	1000

2024-08-08 22:17:21,152 - INFO - Min codons in orf                      	30

2024-08-08 22:17:21,152 - INFO - Max codons in length                   	32734

2024-08-08 22:17:21,152 - INFO - Max orf gaps                           	2147483647

2024-08-08 22:17:21,152 - INFO - Contig start mode                      	2

2024-08-08 22:17:21,152 - INFO - Contig end mode                        	2

2024-08-08 22:17:21,152 - INFO - Orf start mode                         	1

2024-08-08 22:17:21,152 - INFO - Forward frames                         	1,2,3

2024-08-08 22:17:21,152 - INFO - Reverse frames                         	1,2,3

2024-08-08 22:17:21,152 - INFO - Translation table                      	1

2024-08-08 22:17:21,152 - INFO - Translate orf                          	0

2024-08-08 22:17:21,152 - INFO - Use all table starts                   	false

2024-08-08 22:17:21,152 - INFO - Offset of numeric ids                  	0

2024-08-08 22:17:21,152 - INFO - Create lookup                          	0

2024-08-08 22:17:21,152 - INFO - Add orf stop                           	false

2024-08-08 22:17:21,153 - INFO - Overlap between sequences              	0

2024-08-08 22:17:21,153 - INFO - Sequence split mode                    	1

2024-08-08 22:17:21,153 - INFO - Header split mode                      	0

2024-08-08 22:17:21,153 - INFO - Chain overlapping alignments           	0

2024-08-08 22:17:21,153 - INFO - Merge query                            	1

2024-08-08 22:17:21,153 - INFO - Search type                            	0

2024-08-08 22:17:21,153 - INFO - Search iterations                      	1

2024-08-08 22:17:21,153 - INFO - Start sensitivity                      	4

2024-08-08 22:17:21,153 - INFO - Search steps                           	1

2024-08-08 22:17:21,153 - INFO - Exhaustive search mode                 	false

2024-08-08 22:17:21,153 - INFO - Filter results during exhaustive search	0

2024-08-08 22:17:21,153 - INFO - Strand selection                       	1

2024-08-08 22:17:21,153 - INFO - LCA search mode                        	false

2024-08-08 22:17:21,153 - INFO - Disk space limit                       	0

2024-08-08 22:17:21,153 - INFO - MPI runner                             	

2024-08-08 22:17:21,153 - INFO - Force restart with latest tmp          	false

2024-08-08 22:17:21,153 - INFO - Remove temporary files                 	false

2024-08-08 22:17:21,153 - INFO - 

2024-08-08 22:17:21,312 - INFO - prefilter /data/yangy34/database/pharokka/phrogs_profile_db phage_pharokka/GCA_015343595.1_118|3-1029/target_dir/target_seqs phage_pharokka/GCA_015343595.1_118|3-1029/tmp_dir//9168940006024798065/pref_0 --sub-mat nucl:nucleotide.out,aa:blosum62.out --seed-sub-mat nucl:nucleotide.out,aa:VTML80.out -k 0 --k-score 2147483647 --alph-size nucl:5,aa:21 --max-seq-len 65535 --max-seqs 300 --split 0 --split-mode 2 --split-memory-limit 0 -c 0 --cov-mode 0 --comp-bias-corr 1 --diag-score 1 --exact-kmer-matching 0 --mask 1 --mask-lower-case 0 --min-ungapped-score 15 --add-self-matches 0 --spaced-kmer-mode 1 --db-load-mode 0 --pca 1 --pcb 1.5 --threads 32 --compressed 0 -v 3 -s 8.5 

2024-08-08 22:17:21,312 - INFO - 

2024-08-08 22:17:21,312 - INFO - Query database size: 38880 type: Profile

2024-08-08 22:17:21,312 - INFO - Estimated memory consumption: 488M

2024-08-08 22:17:21,312 - INFO - Target database size: 4 type: Aminoacid

2024-08-08 22:17:21,312 - INFO - Index table k-mer threshold: 0 at k-mer size 6 

2024-08-08 22:17:21,312 - INFO - Index table: counting k-mers

2024-08-08 22:17:21,435 - INFO - [=================================================================] 4 0s 2ms

2024-08-08 22:17:21,435 - INFO - Index table: Masked residues: 40

2024-08-08 22:17:21,435 - INFO - Index table: fill

2024-08-08 22:17:22,585 - INFO - [=================================================================] 4 0s 0ms

2024-08-08 22:17:22,586 - INFO - Index statistics

2024-08-08 22:17:22,586 - INFO - Entries:          226

2024-08-08 22:17:22,586 - INFO - DB size:          488 MB

2024-08-08 22:17:22,586 - INFO - Avg k-mer size:   0.000004

2024-08-08 22:17:22,586 - INFO - Top 10 k-mers

2024-08-08 22:17:22,586 - INFO -     MSHSAA	1

2024-08-08 22:17:22,586 - INFO -     QATPDA	1

2024-08-08 22:17:22,586 - INFO -     NQNSEA	1

2024-08-08 22:17:22,586 - INFO -     LDRAGA	1

2024-08-08 22:17:22,586 - INFO -     LTQGGA	1

2024-08-08 22:17:22,586 - INFO -     MASLGA	1

2024-08-08 22:17:22,586 - INFO -     RASLGA	1

2024-08-08 22:17:22,586 - INFO -     VAGYKA	1

2024-08-08 22:17:22,586 - INFO -     PNDKLA	1

2024-08-08 22:17:22,586 - INFO -     GATKLA	1

2024-08-08 22:17:22,587 - INFO - Time for index table init: 0h 0m 0s 421ms

2024-08-08 22:17:22,587 - INFO - Process prefiltering step 1 of 1

2024-08-08 22:17:22,587 - INFO - 

2024-08-08 22:17:22,587 - INFO - k-mer similarity threshold: 81

2024-08-08 22:17:22,587 - INFO - Starting prefiltering scores calculation (step 1 of 1)

2024-08-08 22:17:22,587 - INFO - Query db start 1 to 38880

2024-08-08 22:17:22,587 - INFO - Target db start 1 to 4

2024-08-08 22:18:26,834 - INFO - [=================================================================] 38.88K 1m 5s 18ms

2024-08-08 22:18:26,834 - INFO - 

2024-08-08 22:18:26,834 - INFO - 5386.328443 k-mers per position

2024-08-08 22:18:26,834 - INFO - 2 DB matches per sequence

2024-08-08 22:18:26,834 - INFO - 0 overflows

2024-08-08 22:18:26,834 - INFO - 0 queries produce too many hits (truncated result)

2024-08-08 22:18:26,834 - INFO - 0 sequences passed prefiltering per query sequence

2024-08-08 22:18:26,834 - INFO - 0 median result list length

2024-08-08 22:18:26,834 - INFO - 36105 sequences with 0 size result lists

2024-08-08 22:18:26,834 - INFO - Time for merging to pref_0: 0h 0m 0s 22ms

2024-08-08 22:18:26,834 - INFO - Time for processing: 0h 1m 5s 676ms

2024-08-08 22:18:26,910 - INFO - align /data/yangy34/database/pharokka/phrogs_profile_db phage_pharokka/GCA_015343595.1_118|3-1029/target_dir/target_seqs phage_pharokka/GCA_015343595.1_118|3-1029/tmp_dir//9168940006024798065/pref_0 phage_pharokka/GCA_015343595.1_118|3-1029/mmseqs/results_mmseqs --sub-mat nucl:nucleotide.out,aa:blosum62.out -a 0 --alignment-mode 2 --alignment-output-mode 0 --wrapped-scoring 0 -e 1e-05 --min-seq-id 0 --min-aln-len 0 --seq-id-mode 0 --alt-ali 0 -c 0 --cov-mode 0 --max-seq-len 65535 --comp-bias-corr 1 --max-rejected 2147483647 --max-accept 2147483647 --add-self-matches 0 --db-load-mode 0 --pca 1 --pcb 1.5 --score-bias 0 --realign 0 --realign-score-bias -0.2 --realign-max-seqs 2147483647 --gap-open nucl:5,aa:11 --gap-extend nucl:2,aa:1 --zdrop 40 --threads 32 --compressed 0 -v 3 

2024-08-08 22:18:26,910 - INFO - 

2024-08-08 22:18:26,910 - INFO - Compute score and coverage

2024-08-08 22:18:26,910 - INFO - Query database size: 38880 type: Profile

2024-08-08 22:18:26,910 - INFO - Target database size: 4 type: Aminoacid

2024-08-08 22:18:26,910 - INFO - Calculation of alignments

2024-08-08 22:18:27,072 - INFO - [=================================================================] 38.88K 0s 146ms

2024-08-08 22:18:27,072 - INFO - Time for merging to results_mmseqs: 0h 0m 0s 20ms

2024-08-08 22:18:27,072 - INFO - 2974 alignments calculated

2024-08-08 22:18:27,073 - INFO - 2 sequence pairs passed the thresholds (0.000672 of overall calculated)

2024-08-08 22:18:27,073 - INFO - 0.000051 hits per query sequence

2024-08-08 22:18:27,073 - INFO - Time for processing: 0h 0m 0s 232ms

2024-08-08 22:18:27,209 - INFO - createtsv /data/yangy34/database/pharokka/phrogs_profile_db phage_pharokka/GCA_015343595.1_118|3-1029/target_dir/target_seqs phage_pharokka/GCA_015343595.1_118|3-1029/mmseqs/results_mmseqs phage_pharokka/GCA_015343595.1_118|3-1029/mmseqs_results.tsv --full-header --threads 32 

2024-08-08 22:18:27,209 - INFO - 

2024-08-08 22:18:27,209 - INFO - MMseqs Version:                 	13.45111

2024-08-08 22:18:27,209 - INFO - First sequence as representative	false

2024-08-08 22:18:27,209 - INFO - Target column                   	1

2024-08-08 22:18:27,209 - INFO - Add full header                 	true

2024-08-08 22:18:27,209 - INFO - Sequence source                 	0

2024-08-08 22:18:27,210 - INFO - Database output                 	false

2024-08-08 22:18:27,210 - INFO - Threads                         	32

2024-08-08 22:18:27,210 - INFO - Compressed                      	0

2024-08-08 22:18:27,210 - INFO - Verbosity                       	3

2024-08-08 22:18:27,210 - INFO - 

2024-08-08 22:18:27,210 - INFO - Time for merging to mmseqs_results.tsv: 0h 0m 0s 28ms

2024-08-08 22:18:27,210 - INFO - Time for processing: 0h 0m 0s 128ms

2024-08-08 22:18:27,236 - INFO - Running mmseqs2 on CARD.
2024-08-08 22:18:27,294 - INFO - createdb phage_pharokka/GCA_015343595.1_118|3-1029/phanotate_aas_tmp.fasta phage_pharokka/GCA_015343595.1_118|3-1029/CARD_target_dir/target_seqs 

2024-08-08 22:18:27,294 - INFO - 

2024-08-08 22:18:27,294 - INFO - MMseqs Version:       	13.45111

2024-08-08 22:18:27,295 - INFO - Database type         	0

2024-08-08 22:18:27,295 - INFO - Shuffle input database	true

2024-08-08 22:18:27,295 - INFO - Createdb mode         	0

2024-08-08 22:18:27,295 - INFO - Write lookup file     	1

2024-08-08 22:18:27,295 - INFO - Offset of numeric ids 	0

2024-08-08 22:18:27,295 - INFO - Compressed            	0

2024-08-08 22:18:27,295 - INFO - Verbosity             	3

2024-08-08 22:18:27,295 - INFO - 

2024-08-08 22:18:27,295 - INFO - Converting sequences

2024-08-08 22:18:27,295 - INFO - [

2024-08-08 22:18:27,295 - INFO - Time for merging to target_seqs_h: 0h 0m 0s 6ms

2024-08-08 22:18:27,295 - INFO - Time for merging to target_seqs: 0h 0m 0s 19ms

2024-08-08 22:18:27,295 - INFO - Database type: Aminoacid

2024-08-08 22:18:27,295 - INFO - Time for processing: 0h 0m 0s 54ms

2024-08-08 22:18:27,304 - INFO - Create directory phage_pharokka/GCA_015343595.1_118|3-1029/CARD_tmp_dir/

2024-08-08 22:18:27,304 - INFO - search --min-seq-id 0.8 -c 0.4 /data/yangy34/database/pharokka/CARD phage_pharokka/GCA_015343595.1_118|3-1029/CARD_target_dir/target_seqs phage_pharokka/GCA_015343595.1_118|3-1029/CARD/results_CARD phage_pharokka/GCA_015343595.1_118|3-1029/CARD_tmp_dir/ -s 8.5 --threads 32 

2024-08-08 22:18:27,304 - INFO - 

2024-08-08 22:18:27,304 - INFO - MMseqs Version:                        	13.45111

2024-08-08 22:18:27,304 - INFO - Substitution matrix                    	nucl:nucleotide.out,aa:blosum62.out

2024-08-08 22:18:27,304 - INFO - Add backtrace                          	false

2024-08-08 22:18:27,304 - INFO - Alignment mode                         	2

2024-08-08 22:18:27,304 - INFO - Alignment mode                         	0

2024-08-08 22:18:27,305 - INFO - Allow wrapped scoring                  	false

2024-08-08 22:18:27,305 - INFO - E-value threshold                      	0.001

2024-08-08 22:18:27,305 - INFO - Seq. id. threshold                     	0.8

2024-08-08 22:18:27,305 - INFO - Min alignment length                   	0

2024-08-08 22:18:27,305 - INFO - Seq. id. mode                          	0

2024-08-08 22:18:27,305 - INFO - Alternative alignments                 	0

2024-08-08 22:18:27,305 - INFO - Coverage threshold                     	0.4

2024-08-08 22:18:27,305 - INFO - Coverage mode                          	0

2024-08-08 22:18:27,305 - INFO - Max sequence length                    	65535

2024-08-08 22:18:27,305 - INFO - Compositional bias                     	1

2024-08-08 22:18:27,305 - INFO - Max reject                             	2147483647

2024-08-08 22:18:27,305 - INFO - Max accept                             	2147483647

2024-08-08 22:18:27,305 - INFO - Include identical seq. id.             	false

2024-08-08 22:18:27,305 - INFO - Preload mode                           	0

2024-08-08 22:18:27,305 - INFO - Pseudo count a                         	1

2024-08-08 22:18:27,305 - INFO - Pseudo count b                         	1.5

2024-08-08 22:18:27,305 - INFO - Score bias                             	0

2024-08-08 22:18:27,305 - INFO - Realign hits                           	false

2024-08-08 22:18:27,305 - INFO - Realign score bias                     	-0.2

2024-08-08 22:18:27,305 - INFO - Realign max seqs                       	2147483647

2024-08-08 22:18:27,305 - INFO - Gap open cost                          	nucl:5,aa:11

2024-08-08 22:18:27,305 - INFO - Gap extension cost                     	nucl:2,aa:1

2024-08-08 22:18:27,305 - INFO - Zdrop                                  	40

2024-08-08 22:18:27,305 - INFO - Threads                                	32

2024-08-08 22:18:27,305 - INFO - Compressed                             	0

2024-08-08 22:18:27,305 - INFO - Verbosity                              	3

2024-08-08 22:18:27,305 - INFO - Seed substitution matrix               	nucl:nucleotide.out,aa:VTML80.out

2024-08-08 22:18:27,306 - INFO - Sensitivity                            	8.5

2024-08-08 22:18:27,306 - INFO - k-mer length                           	0

2024-08-08 22:18:27,306 - INFO - k-score                                	2147483647

2024-08-08 22:18:27,306 - INFO - Alphabet size                          	nucl:5,aa:21

2024-08-08 22:18:27,306 - INFO - Max results per query                  	300

2024-08-08 22:18:27,306 - INFO - Split database                         	0

2024-08-08 22:18:27,306 - INFO - Split mode                             	2

2024-08-08 22:18:27,306 - INFO - Split memory limit                     	0

2024-08-08 22:18:27,306 - INFO - Diagonal scoring                       	true

2024-08-08 22:18:27,306 - INFO - Exact k-mer matching                   	0

2024-08-08 22:18:27,306 - INFO - Mask residues                          	1

2024-08-08 22:18:27,306 - INFO - Mask lower case residues               	0

2024-08-08 22:18:27,306 - INFO - Minimum diagonal score                 	15

2024-08-08 22:18:27,306 - INFO - Spaced k-mers                          	1

2024-08-08 22:18:27,306 - INFO - Spaced k-mer pattern                   	

2024-08-08 22:18:27,306 - INFO - Local temporary path                   	

2024-08-08 22:18:27,306 - INFO - Rescore mode                           	0

2024-08-08 22:18:27,306 - INFO - Remove hits by seq. id. and coverage   	false

2024-08-08 22:18:27,306 - INFO - Sort results                           	0

2024-08-08 22:18:27,306 - INFO - Mask profile                           	1

2024-08-08 22:18:27,306 - INFO - Profile E-value threshold              	0.1

2024-08-08 22:18:27,306 - INFO - Global sequence weighting              	false

2024-08-08 22:18:27,306 - INFO - Allow deletions                        	false

2024-08-08 22:18:27,306 - INFO - Filter MSA                             	1

2024-08-08 22:18:27,306 - INFO - Maximum seq. id. threshold             	0.9

2024-08-08 22:18:27,306 - INFO - Minimum seq. id.                       	0

2024-08-08 22:18:27,306 - INFO - Minimum score per column               	-20

2024-08-08 22:18:27,307 - INFO - Minimum coverage                       	0

2024-08-08 22:18:27,307 - INFO - Select N most diverse seqs             	1000

2024-08-08 22:18:27,307 - INFO - Min codons in orf                      	30

2024-08-08 22:18:27,307 - INFO - Max codons in length                   	32734

2024-08-08 22:18:27,307 - INFO - Max orf gaps                           	2147483647

2024-08-08 22:18:27,307 - INFO - Contig start mode                      	2

2024-08-08 22:18:27,307 - INFO - Contig end mode                        	2

2024-08-08 22:18:27,307 - INFO - Orf start mode                         	1

2024-08-08 22:18:27,307 - INFO - Forward frames                         	1,2,3

2024-08-08 22:18:27,307 - INFO - Reverse frames                         	1,2,3

2024-08-08 22:18:27,307 - INFO - Translation table                      	1

2024-08-08 22:18:27,307 - INFO - Translate orf                          	0

2024-08-08 22:18:27,307 - INFO - Use all table starts                   	false

2024-08-08 22:18:27,307 - INFO - Offset of numeric ids                  	0

2024-08-08 22:18:27,307 - INFO - Create lookup                          	0

2024-08-08 22:18:27,307 - INFO - Add orf stop                           	false

2024-08-08 22:18:27,307 - INFO - Overlap between sequences              	0

2024-08-08 22:18:27,307 - INFO - Sequence split mode                    	1

2024-08-08 22:18:27,307 - INFO - Header split mode                      	0

2024-08-08 22:18:27,307 - INFO - Chain overlapping alignments           	0

2024-08-08 22:18:27,307 - INFO - Merge query                            	1

2024-08-08 22:18:27,307 - INFO - Search type                            	0

2024-08-08 22:18:27,307 - INFO - Search iterations                      	1

2024-08-08 22:18:27,307 - INFO - Start sensitivity                      	4

2024-08-08 22:18:27,307 - INFO - Search steps                           	1

2024-08-08 22:18:27,307 - INFO - Exhaustive search mode                 	false

2024-08-08 22:18:27,307 - INFO - Filter results during exhaustive search	0

2024-08-08 22:18:27,308 - INFO - Strand selection                       	1

2024-08-08 22:18:27,308 - INFO - LCA search mode                        	false

2024-08-08 22:18:27,308 - INFO - Disk space limit                       	0

2024-08-08 22:18:27,308 - INFO - MPI runner                             	

2024-08-08 22:18:27,308 - INFO - Force restart with latest tmp          	false

2024-08-08 22:18:27,308 - INFO - Remove temporary files                 	false

2024-08-08 22:18:27,308 - INFO - 

2024-08-08 22:18:27,470 - INFO - prefilter /data/yangy34/database/pharokka/CARD phage_pharokka/GCA_015343595.1_118|3-1029/CARD_target_dir/target_seqs phage_pharokka/GCA_015343595.1_118|3-1029/CARD_tmp_dir//16013222917383270693/pref_0 --sub-mat nucl:nucleotide.out,aa:blosum62.out --seed-sub-mat nucl:nucleotide.out,aa:VTML80.out -k 0 --k-score 2147483647 --alph-size nucl:5,aa:21 --max-seq-len 65535 --max-seqs 300 --split 0 --split-mode 2 --split-memory-limit 0 -c 0.4 --cov-mode 0 --comp-bias-corr 1 --diag-score 1 --exact-kmer-matching 0 --mask 1 --mask-lower-case 0 --min-ungapped-score 15 --add-self-matches 0 --spaced-kmer-mode 1 --db-load-mode 0 --pca 1 --pcb 1.5 --threads 32 --compressed 0 -v 3 -s 8.5 

2024-08-08 22:18:27,470 - INFO - 

2024-08-08 22:18:27,470 - INFO - Query database size: 4641 type: Aminoacid

2024-08-08 22:18:27,470 - INFO - Estimated memory consumption: 977M

2024-08-08 22:18:27,470 - INFO - Target database size: 4 type: Aminoacid

2024-08-08 22:18:27,470 - INFO - Index table k-mer threshold: 87 at k-mer size 6 

2024-08-08 22:18:27,470 - INFO - Index table: counting k-mers

2024-08-08 22:18:27,599 - INFO - [=================================================================] 4 0s 5ms

2024-08-08 22:18:27,599 - INFO - Index table: Masked residues: 30

2024-08-08 22:18:27,599 - INFO - Index table: fill

2024-08-08 22:18:28,156 - INFO - [=================================================================] 4 0s 2ms

2024-08-08 22:18:28,156 - INFO - Index statistics

2024-08-08 22:18:28,156 - INFO - Entries:          234

2024-08-08 22:18:28,156 - INFO - DB size:          488 MB

2024-08-08 22:18:28,156 - INFO - Avg k-mer size:   0.000004

2024-08-08 22:18:28,156 - INFO - Top 10 k-mers

2024-08-08 22:18:28,157 - INFO -     MSHSAA	1

2024-08-08 22:18:28,157 - INFO -     QATPDA	1

2024-08-08 22:18:28,157 - INFO -     NQNSEA	1

2024-08-08 22:18:28,157 - INFO -     LDRAGA	1

2024-08-08 22:18:28,157 - INFO -     KRSAGA	1

2024-08-08 22:18:28,157 - INFO -     LTQGGA	1

2024-08-08 22:18:28,157 - INFO -     MASLGA	1

2024-08-08 22:18:28,157 - INFO -     RASLGA	1

2024-08-08 22:18:28,157 - INFO -     VAGYKA	1

2024-08-08 22:18:28,157 - INFO -     PNDKLA	1

2024-08-08 22:18:28,157 - INFO - Time for index table init: 0h 0m 0s 436ms

2024-08-08 22:18:28,157 - INFO - Process prefiltering step 1 of 1

2024-08-08 22:18:28,157 - INFO - 

2024-08-08 22:18:28,157 - INFO - k-mer similarity threshold: 87

2024-08-08 22:18:28,157 - INFO - Starting prefiltering scores calculation (step 1 of 1)

2024-08-08 22:18:28,157 - INFO - Query db start 1 to 4641

2024-08-08 22:18:28,157 - INFO - Target db start 1 to 4

2024-08-08 22:18:36,980 - INFO - [=================================================================] 4.64K 8s 845ms

2024-08-08 22:18:36,980 - INFO - 

2024-08-08 22:18:36,980 - INFO - 3883.681631 k-mers per position

2024-08-08 22:18:36,980 - INFO - 4 DB matches per sequence

2024-08-08 22:18:36,981 - INFO - 0 overflows

2024-08-08 22:18:36,981 - INFO - 0 queries produce too many hits (truncated result)

2024-08-08 22:18:36,981 - INFO - 0 sequences passed prefiltering per query sequence

2024-08-08 22:18:36,981 - INFO - 0 median result list length

2024-08-08 22:18:36,981 - INFO - 4370 sequences with 0 size result lists

2024-08-08 22:18:36,981 - INFO - Time for merging to pref_0: 0h 0m 0s 9ms

2024-08-08 22:18:36,981 - INFO - Time for processing: 0h 0m 9s 668ms

2024-08-08 22:18:37,001 - INFO - align /data/yangy34/database/pharokka/CARD phage_pharokka/GCA_015343595.1_118|3-1029/CARD_target_dir/target_seqs phage_pharokka/GCA_015343595.1_118|3-1029/CARD_tmp_dir//16013222917383270693/pref_0 phage_pharokka/GCA_015343595.1_118|3-1029/CARD/results_CARD --sub-mat nucl:nucleotide.out,aa:blosum62.out -a 0 --alignment-mode 2 --alignment-output-mode 0 --wrapped-scoring 0 -e 0.001 --min-seq-id 0.8 --min-aln-len 0 --seq-id-mode 0 --alt-ali 0 -c 0.4 --cov-mode 0 --max-seq-len 65535 --comp-bias-corr 1 --max-rejected 2147483647 --max-accept 2147483647 --add-self-matches 0 --db-load-mode 0 --pca 1 --pcb 1.5 --score-bias 0 --realign 0 --realign-score-bias -0.2 --realign-max-seqs 2147483647 --gap-open nucl:5,aa:11 --gap-extend nucl:2,aa:1 --zdrop 40 --threads 32 --compressed 0 -v 3 

2024-08-08 22:18:37,001 - INFO - 

2024-08-08 22:18:37,002 - INFO - Compute score and coverage

2024-08-08 22:18:37,002 - INFO - Query database size: 4641 type: Aminoacid

2024-08-08 22:18:37,002 - INFO - Target database size: 4 type: Aminoacid

2024-08-08 22:18:37,002 - INFO - Calculation of alignments

2024-08-08 22:18:37,027 - INFO - ==[===============================================================] 4.64K 0s 12ms

2024-08-08 22:18:37,027 - INFO - Time for merging to results_CARD: 0h 0m 0s 9ms

2024-08-08 22:18:37,027 - INFO - 60 alignments calculated

2024-08-08 22:18:37,027 - INFO - 0 sequence pairs passed the thresholds (0.000000 of overall calculated)

2024-08-08 22:18:37,027 - INFO - 0.000000 hits per query sequence

2024-08-08 22:18:37,027 - INFO - Time for processing: 0h 0m 0s 40ms

2024-08-08 22:18:37,101 - INFO - createtsv /data/yangy34/database/pharokka/CARD phage_pharokka/GCA_015343595.1_118|3-1029/CARD_target_dir/target_seqs phage_pharokka/GCA_015343595.1_118|3-1029/CARD/results_CARD phage_pharokka/GCA_015343595.1_118|3-1029/CARD_results.tsv --full-header --threads 32 

2024-08-08 22:18:37,101 - INFO - 

2024-08-08 22:18:37,101 - INFO - MMseqs Version:                 	13.45111

2024-08-08 22:18:37,101 - INFO - First sequence as representative	false

2024-08-08 22:18:37,101 - INFO - Target column                   	1

2024-08-08 22:18:37,101 - INFO - Add full header                 	true

2024-08-08 22:18:37,101 - INFO - Sequence source                 	0

2024-08-08 22:18:37,101 - INFO - Database output                 	false

2024-08-08 22:18:37,101 - INFO - Threads                         	32

2024-08-08 22:18:37,101 - INFO - Compressed                      	0

2024-08-08 22:18:37,101 - INFO - Verbosity                       	3

2024-08-08 22:18:37,101 - INFO - 

2024-08-08 22:18:37,101 - INFO - Time for merging to CARD_results.tsv: 0h 0m 0s 12ms

2024-08-08 22:18:37,101 - INFO - Time for processing: 0h 0m 0s 68ms

2024-08-08 22:18:37,104 - INFO - Running mmseqs2 on vfdb.
2024-08-08 22:18:37,160 - INFO - createdb phage_pharokka/GCA_015343595.1_118|3-1029/phanotate_aas_tmp.fasta phage_pharokka/GCA_015343595.1_118|3-1029/vfdb_target_dir/target_seqs 

2024-08-08 22:18:37,160 - INFO - 

2024-08-08 22:18:37,160 - INFO - MMseqs Version:       	13.45111

2024-08-08 22:18:37,160 - INFO - Database type         	0

2024-08-08 22:18:37,160 - INFO - Shuffle input database	true

2024-08-08 22:18:37,160 - INFO - Createdb mode         	0

2024-08-08 22:18:37,160 - INFO - Write lookup file     	1

2024-08-08 22:18:37,160 - INFO - Offset of numeric ids 	0

2024-08-08 22:18:37,160 - INFO - Compressed            	0

2024-08-08 22:18:37,160 - INFO - Verbosity             	3

2024-08-08 22:18:37,160 - INFO - 

2024-08-08 22:18:37,160 - INFO - Converting sequences

2024-08-08 22:18:37,160 - INFO - [

2024-08-08 22:18:37,160 - INFO - Time for merging to target_seqs_h: 0h 0m 0s 6ms

2024-08-08 22:18:37,160 - INFO - Time for merging to target_seqs: 0h 0m 0s 19ms

2024-08-08 22:18:37,160 - INFO - Database type: Aminoacid

2024-08-08 22:18:37,160 - INFO - Time for processing: 0h 0m 0s 52ms

2024-08-08 22:18:37,167 - INFO - Create directory phage_pharokka/GCA_015343595.1_118|3-1029/vfdb_tmp_dir/

2024-08-08 22:18:37,167 - INFO - search --min-seq-id 0.8 -c 0.4 /data/yangy34/database/pharokka/vfdb phage_pharokka/GCA_015343595.1_118|3-1029/vfdb_target_dir/target_seqs phage_pharokka/GCA_015343595.1_118|3-1029/vfdb/results_vfdb phage_pharokka/GCA_015343595.1_118|3-1029/vfdb_tmp_dir/ -s 8.5 --threads 32 

2024-08-08 22:18:37,167 - INFO - 

2024-08-08 22:18:37,167 - INFO - MMseqs Version:                        	13.45111

2024-08-08 22:18:37,167 - INFO - Substitution matrix                    	nucl:nucleotide.out,aa:blosum62.out

2024-08-08 22:18:37,167 - INFO - Add backtrace                          	false

2024-08-08 22:18:37,167 - INFO - Alignment mode                         	2

2024-08-08 22:18:37,167 - INFO - Alignment mode                         	0

2024-08-08 22:18:37,167 - INFO - Allow wrapped scoring                  	false

2024-08-08 22:18:37,167 - INFO - E-value threshold                      	0.001

2024-08-08 22:18:37,167 - INFO - Seq. id. threshold                     	0.8

2024-08-08 22:18:37,167 - INFO - Min alignment length                   	0

2024-08-08 22:18:37,167 - INFO - Seq. id. mode                          	0

2024-08-08 22:18:37,167 - INFO - Alternative alignments                 	0

2024-08-08 22:18:37,167 - INFO - Coverage threshold                     	0.4

2024-08-08 22:18:37,167 - INFO - Coverage mode                          	0

2024-08-08 22:18:37,167 - INFO - Max sequence length                    	65535

2024-08-08 22:18:37,167 - INFO - Compositional bias                     	1

2024-08-08 22:18:37,167 - INFO - Max reject                             	2147483647

2024-08-08 22:18:37,168 - INFO - Max accept                             	2147483647

2024-08-08 22:18:37,168 - INFO - Include identical seq. id.             	false

2024-08-08 22:18:37,168 - INFO - Preload mode                           	0

2024-08-08 22:18:37,168 - INFO - Pseudo count a                         	1

2024-08-08 22:18:37,168 - INFO - Pseudo count b                         	1.5

2024-08-08 22:18:37,168 - INFO - Score bias                             	0

2024-08-08 22:18:37,168 - INFO - Realign hits                           	false

2024-08-08 22:18:37,168 - INFO - Realign score bias                     	-0.2

2024-08-08 22:18:37,168 - INFO - Realign max seqs                       	2147483647

2024-08-08 22:18:37,168 - INFO - Gap open cost                          	nucl:5,aa:11

2024-08-08 22:18:37,168 - INFO - Gap extension cost                     	nucl:2,aa:1

2024-08-08 22:18:37,168 - INFO - Zdrop                                  	40

2024-08-08 22:18:37,168 - INFO - Threads                                	32

2024-08-08 22:18:37,168 - INFO - Compressed                             	0

2024-08-08 22:18:37,168 - INFO - Verbosity                              	3

2024-08-08 22:18:37,168 - INFO - Seed substitution matrix               	nucl:nucleotide.out,aa:VTML80.out

2024-08-08 22:18:37,168 - INFO - Sensitivity                            	8.5

2024-08-08 22:18:37,168 - INFO - k-mer length                           	0

2024-08-08 22:18:37,168 - INFO - k-score                                	2147483647

2024-08-08 22:18:37,168 - INFO - Alphabet size                          	nucl:5,aa:21

2024-08-08 22:18:37,168 - INFO - Max results per query                  	300

2024-08-08 22:18:37,168 - INFO - Split database                         	0

2024-08-08 22:18:37,168 - INFO - Split mode                             	2

2024-08-08 22:18:37,168 - INFO - Split memory limit                     	0

2024-08-08 22:18:37,169 - INFO - Diagonal scoring                       	true

2024-08-08 22:18:37,169 - INFO - Exact k-mer matching                   	0

2024-08-08 22:18:37,169 - INFO - Mask residues                          	1

2024-08-08 22:18:37,169 - INFO - Mask lower case residues               	0

2024-08-08 22:18:37,169 - INFO - Minimum diagonal score                 	15

2024-08-08 22:18:37,169 - INFO - Spaced k-mers                          	1

2024-08-08 22:18:37,169 - INFO - Spaced k-mer pattern                   	

2024-08-08 22:18:37,169 - INFO - Local temporary path                   	

2024-08-08 22:18:37,169 - INFO - Rescore mode                           	0

2024-08-08 22:18:37,169 - INFO - Remove hits by seq. id. and coverage   	false

2024-08-08 22:18:37,169 - INFO - Sort results                           	0

2024-08-08 22:18:37,169 - INFO - Mask profile                           	1

2024-08-08 22:18:37,169 - INFO - Profile E-value threshold              	0.1

2024-08-08 22:18:37,169 - INFO - Global sequence weighting              	false

2024-08-08 22:18:37,169 - INFO - Allow deletions                        	false

2024-08-08 22:18:37,169 - INFO - Filter MSA                             	1

2024-08-08 22:18:37,169 - INFO - Maximum seq. id. threshold             	0.9

2024-08-08 22:18:37,169 - INFO - Minimum seq. id.                       	0

2024-08-08 22:18:37,169 - INFO - Minimum score per column               	-20

2024-08-08 22:18:37,169 - INFO - Minimum coverage                       	0

2024-08-08 22:18:37,169 - INFO - Select N most diverse seqs             	1000

2024-08-08 22:18:37,169 - INFO - Min codons in orf                      	30

2024-08-08 22:18:37,169 - INFO - Max codons in length                   	32734

2024-08-08 22:18:37,169 - INFO - Max orf gaps                           	2147483647

2024-08-08 22:18:37,169 - INFO - Contig start mode                      	2

2024-08-08 22:18:37,170 - INFO - Contig end mode                        	2

2024-08-08 22:18:37,170 - INFO - Orf start mode                         	1

2024-08-08 22:18:37,170 - INFO - Forward frames                         	1,2,3

2024-08-08 22:18:37,170 - INFO - Reverse frames                         	1,2,3

2024-08-08 22:18:37,170 - INFO - Translation table                      	1

2024-08-08 22:18:37,170 - INFO - Translate orf                          	0

2024-08-08 22:18:37,170 - INFO - Use all table starts                   	false

2024-08-08 22:18:37,170 - INFO - Offset of numeric ids                  	0

2024-08-08 22:18:37,170 - INFO - Create lookup                          	0

2024-08-08 22:18:37,170 - INFO - Add orf stop                           	false

2024-08-08 22:18:37,170 - INFO - Overlap between sequences              	0

2024-08-08 22:18:37,170 - INFO - Sequence split mode                    	1

2024-08-08 22:18:37,170 - INFO - Header split mode                      	0

2024-08-08 22:18:37,170 - INFO - Chain overlapping alignments           	0

2024-08-08 22:18:37,170 - INFO - Merge query                            	1

2024-08-08 22:18:37,170 - INFO - Search type                            	0

2024-08-08 22:18:37,170 - INFO - Search iterations                      	1

2024-08-08 22:18:37,170 - INFO - Start sensitivity                      	4

2024-08-08 22:18:37,170 - INFO - Search steps                           	1

2024-08-08 22:18:37,170 - INFO - Exhaustive search mode                 	false

2024-08-08 22:18:37,170 - INFO - Filter results during exhaustive search	0

2024-08-08 22:18:37,170 - INFO - Strand selection                       	1

2024-08-08 22:18:37,170 - INFO - LCA search mode                        	false

2024-08-08 22:18:37,170 - INFO - Disk space limit                       	0

2024-08-08 22:18:37,170 - INFO - MPI runner                             	

2024-08-08 22:18:37,170 - INFO - Force restart with latest tmp          	false

2024-08-08 22:18:37,170 - INFO - Remove temporary files                 	false

2024-08-08 22:18:37,171 - INFO - 

2024-08-08 22:18:37,348 - INFO - prefilter /data/yangy34/database/pharokka/vfdb phage_pharokka/GCA_015343595.1_118|3-1029/vfdb_target_dir/target_seqs phage_pharokka/GCA_015343595.1_118|3-1029/vfdb_tmp_dir//1977229634282723462/pref_0 --sub-mat nucl:nucleotide.out,aa:blosum62.out --seed-sub-mat nucl:nucleotide.out,aa:VTML80.out -k 0 --k-score 2147483647 --alph-size nucl:5,aa:21 --max-seq-len 65535 --max-seqs 300 --split 0 --split-mode 2 --split-memory-limit 0 -c 0.4 --cov-mode 0 --comp-bias-corr 1 --diag-score 1 --exact-kmer-matching 0 --mask 1 --mask-lower-case 0 --min-ungapped-score 15 --add-self-matches 0 --spaced-kmer-mode 1 --db-load-mode 0 --pca 1 --pcb 1.5 --threads 32 --compressed 0 -v 3 -s 8.5 

2024-08-08 22:18:37,348 - INFO - 

2024-08-08 22:18:37,348 - INFO - Query database size: 27504 type: Aminoacid

2024-08-08 22:18:37,348 - INFO - Estimated memory consumption: 977M

2024-08-08 22:18:37,348 - INFO - Target database size: 4 type: Aminoacid

2024-08-08 22:18:37,348 - INFO - Index table k-mer threshold: 87 at k-mer size 6 

2024-08-08 22:18:37,348 - INFO - Index table: counting k-mers

2024-08-08 22:18:37,472 - INFO - [=================================================================] 4 0s 4ms

2024-08-08 22:18:37,473 - INFO - Index table: Masked residues: 30

2024-08-08 22:18:37,473 - INFO - Index table: fill

2024-08-08 22:18:38,796 - INFO - [=================================================================] 4 0s 1ms

2024-08-08 22:18:38,796 - INFO - Index statistics

2024-08-08 22:18:38,796 - INFO - Entries:          234

2024-08-08 22:18:38,796 - INFO - DB size:          488 MB

2024-08-08 22:18:38,796 - INFO - Avg k-mer size:   0.000004

2024-08-08 22:18:38,796 - INFO - Top 10 k-mers

2024-08-08 22:18:38,796 - INFO -     MSHSAA	1

2024-08-08 22:18:38,796 - INFO -     QATPDA	1

2024-08-08 22:18:38,796 - INFO -     NQNSEA	1

2024-08-08 22:18:38,796 - INFO -     LDRAGA	1

2024-08-08 22:18:38,796 - INFO -     KRSAGA	1

2024-08-08 22:18:38,797 - INFO -     LTQGGA	1

2024-08-08 22:18:38,797 - INFO -     MASLGA	1

2024-08-08 22:18:38,797 - INFO -     RASLGA	1

2024-08-08 22:18:38,797 - INFO -     VAGYKA	1

2024-08-08 22:18:38,797 - INFO -     PNDKLA	1

2024-08-08 22:18:38,797 - INFO - Time for index table init: 0h 0m 0s 426ms

2024-08-08 22:18:38,797 - INFO - Process prefiltering step 1 of 1

2024-08-08 22:18:38,797 - INFO - 

2024-08-08 22:18:38,797 - INFO - k-mer similarity threshold: 87

2024-08-08 22:18:38,797 - INFO - Starting prefiltering scores calculation (step 1 of 1)

2024-08-08 22:18:38,797 - INFO - Query db start 1 to 27504

2024-08-08 22:18:38,797 - INFO - Target db start 1 to 4

2024-08-08 22:19:43,564 - INFO - [=================================================================] 27.50K 1m 5s 246ms

2024-08-08 22:19:43,564 - INFO - 

2024-08-08 22:19:43,564 - INFO - 3159.764157 k-mers per position

2024-08-08 22:19:43,564 - INFO - 6 DB matches per sequence

2024-08-08 22:19:43,565 - INFO - 0 overflows

2024-08-08 22:19:43,565 - INFO - 0 queries produce too many hits (truncated result)

2024-08-08 22:19:43,565 - INFO - 0 sequences passed prefiltering per query sequence

2024-08-08 22:19:43,565 - INFO - 0 median result list length

2024-08-08 22:19:43,565 - INFO - 24284 sequences with 0 size result lists

2024-08-08 22:19:43,565 - INFO - Time for merging to pref_0: 0h 0m 0s 20ms

2024-08-08 22:19:43,565 - INFO - Time for processing: 0h 1m 6s 389ms

2024-08-08 22:19:43,607 - INFO - align /data/yangy34/database/pharokka/vfdb phage_pharokka/GCA_015343595.1_118|3-1029/vfdb_target_dir/target_seqs phage_pharokka/GCA_015343595.1_118|3-1029/vfdb_tmp_dir//1977229634282723462/pref_0 phage_pharokka/GCA_015343595.1_118|3-1029/vfdb/results_vfdb --sub-mat nucl:nucleotide.out,aa:blosum62.out -a 0 --alignment-mode 2 --alignment-output-mode 0 --wrapped-scoring 0 -e 0.001 --min-seq-id 0.8 --min-aln-len 0 --seq-id-mode 0 --alt-ali 0 -c 0.4 --cov-mode 0 --max-seq-len 65535 --comp-bias-corr 1 --max-rejected 2147483647 --max-accept 2147483647 --add-self-matches 0 --db-load-mode 0 --pca 1 --pcb 1.5 --score-bias 0 --realign 0 --realign-score-bias -0.2 --realign-max-seqs 2147483647 --gap-open nucl:5,aa:11 --gap-extend nucl:2,aa:1 --zdrop 40 --threads 32 --compressed 0 -v 3 

2024-08-08 22:19:43,607 - INFO - 

2024-08-08 22:19:43,607 - INFO - Compute score and coverage

2024-08-08 22:19:43,607 - INFO - Query database size: 27504 type: Aminoacid

2024-08-08 22:19:43,607 - INFO - Target database size: 4 type: Aminoacid

2024-08-08 22:19:43,607 - INFO - Calculation of alignments

2024-08-08 22:19:43,646 - INFO - [=================================================================] 27.50K 0s 17ms

2024-08-08 22:19:43,646 - INFO - Time for merging to results_vfdb: 0h 0m 0s 16ms

2024-08-08 22:19:43,646 - INFO - 461 alignments calculated

2024-08-08 22:19:43,646 - INFO - 0 sequence pairs passed the thresholds (0.000000 of overall calculated)

2024-08-08 22:19:43,646 - INFO - 0.000000 hits per query sequence

2024-08-08 22:19:43,646 - INFO - Time for processing: 0h 0m 0s 73ms

2024-08-08 22:19:43,824 - INFO - createtsv /data/yangy34/database/pharokka/vfdb phage_pharokka/GCA_015343595.1_118|3-1029/vfdb_target_dir/target_seqs phage_pharokka/GCA_015343595.1_118|3-1029/vfdb/results_vfdb phage_pharokka/GCA_015343595.1_118|3-1029/vfdb_results.tsv --full-header --threads 32 

2024-08-08 22:19:43,824 - INFO - 

2024-08-08 22:19:43,824 - INFO - MMseqs Version:                 	13.45111

2024-08-08 22:19:43,824 - INFO - First sequence as representative	false

2024-08-08 22:19:43,824 - INFO - Target column                   	1

2024-08-08 22:19:43,824 - INFO - Add full header                 	true

2024-08-08 22:19:43,824 - INFO - Sequence source                 	0

2024-08-08 22:19:43,824 - INFO - Database output                 	false

2024-08-08 22:19:43,824 - INFO - Threads                         	32

2024-08-08 22:19:43,824 - INFO - Compressed                      	0

2024-08-08 22:19:43,824 - INFO - Verbosity                       	3

2024-08-08 22:19:43,824 - INFO - 

2024-08-08 22:19:43,824 - INFO - Time for merging to vfdb_results.tsv: 0h 0m 0s 22ms

2024-08-08 22:19:43,824 - INFO - Time for processing: 0h 0m 0s 171ms

2024-08-08 22:19:43,839 - INFO - Post Processing Output.
2024-08-08 22:19:44,134 - INFO - Converting gff to genbank.
2024-08-08 22:19:44,139 - WARNING - /gpfs/gsfs12/users/yangy34/softwares/mambaforge/envs/pharokka-env/lib/python3.10/site-packages/Bio/SeqIO/InsdcIO.py:728: BiopythonWarning: Increasing length of locus line to allow long name. This will result in fields that are not in usual positions.
  warnings.warn(

2024-08-08 22:19:44,152 - INFO - Finding the closest match for each contig in INPHARED using mash.
2024-08-08 22:19:44,171 - INFO - Sketching GCA_015343595.1_53_phages/GCA_015343595.1_118_3_1029_prophage.fasta...

2024-08-08 22:19:44,172 - INFO - Writing to phage_pharokka/GCA_015343595.1_118|3-1029/input_mash_sketch.msh...

2024-08-08 22:19:45,617 - INFO - pharokka has finished
2024-08-08 22:19:45,617 - INFO - Elapsed time: 150.07 seconds
2024-08-08 22:19:45,617 - INFO - If you use pharokka in your research, please cite:
2024-08-08 22:19:45,617 - INFO - George Bouras, Roshan Nepal, Ghais Houtak, Alkis James Psaltis, Peter-John Wormald, Sarah Vreugde.
2024-08-08 22:19:45,617 - INFO - Pharokka: a fast scalable bacteriophage annotation tool.
2024-08-08 22:19:45,617 - INFO - Bioinformatics, Volume 39, Issue 1, January 2023, btac776.
2024-08-08 22:19:45,617 - INFO - https://doi.org/10.1093/bioinformatics/btac776.
2024-08-08 22:19:45,617 - INFO - You should also cite the full list of tools pharokka uses, which can be found at https://github.com/gbouras13/pharokka#citation.
