2024-08-08 21:49:14,590 - INFO - Starting pharokka v1.3.2
2024-08-08 21:49:14,590 - INFO - Input args: Namespace(infile='GCA_015343595.1_53_phages/GCA_015343595.1_1122_247_3078_prophage.fasta', outdir='phage_pharokka/GCA_015343595.1_1122|247-3078', database='/data/yangy34/database/pharokka', threads='32', force=False, prefix='Default', locustag='Default', gene_predictor='phanotate', meta=False, split=False, coding_table='11', evalue='1E-05', terminase=False, terminase_strand='nothing', terminase_start='nothing', citation=False)
2024-08-08 21:49:14,591 - INFO - Checking database installation.
2024-08-08 21:49:14,611 - INFO - All databases have been successfully checked.
2024-08-08 21:49:14,611 - INFO - Checking dependencies.
2024-08-08 21:49:15,582 - INFO - phan_out version found is v1.5.1.
2024-08-08 21:49:15,583 - INFO - Phanotate version is ok.
2024-08-08 21:49:15,649 - INFO - MMseqs2 version found is v13.45111.
2024-08-08 21:49:15,649 - INFO - MMseqs2 version is ok.
2024-08-08 21:49:16,574 - INFO - tRNAscan-SE version found is v2.45111.11.
2024-08-08 21:49:16,575 - INFO - tRNAscan-SE version is ok.
2024-08-08 21:49:17,193 - INFO - MinCED version found is v0.4.2.
2024-08-08 21:49:17,193 - INFO - MinCED version is ok.
2024-08-08 21:49:17,214 - INFO - ARAGORN version found is v1.2.41.
2024-08-08 21:49:17,214 - INFO - ARAGORN version is ok.
2024-08-08 21:49:17,272 - INFO - mash version found is v2.2.
2024-08-08 21:49:17,272 - INFO - mash version is ok.
2024-08-08 21:49:17,472 - INFO - Running Phanotate.
2024-08-08 21:49:18,932 - INFO - Translating gene predicted fastas.
2024-08-08 21:49:18,958 - INFO - Starting tRNA-scanSE
2024-08-08 21:49:19,094 - INFO - 

2024-08-08 21:49:19,094 - INFO - tRNAscan-SE v.2.0.11 (Oct 2022) - scan sequences for transfer RNAs

2024-08-08 21:49:19,094 - INFO - Copyright (C) 2022 Patricia Chan and Todd Lowe

2024-08-08 21:49:19,094 - INFO -                    University of California Santa Cruz

2024-08-08 21:49:19,094 - INFO - Freely distributed under the GNU General Public License (GPLv3)

2024-08-08 21:49:19,095 - INFO - 

2024-08-08 21:49:19,095 - INFO - ------------------------------------------------------------

2024-08-08 21:49:19,095 - INFO - Sequence file(s) to search:        GCA_015343595.1_53_phages/GCA_015343595.1_1122_247_3078_prophage.fasta

2024-08-08 21:49:19,095 - INFO - Search Mode:                       General

2024-08-08 21:49:19,095 - INFO - Results written to:                Standard output

2024-08-08 21:49:19,095 - INFO - Output format:                     Tabular

2024-08-08 21:49:19,095 - INFO - Searching with:                    Infernal single-pass scan

2024-08-08 21:49:19,095 - INFO -                                    Fast mode

2024-08-08 21:49:19,095 - INFO - Covariance model:                  /gpfs/gsfs12/users/yangy34/softwares/mambaforge/envs/pharokka-env/lib/tRNAscan-SE/models/TRNAinf.cm

2024-08-08 21:49:19,095 - INFO - 

2024-08-08 21:49:19,095 - INFO - Temporary directory:               /tmp

2024-08-08 21:49:19,095 - INFO - tRNA predictions saved to:         phage_pharokka/GCA_015343595.1_1122|247-3078/trnascan_out.gff

2024-08-08 21:49:19,095 - INFO - ------------------------------------------------------------

2024-08-08 21:49:19,095 - INFO - 

2024-08-08 21:49:19,216 - INFO - No tRNAs found.

2024-08-08 21:49:19,216 - INFO - 

2024-08-08 21:49:19,229 - INFO - Running MinCED.
2024-08-08 21:49:19,369 - INFO - Running Aragorn.
2024-08-08 21:49:19,373 - INFO - Starting MMseqs2.
2024-08-08 21:49:19,373 - INFO - Running MMseqs2 on PHROGs Database.
2024-08-08 21:49:19,468 - INFO - createdb phage_pharokka/GCA_015343595.1_1122|247-3078/phanotate_aas_tmp.fasta phage_pharokka/GCA_015343595.1_1122|247-3078/target_dir/target_seqs 

2024-08-08 21:49:19,468 - INFO - 

2024-08-08 21:49:19,469 - INFO - MMseqs Version:       	13.45111

2024-08-08 21:49:19,469 - INFO - Database type         	0

2024-08-08 21:49:19,469 - INFO - Shuffle input database	true

2024-08-08 21:49:19,470 - INFO - Createdb mode         	0

2024-08-08 21:49:19,470 - INFO - Write lookup file     	1

2024-08-08 21:49:19,470 - INFO - Offset of numeric ids 	0

2024-08-08 21:49:19,470 - INFO - Compressed            	0

2024-08-08 21:49:19,470 - INFO - Verbosity             	3

2024-08-08 21:49:19,470 - INFO - 

2024-08-08 21:49:19,470 - INFO - Converting sequences

2024-08-08 21:49:19,470 - INFO - [

2024-08-08 21:49:19,470 - INFO - Time for merging to target_seqs_h: 0h 0m 0s 23ms

2024-08-08 21:49:19,470 - INFO - Time for merging to target_seqs: 0h 0m 0s 21ms

2024-08-08 21:49:19,470 - INFO - Database type: Aminoacid

2024-08-08 21:49:19,470 - INFO - Time for processing: 0h 0m 0s 88ms

2024-08-08 21:49:19,479 - INFO - Create directory phage_pharokka/GCA_015343595.1_1122|247-3078/tmp_dir/

2024-08-08 21:49:19,479 - INFO - search -e 1E-05 /data/yangy34/database/pharokka/phrogs_profile_db phage_pharokka/GCA_015343595.1_1122|247-3078/target_dir/target_seqs phage_pharokka/GCA_015343595.1_1122|247-3078/mmseqs/results_mmseqs phage_pharokka/GCA_015343595.1_1122|247-3078/tmp_dir/ -s 8.5 --threads 32 

2024-08-08 21:49:19,479 - INFO - 

2024-08-08 21:49:19,480 - INFO - MMseqs Version:                        	13.45111

2024-08-08 21:49:19,480 - INFO - Substitution matrix                    	nucl:nucleotide.out,aa:blosum62.out

2024-08-08 21:49:19,480 - INFO - Add backtrace                          	false

2024-08-08 21:49:19,480 - INFO - Alignment mode                         	2

2024-08-08 21:49:19,480 - INFO - Alignment mode                         	0

2024-08-08 21:49:19,480 - INFO - Allow wrapped scoring                  	false

2024-08-08 21:49:19,480 - INFO - E-value threshold                      	1e-05

2024-08-08 21:49:19,480 - INFO - Seq. id. threshold                     	0

2024-08-08 21:49:19,480 - INFO - Min alignment length                   	0

2024-08-08 21:49:19,480 - INFO - Seq. id. mode                          	0

2024-08-08 21:49:19,480 - INFO - Alternative alignments                 	0

2024-08-08 21:49:19,480 - INFO - Coverage threshold                     	0

2024-08-08 21:49:19,480 - INFO - Coverage mode                          	0

2024-08-08 21:49:19,480 - INFO - Max sequence length                    	65535

2024-08-08 21:49:19,480 - INFO - Compositional bias                     	1

2024-08-08 21:49:19,480 - INFO - Max reject                             	2147483647

2024-08-08 21:49:19,480 - INFO - Max accept                             	2147483647

2024-08-08 21:49:19,480 - INFO - Include identical seq. id.             	false

2024-08-08 21:49:19,480 - INFO - Preload mode                           	0

2024-08-08 21:49:19,480 - INFO - Pseudo count a                         	1

2024-08-08 21:49:19,480 - INFO - Pseudo count b                         	1.5

2024-08-08 21:49:19,480 - INFO - Score bias                             	0

2024-08-08 21:49:19,480 - INFO - Realign hits                           	false

2024-08-08 21:49:19,480 - INFO - Realign score bias                     	-0.2

2024-08-08 21:49:19,481 - INFO - Realign max seqs                       	2147483647

2024-08-08 21:49:19,481 - INFO - Gap open cost                          	nucl:5,aa:11

2024-08-08 21:49:19,481 - INFO - Gap extension cost                     	nucl:2,aa:1

2024-08-08 21:49:19,481 - INFO - Zdrop                                  	40

2024-08-08 21:49:19,481 - INFO - Threads                                	32

2024-08-08 21:49:19,481 - INFO - Compressed                             	0

2024-08-08 21:49:19,481 - INFO - Verbosity                              	3

2024-08-08 21:49:19,481 - INFO - Seed substitution matrix               	nucl:nucleotide.out,aa:VTML80.out

2024-08-08 21:49:19,481 - INFO - Sensitivity                            	8.5

2024-08-08 21:49:19,481 - INFO - k-mer length                           	0

2024-08-08 21:49:19,481 - INFO - k-score                                	2147483647

2024-08-08 21:49:19,481 - INFO - Alphabet size                          	nucl:5,aa:21

2024-08-08 21:49:19,481 - INFO - Max results per query                  	300

2024-08-08 21:49:19,481 - INFO - Split database                         	0

2024-08-08 21:49:19,481 - INFO - Split mode                             	2

2024-08-08 21:49:19,481 - INFO - Split memory limit                     	0

2024-08-08 21:49:19,481 - INFO - Diagonal scoring                       	true

2024-08-08 21:49:19,481 - INFO - Exact k-mer matching                   	0

2024-08-08 21:49:19,481 - INFO - Mask residues                          	1

2024-08-08 21:49:19,481 - INFO - Mask lower case residues               	0

2024-08-08 21:49:19,481 - INFO - Minimum diagonal score                 	15

2024-08-08 21:49:19,481 - INFO - Spaced k-mers                          	1

2024-08-08 21:49:19,481 - INFO - Spaced k-mer pattern                   	

2024-08-08 21:49:19,481 - INFO - Local temporary path                   	

2024-08-08 21:49:19,482 - INFO - Rescore mode                           	0

2024-08-08 21:49:19,482 - INFO - Remove hits by seq. id. and coverage   	false

2024-08-08 21:49:19,482 - INFO - Sort results                           	0

2024-08-08 21:49:19,482 - INFO - Mask profile                           	1

2024-08-08 21:49:19,482 - INFO - Profile E-value threshold              	0.1

2024-08-08 21:49:19,482 - INFO - Global sequence weighting              	false

2024-08-08 21:49:19,482 - INFO - Allow deletions                        	false

2024-08-08 21:49:19,482 - INFO - Filter MSA                             	1

2024-08-08 21:49:19,482 - INFO - Maximum seq. id. threshold             	0.9

2024-08-08 21:49:19,482 - INFO - Minimum seq. id.                       	0

2024-08-08 21:49:19,482 - INFO - Minimum score per column               	-20

2024-08-08 21:49:19,482 - INFO - Minimum coverage                       	0

2024-08-08 21:49:19,482 - INFO - Select N most diverse seqs             	1000

2024-08-08 21:49:19,482 - INFO - Min codons in orf                      	30

2024-08-08 21:49:19,482 - INFO - Max codons in length                   	32734

2024-08-08 21:49:19,482 - INFO - Max orf gaps                           	2147483647

2024-08-08 21:49:19,482 - INFO - Contig start mode                      	2

2024-08-08 21:49:19,482 - INFO - Contig end mode                        	2

2024-08-08 21:49:19,482 - INFO - Orf start mode                         	1

2024-08-08 21:49:19,482 - INFO - Forward frames                         	1,2,3

2024-08-08 21:49:19,482 - INFO - Reverse frames                         	1,2,3

2024-08-08 21:49:19,482 - INFO - Translation table                      	1

2024-08-08 21:49:19,482 - INFO - Translate orf                          	0

2024-08-08 21:49:19,482 - INFO - Use all table starts                   	false

2024-08-08 21:49:19,482 - INFO - Offset of numeric ids                  	0

2024-08-08 21:49:19,483 - INFO - Create lookup                          	0

2024-08-08 21:49:19,483 - INFO - Add orf stop                           	false

2024-08-08 21:49:19,483 - INFO - Overlap between sequences              	0

2024-08-08 21:49:19,483 - INFO - Sequence split mode                    	1

2024-08-08 21:49:19,483 - INFO - Header split mode                      	0

2024-08-08 21:49:19,483 - INFO - Chain overlapping alignments           	0

2024-08-08 21:49:19,483 - INFO - Merge query                            	1

2024-08-08 21:49:19,483 - INFO - Search type                            	0

2024-08-08 21:49:19,483 - INFO - Search iterations                      	1

2024-08-08 21:49:19,483 - INFO - Start sensitivity                      	4

2024-08-08 21:49:19,483 - INFO - Search steps                           	1

2024-08-08 21:49:19,483 - INFO - Exhaustive search mode                 	false

2024-08-08 21:49:19,483 - INFO - Filter results during exhaustive search	0

2024-08-08 21:49:19,483 - INFO - Strand selection                       	1

2024-08-08 21:49:19,483 - INFO - LCA search mode                        	false

2024-08-08 21:49:19,483 - INFO - Disk space limit                       	0

2024-08-08 21:49:19,483 - INFO - MPI runner                             	

2024-08-08 21:49:19,483 - INFO - Force restart with latest tmp          	false

2024-08-08 21:49:19,483 - INFO - Remove temporary files                 	false

2024-08-08 21:49:19,483 - INFO - 

2024-08-08 21:49:19,658 - INFO - prefilter /data/yangy34/database/pharokka/phrogs_profile_db phage_pharokka/GCA_015343595.1_1122|247-3078/target_dir/target_seqs phage_pharokka/GCA_015343595.1_1122|247-3078/tmp_dir//14099589305282344331/pref_0 --sub-mat nucl:nucleotide.out,aa:blosum62.out --seed-sub-mat nucl:nucleotide.out,aa:VTML80.out -k 0 --k-score 2147483647 --alph-size nucl:5,aa:21 --max-seq-len 65535 --max-seqs 300 --split 0 --split-mode 2 --split-memory-limit 0 -c 0 --cov-mode 0 --comp-bias-corr 1 --diag-score 1 --exact-kmer-matching 0 --mask 1 --mask-lower-case 0 --min-ungapped-score 15 --add-self-matches 0 --spaced-kmer-mode 1 --db-load-mode 0 --pca 1 --pcb 1.5 --threads 32 --compressed 0 -v 3 -s 8.5 

2024-08-08 21:49:19,658 - INFO - 

2024-08-08 21:49:19,658 - INFO - Query database size: 38880 type: Profile

2024-08-08 21:49:19,658 - INFO - Estimated memory consumption: 488M

2024-08-08 21:49:19,658 - INFO - Target database size: 7 type: Aminoacid

2024-08-08 21:49:19,658 - INFO - Index table k-mer threshold: 0 at k-mer size 6 

2024-08-08 21:49:19,658 - INFO - Index table: counting k-mers

2024-08-08 21:49:19,783 - INFO - [=================================================================] 7 0s 2ms

2024-08-08 21:49:19,783 - INFO - Index table: Masked residues: 5

2024-08-08 21:49:19,783 - INFO - Index table: fill

2024-08-08 21:49:21,011 - INFO - [=================================================================] 7 0s 1ms

2024-08-08 21:49:21,012 - INFO - Index statistics

2024-08-08 21:49:21,012 - INFO - Entries:          803

2024-08-08 21:49:21,012 - INFO - DB size:          488 MB

2024-08-08 21:49:21,012 - INFO - Avg k-mer size:   0.000013

2024-08-08 21:49:21,012 - INFO - Top 10 k-mers

2024-08-08 21:49:21,012 - INFO -     TGVDAA	1

2024-08-08 21:49:21,012 - INFO -     GCGGAA	1

2024-08-08 21:49:21,012 - INFO -     KIGKAA	1

2024-08-08 21:49:21,012 - INFO -     INKKAA	1

2024-08-08 21:49:21,012 - INFO -     AGALAA	1

2024-08-08 21:49:21,012 - INFO -     PAPPAA	1

2024-08-08 21:49:21,012 - INFO -     QLRPAA	1

2024-08-08 21:49:21,012 - INFO -     NNTSAA	1

2024-08-08 21:49:21,012 - INFO -     AQGVAA	1

2024-08-08 21:49:21,012 - INFO -     WLGRCA	1

2024-08-08 21:49:21,012 - INFO - Time for index table init: 0h 0m 0s 429ms

2024-08-08 21:49:21,013 - INFO - Process prefiltering step 1 of 1

2024-08-08 21:49:21,013 - INFO - 

2024-08-08 21:49:21,013 - INFO - k-mer similarity threshold: 81

2024-08-08 21:49:21,013 - INFO - Starting prefiltering scores calculation (step 1 of 1)

2024-08-08 21:49:21,013 - INFO - Query db start 1 to 38880

2024-08-08 21:49:21,013 - INFO - Target db start 1 to 7

2024-08-08 21:50:27,496 - INFO - [=================================================================] 38.88K 1m 7s 302ms

2024-08-08 21:50:27,496 - INFO - 

2024-08-08 21:50:27,496 - INFO - 5386.328443 k-mers per position

2024-08-08 21:50:27,496 - INFO - 11 DB matches per sequence

2024-08-08 21:50:27,496 - INFO - 0 overflows

2024-08-08 21:50:27,496 - INFO - 0 queries produce too many hits (truncated result)

2024-08-08 21:50:27,497 - INFO - 0 sequences passed prefiltering per query sequence

2024-08-08 21:50:27,497 - INFO - 0 median result list length

2024-08-08 21:50:27,497 - INFO - 29872 sequences with 0 size result lists

2024-08-08 21:50:27,497 - INFO - Time for merging to pref_0: 0h 0m 0s 22ms

2024-08-08 21:50:27,497 - INFO - Time for processing: 0h 1m 8s 8ms

2024-08-08 21:50:27,601 - INFO - align /data/yangy34/database/pharokka/phrogs_profile_db phage_pharokka/GCA_015343595.1_1122|247-3078/target_dir/target_seqs phage_pharokka/GCA_015343595.1_1122|247-3078/tmp_dir//14099589305282344331/pref_0 phage_pharokka/GCA_015343595.1_1122|247-3078/mmseqs/results_mmseqs --sub-mat nucl:nucleotide.out,aa:blosum62.out -a 0 --alignment-mode 2 --alignment-output-mode 0 --wrapped-scoring 0 -e 1e-05 --min-seq-id 0 --min-aln-len 0 --seq-id-mode 0 --alt-ali 0 -c 0 --cov-mode 0 --max-seq-len 65535 --comp-bias-corr 1 --max-rejected 2147483647 --max-accept 2147483647 --add-self-matches 0 --db-load-mode 0 --pca 1 --pcb 1.5 --score-bias 0 --realign 0 --realign-score-bias -0.2 --realign-max-seqs 2147483647 --gap-open nucl:5,aa:11 --gap-extend nucl:2,aa:1 --zdrop 40 --threads 32 --compressed 0 -v 3 

2024-08-08 21:50:27,601 - INFO - 

2024-08-08 21:50:27,601 - INFO - Compute score and coverage

2024-08-08 21:50:27,601 - INFO - Query database size: 38880 type: Profile

2024-08-08 21:50:27,601 - INFO - Target database size: 7 type: Aminoacid

2024-08-08 21:50:27,601 - INFO - Calculation of alignments

2024-08-08 21:50:27,875 - INFO - [=================================================================] 38.88K 0s 267ms

2024-08-08 21:50:27,875 - INFO - Time for merging to results_mmseqs: 0h 0m 0s 20ms

2024-08-08 21:50:27,876 - INFO - 11077 alignments calculated

2024-08-08 21:50:27,876 - INFO - 13 sequence pairs passed the thresholds (0.001174 of overall calculated)

2024-08-08 21:50:27,876 - INFO - 0.000334 hits per query sequence

2024-08-08 21:50:27,876 - INFO - Time for processing: 0h 0m 0s 372ms

2024-08-08 21:50:28,016 - INFO - createtsv /data/yangy34/database/pharokka/phrogs_profile_db phage_pharokka/GCA_015343595.1_1122|247-3078/target_dir/target_seqs phage_pharokka/GCA_015343595.1_1122|247-3078/mmseqs/results_mmseqs phage_pharokka/GCA_015343595.1_1122|247-3078/mmseqs_results.tsv --full-header --threads 32 

2024-08-08 21:50:28,016 - INFO - 

2024-08-08 21:50:28,016 - INFO - MMseqs Version:                 	13.45111

2024-08-08 21:50:28,016 - INFO - First sequence as representative	false

2024-08-08 21:50:28,016 - INFO - Target column                   	1

2024-08-08 21:50:28,016 - INFO - Add full header                 	true

2024-08-08 21:50:28,016 - INFO - Sequence source                 	0

2024-08-08 21:50:28,016 - INFO - Database output                 	false

2024-08-08 21:50:28,016 - INFO - Threads                         	32

2024-08-08 21:50:28,016 - INFO - Compressed                      	0

2024-08-08 21:50:28,016 - INFO - Verbosity                       	3

2024-08-08 21:50:28,016 - INFO - 

2024-08-08 21:50:28,016 - INFO - Time for merging to mmseqs_results.tsv: 0h 0m 0s 27ms

2024-08-08 21:50:28,016 - INFO - Time for processing: 0h 0m 0s 131ms

2024-08-08 21:50:28,042 - INFO - Running mmseqs2 on CARD.
2024-08-08 21:50:28,100 - INFO - createdb phage_pharokka/GCA_015343595.1_1122|247-3078/phanotate_aas_tmp.fasta phage_pharokka/GCA_015343595.1_1122|247-3078/CARD_target_dir/target_seqs 

2024-08-08 21:50:28,100 - INFO - 

2024-08-08 21:50:28,100 - INFO - MMseqs Version:       	13.45111

2024-08-08 21:50:28,100 - INFO - Database type         	0

2024-08-08 21:50:28,100 - INFO - Shuffle input database	true

2024-08-08 21:50:28,100 - INFO - Createdb mode         	0

2024-08-08 21:50:28,100 - INFO - Write lookup file     	1

2024-08-08 21:50:28,100 - INFO - Offset of numeric ids 	0

2024-08-08 21:50:28,101 - INFO - Compressed            	0

2024-08-08 21:50:28,101 - INFO - Verbosity             	3

2024-08-08 21:50:28,101 - INFO - 

2024-08-08 21:50:28,101 - INFO - Converting sequences

2024-08-08 21:50:28,101 - INFO - [

2024-08-08 21:50:28,101 - INFO - Time for merging to target_seqs_h: 0h 0m 0s 7ms

2024-08-08 21:50:28,101 - INFO - Time for merging to target_seqs: 0h 0m 0s 18ms

2024-08-08 21:50:28,101 - INFO - Database type: Aminoacid

2024-08-08 21:50:28,101 - INFO - Time for processing: 0h 0m 0s 52ms

2024-08-08 21:50:28,108 - INFO - Create directory phage_pharokka/GCA_015343595.1_1122|247-3078/CARD_tmp_dir/

2024-08-08 21:50:28,108 - INFO - search --min-seq-id 0.8 -c 0.4 /data/yangy34/database/pharokka/CARD phage_pharokka/GCA_015343595.1_1122|247-3078/CARD_target_dir/target_seqs phage_pharokka/GCA_015343595.1_1122|247-3078/CARD/results_CARD phage_pharokka/GCA_015343595.1_1122|247-3078/CARD_tmp_dir/ -s 8.5 --threads 32 

2024-08-08 21:50:28,108 - INFO - 

2024-08-08 21:50:28,108 - INFO - MMseqs Version:                        	13.45111

2024-08-08 21:50:28,108 - INFO - Substitution matrix                    	nucl:nucleotide.out,aa:blosum62.out

2024-08-08 21:50:28,108 - INFO - Add backtrace                          	false

2024-08-08 21:50:28,108 - INFO - Alignment mode                         	2

2024-08-08 21:50:28,108 - INFO - Alignment mode                         	0

2024-08-08 21:50:28,108 - INFO - Allow wrapped scoring                  	false

2024-08-08 21:50:28,108 - INFO - E-value threshold                      	0.001

2024-08-08 21:50:28,108 - INFO - Seq. id. threshold                     	0.8

2024-08-08 21:50:28,108 - INFO - Min alignment length                   	0

2024-08-08 21:50:28,108 - INFO - Seq. id. mode                          	0

2024-08-08 21:50:28,109 - INFO - Alternative alignments                 	0

2024-08-08 21:50:28,109 - INFO - Coverage threshold                     	0.4

2024-08-08 21:50:28,109 - INFO - Coverage mode                          	0

2024-08-08 21:50:28,109 - INFO - Max sequence length                    	65535

2024-08-08 21:50:28,109 - INFO - Compositional bias                     	1

2024-08-08 21:50:28,109 - INFO - Max reject                             	2147483647

2024-08-08 21:50:28,109 - INFO - Max accept                             	2147483647

2024-08-08 21:50:28,109 - INFO - Include identical seq. id.             	false

2024-08-08 21:50:28,109 - INFO - Preload mode                           	0

2024-08-08 21:50:28,109 - INFO - Pseudo count a                         	1

2024-08-08 21:50:28,109 - INFO - Pseudo count b                         	1.5

2024-08-08 21:50:28,109 - INFO - Score bias                             	0

2024-08-08 21:50:28,109 - INFO - Realign hits                           	false

2024-08-08 21:50:28,109 - INFO - Realign score bias                     	-0.2

2024-08-08 21:50:28,109 - INFO - Realign max seqs                       	2147483647

2024-08-08 21:50:28,109 - INFO - Gap open cost                          	nucl:5,aa:11

2024-08-08 21:50:28,109 - INFO - Gap extension cost                     	nucl:2,aa:1

2024-08-08 21:50:28,109 - INFO - Zdrop                                  	40

2024-08-08 21:50:28,109 - INFO - Threads                                	32

2024-08-08 21:50:28,109 - INFO - Compressed                             	0

2024-08-08 21:50:28,109 - INFO - Verbosity                              	3

2024-08-08 21:50:28,109 - INFO - Seed substitution matrix               	nucl:nucleotide.out,aa:VTML80.out

2024-08-08 21:50:28,109 - INFO - Sensitivity                            	8.5

2024-08-08 21:50:28,109 - INFO - k-mer length                           	0

2024-08-08 21:50:28,110 - INFO - k-score                                	2147483647

2024-08-08 21:50:28,110 - INFO - Alphabet size                          	nucl:5,aa:21

2024-08-08 21:50:28,110 - INFO - Max results per query                  	300

2024-08-08 21:50:28,110 - INFO - Split database                         	0

2024-08-08 21:50:28,110 - INFO - Split mode                             	2

2024-08-08 21:50:28,110 - INFO - Split memory limit                     	0

2024-08-08 21:50:28,110 - INFO - Diagonal scoring                       	true

2024-08-08 21:50:28,110 - INFO - Exact k-mer matching                   	0

2024-08-08 21:50:28,110 - INFO - Mask residues                          	1

2024-08-08 21:50:28,110 - INFO - Mask lower case residues               	0

2024-08-08 21:50:28,110 - INFO - Minimum diagonal score                 	15

2024-08-08 21:50:28,110 - INFO - Spaced k-mers                          	1

2024-08-08 21:50:28,110 - INFO - Spaced k-mer pattern                   	

2024-08-08 21:50:28,110 - INFO - Local temporary path                   	

2024-08-08 21:50:28,110 - INFO - Rescore mode                           	0

2024-08-08 21:50:28,110 - INFO - Remove hits by seq. id. and coverage   	false

2024-08-08 21:50:28,110 - INFO - Sort results                           	0

2024-08-08 21:50:28,110 - INFO - Mask profile                           	1

2024-08-08 21:50:28,110 - INFO - Profile E-value threshold              	0.1

2024-08-08 21:50:28,110 - INFO - Global sequence weighting              	false

2024-08-08 21:50:28,110 - INFO - Allow deletions                        	false

2024-08-08 21:50:28,110 - INFO - Filter MSA                             	1

2024-08-08 21:50:28,110 - INFO - Maximum seq. id. threshold             	0.9

2024-08-08 21:50:28,110 - INFO - Minimum seq. id.                       	0

2024-08-08 21:50:28,110 - INFO - Minimum score per column               	-20

2024-08-08 21:50:28,110 - INFO - Minimum coverage                       	0

2024-08-08 21:50:28,111 - INFO - Select N most diverse seqs             	1000

2024-08-08 21:50:28,111 - INFO - Min codons in orf                      	30

2024-08-08 21:50:28,111 - INFO - Max codons in length                   	32734

2024-08-08 21:50:28,111 - INFO - Max orf gaps                           	2147483647

2024-08-08 21:50:28,111 - INFO - Contig start mode                      	2

2024-08-08 21:50:28,111 - INFO - Contig end mode                        	2

2024-08-08 21:50:28,111 - INFO - Orf start mode                         	1

2024-08-08 21:50:28,111 - INFO - Forward frames                         	1,2,3

2024-08-08 21:50:28,111 - INFO - Reverse frames                         	1,2,3

2024-08-08 21:50:28,111 - INFO - Translation table                      	1

2024-08-08 21:50:28,111 - INFO - Translate orf                          	0

2024-08-08 21:50:28,111 - INFO - Use all table starts                   	false

2024-08-08 21:50:28,111 - INFO - Offset of numeric ids                  	0

2024-08-08 21:50:28,111 - INFO - Create lookup                          	0

2024-08-08 21:50:28,111 - INFO - Add orf stop                           	false

2024-08-08 21:50:28,111 - INFO - Overlap between sequences              	0

2024-08-08 21:50:28,111 - INFO - Sequence split mode                    	1

2024-08-08 21:50:28,111 - INFO - Header split mode                      	0

2024-08-08 21:50:28,111 - INFO - Chain overlapping alignments           	0

2024-08-08 21:50:28,111 - INFO - Merge query                            	1

2024-08-08 21:50:28,111 - INFO - Search type                            	0

2024-08-08 21:50:28,111 - INFO - Search iterations                      	1

2024-08-08 21:50:28,111 - INFO - Start sensitivity                      	4

2024-08-08 21:50:28,111 - INFO - Search steps                           	1

2024-08-08 21:50:28,111 - INFO - Exhaustive search mode                 	false

2024-08-08 21:50:28,112 - INFO - Filter results during exhaustive search	0

2024-08-08 21:50:28,112 - INFO - Strand selection                       	1

2024-08-08 21:50:28,112 - INFO - LCA search mode                        	false

2024-08-08 21:50:28,112 - INFO - Disk space limit                       	0

2024-08-08 21:50:28,112 - INFO - MPI runner                             	

2024-08-08 21:50:28,112 - INFO - Force restart with latest tmp          	false

2024-08-08 21:50:28,112 - INFO - Remove temporary files                 	false

2024-08-08 21:50:28,112 - INFO - 

2024-08-08 21:50:28,273 - INFO - prefilter /data/yangy34/database/pharokka/CARD phage_pharokka/GCA_015343595.1_1122|247-3078/CARD_target_dir/target_seqs phage_pharokka/GCA_015343595.1_1122|247-3078/CARD_tmp_dir//10496239023540663971/pref_0 --sub-mat nucl:nucleotide.out,aa:blosum62.out --seed-sub-mat nucl:nucleotide.out,aa:VTML80.out -k 0 --k-score 2147483647 --alph-size nucl:5,aa:21 --max-seq-len 65535 --max-seqs 300 --split 0 --split-mode 2 --split-memory-limit 0 -c 0.4 --cov-mode 0 --comp-bias-corr 1 --diag-score 1 --exact-kmer-matching 0 --mask 1 --mask-lower-case 0 --min-ungapped-score 15 --add-self-matches 0 --spaced-kmer-mode 1 --db-load-mode 0 --pca 1 --pcb 1.5 --threads 32 --compressed 0 -v 3 -s 8.5 

2024-08-08 21:50:28,273 - INFO - 

2024-08-08 21:50:28,273 - INFO - Query database size: 4641 type: Aminoacid

2024-08-08 21:50:28,273 - INFO - Estimated memory consumption: 977M

2024-08-08 21:50:28,273 - INFO - Target database size: 7 type: Aminoacid

2024-08-08 21:50:28,273 - INFO - Index table k-mer threshold: 87 at k-mer size 6 

2024-08-08 21:50:28,273 - INFO - Index table: counting k-mers

2024-08-08 21:50:28,398 - INFO - [=================================================================] 7 0s 7ms

2024-08-08 21:50:28,398 - INFO - Index table: Masked residues: 0

2024-08-08 21:50:28,398 - INFO - Index table: fill

2024-08-08 21:50:28,893 - INFO - [=================================================================] 7 0s 1ms

2024-08-08 21:50:28,893 - INFO - Index statistics

2024-08-08 21:50:28,893 - INFO - Entries:          817

2024-08-08 21:50:28,893 - INFO - DB size:          488 MB

2024-08-08 21:50:28,893 - INFO - Avg k-mer size:   0.000013

2024-08-08 21:50:28,893 - INFO - Top 10 k-mers

2024-08-08 21:50:28,893 - INFO -     TGVDAA	1

2024-08-08 21:50:28,893 - INFO -     GCGGAA	1

2024-08-08 21:50:28,893 - INFO -     KIGKAA	1

2024-08-08 21:50:28,894 - INFO -     INKKAA	1

2024-08-08 21:50:28,894 - INFO -     AGALAA	1

2024-08-08 21:50:28,894 - INFO -     PAPPAA	1

2024-08-08 21:50:28,894 - INFO -     QLRPAA	1

2024-08-08 21:50:28,894 - INFO -     NNTSAA	1

2024-08-08 21:50:28,894 - INFO -     AQGVAA	1

2024-08-08 21:50:28,894 - INFO -     TDWVAA	1

2024-08-08 21:50:28,894 - INFO - Time for index table init: 0h 0m 0s 433ms

2024-08-08 21:50:28,894 - INFO - Process prefiltering step 1 of 1

2024-08-08 21:50:28,894 - INFO - 

2024-08-08 21:50:28,894 - INFO - k-mer similarity threshold: 87

2024-08-08 21:50:28,894 - INFO - Starting prefiltering scores calculation (step 1 of 1)

2024-08-08 21:50:28,895 - INFO - Query db start 1 to 4641

2024-08-08 21:50:28,895 - INFO - Target db start 1 to 7

2024-08-08 21:50:38,127 - INFO - [=================================================================] 4.64K 9s 290ms

2024-08-08 21:50:38,127 - INFO - 

2024-08-08 21:50:38,127 - INFO - 3883.681631 k-mers per position

2024-08-08 21:50:38,127 - INFO - 17 DB matches per sequence

2024-08-08 21:50:38,127 - INFO - 0 overflows

2024-08-08 21:50:38,128 - INFO - 0 queries produce too many hits (truncated result)

2024-08-08 21:50:38,128 - INFO - 0 sequences passed prefiltering per query sequence

2024-08-08 21:50:38,128 - INFO - 0 median result list length

2024-08-08 21:50:38,128 - INFO - 3438 sequences with 0 size result lists

2024-08-08 21:50:38,128 - INFO - Time for merging to pref_0: 0h 0m 0s 9ms

2024-08-08 21:50:38,128 - INFO - Time for processing: 0h 0m 10s 11ms

2024-08-08 21:50:38,152 - INFO - align /data/yangy34/database/pharokka/CARD phage_pharokka/GCA_015343595.1_1122|247-3078/CARD_target_dir/target_seqs phage_pharokka/GCA_015343595.1_1122|247-3078/CARD_tmp_dir//10496239023540663971/pref_0 phage_pharokka/GCA_015343595.1_1122|247-3078/CARD/results_CARD --sub-mat nucl:nucleotide.out,aa:blosum62.out -a 0 --alignment-mode 2 --alignment-output-mode 0 --wrapped-scoring 0 -e 0.001 --min-seq-id 0.8 --min-aln-len 0 --seq-id-mode 0 --alt-ali 0 -c 0.4 --cov-mode 0 --max-seq-len 65535 --comp-bias-corr 1 --max-rejected 2147483647 --max-accept 2147483647 --add-self-matches 0 --db-load-mode 0 --pca 1 --pcb 1.5 --score-bias 0 --realign 0 --realign-score-bias -0.2 --realign-max-seqs 2147483647 --gap-open nucl:5,aa:11 --gap-extend nucl:2,aa:1 --zdrop 40 --threads 32 --compressed 0 -v 3 

2024-08-08 21:50:38,152 - INFO - 

2024-08-08 21:50:38,152 - INFO - Compute score and coverage

2024-08-08 21:50:38,152 - INFO - Query database size: 4641 type: Aminoacid

2024-08-08 21:50:38,152 - INFO - Target database size: 7 type: Aminoacid

2024-08-08 21:50:38,152 - INFO - Calculation of alignments

2024-08-08 21:50:38,177 - INFO - [=================================================================] 4.64K 0s 15ms

2024-08-08 21:50:38,177 - INFO - Time for merging to results_CARD: 0h 0m 0s 10ms

2024-08-08 21:50:38,177 - INFO - 1037 alignments calculated

2024-08-08 21:50:38,177 - INFO - 0 sequence pairs passed the thresholds (0.000000 of overall calculated)

2024-08-08 21:50:38,177 - INFO - 0.000000 hits per query sequence

2024-08-08 21:50:38,177 - INFO - Time for processing: 0h 0m 0s 43ms

2024-08-08 21:50:38,366 - INFO - createtsv /data/yangy34/database/pharokka/CARD phage_pharokka/GCA_015343595.1_1122|247-3078/CARD_target_dir/target_seqs phage_pharokka/GCA_015343595.1_1122|247-3078/CARD/results_CARD phage_pharokka/GCA_015343595.1_1122|247-3078/CARD_results.tsv --full-header --threads 32 

2024-08-08 21:50:38,367 - INFO - 

2024-08-08 21:50:38,367 - INFO - MMseqs Version:                 	13.45111

2024-08-08 21:50:38,367 - INFO - First sequence as representative	false

2024-08-08 21:50:38,367 - INFO - Target column                   	1

2024-08-08 21:50:38,367 - INFO - Add full header                 	true

2024-08-08 21:50:38,367 - INFO - Sequence source                 	0

2024-08-08 21:50:38,367 - INFO - Database output                 	false

2024-08-08 21:50:38,367 - INFO - Threads                         	32

2024-08-08 21:50:38,367 - INFO - Compressed                      	0

2024-08-08 21:50:38,367 - INFO - Verbosity                       	3

2024-08-08 21:50:38,367 - INFO - 

2024-08-08 21:50:38,367 - INFO - Time for merging to CARD_results.tsv: 0h 0m 0s 13ms

2024-08-08 21:50:38,367 - INFO - Time for processing: 0h 0m 0s 183ms

2024-08-08 21:50:38,370 - INFO - Running mmseqs2 on vfdb.
2024-08-08 21:50:38,436 - INFO - createdb phage_pharokka/GCA_015343595.1_1122|247-3078/phanotate_aas_tmp.fasta phage_pharokka/GCA_015343595.1_1122|247-3078/vfdb_target_dir/target_seqs 

2024-08-08 21:50:38,436 - INFO - 

2024-08-08 21:50:38,436 - INFO - MMseqs Version:       	13.45111

2024-08-08 21:50:38,436 - INFO - Database type         	0

2024-08-08 21:50:38,436 - INFO - Shuffle input database	true

2024-08-08 21:50:38,437 - INFO - Createdb mode         	0

2024-08-08 21:50:38,437 - INFO - Write lookup file     	1

2024-08-08 21:50:38,437 - INFO - Offset of numeric ids 	0

2024-08-08 21:50:38,437 - INFO - Compressed            	0

2024-08-08 21:50:38,437 - INFO - Verbosity             	3

2024-08-08 21:50:38,437 - INFO - 

2024-08-08 21:50:38,437 - INFO - Converting sequences

2024-08-08 21:50:38,437 - INFO - [

2024-08-08 21:50:38,437 - INFO - Time for merging to target_seqs_h: 0h 0m 0s 7ms

2024-08-08 21:50:38,437 - INFO - Time for merging to target_seqs: 0h 0m 0s 23ms

2024-08-08 21:50:38,437 - INFO - Database type: Aminoacid

2024-08-08 21:50:38,437 - INFO - Time for processing: 0h 0m 0s 61ms

2024-08-08 21:50:38,444 - INFO - Create directory phage_pharokka/GCA_015343595.1_1122|247-3078/vfdb_tmp_dir/

2024-08-08 21:50:38,445 - INFO - search --min-seq-id 0.8 -c 0.4 /data/yangy34/database/pharokka/vfdb phage_pharokka/GCA_015343595.1_1122|247-3078/vfdb_target_dir/target_seqs phage_pharokka/GCA_015343595.1_1122|247-3078/vfdb/results_vfdb phage_pharokka/GCA_015343595.1_1122|247-3078/vfdb_tmp_dir/ -s 8.5 --threads 32 

2024-08-08 21:50:38,445 - INFO - 

2024-08-08 21:50:38,445 - INFO - MMseqs Version:                        	13.45111

2024-08-08 21:50:38,445 - INFO - Substitution matrix                    	nucl:nucleotide.out,aa:blosum62.out

2024-08-08 21:50:38,445 - INFO - Add backtrace                          	false

2024-08-08 21:50:38,445 - INFO - Alignment mode                         	2

2024-08-08 21:50:38,445 - INFO - Alignment mode                         	0

2024-08-08 21:50:38,445 - INFO - Allow wrapped scoring                  	false

2024-08-08 21:50:38,445 - INFO - E-value threshold                      	0.001

2024-08-08 21:50:38,445 - INFO - Seq. id. threshold                     	0.8

2024-08-08 21:50:38,445 - INFO - Min alignment length                   	0

2024-08-08 21:50:38,445 - INFO - Seq. id. mode                          	0

2024-08-08 21:50:38,445 - INFO - Alternative alignments                 	0

2024-08-08 21:50:38,445 - INFO - Coverage threshold                     	0.4

2024-08-08 21:50:38,445 - INFO - Coverage mode                          	0

2024-08-08 21:50:38,445 - INFO - Max sequence length                    	65535

2024-08-08 21:50:38,445 - INFO - Compositional bias                     	1

2024-08-08 21:50:38,445 - INFO - Max reject                             	2147483647

2024-08-08 21:50:38,445 - INFO - Max accept                             	2147483647

2024-08-08 21:50:38,445 - INFO - Include identical seq. id.             	false

2024-08-08 21:50:38,445 - INFO - Preload mode                           	0

2024-08-08 21:50:38,445 - INFO - Pseudo count a                         	1

2024-08-08 21:50:38,445 - INFO - Pseudo count b                         	1.5

2024-08-08 21:50:38,445 - INFO - Score bias                             	0

2024-08-08 21:50:38,446 - INFO - Realign hits                           	false

2024-08-08 21:50:38,446 - INFO - Realign score bias                     	-0.2

2024-08-08 21:50:38,446 - INFO - Realign max seqs                       	2147483647

2024-08-08 21:50:38,446 - INFO - Gap open cost                          	nucl:5,aa:11

2024-08-08 21:50:38,446 - INFO - Gap extension cost                     	nucl:2,aa:1

2024-08-08 21:50:38,446 - INFO - Zdrop                                  	40

2024-08-08 21:50:38,446 - INFO - Threads                                	32

2024-08-08 21:50:38,446 - INFO - Compressed                             	0

2024-08-08 21:50:38,446 - INFO - Verbosity                              	3

2024-08-08 21:50:38,446 - INFO - Seed substitution matrix               	nucl:nucleotide.out,aa:VTML80.out

2024-08-08 21:50:38,446 - INFO - Sensitivity                            	8.5

2024-08-08 21:50:38,446 - INFO - k-mer length                           	0

2024-08-08 21:50:38,446 - INFO - k-score                                	2147483647

2024-08-08 21:50:38,446 - INFO - Alphabet size                          	nucl:5,aa:21

2024-08-08 21:50:38,446 - INFO - Max results per query                  	300

2024-08-08 21:50:38,446 - INFO - Split database                         	0

2024-08-08 21:50:38,446 - INFO - Split mode                             	2

2024-08-08 21:50:38,446 - INFO - Split memory limit                     	0

2024-08-08 21:50:38,446 - INFO - Diagonal scoring                       	true

2024-08-08 21:50:38,446 - INFO - Exact k-mer matching                   	0

2024-08-08 21:50:38,446 - INFO - Mask residues                          	1

2024-08-08 21:50:38,446 - INFO - Mask lower case residues               	0

2024-08-08 21:50:38,446 - INFO - Minimum diagonal score                 	15

2024-08-08 21:50:38,446 - INFO - Spaced k-mers                          	1

2024-08-08 21:50:38,446 - INFO - Spaced k-mer pattern                   	

2024-08-08 21:50:38,447 - INFO - Local temporary path                   	

2024-08-08 21:50:38,447 - INFO - Rescore mode                           	0

2024-08-08 21:50:38,447 - INFO - Remove hits by seq. id. and coverage   	false

2024-08-08 21:50:38,447 - INFO - Sort results                           	0

2024-08-08 21:50:38,447 - INFO - Mask profile                           	1

2024-08-08 21:50:38,447 - INFO - Profile E-value threshold              	0.1

2024-08-08 21:50:38,447 - INFO - Global sequence weighting              	false

2024-08-08 21:50:38,447 - INFO - Allow deletions                        	false

2024-08-08 21:50:38,447 - INFO - Filter MSA                             	1

2024-08-08 21:50:38,447 - INFO - Maximum seq. id. threshold             	0.9

2024-08-08 21:50:38,447 - INFO - Minimum seq. id.                       	0

2024-08-08 21:50:38,447 - INFO - Minimum score per column               	-20

2024-08-08 21:50:38,447 - INFO - Minimum coverage                       	0

2024-08-08 21:50:38,447 - INFO - Select N most diverse seqs             	1000

2024-08-08 21:50:38,447 - INFO - Min codons in orf                      	30

2024-08-08 21:50:38,447 - INFO - Max codons in length                   	32734

2024-08-08 21:50:38,447 - INFO - Max orf gaps                           	2147483647

2024-08-08 21:50:38,447 - INFO - Contig start mode                      	2

2024-08-08 21:50:38,447 - INFO - Contig end mode                        	2

2024-08-08 21:50:38,447 - INFO - Orf start mode                         	1

2024-08-08 21:50:38,447 - INFO - Forward frames                         	1,2,3

2024-08-08 21:50:38,447 - INFO - Reverse frames                         	1,2,3

2024-08-08 21:50:38,447 - INFO - Translation table                      	1

2024-08-08 21:50:38,447 - INFO - Translate orf                          	0

2024-08-08 21:50:38,447 - INFO - Use all table starts                   	false

2024-08-08 21:50:38,448 - INFO - Offset of numeric ids                  	0

2024-08-08 21:50:38,448 - INFO - Create lookup                          	0

2024-08-08 21:50:38,448 - INFO - Add orf stop                           	false

2024-08-08 21:50:38,448 - INFO - Overlap between sequences              	0

2024-08-08 21:50:38,448 - INFO - Sequence split mode                    	1

2024-08-08 21:50:38,448 - INFO - Header split mode                      	0

2024-08-08 21:50:38,448 - INFO - Chain overlapping alignments           	0

2024-08-08 21:50:38,448 - INFO - Merge query                            	1

2024-08-08 21:50:38,448 - INFO - Search type                            	0

2024-08-08 21:50:38,448 - INFO - Search iterations                      	1

2024-08-08 21:50:38,448 - INFO - Start sensitivity                      	4

2024-08-08 21:50:38,448 - INFO - Search steps                           	1

2024-08-08 21:50:38,448 - INFO - Exhaustive search mode                 	false

2024-08-08 21:50:38,448 - INFO - Filter results during exhaustive search	0

2024-08-08 21:50:38,448 - INFO - Strand selection                       	1

2024-08-08 21:50:38,448 - INFO - LCA search mode                        	false

2024-08-08 21:50:38,448 - INFO - Disk space limit                       	0

2024-08-08 21:50:38,448 - INFO - MPI runner                             	

2024-08-08 21:50:38,448 - INFO - Force restart with latest tmp          	false

2024-08-08 21:50:38,448 - INFO - Remove temporary files                 	false

2024-08-08 21:50:38,448 - INFO - 

2024-08-08 21:50:38,619 - INFO - prefilter /data/yangy34/database/pharokka/vfdb phage_pharokka/GCA_015343595.1_1122|247-3078/vfdb_target_dir/target_seqs phage_pharokka/GCA_015343595.1_1122|247-3078/vfdb_tmp_dir//9744916128775030016/pref_0 --sub-mat nucl:nucleotide.out,aa:blosum62.out --seed-sub-mat nucl:nucleotide.out,aa:VTML80.out -k 0 --k-score 2147483647 --alph-size nucl:5,aa:21 --max-seq-len 65535 --max-seqs 300 --split 0 --split-mode 2 --split-memory-limit 0 -c 0.4 --cov-mode 0 --comp-bias-corr 1 --diag-score 1 --exact-kmer-matching 0 --mask 1 --mask-lower-case 0 --min-ungapped-score 15 --add-self-matches 0 --spaced-kmer-mode 1 --db-load-mode 0 --pca 1 --pcb 1.5 --threads 32 --compressed 0 -v 3 -s 8.5 

2024-08-08 21:50:38,620 - INFO - 

2024-08-08 21:50:38,620 - INFO - Query database size: 27504 type: Aminoacid

2024-08-08 21:50:38,620 - INFO - Estimated memory consumption: 977M

2024-08-08 21:50:38,620 - INFO - Target database size: 7 type: Aminoacid

2024-08-08 21:50:38,620 - INFO - Index table k-mer threshold: 87 at k-mer size 6 

2024-08-08 21:50:38,620 - INFO - Index table: counting k-mers

2024-08-08 21:50:38,747 - INFO - [=================================================================] 7 0s 6ms

2024-08-08 21:50:38,747 - INFO - Index table: Masked residues: 0

2024-08-08 21:50:38,747 - INFO - Index table: fill

2024-08-08 21:50:40,128 - INFO - [=================================================================] 7 0s 1ms

2024-08-08 21:50:40,129 - INFO - Index statistics

2024-08-08 21:50:40,129 - INFO - Entries:          817

2024-08-08 21:50:40,129 - INFO - DB size:          488 MB

2024-08-08 21:50:40,129 - INFO - Avg k-mer size:   0.000013

2024-08-08 21:50:40,129 - INFO - Top 10 k-mers

2024-08-08 21:50:40,129 - INFO -     TGVDAA	1

2024-08-08 21:50:40,129 - INFO -     GCGGAA	1

2024-08-08 21:50:40,129 - INFO -     KIGKAA	1

2024-08-08 21:50:40,129 - INFO -     INKKAA	1

2024-08-08 21:50:40,129 - INFO -     AGALAA	1

2024-08-08 21:50:40,129 - INFO -     PAPPAA	1

2024-08-08 21:50:40,129 - INFO -     QLRPAA	1

2024-08-08 21:50:40,129 - INFO -     NNTSAA	1

2024-08-08 21:50:40,129 - INFO -     AQGVAA	1

2024-08-08 21:50:40,129 - INFO -     TDWVAA	1

2024-08-08 21:50:40,129 - INFO - Time for index table init: 0h 0m 0s 436ms

2024-08-08 21:50:40,129 - INFO - Process prefiltering step 1 of 1

2024-08-08 21:50:40,130 - INFO - 

2024-08-08 21:50:40,130 - INFO - k-mer similarity threshold: 87

2024-08-08 21:50:40,130 - INFO - Starting prefiltering scores calculation (step 1 of 1)

2024-08-08 21:50:40,130 - INFO - Query db start 1 to 27504

2024-08-08 21:50:40,130 - INFO - Target db start 1 to 7

2024-08-08 21:51:47,777 - INFO - [=================================================================] 27.50K 1m 8s 306ms

2024-08-08 21:51:47,777 - INFO - 

2024-08-08 21:51:47,777 - INFO - 3159.764157 k-mers per position

2024-08-08 21:51:47,777 - INFO - 20 DB matches per sequence

2024-08-08 21:51:47,777 - INFO - 0 overflows

2024-08-08 21:51:47,777 - INFO - 0 queries produce too many hits (truncated result)

2024-08-08 21:51:47,777 - INFO - 0 sequences passed prefiltering per query sequence

2024-08-08 21:51:47,777 - INFO - 0 median result list length

2024-08-08 21:51:47,777 - INFO - 18907 sequences with 0 size result lists

2024-08-08 21:51:47,777 - INFO - Time for merging to pref_0: 0h 0m 0s 18ms

2024-08-08 21:51:47,777 - INFO - Time for processing: 0h 1m 9s 324ms

2024-08-08 21:51:47,830 - INFO - align /data/yangy34/database/pharokka/vfdb phage_pharokka/GCA_015343595.1_1122|247-3078/vfdb_target_dir/target_seqs phage_pharokka/GCA_015343595.1_1122|247-3078/vfdb_tmp_dir//9744916128775030016/pref_0 phage_pharokka/GCA_015343595.1_1122|247-3078/vfdb/results_vfdb --sub-mat nucl:nucleotide.out,aa:blosum62.out -a 0 --alignment-mode 2 --alignment-output-mode 0 --wrapped-scoring 0 -e 0.001 --min-seq-id 0.8 --min-aln-len 0 --seq-id-mode 0 --alt-ali 0 -c 0.4 --cov-mode 0 --max-seq-len 65535 --comp-bias-corr 1 --max-rejected 2147483647 --max-accept 2147483647 --add-self-matches 0 --db-load-mode 0 --pca 1 --pcb 1.5 --score-bias 0 --realign 0 --realign-score-bias -0.2 --realign-max-seqs 2147483647 --gap-open nucl:5,aa:11 --gap-extend nucl:2,aa:1 --zdrop 40 --threads 32 --compressed 0 -v 3 

2024-08-08 21:51:47,830 - INFO - 

2024-08-08 21:51:47,830 - INFO - Compute score and coverage

2024-08-08 21:51:47,830 - INFO - Query database size: 27504 type: Aminoacid

2024-08-08 21:51:47,830 - INFO - Target database size: 7 type: Aminoacid

2024-08-08 21:51:47,831 - INFO - Calculation of alignments

2024-08-08 21:51:47,878 - INFO - [=================================================================] 27.50K 0s 27ms

2024-08-08 21:51:47,878 - INFO - Time for merging to results_vfdb: 0h 0m 0s 16ms

2024-08-08 21:51:47,878 - INFO - 3758 alignments calculated

2024-08-08 21:51:47,878 - INFO - 0 sequence pairs passed the thresholds (0.000000 of overall calculated)

2024-08-08 21:51:47,878 - INFO - 0.000000 hits per query sequence

2024-08-08 21:51:47,878 - INFO - Time for processing: 0h 0m 0s 93ms

2024-08-08 21:51:48,077 - INFO - createtsv /data/yangy34/database/pharokka/vfdb phage_pharokka/GCA_015343595.1_1122|247-3078/vfdb_target_dir/target_seqs phage_pharokka/GCA_015343595.1_1122|247-3078/vfdb/results_vfdb phage_pharokka/GCA_015343595.1_1122|247-3078/vfdb_results.tsv --full-header --threads 32 

2024-08-08 21:51:48,078 - INFO - 

2024-08-08 21:51:48,078 - INFO - MMseqs Version:                 	13.45111

2024-08-08 21:51:48,078 - INFO - First sequence as representative	false

2024-08-08 21:51:48,078 - INFO - Target column                   	1

2024-08-08 21:51:48,078 - INFO - Add full header                 	true

2024-08-08 21:51:48,078 - INFO - Sequence source                 	0

2024-08-08 21:51:48,078 - INFO - Database output                 	false

2024-08-08 21:51:48,078 - INFO - Threads                         	32

2024-08-08 21:51:48,078 - INFO - Compressed                      	0

2024-08-08 21:51:48,078 - INFO - Verbosity                       	3

2024-08-08 21:51:48,078 - INFO - 

2024-08-08 21:51:48,078 - INFO - Time for merging to vfdb_results.tsv: 0h 0m 0s 23ms

2024-08-08 21:51:48,078 - INFO - Time for processing: 0h 0m 0s 192ms

2024-08-08 21:51:48,094 - INFO - Post Processing Output.
2024-08-08 21:51:48,494 - INFO - Converting gff to genbank.
2024-08-08 21:51:48,525 - WARNING - /gpfs/gsfs12/users/yangy34/softwares/mambaforge/envs/pharokka-env/lib/python3.10/site-packages/Bio/SeqIO/InsdcIO.py:728: BiopythonWarning: Increasing length of locus line to allow long name. This will result in fields that are not in usual positions.
  warnings.warn(

2024-08-08 21:51:48,542 - INFO - Finding the closest match for each contig in INPHARED using mash.
2024-08-08 21:51:48,593 - INFO - Sketching GCA_015343595.1_53_phages/GCA_015343595.1_1122_247_3078_prophage.fasta...

2024-08-08 21:51:48,595 - INFO - Writing to phage_pharokka/GCA_015343595.1_1122|247-3078/input_mash_sketch.msh...

2024-08-08 21:51:50,043 - INFO - pharokka has finished
2024-08-08 21:51:50,043 - INFO - Elapsed time: 155.46 seconds
2024-08-08 21:51:50,043 - INFO - If you use pharokka in your research, please cite:
2024-08-08 21:51:50,043 - INFO - George Bouras, Roshan Nepal, Ghais Houtak, Alkis James Psaltis, Peter-John Wormald, Sarah Vreugde.
2024-08-08 21:51:50,043 - INFO - Pharokka: a fast scalable bacteriophage annotation tool.
2024-08-08 21:51:50,044 - INFO - Bioinformatics, Volume 39, Issue 1, January 2023, btac776.
2024-08-08 21:51:50,044 - INFO - https://doi.org/10.1093/bioinformatics/btac776.
2024-08-08 21:51:50,044 - INFO - You should also cite the full list of tools pharokka uses, which can be found at https://github.com/gbouras13/pharokka#citation.
