2024-08-09 21:08:38,676 - INFO - Starting pharokka v1.3.2
2024-08-09 21:08:38,676 - INFO - Input args: Namespace(infile='GCA_013114135_6_phages_vs2/GCA_013114135.1_47_165_2204_prophage.fasta', outdir='phage_pharokka/GCA_013114135.1_47|165-2204', database='/data/yangy34/database/pharokka', threads='32', force=True, prefix='Default', locustag='Default', gene_predictor='phanotate', meta=False, split=False, coding_table='11', evalue='1E-05', terminase=False, terminase_strand='nothing', terminase_start='nothing', citation=False)
2024-08-09 21:08:38,676 - INFO - Checking database installation.
2024-08-09 21:08:38,691 - INFO - All databases have been successfully checked.
2024-08-09 21:08:38,691 - INFO - Checking dependencies.
2024-08-09 21:08:39,440 - INFO - phan_out version found is v1.5.1.
2024-08-09 21:08:39,440 - INFO - Phanotate version is ok.
2024-08-09 21:08:39,504 - INFO - MMseqs2 version found is v13.45111.
2024-08-09 21:08:39,504 - INFO - MMseqs2 version is ok.
2024-08-09 21:08:40,249 - INFO - tRNAscan-SE version found is v2.45111.11.
2024-08-09 21:08:40,250 - INFO - tRNAscan-SE version is ok.
2024-08-09 21:08:40,800 - INFO - MinCED version found is v0.4.2.
2024-08-09 21:08:40,800 - INFO - MinCED version is ok.
2024-08-09 21:08:40,824 - INFO - ARAGORN version found is v1.2.41.
2024-08-09 21:08:40,824 - INFO - ARAGORN version is ok.
2024-08-09 21:08:40,935 - INFO - mash version found is v2.2.
2024-08-09 21:08:40,935 - INFO - mash version is ok.
2024-08-09 21:08:41,846 - INFO - Running Phanotate.
2024-08-09 21:08:44,761 - INFO - Translating gene predicted fastas.
2024-08-09 21:08:44,783 - INFO - Starting tRNA-scanSE
2024-08-09 21:08:44,921 - INFO - 

2024-08-09 21:08:44,921 - INFO - tRNAscan-SE v.2.0.11 (Oct 2022) - scan sequences for transfer RNAs

2024-08-09 21:08:44,921 - INFO - Copyright (C) 2022 Patricia Chan and Todd Lowe

2024-08-09 21:08:44,922 - INFO -                    University of California Santa Cruz

2024-08-09 21:08:44,922 - INFO - Freely distributed under the GNU General Public License (GPLv3)

2024-08-09 21:08:44,922 - INFO - 

2024-08-09 21:08:44,922 - INFO - ------------------------------------------------------------

2024-08-09 21:08:44,922 - INFO - Sequence file(s) to search:        GCA_013114135_6_phages_vs2/GCA_013114135.1_47_165_2204_prophage.fasta

2024-08-09 21:08:44,922 - INFO - Search Mode:                       General

2024-08-09 21:08:44,922 - INFO - Results written to:                Standard output

2024-08-09 21:08:44,922 - INFO - Output format:                     Tabular

2024-08-09 21:08:44,922 - INFO - Searching with:                    Infernal single-pass scan

2024-08-09 21:08:44,922 - INFO -                                    Fast mode

2024-08-09 21:08:44,922 - INFO - Covariance model:                  /gpfs/gsfs12/users/yangy34/softwares/mambaforge/envs/pharokka-env/lib/tRNAscan-SE/models/TRNAinf.cm

2024-08-09 21:08:44,922 - INFO - 

2024-08-09 21:08:44,922 - INFO - Temporary directory:               /tmp

2024-08-09 21:08:44,922 - INFO - tRNA predictions saved to:         phage_pharokka/GCA_013114135.1_47|165-2204/trnascan_out.gff

2024-08-09 21:08:44,922 - INFO - ------------------------------------------------------------

2024-08-09 21:08:44,922 - INFO - 

2024-08-09 21:08:45,042 - INFO - No tRNAs found.

2024-08-09 21:08:45,042 - INFO - 

2024-08-09 21:08:45,055 - INFO - Running MinCED.
2024-08-09 21:08:45,262 - INFO - Running Aragorn.
2024-08-09 21:08:45,386 - INFO - Starting MMseqs2.
2024-08-09 21:08:45,386 - INFO - Running MMseqs2 on PHROGs Database.
2024-08-09 21:08:47,813 - INFO - createdb phage_pharokka/GCA_013114135.1_47|165-2204/phanotate_aas_tmp.fasta phage_pharokka/GCA_013114135.1_47|165-2204/target_dir/target_seqs 

2024-08-09 21:08:47,813 - INFO - 

2024-08-09 21:08:47,813 - INFO - MMseqs Version:       	13.45111

2024-08-09 21:08:47,813 - INFO - Database type         	0

2024-08-09 21:08:47,813 - INFO - Shuffle input database	true

2024-08-09 21:08:47,814 - INFO - Createdb mode         	0

2024-08-09 21:08:47,814 - INFO - Write lookup file     	1

2024-08-09 21:08:47,814 - INFO - Offset of numeric ids 	0

2024-08-09 21:08:47,814 - INFO - Compressed            	0

2024-08-09 21:08:47,814 - INFO - Verbosity             	3

2024-08-09 21:08:47,814 - INFO - 

2024-08-09 21:08:47,814 - INFO - Converting sequences

2024-08-09 21:08:47,814 - INFO - [

2024-08-09 21:08:47,814 - INFO - Time for merging to target_seqs_h: 0h 0m 0s 95ms

2024-08-09 21:08:47,814 - INFO - Time for merging to target_seqs: 0h 0m 0s 20ms

2024-08-09 21:08:47,814 - INFO - Database type: Aminoacid

2024-08-09 21:08:47,814 - INFO - Time for processing: 0h 0m 2s 412ms

2024-08-09 21:08:47,823 - INFO - Create directory phage_pharokka/GCA_013114135.1_47|165-2204/tmp_dir/

2024-08-09 21:08:47,823 - INFO - search -e 1E-05 /data/yangy34/database/pharokka/phrogs_profile_db phage_pharokka/GCA_013114135.1_47|165-2204/target_dir/target_seqs phage_pharokka/GCA_013114135.1_47|165-2204/mmseqs/results_mmseqs phage_pharokka/GCA_013114135.1_47|165-2204/tmp_dir/ -s 8.5 --threads 32 

2024-08-09 21:08:47,823 - INFO - 

2024-08-09 21:08:47,823 - INFO - MMseqs Version:                        	13.45111

2024-08-09 21:08:47,824 - INFO - Substitution matrix                    	nucl:nucleotide.out,aa:blosum62.out

2024-08-09 21:08:47,824 - INFO - Add backtrace                          	false

2024-08-09 21:08:47,824 - INFO - Alignment mode                         	2

2024-08-09 21:08:47,824 - INFO - Alignment mode                         	0

2024-08-09 21:08:47,824 - INFO - Allow wrapped scoring                  	false

2024-08-09 21:08:47,824 - INFO - E-value threshold                      	1e-05

2024-08-09 21:08:47,824 - INFO - Seq. id. threshold                     	0

2024-08-09 21:08:47,824 - INFO - Min alignment length                   	0

2024-08-09 21:08:47,824 - INFO - Seq. id. mode                          	0

2024-08-09 21:08:47,824 - INFO - Alternative alignments                 	0

2024-08-09 21:08:47,824 - INFO - Coverage threshold                     	0

2024-08-09 21:08:47,824 - INFO - Coverage mode                          	0

2024-08-09 21:08:47,824 - INFO - Max sequence length                    	65535

2024-08-09 21:08:47,824 - INFO - Compositional bias                     	1

2024-08-09 21:08:47,824 - INFO - Max reject                             	2147483647

2024-08-09 21:08:47,824 - INFO - Max accept                             	2147483647

2024-08-09 21:08:47,824 - INFO - Include identical seq. id.             	false

2024-08-09 21:08:47,824 - INFO - Preload mode                           	0

2024-08-09 21:08:47,824 - INFO - Pseudo count a                         	1

2024-08-09 21:08:47,824 - INFO - Pseudo count b                         	1.5

2024-08-09 21:08:47,824 - INFO - Score bias                             	0

2024-08-09 21:08:47,824 - INFO - Realign hits                           	false

2024-08-09 21:08:47,824 - INFO - Realign score bias                     	-0.2

2024-08-09 21:08:47,824 - INFO - Realign max seqs                       	2147483647

2024-08-09 21:08:47,824 - INFO - Gap open cost                          	nucl:5,aa:11

2024-08-09 21:08:47,824 - INFO - Gap extension cost                     	nucl:2,aa:1

2024-08-09 21:08:47,825 - INFO - Zdrop                                  	40

2024-08-09 21:08:47,825 - INFO - Threads                                	32

2024-08-09 21:08:47,825 - INFO - Compressed                             	0

2024-08-09 21:08:47,825 - INFO - Verbosity                              	3

2024-08-09 21:08:47,825 - INFO - Seed substitution matrix               	nucl:nucleotide.out,aa:VTML80.out

2024-08-09 21:08:47,825 - INFO - Sensitivity                            	8.5

2024-08-09 21:08:47,825 - INFO - k-mer length                           	0

2024-08-09 21:08:47,825 - INFO - k-score                                	2147483647

2024-08-09 21:08:47,825 - INFO - Alphabet size                          	nucl:5,aa:21

2024-08-09 21:08:47,825 - INFO - Max results per query                  	300

2024-08-09 21:08:47,825 - INFO - Split database                         	0

2024-08-09 21:08:47,825 - INFO - Split mode                             	2

2024-08-09 21:08:47,825 - INFO - Split memory limit                     	0

2024-08-09 21:08:47,825 - INFO - Diagonal scoring                       	true

2024-08-09 21:08:47,825 - INFO - Exact k-mer matching                   	0

2024-08-09 21:08:47,825 - INFO - Mask residues                          	1

2024-08-09 21:08:47,825 - INFO - Mask lower case residues               	0

2024-08-09 21:08:47,825 - INFO - Minimum diagonal score                 	15

2024-08-09 21:08:47,825 - INFO - Spaced k-mers                          	1

2024-08-09 21:08:47,825 - INFO - Spaced k-mer pattern                   	

2024-08-09 21:08:47,825 - INFO - Local temporary path                   	

2024-08-09 21:08:47,825 - INFO - Rescore mode                           	0

2024-08-09 21:08:47,825 - INFO - Remove hits by seq. id. and coverage   	false

2024-08-09 21:08:47,825 - INFO - Sort results                           	0

2024-08-09 21:08:47,825 - INFO - Mask profile                           	1

2024-08-09 21:08:47,825 - INFO - Profile E-value threshold              	0.1

2024-08-09 21:08:47,825 - INFO - Global sequence weighting              	false

2024-08-09 21:08:47,826 - INFO - Allow deletions                        	false

2024-08-09 21:08:47,826 - INFO - Filter MSA                             	1

2024-08-09 21:08:47,826 - INFO - Maximum seq. id. threshold             	0.9

2024-08-09 21:08:47,826 - INFO - Minimum seq. id.                       	0

2024-08-09 21:08:47,826 - INFO - Minimum score per column               	-20

2024-08-09 21:08:47,826 - INFO - Minimum coverage                       	0

2024-08-09 21:08:47,826 - INFO - Select N most diverse seqs             	1000

2024-08-09 21:08:47,826 - INFO - Min codons in orf                      	30

2024-08-09 21:08:47,826 - INFO - Max codons in length                   	32734

2024-08-09 21:08:47,826 - INFO - Max orf gaps                           	2147483647

2024-08-09 21:08:47,826 - INFO - Contig start mode                      	2

2024-08-09 21:08:47,826 - INFO - Contig end mode                        	2

2024-08-09 21:08:47,826 - INFO - Orf start mode                         	1

2024-08-09 21:08:47,826 - INFO - Forward frames                         	1,2,3

2024-08-09 21:08:47,826 - INFO - Reverse frames                         	1,2,3

2024-08-09 21:08:47,826 - INFO - Translation table                      	1

2024-08-09 21:08:47,826 - INFO - Translate orf                          	0

2024-08-09 21:08:47,826 - INFO - Use all table starts                   	false

2024-08-09 21:08:47,826 - INFO - Offset of numeric ids                  	0

2024-08-09 21:08:47,826 - INFO - Create lookup                          	0

2024-08-09 21:08:47,826 - INFO - Add orf stop                           	false

2024-08-09 21:08:47,826 - INFO - Overlap between sequences              	0

2024-08-09 21:08:47,826 - INFO - Sequence split mode                    	1

2024-08-09 21:08:47,826 - INFO - Header split mode                      	0

2024-08-09 21:08:47,826 - INFO - Chain overlapping alignments           	0

2024-08-09 21:08:47,826 - INFO - Merge query                            	1

2024-08-09 21:08:47,826 - INFO - Search type                            	0

2024-08-09 21:08:47,827 - INFO - Search iterations                      	1

2024-08-09 21:08:47,827 - INFO - Start sensitivity                      	4

2024-08-09 21:08:47,827 - INFO - Search steps                           	1

2024-08-09 21:08:47,827 - INFO - Exhaustive search mode                 	false

2024-08-09 21:08:47,827 - INFO - Filter results during exhaustive search	0

2024-08-09 21:08:47,827 - INFO - Strand selection                       	1

2024-08-09 21:08:47,827 - INFO - LCA search mode                        	false

2024-08-09 21:08:47,827 - INFO - Disk space limit                       	0

2024-08-09 21:08:47,827 - INFO - MPI runner                             	

2024-08-09 21:08:47,827 - INFO - Force restart with latest tmp          	false

2024-08-09 21:08:47,827 - INFO - Remove temporary files                 	false

2024-08-09 21:08:47,827 - INFO - 

2024-08-09 21:08:47,980 - INFO - prefilter /data/yangy34/database/pharokka/phrogs_profile_db phage_pharokka/GCA_013114135.1_47|165-2204/target_dir/target_seqs phage_pharokka/GCA_013114135.1_47|165-2204/tmp_dir//1083255749403632050/pref_0 --sub-mat nucl:nucleotide.out,aa:blosum62.out --seed-sub-mat nucl:nucleotide.out,aa:VTML80.out -k 0 --k-score 2147483647 --alph-size nucl:5,aa:21 --max-seq-len 65535 --max-seqs 300 --split 0 --split-mode 2 --split-memory-limit 0 -c 0 --cov-mode 0 --comp-bias-corr 1 --diag-score 1 --exact-kmer-matching 0 --mask 1 --mask-lower-case 0 --min-ungapped-score 15 --add-self-matches 0 --spaced-kmer-mode 1 --db-load-mode 0 --pca 1 --pcb 1.5 --threads 32 --compressed 0 -v 3 -s 8.5 

2024-08-09 21:08:47,980 - INFO - 

2024-08-09 21:08:47,980 - INFO - Query database size: 38880 type: Profile

2024-08-09 21:08:47,980 - INFO - Estimated memory consumption: 488M

2024-08-09 21:08:47,980 - INFO - Target database size: 5 type: Aminoacid

2024-08-09 21:08:47,981 - INFO - Index table k-mer threshold: 0 at k-mer size 6 

2024-08-09 21:08:47,981 - INFO - Index table: counting k-mers

2024-08-09 21:08:48,103 - INFO - [=================================================================] 5 0s 2ms

2024-08-09 21:08:48,104 - INFO - Index table: Masked residues: 5

2024-08-09 21:08:48,104 - INFO - Index table: fill

2024-08-09 21:08:50,150 - INFO - [=================================================================] 5 0s 1ms

2024-08-09 21:08:50,150 - INFO - Index statistics

2024-08-09 21:08:50,150 - INFO - Entries:          552

2024-08-09 21:08:50,150 - INFO - DB size:          488 MB

2024-08-09 21:08:50,151 - INFO - Avg k-mer size:   0.000009

2024-08-09 21:08:50,151 - INFO - Top 10 k-mers

2024-08-09 21:08:50,151 - INFO -     DPTSCA	1

2024-08-09 21:08:50,151 - INFO -     DLELDA	1

2024-08-09 21:08:50,151 - INFO -     RDSQDA	1

2024-08-09 21:08:50,151 - INFO -     YQDFEA	1

2024-08-09 21:08:50,151 - INFO -     AGFPFA	1

2024-08-09 21:08:50,151 - INFO -     ELFSFA	1

2024-08-09 21:08:50,151 - INFO -     DVPGGA	1

2024-08-09 21:08:50,151 - INFO -     QVKSGA	1

2024-08-09 21:08:50,151 - INFO -     SVTTGA	1

2024-08-09 21:08:50,151 - INFO -     LSEMIA	1

2024-08-09 21:08:50,151 - INFO - Time for index table init: 0h 0m 0s 417ms

2024-08-09 21:08:50,151 - INFO - Process prefiltering step 1 of 1

2024-08-09 21:08:50,151 - INFO - 

2024-08-09 21:08:50,151 - INFO - k-mer similarity threshold: 81

2024-08-09 21:08:50,151 - INFO - Starting prefiltering scores calculation (step 1 of 1)

2024-08-09 21:08:50,152 - INFO - Query db start 1 to 38880

2024-08-09 21:08:50,152 - INFO - Target db start 1 to 5

2024-08-09 21:09:53,144 - INFO - [=================================================================] 38.88K 1m 3s 955ms

2024-08-09 21:09:53,144 - INFO - 

2024-08-09 21:09:53,145 - INFO - 5386.328443 k-mers per position

2024-08-09 21:09:53,145 - INFO - 7 DB matches per sequence

2024-08-09 21:09:53,145 - INFO - 0 overflows

2024-08-09 21:09:53,145 - INFO - 0 queries produce too many hits (truncated result)

2024-08-09 21:09:53,145 - INFO - 0 sequences passed prefiltering per query sequence

2024-08-09 21:09:53,145 - INFO - 0 median result list length

2024-08-09 21:09:53,145 - INFO - 32648 sequences with 0 size result lists

2024-08-09 21:09:53,145 - INFO - Time for merging to pref_0: 0h 0m 0s 25ms

2024-08-09 21:09:53,145 - INFO - Time for processing: 0h 1m 5s 313ms

2024-08-09 21:09:53,358 - INFO - align /data/yangy34/database/pharokka/phrogs_profile_db phage_pharokka/GCA_013114135.1_47|165-2204/target_dir/target_seqs phage_pharokka/GCA_013114135.1_47|165-2204/tmp_dir//1083255749403632050/pref_0 phage_pharokka/GCA_013114135.1_47|165-2204/mmseqs/results_mmseqs --sub-mat nucl:nucleotide.out,aa:blosum62.out -a 0 --alignment-mode 2 --alignment-output-mode 0 --wrapped-scoring 0 -e 1e-05 --min-seq-id 0 --min-aln-len 0 --seq-id-mode 0 --alt-ali 0 -c 0 --cov-mode 0 --max-seq-len 65535 --comp-bias-corr 1 --max-rejected 2147483647 --max-accept 2147483647 --add-self-matches 0 --db-load-mode 0 --pca 1 --pcb 1.5 --score-bias 0 --realign 0 --realign-score-bias -0.2 --realign-max-seqs 2147483647 --gap-open nucl:5,aa:11 --gap-extend nucl:2,aa:1 --zdrop 40 --threads 32 --compressed 0 -v 3 

2024-08-09 21:09:53,358 - INFO - 

2024-08-09 21:09:53,358 - INFO - Compute score and coverage

2024-08-09 21:09:53,358 - INFO - Query database size: 38880 type: Profile

2024-08-09 21:09:53,358 - INFO - Target database size: 5 type: Aminoacid

2024-08-09 21:09:53,358 - INFO - Calculation of alignments

2024-08-09 21:09:53,643 - INFO - [=================================================================] 38.88K 0s 217ms

2024-08-09 21:09:53,643 - INFO - Time for merging to results_mmseqs: 0h 0m 0s 25ms

2024-08-09 21:09:53,643 - INFO - 7041 alignments calculated

2024-08-09 21:09:53,643 - INFO - 1 sequence pairs passed the thresholds (0.000142 of overall calculated)

2024-08-09 21:09:53,643 - INFO - 0.000026 hits per query sequence

2024-08-09 21:09:53,643 - INFO - Time for processing: 0h 0m 0s 492ms

2024-08-09 21:09:53,911 - INFO - createtsv /data/yangy34/database/pharokka/phrogs_profile_db phage_pharokka/GCA_013114135.1_47|165-2204/target_dir/target_seqs phage_pharokka/GCA_013114135.1_47|165-2204/mmseqs/results_mmseqs phage_pharokka/GCA_013114135.1_47|165-2204/mmseqs_results.tsv --full-header --threads 32 

2024-08-09 21:09:53,911 - INFO - 

2024-08-09 21:09:53,911 - INFO - MMseqs Version:                 	13.45111

2024-08-09 21:09:53,911 - INFO - First sequence as representative	false

2024-08-09 21:09:53,911 - INFO - Target column                   	1

2024-08-09 21:09:53,911 - INFO - Add full header                 	true

2024-08-09 21:09:53,911 - INFO - Sequence source                 	0

2024-08-09 21:09:53,911 - INFO - Database output                 	false

2024-08-09 21:09:53,911 - INFO - Threads                         	32

2024-08-09 21:09:53,911 - INFO - Compressed                      	0

2024-08-09 21:09:53,911 - INFO - Verbosity                       	3

2024-08-09 21:09:53,912 - INFO - 

2024-08-09 21:09:53,912 - INFO - Time for merging to mmseqs_results.tsv: 0h 0m 0s 29ms

2024-08-09 21:09:53,912 - INFO - Time for processing: 0h 0m 0s 259ms

2024-08-09 21:09:53,929 - INFO - Running mmseqs2 on CARD.
2024-08-09 21:09:54,475 - INFO - createdb phage_pharokka/GCA_013114135.1_47|165-2204/phanotate_aas_tmp.fasta phage_pharokka/GCA_013114135.1_47|165-2204/CARD_target_dir/target_seqs 

2024-08-09 21:09:54,476 - INFO - 

2024-08-09 21:09:54,476 - INFO - MMseqs Version:       	13.45111

2024-08-09 21:09:54,476 - INFO - Database type         	0

2024-08-09 21:09:54,476 - INFO - Shuffle input database	true

2024-08-09 21:09:54,476 - INFO - Createdb mode         	0

2024-08-09 21:09:54,476 - INFO - Write lookup file     	1

2024-08-09 21:09:54,476 - INFO - Offset of numeric ids 	0

2024-08-09 21:09:54,476 - INFO - Compressed            	0

2024-08-09 21:09:54,476 - INFO - Verbosity             	3

2024-08-09 21:09:54,476 - INFO - 

2024-08-09 21:09:54,476 - INFO - Converting sequences

2024-08-09 21:09:54,476 - INFO - [

2024-08-09 21:09:54,476 - INFO - Time for merging to target_seqs_h: 0h 0m 0s 9ms

2024-08-09 21:09:54,476 - INFO - Time for merging to target_seqs: 0h 0m 0s 20ms

2024-08-09 21:09:54,476 - INFO - Database type: Aminoacid

2024-08-09 21:09:54,476 - INFO - Time for processing: 0h 0m 0s 541ms

2024-08-09 21:09:54,486 - INFO - Create directory phage_pharokka/GCA_013114135.1_47|165-2204/CARD_tmp_dir/

2024-08-09 21:09:54,486 - INFO - search --min-seq-id 0.8 -c 0.4 /data/yangy34/database/pharokka/CARD phage_pharokka/GCA_013114135.1_47|165-2204/CARD_target_dir/target_seqs phage_pharokka/GCA_013114135.1_47|165-2204/CARD/results_CARD phage_pharokka/GCA_013114135.1_47|165-2204/CARD_tmp_dir/ -s 8.5 --threads 32 

2024-08-09 21:09:54,486 - INFO - 

2024-08-09 21:09:54,486 - INFO - MMseqs Version:                        	13.45111

2024-08-09 21:09:54,486 - INFO - Substitution matrix                    	nucl:nucleotide.out,aa:blosum62.out

2024-08-09 21:09:54,486 - INFO - Add backtrace                          	false

2024-08-09 21:09:54,486 - INFO - Alignment mode                         	2

2024-08-09 21:09:54,486 - INFO - Alignment mode                         	0

2024-08-09 21:09:54,486 - INFO - Allow wrapped scoring                  	false

2024-08-09 21:09:54,486 - INFO - E-value threshold                      	0.001

2024-08-09 21:09:54,486 - INFO - Seq. id. threshold                     	0.8

2024-08-09 21:09:54,486 - INFO - Min alignment length                   	0

2024-08-09 21:09:54,486 - INFO - Seq. id. mode                          	0

2024-08-09 21:09:54,486 - INFO - Alternative alignments                 	0

2024-08-09 21:09:54,486 - INFO - Coverage threshold                     	0.4

2024-08-09 21:09:54,487 - INFO - Coverage mode                          	0

2024-08-09 21:09:54,487 - INFO - Max sequence length                    	65535

2024-08-09 21:09:54,487 - INFO - Compositional bias                     	1

2024-08-09 21:09:54,487 - INFO - Max reject                             	2147483647

2024-08-09 21:09:54,487 - INFO - Max accept                             	2147483647

2024-08-09 21:09:54,487 - INFO - Include identical seq. id.             	false

2024-08-09 21:09:54,487 - INFO - Preload mode                           	0

2024-08-09 21:09:54,487 - INFO - Pseudo count a                         	1

2024-08-09 21:09:54,487 - INFO - Pseudo count b                         	1.5

2024-08-09 21:09:54,487 - INFO - Score bias                             	0

2024-08-09 21:09:54,487 - INFO - Realign hits                           	false

2024-08-09 21:09:54,487 - INFO - Realign score bias                     	-0.2

2024-08-09 21:09:54,487 - INFO - Realign max seqs                       	2147483647

2024-08-09 21:09:54,487 - INFO - Gap open cost                          	nucl:5,aa:11

2024-08-09 21:09:54,487 - INFO - Gap extension cost                     	nucl:2,aa:1

2024-08-09 21:09:54,487 - INFO - Zdrop                                  	40

2024-08-09 21:09:54,487 - INFO - Threads                                	32

2024-08-09 21:09:54,487 - INFO - Compressed                             	0

2024-08-09 21:09:54,487 - INFO - Verbosity                              	3

2024-08-09 21:09:54,487 - INFO - Seed substitution matrix               	nucl:nucleotide.out,aa:VTML80.out

2024-08-09 21:09:54,487 - INFO - Sensitivity                            	8.5

2024-08-09 21:09:54,487 - INFO - k-mer length                           	0

2024-08-09 21:09:54,487 - INFO - k-score                                	2147483647

2024-08-09 21:09:54,487 - INFO - Alphabet size                          	nucl:5,aa:21

2024-08-09 21:09:54,487 - INFO - Max results per query                  	300

2024-08-09 21:09:54,487 - INFO - Split database                         	0

2024-08-09 21:09:54,487 - INFO - Split mode                             	2

2024-08-09 21:09:54,488 - INFO - Split memory limit                     	0

2024-08-09 21:09:54,488 - INFO - Diagonal scoring                       	true

2024-08-09 21:09:54,488 - INFO - Exact k-mer matching                   	0

2024-08-09 21:09:54,488 - INFO - Mask residues                          	1

2024-08-09 21:09:54,488 - INFO - Mask lower case residues               	0

2024-08-09 21:09:54,488 - INFO - Minimum diagonal score                 	15

2024-08-09 21:09:54,488 - INFO - Spaced k-mers                          	1

2024-08-09 21:09:54,488 - INFO - Spaced k-mer pattern                   	

2024-08-09 21:09:54,488 - INFO - Local temporary path                   	

2024-08-09 21:09:54,488 - INFO - Rescore mode                           	0

2024-08-09 21:09:54,488 - INFO - Remove hits by seq. id. and coverage   	false

2024-08-09 21:09:54,488 - INFO - Sort results                           	0

2024-08-09 21:09:54,488 - INFO - Mask profile                           	1

2024-08-09 21:09:54,488 - INFO - Profile E-value threshold              	0.1

2024-08-09 21:09:54,488 - INFO - Global sequence weighting              	false

2024-08-09 21:09:54,488 - INFO - Allow deletions                        	false

2024-08-09 21:09:54,488 - INFO - Filter MSA                             	1

2024-08-09 21:09:54,488 - INFO - Maximum seq. id. threshold             	0.9

2024-08-09 21:09:54,488 - INFO - Minimum seq. id.                       	0

2024-08-09 21:09:54,488 - INFO - Minimum score per column               	-20

2024-08-09 21:09:54,488 - INFO - Minimum coverage                       	0

2024-08-09 21:09:54,488 - INFO - Select N most diverse seqs             	1000

2024-08-09 21:09:54,488 - INFO - Min codons in orf                      	30

2024-08-09 21:09:54,488 - INFO - Max codons in length                   	32734

2024-08-09 21:09:54,488 - INFO - Max orf gaps                           	2147483647

2024-08-09 21:09:54,488 - INFO - Contig start mode                      	2

2024-08-09 21:09:54,488 - INFO - Contig end mode                        	2

2024-08-09 21:09:54,489 - INFO - Orf start mode                         	1

2024-08-09 21:09:54,489 - INFO - Forward frames                         	1,2,3

2024-08-09 21:09:54,489 - INFO - Reverse frames                         	1,2,3

2024-08-09 21:09:54,489 - INFO - Translation table                      	1

2024-08-09 21:09:54,489 - INFO - Translate orf                          	0

2024-08-09 21:09:54,489 - INFO - Use all table starts                   	false

2024-08-09 21:09:54,489 - INFO - Offset of numeric ids                  	0

2024-08-09 21:09:54,489 - INFO - Create lookup                          	0

2024-08-09 21:09:54,489 - INFO - Add orf stop                           	false

2024-08-09 21:09:54,489 - INFO - Overlap between sequences              	0

2024-08-09 21:09:54,489 - INFO - Sequence split mode                    	1

2024-08-09 21:09:54,489 - INFO - Header split mode                      	0

2024-08-09 21:09:54,489 - INFO - Chain overlapping alignments           	0

2024-08-09 21:09:54,489 - INFO - Merge query                            	1

2024-08-09 21:09:54,489 - INFO - Search type                            	0

2024-08-09 21:09:54,489 - INFO - Search iterations                      	1

2024-08-09 21:09:54,489 - INFO - Start sensitivity                      	4

2024-08-09 21:09:54,489 - INFO - Search steps                           	1

2024-08-09 21:09:54,489 - INFO - Exhaustive search mode                 	false

2024-08-09 21:09:54,489 - INFO - Filter results during exhaustive search	0

2024-08-09 21:09:54,489 - INFO - Strand selection                       	1

2024-08-09 21:09:54,489 - INFO - LCA search mode                        	false

2024-08-09 21:09:54,489 - INFO - Disk space limit                       	0

2024-08-09 21:09:54,489 - INFO - MPI runner                             	

2024-08-09 21:09:54,489 - INFO - Force restart with latest tmp          	false

2024-08-09 21:09:54,489 - INFO - Remove temporary files                 	false

2024-08-09 21:09:54,489 - INFO - 

2024-08-09 21:09:54,647 - INFO - prefilter /data/yangy34/database/pharokka/CARD phage_pharokka/GCA_013114135.1_47|165-2204/CARD_target_dir/target_seqs phage_pharokka/GCA_013114135.1_47|165-2204/CARD_tmp_dir//16309258407487120515/pref_0 --sub-mat nucl:nucleotide.out,aa:blosum62.out --seed-sub-mat nucl:nucleotide.out,aa:VTML80.out -k 0 --k-score 2147483647 --alph-size nucl:5,aa:21 --max-seq-len 65535 --max-seqs 300 --split 0 --split-mode 2 --split-memory-limit 0 -c 0.4 --cov-mode 0 --comp-bias-corr 1 --diag-score 1 --exact-kmer-matching 0 --mask 1 --mask-lower-case 0 --min-ungapped-score 15 --add-self-matches 0 --spaced-kmer-mode 1 --db-load-mode 0 --pca 1 --pcb 1.5 --threads 32 --compressed 0 -v 3 -s 8.5 

2024-08-09 21:09:54,647 - INFO - 

2024-08-09 21:09:54,648 - INFO - Query database size: 4641 type: Aminoacid

2024-08-09 21:09:54,648 - INFO - Estimated memory consumption: 977M

2024-08-09 21:09:54,648 - INFO - Target database size: 5 type: Aminoacid

2024-08-09 21:09:54,648 - INFO - Index table k-mer threshold: 87 at k-mer size 6 

2024-08-09 21:09:54,648 - INFO - Index table: counting k-mers

2024-08-09 21:09:54,770 - INFO - [=================================================================] 5 0s 3ms

2024-08-09 21:09:54,771 - INFO - Index table: Masked residues: 0

2024-08-09 21:09:54,771 - INFO - Index table: fill

2024-08-09 21:09:55,280 - INFO - [=================================================================] 5 0s 0ms

2024-08-09 21:09:55,281 - INFO - Index statistics

2024-08-09 21:09:55,281 - INFO - Entries:          566

2024-08-09 21:09:55,281 - INFO - DB size:          488 MB

2024-08-09 21:09:55,281 - INFO - Avg k-mer size:   0.000009

2024-08-09 21:09:55,281 - INFO - Top 10 k-mers

2024-08-09 21:09:55,281 - INFO -     DPTSCA	1

2024-08-09 21:09:55,281 - INFO -     DLELDA	1

2024-08-09 21:09:55,281 - INFO -     RDSQDA	1

2024-08-09 21:09:55,281 - INFO -     YQDFEA	1

2024-08-09 21:09:55,281 - INFO -     AGFPFA	1

2024-08-09 21:09:55,281 - INFO -     ELFSFA	1

2024-08-09 21:09:55,281 - INFO -     DVPGGA	1

2024-08-09 21:09:55,281 - INFO -     QVKSGA	1

2024-08-09 21:09:55,281 - INFO -     SVTTGA	1

2024-08-09 21:09:55,281 - INFO -     LSEMIA	1

2024-08-09 21:09:55,281 - INFO - Time for index table init: 0h 0m 0s 421ms

2024-08-09 21:09:55,281 - INFO - Process prefiltering step 1 of 1

2024-08-09 21:09:55,282 - INFO - 

2024-08-09 21:09:55,282 - INFO - k-mer similarity threshold: 87

2024-08-09 21:09:55,282 - INFO - Starting prefiltering scores calculation (step 1 of 1)

2024-08-09 21:09:55,282 - INFO - Query db start 1 to 4641

2024-08-09 21:09:55,282 - INFO - Target db start 1 to 5

2024-08-09 21:10:03,921 - INFO - [=================================================================] 4.64K 8s 705ms

2024-08-09 21:10:03,921 - INFO - 

2024-08-09 21:10:03,922 - INFO - 3883.681631 k-mers per position

2024-08-09 21:10:03,922 - INFO - 10 DB matches per sequence

2024-08-09 21:10:03,922 - INFO - 0 overflows

2024-08-09 21:10:03,922 - INFO - 0 queries produce too many hits (truncated result)

2024-08-09 21:10:03,922 - INFO - 0 sequences passed prefiltering per query sequence

2024-08-09 21:10:03,922 - INFO - 0 median result list length

2024-08-09 21:10:03,922 - INFO - 3942 sequences with 0 size result lists

2024-08-09 21:10:03,922 - INFO - Time for merging to pref_0: 0h 0m 0s 9ms

2024-08-09 21:10:03,922 - INFO - Time for processing: 0h 0m 9s 427ms

2024-08-09 21:10:03,960 - INFO - align /data/yangy34/database/pharokka/CARD phage_pharokka/GCA_013114135.1_47|165-2204/CARD_target_dir/target_seqs phage_pharokka/GCA_013114135.1_47|165-2204/CARD_tmp_dir//16309258407487120515/pref_0 phage_pharokka/GCA_013114135.1_47|165-2204/CARD/results_CARD --sub-mat nucl:nucleotide.out,aa:blosum62.out -a 0 --alignment-mode 2 --alignment-output-mode 0 --wrapped-scoring 0 -e 0.001 --min-seq-id 0.8 --min-aln-len 0 --seq-id-mode 0 --alt-ali 0 -c 0.4 --cov-mode 0 --max-seq-len 65535 --comp-bias-corr 1 --max-rejected 2147483647 --max-accept 2147483647 --add-self-matches 0 --db-load-mode 0 --pca 1 --pcb 1.5 --score-bias 0 --realign 0 --realign-score-bias -0.2 --realign-max-seqs 2147483647 --gap-open nucl:5,aa:11 --gap-extend nucl:2,aa:1 --zdrop 40 --threads 32 --compressed 0 -v 3 

2024-08-09 21:10:03,960 - INFO - 

2024-08-09 21:10:03,960 - INFO - Compute score and coverage

2024-08-09 21:10:03,960 - INFO - Query database size: 4641 type: Aminoacid

2024-08-09 21:10:03,960 - INFO - Target database size: 5 type: Aminoacid

2024-08-09 21:10:03,960 - INFO - Calculation of alignments

2024-08-09 21:10:03,979 - INFO - [=================================================================] 4.64K 0s 12ms

2024-08-09 21:10:03,979 - INFO - Time for merging to results_CARD: 0h 0m 0s 9ms

2024-08-09 21:10:03,979 - INFO - 681 alignments calculated

2024-08-09 21:10:03,979 - INFO - 0 sequence pairs passed the thresholds (0.000000 of overall calculated)

2024-08-09 21:10:03,979 - INFO - 0.000000 hits per query sequence

2024-08-09 21:10:03,979 - INFO - Time for processing: 0h 0m 0s 51ms

2024-08-09 21:10:04,476 - INFO - createtsv /data/yangy34/database/pharokka/CARD phage_pharokka/GCA_013114135.1_47|165-2204/CARD_target_dir/target_seqs phage_pharokka/GCA_013114135.1_47|165-2204/CARD/results_CARD phage_pharokka/GCA_013114135.1_47|165-2204/CARD_results.tsv --full-header --threads 32 

2024-08-09 21:10:04,476 - INFO - 

2024-08-09 21:10:04,477 - INFO - MMseqs Version:                 	13.45111

2024-08-09 21:10:04,477 - INFO - First sequence as representative	false

2024-08-09 21:10:04,477 - INFO - Target column                   	1

2024-08-09 21:10:04,477 - INFO - Add full header                 	true

2024-08-09 21:10:04,477 - INFO - Sequence source                 	0

2024-08-09 21:10:04,477 - INFO - Database output                 	false

2024-08-09 21:10:04,477 - INFO - Threads                         	32

2024-08-09 21:10:04,477 - INFO - Compressed                      	0

2024-08-09 21:10:04,477 - INFO - Verbosity                       	3

2024-08-09 21:10:04,477 - INFO - 

2024-08-09 21:10:04,477 - INFO - Time for merging to CARD_results.tsv: 0h 0m 0s 8ms

2024-08-09 21:10:04,477 - INFO - Time for processing: 0h 0m 0s 491ms

2024-08-09 21:10:04,486 - INFO - Running mmseqs2 on vfdb.
2024-08-09 21:10:04,603 - INFO - createdb phage_pharokka/GCA_013114135.1_47|165-2204/phanotate_aas_tmp.fasta phage_pharokka/GCA_013114135.1_47|165-2204/vfdb_target_dir/target_seqs 

2024-08-09 21:10:04,603 - INFO - 

2024-08-09 21:10:04,603 - INFO - MMseqs Version:       	13.45111

2024-08-09 21:10:04,603 - INFO - Database type         	0

2024-08-09 21:10:04,603 - INFO - Shuffle input database	true

2024-08-09 21:10:04,603 - INFO - Createdb mode         	0

2024-08-09 21:10:04,603 - INFO - Write lookup file     	1

2024-08-09 21:10:04,603 - INFO - Offset of numeric ids 	0

2024-08-09 21:10:04,603 - INFO - Compressed            	0

2024-08-09 21:10:04,603 - INFO - Verbosity             	3

2024-08-09 21:10:04,603 - INFO - 

2024-08-09 21:10:04,603 - INFO - Converting sequences

2024-08-09 21:10:04,603 - INFO - [

2024-08-09 21:10:04,603 - INFO - Time for merging to target_seqs_h: 0h 0m 0s 6ms

2024-08-09 21:10:04,603 - INFO - Time for merging to target_seqs: 0h 0m 0s 10ms

2024-08-09 21:10:04,603 - INFO - Database type: Aminoacid

2024-08-09 21:10:04,603 - INFO - Time for processing: 0h 0m 0s 112ms

2024-08-09 21:10:04,773 - INFO - Create directory phage_pharokka/GCA_013114135.1_47|165-2204/vfdb_tmp_dir/

2024-08-09 21:10:04,773 - INFO - search --min-seq-id 0.8 -c 0.4 /data/yangy34/database/pharokka/vfdb phage_pharokka/GCA_013114135.1_47|165-2204/vfdb_target_dir/target_seqs phage_pharokka/GCA_013114135.1_47|165-2204/vfdb/results_vfdb phage_pharokka/GCA_013114135.1_47|165-2204/vfdb_tmp_dir/ -s 8.5 --threads 32 

2024-08-09 21:10:04,773 - INFO - 

2024-08-09 21:10:04,773 - INFO - MMseqs Version:                        	13.45111

2024-08-09 21:10:04,773 - INFO - Substitution matrix                    	nucl:nucleotide.out,aa:blosum62.out

2024-08-09 21:10:04,773 - INFO - Add backtrace                          	false

2024-08-09 21:10:04,773 - INFO - Alignment mode                         	2

2024-08-09 21:10:04,773 - INFO - Alignment mode                         	0

2024-08-09 21:10:04,773 - INFO - Allow wrapped scoring                  	false

2024-08-09 21:10:04,773 - INFO - E-value threshold                      	0.001

2024-08-09 21:10:04,773 - INFO - Seq. id. threshold                     	0.8

2024-08-09 21:10:04,773 - INFO - Min alignment length                   	0

2024-08-09 21:10:04,773 - INFO - Seq. id. mode                          	0

2024-08-09 21:10:04,773 - INFO - Alternative alignments                 	0

2024-08-09 21:10:04,773 - INFO - Coverage threshold                     	0.4

2024-08-09 21:10:04,773 - INFO - Coverage mode                          	0

2024-08-09 21:10:04,773 - INFO - Max sequence length                    	65535

2024-08-09 21:10:04,774 - INFO - Compositional bias                     	1

2024-08-09 21:10:04,774 - INFO - Max reject                             	2147483647

2024-08-09 21:10:04,774 - INFO - Max accept                             	2147483647

2024-08-09 21:10:04,774 - INFO - Include identical seq. id.             	false

2024-08-09 21:10:04,774 - INFO - Preload mode                           	0

2024-08-09 21:10:04,774 - INFO - Pseudo count a                         	1

2024-08-09 21:10:04,774 - INFO - Pseudo count b                         	1.5

2024-08-09 21:10:04,774 - INFO - Score bias                             	0

2024-08-09 21:10:04,774 - INFO - Realign hits                           	false

2024-08-09 21:10:04,774 - INFO - Realign score bias                     	-0.2

2024-08-09 21:10:04,774 - INFO - Realign max seqs                       	2147483647

2024-08-09 21:10:04,774 - INFO - Gap open cost                          	nucl:5,aa:11

2024-08-09 21:10:04,774 - INFO - Gap extension cost                     	nucl:2,aa:1

2024-08-09 21:10:04,774 - INFO - Zdrop                                  	40

2024-08-09 21:10:04,774 - INFO - Threads                                	32

2024-08-09 21:10:04,774 - INFO - Compressed                             	0

2024-08-09 21:10:04,774 - INFO - Verbosity                              	3

2024-08-09 21:10:04,774 - INFO - Seed substitution matrix               	nucl:nucleotide.out,aa:VTML80.out

2024-08-09 21:10:04,774 - INFO - Sensitivity                            	8.5

2024-08-09 21:10:04,774 - INFO - k-mer length                           	0

2024-08-09 21:10:04,774 - INFO - k-score                                	2147483647

2024-08-09 21:10:04,774 - INFO - Alphabet size                          	nucl:5,aa:21

2024-08-09 21:10:04,774 - INFO - Max results per query                  	300

2024-08-09 21:10:04,774 - INFO - Split database                         	0

2024-08-09 21:10:04,774 - INFO - Split mode                             	2

2024-08-09 21:10:04,774 - INFO - Split memory limit                     	0

2024-08-09 21:10:04,775 - INFO - Diagonal scoring                       	true

2024-08-09 21:10:04,775 - INFO - Exact k-mer matching                   	0

2024-08-09 21:10:04,775 - INFO - Mask residues                          	1

2024-08-09 21:10:04,775 - INFO - Mask lower case residues               	0

2024-08-09 21:10:04,775 - INFO - Minimum diagonal score                 	15

2024-08-09 21:10:04,775 - INFO - Spaced k-mers                          	1

2024-08-09 21:10:04,775 - INFO - Spaced k-mer pattern                   	

2024-08-09 21:10:04,775 - INFO - Local temporary path                   	

2024-08-09 21:10:04,775 - INFO - Rescore mode                           	0

2024-08-09 21:10:04,775 - INFO - Remove hits by seq. id. and coverage   	false

2024-08-09 21:10:04,775 - INFO - Sort results                           	0

2024-08-09 21:10:04,775 - INFO - Mask profile                           	1

2024-08-09 21:10:04,775 - INFO - Profile E-value threshold              	0.1

2024-08-09 21:10:04,775 - INFO - Global sequence weighting              	false

2024-08-09 21:10:04,775 - INFO - Allow deletions                        	false

2024-08-09 21:10:04,775 - INFO - Filter MSA                             	1

2024-08-09 21:10:04,775 - INFO - Maximum seq. id. threshold             	0.9

2024-08-09 21:10:04,775 - INFO - Minimum seq. id.                       	0

2024-08-09 21:10:04,775 - INFO - Minimum score per column               	-20

2024-08-09 21:10:04,775 - INFO - Minimum coverage                       	0

2024-08-09 21:10:04,775 - INFO - Select N most diverse seqs             	1000

2024-08-09 21:10:04,775 - INFO - Min codons in orf                      	30

2024-08-09 21:10:04,775 - INFO - Max codons in length                   	32734

2024-08-09 21:10:04,775 - INFO - Max orf gaps                           	2147483647

2024-08-09 21:10:04,775 - INFO - Contig start mode                      	2

2024-08-09 21:10:04,775 - INFO - Contig end mode                        	2

2024-08-09 21:10:04,775 - INFO - Orf start mode                         	1

2024-08-09 21:10:04,776 - INFO - Forward frames                         	1,2,3

2024-08-09 21:10:04,776 - INFO - Reverse frames                         	1,2,3

2024-08-09 21:10:04,776 - INFO - Translation table                      	1

2024-08-09 21:10:04,776 - INFO - Translate orf                          	0

2024-08-09 21:10:04,776 - INFO - Use all table starts                   	false

2024-08-09 21:10:04,776 - INFO - Offset of numeric ids                  	0

2024-08-09 21:10:04,776 - INFO - Create lookup                          	0

2024-08-09 21:10:04,776 - INFO - Add orf stop                           	false

2024-08-09 21:10:04,776 - INFO - Overlap between sequences              	0

2024-08-09 21:10:04,776 - INFO - Sequence split mode                    	1

2024-08-09 21:10:04,776 - INFO - Header split mode                      	0

2024-08-09 21:10:04,776 - INFO - Chain overlapping alignments           	0

2024-08-09 21:10:04,776 - INFO - Merge query                            	1

2024-08-09 21:10:04,776 - INFO - Search type                            	0

2024-08-09 21:10:04,776 - INFO - Search iterations                      	1

2024-08-09 21:10:04,776 - INFO - Start sensitivity                      	4

2024-08-09 21:10:04,776 - INFO - Search steps                           	1

2024-08-09 21:10:04,776 - INFO - Exhaustive search mode                 	false

2024-08-09 21:10:04,776 - INFO - Filter results during exhaustive search	0

2024-08-09 21:10:04,776 - INFO - Strand selection                       	1

2024-08-09 21:10:04,776 - INFO - LCA search mode                        	false

2024-08-09 21:10:04,776 - INFO - Disk space limit                       	0

2024-08-09 21:10:04,776 - INFO - MPI runner                             	

2024-08-09 21:10:04,776 - INFO - Force restart with latest tmp          	false

2024-08-09 21:10:04,776 - INFO - Remove temporary files                 	false

2024-08-09 21:10:04,776 - INFO - 

2024-08-09 21:10:04,942 - INFO - prefilter /data/yangy34/database/pharokka/vfdb phage_pharokka/GCA_013114135.1_47|165-2204/vfdb_target_dir/target_seqs phage_pharokka/GCA_013114135.1_47|165-2204/vfdb_tmp_dir//12138649735273468907/pref_0 --sub-mat nucl:nucleotide.out,aa:blosum62.out --seed-sub-mat nucl:nucleotide.out,aa:VTML80.out -k 0 --k-score 2147483647 --alph-size nucl:5,aa:21 --max-seq-len 65535 --max-seqs 300 --split 0 --split-mode 2 --split-memory-limit 0 -c 0.4 --cov-mode 0 --comp-bias-corr 1 --diag-score 1 --exact-kmer-matching 0 --mask 1 --mask-lower-case 0 --min-ungapped-score 15 --add-self-matches 0 --spaced-kmer-mode 1 --db-load-mode 0 --pca 1 --pcb 1.5 --threads 32 --compressed 0 -v 3 -s 8.5 

2024-08-09 21:10:04,942 - INFO - 

2024-08-09 21:10:04,942 - INFO - Query database size: 27504 type: Aminoacid

2024-08-09 21:10:04,942 - INFO - Estimated memory consumption: 977M

2024-08-09 21:10:04,942 - INFO - Target database size: 5 type: Aminoacid

2024-08-09 21:10:04,942 - INFO - Index table k-mer threshold: 87 at k-mer size 6 

2024-08-09 21:10:04,942 - INFO - Index table: counting k-mers

2024-08-09 21:10:05,067 - INFO - [=================================================================] 5 0s 4ms

2024-08-09 21:10:05,068 - INFO - Index table: Masked residues: 0

2024-08-09 21:10:05,068 - INFO - Index table: fill

2024-08-09 21:10:06,366 - INFO - [=================================================================] 5 0s 1ms

2024-08-09 21:10:06,367 - INFO - Index statistics

2024-08-09 21:10:06,367 - INFO - Entries:          566

2024-08-09 21:10:06,367 - INFO - DB size:          488 MB

2024-08-09 21:10:06,367 - INFO - Avg k-mer size:   0.000009

2024-08-09 21:10:06,367 - INFO - Top 10 k-mers

2024-08-09 21:10:06,367 - INFO -     DPTSCA	1

2024-08-09 21:10:06,367 - INFO -     DLELDA	1

2024-08-09 21:10:06,367 - INFO -     RDSQDA	1

2024-08-09 21:10:06,367 - INFO -     YQDFEA	1

2024-08-09 21:10:06,367 - INFO -     AGFPFA	1

2024-08-09 21:10:06,367 - INFO -     ELFSFA	1

2024-08-09 21:10:06,367 - INFO -     DVPGGA	1

2024-08-09 21:10:06,367 - INFO -     QVKSGA	1

2024-08-09 21:10:06,367 - INFO -     SVTTGA	1

2024-08-09 21:10:06,367 - INFO -     LSEMIA	1

2024-08-09 21:10:06,368 - INFO - Time for index table init: 0h 0m 0s 432ms

2024-08-09 21:10:06,368 - INFO - Process prefiltering step 1 of 1

2024-08-09 21:10:06,368 - INFO - 

2024-08-09 21:10:06,368 - INFO - k-mer similarity threshold: 87

2024-08-09 21:10:06,368 - INFO - Starting prefiltering scores calculation (step 1 of 1)

2024-08-09 21:10:06,368 - INFO - Query db start 1 to 27504

2024-08-09 21:10:06,368 - INFO - Target db start 1 to 5

2024-08-09 21:11:10,129 - INFO - [=================================================================] 27.50K 1m 4s 384ms

2024-08-09 21:11:10,130 - INFO - 

2024-08-09 21:11:10,130 - INFO - 3159.764157 k-mers per position

2024-08-09 21:11:10,130 - INFO - 14 DB matches per sequence

2024-08-09 21:11:10,130 - INFO - 0 overflows

2024-08-09 21:11:10,130 - INFO - 0 queries produce too many hits (truncated result)

2024-08-09 21:11:10,130 - INFO - 0 sequences passed prefiltering per query sequence

2024-08-09 21:11:10,130 - INFO - 0 median result list length

2024-08-09 21:11:10,130 - INFO - 21028 sequences with 0 size result lists

2024-08-09 21:11:10,130 - INFO - Time for merging to pref_0: 0h 0m 0s 18ms

2024-08-09 21:11:10,130 - INFO - Time for processing: 0h 1m 5s 349ms

2024-08-09 21:11:10,164 - INFO - align /data/yangy34/database/pharokka/vfdb phage_pharokka/GCA_013114135.1_47|165-2204/vfdb_target_dir/target_seqs phage_pharokka/GCA_013114135.1_47|165-2204/vfdb_tmp_dir//12138649735273468907/pref_0 phage_pharokka/GCA_013114135.1_47|165-2204/vfdb/results_vfdb --sub-mat nucl:nucleotide.out,aa:blosum62.out -a 0 --alignment-mode 2 --alignment-output-mode 0 --wrapped-scoring 0 -e 0.001 --min-seq-id 0.8 --min-aln-len 0 --seq-id-mode 0 --alt-ali 0 -c 0.4 --cov-mode 0 --max-seq-len 65535 --comp-bias-corr 1 --max-rejected 2147483647 --max-accept 2147483647 --add-self-matches 0 --db-load-mode 0 --pca 1 --pcb 1.5 --score-bias 0 --realign 0 --realign-score-bias -0.2 --realign-max-seqs 2147483647 --gap-open nucl:5,aa:11 --gap-extend nucl:2,aa:1 --zdrop 40 --threads 32 --compressed 0 -v 3 

2024-08-09 21:11:10,165 - INFO - 

2024-08-09 21:11:10,165 - INFO - Compute score and coverage

2024-08-09 21:11:10,165 - INFO - Query database size: 27504 type: Aminoacid

2024-08-09 21:11:10,165 - INFO - Target database size: 5 type: Aminoacid

2024-08-09 21:11:10,165 - INFO - Calculation of alignments

2024-08-09 21:11:10,210 - INFO - [=================================================================] 27.50K 0s 28ms

2024-08-09 21:11:10,211 - INFO - Time for merging to results_vfdb: 0h 0m 0s 15ms

2024-08-09 21:11:10,211 - INFO - 3341 alignments calculated

2024-08-09 21:11:10,211 - INFO - 0 sequence pairs passed the thresholds (0.000000 of overall calculated)

2024-08-09 21:11:10,211 - INFO - 0.000000 hits per query sequence

2024-08-09 21:11:10,211 - INFO - Time for processing: 0h 0m 0s 73ms

2024-08-09 21:11:10,371 - INFO - createtsv /data/yangy34/database/pharokka/vfdb phage_pharokka/GCA_013114135.1_47|165-2204/vfdb_target_dir/target_seqs phage_pharokka/GCA_013114135.1_47|165-2204/vfdb/results_vfdb phage_pharokka/GCA_013114135.1_47|165-2204/vfdb_results.tsv --full-header --threads 32 

2024-08-09 21:11:10,371 - INFO - 

2024-08-09 21:11:10,371 - INFO - MMseqs Version:                 	13.45111

2024-08-09 21:11:10,371 - INFO - First sequence as representative	false

2024-08-09 21:11:10,371 - INFO - Target column                   	1

2024-08-09 21:11:10,371 - INFO - Add full header                 	true

2024-08-09 21:11:10,371 - INFO - Sequence source                 	0

2024-08-09 21:11:10,371 - INFO - Database output                 	false

2024-08-09 21:11:10,371 - INFO - Threads                         	32

2024-08-09 21:11:10,371 - INFO - Compressed                      	0

2024-08-09 21:11:10,371 - INFO - Verbosity                       	3

2024-08-09 21:11:10,371 - INFO - 

2024-08-09 21:11:10,371 - INFO - Time for merging to vfdb_results.tsv: 0h 0m 0s 19ms

2024-08-09 21:11:10,371 - INFO - Time for processing: 0h 0m 0s 153ms

2024-08-09 21:11:10,387 - INFO - Post Processing Output.
2024-08-09 21:11:10,699 - INFO - Converting gff to genbank.
2024-08-09 21:11:10,715 - WARNING - /gpfs/gsfs12/users/yangy34/softwares/mambaforge/envs/pharokka-env/lib/python3.10/site-packages/Bio/SeqIO/InsdcIO.py:728: BiopythonWarning: Increasing length of locus line to allow long name. This will result in fields that are not in usual positions.
  warnings.warn(

2024-08-09 21:11:10,730 - INFO - Finding the closest match for each contig in INPHARED using mash.
2024-08-09 21:11:10,816 - INFO - Sketching GCA_013114135_6_phages_vs2/GCA_013114135.1_47_165_2204_prophage.fasta...

2024-08-09 21:11:10,826 - INFO - Writing to phage_pharokka/GCA_013114135.1_47|165-2204/input_mash_sketch.msh...

2024-08-09 21:11:12,360 - INFO - pharokka has finished
2024-08-09 21:11:12,360 - INFO - Elapsed time: 153.86 seconds
2024-08-09 21:11:12,360 - INFO - If you use pharokka in your research, please cite:
2024-08-09 21:11:12,360 - INFO - George Bouras, Roshan Nepal, Ghais Houtak, Alkis James Psaltis, Peter-John Wormald, Sarah Vreugde.
2024-08-09 21:11:12,361 - INFO - Pharokka: a fast scalable bacteriophage annotation tool.
2024-08-09 21:11:12,361 - INFO - Bioinformatics, Volume 39, Issue 1, January 2023, btac776.
2024-08-09 21:11:12,361 - INFO - https://doi.org/10.1093/bioinformatics/btac776.
2024-08-09 21:11:12,361 - INFO - You should also cite the full list of tools pharokka uses, which can be found at https://github.com/gbouras13/pharokka#citation.
