2024-08-08 22:26:58,099 - INFO - Starting pharokka v1.3.2
2024-08-08 22:26:58,099 - INFO - Input args: Namespace(infile='GCA_015343595.1_53_phages/GCA_015343595.1_988_491_3199_prophage.fasta', outdir='phage_pharokka/GCA_015343595.1_988|491-3199', database='/data/yangy34/database/pharokka', threads='32', force=False, prefix='Default', locustag='Default', gene_predictor='phanotate', meta=False, split=False, coding_table='11', evalue='1E-05', terminase=False, terminase_strand='nothing', terminase_start='nothing', citation=False)
2024-08-08 22:26:58,099 - INFO - Checking database installation.
2024-08-08 22:26:58,117 - INFO - All databases have been successfully checked.
2024-08-08 22:26:58,117 - INFO - Checking dependencies.
2024-08-08 22:26:59,108 - INFO - phan_out version found is v1.5.1.
2024-08-08 22:26:59,108 - INFO - Phanotate version is ok.
2024-08-08 22:26:59,169 - INFO - MMseqs2 version found is v13.45111.
2024-08-08 22:26:59,169 - INFO - MMseqs2 version is ok.
2024-08-08 22:27:00,031 - INFO - tRNAscan-SE version found is v2.45111.11.
2024-08-08 22:27:00,031 - INFO - tRNAscan-SE version is ok.
2024-08-08 22:27:00,540 - INFO - MinCED version found is v0.4.2.
2024-08-08 22:27:00,540 - INFO - MinCED version is ok.
2024-08-08 22:27:00,559 - INFO - ARAGORN version found is v1.2.41.
2024-08-08 22:27:00,559 - INFO - ARAGORN version is ok.
2024-08-08 22:27:00,627 - INFO - mash version found is v2.2.
2024-08-08 22:27:00,627 - INFO - mash version is ok.
2024-08-08 22:27:00,858 - INFO - Running Phanotate.
2024-08-08 22:27:02,905 - INFO - Translating gene predicted fastas.
2024-08-08 22:27:02,919 - INFO - Starting tRNA-scanSE
2024-08-08 22:27:03,059 - INFO - 

2024-08-08 22:27:03,059 - INFO - tRNAscan-SE v.2.0.11 (Oct 2022) - scan sequences for transfer RNAs

2024-08-08 22:27:03,059 - INFO - Copyright (C) 2022 Patricia Chan and Todd Lowe

2024-08-08 22:27:03,059 - INFO -                    University of California Santa Cruz

2024-08-08 22:27:03,059 - INFO - Freely distributed under the GNU General Public License (GPLv3)

2024-08-08 22:27:03,059 - INFO - 

2024-08-08 22:27:03,059 - INFO - ------------------------------------------------------------

2024-08-08 22:27:03,059 - INFO - Sequence file(s) to search:        GCA_015343595.1_53_phages/GCA_015343595.1_988_491_3199_prophage.fasta

2024-08-08 22:27:03,060 - INFO - Search Mode:                       General

2024-08-08 22:27:03,060 - INFO - Results written to:                Standard output

2024-08-08 22:27:03,060 - INFO - Output format:                     Tabular

2024-08-08 22:27:03,060 - INFO - Searching with:                    Infernal single-pass scan

2024-08-08 22:27:03,060 - INFO -                                    Fast mode

2024-08-08 22:27:03,060 - INFO - Covariance model:                  /gpfs/gsfs12/users/yangy34/softwares/mambaforge/envs/pharokka-env/lib/tRNAscan-SE/models/TRNAinf.cm

2024-08-08 22:27:03,060 - INFO - 

2024-08-08 22:27:03,060 - INFO - Temporary directory:               /tmp

2024-08-08 22:27:03,060 - INFO - tRNA predictions saved to:         phage_pharokka/GCA_015343595.1_988|491-3199/trnascan_out.gff

2024-08-08 22:27:03,060 - INFO - ------------------------------------------------------------

2024-08-08 22:27:03,060 - INFO - 

2024-08-08 22:27:03,166 - INFO - No tRNAs found.

2024-08-08 22:27:03,166 - INFO - 

2024-08-08 22:27:03,179 - INFO - Running MinCED.
2024-08-08 22:27:03,300 - INFO - Running Aragorn.
2024-08-08 22:27:03,303 - INFO - Starting MMseqs2.
2024-08-08 22:27:03,303 - INFO - Running MMseqs2 on PHROGs Database.
2024-08-08 22:27:03,390 - INFO - createdb phage_pharokka/GCA_015343595.1_988|491-3199/phanotate_aas_tmp.fasta phage_pharokka/GCA_015343595.1_988|491-3199/target_dir/target_seqs 

2024-08-08 22:27:03,390 - INFO - 

2024-08-08 22:27:03,390 - INFO - MMseqs Version:       	13.45111

2024-08-08 22:27:03,390 - INFO - Database type         	0

2024-08-08 22:27:03,390 - INFO - Shuffle input database	true

2024-08-08 22:27:03,391 - INFO - Createdb mode         	0

2024-08-08 22:27:03,391 - INFO - Write lookup file     	1

2024-08-08 22:27:03,391 - INFO - Offset of numeric ids 	0

2024-08-08 22:27:03,391 - INFO - Compressed            	0

2024-08-08 22:27:03,391 - INFO - Verbosity             	3

2024-08-08 22:27:03,391 - INFO - 

2024-08-08 22:27:03,391 - INFO - Converting sequences

2024-08-08 22:27:03,392 - INFO - [

2024-08-08 22:27:03,392 - INFO - Time for merging to target_seqs_h: 0h 0m 0s 21ms

2024-08-08 22:27:03,392 - INFO - Time for merging to target_seqs: 0h 0m 0s 20ms

2024-08-08 22:27:03,392 - INFO - Database type: Aminoacid

2024-08-08 22:27:03,392 - INFO - Time for processing: 0h 0m 0s 79ms

2024-08-08 22:27:03,401 - INFO - Create directory phage_pharokka/GCA_015343595.1_988|491-3199/tmp_dir/

2024-08-08 22:27:03,401 - INFO - search -e 1E-05 /data/yangy34/database/pharokka/phrogs_profile_db phage_pharokka/GCA_015343595.1_988|491-3199/target_dir/target_seqs phage_pharokka/GCA_015343595.1_988|491-3199/mmseqs/results_mmseqs phage_pharokka/GCA_015343595.1_988|491-3199/tmp_dir/ -s 8.5 --threads 32 

2024-08-08 22:27:03,401 - INFO - 

2024-08-08 22:27:03,401 - INFO - MMseqs Version:                        	13.45111

2024-08-08 22:27:03,401 - INFO - Substitution matrix                    	nucl:nucleotide.out,aa:blosum62.out

2024-08-08 22:27:03,401 - INFO - Add backtrace                          	false

2024-08-08 22:27:03,401 - INFO - Alignment mode                         	2

2024-08-08 22:27:03,401 - INFO - Alignment mode                         	0

2024-08-08 22:27:03,401 - INFO - Allow wrapped scoring                  	false

2024-08-08 22:27:03,401 - INFO - E-value threshold                      	1e-05

2024-08-08 22:27:03,401 - INFO - Seq. id. threshold                     	0

2024-08-08 22:27:03,401 - INFO - Min alignment length                   	0

2024-08-08 22:27:03,401 - INFO - Seq. id. mode                          	0

2024-08-08 22:27:03,401 - INFO - Alternative alignments                 	0

2024-08-08 22:27:03,402 - INFO - Coverage threshold                     	0

2024-08-08 22:27:03,402 - INFO - Coverage mode                          	0

2024-08-08 22:27:03,402 - INFO - Max sequence length                    	65535

2024-08-08 22:27:03,402 - INFO - Compositional bias                     	1

2024-08-08 22:27:03,402 - INFO - Max reject                             	2147483647

2024-08-08 22:27:03,402 - INFO - Max accept                             	2147483647

2024-08-08 22:27:03,402 - INFO - Include identical seq. id.             	false

2024-08-08 22:27:03,402 - INFO - Preload mode                           	0

2024-08-08 22:27:03,402 - INFO - Pseudo count a                         	1

2024-08-08 22:27:03,402 - INFO - Pseudo count b                         	1.5

2024-08-08 22:27:03,402 - INFO - Score bias                             	0

2024-08-08 22:27:03,402 - INFO - Realign hits                           	false

2024-08-08 22:27:03,402 - INFO - Realign score bias                     	-0.2

2024-08-08 22:27:03,402 - INFO - Realign max seqs                       	2147483647

2024-08-08 22:27:03,402 - INFO - Gap open cost                          	nucl:5,aa:11

2024-08-08 22:27:03,402 - INFO - Gap extension cost                     	nucl:2,aa:1

2024-08-08 22:27:03,402 - INFO - Zdrop                                  	40

2024-08-08 22:27:03,402 - INFO - Threads                                	32

2024-08-08 22:27:03,402 - INFO - Compressed                             	0

2024-08-08 22:27:03,402 - INFO - Verbosity                              	3

2024-08-08 22:27:03,402 - INFO - Seed substitution matrix               	nucl:nucleotide.out,aa:VTML80.out

2024-08-08 22:27:03,402 - INFO - Sensitivity                            	8.5

2024-08-08 22:27:03,402 - INFO - k-mer length                           	0

2024-08-08 22:27:03,402 - INFO - k-score                                	2147483647

2024-08-08 22:27:03,402 - INFO - Alphabet size                          	nucl:5,aa:21

2024-08-08 22:27:03,403 - INFO - Max results per query                  	300

2024-08-08 22:27:03,403 - INFO - Split database                         	0

2024-08-08 22:27:03,403 - INFO - Split mode                             	2

2024-08-08 22:27:03,403 - INFO - Split memory limit                     	0

2024-08-08 22:27:03,403 - INFO - Diagonal scoring                       	true

2024-08-08 22:27:03,403 - INFO - Exact k-mer matching                   	0

2024-08-08 22:27:03,403 - INFO - Mask residues                          	1

2024-08-08 22:27:03,403 - INFO - Mask lower case residues               	0

2024-08-08 22:27:03,403 - INFO - Minimum diagonal score                 	15

2024-08-08 22:27:03,403 - INFO - Spaced k-mers                          	1

2024-08-08 22:27:03,403 - INFO - Spaced k-mer pattern                   	

2024-08-08 22:27:03,403 - INFO - Local temporary path                   	

2024-08-08 22:27:03,403 - INFO - Rescore mode                           	0

2024-08-08 22:27:03,403 - INFO - Remove hits by seq. id. and coverage   	false

2024-08-08 22:27:03,403 - INFO - Sort results                           	0

2024-08-08 22:27:03,403 - INFO - Mask profile                           	1

2024-08-08 22:27:03,403 - INFO - Profile E-value threshold              	0.1

2024-08-08 22:27:03,403 - INFO - Global sequence weighting              	false

2024-08-08 22:27:03,403 - INFO - Allow deletions                        	false

2024-08-08 22:27:03,403 - INFO - Filter MSA                             	1

2024-08-08 22:27:03,403 - INFO - Maximum seq. id. threshold             	0.9

2024-08-08 22:27:03,403 - INFO - Minimum seq. id.                       	0

2024-08-08 22:27:03,403 - INFO - Minimum score per column               	-20

2024-08-08 22:27:03,403 - INFO - Minimum coverage                       	0

2024-08-08 22:27:03,403 - INFO - Select N most diverse seqs             	1000

2024-08-08 22:27:03,403 - INFO - Min codons in orf                      	30

2024-08-08 22:27:03,404 - INFO - Max codons in length                   	32734

2024-08-08 22:27:03,404 - INFO - Max orf gaps                           	2147483647

2024-08-08 22:27:03,404 - INFO - Contig start mode                      	2

2024-08-08 22:27:03,404 - INFO - Contig end mode                        	2

2024-08-08 22:27:03,404 - INFO - Orf start mode                         	1

2024-08-08 22:27:03,404 - INFO - Forward frames                         	1,2,3

2024-08-08 22:27:03,404 - INFO - Reverse frames                         	1,2,3

2024-08-08 22:27:03,404 - INFO - Translation table                      	1

2024-08-08 22:27:03,404 - INFO - Translate orf                          	0

2024-08-08 22:27:03,404 - INFO - Use all table starts                   	false

2024-08-08 22:27:03,404 - INFO - Offset of numeric ids                  	0

2024-08-08 22:27:03,404 - INFO - Create lookup                          	0

2024-08-08 22:27:03,404 - INFO - Add orf stop                           	false

2024-08-08 22:27:03,404 - INFO - Overlap between sequences              	0

2024-08-08 22:27:03,404 - INFO - Sequence split mode                    	1

2024-08-08 22:27:03,404 - INFO - Header split mode                      	0

2024-08-08 22:27:03,404 - INFO - Chain overlapping alignments           	0

2024-08-08 22:27:03,404 - INFO - Merge query                            	1

2024-08-08 22:27:03,404 - INFO - Search type                            	0

2024-08-08 22:27:03,404 - INFO - Search iterations                      	1

2024-08-08 22:27:03,404 - INFO - Start sensitivity                      	4

2024-08-08 22:27:03,404 - INFO - Search steps                           	1

2024-08-08 22:27:03,404 - INFO - Exhaustive search mode                 	false

2024-08-08 22:27:03,404 - INFO - Filter results during exhaustive search	0

2024-08-08 22:27:03,404 - INFO - Strand selection                       	1

2024-08-08 22:27:03,405 - INFO - LCA search mode                        	false

2024-08-08 22:27:03,405 - INFO - Disk space limit                       	0

2024-08-08 22:27:03,405 - INFO - MPI runner                             	

2024-08-08 22:27:03,405 - INFO - Force restart with latest tmp          	false

2024-08-08 22:27:03,405 - INFO - Remove temporary files                 	false

2024-08-08 22:27:03,405 - INFO - 

2024-08-08 22:27:03,558 - INFO - prefilter /data/yangy34/database/pharokka/phrogs_profile_db phage_pharokka/GCA_015343595.1_988|491-3199/target_dir/target_seqs phage_pharokka/GCA_015343595.1_988|491-3199/tmp_dir//5730004795309116583/pref_0 --sub-mat nucl:nucleotide.out,aa:blosum62.out --seed-sub-mat nucl:nucleotide.out,aa:VTML80.out -k 0 --k-score 2147483647 --alph-size nucl:5,aa:21 --max-seq-len 65535 --max-seqs 300 --split 0 --split-mode 2 --split-memory-limit 0 -c 0 --cov-mode 0 --comp-bias-corr 1 --diag-score 1 --exact-kmer-matching 0 --mask 1 --mask-lower-case 0 --min-ungapped-score 15 --add-self-matches 0 --spaced-kmer-mode 1 --db-load-mode 0 --pca 1 --pcb 1.5 --threads 32 --compressed 0 -v 3 -s 8.5 

2024-08-08 22:27:03,559 - INFO - 

2024-08-08 22:27:03,559 - INFO - Query database size: 38880 type: Profile

2024-08-08 22:27:03,559 - INFO - Estimated memory consumption: 488M

2024-08-08 22:27:03,559 - INFO - Target database size: 2 type: Aminoacid

2024-08-08 22:27:03,559 - INFO - Index table k-mer threshold: 0 at k-mer size 6 

2024-08-08 22:27:03,559 - INFO - Index table: counting k-mers

2024-08-08 22:27:03,682 - INFO - [=================================================================] 2 0s 2ms

2024-08-08 22:27:03,682 - INFO - Index table: Masked residues: 0

2024-08-08 22:27:03,682 - INFO - Index table: fill

2024-08-08 22:27:04,989 - INFO - [=================================================================] 2 0s 0ms

2024-08-08 22:27:04,990 - INFO - Index statistics

2024-08-08 22:27:04,990 - INFO - Entries:          866

2024-08-08 22:27:04,990 - INFO - DB size:          488 MB

2024-08-08 22:27:04,990 - INFO - Avg k-mer size:   0.000014

2024-08-08 22:27:04,990 - INFO - Top 10 k-mers

2024-08-08 22:27:04,990 - INFO -     VSELAA	1

2024-08-08 22:27:04,990 - INFO -     VPSTAA	1

2024-08-08 22:27:04,990 - INFO -     QLIECA	1

2024-08-08 22:27:04,990 - INFO -     DVDDDA	1

2024-08-08 22:27:04,990 - INFO -     NAWIDA	1

2024-08-08 22:27:04,990 - INFO -     IDKSDA	1

2024-08-08 22:27:04,990 - INFO -     IDLSDA	1

2024-08-08 22:27:04,990 - INFO -     ELYSDA	1

2024-08-08 22:27:04,990 - INFO -     REAAEA	1

2024-08-08 22:27:04,991 - INFO -     PGLEEA	1

2024-08-08 22:27:04,991 - INFO - Time for index table init: 0h 0m 0s 422ms

2024-08-08 22:27:04,991 - INFO - Process prefiltering step 1 of 1

2024-08-08 22:27:04,991 - INFO - 

2024-08-08 22:27:04,991 - INFO - k-mer similarity threshold: 81

2024-08-08 22:27:04,991 - INFO - Starting prefiltering scores calculation (step 1 of 1)

2024-08-08 22:27:04,991 - INFO - Query db start 1 to 38880

2024-08-08 22:27:04,991 - INFO - Target db start 1 to 2

2024-08-08 22:28:11,529 - INFO - [=================================================================] 38.88K 1m 7s 413ms

2024-08-08 22:28:11,530 - INFO - 

2024-08-08 22:28:11,530 - INFO - 5386.328443 k-mers per position

2024-08-08 22:28:11,530 - INFO - 11 DB matches per sequence

2024-08-08 22:28:11,530 - INFO - 0 overflows

2024-08-08 22:28:11,530 - INFO - 0 queries produce too many hits (truncated result)

2024-08-08 22:28:11,530 - INFO - 0 sequences passed prefiltering per query sequence

2024-08-08 22:28:11,530 - INFO - 0 median result list length

2024-08-08 22:28:11,530 - INFO - 31701 sequences with 0 size result lists

2024-08-08 22:28:11,530 - INFO - Time for merging to pref_0: 0h 0m 0s 27ms

2024-08-08 22:28:11,530 - INFO - Time for processing: 0h 1m 8s 120ms

2024-08-08 22:28:11,621 - INFO - align /data/yangy34/database/pharokka/phrogs_profile_db phage_pharokka/GCA_015343595.1_988|491-3199/target_dir/target_seqs phage_pharokka/GCA_015343595.1_988|491-3199/tmp_dir//5730004795309116583/pref_0 phage_pharokka/GCA_015343595.1_988|491-3199/mmseqs/results_mmseqs --sub-mat nucl:nucleotide.out,aa:blosum62.out -a 0 --alignment-mode 2 --alignment-output-mode 0 --wrapped-scoring 0 -e 1e-05 --min-seq-id 0 --min-aln-len 0 --seq-id-mode 0 --alt-ali 0 -c 0 --cov-mode 0 --max-seq-len 65535 --comp-bias-corr 1 --max-rejected 2147483647 --max-accept 2147483647 --add-self-matches 0 --db-load-mode 0 --pca 1 --pcb 1.5 --score-bias 0 --realign 0 --realign-score-bias -0.2 --realign-max-seqs 2147483647 --gap-open nucl:5,aa:11 --gap-extend nucl:2,aa:1 --zdrop 40 --threads 32 --compressed 0 -v 3 

2024-08-08 22:28:11,622 - INFO - 

2024-08-08 22:28:11,622 - INFO - Compute score and coverage

2024-08-08 22:28:11,622 - INFO - Query database size: 38880 type: Profile

2024-08-08 22:28:11,622 - INFO - Target database size: 2 type: Aminoacid

2024-08-08 22:28:11,622 - INFO - Calculation of alignments

2024-08-08 22:28:11,878 - INFO - [=================================================================] 38.88K 0s 246ms

2024-08-08 22:28:11,879 - INFO - Time for merging to results_mmseqs: 0h 0m 0s 21ms

2024-08-08 22:28:11,879 - INFO - 7581 alignments calculated

2024-08-08 22:28:11,879 - INFO - 1 sequence pairs passed the thresholds (0.000132 of overall calculated)

2024-08-08 22:28:11,879 - INFO - 0.000026 hits per query sequence

2024-08-08 22:28:11,879 - INFO - Time for processing: 0h 0m 0s 342ms

2024-08-08 22:28:11,985 - INFO - createtsv /data/yangy34/database/pharokka/phrogs_profile_db phage_pharokka/GCA_015343595.1_988|491-3199/target_dir/target_seqs phage_pharokka/GCA_015343595.1_988|491-3199/mmseqs/results_mmseqs phage_pharokka/GCA_015343595.1_988|491-3199/mmseqs_results.tsv --full-header --threads 32 

2024-08-08 22:28:11,985 - INFO - 

2024-08-08 22:28:11,985 - INFO - MMseqs Version:                 	13.45111

2024-08-08 22:28:11,985 - INFO - First sequence as representative	false

2024-08-08 22:28:11,985 - INFO - Target column                   	1

2024-08-08 22:28:11,985 - INFO - Add full header                 	true

2024-08-08 22:28:11,985 - INFO - Sequence source                 	0

2024-08-08 22:28:11,985 - INFO - Database output                 	false

2024-08-08 22:28:11,985 - INFO - Threads                         	32

2024-08-08 22:28:11,985 - INFO - Compressed                      	0

2024-08-08 22:28:11,985 - INFO - Verbosity                       	3

2024-08-08 22:28:11,985 - INFO - 

2024-08-08 22:28:11,986 - INFO - Time for merging to mmseqs_results.tsv: 0h 0m 0s 29ms

2024-08-08 22:28:11,986 - INFO - Time for processing: 0h 0m 0s 98ms

2024-08-08 22:28:12,005 - INFO - Running mmseqs2 on CARD.
2024-08-08 22:28:12,068 - INFO - createdb phage_pharokka/GCA_015343595.1_988|491-3199/phanotate_aas_tmp.fasta phage_pharokka/GCA_015343595.1_988|491-3199/CARD_target_dir/target_seqs 

2024-08-08 22:28:12,068 - INFO - 

2024-08-08 22:28:12,068 - INFO - MMseqs Version:       	13.45111

2024-08-08 22:28:12,068 - INFO - Database type         	0

2024-08-08 22:28:12,068 - INFO - Shuffle input database	true

2024-08-08 22:28:12,068 - INFO - Createdb mode         	0

2024-08-08 22:28:12,068 - INFO - Write lookup file     	1

2024-08-08 22:28:12,068 - INFO - Offset of numeric ids 	0

2024-08-08 22:28:12,068 - INFO - Compressed            	0

2024-08-08 22:28:12,068 - INFO - Verbosity             	3

2024-08-08 22:28:12,068 - INFO - 

2024-08-08 22:28:12,068 - INFO - Converting sequences

2024-08-08 22:28:12,068 - INFO - [

2024-08-08 22:28:12,068 - INFO - Time for merging to target_seqs_h: 0h 0m 0s 7ms

2024-08-08 22:28:12,068 - INFO - Time for merging to target_seqs: 0h 0m 0s 19ms

2024-08-08 22:28:12,068 - INFO - Database type: Aminoacid

2024-08-08 22:28:12,068 - INFO - Time for processing: 0h 0m 0s 58ms

2024-08-08 22:28:12,077 - INFO - Create directory phage_pharokka/GCA_015343595.1_988|491-3199/CARD_tmp_dir/

2024-08-08 22:28:12,077 - INFO - search --min-seq-id 0.8 -c 0.4 /data/yangy34/database/pharokka/CARD phage_pharokka/GCA_015343595.1_988|491-3199/CARD_target_dir/target_seqs phage_pharokka/GCA_015343595.1_988|491-3199/CARD/results_CARD phage_pharokka/GCA_015343595.1_988|491-3199/CARD_tmp_dir/ -s 8.5 --threads 32 

2024-08-08 22:28:12,077 - INFO - 

2024-08-08 22:28:12,077 - INFO - MMseqs Version:                        	13.45111

2024-08-08 22:28:12,077 - INFO - Substitution matrix                    	nucl:nucleotide.out,aa:blosum62.out

2024-08-08 22:28:12,077 - INFO - Add backtrace                          	false

2024-08-08 22:28:12,077 - INFO - Alignment mode                         	2

2024-08-08 22:28:12,077 - INFO - Alignment mode                         	0

2024-08-08 22:28:12,077 - INFO - Allow wrapped scoring                  	false

2024-08-08 22:28:12,077 - INFO - E-value threshold                      	0.001

2024-08-08 22:28:12,077 - INFO - Seq. id. threshold                     	0.8

2024-08-08 22:28:12,077 - INFO - Min alignment length                   	0

2024-08-08 22:28:12,077 - INFO - Seq. id. mode                          	0

2024-08-08 22:28:12,077 - INFO - Alternative alignments                 	0

2024-08-08 22:28:12,078 - INFO - Coverage threshold                     	0.4

2024-08-08 22:28:12,078 - INFO - Coverage mode                          	0

2024-08-08 22:28:12,078 - INFO - Max sequence length                    	65535

2024-08-08 22:28:12,078 - INFO - Compositional bias                     	1

2024-08-08 22:28:12,078 - INFO - Max reject                             	2147483647

2024-08-08 22:28:12,078 - INFO - Max accept                             	2147483647

2024-08-08 22:28:12,078 - INFO - Include identical seq. id.             	false

2024-08-08 22:28:12,078 - INFO - Preload mode                           	0

2024-08-08 22:28:12,078 - INFO - Pseudo count a                         	1

2024-08-08 22:28:12,078 - INFO - Pseudo count b                         	1.5

2024-08-08 22:28:12,078 - INFO - Score bias                             	0

2024-08-08 22:28:12,078 - INFO - Realign hits                           	false

2024-08-08 22:28:12,078 - INFO - Realign score bias                     	-0.2

2024-08-08 22:28:12,078 - INFO - Realign max seqs                       	2147483647

2024-08-08 22:28:12,078 - INFO - Gap open cost                          	nucl:5,aa:11

2024-08-08 22:28:12,078 - INFO - Gap extension cost                     	nucl:2,aa:1

2024-08-08 22:28:12,078 - INFO - Zdrop                                  	40

2024-08-08 22:28:12,078 - INFO - Threads                                	32

2024-08-08 22:28:12,078 - INFO - Compressed                             	0

2024-08-08 22:28:12,078 - INFO - Verbosity                              	3

2024-08-08 22:28:12,079 - INFO - Seed substitution matrix               	nucl:nucleotide.out,aa:VTML80.out

2024-08-08 22:28:12,079 - INFO - Sensitivity                            	8.5

2024-08-08 22:28:12,079 - INFO - k-mer length                           	0

2024-08-08 22:28:12,079 - INFO - k-score                                	2147483647

2024-08-08 22:28:12,079 - INFO - Alphabet size                          	nucl:5,aa:21

2024-08-08 22:28:12,079 - INFO - Max results per query                  	300

2024-08-08 22:28:12,079 - INFO - Split database                         	0

2024-08-08 22:28:12,079 - INFO - Split mode                             	2

2024-08-08 22:28:12,079 - INFO - Split memory limit                     	0

2024-08-08 22:28:12,079 - INFO - Diagonal scoring                       	true

2024-08-08 22:28:12,079 - INFO - Exact k-mer matching                   	0

2024-08-08 22:28:12,079 - INFO - Mask residues                          	1

2024-08-08 22:28:12,079 - INFO - Mask lower case residues               	0

2024-08-08 22:28:12,079 - INFO - Minimum diagonal score                 	15

2024-08-08 22:28:12,079 - INFO - Spaced k-mers                          	1

2024-08-08 22:28:12,079 - INFO - Spaced k-mer pattern                   	

2024-08-08 22:28:12,079 - INFO - Local temporary path                   	

2024-08-08 22:28:12,079 - INFO - Rescore mode                           	0

2024-08-08 22:28:12,079 - INFO - Remove hits by seq. id. and coverage   	false

2024-08-08 22:28:12,079 - INFO - Sort results                           	0

2024-08-08 22:28:12,079 - INFO - Mask profile                           	1

2024-08-08 22:28:12,080 - INFO - Profile E-value threshold              	0.1

2024-08-08 22:28:12,080 - INFO - Global sequence weighting              	false

2024-08-08 22:28:12,080 - INFO - Allow deletions                        	false

2024-08-08 22:28:12,080 - INFO - Filter MSA                             	1

2024-08-08 22:28:12,080 - INFO - Maximum seq. id. threshold             	0.9

2024-08-08 22:28:12,080 - INFO - Minimum seq. id.                       	0

2024-08-08 22:28:12,080 - INFO - Minimum score per column               	-20

2024-08-08 22:28:12,080 - INFO - Minimum coverage                       	0

2024-08-08 22:28:12,080 - INFO - Select N most diverse seqs             	1000

2024-08-08 22:28:12,080 - INFO - Min codons in orf                      	30

2024-08-08 22:28:12,080 - INFO - Max codons in length                   	32734

2024-08-08 22:28:12,080 - INFO - Max orf gaps                           	2147483647

2024-08-08 22:28:12,080 - INFO - Contig start mode                      	2

2024-08-08 22:28:12,080 - INFO - Contig end mode                        	2

2024-08-08 22:28:12,080 - INFO - Orf start mode                         	1

2024-08-08 22:28:12,080 - INFO - Forward frames                         	1,2,3

2024-08-08 22:28:12,080 - INFO - Reverse frames                         	1,2,3

2024-08-08 22:28:12,080 - INFO - Translation table                      	1

2024-08-08 22:28:12,080 - INFO - Translate orf                          	0

2024-08-08 22:28:12,080 - INFO - Use all table starts                   	false

2024-08-08 22:28:12,080 - INFO - Offset of numeric ids                  	0

2024-08-08 22:28:12,080 - INFO - Create lookup                          	0

2024-08-08 22:28:12,080 - INFO - Add orf stop                           	false

2024-08-08 22:28:12,080 - INFO - Overlap between sequences              	0

2024-08-08 22:28:12,080 - INFO - Sequence split mode                    	1

2024-08-08 22:28:12,081 - INFO - Header split mode                      	0

2024-08-08 22:28:12,081 - INFO - Chain overlapping alignments           	0

2024-08-08 22:28:12,081 - INFO - Merge query                            	1

2024-08-08 22:28:12,081 - INFO - Search type                            	0

2024-08-08 22:28:12,081 - INFO - Search iterations                      	1

2024-08-08 22:28:12,081 - INFO - Start sensitivity                      	4

2024-08-08 22:28:12,081 - INFO - Search steps                           	1

2024-08-08 22:28:12,081 - INFO - Exhaustive search mode                 	false

2024-08-08 22:28:12,081 - INFO - Filter results during exhaustive search	0

2024-08-08 22:28:12,081 - INFO - Strand selection                       	1

2024-08-08 22:28:12,081 - INFO - LCA search mode                        	false

2024-08-08 22:28:12,081 - INFO - Disk space limit                       	0

2024-08-08 22:28:12,081 - INFO - MPI runner                             	

2024-08-08 22:28:12,081 - INFO - Force restart with latest tmp          	false

2024-08-08 22:28:12,081 - INFO - Remove temporary files                 	false

2024-08-08 22:28:12,081 - INFO - 

2024-08-08 22:28:12,232 - INFO - prefilter /data/yangy34/database/pharokka/CARD phage_pharokka/GCA_015343595.1_988|491-3199/CARD_target_dir/target_seqs phage_pharokka/GCA_015343595.1_988|491-3199/CARD_tmp_dir//14231603043112682112/pref_0 --sub-mat nucl:nucleotide.out,aa:blosum62.out --seed-sub-mat nucl:nucleotide.out,aa:VTML80.out -k 0 --k-score 2147483647 --alph-size nucl:5,aa:21 --max-seq-len 65535 --max-seqs 300 --split 0 --split-mode 2 --split-memory-limit 0 -c 0.4 --cov-mode 0 --comp-bias-corr 1 --diag-score 1 --exact-kmer-matching 0 --mask 1 --mask-lower-case 0 --min-ungapped-score 15 --add-self-matches 0 --spaced-kmer-mode 1 --db-load-mode 0 --pca 1 --pcb 1.5 --threads 32 --compressed 0 -v 3 -s 8.5 

2024-08-08 22:28:12,232 - INFO - 

2024-08-08 22:28:12,232 - INFO - Query database size: 4641 type: Aminoacid

2024-08-08 22:28:12,232 - INFO - Estimated memory consumption: 977M

2024-08-08 22:28:12,232 - INFO - Target database size: 2 type: Aminoacid

2024-08-08 22:28:12,232 - INFO - Index table k-mer threshold: 87 at k-mer size 6 

2024-08-08 22:28:12,232 - INFO - Index table: counting k-mers

2024-08-08 22:28:12,355 - INFO - [=================================================================] 2 0s 6ms

2024-08-08 22:28:12,355 - INFO - Index table: Masked residues: 0

2024-08-08 22:28:12,355 - INFO - Index table: fill

2024-08-08 22:28:12,812 - INFO - [=================================================================] 2 0s 1ms

2024-08-08 22:28:12,813 - INFO - Index statistics

2024-08-08 22:28:12,813 - INFO - Entries:          866

2024-08-08 22:28:12,813 - INFO - DB size:          488 MB

2024-08-08 22:28:12,813 - INFO - Avg k-mer size:   0.000014

2024-08-08 22:28:12,813 - INFO - Top 10 k-mers

2024-08-08 22:28:12,813 - INFO -     VSELAA	1

2024-08-08 22:28:12,813 - INFO -     VPSTAA	1

2024-08-08 22:28:12,813 - INFO -     QLIECA	1

2024-08-08 22:28:12,813 - INFO -     DVDDDA	1

2024-08-08 22:28:12,813 - INFO -     NAWIDA	1

2024-08-08 22:28:12,813 - INFO -     IDKSDA	1

2024-08-08 22:28:12,813 - INFO -     IDLSDA	1

2024-08-08 22:28:12,813 - INFO -     ELYSDA	1

2024-08-08 22:28:12,813 - INFO -     REAAEA	1

2024-08-08 22:28:12,813 - INFO -     PGLEEA	1

2024-08-08 22:28:12,814 - INFO - Time for index table init: 0h 0m 0s 432ms

2024-08-08 22:28:12,814 - INFO - Process prefiltering step 1 of 1

2024-08-08 22:28:12,814 - INFO - 

2024-08-08 22:28:12,814 - INFO - k-mer similarity threshold: 87

2024-08-08 22:28:12,814 - INFO - Starting prefiltering scores calculation (step 1 of 1)

2024-08-08 22:28:12,814 - INFO - Query db start 1 to 4641

2024-08-08 22:28:12,814 - INFO - Target db start 1 to 2

2024-08-08 22:28:22,030 - INFO - [=================================================================] 4.64K 9s 242ms

2024-08-08 22:28:22,031 - INFO - 

2024-08-08 22:28:22,031 - INFO - 3883.681631 k-mers per position

2024-08-08 22:28:22,031 - INFO - 15 DB matches per sequence

2024-08-08 22:28:22,031 - INFO - 0 overflows

2024-08-08 22:28:22,031 - INFO - 0 queries produce too many hits (truncated result)

2024-08-08 22:28:22,031 - INFO - 0 sequences passed prefiltering per query sequence

2024-08-08 22:28:22,031 - INFO - 0 median result list length

2024-08-08 22:28:22,031 - INFO - 3197 sequences with 0 size result lists

2024-08-08 22:28:22,031 - INFO - Time for merging to pref_0: 0h 0m 0s 9ms

2024-08-08 22:28:22,031 - INFO - Time for processing: 0h 0m 9s 945ms

2024-08-08 22:28:22,054 - INFO - align /data/yangy34/database/pharokka/CARD phage_pharokka/GCA_015343595.1_988|491-3199/CARD_target_dir/target_seqs phage_pharokka/GCA_015343595.1_988|491-3199/CARD_tmp_dir//14231603043112682112/pref_0 phage_pharokka/GCA_015343595.1_988|491-3199/CARD/results_CARD --sub-mat nucl:nucleotide.out,aa:blosum62.out -a 0 --alignment-mode 2 --alignment-output-mode 0 --wrapped-scoring 0 -e 0.001 --min-seq-id 0.8 --min-aln-len 0 --seq-id-mode 0 --alt-ali 0 -c 0.4 --cov-mode 0 --max-seq-len 65535 --comp-bias-corr 1 --max-rejected 2147483647 --max-accept 2147483647 --add-self-matches 0 --db-load-mode 0 --pca 1 --pcb 1.5 --score-bias 0 --realign 0 --realign-score-bias -0.2 --realign-max-seqs 2147483647 --gap-open nucl:5,aa:11 --gap-extend nucl:2,aa:1 --zdrop 40 --threads 32 --compressed 0 -v 3 

2024-08-08 22:28:22,054 - INFO - 

2024-08-08 22:28:22,054 - INFO - Compute score and coverage

2024-08-08 22:28:22,054 - INFO - Query database size: 4641 type: Aminoacid

2024-08-08 22:28:22,054 - INFO - Target database size: 2 type: Aminoacid

2024-08-08 22:28:22,054 - INFO - Calculation of alignments

2024-08-08 22:28:22,073 - INFO - [=================================================================] 4.64K 0s 13ms

2024-08-08 22:28:22,074 - INFO - Time for merging to results_CARD: 0h 0m 0s 9ms

2024-08-08 22:28:22,074 - INFO - 531 alignments calculated

2024-08-08 22:28:22,074 - INFO - 0 sequence pairs passed the thresholds (0.000000 of overall calculated)

2024-08-08 22:28:22,074 - INFO - 0.000000 hits per query sequence

2024-08-08 22:28:22,074 - INFO - Time for processing: 0h 0m 0s 36ms

2024-08-08 22:28:22,167 - INFO - createtsv /data/yangy34/database/pharokka/CARD phage_pharokka/GCA_015343595.1_988|491-3199/CARD_target_dir/target_seqs phage_pharokka/GCA_015343595.1_988|491-3199/CARD/results_CARD phage_pharokka/GCA_015343595.1_988|491-3199/CARD_results.tsv --full-header --threads 32 

2024-08-08 22:28:22,167 - INFO - 

2024-08-08 22:28:22,167 - INFO - MMseqs Version:                 	13.45111

2024-08-08 22:28:22,167 - INFO - First sequence as representative	false

2024-08-08 22:28:22,167 - INFO - Target column                   	1

2024-08-08 22:28:22,167 - INFO - Add full header                 	true

2024-08-08 22:28:22,167 - INFO - Sequence source                 	0

2024-08-08 22:28:22,167 - INFO - Database output                 	false

2024-08-08 22:28:22,168 - INFO - Threads                         	32

2024-08-08 22:28:22,168 - INFO - Compressed                      	0

2024-08-08 22:28:22,168 - INFO - Verbosity                       	3

2024-08-08 22:28:22,168 - INFO - 

2024-08-08 22:28:22,168 - INFO - Time for merging to CARD_results.tsv: 0h 0m 0s 12ms

2024-08-08 22:28:22,168 - INFO - Time for processing: 0h 0m 0s 87ms

2024-08-08 22:28:22,180 - INFO - Running mmseqs2 on vfdb.
2024-08-08 22:28:22,240 - INFO - createdb phage_pharokka/GCA_015343595.1_988|491-3199/phanotate_aas_tmp.fasta phage_pharokka/GCA_015343595.1_988|491-3199/vfdb_target_dir/target_seqs 

2024-08-08 22:28:22,241 - INFO - 

2024-08-08 22:28:22,241 - INFO - MMseqs Version:       	13.45111

2024-08-08 22:28:22,241 - INFO - Database type         	0

2024-08-08 22:28:22,241 - INFO - Shuffle input database	true

2024-08-08 22:28:22,241 - INFO - Createdb mode         	0

2024-08-08 22:28:22,241 - INFO - Write lookup file     	1

2024-08-08 22:28:22,241 - INFO - Offset of numeric ids 	0

2024-08-08 22:28:22,241 - INFO - Compressed            	0

2024-08-08 22:28:22,241 - INFO - Verbosity             	3

2024-08-08 22:28:22,241 - INFO - 

2024-08-08 22:28:22,241 - INFO - Converting sequences

2024-08-08 22:28:22,241 - INFO - [

2024-08-08 22:28:22,241 - INFO - Time for merging to target_seqs_h: 0h 0m 0s 6ms

2024-08-08 22:28:22,241 - INFO - Time for merging to target_seqs: 0h 0m 0s 19ms

2024-08-08 22:28:22,241 - INFO - Database type: Aminoacid

2024-08-08 22:28:22,241 - INFO - Time for processing: 0h 0m 0s 54ms

2024-08-08 22:28:22,250 - INFO - Create directory phage_pharokka/GCA_015343595.1_988|491-3199/vfdb_tmp_dir/

2024-08-08 22:28:22,250 - INFO - search --min-seq-id 0.8 -c 0.4 /data/yangy34/database/pharokka/vfdb phage_pharokka/GCA_015343595.1_988|491-3199/vfdb_target_dir/target_seqs phage_pharokka/GCA_015343595.1_988|491-3199/vfdb/results_vfdb phage_pharokka/GCA_015343595.1_988|491-3199/vfdb_tmp_dir/ -s 8.5 --threads 32 

2024-08-08 22:28:22,250 - INFO - 

2024-08-08 22:28:22,250 - INFO - MMseqs Version:                        	13.45111

2024-08-08 22:28:22,250 - INFO - Substitution matrix                    	nucl:nucleotide.out,aa:blosum62.out

2024-08-08 22:28:22,250 - INFO - Add backtrace                          	false

2024-08-08 22:28:22,250 - INFO - Alignment mode                         	2

2024-08-08 22:28:22,250 - INFO - Alignment mode                         	0

2024-08-08 22:28:22,250 - INFO - Allow wrapped scoring                  	false

2024-08-08 22:28:22,250 - INFO - E-value threshold                      	0.001

2024-08-08 22:28:22,250 - INFO - Seq. id. threshold                     	0.8

2024-08-08 22:28:22,250 - INFO - Min alignment length                   	0

2024-08-08 22:28:22,250 - INFO - Seq. id. mode                          	0

2024-08-08 22:28:22,251 - INFO - Alternative alignments                 	0

2024-08-08 22:28:22,251 - INFO - Coverage threshold                     	0.4

2024-08-08 22:28:22,251 - INFO - Coverage mode                          	0

2024-08-08 22:28:22,251 - INFO - Max sequence length                    	65535

2024-08-08 22:28:22,251 - INFO - Compositional bias                     	1

2024-08-08 22:28:22,251 - INFO - Max reject                             	2147483647

2024-08-08 22:28:22,251 - INFO - Max accept                             	2147483647

2024-08-08 22:28:22,251 - INFO - Include identical seq. id.             	false

2024-08-08 22:28:22,251 - INFO - Preload mode                           	0

2024-08-08 22:28:22,251 - INFO - Pseudo count a                         	1

2024-08-08 22:28:22,251 - INFO - Pseudo count b                         	1.5

2024-08-08 22:28:22,251 - INFO - Score bias                             	0

2024-08-08 22:28:22,251 - INFO - Realign hits                           	false

2024-08-08 22:28:22,251 - INFO - Realign score bias                     	-0.2

2024-08-08 22:28:22,251 - INFO - Realign max seqs                       	2147483647

2024-08-08 22:28:22,251 - INFO - Gap open cost                          	nucl:5,aa:11

2024-08-08 22:28:22,251 - INFO - Gap extension cost                     	nucl:2,aa:1

2024-08-08 22:28:22,251 - INFO - Zdrop                                  	40

2024-08-08 22:28:22,251 - INFO - Threads                                	32

2024-08-08 22:28:22,252 - INFO - Compressed                             	0

2024-08-08 22:28:22,252 - INFO - Verbosity                              	3

2024-08-08 22:28:22,252 - INFO - Seed substitution matrix               	nucl:nucleotide.out,aa:VTML80.out

2024-08-08 22:28:22,252 - INFO - Sensitivity                            	8.5

2024-08-08 22:28:22,252 - INFO - k-mer length                           	0

2024-08-08 22:28:22,252 - INFO - k-score                                	2147483647

2024-08-08 22:28:22,252 - INFO - Alphabet size                          	nucl:5,aa:21

2024-08-08 22:28:22,252 - INFO - Max results per query                  	300

2024-08-08 22:28:22,252 - INFO - Split database                         	0

2024-08-08 22:28:22,252 - INFO - Split mode                             	2

2024-08-08 22:28:22,252 - INFO - Split memory limit                     	0

2024-08-08 22:28:22,252 - INFO - Diagonal scoring                       	true

2024-08-08 22:28:22,252 - INFO - Exact k-mer matching                   	0

2024-08-08 22:28:22,252 - INFO - Mask residues                          	1

2024-08-08 22:28:22,252 - INFO - Mask lower case residues               	0

2024-08-08 22:28:22,252 - INFO - Minimum diagonal score                 	15

2024-08-08 22:28:22,252 - INFO - Spaced k-mers                          	1

2024-08-08 22:28:22,252 - INFO - Spaced k-mer pattern                   	

2024-08-08 22:28:22,252 - INFO - Local temporary path                   	

2024-08-08 22:28:22,252 - INFO - Rescore mode                           	0

2024-08-08 22:28:22,252 - INFO - Remove hits by seq. id. and coverage   	false

2024-08-08 22:28:22,252 - INFO - Sort results                           	0

2024-08-08 22:28:22,252 - INFO - Mask profile                           	1

2024-08-08 22:28:22,252 - INFO - Profile E-value threshold              	0.1

2024-08-08 22:28:22,252 - INFO - Global sequence weighting              	false

2024-08-08 22:28:22,253 - INFO - Allow deletions                        	false

2024-08-08 22:28:22,253 - INFO - Filter MSA                             	1

2024-08-08 22:28:22,253 - INFO - Maximum seq. id. threshold             	0.9

2024-08-08 22:28:22,253 - INFO - Minimum seq. id.                       	0

2024-08-08 22:28:22,253 - INFO - Minimum score per column               	-20

2024-08-08 22:28:22,253 - INFO - Minimum coverage                       	0

2024-08-08 22:28:22,253 - INFO - Select N most diverse seqs             	1000

2024-08-08 22:28:22,253 - INFO - Min codons in orf                      	30

2024-08-08 22:28:22,253 - INFO - Max codons in length                   	32734

2024-08-08 22:28:22,253 - INFO - Max orf gaps                           	2147483647

2024-08-08 22:28:22,253 - INFO - Contig start mode                      	2

2024-08-08 22:28:22,253 - INFO - Contig end mode                        	2

2024-08-08 22:28:22,253 - INFO - Orf start mode                         	1

2024-08-08 22:28:22,253 - INFO - Forward frames                         	1,2,3

2024-08-08 22:28:22,253 - INFO - Reverse frames                         	1,2,3

2024-08-08 22:28:22,253 - INFO - Translation table                      	1

2024-08-08 22:28:22,253 - INFO - Translate orf                          	0

2024-08-08 22:28:22,253 - INFO - Use all table starts                   	false

2024-08-08 22:28:22,253 - INFO - Offset of numeric ids                  	0

2024-08-08 22:28:22,253 - INFO - Create lookup                          	0

2024-08-08 22:28:22,253 - INFO - Add orf stop                           	false

2024-08-08 22:28:22,253 - INFO - Overlap between sequences              	0

2024-08-08 22:28:22,253 - INFO - Sequence split mode                    	1

2024-08-08 22:28:22,253 - INFO - Header split mode                      	0

2024-08-08 22:28:22,253 - INFO - Chain overlapping alignments           	0

2024-08-08 22:28:22,254 - INFO - Merge query                            	1

2024-08-08 22:28:22,254 - INFO - Search type                            	0

2024-08-08 22:28:22,254 - INFO - Search iterations                      	1

2024-08-08 22:28:22,254 - INFO - Start sensitivity                      	4

2024-08-08 22:28:22,254 - INFO - Search steps                           	1

2024-08-08 22:28:22,254 - INFO - Exhaustive search mode                 	false

2024-08-08 22:28:22,254 - INFO - Filter results during exhaustive search	0

2024-08-08 22:28:22,254 - INFO - Strand selection                       	1

2024-08-08 22:28:22,254 - INFO - LCA search mode                        	false

2024-08-08 22:28:22,254 - INFO - Disk space limit                       	0

2024-08-08 22:28:22,254 - INFO - MPI runner                             	

2024-08-08 22:28:22,254 - INFO - Force restart with latest tmp          	false

2024-08-08 22:28:22,254 - INFO - Remove temporary files                 	false

2024-08-08 22:28:22,254 - INFO - 

2024-08-08 22:28:22,409 - INFO - prefilter /data/yangy34/database/pharokka/vfdb phage_pharokka/GCA_015343595.1_988|491-3199/vfdb_target_dir/target_seqs phage_pharokka/GCA_015343595.1_988|491-3199/vfdb_tmp_dir//12449526865122129708/pref_0 --sub-mat nucl:nucleotide.out,aa:blosum62.out --seed-sub-mat nucl:nucleotide.out,aa:VTML80.out -k 0 --k-score 2147483647 --alph-size nucl:5,aa:21 --max-seq-len 65535 --max-seqs 300 --split 0 --split-mode 2 --split-memory-limit 0 -c 0.4 --cov-mode 0 --comp-bias-corr 1 --diag-score 1 --exact-kmer-matching 0 --mask 1 --mask-lower-case 0 --min-ungapped-score 15 --add-self-matches 0 --spaced-kmer-mode 1 --db-load-mode 0 --pca 1 --pcb 1.5 --threads 32 --compressed 0 -v 3 -s 8.5 

2024-08-08 22:28:22,409 - INFO - 

2024-08-08 22:28:22,409 - INFO - Query database size: 27504 type: Aminoacid

2024-08-08 22:28:22,409 - INFO - Estimated memory consumption: 977M

2024-08-08 22:28:22,409 - INFO - Target database size: 2 type: Aminoacid

2024-08-08 22:28:22,409 - INFO - Index table k-mer threshold: 87 at k-mer size 6 

2024-08-08 22:28:22,410 - INFO - Index table: counting k-mers

2024-08-08 22:28:22,588 - INFO - [=================================================================] 2 0s 6ms

2024-08-08 22:28:22,588 - INFO - Index table: Masked residues: 0

2024-08-08 22:28:22,588 - INFO - Index table: fill

2024-08-08 22:28:23,963 - INFO - [=================================================================] 2 0s 2ms

2024-08-08 22:28:23,963 - INFO - Index statistics

2024-08-08 22:28:23,963 - INFO - Entries:          866

2024-08-08 22:28:23,963 - INFO - DB size:          488 MB

2024-08-08 22:28:23,963 - INFO - Avg k-mer size:   0.000014

2024-08-08 22:28:23,963 - INFO - Top 10 k-mers

2024-08-08 22:28:23,963 - INFO -     VSELAA	1

2024-08-08 22:28:23,963 - INFO -     VPSTAA	1

2024-08-08 22:28:23,963 - INFO -     QLIECA	1

2024-08-08 22:28:23,963 - INFO -     DVDDDA	1

2024-08-08 22:28:23,963 - INFO -     NAWIDA	1

2024-08-08 22:28:23,963 - INFO -     IDKSDA	1

2024-08-08 22:28:23,964 - INFO -     IDLSDA	1

2024-08-08 22:28:23,964 - INFO -     ELYSDA	1

2024-08-08 22:28:23,964 - INFO -     REAAEA	1

2024-08-08 22:28:23,964 - INFO -     PGLEEA	1

2024-08-08 22:28:23,964 - INFO - Time for index table init: 0h 0m 0s 519ms

2024-08-08 22:28:23,964 - INFO - Process prefiltering step 1 of 1

2024-08-08 22:28:23,964 - INFO - 

2024-08-08 22:28:23,964 - INFO - k-mer similarity threshold: 87

2024-08-08 22:28:23,964 - INFO - Starting prefiltering scores calculation (step 1 of 1)

2024-08-08 22:28:23,964 - INFO - Query db start 1 to 27504

2024-08-08 22:28:23,964 - INFO - Target db start 1 to 2

2024-08-08 22:29:31,660 - INFO - [=================================================================] 27.50K 1m 8s 226ms

2024-08-08 22:29:31,661 - INFO - 

2024-08-08 22:29:31,661 - INFO - 3159.764157 k-mers per position

2024-08-08 22:29:31,661 - INFO - 21 DB matches per sequence

2024-08-08 22:29:31,661 - INFO - 0 overflows

2024-08-08 22:29:31,661 - INFO - 0 queries produce too many hits (truncated result)

2024-08-08 22:29:31,661 - INFO - 0 sequences passed prefiltering per query sequence

2024-08-08 22:29:31,661 - INFO - 0 median result list length

2024-08-08 22:29:31,661 - INFO - 19770 sequences with 0 size result lists

2024-08-08 22:29:31,661 - INFO - Time for merging to pref_0: 0h 0m 0s 17ms

2024-08-08 22:29:31,661 - INFO - Time for processing: 0h 1m 9s 402ms

2024-08-08 22:29:31,701 - INFO - align /data/yangy34/database/pharokka/vfdb phage_pharokka/GCA_015343595.1_988|491-3199/vfdb_target_dir/target_seqs phage_pharokka/GCA_015343595.1_988|491-3199/vfdb_tmp_dir//12449526865122129708/pref_0 phage_pharokka/GCA_015343595.1_988|491-3199/vfdb/results_vfdb --sub-mat nucl:nucleotide.out,aa:blosum62.out -a 0 --alignment-mode 2 --alignment-output-mode 0 --wrapped-scoring 0 -e 0.001 --min-seq-id 0.8 --min-aln-len 0 --seq-id-mode 0 --alt-ali 0 -c 0.4 --cov-mode 0 --max-seq-len 65535 --comp-bias-corr 1 --max-rejected 2147483647 --max-accept 2147483647 --add-self-matches 0 --db-load-mode 0 --pca 1 --pcb 1.5 --score-bias 0 --realign 0 --realign-score-bias -0.2 --realign-max-seqs 2147483647 --gap-open nucl:5,aa:11 --gap-extend nucl:2,aa:1 --zdrop 40 --threads 32 --compressed 0 -v 3 

2024-08-08 22:29:31,702 - INFO - 

2024-08-08 22:29:31,702 - INFO - Compute score and coverage

2024-08-08 22:29:31,702 - INFO - Query database size: 27504 type: Aminoacid

2024-08-08 22:29:31,702 - INFO - Target database size: 2 type: Aminoacid

2024-08-08 22:29:31,702 - INFO - Calculation of alignments

2024-08-08 22:29:31,798 - INFO - [=================================================================] 27.50K 0s 77ms

2024-08-08 22:29:31,799 - INFO - Time for merging to results_vfdb: 0h 0m 0s 16ms

2024-08-08 22:29:31,799 - INFO - 5293 alignments calculated

2024-08-08 22:29:31,799 - INFO - 0 sequence pairs passed the thresholds (0.000000 of overall calculated)

2024-08-08 22:29:31,799 - INFO - 0.000000 hits per query sequence

2024-08-08 22:29:31,799 - INFO - Time for processing: 0h 0m 0s 129ms

2024-08-08 22:29:31,953 - INFO - createtsv /data/yangy34/database/pharokka/vfdb phage_pharokka/GCA_015343595.1_988|491-3199/vfdb_target_dir/target_seqs phage_pharokka/GCA_015343595.1_988|491-3199/vfdb/results_vfdb phage_pharokka/GCA_015343595.1_988|491-3199/vfdb_results.tsv --full-header --threads 32 

2024-08-08 22:29:31,953 - INFO - 

2024-08-08 22:29:31,953 - INFO - MMseqs Version:                 	13.45111

2024-08-08 22:29:31,953 - INFO - First sequence as representative	false

2024-08-08 22:29:31,953 - INFO - Target column                   	1

2024-08-08 22:29:31,953 - INFO - Add full header                 	true

2024-08-08 22:29:31,953 - INFO - Sequence source                 	0

2024-08-08 22:29:31,953 - INFO - Database output                 	false

2024-08-08 22:29:31,954 - INFO - Threads                         	32

2024-08-08 22:29:31,954 - INFO - Compressed                      	0

2024-08-08 22:29:31,954 - INFO - Verbosity                       	3

2024-08-08 22:29:31,954 - INFO - 

2024-08-08 22:29:31,954 - INFO - Time for merging to vfdb_results.tsv: 0h 0m 0s 24ms

2024-08-08 22:29:31,954 - INFO - Time for processing: 0h 0m 0s 147ms

2024-08-08 22:29:31,982 - INFO - Post Processing Output.
2024-08-08 22:29:32,364 - INFO - Converting gff to genbank.
2024-08-08 22:29:32,371 - WARNING - /gpfs/gsfs12/users/yangy34/softwares/mambaforge/envs/pharokka-env/lib/python3.10/site-packages/Bio/SeqIO/InsdcIO.py:728: BiopythonWarning: Increasing length of locus line to allow long name. This will result in fields that are not in usual positions.
  warnings.warn(

2024-08-08 22:29:32,388 - INFO - Finding the closest match for each contig in INPHARED using mash.
2024-08-08 22:29:32,410 - INFO - Sketching GCA_015343595.1_53_phages/GCA_015343595.1_988_491_3199_prophage.fasta...

2024-08-08 22:29:32,412 - INFO - Writing to phage_pharokka/GCA_015343595.1_988|491-3199/input_mash_sketch.msh...

2024-08-08 22:29:33,804 - INFO - pharokka has finished
2024-08-08 22:29:33,804 - INFO - Elapsed time: 155.74 seconds
2024-08-08 22:29:33,804 - INFO - If you use pharokka in your research, please cite:
2024-08-08 22:29:33,804 - INFO - George Bouras, Roshan Nepal, Ghais Houtak, Alkis James Psaltis, Peter-John Wormald, Sarah Vreugde.
2024-08-08 22:29:33,804 - INFO - Pharokka: a fast scalable bacteriophage annotation tool.
2024-08-08 22:29:33,804 - INFO - Bioinformatics, Volume 39, Issue 1, January 2023, btac776.
2024-08-08 22:29:33,804 - INFO - https://doi.org/10.1093/bioinformatics/btac776.
2024-08-08 22:29:33,804 - INFO - You should also cite the full list of tools pharokka uses, which can be found at https://github.com/gbouras13/pharokka#citation.
