2024-08-09 21:08:38,511 - INFO - Starting pharokka v1.3.2
2024-08-09 21:08:38,512 - INFO - Input args: Namespace(infile='GCA_013114135_6_phages_vs2/GCA_013114135.1_55_3_1673_prophage.fasta', outdir='phage_pharokka/GCA_013114135.1_55|3-1673', database='/data/yangy34/database/pharokka', threads='32', force=True, prefix='Default', locustag='Default', gene_predictor='phanotate', meta=False, split=False, coding_table='11', evalue='1E-05', terminase=False, terminase_strand='nothing', terminase_start='nothing', citation=False)
2024-08-09 21:08:38,512 - INFO - Checking database installation.
2024-08-09 21:08:38,528 - INFO - All databases have been successfully checked.
2024-08-09 21:08:38,528 - INFO - Checking dependencies.
2024-08-09 21:08:39,435 - INFO - phan_out version found is v1.5.1.
2024-08-09 21:08:39,435 - INFO - Phanotate version is ok.
2024-08-09 21:08:39,506 - INFO - MMseqs2 version found is v13.45111.
2024-08-09 21:08:39,507 - INFO - MMseqs2 version is ok.
2024-08-09 21:08:40,242 - INFO - tRNAscan-SE version found is v2.45111.11.
2024-08-09 21:08:40,242 - INFO - tRNAscan-SE version is ok.
2024-08-09 21:08:40,798 - INFO - MinCED version found is v0.4.2.
2024-08-09 21:08:40,798 - INFO - MinCED version is ok.
2024-08-09 21:08:40,824 - INFO - ARAGORN version found is v1.2.41.
2024-08-09 21:08:40,824 - INFO - ARAGORN version is ok.
2024-08-09 21:08:40,930 - INFO - mash version found is v2.2.
2024-08-09 21:08:40,930 - INFO - mash version is ok.
2024-08-09 21:08:41,845 - INFO - Running Phanotate.
2024-08-09 21:08:44,847 - INFO - Translating gene predicted fastas.
2024-08-09 21:08:44,859 - INFO - Starting tRNA-scanSE
2024-08-09 21:08:44,940 - INFO - 

2024-08-09 21:08:44,941 - INFO - tRNAscan-SE v.2.0.11 (Oct 2022) - scan sequences for transfer RNAs

2024-08-09 21:08:44,941 - INFO - Copyright (C) 2022 Patricia Chan and Todd Lowe

2024-08-09 21:08:44,941 - INFO -                    University of California Santa Cruz

2024-08-09 21:08:44,941 - INFO - Freely distributed under the GNU General Public License (GPLv3)

2024-08-09 21:08:44,941 - INFO - 

2024-08-09 21:08:44,941 - INFO - ------------------------------------------------------------

2024-08-09 21:08:44,941 - INFO - Sequence file(s) to search:        GCA_013114135_6_phages_vs2/GCA_013114135.1_55_3_1673_prophage.fasta

2024-08-09 21:08:44,941 - INFO - Search Mode:                       General

2024-08-09 21:08:44,941 - INFO - Results written to:                Standard output

2024-08-09 21:08:44,941 - INFO - Output format:                     Tabular

2024-08-09 21:08:44,941 - INFO - Searching with:                    Infernal single-pass scan

2024-08-09 21:08:44,941 - INFO -                                    Fast mode

2024-08-09 21:08:44,941 - INFO - Covariance model:                  /gpfs/gsfs12/users/yangy34/softwares/mambaforge/envs/pharokka-env/lib/tRNAscan-SE/models/TRNAinf.cm

2024-08-09 21:08:44,941 - INFO - 

2024-08-09 21:08:44,941 - INFO - Temporary directory:               /tmp

2024-08-09 21:08:44,941 - INFO - tRNA predictions saved to:         phage_pharokka/GCA_013114135.1_55|3-1673/trnascan_out.gff

2024-08-09 21:08:44,941 - INFO - ------------------------------------------------------------

2024-08-09 21:08:44,941 - INFO - 

2024-08-09 21:08:44,994 - INFO - No tRNAs found.

2024-08-09 21:08:44,994 - INFO - 

2024-08-09 21:08:45,007 - INFO - Running MinCED.
2024-08-09 21:08:45,209 - INFO - Running Aragorn.
2024-08-09 21:08:45,211 - INFO - Starting MMseqs2.
2024-08-09 21:08:45,211 - INFO - Running MMseqs2 on PHROGs Database.
2024-08-09 21:08:45,784 - INFO - createdb phage_pharokka/GCA_013114135.1_55|3-1673/phanotate_aas_tmp.fasta phage_pharokka/GCA_013114135.1_55|3-1673/target_dir/target_seqs 

2024-08-09 21:08:45,784 - INFO - 

2024-08-09 21:08:45,784 - INFO - MMseqs Version:       	13.45111

2024-08-09 21:08:45,784 - INFO - Database type         	0

2024-08-09 21:08:45,784 - INFO - Shuffle input database	true

2024-08-09 21:08:45,784 - INFO - Createdb mode         	0

2024-08-09 21:08:45,785 - INFO - Write lookup file     	1

2024-08-09 21:08:45,785 - INFO - Offset of numeric ids 	0

2024-08-09 21:08:45,785 - INFO - Compressed            	0

2024-08-09 21:08:45,785 - INFO - Verbosity             	3

2024-08-09 21:08:45,785 - INFO - 

2024-08-09 21:08:45,785 - INFO - Converting sequences

2024-08-09 21:08:45,785 - INFO - [

2024-08-09 21:08:45,785 - INFO - Time for merging to target_seqs_h: 0h 0m 0s 14ms

2024-08-09 21:08:45,785 - INFO - Time for merging to target_seqs: 0h 0m 0s 14ms

2024-08-09 21:08:45,785 - INFO - Database type: Aminoacid

2024-08-09 21:08:45,785 - INFO - Time for processing: 0h 0m 0s 543ms

2024-08-09 21:08:45,793 - INFO - Create directory phage_pharokka/GCA_013114135.1_55|3-1673/tmp_dir/

2024-08-09 21:08:45,793 - INFO - search -e 1E-05 /data/yangy34/database/pharokka/phrogs_profile_db phage_pharokka/GCA_013114135.1_55|3-1673/target_dir/target_seqs phage_pharokka/GCA_013114135.1_55|3-1673/mmseqs/results_mmseqs phage_pharokka/GCA_013114135.1_55|3-1673/tmp_dir/ -s 8.5 --threads 32 

2024-08-09 21:08:45,793 - INFO - 

2024-08-09 21:08:45,793 - INFO - MMseqs Version:                        	13.45111

2024-08-09 21:08:45,793 - INFO - Substitution matrix                    	nucl:nucleotide.out,aa:blosum62.out

2024-08-09 21:08:45,793 - INFO - Add backtrace                          	false

2024-08-09 21:08:45,793 - INFO - Alignment mode                         	2

2024-08-09 21:08:45,793 - INFO - Alignment mode                         	0

2024-08-09 21:08:45,794 - INFO - Allow wrapped scoring                  	false

2024-08-09 21:08:45,794 - INFO - E-value threshold                      	1e-05

2024-08-09 21:08:45,794 - INFO - Seq. id. threshold                     	0

2024-08-09 21:08:45,794 - INFO - Min alignment length                   	0

2024-08-09 21:08:45,794 - INFO - Seq. id. mode                          	0

2024-08-09 21:08:45,794 - INFO - Alternative alignments                 	0

2024-08-09 21:08:45,794 - INFO - Coverage threshold                     	0

2024-08-09 21:08:45,794 - INFO - Coverage mode                          	0

2024-08-09 21:08:45,794 - INFO - Max sequence length                    	65535

2024-08-09 21:08:45,794 - INFO - Compositional bias                     	1

2024-08-09 21:08:45,794 - INFO - Max reject                             	2147483647

2024-08-09 21:08:45,794 - INFO - Max accept                             	2147483647

2024-08-09 21:08:45,794 - INFO - Include identical seq. id.             	false

2024-08-09 21:08:45,794 - INFO - Preload mode                           	0

2024-08-09 21:08:45,794 - INFO - Pseudo count a                         	1

2024-08-09 21:08:45,794 - INFO - Pseudo count b                         	1.5

2024-08-09 21:08:45,794 - INFO - Score bias                             	0

2024-08-09 21:08:45,794 - INFO - Realign hits                           	false

2024-08-09 21:08:45,794 - INFO - Realign score bias                     	-0.2

2024-08-09 21:08:45,794 - INFO - Realign max seqs                       	2147483647

2024-08-09 21:08:45,794 - INFO - Gap open cost                          	nucl:5,aa:11

2024-08-09 21:08:45,794 - INFO - Gap extension cost                     	nucl:2,aa:1

2024-08-09 21:08:45,794 - INFO - Zdrop                                  	40

2024-08-09 21:08:45,794 - INFO - Threads                                	32

2024-08-09 21:08:45,794 - INFO - Compressed                             	0

2024-08-09 21:08:45,794 - INFO - Verbosity                              	3

2024-08-09 21:08:45,794 - INFO - Seed substitution matrix               	nucl:nucleotide.out,aa:VTML80.out

2024-08-09 21:08:45,794 - INFO - Sensitivity                            	8.5

2024-08-09 21:08:45,794 - INFO - k-mer length                           	0

2024-08-09 21:08:45,794 - INFO - k-score                                	2147483647

2024-08-09 21:08:45,794 - INFO - Alphabet size                          	nucl:5,aa:21

2024-08-09 21:08:45,794 - INFO - Max results per query                  	300

2024-08-09 21:08:45,794 - INFO - Split database                         	0

2024-08-09 21:08:45,794 - INFO - Split mode                             	2

2024-08-09 21:08:45,794 - INFO - Split memory limit                     	0

2024-08-09 21:08:45,794 - INFO - Diagonal scoring                       	true

2024-08-09 21:08:45,794 - INFO - Exact k-mer matching                   	0

2024-08-09 21:08:45,794 - INFO - Mask residues                          	1

2024-08-09 21:08:45,794 - INFO - Mask lower case residues               	0

2024-08-09 21:08:45,794 - INFO - Minimum diagonal score                 	15

2024-08-09 21:08:45,794 - INFO - Spaced k-mers                          	1

2024-08-09 21:08:45,794 - INFO - Spaced k-mer pattern                   	

2024-08-09 21:08:45,794 - INFO - Local temporary path                   	

2024-08-09 21:08:45,794 - INFO - Rescore mode                           	0

2024-08-09 21:08:45,794 - INFO - Remove hits by seq. id. and coverage   	false

2024-08-09 21:08:45,794 - INFO - Sort results                           	0

2024-08-09 21:08:45,794 - INFO - Mask profile                           	1

2024-08-09 21:08:45,794 - INFO - Profile E-value threshold              	0.1

2024-08-09 21:08:45,794 - INFO - Global sequence weighting              	false

2024-08-09 21:08:45,794 - INFO - Allow deletions                        	false

2024-08-09 21:08:45,794 - INFO - Filter MSA                             	1

2024-08-09 21:08:45,795 - INFO - Maximum seq. id. threshold             	0.9

2024-08-09 21:08:45,795 - INFO - Minimum seq. id.                       	0

2024-08-09 21:08:45,795 - INFO - Minimum score per column               	-20

2024-08-09 21:08:45,795 - INFO - Minimum coverage                       	0

2024-08-09 21:08:45,795 - INFO - Select N most diverse seqs             	1000

2024-08-09 21:08:45,795 - INFO - Min codons in orf                      	30

2024-08-09 21:08:45,795 - INFO - Max codons in length                   	32734

2024-08-09 21:08:45,795 - INFO - Max orf gaps                           	2147483647

2024-08-09 21:08:45,795 - INFO - Contig start mode                      	2

2024-08-09 21:08:45,795 - INFO - Contig end mode                        	2

2024-08-09 21:08:45,795 - INFO - Orf start mode                         	1

2024-08-09 21:08:45,795 - INFO - Forward frames                         	1,2,3

2024-08-09 21:08:45,795 - INFO - Reverse frames                         	1,2,3

2024-08-09 21:08:45,795 - INFO - Translation table                      	1

2024-08-09 21:08:45,795 - INFO - Translate orf                          	0

2024-08-09 21:08:45,795 - INFO - Use all table starts                   	false

2024-08-09 21:08:45,795 - INFO - Offset of numeric ids                  	0

2024-08-09 21:08:45,795 - INFO - Create lookup                          	0

2024-08-09 21:08:45,795 - INFO - Add orf stop                           	false

2024-08-09 21:08:45,795 - INFO - Overlap between sequences              	0

2024-08-09 21:08:45,795 - INFO - Sequence split mode                    	1

2024-08-09 21:08:45,795 - INFO - Header split mode                      	0

2024-08-09 21:08:45,795 - INFO - Chain overlapping alignments           	0

2024-08-09 21:08:45,795 - INFO - Merge query                            	1

2024-08-09 21:08:45,795 - INFO - Search type                            	0

2024-08-09 21:08:45,795 - INFO - Search iterations                      	1

2024-08-09 21:08:45,795 - INFO - Start sensitivity                      	4

2024-08-09 21:08:45,795 - INFO - Search steps                           	1

2024-08-09 21:08:45,795 - INFO - Exhaustive search mode                 	false

2024-08-09 21:08:45,795 - INFO - Filter results during exhaustive search	0

2024-08-09 21:08:45,795 - INFO - Strand selection                       	1

2024-08-09 21:08:45,795 - INFO - LCA search mode                        	false

2024-08-09 21:08:45,795 - INFO - Disk space limit                       	0

2024-08-09 21:08:45,795 - INFO - MPI runner                             	

2024-08-09 21:08:45,795 - INFO - Force restart with latest tmp          	false

2024-08-09 21:08:45,795 - INFO - Remove temporary files                 	false

2024-08-09 21:08:45,795 - INFO - 

2024-08-09 21:08:46,047 - INFO - prefilter /data/yangy34/database/pharokka/phrogs_profile_db phage_pharokka/GCA_013114135.1_55|3-1673/target_dir/target_seqs phage_pharokka/GCA_013114135.1_55|3-1673/tmp_dir//17943032575748430620/pref_0 --sub-mat nucl:nucleotide.out,aa:blosum62.out --seed-sub-mat nucl:nucleotide.out,aa:VTML80.out -k 0 --k-score 2147483647 --alph-size nucl:5,aa:21 --max-seq-len 65535 --max-seqs 300 --split 0 --split-mode 2 --split-memory-limit 0 -c 0 --cov-mode 0 --comp-bias-corr 1 --diag-score 1 --exact-kmer-matching 0 --mask 1 --mask-lower-case 0 --min-ungapped-score 15 --add-self-matches 0 --spaced-kmer-mode 1 --db-load-mode 0 --pca 1 --pcb 1.5 --threads 32 --compressed 0 -v 3 -s 8.5 

2024-08-09 21:08:46,048 - INFO - 

2024-08-09 21:08:46,048 - INFO - Query database size: 38880 type: Profile

2024-08-09 21:08:46,048 - INFO - Estimated memory consumption: 488M

2024-08-09 21:08:46,048 - INFO - Target database size: 3 type: Aminoacid

2024-08-09 21:08:46,048 - INFO - Index table k-mer threshold: 0 at k-mer size 6 

2024-08-09 21:08:46,048 - INFO - Index table: counting k-mers

2024-08-09 21:08:46,128 - INFO - [=================================================================] 3 0s 1ms

2024-08-09 21:08:46,128 - INFO - Index table: Masked residues: 0

2024-08-09 21:08:46,128 - INFO - Index table: fill

2024-08-09 21:08:48,659 - INFO - [=================================================================] 3 0s 7ms

2024-08-09 21:08:48,659 - INFO - Index statistics

2024-08-09 21:08:48,659 - INFO - Entries:          512

2024-08-09 21:08:48,659 - INFO - DB size:          488 MB

2024-08-09 21:08:48,659 - INFO - Avg k-mer size:   0.000008

2024-08-09 21:08:48,659 - INFO - Top 10 k-mers

2024-08-09 21:08:48,659 - INFO -     ALSEAA	1

2024-08-09 21:08:48,659 - INFO -     LDPADA	1

2024-08-09 21:08:48,659 - INFO -     PNTDDA	1

2024-08-09 21:08:48,659 - INFO -     AGHRDA	1

2024-08-09 21:08:48,659 - INFO -     AKVYDA	1

2024-08-09 21:08:48,659 - INFO -     FANAEA	1

2024-08-09 21:08:48,659 - INFO -     RSVDEA	1

2024-08-09 21:08:48,659 - INFO -     VRKIEA	1

2024-08-09 21:08:48,659 - INFO -     CSRIEA	1

2024-08-09 21:08:48,659 - INFO -     ENRKEA	1

2024-08-09 21:08:48,659 - INFO - Time for index table init: 0h 0m 0s 315ms

2024-08-09 21:08:48,659 - INFO - Process prefiltering step 1 of 1

2024-08-09 21:08:48,659 - INFO - 

2024-08-09 21:08:48,659 - INFO - k-mer similarity threshold: 81

2024-08-09 21:08:48,660 - INFO - Starting prefiltering scores calculation (step 1 of 1)

2024-08-09 21:08:48,660 - INFO - Query db start 1 to 38880

2024-08-09 21:08:48,660 - INFO - Target db start 1 to 3

2024-08-09 21:11:00,408 - INFO - [=================================================================] 38.88K 2m 13s 862ms

2024-08-09 21:11:00,408 - INFO - 

2024-08-09 21:11:00,408 - INFO - 5386.328443 k-mers per position

2024-08-09 21:11:00,408 - INFO - 7 DB matches per sequence

2024-08-09 21:11:00,409 - INFO - 0 overflows

2024-08-09 21:11:00,409 - INFO - 0 queries produce too many hits (truncated result)

2024-08-09 21:11:00,409 - INFO - 0 sequences passed prefiltering per query sequence

2024-08-09 21:11:00,409 - INFO - 0 median result list length

2024-08-09 21:11:00,409 - INFO - 33129 sequences with 0 size result lists

2024-08-09 21:11:00,409 - INFO - Time for merging to pref_0: 0h 0m 0s 15ms

2024-08-09 21:11:00,409 - INFO - Time for processing: 0h 2m 14s 609ms

2024-08-09 21:11:00,628 - INFO - align /data/yangy34/database/pharokka/phrogs_profile_db phage_pharokka/GCA_013114135.1_55|3-1673/target_dir/target_seqs phage_pharokka/GCA_013114135.1_55|3-1673/tmp_dir//17943032575748430620/pref_0 phage_pharokka/GCA_013114135.1_55|3-1673/mmseqs/results_mmseqs --sub-mat nucl:nucleotide.out,aa:blosum62.out -a 0 --alignment-mode 2 --alignment-output-mode 0 --wrapped-scoring 0 -e 1e-05 --min-seq-id 0 --min-aln-len 0 --seq-id-mode 0 --alt-ali 0 -c 0 --cov-mode 0 --max-seq-len 65535 --comp-bias-corr 1 --max-rejected 2147483647 --max-accept 2147483647 --add-self-matches 0 --db-load-mode 0 --pca 1 --pcb 1.5 --score-bias 0 --realign 0 --realign-score-bias -0.2 --realign-max-seqs 2147483647 --gap-open nucl:5,aa:11 --gap-extend nucl:2,aa:1 --zdrop 40 --threads 32 --compressed 0 -v 3 

2024-08-09 21:11:00,628 - INFO - 

2024-08-09 21:11:00,628 - INFO - Compute score and coverage

2024-08-09 21:11:00,628 - INFO - Query database size: 38880 type: Profile

2024-08-09 21:11:00,628 - INFO - Target database size: 3 type: Aminoacid

2024-08-09 21:11:00,628 - INFO - Calculation of alignments

2024-08-09 21:11:00,800 - INFO - [=================================================================] 38.88K 0s 135ms

2024-08-09 21:11:00,800 - INFO - Time for merging to results_mmseqs: 0h 0m 0s 13ms

2024-08-09 21:11:00,800 - INFO - 6058 alignments calculated

2024-08-09 21:11:00,800 - INFO - 5 sequence pairs passed the thresholds (0.000825 of overall calculated)

2024-08-09 21:11:00,800 - INFO - 0.000129 hits per query sequence

2024-08-09 21:11:00,800 - INFO - Time for processing: 0h 0m 0s 380ms

2024-08-09 21:11:01,075 - INFO - createtsv /data/yangy34/database/pharokka/phrogs_profile_db phage_pharokka/GCA_013114135.1_55|3-1673/target_dir/target_seqs phage_pharokka/GCA_013114135.1_55|3-1673/mmseqs/results_mmseqs phage_pharokka/GCA_013114135.1_55|3-1673/mmseqs_results.tsv --full-header --threads 32 

2024-08-09 21:11:01,075 - INFO - 

2024-08-09 21:11:01,075 - INFO - MMseqs Version:                 	13.45111

2024-08-09 21:11:01,075 - INFO - First sequence as representative	false

2024-08-09 21:11:01,075 - INFO - Target column                   	1

2024-08-09 21:11:01,075 - INFO - Add full header                 	true

2024-08-09 21:11:01,075 - INFO - Sequence source                 	0

2024-08-09 21:11:01,075 - INFO - Database output                 	false

2024-08-09 21:11:01,075 - INFO - Threads                         	32

2024-08-09 21:11:01,075 - INFO - Compressed                      	0

2024-08-09 21:11:01,075 - INFO - Verbosity                       	3

2024-08-09 21:11:01,075 - INFO - 

2024-08-09 21:11:01,075 - INFO - Time for merging to mmseqs_results.tsv: 0h 0m 0s 17ms

2024-08-09 21:11:01,075 - INFO - Time for processing: 0h 0m 0s 267ms

2024-08-09 21:11:01,091 - INFO - Running mmseqs2 on CARD.
2024-08-09 21:11:01,220 - INFO - createdb phage_pharokka/GCA_013114135.1_55|3-1673/phanotate_aas_tmp.fasta phage_pharokka/GCA_013114135.1_55|3-1673/CARD_target_dir/target_seqs 

2024-08-09 21:11:01,220 - INFO - 

2024-08-09 21:11:01,220 - INFO - MMseqs Version:       	13.45111

2024-08-09 21:11:01,220 - INFO - Database type         	0

2024-08-09 21:11:01,221 - INFO - Shuffle input database	true

2024-08-09 21:11:01,221 - INFO - Createdb mode         	0

2024-08-09 21:11:01,221 - INFO - Write lookup file     	1

2024-08-09 21:11:01,221 - INFO - Offset of numeric ids 	0

2024-08-09 21:11:01,221 - INFO - Compressed            	0

2024-08-09 21:11:01,221 - INFO - Verbosity             	3

2024-08-09 21:11:01,221 - INFO - 

2024-08-09 21:11:01,221 - INFO - Converting sequences

2024-08-09 21:11:01,221 - INFO - [

2024-08-09 21:11:01,221 - INFO - Time for merging to target_seqs_h: 0h 0m 0s 6ms

2024-08-09 21:11:01,221 - INFO - Time for merging to target_seqs: 0h 0m 0s 14ms

2024-08-09 21:11:01,221 - INFO - Database type: Aminoacid

2024-08-09 21:11:01,221 - INFO - Time for processing: 0h 0m 0s 125ms

2024-08-09 21:11:01,228 - INFO - Create directory phage_pharokka/GCA_013114135.1_55|3-1673/CARD_tmp_dir/

2024-08-09 21:11:01,228 - INFO - search --min-seq-id 0.8 -c 0.4 /data/yangy34/database/pharokka/CARD phage_pharokka/GCA_013114135.1_55|3-1673/CARD_target_dir/target_seqs phage_pharokka/GCA_013114135.1_55|3-1673/CARD/results_CARD phage_pharokka/GCA_013114135.1_55|3-1673/CARD_tmp_dir/ -s 8.5 --threads 32 

2024-08-09 21:11:01,228 - INFO - 

2024-08-09 21:11:01,228 - INFO - MMseqs Version:                        	13.45111

2024-08-09 21:11:01,228 - INFO - Substitution matrix                    	nucl:nucleotide.out,aa:blosum62.out

2024-08-09 21:11:01,228 - INFO - Add backtrace                          	false

2024-08-09 21:11:01,228 - INFO - Alignment mode                         	2

2024-08-09 21:11:01,228 - INFO - Alignment mode                         	0

2024-08-09 21:11:01,229 - INFO - Allow wrapped scoring                  	false

2024-08-09 21:11:01,229 - INFO - E-value threshold                      	0.001

2024-08-09 21:11:01,229 - INFO - Seq. id. threshold                     	0.8

2024-08-09 21:11:01,229 - INFO - Min alignment length                   	0

2024-08-09 21:11:01,229 - INFO - Seq. id. mode                          	0

2024-08-09 21:11:01,229 - INFO - Alternative alignments                 	0

2024-08-09 21:11:01,229 - INFO - Coverage threshold                     	0.4

2024-08-09 21:11:01,229 - INFO - Coverage mode                          	0

2024-08-09 21:11:01,229 - INFO - Max sequence length                    	65535

2024-08-09 21:11:01,229 - INFO - Compositional bias                     	1

2024-08-09 21:11:01,229 - INFO - Max reject                             	2147483647

2024-08-09 21:11:01,229 - INFO - Max accept                             	2147483647

2024-08-09 21:11:01,229 - INFO - Include identical seq. id.             	false

2024-08-09 21:11:01,229 - INFO - Preload mode                           	0

2024-08-09 21:11:01,229 - INFO - Pseudo count a                         	1

2024-08-09 21:11:01,229 - INFO - Pseudo count b                         	1.5

2024-08-09 21:11:01,229 - INFO - Score bias                             	0

2024-08-09 21:11:01,229 - INFO - Realign hits                           	false

2024-08-09 21:11:01,229 - INFO - Realign score bias                     	-0.2

2024-08-09 21:11:01,229 - INFO - Realign max seqs                       	2147483647

2024-08-09 21:11:01,229 - INFO - Gap open cost                          	nucl:5,aa:11

2024-08-09 21:11:01,229 - INFO - Gap extension cost                     	nucl:2,aa:1

2024-08-09 21:11:01,229 - INFO - Zdrop                                  	40

2024-08-09 21:11:01,229 - INFO - Threads                                	32

2024-08-09 21:11:01,229 - INFO - Compressed                             	0

2024-08-09 21:11:01,229 - INFO - Verbosity                              	3

2024-08-09 21:11:01,229 - INFO - Seed substitution matrix               	nucl:nucleotide.out,aa:VTML80.out

2024-08-09 21:11:01,229 - INFO - Sensitivity                            	8.5

2024-08-09 21:11:01,229 - INFO - k-mer length                           	0

2024-08-09 21:11:01,229 - INFO - k-score                                	2147483647

2024-08-09 21:11:01,229 - INFO - Alphabet size                          	nucl:5,aa:21

2024-08-09 21:11:01,229 - INFO - Max results per query                  	300

2024-08-09 21:11:01,229 - INFO - Split database                         	0

2024-08-09 21:11:01,229 - INFO - Split mode                             	2

2024-08-09 21:11:01,229 - INFO - Split memory limit                     	0

2024-08-09 21:11:01,229 - INFO - Diagonal scoring                       	true

2024-08-09 21:11:01,229 - INFO - Exact k-mer matching                   	0

2024-08-09 21:11:01,229 - INFO - Mask residues                          	1

2024-08-09 21:11:01,229 - INFO - Mask lower case residues               	0

2024-08-09 21:11:01,229 - INFO - Minimum diagonal score                 	15

2024-08-09 21:11:01,229 - INFO - Spaced k-mers                          	1

2024-08-09 21:11:01,229 - INFO - Spaced k-mer pattern                   	

2024-08-09 21:11:01,229 - INFO - Local temporary path                   	

2024-08-09 21:11:01,229 - INFO - Rescore mode                           	0

2024-08-09 21:11:01,229 - INFO - Remove hits by seq. id. and coverage   	false

2024-08-09 21:11:01,229 - INFO - Sort results                           	0

2024-08-09 21:11:01,229 - INFO - Mask profile                           	1

2024-08-09 21:11:01,229 - INFO - Profile E-value threshold              	0.1

2024-08-09 21:11:01,229 - INFO - Global sequence weighting              	false

2024-08-09 21:11:01,230 - INFO - Allow deletions                        	false

2024-08-09 21:11:01,230 - INFO - Filter MSA                             	1

2024-08-09 21:11:01,230 - INFO - Maximum seq. id. threshold             	0.9

2024-08-09 21:11:01,230 - INFO - Minimum seq. id.                       	0

2024-08-09 21:11:01,230 - INFO - Minimum score per column               	-20

2024-08-09 21:11:01,230 - INFO - Minimum coverage                       	0

2024-08-09 21:11:01,230 - INFO - Select N most diverse seqs             	1000

2024-08-09 21:11:01,230 - INFO - Min codons in orf                      	30

2024-08-09 21:11:01,230 - INFO - Max codons in length                   	32734

2024-08-09 21:11:01,230 - INFO - Max orf gaps                           	2147483647

2024-08-09 21:11:01,230 - INFO - Contig start mode                      	2

2024-08-09 21:11:01,230 - INFO - Contig end mode                        	2

2024-08-09 21:11:01,230 - INFO - Orf start mode                         	1

2024-08-09 21:11:01,230 - INFO - Forward frames                         	1,2,3

2024-08-09 21:11:01,230 - INFO - Reverse frames                         	1,2,3

2024-08-09 21:11:01,230 - INFO - Translation table                      	1

2024-08-09 21:11:01,230 - INFO - Translate orf                          	0

2024-08-09 21:11:01,230 - INFO - Use all table starts                   	false

2024-08-09 21:11:01,230 - INFO - Offset of numeric ids                  	0

2024-08-09 21:11:01,230 - INFO - Create lookup                          	0

2024-08-09 21:11:01,230 - INFO - Add orf stop                           	false

2024-08-09 21:11:01,230 - INFO - Overlap between sequences              	0

2024-08-09 21:11:01,230 - INFO - Sequence split mode                    	1

2024-08-09 21:11:01,230 - INFO - Header split mode                      	0

2024-08-09 21:11:01,230 - INFO - Chain overlapping alignments           	0

2024-08-09 21:11:01,230 - INFO - Merge query                            	1

2024-08-09 21:11:01,230 - INFO - Search type                            	0

2024-08-09 21:11:01,230 - INFO - Search iterations                      	1

2024-08-09 21:11:01,230 - INFO - Start sensitivity                      	4

2024-08-09 21:11:01,230 - INFO - Search steps                           	1

2024-08-09 21:11:01,230 - INFO - Exhaustive search mode                 	false

2024-08-09 21:11:01,230 - INFO - Filter results during exhaustive search	0

2024-08-09 21:11:01,230 - INFO - Strand selection                       	1

2024-08-09 21:11:01,230 - INFO - LCA search mode                        	false

2024-08-09 21:11:01,230 - INFO - Disk space limit                       	0

2024-08-09 21:11:01,230 - INFO - MPI runner                             	

2024-08-09 21:11:01,230 - INFO - Force restart with latest tmp          	false

2024-08-09 21:11:01,230 - INFO - Remove temporary files                 	false

2024-08-09 21:11:01,230 - INFO - 

2024-08-09 21:11:01,412 - INFO - prefilter /data/yangy34/database/pharokka/CARD phage_pharokka/GCA_013114135.1_55|3-1673/CARD_target_dir/target_seqs phage_pharokka/GCA_013114135.1_55|3-1673/CARD_tmp_dir//2405051976893115810/pref_0 --sub-mat nucl:nucleotide.out,aa:blosum62.out --seed-sub-mat nucl:nucleotide.out,aa:VTML80.out -k 0 --k-score 2147483647 --alph-size nucl:5,aa:21 --max-seq-len 65535 --max-seqs 300 --split 0 --split-mode 2 --split-memory-limit 0 -c 0.4 --cov-mode 0 --comp-bias-corr 1 --diag-score 1 --exact-kmer-matching 0 --mask 1 --mask-lower-case 0 --min-ungapped-score 15 --add-self-matches 0 --spaced-kmer-mode 1 --db-load-mode 0 --pca 1 --pcb 1.5 --threads 32 --compressed 0 -v 3 -s 8.5 

2024-08-09 21:11:01,413 - INFO - 

2024-08-09 21:11:01,413 - INFO - Query database size: 4641 type: Aminoacid

2024-08-09 21:11:01,413 - INFO - Estimated memory consumption: 977M

2024-08-09 21:11:01,413 - INFO - Target database size: 3 type: Aminoacid

2024-08-09 21:11:01,413 - INFO - Index table k-mer threshold: 87 at k-mer size 6 

2024-08-09 21:11:01,413 - INFO - Index table: counting k-mers

2024-08-09 21:11:01,491 - INFO - [=================================================================] 3 0s 37ms

2024-08-09 21:11:01,491 - INFO - Index table: Masked residues: 0

2024-08-09 21:11:01,491 - INFO - Index table: fill

2024-08-09 21:11:02,004 - INFO - [=================================================================] 3 0s 6ms

2024-08-09 21:11:02,004 - INFO - Index statistics

2024-08-09 21:11:02,004 - INFO - Entries:          512

2024-08-09 21:11:02,004 - INFO - DB size:          488 MB

2024-08-09 21:11:02,004 - INFO - Avg k-mer size:   0.000008

2024-08-09 21:11:02,004 - INFO - Top 10 k-mers

2024-08-09 21:11:02,004 - INFO -     ALSEAA	1

2024-08-09 21:11:02,004 - INFO -     LDPADA	1

2024-08-09 21:11:02,004 - INFO -     PNTDDA	1

2024-08-09 21:11:02,004 - INFO -     AGHRDA	1

2024-08-09 21:11:02,004 - INFO -     AKVYDA	1

2024-08-09 21:11:02,004 - INFO -     FANAEA	1

2024-08-09 21:11:02,004 - INFO -     RSVDEA	1

2024-08-09 21:11:02,004 - INFO -     VRKIEA	1

2024-08-09 21:11:02,004 - INFO -     CSRIEA	1

2024-08-09 21:11:02,004 - INFO -     ENRKEA	1

2024-08-09 21:11:02,004 - INFO - Time for index table init: 0h 0m 0s 339ms

2024-08-09 21:11:02,004 - INFO - Process prefiltering step 1 of 1

2024-08-09 21:11:02,004 - INFO - 

2024-08-09 21:11:02,004 - INFO - k-mer similarity threshold: 87

2024-08-09 21:11:02,004 - INFO - Starting prefiltering scores calculation (step 1 of 1)

2024-08-09 21:11:02,004 - INFO - Query db start 1 to 4641

2024-08-09 21:11:02,004 - INFO - Target db start 1 to 3

2024-08-09 21:11:28,230 - INFO - [=================================================================] 4.64K 26s 391ms

2024-08-09 21:11:28,230 - INFO - 

2024-08-09 21:11:28,230 - INFO - 3883.681631 k-mers per position

2024-08-09 21:11:28,230 - INFO - 9 DB matches per sequence

2024-08-09 21:11:28,230 - INFO - 0 overflows

2024-08-09 21:11:28,230 - INFO - 0 queries produce too many hits (truncated result)

2024-08-09 21:11:28,230 - INFO - 0 sequences passed prefiltering per query sequence

2024-08-09 21:11:28,230 - INFO - 0 median result list length

2024-08-09 21:11:28,230 - INFO - 3970 sequences with 0 size result lists

2024-08-09 21:11:28,230 - INFO - Time for merging to pref_0: 0h 0m 0s 6ms

2024-08-09 21:11:28,230 - INFO - Time for processing: 0h 0m 26s 994ms

2024-08-09 21:11:28,258 - INFO - align /data/yangy34/database/pharokka/CARD phage_pharokka/GCA_013114135.1_55|3-1673/CARD_target_dir/target_seqs phage_pharokka/GCA_013114135.1_55|3-1673/CARD_tmp_dir//2405051976893115810/pref_0 phage_pharokka/GCA_013114135.1_55|3-1673/CARD/results_CARD --sub-mat nucl:nucleotide.out,aa:blosum62.out -a 0 --alignment-mode 2 --alignment-output-mode 0 --wrapped-scoring 0 -e 0.001 --min-seq-id 0.8 --min-aln-len 0 --seq-id-mode 0 --alt-ali 0 -c 0.4 --cov-mode 0 --max-seq-len 65535 --comp-bias-corr 1 --max-rejected 2147483647 --max-accept 2147483647 --add-self-matches 0 --db-load-mode 0 --pca 1 --pcb 1.5 --score-bias 0 --realign 0 --realign-score-bias -0.2 --realign-max-seqs 2147483647 --gap-open nucl:5,aa:11 --gap-extend nucl:2,aa:1 --zdrop 40 --threads 32 --compressed 0 -v 3 

2024-08-09 21:11:28,258 - INFO - 

2024-08-09 21:11:28,258 - INFO - Compute score and coverage

2024-08-09 21:11:28,258 - INFO - Query database size: 4641 type: Aminoacid

2024-08-09 21:11:28,258 - INFO - Target database size: 3 type: Aminoacid

2024-08-09 21:11:28,258 - INFO - Calculation of alignments

2024-08-09 21:11:28,291 - INFO - [=================================================================] 4.64K 0s 25ms

2024-08-09 21:11:28,291 - INFO - Time for merging to results_CARD: 0h 0m 0s 6ms

2024-08-09 21:11:28,291 - INFO - 547 alignments calculated

2024-08-09 21:11:28,291 - INFO - 0 sequence pairs passed the thresholds (0.000000 of overall calculated)

2024-08-09 21:11:28,291 - INFO - 0.000000 hits per query sequence

2024-08-09 21:11:28,291 - INFO - Time for processing: 0h 0m 0s 55ms

2024-08-09 21:11:28,411 - INFO - createtsv /data/yangy34/database/pharokka/CARD phage_pharokka/GCA_013114135.1_55|3-1673/CARD_target_dir/target_seqs phage_pharokka/GCA_013114135.1_55|3-1673/CARD/results_CARD phage_pharokka/GCA_013114135.1_55|3-1673/CARD_results.tsv --full-header --threads 32 

2024-08-09 21:11:28,411 - INFO - 

2024-08-09 21:11:28,411 - INFO - MMseqs Version:                 	13.45111

2024-08-09 21:11:28,411 - INFO - First sequence as representative	false

2024-08-09 21:11:28,411 - INFO - Target column                   	1

2024-08-09 21:11:28,411 - INFO - Add full header                 	true

2024-08-09 21:11:28,411 - INFO - Sequence source                 	0

2024-08-09 21:11:28,411 - INFO - Database output                 	false

2024-08-09 21:11:28,411 - INFO - Threads                         	32

2024-08-09 21:11:28,411 - INFO - Compressed                      	0

2024-08-09 21:11:28,411 - INFO - Verbosity                       	3

2024-08-09 21:11:28,412 - INFO - 

2024-08-09 21:11:28,412 - INFO - Time for merging to CARD_results.tsv: 0h 0m 0s 8ms

2024-08-09 21:11:28,412 - INFO - Time for processing: 0h 0m 0s 114ms

2024-08-09 21:11:28,416 - INFO - Running mmseqs2 on vfdb.
2024-08-09 21:11:28,537 - INFO - createdb phage_pharokka/GCA_013114135.1_55|3-1673/phanotate_aas_tmp.fasta phage_pharokka/GCA_013114135.1_55|3-1673/vfdb_target_dir/target_seqs 

2024-08-09 21:11:28,537 - INFO - 

2024-08-09 21:11:28,537 - INFO - MMseqs Version:       	13.45111

2024-08-09 21:11:28,537 - INFO - Database type         	0

2024-08-09 21:11:28,537 - INFO - Shuffle input database	true

2024-08-09 21:11:28,537 - INFO - Createdb mode         	0

2024-08-09 21:11:28,537 - INFO - Write lookup file     	1

2024-08-09 21:11:28,537 - INFO - Offset of numeric ids 	0

2024-08-09 21:11:28,537 - INFO - Compressed            	0

2024-08-09 21:11:28,537 - INFO - Verbosity             	3

2024-08-09 21:11:28,538 - INFO - 

2024-08-09 21:11:28,538 - INFO - Converting sequences

2024-08-09 21:11:28,538 - INFO - [

2024-08-09 21:11:28,538 - INFO - Time for merging to target_seqs_h: 0h 0m 0s 4ms

2024-08-09 21:11:28,538 - INFO - Time for merging to target_seqs: 0h 0m 0s 12ms

2024-08-09 21:11:28,538 - INFO - Database type: Aminoacid

2024-08-09 21:11:28,538 - INFO - Time for processing: 0h 0m 0s 118ms

2024-08-09 21:11:28,542 - INFO - Create directory phage_pharokka/GCA_013114135.1_55|3-1673/vfdb_tmp_dir/

2024-08-09 21:11:28,542 - INFO - search --min-seq-id 0.8 -c 0.4 /data/yangy34/database/pharokka/vfdb phage_pharokka/GCA_013114135.1_55|3-1673/vfdb_target_dir/target_seqs phage_pharokka/GCA_013114135.1_55|3-1673/vfdb/results_vfdb phage_pharokka/GCA_013114135.1_55|3-1673/vfdb_tmp_dir/ -s 8.5 --threads 32 

2024-08-09 21:11:28,542 - INFO - 

2024-08-09 21:11:28,542 - INFO - MMseqs Version:                        	13.45111

2024-08-09 21:11:28,542 - INFO - Substitution matrix                    	nucl:nucleotide.out,aa:blosum62.out

2024-08-09 21:11:28,542 - INFO - Add backtrace                          	false

2024-08-09 21:11:28,542 - INFO - Alignment mode                         	2

2024-08-09 21:11:28,542 - INFO - Alignment mode                         	0

2024-08-09 21:11:28,542 - INFO - Allow wrapped scoring                  	false

2024-08-09 21:11:28,542 - INFO - E-value threshold                      	0.001

2024-08-09 21:11:28,542 - INFO - Seq. id. threshold                     	0.8

2024-08-09 21:11:28,542 - INFO - Min alignment length                   	0

2024-08-09 21:11:28,542 - INFO - Seq. id. mode                          	0

2024-08-09 21:11:28,542 - INFO - Alternative alignments                 	0

2024-08-09 21:11:28,542 - INFO - Coverage threshold                     	0.4

2024-08-09 21:11:28,542 - INFO - Coverage mode                          	0

2024-08-09 21:11:28,542 - INFO - Max sequence length                    	65535

2024-08-09 21:11:28,542 - INFO - Compositional bias                     	1

2024-08-09 21:11:28,542 - INFO - Max reject                             	2147483647

2024-08-09 21:11:28,542 - INFO - Max accept                             	2147483647

2024-08-09 21:11:28,542 - INFO - Include identical seq. id.             	false

2024-08-09 21:11:28,542 - INFO - Preload mode                           	0

2024-08-09 21:11:28,542 - INFO - Pseudo count a                         	1

2024-08-09 21:11:28,542 - INFO - Pseudo count b                         	1.5

2024-08-09 21:11:28,542 - INFO - Score bias                             	0

2024-08-09 21:11:28,542 - INFO - Realign hits                           	false

2024-08-09 21:11:28,543 - INFO - Realign score bias                     	-0.2

2024-08-09 21:11:28,543 - INFO - Realign max seqs                       	2147483647

2024-08-09 21:11:28,543 - INFO - Gap open cost                          	nucl:5,aa:11

2024-08-09 21:11:28,543 - INFO - Gap extension cost                     	nucl:2,aa:1

2024-08-09 21:11:28,543 - INFO - Zdrop                                  	40

2024-08-09 21:11:28,543 - INFO - Threads                                	32

2024-08-09 21:11:28,543 - INFO - Compressed                             	0

2024-08-09 21:11:28,543 - INFO - Verbosity                              	3

2024-08-09 21:11:28,543 - INFO - Seed substitution matrix               	nucl:nucleotide.out,aa:VTML80.out

2024-08-09 21:11:28,543 - INFO - Sensitivity                            	8.5

2024-08-09 21:11:28,543 - INFO - k-mer length                           	0

2024-08-09 21:11:28,543 - INFO - k-score                                	2147483647

2024-08-09 21:11:28,543 - INFO - Alphabet size                          	nucl:5,aa:21

2024-08-09 21:11:28,543 - INFO - Max results per query                  	300

2024-08-09 21:11:28,543 - INFO - Split database                         	0

2024-08-09 21:11:28,543 - INFO - Split mode                             	2

2024-08-09 21:11:28,543 - INFO - Split memory limit                     	0

2024-08-09 21:11:28,543 - INFO - Diagonal scoring                       	true

2024-08-09 21:11:28,543 - INFO - Exact k-mer matching                   	0

2024-08-09 21:11:28,543 - INFO - Mask residues                          	1

2024-08-09 21:11:28,543 - INFO - Mask lower case residues               	0

2024-08-09 21:11:28,543 - INFO - Minimum diagonal score                 	15

2024-08-09 21:11:28,543 - INFO - Spaced k-mers                          	1

2024-08-09 21:11:28,543 - INFO - Spaced k-mer pattern                   	

2024-08-09 21:11:28,543 - INFO - Local temporary path                   	

2024-08-09 21:11:28,543 - INFO - Rescore mode                           	0

2024-08-09 21:11:28,543 - INFO - Remove hits by seq. id. and coverage   	false

2024-08-09 21:11:28,543 - INFO - Sort results                           	0

2024-08-09 21:11:28,543 - INFO - Mask profile                           	1

2024-08-09 21:11:28,543 - INFO - Profile E-value threshold              	0.1

2024-08-09 21:11:28,543 - INFO - Global sequence weighting              	false

2024-08-09 21:11:28,543 - INFO - Allow deletions                        	false

2024-08-09 21:11:28,543 - INFO - Filter MSA                             	1

2024-08-09 21:11:28,543 - INFO - Maximum seq. id. threshold             	0.9

2024-08-09 21:11:28,543 - INFO - Minimum seq. id.                       	0

2024-08-09 21:11:28,543 - INFO - Minimum score per column               	-20

2024-08-09 21:11:28,543 - INFO - Minimum coverage                       	0

2024-08-09 21:11:28,543 - INFO - Select N most diverse seqs             	1000

2024-08-09 21:11:28,543 - INFO - Min codons in orf                      	30

2024-08-09 21:11:28,543 - INFO - Max codons in length                   	32734

2024-08-09 21:11:28,543 - INFO - Max orf gaps                           	2147483647

2024-08-09 21:11:28,543 - INFO - Contig start mode                      	2

2024-08-09 21:11:28,543 - INFO - Contig end mode                        	2

2024-08-09 21:11:28,543 - INFO - Orf start mode                         	1

2024-08-09 21:11:28,543 - INFO - Forward frames                         	1,2,3

2024-08-09 21:11:28,543 - INFO - Reverse frames                         	1,2,3

2024-08-09 21:11:28,543 - INFO - Translation table                      	1

2024-08-09 21:11:28,543 - INFO - Translate orf                          	0

2024-08-09 21:11:28,543 - INFO - Use all table starts                   	false

2024-08-09 21:11:28,543 - INFO - Offset of numeric ids                  	0

2024-08-09 21:11:28,543 - INFO - Create lookup                          	0

2024-08-09 21:11:28,543 - INFO - Add orf stop                           	false

2024-08-09 21:11:28,543 - INFO - Overlap between sequences              	0

2024-08-09 21:11:28,543 - INFO - Sequence split mode                    	1

2024-08-09 21:11:28,543 - INFO - Header split mode                      	0

2024-08-09 21:11:28,543 - INFO - Chain overlapping alignments           	0

2024-08-09 21:11:28,543 - INFO - Merge query                            	1

2024-08-09 21:11:28,543 - INFO - Search type                            	0

2024-08-09 21:11:28,543 - INFO - Search iterations                      	1

2024-08-09 21:11:28,543 - INFO - Start sensitivity                      	4

2024-08-09 21:11:28,544 - INFO - Search steps                           	1

2024-08-09 21:11:28,544 - INFO - Exhaustive search mode                 	false

2024-08-09 21:11:28,544 - INFO - Filter results during exhaustive search	0

2024-08-09 21:11:28,544 - INFO - Strand selection                       	1

2024-08-09 21:11:28,544 - INFO - LCA search mode                        	false

2024-08-09 21:11:28,544 - INFO - Disk space limit                       	0

2024-08-09 21:11:28,544 - INFO - MPI runner                             	

2024-08-09 21:11:28,544 - INFO - Force restart with latest tmp          	false

2024-08-09 21:11:28,544 - INFO - Remove temporary files                 	false

2024-08-09 21:11:28,544 - INFO - 

2024-08-09 21:11:28,731 - INFO - prefilter /data/yangy34/database/pharokka/vfdb phage_pharokka/GCA_013114135.1_55|3-1673/vfdb_target_dir/target_seqs phage_pharokka/GCA_013114135.1_55|3-1673/vfdb_tmp_dir//15320834145460036645/pref_0 --sub-mat nucl:nucleotide.out,aa:blosum62.out --seed-sub-mat nucl:nucleotide.out,aa:VTML80.out -k 0 --k-score 2147483647 --alph-size nucl:5,aa:21 --max-seq-len 65535 --max-seqs 300 --split 0 --split-mode 2 --split-memory-limit 0 -c 0.4 --cov-mode 0 --comp-bias-corr 1 --diag-score 1 --exact-kmer-matching 0 --mask 1 --mask-lower-case 0 --min-ungapped-score 15 --add-self-matches 0 --spaced-kmer-mode 1 --db-load-mode 0 --pca 1 --pcb 1.5 --threads 32 --compressed 0 -v 3 -s 8.5 

2024-08-09 21:11:28,731 - INFO - 

2024-08-09 21:11:28,731 - INFO - Query database size: 27504 type: Aminoacid

2024-08-09 21:11:28,731 - INFO - Estimated memory consumption: 977M

2024-08-09 21:11:28,731 - INFO - Target database size: 3 type: Aminoacid

2024-08-09 21:11:28,731 - INFO - Index table k-mer threshold: 87 at k-mer size 6 

2024-08-09 21:11:28,731 - INFO - Index table: counting k-mers

2024-08-09 21:11:28,807 - INFO - [=================================================================] 3 0s 23ms

2024-08-09 21:11:28,807 - INFO - Index table: Masked residues: 0

2024-08-09 21:11:28,807 - INFO - Index table: fill

2024-08-09 21:11:31,981 - INFO - [=================================================================] 3 0s 0ms

2024-08-09 21:11:31,981 - INFO - Index statistics

2024-08-09 21:11:31,981 - INFO - Entries:          512

2024-08-09 21:11:31,981 - INFO - DB size:          488 MB

2024-08-09 21:11:31,981 - INFO - Avg k-mer size:   0.000008

2024-08-09 21:11:31,981 - INFO - Top 10 k-mers

2024-08-09 21:11:31,981 - INFO -     ALSEAA	1

2024-08-09 21:11:31,981 - INFO -     LDPADA	1

2024-08-09 21:11:31,981 - INFO -     PNTDDA	1

2024-08-09 21:11:31,981 - INFO -     AGHRDA	1

2024-08-09 21:11:31,981 - INFO -     AKVYDA	1

2024-08-09 21:11:31,981 - INFO -     FANAEA	1

2024-08-09 21:11:31,981 - INFO -     RSVDEA	1

2024-08-09 21:11:31,981 - INFO -     VRKIEA	1

2024-08-09 21:11:31,981 - INFO -     CSRIEA	1

2024-08-09 21:11:31,981 - INFO -     ENRKEA	1

2024-08-09 21:11:31,981 - INFO - Time for index table init: 0h 0m 0s 339ms

2024-08-09 21:11:31,981 - INFO - Process prefiltering step 1 of 1

2024-08-09 21:11:31,981 - INFO - 

2024-08-09 21:11:31,981 - INFO - k-mer similarity threshold: 87

2024-08-09 21:11:31,981 - INFO - Starting prefiltering scores calculation (step 1 of 1)

2024-08-09 21:11:31,981 - INFO - Query db start 1 to 27504

2024-08-09 21:11:31,981 - INFO - Target db start 1 to 3

2024-08-09 21:13:26,791 - INFO - [=================================================================] 27.50K 1m 57s 179ms

2024-08-09 21:13:26,791 - INFO - 

2024-08-09 21:13:26,791 - INFO - 3159.764157 k-mers per position

2024-08-09 21:13:26,791 - INFO - 13 DB matches per sequence

2024-08-09 21:13:26,791 - INFO - 0 overflows

2024-08-09 21:13:26,791 - INFO - 0 queries produce too many hits (truncated result)

2024-08-09 21:13:26,791 - INFO - 0 sequences passed prefiltering per query sequence

2024-08-09 21:13:26,791 - INFO - 0 median result list length

2024-08-09 21:13:26,791 - INFO - 21290 sequences with 0 size result lists

2024-08-09 21:13:26,791 - INFO - Time for merging to pref_0: 0h 0m 0s 13ms

2024-08-09 21:13:26,791 - INFO - Time for processing: 0h 1m 58s 244ms

2024-08-09 21:13:26,970 - INFO - align /data/yangy34/database/pharokka/vfdb phage_pharokka/GCA_013114135.1_55|3-1673/vfdb_target_dir/target_seqs phage_pharokka/GCA_013114135.1_55|3-1673/vfdb_tmp_dir//15320834145460036645/pref_0 phage_pharokka/GCA_013114135.1_55|3-1673/vfdb/results_vfdb --sub-mat nucl:nucleotide.out,aa:blosum62.out -a 0 --alignment-mode 2 --alignment-output-mode 0 --wrapped-scoring 0 -e 0.001 --min-seq-id 0.8 --min-aln-len 0 --seq-id-mode 0 --alt-ali 0 -c 0.4 --cov-mode 0 --max-seq-len 65535 --comp-bias-corr 1 --max-rejected 2147483647 --max-accept 2147483647 --add-self-matches 0 --db-load-mode 0 --pca 1 --pcb 1.5 --score-bias 0 --realign 0 --realign-score-bias -0.2 --realign-max-seqs 2147483647 --gap-open nucl:5,aa:11 --gap-extend nucl:2,aa:1 --zdrop 40 --threads 32 --compressed 0 -v 3 

2024-08-09 21:13:26,970 - INFO - 

2024-08-09 21:13:26,970 - INFO - Compute score and coverage

2024-08-09 21:13:26,970 - INFO - Query database size: 27504 type: Aminoacid

2024-08-09 21:13:26,970 - INFO - Target database size: 3 type: Aminoacid

2024-08-09 21:13:26,970 - INFO - Calculation of alignments

2024-08-09 21:13:27,026 - INFO - [=================================================================] 27.50K 0s 36ms

2024-08-09 21:13:27,026 - INFO - Time for merging to results_vfdb: 0h 0m 0s 13ms

2024-08-09 21:13:27,026 - INFO - 4355 alignments calculated

2024-08-09 21:13:27,026 - INFO - 0 sequence pairs passed the thresholds (0.000000 of overall calculated)

2024-08-09 21:13:27,026 - INFO - 0.000000 hits per query sequence

2024-08-09 21:13:27,026 - INFO - Time for processing: 0h 0m 0s 223ms

2024-08-09 21:13:27,232 - INFO - createtsv /data/yangy34/database/pharokka/vfdb phage_pharokka/GCA_013114135.1_55|3-1673/vfdb_target_dir/target_seqs phage_pharokka/GCA_013114135.1_55|3-1673/vfdb/results_vfdb phage_pharokka/GCA_013114135.1_55|3-1673/vfdb_results.tsv --full-header --threads 32 

2024-08-09 21:13:27,232 - INFO - 

2024-08-09 21:13:27,232 - INFO - MMseqs Version:                 	13.45111

2024-08-09 21:13:27,232 - INFO - First sequence as representative	false

2024-08-09 21:13:27,232 - INFO - Target column                   	1

2024-08-09 21:13:27,232 - INFO - Add full header                 	true

2024-08-09 21:13:27,232 - INFO - Sequence source                 	0

2024-08-09 21:13:27,232 - INFO - Database output                 	false

2024-08-09 21:13:27,232 - INFO - Threads                         	32

2024-08-09 21:13:27,232 - INFO - Compressed                      	0

2024-08-09 21:13:27,232 - INFO - Verbosity                       	3

2024-08-09 21:13:27,232 - INFO - 

2024-08-09 21:13:27,232 - INFO - Time for merging to vfdb_results.tsv: 0h 0m 0s 18ms

2024-08-09 21:13:27,232 - INFO - Time for processing: 0h 0m 0s 200ms

2024-08-09 21:13:27,251 - INFO - Post Processing Output.
2024-08-09 21:13:27,452 - INFO - Converting gff to genbank.
2024-08-09 21:13:27,464 - WARNING - /gpfs/gsfs12/users/yangy34/softwares/mambaforge/envs/pharokka-env/lib/python3.10/site-packages/Bio/SeqIO/InsdcIO.py:728: BiopythonWarning: Increasing length of locus line to allow long name. This will result in fields that are not in usual positions.
  warnings.warn(

2024-08-09 21:13:27,472 - INFO - Finding the closest match for each contig in INPHARED using mash.
2024-08-09 21:13:27,515 - INFO - Sketching GCA_013114135_6_phages_vs2/GCA_013114135.1_55_3_1673_prophage.fasta...

2024-08-09 21:13:27,537 - INFO - Writing to phage_pharokka/GCA_013114135.1_55|3-1673/input_mash_sketch.msh...

2024-08-09 21:13:28,610 - INFO - pharokka has finished
2024-08-09 21:13:28,610 - INFO - Elapsed time: 290.11 seconds
2024-08-09 21:13:28,610 - INFO - If you use pharokka in your research, please cite:
2024-08-09 21:13:28,610 - INFO - George Bouras, Roshan Nepal, Ghais Houtak, Alkis James Psaltis, Peter-John Wormald, Sarah Vreugde.
2024-08-09 21:13:28,610 - INFO - Pharokka: a fast scalable bacteriophage annotation tool.
2024-08-09 21:13:28,610 - INFO - Bioinformatics, Volume 39, Issue 1, January 2023, btac776.
2024-08-09 21:13:28,610 - INFO - https://doi.org/10.1093/bioinformatics/btac776.
2024-08-09 21:13:28,610 - INFO - You should also cite the full list of tools pharokka uses, which can be found at https://github.com/gbouras13/pharokka#citation.
