2024-08-08 22:09:38,801 - INFO - Starting pharokka v1.3.2
2024-08-08 22:09:38,801 - INFO - Input args: Namespace(infile='GCA_015343595.1_53_phages/GCA_015343595.1_1434_2_1643_prophage.fasta', outdir='phage_pharokka/GCA_015343595.1_1434|2-1643', database='/data/yangy34/database/pharokka', threads='32', force=False, prefix='Default', locustag='Default', gene_predictor='phanotate', meta=False, split=False, coding_table='11', evalue='1E-05', terminase=False, terminase_strand='nothing', terminase_start='nothing', citation=False)
2024-08-08 22:09:38,801 - INFO - Checking database installation.
2024-08-08 22:09:38,819 - INFO - All databases have been successfully checked.
2024-08-08 22:09:38,819 - INFO - Checking dependencies.
2024-08-08 22:09:39,817 - INFO - phan_out version found is v1.5.1.
2024-08-08 22:09:39,817 - INFO - Phanotate version is ok.
2024-08-08 22:09:39,925 - INFO - MMseqs2 version found is v13.45111.
2024-08-08 22:09:39,925 - INFO - MMseqs2 version is ok.
2024-08-08 22:09:40,786 - INFO - tRNAscan-SE version found is v2.45111.11.
2024-08-08 22:09:40,787 - INFO - tRNAscan-SE version is ok.
2024-08-08 22:09:41,312 - INFO - MinCED version found is v0.4.2.
2024-08-08 22:09:41,312 - INFO - MinCED version is ok.
2024-08-08 22:09:41,328 - INFO - ARAGORN version found is v1.2.41.
2024-08-08 22:09:41,328 - INFO - ARAGORN version is ok.
2024-08-08 22:09:41,382 - INFO - mash version found is v2.2.
2024-08-08 22:09:41,383 - INFO - mash version is ok.
2024-08-08 22:09:41,594 - INFO - Running Phanotate.
2024-08-08 22:09:42,816 - INFO - Translating gene predicted fastas.
2024-08-08 22:09:42,846 - INFO - Starting tRNA-scanSE
2024-08-08 22:09:43,015 - INFO - 

2024-08-08 22:09:43,015 - INFO - tRNAscan-SE v.2.0.11 (Oct 2022) - scan sequences for transfer RNAs

2024-08-08 22:09:43,015 - INFO - Copyright (C) 2022 Patricia Chan and Todd Lowe

2024-08-08 22:09:43,015 - INFO -                    University of California Santa Cruz

2024-08-08 22:09:43,015 - INFO - Freely distributed under the GNU General Public License (GPLv3)

2024-08-08 22:09:43,015 - INFO - 

2024-08-08 22:09:43,015 - INFO - ------------------------------------------------------------

2024-08-08 22:09:43,015 - INFO - Sequence file(s) to search:        GCA_015343595.1_53_phages/GCA_015343595.1_1434_2_1643_prophage.fasta

2024-08-08 22:09:43,015 - INFO - Search Mode:                       General

2024-08-08 22:09:43,015 - INFO - Results written to:                Standard output

2024-08-08 22:09:43,015 - INFO - Output format:                     Tabular

2024-08-08 22:09:43,015 - INFO - Searching with:                    Infernal single-pass scan

2024-08-08 22:09:43,015 - INFO -                                    Fast mode

2024-08-08 22:09:43,015 - INFO - Covariance model:                  /gpfs/gsfs12/users/yangy34/softwares/mambaforge/envs/pharokka-env/lib/tRNAscan-SE/models/TRNAinf.cm

2024-08-08 22:09:43,015 - INFO - 

2024-08-08 22:09:43,015 - INFO - Temporary directory:               /tmp

2024-08-08 22:09:43,016 - INFO - tRNA predictions saved to:         phage_pharokka/GCA_015343595.1_1434|2-1643/trnascan_out.gff

2024-08-08 22:09:43,016 - INFO - ------------------------------------------------------------

2024-08-08 22:09:43,016 - INFO - 

2024-08-08 22:09:43,146 - INFO - No tRNAs found.

2024-08-08 22:09:43,147 - INFO - 

2024-08-08 22:09:43,161 - INFO - Running MinCED.
2024-08-08 22:09:43,303 - INFO - Running Aragorn.
2024-08-08 22:09:43,306 - INFO - Starting MMseqs2.
2024-08-08 22:09:43,306 - INFO - Running MMseqs2 on PHROGs Database.
2024-08-08 22:09:43,402 - INFO - createdb phage_pharokka/GCA_015343595.1_1434|2-1643/phanotate_aas_tmp.fasta phage_pharokka/GCA_015343595.1_1434|2-1643/target_dir/target_seqs 

2024-08-08 22:09:43,402 - INFO - 

2024-08-08 22:09:43,402 - INFO - MMseqs Version:       	13.45111

2024-08-08 22:09:43,402 - INFO - Database type         	0

2024-08-08 22:09:43,402 - INFO - Shuffle input database	true

2024-08-08 22:09:43,403 - INFO - Createdb mode         	0

2024-08-08 22:09:43,403 - INFO - Write lookup file     	1

2024-08-08 22:09:43,403 - INFO - Offset of numeric ids 	0

2024-08-08 22:09:43,404 - INFO - Compressed            	0

2024-08-08 22:09:43,404 - INFO - Verbosity             	3

2024-08-08 22:09:43,404 - INFO - 

2024-08-08 22:09:43,404 - INFO - Converting sequences

2024-08-08 22:09:43,404 - INFO - [

2024-08-08 22:09:43,404 - INFO - Time for merging to target_seqs_h: 0h 0m 0s 22ms

2024-08-08 22:09:43,404 - INFO - Time for merging to target_seqs: 0h 0m 0s 22ms

2024-08-08 22:09:43,404 - INFO - Database type: Aminoacid

2024-08-08 22:09:43,404 - INFO - Time for processing: 0h 0m 0s 86ms

2024-08-08 22:09:43,412 - INFO - Create directory phage_pharokka/GCA_015343595.1_1434|2-1643/tmp_dir/

2024-08-08 22:09:43,412 - INFO - search -e 1E-05 /data/yangy34/database/pharokka/phrogs_profile_db phage_pharokka/GCA_015343595.1_1434|2-1643/target_dir/target_seqs phage_pharokka/GCA_015343595.1_1434|2-1643/mmseqs/results_mmseqs phage_pharokka/GCA_015343595.1_1434|2-1643/tmp_dir/ -s 8.5 --threads 32 

2024-08-08 22:09:43,412 - INFO - 

2024-08-08 22:09:43,412 - INFO - MMseqs Version:                        	13.45111

2024-08-08 22:09:43,413 - INFO - Substitution matrix                    	nucl:nucleotide.out,aa:blosum62.out

2024-08-08 22:09:43,413 - INFO - Add backtrace                          	false

2024-08-08 22:09:43,413 - INFO - Alignment mode                         	2

2024-08-08 22:09:43,413 - INFO - Alignment mode                         	0

2024-08-08 22:09:43,413 - INFO - Allow wrapped scoring                  	false

2024-08-08 22:09:43,413 - INFO - E-value threshold                      	1e-05

2024-08-08 22:09:43,413 - INFO - Seq. id. threshold                     	0

2024-08-08 22:09:43,413 - INFO - Min alignment length                   	0

2024-08-08 22:09:43,413 - INFO - Seq. id. mode                          	0

2024-08-08 22:09:43,413 - INFO - Alternative alignments                 	0

2024-08-08 22:09:43,413 - INFO - Coverage threshold                     	0

2024-08-08 22:09:43,413 - INFO - Coverage mode                          	0

2024-08-08 22:09:43,413 - INFO - Max sequence length                    	65535

2024-08-08 22:09:43,413 - INFO - Compositional bias                     	1

2024-08-08 22:09:43,413 - INFO - Max reject                             	2147483647

2024-08-08 22:09:43,413 - INFO - Max accept                             	2147483647

2024-08-08 22:09:43,413 - INFO - Include identical seq. id.             	false

2024-08-08 22:09:43,413 - INFO - Preload mode                           	0

2024-08-08 22:09:43,413 - INFO - Pseudo count a                         	1

2024-08-08 22:09:43,413 - INFO - Pseudo count b                         	1.5

2024-08-08 22:09:43,413 - INFO - Score bias                             	0

2024-08-08 22:09:43,413 - INFO - Realign hits                           	false

2024-08-08 22:09:43,413 - INFO - Realign score bias                     	-0.2

2024-08-08 22:09:43,414 - INFO - Realign max seqs                       	2147483647

2024-08-08 22:09:43,414 - INFO - Gap open cost                          	nucl:5,aa:11

2024-08-08 22:09:43,414 - INFO - Gap extension cost                     	nucl:2,aa:1

2024-08-08 22:09:43,414 - INFO - Zdrop                                  	40

2024-08-08 22:09:43,414 - INFO - Threads                                	32

2024-08-08 22:09:43,414 - INFO - Compressed                             	0

2024-08-08 22:09:43,414 - INFO - Verbosity                              	3

2024-08-08 22:09:43,414 - INFO - Seed substitution matrix               	nucl:nucleotide.out,aa:VTML80.out

2024-08-08 22:09:43,414 - INFO - Sensitivity                            	8.5

2024-08-08 22:09:43,414 - INFO - k-mer length                           	0

2024-08-08 22:09:43,414 - INFO - k-score                                	2147483647

2024-08-08 22:09:43,414 - INFO - Alphabet size                          	nucl:5,aa:21

2024-08-08 22:09:43,414 - INFO - Max results per query                  	300

2024-08-08 22:09:43,414 - INFO - Split database                         	0

2024-08-08 22:09:43,414 - INFO - Split mode                             	2

2024-08-08 22:09:43,414 - INFO - Split memory limit                     	0

2024-08-08 22:09:43,414 - INFO - Diagonal scoring                       	true

2024-08-08 22:09:43,414 - INFO - Exact k-mer matching                   	0

2024-08-08 22:09:43,414 - INFO - Mask residues                          	1

2024-08-08 22:09:43,414 - INFO - Mask lower case residues               	0

2024-08-08 22:09:43,414 - INFO - Minimum diagonal score                 	15

2024-08-08 22:09:43,414 - INFO - Spaced k-mers                          	1

2024-08-08 22:09:43,414 - INFO - Spaced k-mer pattern                   	

2024-08-08 22:09:43,414 - INFO - Local temporary path                   	

2024-08-08 22:09:43,415 - INFO - Rescore mode                           	0

2024-08-08 22:09:43,415 - INFO - Remove hits by seq. id. and coverage   	false

2024-08-08 22:09:43,415 - INFO - Sort results                           	0

2024-08-08 22:09:43,415 - INFO - Mask profile                           	1

2024-08-08 22:09:43,415 - INFO - Profile E-value threshold              	0.1

2024-08-08 22:09:43,415 - INFO - Global sequence weighting              	false

2024-08-08 22:09:43,415 - INFO - Allow deletions                        	false

2024-08-08 22:09:43,415 - INFO - Filter MSA                             	1

2024-08-08 22:09:43,415 - INFO - Maximum seq. id. threshold             	0.9

2024-08-08 22:09:43,415 - INFO - Minimum seq. id.                       	0

2024-08-08 22:09:43,415 - INFO - Minimum score per column               	-20

2024-08-08 22:09:43,415 - INFO - Minimum coverage                       	0

2024-08-08 22:09:43,415 - INFO - Select N most diverse seqs             	1000

2024-08-08 22:09:43,415 - INFO - Min codons in orf                      	30

2024-08-08 22:09:43,415 - INFO - Max codons in length                   	32734

2024-08-08 22:09:43,415 - INFO - Max orf gaps                           	2147483647

2024-08-08 22:09:43,415 - INFO - Contig start mode                      	2

2024-08-08 22:09:43,415 - INFO - Contig end mode                        	2

2024-08-08 22:09:43,415 - INFO - Orf start mode                         	1

2024-08-08 22:09:43,415 - INFO - Forward frames                         	1,2,3

2024-08-08 22:09:43,415 - INFO - Reverse frames                         	1,2,3

2024-08-08 22:09:43,415 - INFO - Translation table                      	1

2024-08-08 22:09:43,415 - INFO - Translate orf                          	0

2024-08-08 22:09:43,416 - INFO - Use all table starts                   	false

2024-08-08 22:09:43,416 - INFO - Offset of numeric ids                  	0

2024-08-08 22:09:43,416 - INFO - Create lookup                          	0

2024-08-08 22:09:43,416 - INFO - Add orf stop                           	false

2024-08-08 22:09:43,416 - INFO - Overlap between sequences              	0

2024-08-08 22:09:43,416 - INFO - Sequence split mode                    	1

2024-08-08 22:09:43,416 - INFO - Header split mode                      	0

2024-08-08 22:09:43,416 - INFO - Chain overlapping alignments           	0

2024-08-08 22:09:43,416 - INFO - Merge query                            	1

2024-08-08 22:09:43,416 - INFO - Search type                            	0

2024-08-08 22:09:43,416 - INFO - Search iterations                      	1

2024-08-08 22:09:43,416 - INFO - Start sensitivity                      	4

2024-08-08 22:09:43,416 - INFO - Search steps                           	1

2024-08-08 22:09:43,416 - INFO - Exhaustive search mode                 	false

2024-08-08 22:09:43,416 - INFO - Filter results during exhaustive search	0

2024-08-08 22:09:43,416 - INFO - Strand selection                       	1

2024-08-08 22:09:43,416 - INFO - LCA search mode                        	false

2024-08-08 22:09:43,416 - INFO - Disk space limit                       	0

2024-08-08 22:09:43,416 - INFO - MPI runner                             	

2024-08-08 22:09:43,416 - INFO - Force restart with latest tmp          	false

2024-08-08 22:09:43,416 - INFO - Remove temporary files                 	false

2024-08-08 22:09:43,416 - INFO - 

2024-08-08 22:09:43,798 - INFO - prefilter /data/yangy34/database/pharokka/phrogs_profile_db phage_pharokka/GCA_015343595.1_1434|2-1643/target_dir/target_seqs phage_pharokka/GCA_015343595.1_1434|2-1643/tmp_dir//10114574521113329442/pref_0 --sub-mat nucl:nucleotide.out,aa:blosum62.out --seed-sub-mat nucl:nucleotide.out,aa:VTML80.out -k 0 --k-score 2147483647 --alph-size nucl:5,aa:21 --max-seq-len 65535 --max-seqs 300 --split 0 --split-mode 2 --split-memory-limit 0 -c 0 --cov-mode 0 --comp-bias-corr 1 --diag-score 1 --exact-kmer-matching 0 --mask 1 --mask-lower-case 0 --min-ungapped-score 15 --add-self-matches 0 --spaced-kmer-mode 1 --db-load-mode 0 --pca 1 --pcb 1.5 --threads 32 --compressed 0 -v 3 -s 8.5 

2024-08-08 22:09:43,798 - INFO - 

2024-08-08 22:09:43,798 - INFO - Query database size: 38880 type: Profile

2024-08-08 22:09:43,798 - INFO - Estimated memory consumption: 488M

2024-08-08 22:09:43,798 - INFO - Target database size: 4 type: Aminoacid

2024-08-08 22:09:43,798 - INFO - Index table k-mer threshold: 0 at k-mer size 6 

2024-08-08 22:09:43,798 - INFO - Index table: counting k-mers

2024-08-08 22:09:43,944 - INFO - [=================================================================] 4 0s 2ms

2024-08-08 22:09:43,944 - INFO - Index table: Masked residues: 0

2024-08-08 22:09:43,944 - INFO - Index table: fill

2024-08-08 22:09:45,159 - INFO - [=================================================================] 4 0s 2ms

2024-08-08 22:09:45,159 - INFO - Index statistics

2024-08-08 22:09:45,160 - INFO - Entries:          478

2024-08-08 22:09:45,160 - INFO - DB size:          488 MB

2024-08-08 22:09:45,160 - INFO - Avg k-mer size:   0.000007

2024-08-08 22:09:45,160 - INFO - Top 10 k-mers

2024-08-08 22:09:45,160 - INFO -     LTTSAA	1

2024-08-08 22:09:45,160 - INFO -     ELLTAA	1

2024-08-08 22:09:45,160 - INFO -     MNLADA	1

2024-08-08 22:09:45,160 - INFO -     AVSDDA	1

2024-08-08 22:09:45,160 - INFO -     TLTPEA	1

2024-08-08 22:09:45,161 - INFO -     RNLFFA	1

2024-08-08 22:09:45,161 - INFO -     AEVFGA	1

2024-08-08 22:09:45,161 - INFO -     EFDLGA	1

2024-08-08 22:09:45,161 - INFO -     HIPLGA	1

2024-08-08 22:09:45,161 - INFO -     LDVAIA	1

2024-08-08 22:09:45,161 - INFO - Time for index table init: 0h 0m 0s 658ms

2024-08-08 22:09:45,161 - INFO - Process prefiltering step 1 of 1

2024-08-08 22:09:45,161 - INFO - 

2024-08-08 22:09:45,161 - INFO - k-mer similarity threshold: 81

2024-08-08 22:09:45,161 - INFO - Starting prefiltering scores calculation (step 1 of 1)

2024-08-08 22:09:45,161 - INFO - Query db start 1 to 38880

2024-08-08 22:09:45,161 - INFO - Target db start 1 to 4

2024-08-08 22:10:54,074 - INFO - [=================================================================] 38.88K 1m 9s 631ms

2024-08-08 22:10:54,074 - INFO - 

2024-08-08 22:10:54,074 - INFO - 5386.328443 k-mers per position

2024-08-08 22:10:54,074 - INFO - 6 DB matches per sequence

2024-08-08 22:10:54,074 - INFO - 0 overflows

2024-08-08 22:10:54,074 - INFO - 0 queries produce too many hits (truncated result)

2024-08-08 22:10:54,074 - INFO - 0 sequences passed prefiltering per query sequence

2024-08-08 22:10:54,074 - INFO - 0 median result list length

2024-08-08 22:10:54,074 - INFO - 33730 sequences with 0 size result lists

2024-08-08 22:10:54,074 - INFO - Time for merging to pref_0: 0h 0m 0s 22ms

2024-08-08 22:10:54,074 - INFO - Time for processing: 0h 1m 10s 653ms

2024-08-08 22:10:54,156 - INFO - align /data/yangy34/database/pharokka/phrogs_profile_db phage_pharokka/GCA_015343595.1_1434|2-1643/target_dir/target_seqs phage_pharokka/GCA_015343595.1_1434|2-1643/tmp_dir//10114574521113329442/pref_0 phage_pharokka/GCA_015343595.1_1434|2-1643/mmseqs/results_mmseqs --sub-mat nucl:nucleotide.out,aa:blosum62.out -a 0 --alignment-mode 2 --alignment-output-mode 0 --wrapped-scoring 0 -e 1e-05 --min-seq-id 0 --min-aln-len 0 --seq-id-mode 0 --alt-ali 0 -c 0 --cov-mode 0 --max-seq-len 65535 --comp-bias-corr 1 --max-rejected 2147483647 --max-accept 2147483647 --add-self-matches 0 --db-load-mode 0 --pca 1 --pcb 1.5 --score-bias 0 --realign 0 --realign-score-bias -0.2 --realign-max-seqs 2147483647 --gap-open nucl:5,aa:11 --gap-extend nucl:2,aa:1 --zdrop 40 --threads 32 --compressed 0 -v 3 

2024-08-08 22:10:54,156 - INFO - 

2024-08-08 22:10:54,156 - INFO - Compute score and coverage

2024-08-08 22:10:54,156 - INFO - Query database size: 38880 type: Profile

2024-08-08 22:10:54,156 - INFO - Target database size: 4 type: Aminoacid

2024-08-08 22:10:54,157 - INFO - Calculation of alignments

2024-08-08 22:10:54,403 - INFO - [=================================================================] 38.88K 0s 195ms

2024-08-08 22:10:54,403 - INFO - Time for merging to results_mmseqs: 0h 0m 0s 21ms

2024-08-08 22:10:54,403 - INFO - 5764 alignments calculated

2024-08-08 22:10:54,404 - INFO - 2 sequence pairs passed the thresholds (0.000347 of overall calculated)

2024-08-08 22:10:54,404 - INFO - 0.000051 hits per query sequence

2024-08-08 22:10:54,404 - INFO - Time for processing: 0h 0m 0s 323ms

2024-08-08 22:10:54,500 - INFO - createtsv /data/yangy34/database/pharokka/phrogs_profile_db phage_pharokka/GCA_015343595.1_1434|2-1643/target_dir/target_seqs phage_pharokka/GCA_015343595.1_1434|2-1643/mmseqs/results_mmseqs phage_pharokka/GCA_015343595.1_1434|2-1643/mmseqs_results.tsv --full-header --threads 32 

2024-08-08 22:10:54,500 - INFO - 

2024-08-08 22:10:54,500 - INFO - MMseqs Version:                 	13.45111

2024-08-08 22:10:54,500 - INFO - First sequence as representative	false

2024-08-08 22:10:54,500 - INFO - Target column                   	1

2024-08-08 22:10:54,500 - INFO - Add full header                 	true

2024-08-08 22:10:54,500 - INFO - Sequence source                 	0

2024-08-08 22:10:54,500 - INFO - Database output                 	false

2024-08-08 22:10:54,500 - INFO - Threads                         	32

2024-08-08 22:10:54,500 - INFO - Compressed                      	0

2024-08-08 22:10:54,500 - INFO - Verbosity                       	3

2024-08-08 22:10:54,500 - INFO - 

2024-08-08 22:10:54,500 - INFO - Time for merging to mmseqs_results.tsv: 0h 0m 0s 28ms

2024-08-08 22:10:54,500 - INFO - Time for processing: 0h 0m 0s 87ms

2024-08-08 22:10:54,545 - INFO - Running mmseqs2 on CARD.
2024-08-08 22:10:54,602 - INFO - createdb phage_pharokka/GCA_015343595.1_1434|2-1643/phanotate_aas_tmp.fasta phage_pharokka/GCA_015343595.1_1434|2-1643/CARD_target_dir/target_seqs 

2024-08-08 22:10:54,602 - INFO - 

2024-08-08 22:10:54,602 - INFO - MMseqs Version:       	13.45111

2024-08-08 22:10:54,602 - INFO - Database type         	0

2024-08-08 22:10:54,602 - INFO - Shuffle input database	true

2024-08-08 22:10:54,603 - INFO - Createdb mode         	0

2024-08-08 22:10:54,603 - INFO - Write lookup file     	1

2024-08-08 22:10:54,603 - INFO - Offset of numeric ids 	0

2024-08-08 22:10:54,603 - INFO - Compressed            	0

2024-08-08 22:10:54,603 - INFO - Verbosity             	3

2024-08-08 22:10:54,603 - INFO - 

2024-08-08 22:10:54,603 - INFO - Converting sequences

2024-08-08 22:10:54,603 - INFO - [

2024-08-08 22:10:54,603 - INFO - Time for merging to target_seqs_h: 0h 0m 0s 7ms

2024-08-08 22:10:54,603 - INFO - Time for merging to target_seqs: 0h 0m 0s 18ms

2024-08-08 22:10:54,603 - INFO - Database type: Aminoacid

2024-08-08 22:10:54,603 - INFO - Time for processing: 0h 0m 0s 52ms

2024-08-08 22:10:54,612 - INFO - Create directory phage_pharokka/GCA_015343595.1_1434|2-1643/CARD_tmp_dir/

2024-08-08 22:10:54,612 - INFO - search --min-seq-id 0.8 -c 0.4 /data/yangy34/database/pharokka/CARD phage_pharokka/GCA_015343595.1_1434|2-1643/CARD_target_dir/target_seqs phage_pharokka/GCA_015343595.1_1434|2-1643/CARD/results_CARD phage_pharokka/GCA_015343595.1_1434|2-1643/CARD_tmp_dir/ -s 8.5 --threads 32 

2024-08-08 22:10:54,612 - INFO - 

2024-08-08 22:10:54,612 - INFO - MMseqs Version:                        	13.45111

2024-08-08 22:10:54,613 - INFO - Substitution matrix                    	nucl:nucleotide.out,aa:blosum62.out

2024-08-08 22:10:54,613 - INFO - Add backtrace                          	false

2024-08-08 22:10:54,613 - INFO - Alignment mode                         	2

2024-08-08 22:10:54,613 - INFO - Alignment mode                         	0

2024-08-08 22:10:54,613 - INFO - Allow wrapped scoring                  	false

2024-08-08 22:10:54,613 - INFO - E-value threshold                      	0.001

2024-08-08 22:10:54,613 - INFO - Seq. id. threshold                     	0.8

2024-08-08 22:10:54,613 - INFO - Min alignment length                   	0

2024-08-08 22:10:54,613 - INFO - Seq. id. mode                          	0

2024-08-08 22:10:54,613 - INFO - Alternative alignments                 	0

2024-08-08 22:10:54,613 - INFO - Coverage threshold                     	0.4

2024-08-08 22:10:54,613 - INFO - Coverage mode                          	0

2024-08-08 22:10:54,613 - INFO - Max sequence length                    	65535

2024-08-08 22:10:54,613 - INFO - Compositional bias                     	1

2024-08-08 22:10:54,613 - INFO - Max reject                             	2147483647

2024-08-08 22:10:54,613 - INFO - Max accept                             	2147483647

2024-08-08 22:10:54,613 - INFO - Include identical seq. id.             	false

2024-08-08 22:10:54,613 - INFO - Preload mode                           	0

2024-08-08 22:10:54,613 - INFO - Pseudo count a                         	1

2024-08-08 22:10:54,613 - INFO - Pseudo count b                         	1.5

2024-08-08 22:10:54,613 - INFO - Score bias                             	0

2024-08-08 22:10:54,614 - INFO - Realign hits                           	false

2024-08-08 22:10:54,614 - INFO - Realign score bias                     	-0.2

2024-08-08 22:10:54,614 - INFO - Realign max seqs                       	2147483647

2024-08-08 22:10:54,614 - INFO - Gap open cost                          	nucl:5,aa:11

2024-08-08 22:10:54,614 - INFO - Gap extension cost                     	nucl:2,aa:1

2024-08-08 22:10:54,614 - INFO - Zdrop                                  	40

2024-08-08 22:10:54,614 - INFO - Threads                                	32

2024-08-08 22:10:54,614 - INFO - Compressed                             	0

2024-08-08 22:10:54,614 - INFO - Verbosity                              	3

2024-08-08 22:10:54,614 - INFO - Seed substitution matrix               	nucl:nucleotide.out,aa:VTML80.out

2024-08-08 22:10:54,614 - INFO - Sensitivity                            	8.5

2024-08-08 22:10:54,614 - INFO - k-mer length                           	0

2024-08-08 22:10:54,614 - INFO - k-score                                	2147483647

2024-08-08 22:10:54,614 - INFO - Alphabet size                          	nucl:5,aa:21

2024-08-08 22:10:54,614 - INFO - Max results per query                  	300

2024-08-08 22:10:54,614 - INFO - Split database                         	0

2024-08-08 22:10:54,614 - INFO - Split mode                             	2

2024-08-08 22:10:54,614 - INFO - Split memory limit                     	0

2024-08-08 22:10:54,614 - INFO - Diagonal scoring                       	true

2024-08-08 22:10:54,614 - INFO - Exact k-mer matching                   	0

2024-08-08 22:10:54,614 - INFO - Mask residues                          	1

2024-08-08 22:10:54,614 - INFO - Mask lower case residues               	0

2024-08-08 22:10:54,615 - INFO - Minimum diagonal score                 	15

2024-08-08 22:10:54,615 - INFO - Spaced k-mers                          	1

2024-08-08 22:10:54,615 - INFO - Spaced k-mer pattern                   	

2024-08-08 22:10:54,615 - INFO - Local temporary path                   	

2024-08-08 22:10:54,615 - INFO - Rescore mode                           	0

2024-08-08 22:10:54,615 - INFO - Remove hits by seq. id. and coverage   	false

2024-08-08 22:10:54,615 - INFO - Sort results                           	0

2024-08-08 22:10:54,615 - INFO - Mask profile                           	1

2024-08-08 22:10:54,615 - INFO - Profile E-value threshold              	0.1

2024-08-08 22:10:54,615 - INFO - Global sequence weighting              	false

2024-08-08 22:10:54,615 - INFO - Allow deletions                        	false

2024-08-08 22:10:54,615 - INFO - Filter MSA                             	1

2024-08-08 22:10:54,615 - INFO - Maximum seq. id. threshold             	0.9

2024-08-08 22:10:54,615 - INFO - Minimum seq. id.                       	0

2024-08-08 22:10:54,615 - INFO - Minimum score per column               	-20

2024-08-08 22:10:54,615 - INFO - Minimum coverage                       	0

2024-08-08 22:10:54,615 - INFO - Select N most diverse seqs             	1000

2024-08-08 22:10:54,615 - INFO - Min codons in orf                      	30

2024-08-08 22:10:54,615 - INFO - Max codons in length                   	32734

2024-08-08 22:10:54,615 - INFO - Max orf gaps                           	2147483647

2024-08-08 22:10:54,615 - INFO - Contig start mode                      	2

2024-08-08 22:10:54,615 - INFO - Contig end mode                        	2

2024-08-08 22:10:54,615 - INFO - Orf start mode                         	1

2024-08-08 22:10:54,616 - INFO - Forward frames                         	1,2,3

2024-08-08 22:10:54,616 - INFO - Reverse frames                         	1,2,3

2024-08-08 22:10:54,616 - INFO - Translation table                      	1

2024-08-08 22:10:54,616 - INFO - Translate orf                          	0

2024-08-08 22:10:54,616 - INFO - Use all table starts                   	false

2024-08-08 22:10:54,616 - INFO - Offset of numeric ids                  	0

2024-08-08 22:10:54,616 - INFO - Create lookup                          	0

2024-08-08 22:10:54,616 - INFO - Add orf stop                           	false

2024-08-08 22:10:54,616 - INFO - Overlap between sequences              	0

2024-08-08 22:10:54,616 - INFO - Sequence split mode                    	1

2024-08-08 22:10:54,616 - INFO - Header split mode                      	0

2024-08-08 22:10:54,616 - INFO - Chain overlapping alignments           	0

2024-08-08 22:10:54,616 - INFO - Merge query                            	1

2024-08-08 22:10:54,616 - INFO - Search type                            	0

2024-08-08 22:10:54,616 - INFO - Search iterations                      	1

2024-08-08 22:10:54,616 - INFO - Start sensitivity                      	4

2024-08-08 22:10:54,616 - INFO - Search steps                           	1

2024-08-08 22:10:54,616 - INFO - Exhaustive search mode                 	false

2024-08-08 22:10:54,616 - INFO - Filter results during exhaustive search	0

2024-08-08 22:10:54,616 - INFO - Strand selection                       	1

2024-08-08 22:10:54,616 - INFO - LCA search mode                        	false

2024-08-08 22:10:54,616 - INFO - Disk space limit                       	0

2024-08-08 22:10:54,617 - INFO - MPI runner                             	

2024-08-08 22:10:54,617 - INFO - Force restart with latest tmp          	false

2024-08-08 22:10:54,617 - INFO - Remove temporary files                 	false

2024-08-08 22:10:54,617 - INFO - 

2024-08-08 22:10:54,970 - INFO - prefilter /data/yangy34/database/pharokka/CARD phage_pharokka/GCA_015343595.1_1434|2-1643/CARD_target_dir/target_seqs phage_pharokka/GCA_015343595.1_1434|2-1643/CARD_tmp_dir//2369494620395979076/pref_0 --sub-mat nucl:nucleotide.out,aa:blosum62.out --seed-sub-mat nucl:nucleotide.out,aa:VTML80.out -k 0 --k-score 2147483647 --alph-size nucl:5,aa:21 --max-seq-len 65535 --max-seqs 300 --split 0 --split-mode 2 --split-memory-limit 0 -c 0.4 --cov-mode 0 --comp-bias-corr 1 --diag-score 1 --exact-kmer-matching 0 --mask 1 --mask-lower-case 0 --min-ungapped-score 15 --add-self-matches 0 --spaced-kmer-mode 1 --db-load-mode 0 --pca 1 --pcb 1.5 --threads 32 --compressed 0 -v 3 -s 8.5 

2024-08-08 22:10:54,970 - INFO - 

2024-08-08 22:10:54,970 - INFO - Query database size: 4641 type: Aminoacid

2024-08-08 22:10:54,971 - INFO - Estimated memory consumption: 977M

2024-08-08 22:10:54,971 - INFO - Target database size: 4 type: Aminoacid

2024-08-08 22:10:54,971 - INFO - Index table k-mer threshold: 87 at k-mer size 6 

2024-08-08 22:10:54,971 - INFO - Index table: counting k-mers

2024-08-08 22:10:55,111 - INFO - [=================================================================] 4 0s 5ms

2024-08-08 22:10:55,112 - INFO - Index table: Masked residues: 0

2024-08-08 22:10:55,112 - INFO - Index table: fill

2024-08-08 22:10:55,566 - INFO - [=================================================================] 4 0s 0ms

2024-08-08 22:10:55,566 - INFO - Index statistics

2024-08-08 22:10:55,567 - INFO - Entries:          478

2024-08-08 22:10:55,567 - INFO - DB size:          488 MB

2024-08-08 22:10:55,567 - INFO - Avg k-mer size:   0.000007

2024-08-08 22:10:55,567 - INFO - Top 10 k-mers

2024-08-08 22:10:55,567 - INFO -     LTTSAA	1

2024-08-08 22:10:55,567 - INFO -     ELLTAA	1

2024-08-08 22:10:55,567 - INFO -     MNLADA	1

2024-08-08 22:10:55,567 - INFO -     AVSDDA	1

2024-08-08 22:10:55,567 - INFO -     TLTPEA	1

2024-08-08 22:10:55,568 - INFO -     RNLFFA	1

2024-08-08 22:10:55,568 - INFO -     AEVFGA	1

2024-08-08 22:10:55,568 - INFO -     EFDLGA	1

2024-08-08 22:10:55,568 - INFO -     HIPLGA	1

2024-08-08 22:10:55,568 - INFO -     LDVAIA	1

2024-08-08 22:10:55,568 - INFO - Time for index table init: 0h 0m 0s 653ms

2024-08-08 22:10:55,568 - INFO - Process prefiltering step 1 of 1

2024-08-08 22:10:55,568 - INFO - 

2024-08-08 22:10:55,568 - INFO - k-mer similarity threshold: 87

2024-08-08 22:10:55,569 - INFO - Starting prefiltering scores calculation (step 1 of 1)

2024-08-08 22:10:55,569 - INFO - Query db start 1 to 4641

2024-08-08 22:10:55,569 - INFO - Target db start 1 to 4

2024-08-08 22:11:04,964 - INFO - [=================================================================] 4.64K 9s 355ms

2024-08-08 22:11:04,964 - INFO - 

2024-08-08 22:11:04,964 - INFO - 3883.681631 k-mers per position

2024-08-08 22:11:04,964 - INFO - 9 DB matches per sequence

2024-08-08 22:11:04,964 - INFO - 0 overflows

2024-08-08 22:11:04,964 - INFO - 0 queries produce too many hits (truncated result)

2024-08-08 22:11:04,964 - INFO - 0 sequences passed prefiltering per query sequence

2024-08-08 22:11:04,964 - INFO - 0 median result list length

2024-08-08 22:11:04,964 - INFO - 3720 sequences with 0 size result lists

2024-08-08 22:11:04,964 - INFO - Time for merging to pref_0: 0h 0m 0s 9ms

2024-08-08 22:11:04,964 - INFO - Time for processing: 0h 0m 10s 343ms

2024-08-08 22:11:04,994 - INFO - align /data/yangy34/database/pharokka/CARD phage_pharokka/GCA_015343595.1_1434|2-1643/CARD_target_dir/target_seqs phage_pharokka/GCA_015343595.1_1434|2-1643/CARD_tmp_dir//2369494620395979076/pref_0 phage_pharokka/GCA_015343595.1_1434|2-1643/CARD/results_CARD --sub-mat nucl:nucleotide.out,aa:blosum62.out -a 0 --alignment-mode 2 --alignment-output-mode 0 --wrapped-scoring 0 -e 0.001 --min-seq-id 0.8 --min-aln-len 0 --seq-id-mode 0 --alt-ali 0 -c 0.4 --cov-mode 0 --max-seq-len 65535 --comp-bias-corr 1 --max-rejected 2147483647 --max-accept 2147483647 --add-self-matches 0 --db-load-mode 0 --pca 1 --pcb 1.5 --score-bias 0 --realign 0 --realign-score-bias -0.2 --realign-max-seqs 2147483647 --gap-open nucl:5,aa:11 --gap-extend nucl:2,aa:1 --zdrop 40 --threads 32 --compressed 0 -v 3 

2024-08-08 22:11:04,994 - INFO - 

2024-08-08 22:11:04,994 - INFO - Compute score and coverage

2024-08-08 22:11:04,994 - INFO - Query database size: 4641 type: Aminoacid

2024-08-08 22:11:04,994 - INFO - Target database size: 4 type: Aminoacid

2024-08-08 22:11:04,994 - INFO - Calculation of alignments

2024-08-08 22:11:05,017 - INFO - [=================================================================] 4.64K 0s 19ms

2024-08-08 22:11:05,017 - INFO - Time for merging to results_CARD: 0h 0m 0s 9ms

2024-08-08 22:11:05,017 - INFO - 1161 alignments calculated

2024-08-08 22:11:05,017 - INFO - 0 sequence pairs passed the thresholds (0.000000 of overall calculated)

2024-08-08 22:11:05,017 - INFO - 0.000000 hits per query sequence

2024-08-08 22:11:05,017 - INFO - Time for processing: 0h 0m 0s 46ms

2024-08-08 22:11:05,075 - INFO - createtsv /data/yangy34/database/pharokka/CARD phage_pharokka/GCA_015343595.1_1434|2-1643/CARD_target_dir/target_seqs phage_pharokka/GCA_015343595.1_1434|2-1643/CARD/results_CARD phage_pharokka/GCA_015343595.1_1434|2-1643/CARD_results.tsv --full-header --threads 32 

2024-08-08 22:11:05,075 - INFO - 

2024-08-08 22:11:05,075 - INFO - MMseqs Version:                 	13.45111

2024-08-08 22:11:05,075 - INFO - First sequence as representative	false

2024-08-08 22:11:05,076 - INFO - Target column                   	1

2024-08-08 22:11:05,076 - INFO - Add full header                 	true

2024-08-08 22:11:05,076 - INFO - Sequence source                 	0

2024-08-08 22:11:05,076 - INFO - Database output                 	false

2024-08-08 22:11:05,076 - INFO - Threads                         	32

2024-08-08 22:11:05,076 - INFO - Compressed                      	0

2024-08-08 22:11:05,076 - INFO - Verbosity                       	3

2024-08-08 22:11:05,076 - INFO - 

2024-08-08 22:11:05,076 - INFO - Time for merging to CARD_results.tsv: 0h 0m 0s 13ms

2024-08-08 22:11:05,076 - INFO - Time for processing: 0h 0m 0s 52ms

2024-08-08 22:11:05,084 - INFO - Running mmseqs2 on vfdb.
2024-08-08 22:11:05,151 - INFO - createdb phage_pharokka/GCA_015343595.1_1434|2-1643/phanotate_aas_tmp.fasta phage_pharokka/GCA_015343595.1_1434|2-1643/vfdb_target_dir/target_seqs 

2024-08-08 22:11:05,151 - INFO - 

2024-08-08 22:11:05,151 - INFO - MMseqs Version:       	13.45111

2024-08-08 22:11:05,151 - INFO - Database type         	0

2024-08-08 22:11:05,151 - INFO - Shuffle input database	true

2024-08-08 22:11:05,151 - INFO - Createdb mode         	0

2024-08-08 22:11:05,151 - INFO - Write lookup file     	1

2024-08-08 22:11:05,151 - INFO - Offset of numeric ids 	0

2024-08-08 22:11:05,151 - INFO - Compressed            	0

2024-08-08 22:11:05,151 - INFO - Verbosity             	3

2024-08-08 22:11:05,151 - INFO - 

2024-08-08 22:11:05,151 - INFO - Converting sequences

2024-08-08 22:11:05,151 - INFO - [

2024-08-08 22:11:05,151 - INFO - Time for merging to target_seqs_h: 0h 0m 0s 7ms

2024-08-08 22:11:05,151 - INFO - Time for merging to target_seqs: 0h 0m 0s 26ms

2024-08-08 22:11:05,151 - INFO - Database type: Aminoacid

2024-08-08 22:11:05,151 - INFO - Time for processing: 0h 0m 0s 62ms

2024-08-08 22:11:05,160 - INFO - Create directory phage_pharokka/GCA_015343595.1_1434|2-1643/vfdb_tmp_dir/

2024-08-08 22:11:05,160 - INFO - search --min-seq-id 0.8 -c 0.4 /data/yangy34/database/pharokka/vfdb phage_pharokka/GCA_015343595.1_1434|2-1643/vfdb_target_dir/target_seqs phage_pharokka/GCA_015343595.1_1434|2-1643/vfdb/results_vfdb phage_pharokka/GCA_015343595.1_1434|2-1643/vfdb_tmp_dir/ -s 8.5 --threads 32 

2024-08-08 22:11:05,160 - INFO - 

2024-08-08 22:11:05,160 - INFO - MMseqs Version:                        	13.45111

2024-08-08 22:11:05,160 - INFO - Substitution matrix                    	nucl:nucleotide.out,aa:blosum62.out

2024-08-08 22:11:05,160 - INFO - Add backtrace                          	false

2024-08-08 22:11:05,160 - INFO - Alignment mode                         	2

2024-08-08 22:11:05,160 - INFO - Alignment mode                         	0

2024-08-08 22:11:05,160 - INFO - Allow wrapped scoring                  	false

2024-08-08 22:11:05,160 - INFO - E-value threshold                      	0.001

2024-08-08 22:11:05,160 - INFO - Seq. id. threshold                     	0.8

2024-08-08 22:11:05,160 - INFO - Min alignment length                   	0

2024-08-08 22:11:05,160 - INFO - Seq. id. mode                          	0

2024-08-08 22:11:05,160 - INFO - Alternative alignments                 	0

2024-08-08 22:11:05,160 - INFO - Coverage threshold                     	0.4

2024-08-08 22:11:05,160 - INFO - Coverage mode                          	0

2024-08-08 22:11:05,160 - INFO - Max sequence length                    	65535

2024-08-08 22:11:05,160 - INFO - Compositional bias                     	1

2024-08-08 22:11:05,160 - INFO - Max reject                             	2147483647

2024-08-08 22:11:05,160 - INFO - Max accept                             	2147483647

2024-08-08 22:11:05,160 - INFO - Include identical seq. id.             	false

2024-08-08 22:11:05,161 - INFO - Preload mode                           	0

2024-08-08 22:11:05,161 - INFO - Pseudo count a                         	1

2024-08-08 22:11:05,161 - INFO - Pseudo count b                         	1.5

2024-08-08 22:11:05,161 - INFO - Score bias                             	0

2024-08-08 22:11:05,161 - INFO - Realign hits                           	false

2024-08-08 22:11:05,161 - INFO - Realign score bias                     	-0.2

2024-08-08 22:11:05,161 - INFO - Realign max seqs                       	2147483647

2024-08-08 22:11:05,161 - INFO - Gap open cost                          	nucl:5,aa:11

2024-08-08 22:11:05,161 - INFO - Gap extension cost                     	nucl:2,aa:1

2024-08-08 22:11:05,161 - INFO - Zdrop                                  	40

2024-08-08 22:11:05,161 - INFO - Threads                                	32

2024-08-08 22:11:05,161 - INFO - Compressed                             	0

2024-08-08 22:11:05,161 - INFO - Verbosity                              	3

2024-08-08 22:11:05,161 - INFO - Seed substitution matrix               	nucl:nucleotide.out,aa:VTML80.out

2024-08-08 22:11:05,161 - INFO - Sensitivity                            	8.5

2024-08-08 22:11:05,161 - INFO - k-mer length                           	0

2024-08-08 22:11:05,161 - INFO - k-score                                	2147483647

2024-08-08 22:11:05,162 - INFO - Alphabet size                          	nucl:5,aa:21

2024-08-08 22:11:05,162 - INFO - Max results per query                  	300

2024-08-08 22:11:05,162 - INFO - Split database                         	0

2024-08-08 22:11:05,162 - INFO - Split mode                             	2

2024-08-08 22:11:05,162 - INFO - Split memory limit                     	0

2024-08-08 22:11:05,162 - INFO - Diagonal scoring                       	true

2024-08-08 22:11:05,162 - INFO - Exact k-mer matching                   	0

2024-08-08 22:11:05,162 - INFO - Mask residues                          	1

2024-08-08 22:11:05,162 - INFO - Mask lower case residues               	0

2024-08-08 22:11:05,162 - INFO - Minimum diagonal score                 	15

2024-08-08 22:11:05,162 - INFO - Spaced k-mers                          	1

2024-08-08 22:11:05,162 - INFO - Spaced k-mer pattern                   	

2024-08-08 22:11:05,162 - INFO - Local temporary path                   	

2024-08-08 22:11:05,162 - INFO - Rescore mode                           	0

2024-08-08 22:11:05,162 - INFO - Remove hits by seq. id. and coverage   	false

2024-08-08 22:11:05,162 - INFO - Sort results                           	0

2024-08-08 22:11:05,162 - INFO - Mask profile                           	1

2024-08-08 22:11:05,162 - INFO - Profile E-value threshold              	0.1

2024-08-08 22:11:05,162 - INFO - Global sequence weighting              	false

2024-08-08 22:11:05,162 - INFO - Allow deletions                        	false

2024-08-08 22:11:05,162 - INFO - Filter MSA                             	1

2024-08-08 22:11:05,162 - INFO - Maximum seq. id. threshold             	0.9

2024-08-08 22:11:05,162 - INFO - Minimum seq. id.                       	0

2024-08-08 22:11:05,162 - INFO - Minimum score per column               	-20

2024-08-08 22:11:05,163 - INFO - Minimum coverage                       	0

2024-08-08 22:11:05,163 - INFO - Select N most diverse seqs             	1000

2024-08-08 22:11:05,163 - INFO - Min codons in orf                      	30

2024-08-08 22:11:05,163 - INFO - Max codons in length                   	32734

2024-08-08 22:11:05,163 - INFO - Max orf gaps                           	2147483647

2024-08-08 22:11:05,163 - INFO - Contig start mode                      	2

2024-08-08 22:11:05,163 - INFO - Contig end mode                        	2

2024-08-08 22:11:05,163 - INFO - Orf start mode                         	1

2024-08-08 22:11:05,163 - INFO - Forward frames                         	1,2,3

2024-08-08 22:11:05,163 - INFO - Reverse frames                         	1,2,3

2024-08-08 22:11:05,163 - INFO - Translation table                      	1

2024-08-08 22:11:05,163 - INFO - Translate orf                          	0

2024-08-08 22:11:05,163 - INFO - Use all table starts                   	false

2024-08-08 22:11:05,163 - INFO - Offset of numeric ids                  	0

2024-08-08 22:11:05,163 - INFO - Create lookup                          	0

2024-08-08 22:11:05,163 - INFO - Add orf stop                           	false

2024-08-08 22:11:05,163 - INFO - Overlap between sequences              	0

2024-08-08 22:11:05,163 - INFO - Sequence split mode                    	1

2024-08-08 22:11:05,163 - INFO - Header split mode                      	0

2024-08-08 22:11:05,163 - INFO - Chain overlapping alignments           	0

2024-08-08 22:11:05,163 - INFO - Merge query                            	1

2024-08-08 22:11:05,163 - INFO - Search type                            	0

2024-08-08 22:11:05,163 - INFO - Search iterations                      	1

2024-08-08 22:11:05,164 - INFO - Start sensitivity                      	4

2024-08-08 22:11:05,164 - INFO - Search steps                           	1

2024-08-08 22:11:05,164 - INFO - Exhaustive search mode                 	false

2024-08-08 22:11:05,164 - INFO - Filter results during exhaustive search	0

2024-08-08 22:11:05,164 - INFO - Strand selection                       	1

2024-08-08 22:11:05,164 - INFO - LCA search mode                        	false

2024-08-08 22:11:05,164 - INFO - Disk space limit                       	0

2024-08-08 22:11:05,164 - INFO - MPI runner                             	

2024-08-08 22:11:05,164 - INFO - Force restart with latest tmp          	false

2024-08-08 22:11:05,164 - INFO - Remove temporary files                 	false

2024-08-08 22:11:05,164 - INFO - 

2024-08-08 22:11:05,523 - INFO - prefilter /data/yangy34/database/pharokka/vfdb phage_pharokka/GCA_015343595.1_1434|2-1643/vfdb_target_dir/target_seqs phage_pharokka/GCA_015343595.1_1434|2-1643/vfdb_tmp_dir//8033215639654588706/pref_0 --sub-mat nucl:nucleotide.out,aa:blosum62.out --seed-sub-mat nucl:nucleotide.out,aa:VTML80.out -k 0 --k-score 2147483647 --alph-size nucl:5,aa:21 --max-seq-len 65535 --max-seqs 300 --split 0 --split-mode 2 --split-memory-limit 0 -c 0.4 --cov-mode 0 --comp-bias-corr 1 --diag-score 1 --exact-kmer-matching 0 --mask 1 --mask-lower-case 0 --min-ungapped-score 15 --add-self-matches 0 --spaced-kmer-mode 1 --db-load-mode 0 --pca 1 --pcb 1.5 --threads 32 --compressed 0 -v 3 -s 8.5 

2024-08-08 22:11:05,523 - INFO - 

2024-08-08 22:11:05,523 - INFO - Query database size: 27504 type: Aminoacid

2024-08-08 22:11:05,523 - INFO - Estimated memory consumption: 977M

2024-08-08 22:11:05,523 - INFO - Target database size: 4 type: Aminoacid

2024-08-08 22:11:05,523 - INFO - Index table k-mer threshold: 87 at k-mer size 6 

2024-08-08 22:11:05,523 - INFO - Index table: counting k-mers

2024-08-08 22:11:05,667 - INFO - [=================================================================] 4 0s 5ms

2024-08-08 22:11:05,667 - INFO - Index table: Masked residues: 0

2024-08-08 22:11:05,667 - INFO - Index table: fill

2024-08-08 22:11:06,972 - INFO - [=================================================================] 4 0s 0ms

2024-08-08 22:11:06,972 - INFO - Index statistics

2024-08-08 22:11:06,972 - INFO - Entries:          478

2024-08-08 22:11:06,972 - INFO - DB size:          488 MB

2024-08-08 22:11:06,972 - INFO - Avg k-mer size:   0.000007

2024-08-08 22:11:06,973 - INFO - Top 10 k-mers

2024-08-08 22:11:06,973 - INFO -     LTTSAA	1

2024-08-08 22:11:06,973 - INFO -     ELLTAA	1

2024-08-08 22:11:06,973 - INFO -     MNLADA	1

2024-08-08 22:11:06,973 - INFO -     AVSDDA	1

2024-08-08 22:11:06,973 - INFO -     TLTPEA	1

2024-08-08 22:11:06,973 - INFO -     RNLFFA	1

2024-08-08 22:11:06,973 - INFO -     AEVFGA	1

2024-08-08 22:11:06,973 - INFO -     EFDLGA	1

2024-08-08 22:11:06,973 - INFO -     HIPLGA	1

2024-08-08 22:11:06,973 - INFO -     LDVAIA	1

2024-08-08 22:11:06,973 - INFO - Time for index table init: 0h 0m 0s 658ms

2024-08-08 22:11:06,973 - INFO - Process prefiltering step 1 of 1

2024-08-08 22:11:06,973 - INFO - 

2024-08-08 22:11:06,974 - INFO - k-mer similarity threshold: 87

2024-08-08 22:11:06,974 - INFO - Starting prefiltering scores calculation (step 1 of 1)

2024-08-08 22:11:06,974 - INFO - Query db start 1 to 27504

2024-08-08 22:11:06,974 - INFO - Target db start 1 to 4

2024-08-08 22:12:15,685 - INFO - [=================================================================] 27.50K 1m 9s 203ms

2024-08-08 22:12:15,686 - INFO - 

2024-08-08 22:12:15,686 - INFO - 3159.764157 k-mers per position

2024-08-08 22:12:15,686 - INFO - 12 DB matches per sequence

2024-08-08 22:12:15,686 - INFO - 0 overflows

2024-08-08 22:12:15,686 - INFO - 0 queries produce too many hits (truncated result)

2024-08-08 22:12:15,686 - INFO - 0 sequences passed prefiltering per query sequence

2024-08-08 22:12:15,686 - INFO - 0 median result list length

2024-08-08 22:12:15,686 - INFO - 21525 sequences with 0 size result lists

2024-08-08 22:12:15,686 - INFO - Time for merging to pref_0: 0h 0m 0s 19ms

2024-08-08 22:12:15,686 - INFO - Time for processing: 0h 1m 10s 517ms

2024-08-08 22:12:15,730 - INFO - align /data/yangy34/database/pharokka/vfdb phage_pharokka/GCA_015343595.1_1434|2-1643/vfdb_target_dir/target_seqs phage_pharokka/GCA_015343595.1_1434|2-1643/vfdb_tmp_dir//8033215639654588706/pref_0 phage_pharokka/GCA_015343595.1_1434|2-1643/vfdb/results_vfdb --sub-mat nucl:nucleotide.out,aa:blosum62.out -a 0 --alignment-mode 2 --alignment-output-mode 0 --wrapped-scoring 0 -e 0.001 --min-seq-id 0.8 --min-aln-len 0 --seq-id-mode 0 --alt-ali 0 -c 0.4 --cov-mode 0 --max-seq-len 65535 --comp-bias-corr 1 --max-rejected 2147483647 --max-accept 2147483647 --add-self-matches 0 --db-load-mode 0 --pca 1 --pcb 1.5 --score-bias 0 --realign 0 --realign-score-bias -0.2 --realign-max-seqs 2147483647 --gap-open nucl:5,aa:11 --gap-extend nucl:2,aa:1 --zdrop 40 --threads 32 --compressed 0 -v 3 

2024-08-08 22:12:15,730 - INFO - 

2024-08-08 22:12:15,730 - INFO - Compute score and coverage

2024-08-08 22:12:15,730 - INFO - Query database size: 27504 type: Aminoacid

2024-08-08 22:12:15,730 - INFO - Target database size: 4 type: Aminoacid

2024-08-08 22:12:15,730 - INFO - Calculation of alignments

2024-08-08 22:12:15,770 - INFO - [=================================================================] 27.50K 0s 19ms

2024-08-08 22:12:15,770 - INFO - Time for merging to results_vfdb: 0h 0m 0s 17ms

2024-08-08 22:12:15,770 - INFO - 2344 alignments calculated

2024-08-08 22:12:15,770 - INFO - 0 sequence pairs passed the thresholds (0.000000 of overall calculated)

2024-08-08 22:12:15,771 - INFO - 0.000000 hits per query sequence

2024-08-08 22:12:15,771 - INFO - Time for processing: 0h 0m 0s 76ms

2024-08-08 22:12:15,851 - INFO - createtsv /data/yangy34/database/pharokka/vfdb phage_pharokka/GCA_015343595.1_1434|2-1643/vfdb_target_dir/target_seqs phage_pharokka/GCA_015343595.1_1434|2-1643/vfdb/results_vfdb phage_pharokka/GCA_015343595.1_1434|2-1643/vfdb_results.tsv --full-header --threads 32 

2024-08-08 22:12:15,852 - INFO - 

2024-08-08 22:12:15,852 - INFO - MMseqs Version:                 	13.45111

2024-08-08 22:12:15,852 - INFO - First sequence as representative	false

2024-08-08 22:12:15,852 - INFO - Target column                   	1

2024-08-08 22:12:15,852 - INFO - Add full header                 	true

2024-08-08 22:12:15,852 - INFO - Sequence source                 	0

2024-08-08 22:12:15,852 - INFO - Database output                 	false

2024-08-08 22:12:15,852 - INFO - Threads                         	32

2024-08-08 22:12:15,852 - INFO - Compressed                      	0

2024-08-08 22:12:15,852 - INFO - Verbosity                       	3

2024-08-08 22:12:15,852 - INFO - 

2024-08-08 22:12:15,852 - INFO - Time for merging to vfdb_results.tsv: 0h 0m 0s 22ms

2024-08-08 22:12:15,852 - INFO - Time for processing: 0h 0m 0s 74ms

2024-08-08 22:12:15,875 - INFO - Post Processing Output.
2024-08-08 22:12:16,180 - INFO - Converting gff to genbank.
2024-08-08 22:12:16,186 - WARNING - /gpfs/gsfs12/users/yangy34/softwares/mambaforge/envs/pharokka-env/lib/python3.10/site-packages/Bio/SeqIO/InsdcIO.py:728: BiopythonWarning: Increasing length of locus line to allow long name. This will result in fields that are not in usual positions.
  warnings.warn(

2024-08-08 22:12:16,200 - INFO - Finding the closest match for each contig in INPHARED using mash.
2024-08-08 22:12:16,218 - INFO - Sketching GCA_015343595.1_53_phages/GCA_015343595.1_1434_2_1643_prophage.fasta...

2024-08-08 22:12:16,220 - INFO - Writing to phage_pharokka/GCA_015343595.1_1434|2-1643/input_mash_sketch.msh...

2024-08-08 22:12:17,716 - INFO - pharokka has finished
2024-08-08 22:12:17,716 - INFO - Elapsed time: 158.93 seconds
2024-08-08 22:12:17,716 - INFO - If you use pharokka in your research, please cite:
2024-08-08 22:12:17,716 - INFO - George Bouras, Roshan Nepal, Ghais Houtak, Alkis James Psaltis, Peter-John Wormald, Sarah Vreugde.
2024-08-08 22:12:17,716 - INFO - Pharokka: a fast scalable bacteriophage annotation tool.
2024-08-08 22:12:17,716 - INFO - Bioinformatics, Volume 39, Issue 1, January 2023, btac776.
2024-08-08 22:12:17,716 - INFO - https://doi.org/10.1093/bioinformatics/btac776.
2024-08-08 22:12:17,716 - INFO - You should also cite the full list of tools pharokka uses, which can be found at https://github.com/gbouras13/pharokka#citation.
