2024-08-08 22:19:33,139 - INFO - Starting pharokka v1.3.2
2024-08-08 22:19:33,139 - INFO - Input args: Namespace(infile='GCA_015343595.1_53_phages/GCA_015343595.1_1331_15_1813_prophage.fasta', outdir='phage_pharokka/GCA_015343595.1_1331|15-1813', database='/data/yangy34/database/pharokka', threads='32', force=False, prefix='Default', locustag='Default', gene_predictor='phanotate', meta=False, split=False, coding_table='11', evalue='1E-05', terminase=False, terminase_strand='nothing', terminase_start='nothing', citation=False)
2024-08-08 22:19:33,139 - INFO - Checking database installation.
2024-08-08 22:19:33,161 - INFO - All databases have been successfully checked.
2024-08-08 22:19:33,161 - INFO - Checking dependencies.
2024-08-08 22:19:34,418 - INFO - phan_out version found is v1.5.1.
2024-08-08 22:19:34,418 - INFO - Phanotate version is ok.
2024-08-08 22:19:34,472 - INFO - MMseqs2 version found is v13.45111.
2024-08-08 22:19:34,472 - INFO - MMseqs2 version is ok.
2024-08-08 22:19:35,306 - INFO - tRNAscan-SE version found is v2.45111.11.
2024-08-08 22:19:35,306 - INFO - tRNAscan-SE version is ok.
2024-08-08 22:19:35,943 - INFO - MinCED version found is v0.4.2.
2024-08-08 22:19:35,943 - INFO - MinCED version is ok.
2024-08-08 22:19:35,985 - INFO - ARAGORN version found is v1.2.41.
2024-08-08 22:19:35,985 - INFO - ARAGORN version is ok.
2024-08-08 22:19:36,055 - INFO - mash version found is v2.2.
2024-08-08 22:19:36,055 - INFO - mash version is ok.
2024-08-08 22:19:36,276 - INFO - Running Phanotate.
2024-08-08 22:19:38,639 - INFO - Translating gene predicted fastas.
2024-08-08 22:19:38,671 - INFO - Starting tRNA-scanSE
2024-08-08 22:19:38,821 - INFO - 

2024-08-08 22:19:38,822 - INFO - tRNAscan-SE v.2.0.11 (Oct 2022) - scan sequences for transfer RNAs

2024-08-08 22:19:38,822 - INFO - Copyright (C) 2022 Patricia Chan and Todd Lowe

2024-08-08 22:19:38,822 - INFO -                    University of California Santa Cruz

2024-08-08 22:19:38,822 - INFO - Freely distributed under the GNU General Public License (GPLv3)

2024-08-08 22:19:38,822 - INFO - 

2024-08-08 22:19:38,822 - INFO - ------------------------------------------------------------

2024-08-08 22:19:38,822 - INFO - Sequence file(s) to search:        GCA_015343595.1_53_phages/GCA_015343595.1_1331_15_1813_prophage.fasta

2024-08-08 22:19:38,822 - INFO - Search Mode:                       General

2024-08-08 22:19:38,822 - INFO - Results written to:                Standard output

2024-08-08 22:19:38,822 - INFO - Output format:                     Tabular

2024-08-08 22:19:38,822 - INFO - Searching with:                    Infernal single-pass scan

2024-08-08 22:19:38,822 - INFO -                                    Fast mode

2024-08-08 22:19:38,822 - INFO - Covariance model:                  /gpfs/gsfs12/users/yangy34/softwares/mambaforge/envs/pharokka-env/lib/tRNAscan-SE/models/TRNAinf.cm

2024-08-08 22:19:38,822 - INFO - 

2024-08-08 22:19:38,822 - INFO - Temporary directory:               /tmp

2024-08-08 22:19:38,822 - INFO - tRNA predictions saved to:         phage_pharokka/GCA_015343595.1_1331|15-1813/trnascan_out.gff

2024-08-08 22:19:38,822 - INFO - ------------------------------------------------------------

2024-08-08 22:19:38,822 - INFO - 

2024-08-08 22:19:38,951 - INFO - No tRNAs found.

2024-08-08 22:19:38,951 - INFO - 

2024-08-08 22:19:38,965 - INFO - Running MinCED.
2024-08-08 22:19:39,108 - INFO - Running Aragorn.
2024-08-08 22:19:39,112 - INFO - Starting MMseqs2.
2024-08-08 22:19:39,112 - INFO - Running MMseqs2 on PHROGs Database.
2024-08-08 22:19:39,227 - INFO - createdb phage_pharokka/GCA_015343595.1_1331|15-1813/phanotate_aas_tmp.fasta phage_pharokka/GCA_015343595.1_1331|15-1813/target_dir/target_seqs 

2024-08-08 22:19:39,227 - INFO - 

2024-08-08 22:19:39,227 - INFO - MMseqs Version:       	13.45111

2024-08-08 22:19:39,227 - INFO - Database type         	0

2024-08-08 22:19:39,227 - INFO - Shuffle input database	true

2024-08-08 22:19:39,228 - INFO - Createdb mode         	0

2024-08-08 22:19:39,228 - INFO - Write lookup file     	1

2024-08-08 22:19:39,228 - INFO - Offset of numeric ids 	0

2024-08-08 22:19:39,228 - INFO - Compressed            	0

2024-08-08 22:19:39,228 - INFO - Verbosity             	3

2024-08-08 22:19:39,229 - INFO - 

2024-08-08 22:19:39,229 - INFO - Converting sequences

2024-08-08 22:19:39,229 - INFO - [

2024-08-08 22:19:39,229 - INFO - Time for merging to target_seqs_h: 0h 0m 0s 22ms

2024-08-08 22:19:39,229 - INFO - Time for merging to target_seqs: 0h 0m 0s 21ms

2024-08-08 22:19:39,229 - INFO - Database type: Aminoacid

2024-08-08 22:19:39,229 - INFO - Time for processing: 0h 0m 0s 104ms

2024-08-08 22:19:39,237 - INFO - Create directory phage_pharokka/GCA_015343595.1_1331|15-1813/tmp_dir/

2024-08-08 22:19:39,237 - INFO - search -e 1E-05 /data/yangy34/database/pharokka/phrogs_profile_db phage_pharokka/GCA_015343595.1_1331|15-1813/target_dir/target_seqs phage_pharokka/GCA_015343595.1_1331|15-1813/mmseqs/results_mmseqs phage_pharokka/GCA_015343595.1_1331|15-1813/tmp_dir/ -s 8.5 --threads 32 

2024-08-08 22:19:39,237 - INFO - 

2024-08-08 22:19:39,237 - INFO - MMseqs Version:                        	13.45111

2024-08-08 22:19:39,237 - INFO - Substitution matrix                    	nucl:nucleotide.out,aa:blosum62.out

2024-08-08 22:19:39,237 - INFO - Add backtrace                          	false

2024-08-08 22:19:39,237 - INFO - Alignment mode                         	2

2024-08-08 22:19:39,237 - INFO - Alignment mode                         	0

2024-08-08 22:19:39,237 - INFO - Allow wrapped scoring                  	false

2024-08-08 22:19:39,237 - INFO - E-value threshold                      	1e-05

2024-08-08 22:19:39,237 - INFO - Seq. id. threshold                     	0

2024-08-08 22:19:39,238 - INFO - Min alignment length                   	0

2024-08-08 22:19:39,238 - INFO - Seq. id. mode                          	0

2024-08-08 22:19:39,238 - INFO - Alternative alignments                 	0

2024-08-08 22:19:39,238 - INFO - Coverage threshold                     	0

2024-08-08 22:19:39,238 - INFO - Coverage mode                          	0

2024-08-08 22:19:39,238 - INFO - Max sequence length                    	65535

2024-08-08 22:19:39,238 - INFO - Compositional bias                     	1

2024-08-08 22:19:39,238 - INFO - Max reject                             	2147483647

2024-08-08 22:19:39,238 - INFO - Max accept                             	2147483647

2024-08-08 22:19:39,238 - INFO - Include identical seq. id.             	false

2024-08-08 22:19:39,238 - INFO - Preload mode                           	0

2024-08-08 22:19:39,238 - INFO - Pseudo count a                         	1

2024-08-08 22:19:39,238 - INFO - Pseudo count b                         	1.5

2024-08-08 22:19:39,238 - INFO - Score bias                             	0

2024-08-08 22:19:39,238 - INFO - Realign hits                           	false

2024-08-08 22:19:39,238 - INFO - Realign score bias                     	-0.2

2024-08-08 22:19:39,238 - INFO - Realign max seqs                       	2147483647

2024-08-08 22:19:39,238 - INFO - Gap open cost                          	nucl:5,aa:11

2024-08-08 22:19:39,238 - INFO - Gap extension cost                     	nucl:2,aa:1

2024-08-08 22:19:39,238 - INFO - Zdrop                                  	40

2024-08-08 22:19:39,238 - INFO - Threads                                	32

2024-08-08 22:19:39,238 - INFO - Compressed                             	0

2024-08-08 22:19:39,239 - INFO - Verbosity                              	3

2024-08-08 22:19:39,239 - INFO - Seed substitution matrix               	nucl:nucleotide.out,aa:VTML80.out

2024-08-08 22:19:39,239 - INFO - Sensitivity                            	8.5

2024-08-08 22:19:39,239 - INFO - k-mer length                           	0

2024-08-08 22:19:39,239 - INFO - k-score                                	2147483647

2024-08-08 22:19:39,239 - INFO - Alphabet size                          	nucl:5,aa:21

2024-08-08 22:19:39,239 - INFO - Max results per query                  	300

2024-08-08 22:19:39,239 - INFO - Split database                         	0

2024-08-08 22:19:39,239 - INFO - Split mode                             	2

2024-08-08 22:19:39,239 - INFO - Split memory limit                     	0

2024-08-08 22:19:39,239 - INFO - Diagonal scoring                       	true

2024-08-08 22:19:39,239 - INFO - Exact k-mer matching                   	0

2024-08-08 22:19:39,239 - INFO - Mask residues                          	1

2024-08-08 22:19:39,239 - INFO - Mask lower case residues               	0

2024-08-08 22:19:39,239 - INFO - Minimum diagonal score                 	15

2024-08-08 22:19:39,239 - INFO - Spaced k-mers                          	1

2024-08-08 22:19:39,239 - INFO - Spaced k-mer pattern                   	

2024-08-08 22:19:39,239 - INFO - Local temporary path                   	

2024-08-08 22:19:39,239 - INFO - Rescore mode                           	0

2024-08-08 22:19:39,239 - INFO - Remove hits by seq. id. and coverage   	false

2024-08-08 22:19:39,239 - INFO - Sort results                           	0

2024-08-08 22:19:39,239 - INFO - Mask profile                           	1

2024-08-08 22:19:39,239 - INFO - Profile E-value threshold              	0.1

2024-08-08 22:19:39,239 - INFO - Global sequence weighting              	false

2024-08-08 22:19:39,240 - INFO - Allow deletions                        	false

2024-08-08 22:19:39,240 - INFO - Filter MSA                             	1

2024-08-08 22:19:39,240 - INFO - Maximum seq. id. threshold             	0.9

2024-08-08 22:19:39,240 - INFO - Minimum seq. id.                       	0

2024-08-08 22:19:39,240 - INFO - Minimum score per column               	-20

2024-08-08 22:19:39,240 - INFO - Minimum coverage                       	0

2024-08-08 22:19:39,240 - INFO - Select N most diverse seqs             	1000

2024-08-08 22:19:39,240 - INFO - Min codons in orf                      	30

2024-08-08 22:19:39,240 - INFO - Max codons in length                   	32734

2024-08-08 22:19:39,240 - INFO - Max orf gaps                           	2147483647

2024-08-08 22:19:39,240 - INFO - Contig start mode                      	2

2024-08-08 22:19:39,240 - INFO - Contig end mode                        	2

2024-08-08 22:19:39,240 - INFO - Orf start mode                         	1

2024-08-08 22:19:39,240 - INFO - Forward frames                         	1,2,3

2024-08-08 22:19:39,240 - INFO - Reverse frames                         	1,2,3

2024-08-08 22:19:39,240 - INFO - Translation table                      	1

2024-08-08 22:19:39,240 - INFO - Translate orf                          	0

2024-08-08 22:19:39,240 - INFO - Use all table starts                   	false

2024-08-08 22:19:39,240 - INFO - Offset of numeric ids                  	0

2024-08-08 22:19:39,240 - INFO - Create lookup                          	0

2024-08-08 22:19:39,240 - INFO - Add orf stop                           	false

2024-08-08 22:19:39,240 - INFO - Overlap between sequences              	0

2024-08-08 22:19:39,240 - INFO - Sequence split mode                    	1

2024-08-08 22:19:39,241 - INFO - Header split mode                      	0

2024-08-08 22:19:39,241 - INFO - Chain overlapping alignments           	0

2024-08-08 22:19:39,241 - INFO - Merge query                            	1

2024-08-08 22:19:39,241 - INFO - Search type                            	0

2024-08-08 22:19:39,241 - INFO - Search iterations                      	1

2024-08-08 22:19:39,241 - INFO - Start sensitivity                      	4

2024-08-08 22:19:39,241 - INFO - Search steps                           	1

2024-08-08 22:19:39,241 - INFO - Exhaustive search mode                 	false

2024-08-08 22:19:39,241 - INFO - Filter results during exhaustive search	0

2024-08-08 22:19:39,241 - INFO - Strand selection                       	1

2024-08-08 22:19:39,241 - INFO - LCA search mode                        	false

2024-08-08 22:19:39,241 - INFO - Disk space limit                       	0

2024-08-08 22:19:39,241 - INFO - MPI runner                             	

2024-08-08 22:19:39,241 - INFO - Force restart with latest tmp          	false

2024-08-08 22:19:39,241 - INFO - Remove temporary files                 	false

2024-08-08 22:19:39,241 - INFO - 

2024-08-08 22:19:39,424 - INFO - prefilter /data/yangy34/database/pharokka/phrogs_profile_db phage_pharokka/GCA_015343595.1_1331|15-1813/target_dir/target_seqs phage_pharokka/GCA_015343595.1_1331|15-1813/tmp_dir//1426895058044395351/pref_0 --sub-mat nucl:nucleotide.out,aa:blosum62.out --seed-sub-mat nucl:nucleotide.out,aa:VTML80.out -k 0 --k-score 2147483647 --alph-size nucl:5,aa:21 --max-seq-len 65535 --max-seqs 300 --split 0 --split-mode 2 --split-memory-limit 0 -c 0 --cov-mode 0 --comp-bias-corr 1 --diag-score 1 --exact-kmer-matching 0 --mask 1 --mask-lower-case 0 --min-ungapped-score 15 --add-self-matches 0 --spaced-kmer-mode 1 --db-load-mode 0 --pca 1 --pcb 1.5 --threads 32 --compressed 0 -v 3 -s 8.5 

2024-08-08 22:19:39,425 - INFO - 

2024-08-08 22:19:39,425 - INFO - Query database size: 38880 type: Profile

2024-08-08 22:19:39,425 - INFO - Estimated memory consumption: 488M

2024-08-08 22:19:39,425 - INFO - Target database size: 2 type: Aminoacid

2024-08-08 22:19:39,425 - INFO - Index table k-mer threshold: 0 at k-mer size 6 

2024-08-08 22:19:39,425 - INFO - Index table: counting k-mers

2024-08-08 22:19:39,586 - INFO - [=================================================================] 2 0s 2ms

2024-08-08 22:19:39,586 - INFO - Index table: Masked residues: 0

2024-08-08 22:19:39,586 - INFO - Index table: fill

2024-08-08 22:19:40,869 - INFO - [=================================================================] 2 0s 2ms

2024-08-08 22:19:40,869 - INFO - Index statistics

2024-08-08 22:19:40,869 - INFO - Entries:          580

2024-08-08 22:19:40,870 - INFO - DB size:          488 MB

2024-08-08 22:19:40,870 - INFO - Avg k-mer size:   0.000009

2024-08-08 22:19:40,870 - INFO - Top 10 k-mers

2024-08-08 22:19:40,870 - INFO -     KVGAAA	1

2024-08-08 22:19:40,870 - INFO -     NAPAAA	1

2024-08-08 22:19:40,870 - INFO -     VTKIAA	1

2024-08-08 22:19:40,870 - INFO -     RLLIAA	1

2024-08-08 22:19:40,870 - INFO -     FRANAA	1

2024-08-08 22:19:40,870 - INFO -     GVLRAA	1

2024-08-08 22:19:40,870 - INFO -     LIQSAA	1

2024-08-08 22:19:40,870 - INFO -     LDSSAA	1

2024-08-08 22:19:40,870 - INFO -     KEGTAA	1

2024-08-08 22:19:40,871 - INFO -     SLSTAA	1

2024-08-08 22:19:40,871 - INFO - Time for index table init: 0h 0m 0s 474ms

2024-08-08 22:19:40,871 - INFO - Process prefiltering step 1 of 1

2024-08-08 22:19:40,871 - INFO - 

2024-08-08 22:19:40,871 - INFO - k-mer similarity threshold: 81

2024-08-08 22:19:40,871 - INFO - Starting prefiltering scores calculation (step 1 of 1)

2024-08-08 22:19:40,871 - INFO - Query db start 1 to 38880

2024-08-08 22:19:40,871 - INFO - Target db start 1 to 2

2024-08-08 22:20:49,337 - INFO - [=================================================================] 38.88K 1m 9s 347ms

2024-08-08 22:20:49,337 - INFO - 

2024-08-08 22:20:49,337 - INFO - 5386.328443 k-mers per position

2024-08-08 22:20:49,337 - INFO - 7 DB matches per sequence

2024-08-08 22:20:49,337 - INFO - 0 overflows

2024-08-08 22:20:49,337 - INFO - 0 queries produce too many hits (truncated result)

2024-08-08 22:20:49,337 - INFO - 0 sequences passed prefiltering per query sequence

2024-08-08 22:20:49,338 - INFO - 0 median result list length

2024-08-08 22:20:49,338 - INFO - 32773 sequences with 0 size result lists

2024-08-08 22:20:49,338 - INFO - Time for merging to pref_0: 0h 0m 0s 27ms

2024-08-08 22:20:49,338 - INFO - Time for processing: 0h 1m 10s 91ms

2024-08-08 22:20:49,437 - INFO - align /data/yangy34/database/pharokka/phrogs_profile_db phage_pharokka/GCA_015343595.1_1331|15-1813/target_dir/target_seqs phage_pharokka/GCA_015343595.1_1331|15-1813/tmp_dir//1426895058044395351/pref_0 phage_pharokka/GCA_015343595.1_1331|15-1813/mmseqs/results_mmseqs --sub-mat nucl:nucleotide.out,aa:blosum62.out -a 0 --alignment-mode 2 --alignment-output-mode 0 --wrapped-scoring 0 -e 1e-05 --min-seq-id 0 --min-aln-len 0 --seq-id-mode 0 --alt-ali 0 -c 0 --cov-mode 0 --max-seq-len 65535 --comp-bias-corr 1 --max-rejected 2147483647 --max-accept 2147483647 --add-self-matches 0 --db-load-mode 0 --pca 1 --pcb 1.5 --score-bias 0 --realign 0 --realign-score-bias -0.2 --realign-max-seqs 2147483647 --gap-open nucl:5,aa:11 --gap-extend nucl:2,aa:1 --zdrop 40 --threads 32 --compressed 0 -v 3 

2024-08-08 22:20:49,438 - INFO - 

2024-08-08 22:20:49,438 - INFO - Compute score and coverage

2024-08-08 22:20:49,438 - INFO - Query database size: 38880 type: Profile

2024-08-08 22:20:49,438 - INFO - Target database size: 2 type: Aminoacid

2024-08-08 22:20:49,438 - INFO - Calculation of alignments

2024-08-08 22:20:49,691 - INFO - [=================================================================] 38.88K 0s 241ms

2024-08-08 22:20:49,691 - INFO - Time for merging to results_mmseqs: 0h 0m 0s 22ms

2024-08-08 22:20:49,691 - INFO - 6674 alignments calculated

2024-08-08 22:20:49,691 - INFO - 12 sequence pairs passed the thresholds (0.001798 of overall calculated)

2024-08-08 22:20:49,691 - INFO - 0.000309 hits per query sequence

2024-08-08 22:20:49,691 - INFO - Time for processing: 0h 0m 0s 346ms

2024-08-08 22:20:49,821 - INFO - createtsv /data/yangy34/database/pharokka/phrogs_profile_db phage_pharokka/GCA_015343595.1_1331|15-1813/target_dir/target_seqs phage_pharokka/GCA_015343595.1_1331|15-1813/mmseqs/results_mmseqs phage_pharokka/GCA_015343595.1_1331|15-1813/mmseqs_results.tsv --full-header --threads 32 

2024-08-08 22:20:49,821 - INFO - 

2024-08-08 22:20:49,821 - INFO - MMseqs Version:                 	13.45111

2024-08-08 22:20:49,821 - INFO - First sequence as representative	false

2024-08-08 22:20:49,821 - INFO - Target column                   	1

2024-08-08 22:20:49,821 - INFO - Add full header                 	true

2024-08-08 22:20:49,821 - INFO - Sequence source                 	0

2024-08-08 22:20:49,821 - INFO - Database output                 	false

2024-08-08 22:20:49,821 - INFO - Threads                         	32

2024-08-08 22:20:49,821 - INFO - Compressed                      	0

2024-08-08 22:20:49,821 - INFO - Verbosity                       	3

2024-08-08 22:20:49,822 - INFO - 

2024-08-08 22:20:49,822 - INFO - Time for merging to mmseqs_results.tsv: 0h 0m 0s 30ms

2024-08-08 22:20:49,822 - INFO - Time for processing: 0h 0m 0s 120ms

2024-08-08 22:20:49,851 - INFO - Running mmseqs2 on CARD.
2024-08-08 22:20:49,913 - INFO - createdb phage_pharokka/GCA_015343595.1_1331|15-1813/phanotate_aas_tmp.fasta phage_pharokka/GCA_015343595.1_1331|15-1813/CARD_target_dir/target_seqs 

2024-08-08 22:20:49,914 - INFO - 

2024-08-08 22:20:49,914 - INFO - MMseqs Version:       	13.45111

2024-08-08 22:20:49,914 - INFO - Database type         	0

2024-08-08 22:20:49,914 - INFO - Shuffle input database	true

2024-08-08 22:20:49,914 - INFO - Createdb mode         	0

2024-08-08 22:20:49,914 - INFO - Write lookup file     	1

2024-08-08 22:20:49,914 - INFO - Offset of numeric ids 	0

2024-08-08 22:20:49,914 - INFO - Compressed            	0

2024-08-08 22:20:49,914 - INFO - Verbosity             	3

2024-08-08 22:20:49,914 - INFO - 

2024-08-08 22:20:49,914 - INFO - Converting sequences

2024-08-08 22:20:49,914 - INFO - [

2024-08-08 22:20:49,914 - INFO - Time for merging to target_seqs_h: 0h 0m 0s 8ms

2024-08-08 22:20:49,914 - INFO - Time for merging to target_seqs: 0h 0m 0s 19ms

2024-08-08 22:20:49,914 - INFO - Database type: Aminoacid

2024-08-08 22:20:49,914 - INFO - Time for processing: 0h 0m 0s 56ms

2024-08-08 22:20:49,925 - INFO - Create directory phage_pharokka/GCA_015343595.1_1331|15-1813/CARD_tmp_dir/

2024-08-08 22:20:49,925 - INFO - search --min-seq-id 0.8 -c 0.4 /data/yangy34/database/pharokka/CARD phage_pharokka/GCA_015343595.1_1331|15-1813/CARD_target_dir/target_seqs phage_pharokka/GCA_015343595.1_1331|15-1813/CARD/results_CARD phage_pharokka/GCA_015343595.1_1331|15-1813/CARD_tmp_dir/ -s 8.5 --threads 32 

2024-08-08 22:20:49,925 - INFO - 

2024-08-08 22:20:49,925 - INFO - MMseqs Version:                        	13.45111

2024-08-08 22:20:49,925 - INFO - Substitution matrix                    	nucl:nucleotide.out,aa:blosum62.out

2024-08-08 22:20:49,925 - INFO - Add backtrace                          	false

2024-08-08 22:20:49,925 - INFO - Alignment mode                         	2

2024-08-08 22:20:49,926 - INFO - Alignment mode                         	0

2024-08-08 22:20:49,926 - INFO - Allow wrapped scoring                  	false

2024-08-08 22:20:49,926 - INFO - E-value threshold                      	0.001

2024-08-08 22:20:49,926 - INFO - Seq. id. threshold                     	0.8

2024-08-08 22:20:49,926 - INFO - Min alignment length                   	0

2024-08-08 22:20:49,926 - INFO - Seq. id. mode                          	0

2024-08-08 22:20:49,926 - INFO - Alternative alignments                 	0

2024-08-08 22:20:49,926 - INFO - Coverage threshold                     	0.4

2024-08-08 22:20:49,926 - INFO - Coverage mode                          	0

2024-08-08 22:20:49,926 - INFO - Max sequence length                    	65535

2024-08-08 22:20:49,926 - INFO - Compositional bias                     	1

2024-08-08 22:20:49,926 - INFO - Max reject                             	2147483647

2024-08-08 22:20:49,926 - INFO - Max accept                             	2147483647

2024-08-08 22:20:49,926 - INFO - Include identical seq. id.             	false

2024-08-08 22:20:49,926 - INFO - Preload mode                           	0

2024-08-08 22:20:49,926 - INFO - Pseudo count a                         	1

2024-08-08 22:20:49,926 - INFO - Pseudo count b                         	1.5

2024-08-08 22:20:49,926 - INFO - Score bias                             	0

2024-08-08 22:20:49,926 - INFO - Realign hits                           	false

2024-08-08 22:20:49,926 - INFO - Realign score bias                     	-0.2

2024-08-08 22:20:49,926 - INFO - Realign max seqs                       	2147483647

2024-08-08 22:20:49,926 - INFO - Gap open cost                          	nucl:5,aa:11

2024-08-08 22:20:49,926 - INFO - Gap extension cost                     	nucl:2,aa:1

2024-08-08 22:20:49,927 - INFO - Zdrop                                  	40

2024-08-08 22:20:49,927 - INFO - Threads                                	32

2024-08-08 22:20:49,927 - INFO - Compressed                             	0

2024-08-08 22:20:49,927 - INFO - Verbosity                              	3

2024-08-08 22:20:49,927 - INFO - Seed substitution matrix               	nucl:nucleotide.out,aa:VTML80.out

2024-08-08 22:20:49,927 - INFO - Sensitivity                            	8.5

2024-08-08 22:20:49,927 - INFO - k-mer length                           	0

2024-08-08 22:20:49,927 - INFO - k-score                                	2147483647

2024-08-08 22:20:49,927 - INFO - Alphabet size                          	nucl:5,aa:21

2024-08-08 22:20:49,927 - INFO - Max results per query                  	300

2024-08-08 22:20:49,927 - INFO - Split database                         	0

2024-08-08 22:20:49,927 - INFO - Split mode                             	2

2024-08-08 22:20:49,927 - INFO - Split memory limit                     	0

2024-08-08 22:20:49,927 - INFO - Diagonal scoring                       	true

2024-08-08 22:20:49,927 - INFO - Exact k-mer matching                   	0

2024-08-08 22:20:49,927 - INFO - Mask residues                          	1

2024-08-08 22:20:49,927 - INFO - Mask lower case residues               	0

2024-08-08 22:20:49,927 - INFO - Minimum diagonal score                 	15

2024-08-08 22:20:49,927 - INFO - Spaced k-mers                          	1

2024-08-08 22:20:49,927 - INFO - Spaced k-mer pattern                   	

2024-08-08 22:20:49,927 - INFO - Local temporary path                   	

2024-08-08 22:20:49,927 - INFO - Rescore mode                           	0

2024-08-08 22:20:49,927 - INFO - Remove hits by seq. id. and coverage   	false

2024-08-08 22:20:49,927 - INFO - Sort results                           	0

2024-08-08 22:20:49,928 - INFO - Mask profile                           	1

2024-08-08 22:20:49,928 - INFO - Profile E-value threshold              	0.1

2024-08-08 22:20:49,928 - INFO - Global sequence weighting              	false

2024-08-08 22:20:49,928 - INFO - Allow deletions                        	false

2024-08-08 22:20:49,928 - INFO - Filter MSA                             	1

2024-08-08 22:20:49,928 - INFO - Maximum seq. id. threshold             	0.9

2024-08-08 22:20:49,928 - INFO - Minimum seq. id.                       	0

2024-08-08 22:20:49,928 - INFO - Minimum score per column               	-20

2024-08-08 22:20:49,928 - INFO - Minimum coverage                       	0

2024-08-08 22:20:49,928 - INFO - Select N most diverse seqs             	1000

2024-08-08 22:20:49,928 - INFO - Min codons in orf                      	30

2024-08-08 22:20:49,928 - INFO - Max codons in length                   	32734

2024-08-08 22:20:49,928 - INFO - Max orf gaps                           	2147483647

2024-08-08 22:20:49,928 - INFO - Contig start mode                      	2

2024-08-08 22:20:49,928 - INFO - Contig end mode                        	2

2024-08-08 22:20:49,928 - INFO - Orf start mode                         	1

2024-08-08 22:20:49,928 - INFO - Forward frames                         	1,2,3

2024-08-08 22:20:49,928 - INFO - Reverse frames                         	1,2,3

2024-08-08 22:20:49,928 - INFO - Translation table                      	1

2024-08-08 22:20:49,928 - INFO - Translate orf                          	0

2024-08-08 22:20:49,928 - INFO - Use all table starts                   	false

2024-08-08 22:20:49,928 - INFO - Offset of numeric ids                  	0

2024-08-08 22:20:49,928 - INFO - Create lookup                          	0

2024-08-08 22:20:49,928 - INFO - Add orf stop                           	false

2024-08-08 22:20:49,929 - INFO - Overlap between sequences              	0

2024-08-08 22:20:49,929 - INFO - Sequence split mode                    	1

2024-08-08 22:20:49,929 - INFO - Header split mode                      	0

2024-08-08 22:20:49,929 - INFO - Chain overlapping alignments           	0

2024-08-08 22:20:49,929 - INFO - Merge query                            	1

2024-08-08 22:20:49,929 - INFO - Search type                            	0

2024-08-08 22:20:49,929 - INFO - Search iterations                      	1

2024-08-08 22:20:49,929 - INFO - Start sensitivity                      	4

2024-08-08 22:20:49,929 - INFO - Search steps                           	1

2024-08-08 22:20:49,929 - INFO - Exhaustive search mode                 	false

2024-08-08 22:20:49,929 - INFO - Filter results during exhaustive search	0

2024-08-08 22:20:49,929 - INFO - Strand selection                       	1

2024-08-08 22:20:49,929 - INFO - LCA search mode                        	false

2024-08-08 22:20:49,929 - INFO - Disk space limit                       	0

2024-08-08 22:20:49,929 - INFO - MPI runner                             	

2024-08-08 22:20:49,929 - INFO - Force restart with latest tmp          	false

2024-08-08 22:20:49,929 - INFO - Remove temporary files                 	false

2024-08-08 22:20:49,929 - INFO - 

2024-08-08 22:20:50,091 - INFO - prefilter /data/yangy34/database/pharokka/CARD phage_pharokka/GCA_015343595.1_1331|15-1813/CARD_target_dir/target_seqs phage_pharokka/GCA_015343595.1_1331|15-1813/CARD_tmp_dir//13576520087505832532/pref_0 --sub-mat nucl:nucleotide.out,aa:blosum62.out --seed-sub-mat nucl:nucleotide.out,aa:VTML80.out -k 0 --k-score 2147483647 --alph-size nucl:5,aa:21 --max-seq-len 65535 --max-seqs 300 --split 0 --split-mode 2 --split-memory-limit 0 -c 0.4 --cov-mode 0 --comp-bias-corr 1 --diag-score 1 --exact-kmer-matching 0 --mask 1 --mask-lower-case 0 --min-ungapped-score 15 --add-self-matches 0 --spaced-kmer-mode 1 --db-load-mode 0 --pca 1 --pcb 1.5 --threads 32 --compressed 0 -v 3 -s 8.5 

2024-08-08 22:20:50,091 - INFO - 

2024-08-08 22:20:50,091 - INFO - Query database size: 4641 type: Aminoacid

2024-08-08 22:20:50,091 - INFO - Estimated memory consumption: 977M

2024-08-08 22:20:50,091 - INFO - Target database size: 2 type: Aminoacid

2024-08-08 22:20:50,091 - INFO - Index table k-mer threshold: 87 at k-mer size 6 

2024-08-08 22:20:50,092 - INFO - Index table: counting k-mers

2024-08-08 22:20:50,229 - INFO - [=================================================================] 2 0s 5ms

2024-08-08 22:20:50,229 - INFO - Index table: Masked residues: 0

2024-08-08 22:20:50,229 - INFO - Index table: fill

2024-08-08 22:20:50,694 - INFO - [=================================================================] 2 0s 2ms

2024-08-08 22:20:50,694 - INFO - Index statistics

2024-08-08 22:20:50,694 - INFO - Entries:          580

2024-08-08 22:20:50,694 - INFO - DB size:          488 MB

2024-08-08 22:20:50,695 - INFO - Avg k-mer size:   0.000009

2024-08-08 22:20:50,695 - INFO - Top 10 k-mers

2024-08-08 22:20:50,695 - INFO -     KVGAAA	1

2024-08-08 22:20:50,695 - INFO -     NAPAAA	1

2024-08-08 22:20:50,695 - INFO -     VTKIAA	1

2024-08-08 22:20:50,695 - INFO -     RLLIAA	1

2024-08-08 22:20:50,695 - INFO -     FRANAA	1

2024-08-08 22:20:50,695 - INFO -     GVLRAA	1

2024-08-08 22:20:50,695 - INFO -     LIQSAA	1

2024-08-08 22:20:50,695 - INFO -     LDSSAA	1

2024-08-08 22:20:50,695 - INFO -     KEGTAA	1

2024-08-08 22:20:50,695 - INFO -     SLSTAA	1

2024-08-08 22:20:50,695 - INFO - Time for index table init: 0h 0m 0s 434ms

2024-08-08 22:20:50,695 - INFO - Process prefiltering step 1 of 1

2024-08-08 22:20:50,695 - INFO - 

2024-08-08 22:20:50,695 - INFO - k-mer similarity threshold: 87

2024-08-08 22:20:50,696 - INFO - Starting prefiltering scores calculation (step 1 of 1)

2024-08-08 22:20:50,696 - INFO - Query db start 1 to 4641

2024-08-08 22:20:50,696 - INFO - Target db start 1 to 2

2024-08-08 22:20:59,239 - INFO - [=================================================================] 4.64K 8s 594ms

2024-08-08 22:20:59,240 - INFO - 

2024-08-08 22:20:59,240 - INFO - 3883.681631 k-mers per position

2024-08-08 22:20:59,240 - INFO - 11 DB matches per sequence

2024-08-08 22:20:59,240 - INFO - 0 overflows

2024-08-08 22:20:59,240 - INFO - 0 queries produce too many hits (truncated result)

2024-08-08 22:20:59,240 - INFO - 0 sequences passed prefiltering per query sequence

2024-08-08 22:20:59,240 - INFO - 0 median result list length

2024-08-08 22:20:59,240 - INFO - 2991 sequences with 0 size result lists

2024-08-08 22:20:59,240 - INFO - Time for merging to pref_0: 0h 0m 0s 10ms

2024-08-08 22:20:59,240 - INFO - Time for processing: 0h 0m 9s 305ms

2024-08-08 22:20:59,266 - INFO - align /data/yangy34/database/pharokka/CARD phage_pharokka/GCA_015343595.1_1331|15-1813/CARD_target_dir/target_seqs phage_pharokka/GCA_015343595.1_1331|15-1813/CARD_tmp_dir//13576520087505832532/pref_0 phage_pharokka/GCA_015343595.1_1331|15-1813/CARD/results_CARD --sub-mat nucl:nucleotide.out,aa:blosum62.out -a 0 --alignment-mode 2 --alignment-output-mode 0 --wrapped-scoring 0 -e 0.001 --min-seq-id 0.8 --min-aln-len 0 --seq-id-mode 0 --alt-ali 0 -c 0.4 --cov-mode 0 --max-seq-len 65535 --comp-bias-corr 1 --max-rejected 2147483647 --max-accept 2147483647 --add-self-matches 0 --db-load-mode 0 --pca 1 --pcb 1.5 --score-bias 0 --realign 0 --realign-score-bias -0.2 --realign-max-seqs 2147483647 --gap-open nucl:5,aa:11 --gap-extend nucl:2,aa:1 --zdrop 40 --threads 32 --compressed 0 -v 3 

2024-08-08 22:20:59,266 - INFO - 

2024-08-08 22:20:59,266 - INFO - Compute score and coverage

2024-08-08 22:20:59,266 - INFO - Query database size: 4641 type: Aminoacid

2024-08-08 22:20:59,266 - INFO - Target database size: 2 type: Aminoacid

2024-08-08 22:20:59,266 - INFO - Calculation of alignments

2024-08-08 22:20:59,289 - INFO - [=================================================================] 4.64K 0s 17ms

2024-08-08 22:20:59,289 - INFO - Time for merging to results_CARD: 0h 0m 0s 9ms

2024-08-08 22:20:59,289 - INFO - 1652 alignments calculated

2024-08-08 22:20:59,289 - INFO - 0 sequence pairs passed the thresholds (0.000000 of overall calculated)

2024-08-08 22:20:59,289 - INFO - 0.000000 hits per query sequence

2024-08-08 22:20:59,289 - INFO - Time for processing: 0h 0m 0s 42ms

2024-08-08 22:20:59,577 - INFO - createtsv /data/yangy34/database/pharokka/CARD phage_pharokka/GCA_015343595.1_1331|15-1813/CARD_target_dir/target_seqs phage_pharokka/GCA_015343595.1_1331|15-1813/CARD/results_CARD phage_pharokka/GCA_015343595.1_1331|15-1813/CARD_results.tsv --full-header --threads 32 

2024-08-08 22:20:59,578 - INFO - 

2024-08-08 22:20:59,578 - INFO - MMseqs Version:                 	13.45111

2024-08-08 22:20:59,578 - INFO - First sequence as representative	false

2024-08-08 22:20:59,578 - INFO - Target column                   	1

2024-08-08 22:20:59,578 - INFO - Add full header                 	true

2024-08-08 22:20:59,578 - INFO - Sequence source                 	0

2024-08-08 22:20:59,578 - INFO - Database output                 	false

2024-08-08 22:20:59,578 - INFO - Threads                         	32

2024-08-08 22:20:59,578 - INFO - Compressed                      	0

2024-08-08 22:20:59,578 - INFO - Verbosity                       	3

2024-08-08 22:20:59,578 - INFO - 

2024-08-08 22:20:59,578 - INFO - Time for merging to CARD_results.tsv: 0h 0m 0s 12ms

2024-08-08 22:20:59,578 - INFO - Time for processing: 0h 0m 0s 281ms

2024-08-08 22:20:59,581 - INFO - Running mmseqs2 on vfdb.
2024-08-08 22:20:59,640 - INFO - createdb phage_pharokka/GCA_015343595.1_1331|15-1813/phanotate_aas_tmp.fasta phage_pharokka/GCA_015343595.1_1331|15-1813/vfdb_target_dir/target_seqs 

2024-08-08 22:20:59,640 - INFO - 

2024-08-08 22:20:59,640 - INFO - MMseqs Version:       	13.45111

2024-08-08 22:20:59,640 - INFO - Database type         	0

2024-08-08 22:20:59,640 - INFO - Shuffle input database	true

2024-08-08 22:20:59,640 - INFO - Createdb mode         	0

2024-08-08 22:20:59,640 - INFO - Write lookup file     	1

2024-08-08 22:20:59,640 - INFO - Offset of numeric ids 	0

2024-08-08 22:20:59,640 - INFO - Compressed            	0

2024-08-08 22:20:59,640 - INFO - Verbosity             	3

2024-08-08 22:20:59,640 - INFO - 

2024-08-08 22:20:59,640 - INFO - Converting sequences

2024-08-08 22:20:59,641 - INFO - [

2024-08-08 22:20:59,641 - INFO - Time for merging to target_seqs_h: 0h 0m 0s 7ms

2024-08-08 22:20:59,641 - INFO - Time for merging to target_seqs: 0h 0m 0s 18ms

2024-08-08 22:20:59,641 - INFO - Database type: Aminoacid

2024-08-08 22:20:59,641 - INFO - Time for processing: 0h 0m 0s 53ms

2024-08-08 22:20:59,652 - INFO - Create directory phage_pharokka/GCA_015343595.1_1331|15-1813/vfdb_tmp_dir/

2024-08-08 22:20:59,652 - INFO - search --min-seq-id 0.8 -c 0.4 /data/yangy34/database/pharokka/vfdb phage_pharokka/GCA_015343595.1_1331|15-1813/vfdb_target_dir/target_seqs phage_pharokka/GCA_015343595.1_1331|15-1813/vfdb/results_vfdb phage_pharokka/GCA_015343595.1_1331|15-1813/vfdb_tmp_dir/ -s 8.5 --threads 32 

2024-08-08 22:20:59,652 - INFO - 

2024-08-08 22:20:59,652 - INFO - MMseqs Version:                        	13.45111

2024-08-08 22:20:59,652 - INFO - Substitution matrix                    	nucl:nucleotide.out,aa:blosum62.out

2024-08-08 22:20:59,652 - INFO - Add backtrace                          	false

2024-08-08 22:20:59,652 - INFO - Alignment mode                         	2

2024-08-08 22:20:59,652 - INFO - Alignment mode                         	0

2024-08-08 22:20:59,652 - INFO - Allow wrapped scoring                  	false

2024-08-08 22:20:59,652 - INFO - E-value threshold                      	0.001

2024-08-08 22:20:59,652 - INFO - Seq. id. threshold                     	0.8

2024-08-08 22:20:59,652 - INFO - Min alignment length                   	0

2024-08-08 22:20:59,652 - INFO - Seq. id. mode                          	0

2024-08-08 22:20:59,652 - INFO - Alternative alignments                 	0

2024-08-08 22:20:59,652 - INFO - Coverage threshold                     	0.4

2024-08-08 22:20:59,652 - INFO - Coverage mode                          	0

2024-08-08 22:20:59,652 - INFO - Max sequence length                    	65535

2024-08-08 22:20:59,653 - INFO - Compositional bias                     	1

2024-08-08 22:20:59,653 - INFO - Max reject                             	2147483647

2024-08-08 22:20:59,653 - INFO - Max accept                             	2147483647

2024-08-08 22:20:59,653 - INFO - Include identical seq. id.             	false

2024-08-08 22:20:59,653 - INFO - Preload mode                           	0

2024-08-08 22:20:59,653 - INFO - Pseudo count a                         	1

2024-08-08 22:20:59,653 - INFO - Pseudo count b                         	1.5

2024-08-08 22:20:59,653 - INFO - Score bias                             	0

2024-08-08 22:20:59,653 - INFO - Realign hits                           	false

2024-08-08 22:20:59,653 - INFO - Realign score bias                     	-0.2

2024-08-08 22:20:59,653 - INFO - Realign max seqs                       	2147483647

2024-08-08 22:20:59,653 - INFO - Gap open cost                          	nucl:5,aa:11

2024-08-08 22:20:59,653 - INFO - Gap extension cost                     	nucl:2,aa:1

2024-08-08 22:20:59,653 - INFO - Zdrop                                  	40

2024-08-08 22:20:59,653 - INFO - Threads                                	32

2024-08-08 22:20:59,653 - INFO - Compressed                             	0

2024-08-08 22:20:59,653 - INFO - Verbosity                              	3

2024-08-08 22:20:59,653 - INFO - Seed substitution matrix               	nucl:nucleotide.out,aa:VTML80.out

2024-08-08 22:20:59,653 - INFO - Sensitivity                            	8.5

2024-08-08 22:20:59,653 - INFO - k-mer length                           	0

2024-08-08 22:20:59,653 - INFO - k-score                                	2147483647

2024-08-08 22:20:59,653 - INFO - Alphabet size                          	nucl:5,aa:21

2024-08-08 22:20:59,653 - INFO - Max results per query                  	300

2024-08-08 22:20:59,653 - INFO - Split database                         	0

2024-08-08 22:20:59,654 - INFO - Split mode                             	2

2024-08-08 22:20:59,654 - INFO - Split memory limit                     	0

2024-08-08 22:20:59,654 - INFO - Diagonal scoring                       	true

2024-08-08 22:20:59,654 - INFO - Exact k-mer matching                   	0

2024-08-08 22:20:59,654 - INFO - Mask residues                          	1

2024-08-08 22:20:59,654 - INFO - Mask lower case residues               	0

2024-08-08 22:20:59,654 - INFO - Minimum diagonal score                 	15

2024-08-08 22:20:59,654 - INFO - Spaced k-mers                          	1

2024-08-08 22:20:59,654 - INFO - Spaced k-mer pattern                   	

2024-08-08 22:20:59,654 - INFO - Local temporary path                   	

2024-08-08 22:20:59,654 - INFO - Rescore mode                           	0

2024-08-08 22:20:59,654 - INFO - Remove hits by seq. id. and coverage   	false

2024-08-08 22:20:59,654 - INFO - Sort results                           	0

2024-08-08 22:20:59,654 - INFO - Mask profile                           	1

2024-08-08 22:20:59,654 - INFO - Profile E-value threshold              	0.1

2024-08-08 22:20:59,654 - INFO - Global sequence weighting              	false

2024-08-08 22:20:59,654 - INFO - Allow deletions                        	false

2024-08-08 22:20:59,654 - INFO - Filter MSA                             	1

2024-08-08 22:20:59,654 - INFO - Maximum seq. id. threshold             	0.9

2024-08-08 22:20:59,654 - INFO - Minimum seq. id.                       	0

2024-08-08 22:20:59,654 - INFO - Minimum score per column               	-20

2024-08-08 22:20:59,654 - INFO - Minimum coverage                       	0

2024-08-08 22:20:59,654 - INFO - Select N most diverse seqs             	1000

2024-08-08 22:20:59,654 - INFO - Min codons in orf                      	30

2024-08-08 22:20:59,655 - INFO - Max codons in length                   	32734

2024-08-08 22:20:59,655 - INFO - Max orf gaps                           	2147483647

2024-08-08 22:20:59,655 - INFO - Contig start mode                      	2

2024-08-08 22:20:59,655 - INFO - Contig end mode                        	2

2024-08-08 22:20:59,655 - INFO - Orf start mode                         	1

2024-08-08 22:20:59,655 - INFO - Forward frames                         	1,2,3

2024-08-08 22:20:59,655 - INFO - Reverse frames                         	1,2,3

2024-08-08 22:20:59,655 - INFO - Translation table                      	1

2024-08-08 22:20:59,655 - INFO - Translate orf                          	0

2024-08-08 22:20:59,655 - INFO - Use all table starts                   	false

2024-08-08 22:20:59,655 - INFO - Offset of numeric ids                  	0

2024-08-08 22:20:59,655 - INFO - Create lookup                          	0

2024-08-08 22:20:59,655 - INFO - Add orf stop                           	false

2024-08-08 22:20:59,655 - INFO - Overlap between sequences              	0

2024-08-08 22:20:59,655 - INFO - Sequence split mode                    	1

2024-08-08 22:20:59,655 - INFO - Header split mode                      	0

2024-08-08 22:20:59,655 - INFO - Chain overlapping alignments           	0

2024-08-08 22:20:59,655 - INFO - Merge query                            	1

2024-08-08 22:20:59,655 - INFO - Search type                            	0

2024-08-08 22:20:59,655 - INFO - Search iterations                      	1

2024-08-08 22:20:59,655 - INFO - Start sensitivity                      	4

2024-08-08 22:20:59,655 - INFO - Search steps                           	1

2024-08-08 22:20:59,655 - INFO - Exhaustive search mode                 	false

2024-08-08 22:20:59,656 - INFO - Filter results during exhaustive search	0

2024-08-08 22:20:59,656 - INFO - Strand selection                       	1

2024-08-08 22:20:59,656 - INFO - LCA search mode                        	false

2024-08-08 22:20:59,656 - INFO - Disk space limit                       	0

2024-08-08 22:20:59,656 - INFO - MPI runner                             	

2024-08-08 22:20:59,656 - INFO - Force restart with latest tmp          	false

2024-08-08 22:20:59,656 - INFO - Remove temporary files                 	false

2024-08-08 22:20:59,656 - INFO - 

2024-08-08 22:20:59,820 - INFO - prefilter /data/yangy34/database/pharokka/vfdb phage_pharokka/GCA_015343595.1_1331|15-1813/vfdb_target_dir/target_seqs phage_pharokka/GCA_015343595.1_1331|15-1813/vfdb_tmp_dir//5488123139111268789/pref_0 --sub-mat nucl:nucleotide.out,aa:blosum62.out --seed-sub-mat nucl:nucleotide.out,aa:VTML80.out -k 0 --k-score 2147483647 --alph-size nucl:5,aa:21 --max-seq-len 65535 --max-seqs 300 --split 0 --split-mode 2 --split-memory-limit 0 -c 0.4 --cov-mode 0 --comp-bias-corr 1 --diag-score 1 --exact-kmer-matching 0 --mask 1 --mask-lower-case 0 --min-ungapped-score 15 --add-self-matches 0 --spaced-kmer-mode 1 --db-load-mode 0 --pca 1 --pcb 1.5 --threads 32 --compressed 0 -v 3 -s 8.5 

2024-08-08 22:20:59,821 - INFO - 

2024-08-08 22:20:59,821 - INFO - Query database size: 27504 type: Aminoacid

2024-08-08 22:20:59,821 - INFO - Estimated memory consumption: 977M

2024-08-08 22:20:59,821 - INFO - Target database size: 2 type: Aminoacid

2024-08-08 22:20:59,821 - INFO - Index table k-mer threshold: 87 at k-mer size 6 

2024-08-08 22:20:59,821 - INFO - Index table: counting k-mers

2024-08-08 22:20:59,957 - INFO - [=================================================================] 2 0s 5ms

2024-08-08 22:20:59,958 - INFO - Index table: Masked residues: 0

2024-08-08 22:20:59,958 - INFO - Index table: fill

2024-08-08 22:21:01,228 - INFO - [=================================================================] 2 0s 1ms

2024-08-08 22:21:01,228 - INFO - Index statistics

2024-08-08 22:21:01,228 - INFO - Entries:          580

2024-08-08 22:21:01,228 - INFO - DB size:          488 MB

2024-08-08 22:21:01,228 - INFO - Avg k-mer size:   0.000009

2024-08-08 22:21:01,228 - INFO - Top 10 k-mers

2024-08-08 22:21:01,228 - INFO -     KVGAAA	1

2024-08-08 22:21:01,229 - INFO -     NAPAAA	1

2024-08-08 22:21:01,229 - INFO -     VTKIAA	1

2024-08-08 22:21:01,229 - INFO -     RLLIAA	1

2024-08-08 22:21:01,229 - INFO -     FRANAA	1

2024-08-08 22:21:01,229 - INFO -     GVLRAA	1

2024-08-08 22:21:01,229 - INFO -     LIQSAA	1

2024-08-08 22:21:01,229 - INFO -     LDSSAA	1

2024-08-08 22:21:01,229 - INFO -     KEGTAA	1

2024-08-08 22:21:01,229 - INFO -     SLSTAA	1

2024-08-08 22:21:01,229 - INFO - Time for index table init: 0h 0m 0s 430ms

2024-08-08 22:21:01,229 - INFO - Process prefiltering step 1 of 1

2024-08-08 22:21:01,229 - INFO - 

2024-08-08 22:21:01,229 - INFO - k-mer similarity threshold: 87

2024-08-08 22:21:01,229 - INFO - Starting prefiltering scores calculation (step 1 of 1)

2024-08-08 22:21:01,229 - INFO - Query db start 1 to 27504

2024-08-08 22:21:01,230 - INFO - Target db start 1 to 2

2024-08-08 22:22:04,666 - INFO - [=================================================================] 27.50K 1m 3s 998ms

2024-08-08 22:22:04,666 - INFO - 

2024-08-08 22:22:04,666 - INFO - 3159.764157 k-mers per position

2024-08-08 22:22:04,667 - INFO - 15 DB matches per sequence

2024-08-08 22:22:04,667 - INFO - 0 overflows

2024-08-08 22:22:04,667 - INFO - 0 queries produce too many hits (truncated result)

2024-08-08 22:22:04,667 - INFO - 0 sequences passed prefiltering per query sequence

2024-08-08 22:22:04,667 - INFO - 0 median result list length

2024-08-08 22:22:04,667 - INFO - 20871 sequences with 0 size result lists

2024-08-08 22:22:04,667 - INFO - Time for merging to pref_0: 0h 0m 0s 21ms

2024-08-08 22:22:04,667 - INFO - Time for processing: 0h 1m 5s 5ms

2024-08-08 22:22:04,712 - INFO - align /data/yangy34/database/pharokka/vfdb phage_pharokka/GCA_015343595.1_1331|15-1813/vfdb_target_dir/target_seqs phage_pharokka/GCA_015343595.1_1331|15-1813/vfdb_tmp_dir//5488123139111268789/pref_0 phage_pharokka/GCA_015343595.1_1331|15-1813/vfdb/results_vfdb --sub-mat nucl:nucleotide.out,aa:blosum62.out -a 0 --alignment-mode 2 --alignment-output-mode 0 --wrapped-scoring 0 -e 0.001 --min-seq-id 0.8 --min-aln-len 0 --seq-id-mode 0 --alt-ali 0 -c 0.4 --cov-mode 0 --max-seq-len 65535 --comp-bias-corr 1 --max-rejected 2147483647 --max-accept 2147483647 --add-self-matches 0 --db-load-mode 0 --pca 1 --pcb 1.5 --score-bias 0 --realign 0 --realign-score-bias -0.2 --realign-max-seqs 2147483647 --gap-open nucl:5,aa:11 --gap-extend nucl:2,aa:1 --zdrop 40 --threads 32 --compressed 0 -v 3 

2024-08-08 22:22:04,712 - INFO - 

2024-08-08 22:22:04,712 - INFO - Compute score and coverage

2024-08-08 22:22:04,713 - INFO - Query database size: 27504 type: Aminoacid

2024-08-08 22:22:04,713 - INFO - Target database size: 2 type: Aminoacid

2024-08-08 22:22:04,713 - INFO - Calculation of alignments

2024-08-08 22:22:04,775 - INFO - [=================================================================] 27.50K 0s 40ms

2024-08-08 22:22:04,775 - INFO - Time for merging to results_vfdb: 0h 0m 0s 18ms

2024-08-08 22:22:04,775 - INFO - 4838 alignments calculated

2024-08-08 22:22:04,775 - INFO - 0 sequence pairs passed the thresholds (0.000000 of overall calculated)

2024-08-08 22:22:04,775 - INFO - 0.000000 hits per query sequence

2024-08-08 22:22:04,775 - INFO - Time for processing: 0h 0m 0s 99ms

2024-08-08 22:22:04,909 - INFO - createtsv /data/yangy34/database/pharokka/vfdb phage_pharokka/GCA_015343595.1_1331|15-1813/vfdb_target_dir/target_seqs phage_pharokka/GCA_015343595.1_1331|15-1813/vfdb/results_vfdb phage_pharokka/GCA_015343595.1_1331|15-1813/vfdb_results.tsv --full-header --threads 32 

2024-08-08 22:22:04,909 - INFO - 

2024-08-08 22:22:04,909 - INFO - MMseqs Version:                 	13.45111

2024-08-08 22:22:04,909 - INFO - First sequence as representative	false

2024-08-08 22:22:04,909 - INFO - Target column                   	1

2024-08-08 22:22:04,909 - INFO - Add full header                 	true

2024-08-08 22:22:04,909 - INFO - Sequence source                 	0

2024-08-08 22:22:04,909 - INFO - Database output                 	false

2024-08-08 22:22:04,909 - INFO - Threads                         	32

2024-08-08 22:22:04,909 - INFO - Compressed                      	0

2024-08-08 22:22:04,909 - INFO - Verbosity                       	3

2024-08-08 22:22:04,909 - INFO - 

2024-08-08 22:22:04,909 - INFO - Time for merging to vfdb_results.tsv: 0h 0m 0s 27ms

2024-08-08 22:22:04,909 - INFO - Time for processing: 0h 0m 0s 127ms

2024-08-08 22:22:04,933 - INFO - Post Processing Output.
2024-08-08 22:22:05,347 - INFO - Converting gff to genbank.
2024-08-08 22:22:05,367 - WARNING - /gpfs/gsfs12/users/yangy34/softwares/mambaforge/envs/pharokka-env/lib/python3.10/site-packages/Bio/SeqIO/InsdcIO.py:728: BiopythonWarning: Increasing length of locus line to allow long name. This will result in fields that are not in usual positions.
  warnings.warn(

2024-08-08 22:22:05,383 - INFO - Finding the closest match for each contig in INPHARED using mash.
2024-08-08 22:22:05,434 - INFO - Sketching GCA_015343595.1_53_phages/GCA_015343595.1_1331_15_1813_prophage.fasta...

2024-08-08 22:22:05,435 - INFO - Writing to phage_pharokka/GCA_015343595.1_1331|15-1813/input_mash_sketch.msh...

2024-08-08 22:22:07,099 - INFO - pharokka has finished
2024-08-08 22:22:07,100 - INFO - Elapsed time: 153.98 seconds
2024-08-08 22:22:07,100 - INFO - If you use pharokka in your research, please cite:
2024-08-08 22:22:07,100 - INFO - George Bouras, Roshan Nepal, Ghais Houtak, Alkis James Psaltis, Peter-John Wormald, Sarah Vreugde.
2024-08-08 22:22:07,100 - INFO - Pharokka: a fast scalable bacteriophage annotation tool.
2024-08-08 22:22:07,100 - INFO - Bioinformatics, Volume 39, Issue 1, January 2023, btac776.
2024-08-08 22:22:07,100 - INFO - https://doi.org/10.1093/bioinformatics/btac776.
2024-08-08 22:22:07,100 - INFO - You should also cite the full list of tools pharokka uses, which can be found at https://github.com/gbouras13/pharokka#citation.
