2024-08-09 20:07:33,903 - INFO - Starting pharokka v1.3.2
2024-08-09 20:07:33,903 - INFO - Input args: Namespace(infile='GCA_013114135_5_phages/GCA_013114135.1_14_18607_61852_prophage.fasta', outdir='phage_pharokka/GCA_013114135.1_14|18607-61852', database='/data/yangy34/database/pharokka', threads='32', force=False, prefix='Default', locustag='Default', gene_predictor='phanotate', meta=False, split=False, coding_table='11', evalue='1E-05', terminase=False, terminase_strand='nothing', terminase_start='nothing', citation=False)
2024-08-09 20:07:33,904 - INFO - Checking database installation.
2024-08-09 20:07:33,922 - INFO - All databases have been successfully checked.
2024-08-09 20:07:33,922 - INFO - Checking dependencies.
2024-08-09 20:07:34,839 - INFO - phan_out version found is v1.5.1.
2024-08-09 20:07:34,839 - INFO - Phanotate version is ok.
2024-08-09 20:07:34,882 - INFO - MMseqs2 version found is v13.45111.
2024-08-09 20:07:34,882 - INFO - MMseqs2 version is ok.
2024-08-09 20:07:35,719 - INFO - tRNAscan-SE version found is v2.45111.11.
2024-08-09 20:07:35,719 - INFO - tRNAscan-SE version is ok.
2024-08-09 20:07:36,245 - INFO - MinCED version found is v0.4.2.
2024-08-09 20:07:36,245 - INFO - MinCED version is ok.
2024-08-09 20:07:36,264 - INFO - ARAGORN version found is v1.2.41.
2024-08-09 20:07:36,264 - INFO - ARAGORN version is ok.
2024-08-09 20:07:36,343 - INFO - mash version found is v2.2.
2024-08-09 20:07:36,343 - INFO - mash version is ok.
2024-08-09 20:07:36,550 - INFO - Running Phanotate.
2024-08-09 20:07:45,643 - INFO - Translating gene predicted fastas.
2024-08-09 20:07:45,664 - INFO - Starting tRNA-scanSE
2024-08-09 20:07:45,865 - INFO - 

2024-08-09 20:07:45,866 - INFO - tRNAscan-SE v.2.0.11 (Oct 2022) - scan sequences for transfer RNAs

2024-08-09 20:07:45,866 - INFO - Copyright (C) 2022 Patricia Chan and Todd Lowe

2024-08-09 20:07:45,866 - INFO -                    University of California Santa Cruz

2024-08-09 20:07:45,866 - INFO - Freely distributed under the GNU General Public License (GPLv3)

2024-08-09 20:07:45,866 - INFO - 

2024-08-09 20:07:45,866 - INFO - ------------------------------------------------------------

2024-08-09 20:07:45,866 - INFO - Sequence file(s) to search:        GCA_013114135_5_phages/GCA_013114135.1_14_18607_61852_prophage.fasta

2024-08-09 20:07:45,866 - INFO - Search Mode:                       General

2024-08-09 20:07:45,866 - INFO - Results written to:                Standard output

2024-08-09 20:07:45,866 - INFO - Output format:                     Tabular

2024-08-09 20:07:45,866 - INFO - Searching with:                    Infernal single-pass scan

2024-08-09 20:07:45,866 - INFO -                                    Fast mode

2024-08-09 20:07:45,866 - INFO - Covariance model:                  /gpfs/gsfs12/users/yangy34/softwares/mambaforge/envs/pharokka-env/lib/tRNAscan-SE/models/TRNAinf.cm

2024-08-09 20:07:45,866 - INFO - 

2024-08-09 20:07:45,866 - INFO - Temporary directory:               /tmp

2024-08-09 20:07:45,866 - INFO - tRNA predictions saved to:         phage_pharokka/GCA_013114135.1_14|18607-61852/trnascan_out.gff

2024-08-09 20:07:45,866 - INFO - ------------------------------------------------------------

2024-08-09 20:07:45,866 - INFO - 

2024-08-09 20:07:46,002 - INFO - No tRNAs found.

2024-08-09 20:07:46,002 - INFO - 

2024-08-09 20:07:46,027 - INFO - Running MinCED.
2024-08-09 20:07:46,194 - INFO - Running Aragorn.
2024-08-09 20:07:46,208 - INFO - Starting MMseqs2.
2024-08-09 20:07:46,208 - INFO - Running MMseqs2 on PHROGs Database.
2024-08-09 20:07:49,169 - INFO - createdb phage_pharokka/GCA_013114135.1_14|18607-61852/phanotate_aas_tmp.fasta phage_pharokka/GCA_013114135.1_14|18607-61852/target_dir/target_seqs 

2024-08-09 20:07:49,169 - INFO - 

2024-08-09 20:07:49,169 - INFO - MMseqs Version:       	13.45111

2024-08-09 20:07:49,169 - INFO - Database type         	0

2024-08-09 20:07:49,169 - INFO - Shuffle input database	true

2024-08-09 20:07:49,170 - INFO - Createdb mode         	0

2024-08-09 20:07:49,170 - INFO - Write lookup file     	1

2024-08-09 20:07:49,170 - INFO - Offset of numeric ids 	0

2024-08-09 20:07:49,170 - INFO - Compressed            	0

2024-08-09 20:07:49,170 - INFO - Verbosity             	3

2024-08-09 20:07:49,170 - INFO - 

2024-08-09 20:07:49,170 - INFO - Converting sequences

2024-08-09 20:07:49,170 - INFO - [

2024-08-09 20:07:49,170 - INFO - Time for merging to target_seqs_h: 0h 0m 1s 288ms

2024-08-09 20:07:49,170 - INFO - Time for merging to target_seqs: 0h 0m 0s 71ms

2024-08-09 20:07:49,170 - INFO - Database type: Aminoacid

2024-08-09 20:07:49,170 - INFO - Time for processing: 0h 0m 2s 948ms

2024-08-09 20:07:49,180 - INFO - Create directory phage_pharokka/GCA_013114135.1_14|18607-61852/tmp_dir/

2024-08-09 20:07:49,181 - INFO - search -e 1E-05 /data/yangy34/database/pharokka/phrogs_profile_db phage_pharokka/GCA_013114135.1_14|18607-61852/target_dir/target_seqs phage_pharokka/GCA_013114135.1_14|18607-61852/mmseqs/results_mmseqs phage_pharokka/GCA_013114135.1_14|18607-61852/tmp_dir/ -s 8.5 --threads 32 

2024-08-09 20:07:49,181 - INFO - 

2024-08-09 20:07:49,181 - INFO - MMseqs Version:                        	13.45111

2024-08-09 20:07:49,181 - INFO - Substitution matrix                    	nucl:nucleotide.out,aa:blosum62.out

2024-08-09 20:07:49,181 - INFO - Add backtrace                          	false

2024-08-09 20:07:49,181 - INFO - Alignment mode                         	2

2024-08-09 20:07:49,181 - INFO - Alignment mode                         	0

2024-08-09 20:07:49,181 - INFO - Allow wrapped scoring                  	false

2024-08-09 20:07:49,181 - INFO - E-value threshold                      	1e-05

2024-08-09 20:07:49,181 - INFO - Seq. id. threshold                     	0

2024-08-09 20:07:49,181 - INFO - Min alignment length                   	0

2024-08-09 20:07:49,181 - INFO - Seq. id. mode                          	0

2024-08-09 20:07:49,181 - INFO - Alternative alignments                 	0

2024-08-09 20:07:49,181 - INFO - Coverage threshold                     	0

2024-08-09 20:07:49,181 - INFO - Coverage mode                          	0

2024-08-09 20:07:49,181 - INFO - Max sequence length                    	65535

2024-08-09 20:07:49,181 - INFO - Compositional bias                     	1

2024-08-09 20:07:49,181 - INFO - Max reject                             	2147483647

2024-08-09 20:07:49,181 - INFO - Max accept                             	2147483647

2024-08-09 20:07:49,181 - INFO - Include identical seq. id.             	false

2024-08-09 20:07:49,181 - INFO - Preload mode                           	0

2024-08-09 20:07:49,181 - INFO - Pseudo count a                         	1

2024-08-09 20:07:49,181 - INFO - Pseudo count b                         	1.5

2024-08-09 20:07:49,181 - INFO - Score bias                             	0

2024-08-09 20:07:49,181 - INFO - Realign hits                           	false

2024-08-09 20:07:49,181 - INFO - Realign score bias                     	-0.2

2024-08-09 20:07:49,181 - INFO - Realign max seqs                       	2147483647

2024-08-09 20:07:49,181 - INFO - Gap open cost                          	nucl:5,aa:11

2024-08-09 20:07:49,181 - INFO - Gap extension cost                     	nucl:2,aa:1

2024-08-09 20:07:49,181 - INFO - Zdrop                                  	40

2024-08-09 20:07:49,181 - INFO - Threads                                	32

2024-08-09 20:07:49,181 - INFO - Compressed                             	0

2024-08-09 20:07:49,181 - INFO - Verbosity                              	3

2024-08-09 20:07:49,181 - INFO - Seed substitution matrix               	nucl:nucleotide.out,aa:VTML80.out

2024-08-09 20:07:49,182 - INFO - Sensitivity                            	8.5

2024-08-09 20:07:49,182 - INFO - k-mer length                           	0

2024-08-09 20:07:49,182 - INFO - k-score                                	2147483647

2024-08-09 20:07:49,182 - INFO - Alphabet size                          	nucl:5,aa:21

2024-08-09 20:07:49,182 - INFO - Max results per query                  	300

2024-08-09 20:07:49,182 - INFO - Split database                         	0

2024-08-09 20:07:49,182 - INFO - Split mode                             	2

2024-08-09 20:07:49,182 - INFO - Split memory limit                     	0

2024-08-09 20:07:49,182 - INFO - Diagonal scoring                       	true

2024-08-09 20:07:49,182 - INFO - Exact k-mer matching                   	0

2024-08-09 20:07:49,182 - INFO - Mask residues                          	1

2024-08-09 20:07:49,182 - INFO - Mask lower case residues               	0

2024-08-09 20:07:49,182 - INFO - Minimum diagonal score                 	15

2024-08-09 20:07:49,182 - INFO - Spaced k-mers                          	1

2024-08-09 20:07:49,182 - INFO - Spaced k-mer pattern                   	

2024-08-09 20:07:49,182 - INFO - Local temporary path                   	

2024-08-09 20:07:49,182 - INFO - Rescore mode                           	0

2024-08-09 20:07:49,182 - INFO - Remove hits by seq. id. and coverage   	false

2024-08-09 20:07:49,182 - INFO - Sort results                           	0

2024-08-09 20:07:49,182 - INFO - Mask profile                           	1

2024-08-09 20:07:49,182 - INFO - Profile E-value threshold              	0.1

2024-08-09 20:07:49,182 - INFO - Global sequence weighting              	false

2024-08-09 20:07:49,182 - INFO - Allow deletions                        	false

2024-08-09 20:07:49,182 - INFO - Filter MSA                             	1

2024-08-09 20:07:49,182 - INFO - Maximum seq. id. threshold             	0.9

2024-08-09 20:07:49,182 - INFO - Minimum seq. id.                       	0

2024-08-09 20:07:49,182 - INFO - Minimum score per column               	-20

2024-08-09 20:07:49,182 - INFO - Minimum coverage                       	0

2024-08-09 20:07:49,182 - INFO - Select N most diverse seqs             	1000

2024-08-09 20:07:49,182 - INFO - Min codons in orf                      	30

2024-08-09 20:07:49,182 - INFO - Max codons in length                   	32734

2024-08-09 20:07:49,182 - INFO - Max orf gaps                           	2147483647

2024-08-09 20:07:49,182 - INFO - Contig start mode                      	2

2024-08-09 20:07:49,182 - INFO - Contig end mode                        	2

2024-08-09 20:07:49,182 - INFO - Orf start mode                         	1

2024-08-09 20:07:49,182 - INFO - Forward frames                         	1,2,3

2024-08-09 20:07:49,182 - INFO - Reverse frames                         	1,2,3

2024-08-09 20:07:49,182 - INFO - Translation table                      	1

2024-08-09 20:07:49,182 - INFO - Translate orf                          	0

2024-08-09 20:07:49,182 - INFO - Use all table starts                   	false

2024-08-09 20:07:49,182 - INFO - Offset of numeric ids                  	0

2024-08-09 20:07:49,182 - INFO - Create lookup                          	0

2024-08-09 20:07:49,182 - INFO - Add orf stop                           	false

2024-08-09 20:07:49,182 - INFO - Overlap between sequences              	0

2024-08-09 20:07:49,182 - INFO - Sequence split mode                    	1

2024-08-09 20:07:49,183 - INFO - Header split mode                      	0

2024-08-09 20:07:49,183 - INFO - Chain overlapping alignments           	0

2024-08-09 20:07:49,183 - INFO - Merge query                            	1

2024-08-09 20:07:49,183 - INFO - Search type                            	0

2024-08-09 20:07:49,183 - INFO - Search iterations                      	1

2024-08-09 20:07:49,183 - INFO - Start sensitivity                      	4

2024-08-09 20:07:49,183 - INFO - Search steps                           	1

2024-08-09 20:07:49,183 - INFO - Exhaustive search mode                 	false

2024-08-09 20:07:49,183 - INFO - Filter results during exhaustive search	0

2024-08-09 20:07:49,183 - INFO - Strand selection                       	1

2024-08-09 20:07:49,183 - INFO - LCA search mode                        	false

2024-08-09 20:07:49,183 - INFO - Disk space limit                       	0

2024-08-09 20:07:49,183 - INFO - MPI runner                             	

2024-08-09 20:07:49,183 - INFO - Force restart with latest tmp          	false

2024-08-09 20:07:49,183 - INFO - Remove temporary files                 	false

2024-08-09 20:07:49,183 - INFO - 

2024-08-09 20:07:49,336 - INFO - prefilter /data/yangy34/database/pharokka/phrogs_profile_db phage_pharokka/GCA_013114135.1_14|18607-61852/target_dir/target_seqs phage_pharokka/GCA_013114135.1_14|18607-61852/tmp_dir//4894724603232430439/pref_0 --sub-mat nucl:nucleotide.out,aa:blosum62.out --seed-sub-mat nucl:nucleotide.out,aa:VTML80.out -k 0 --k-score 2147483647 --alph-size nucl:5,aa:21 --max-seq-len 65535 --max-seqs 300 --split 0 --split-mode 2 --split-memory-limit 0 -c 0 --cov-mode 0 --comp-bias-corr 1 --diag-score 1 --exact-kmer-matching 0 --mask 1 --mask-lower-case 0 --min-ungapped-score 15 --add-self-matches 0 --spaced-kmer-mode 1 --db-load-mode 0 --pca 1 --pcb 1.5 --threads 32 --compressed 0 -v 3 -s 8.5 

2024-08-09 20:07:49,336 - INFO - 

2024-08-09 20:07:49,337 - INFO - Query database size: 38880 type: Profile

2024-08-09 20:07:49,337 - INFO - Estimated memory consumption: 488M

2024-08-09 20:07:49,337 - INFO - Target database size: 68 type: Aminoacid

2024-08-09 20:07:49,337 - INFO - Index table k-mer threshold: 0 at k-mer size 6 

2024-08-09 20:07:49,337 - INFO - Index table: counting k-mers

2024-08-09 20:07:49,460 - INFO - [=================================================================] 68 0s 4ms

2024-08-09 20:07:49,460 - INFO - Index table: Masked residues: 225

2024-08-09 20:07:49,460 - INFO - Index table: fill

2024-08-09 20:07:52,442 - INFO - [=================================================================] 68 0s 10ms

2024-08-09 20:07:52,442 - INFO - Index statistics

2024-08-09 20:07:52,442 - INFO - Entries:          12816

2024-08-09 20:07:52,442 - INFO - DB size:          488 MB

2024-08-09 20:07:52,442 - INFO - Avg k-mer size:   0.000200

2024-08-09 20:07:52,442 - INFO - Top 10 k-mers

2024-08-09 20:07:52,442 - INFO -     ESLSIE	2

2024-08-09 20:07:52,442 - INFO -     ISGIAL	2

2024-08-09 20:07:52,442 - INFO -     DFTLFL	2

2024-08-09 20:07:52,442 - INFO -     IEMSES	2

2024-08-09 20:07:52,442 - INFO -     GFNVLS	2

2024-08-09 20:07:52,442 - INFO -     VTFAAA	1

2024-08-09 20:07:52,442 - INFO -     IDIAAA	1

2024-08-09 20:07:52,442 - INFO -     KALAAA	1

2024-08-09 20:07:52,442 - INFO -     MDLAAA	1

2024-08-09 20:07:52,442 - INFO -     QTLAAA	1

2024-08-09 20:07:52,442 - INFO - Time for index table init: 0h 0m 0s 333ms

2024-08-09 20:07:52,442 - INFO - Process prefiltering step 1 of 1

2024-08-09 20:07:52,442 - INFO - 

2024-08-09 20:07:52,442 - INFO - k-mer similarity threshold: 81

2024-08-09 20:07:52,442 - INFO - Starting prefiltering scores calculation (step 1 of 1)

2024-08-09 20:07:52,442 - INFO - Query db start 1 to 38880

2024-08-09 20:07:52,442 - INFO - Target db start 1 to 68

2024-08-09 20:10:06,063 - INFO - [=================================================================] 38.88K 2m 15s 508ms

2024-08-09 20:10:06,063 - INFO - 

2024-08-09 20:10:06,063 - INFO - 5386.328443 k-mers per position

2024-08-09 20:10:06,064 - INFO - 172 DB matches per sequence

2024-08-09 20:10:06,064 - INFO - 0 overflows

2024-08-09 20:10:06,064 - INFO - 0 queries produce too many hits (truncated result)

2024-08-09 20:10:06,064 - INFO - 3 sequences passed prefiltering per query sequence

2024-08-09 20:10:06,064 - INFO - 3 median result list length

2024-08-09 20:10:06,064 - INFO - 4448 sequences with 0 size result lists

2024-08-09 20:10:06,064 - INFO - Time for merging to pref_0: 0h 0m 0s 109ms

2024-08-09 20:10:06,064 - INFO - Time for processing: 0h 2m 16s 874ms

2024-08-09 20:10:07,401 - INFO - align /data/yangy34/database/pharokka/phrogs_profile_db phage_pharokka/GCA_013114135.1_14|18607-61852/target_dir/target_seqs phage_pharokka/GCA_013114135.1_14|18607-61852/tmp_dir//4894724603232430439/pref_0 phage_pharokka/GCA_013114135.1_14|18607-61852/mmseqs/results_mmseqs --sub-mat nucl:nucleotide.out,aa:blosum62.out -a 0 --alignment-mode 2 --alignment-output-mode 0 --wrapped-scoring 0 -e 1e-05 --min-seq-id 0 --min-aln-len 0 --seq-id-mode 0 --alt-ali 0 -c 0 --cov-mode 0 --max-seq-len 65535 --comp-bias-corr 1 --max-rejected 2147483647 --max-accept 2147483647 --add-self-matches 0 --db-load-mode 0 --pca 1 --pcb 1.5 --score-bias 0 --realign 0 --realign-score-bias -0.2 --realign-max-seqs 2147483647 --gap-open nucl:5,aa:11 --gap-extend nucl:2,aa:1 --zdrop 40 --threads 32 --compressed 0 -v 3 

2024-08-09 20:10:07,401 - INFO - 

2024-08-09 20:10:07,401 - INFO - Compute score and coverage

2024-08-09 20:10:07,401 - INFO - Query database size: 38880 type: Profile

2024-08-09 20:10:07,401 - INFO - Target database size: 68 type: Aminoacid

2024-08-09 20:10:07,401 - INFO - Calculation of alignments

2024-08-09 20:10:08,790 - INFO - [=================================================================] 38.88K 0s 468ms

2024-08-09 20:10:08,791 - INFO - Time for merging to results_mmseqs: 0h 0m 0s 883ms

2024-08-09 20:10:08,791 - INFO - 146163 alignments calculated

2024-08-09 20:10:08,791 - INFO - 91 sequence pairs passed the thresholds (0.000623 of overall calculated)

2024-08-09 20:10:08,791 - INFO - 0.002341 hits per query sequence

2024-08-09 20:10:08,791 - INFO - Time for processing: 0h 0m 2s 709ms

2024-08-09 20:10:11,349 - INFO - createtsv /data/yangy34/database/pharokka/phrogs_profile_db phage_pharokka/GCA_013114135.1_14|18607-61852/target_dir/target_seqs phage_pharokka/GCA_013114135.1_14|18607-61852/mmseqs/results_mmseqs phage_pharokka/GCA_013114135.1_14|18607-61852/mmseqs_results.tsv --full-header --threads 32 

2024-08-09 20:10:11,349 - INFO - 

2024-08-09 20:10:11,349 - INFO - MMseqs Version:                 	13.45111

2024-08-09 20:10:11,349 - INFO - First sequence as representative	false

2024-08-09 20:10:11,349 - INFO - Target column                   	1

2024-08-09 20:10:11,349 - INFO - Add full header                 	true

2024-08-09 20:10:11,349 - INFO - Sequence source                 	0

2024-08-09 20:10:11,349 - INFO - Database output                 	false

2024-08-09 20:10:11,349 - INFO - Threads                         	32

2024-08-09 20:10:11,349 - INFO - Compressed                      	0

2024-08-09 20:10:11,349 - INFO - Verbosity                       	3

2024-08-09 20:10:11,349 - INFO - 

2024-08-09 20:10:11,349 - INFO - Time for merging to mmseqs_results.tsv: 0h 0m 1s 367ms

2024-08-09 20:10:11,349 - INFO - Time for processing: 0h 0m 2s 523ms

2024-08-09 20:10:11,373 - INFO - Running mmseqs2 on CARD.
2024-08-09 20:10:14,341 - INFO - createdb phage_pharokka/GCA_013114135.1_14|18607-61852/phanotate_aas_tmp.fasta phage_pharokka/GCA_013114135.1_14|18607-61852/CARD_target_dir/target_seqs 

2024-08-09 20:10:14,342 - INFO - 

2024-08-09 20:10:14,342 - INFO - MMseqs Version:       	13.45111

2024-08-09 20:10:14,342 - INFO - Database type         	0

2024-08-09 20:10:14,342 - INFO - Shuffle input database	true

2024-08-09 20:10:14,342 - INFO - Createdb mode         	0

2024-08-09 20:10:14,342 - INFO - Write lookup file     	1

2024-08-09 20:10:14,342 - INFO - Offset of numeric ids 	0

2024-08-09 20:10:14,342 - INFO - Compressed            	0

2024-08-09 20:10:14,342 - INFO - Verbosity             	3

2024-08-09 20:10:14,342 - INFO - 

2024-08-09 20:10:14,342 - INFO - Converting sequences

2024-08-09 20:10:14,342 - INFO - [

2024-08-09 20:10:14,342 - INFO - Time for merging to target_seqs_h: 0h 0m 1s 384ms

2024-08-09 20:10:14,342 - INFO - Time for merging to target_seqs: 0h 0m 0s 86ms

2024-08-09 20:10:14,342 - INFO - Database type: Aminoacid

2024-08-09 20:10:14,342 - INFO - Time for processing: 0h 0m 2s 933ms

2024-08-09 20:10:14,355 - INFO - Create directory phage_pharokka/GCA_013114135.1_14|18607-61852/CARD_tmp_dir/

2024-08-09 20:10:14,355 - INFO - search --min-seq-id 0.8 -c 0.4 /data/yangy34/database/pharokka/CARD phage_pharokka/GCA_013114135.1_14|18607-61852/CARD_target_dir/target_seqs phage_pharokka/GCA_013114135.1_14|18607-61852/CARD/results_CARD phage_pharokka/GCA_013114135.1_14|18607-61852/CARD_tmp_dir/ -s 8.5 --threads 32 

2024-08-09 20:10:14,355 - INFO - 

2024-08-09 20:10:14,355 - INFO - MMseqs Version:                        	13.45111

2024-08-09 20:10:14,355 - INFO - Substitution matrix                    	nucl:nucleotide.out,aa:blosum62.out

2024-08-09 20:10:14,355 - INFO - Add backtrace                          	false

2024-08-09 20:10:14,355 - INFO - Alignment mode                         	2

2024-08-09 20:10:14,355 - INFO - Alignment mode                         	0

2024-08-09 20:10:14,355 - INFO - Allow wrapped scoring                  	false

2024-08-09 20:10:14,355 - INFO - E-value threshold                      	0.001

2024-08-09 20:10:14,355 - INFO - Seq. id. threshold                     	0.8

2024-08-09 20:10:14,355 - INFO - Min alignment length                   	0

2024-08-09 20:10:14,355 - INFO - Seq. id. mode                          	0

2024-08-09 20:10:14,355 - INFO - Alternative alignments                 	0

2024-08-09 20:10:14,355 - INFO - Coverage threshold                     	0.4

2024-08-09 20:10:14,355 - INFO - Coverage mode                          	0

2024-08-09 20:10:14,355 - INFO - Max sequence length                    	65535

2024-08-09 20:10:14,356 - INFO - Compositional bias                     	1

2024-08-09 20:10:14,356 - INFO - Max reject                             	2147483647

2024-08-09 20:10:14,356 - INFO - Max accept                             	2147483647

2024-08-09 20:10:14,356 - INFO - Include identical seq. id.             	false

2024-08-09 20:10:14,356 - INFO - Preload mode                           	0

2024-08-09 20:10:14,356 - INFO - Pseudo count a                         	1

2024-08-09 20:10:14,356 - INFO - Pseudo count b                         	1.5

2024-08-09 20:10:14,356 - INFO - Score bias                             	0

2024-08-09 20:10:14,356 - INFO - Realign hits                           	false

2024-08-09 20:10:14,356 - INFO - Realign score bias                     	-0.2

2024-08-09 20:10:14,356 - INFO - Realign max seqs                       	2147483647

2024-08-09 20:10:14,356 - INFO - Gap open cost                          	nucl:5,aa:11

2024-08-09 20:10:14,356 - INFO - Gap extension cost                     	nucl:2,aa:1

2024-08-09 20:10:14,356 - INFO - Zdrop                                  	40

2024-08-09 20:10:14,356 - INFO - Threads                                	32

2024-08-09 20:10:14,356 - INFO - Compressed                             	0

2024-08-09 20:10:14,356 - INFO - Verbosity                              	3

2024-08-09 20:10:14,356 - INFO - Seed substitution matrix               	nucl:nucleotide.out,aa:VTML80.out

2024-08-09 20:10:14,356 - INFO - Sensitivity                            	8.5

2024-08-09 20:10:14,356 - INFO - k-mer length                           	0

2024-08-09 20:10:14,356 - INFO - k-score                                	2147483647

2024-08-09 20:10:14,356 - INFO - Alphabet size                          	nucl:5,aa:21

2024-08-09 20:10:14,356 - INFO - Max results per query                  	300

2024-08-09 20:10:14,356 - INFO - Split database                         	0

2024-08-09 20:10:14,356 - INFO - Split mode                             	2

2024-08-09 20:10:14,356 - INFO - Split memory limit                     	0

2024-08-09 20:10:14,356 - INFO - Diagonal scoring                       	true

2024-08-09 20:10:14,356 - INFO - Exact k-mer matching                   	0

2024-08-09 20:10:14,356 - INFO - Mask residues                          	1

2024-08-09 20:10:14,356 - INFO - Mask lower case residues               	0

2024-08-09 20:10:14,356 - INFO - Minimum diagonal score                 	15

2024-08-09 20:10:14,356 - INFO - Spaced k-mers                          	1

2024-08-09 20:10:14,356 - INFO - Spaced k-mer pattern                   	

2024-08-09 20:10:14,356 - INFO - Local temporary path                   	

2024-08-09 20:10:14,356 - INFO - Rescore mode                           	0

2024-08-09 20:10:14,356 - INFO - Remove hits by seq. id. and coverage   	false

2024-08-09 20:10:14,356 - INFO - Sort results                           	0

2024-08-09 20:10:14,356 - INFO - Mask profile                           	1

2024-08-09 20:10:14,356 - INFO - Profile E-value threshold              	0.1

2024-08-09 20:10:14,356 - INFO - Global sequence weighting              	false

2024-08-09 20:10:14,356 - INFO - Allow deletions                        	false

2024-08-09 20:10:14,356 - INFO - Filter MSA                             	1

2024-08-09 20:10:14,356 - INFO - Maximum seq. id. threshold             	0.9

2024-08-09 20:10:14,356 - INFO - Minimum seq. id.                       	0

2024-08-09 20:10:14,356 - INFO - Minimum score per column               	-20

2024-08-09 20:10:14,356 - INFO - Minimum coverage                       	0

2024-08-09 20:10:14,356 - INFO - Select N most diverse seqs             	1000

2024-08-09 20:10:14,357 - INFO - Min codons in orf                      	30

2024-08-09 20:10:14,357 - INFO - Max codons in length                   	32734

2024-08-09 20:10:14,357 - INFO - Max orf gaps                           	2147483647

2024-08-09 20:10:14,357 - INFO - Contig start mode                      	2

2024-08-09 20:10:14,357 - INFO - Contig end mode                        	2

2024-08-09 20:10:14,357 - INFO - Orf start mode                         	1

2024-08-09 20:10:14,357 - INFO - Forward frames                         	1,2,3

2024-08-09 20:10:14,357 - INFO - Reverse frames                         	1,2,3

2024-08-09 20:10:14,357 - INFO - Translation table                      	1

2024-08-09 20:10:14,357 - INFO - Translate orf                          	0

2024-08-09 20:10:14,357 - INFO - Use all table starts                   	false

2024-08-09 20:10:14,357 - INFO - Offset of numeric ids                  	0

2024-08-09 20:10:14,357 - INFO - Create lookup                          	0

2024-08-09 20:10:14,357 - INFO - Add orf stop                           	false

2024-08-09 20:10:14,357 - INFO - Overlap between sequences              	0

2024-08-09 20:10:14,357 - INFO - Sequence split mode                    	1

2024-08-09 20:10:14,357 - INFO - Header split mode                      	0

2024-08-09 20:10:14,357 - INFO - Chain overlapping alignments           	0

2024-08-09 20:10:14,357 - INFO - Merge query                            	1

2024-08-09 20:10:14,357 - INFO - Search type                            	0

2024-08-09 20:10:14,357 - INFO - Search iterations                      	1

2024-08-09 20:10:14,357 - INFO - Start sensitivity                      	4

2024-08-09 20:10:14,357 - INFO - Search steps                           	1

2024-08-09 20:10:14,357 - INFO - Exhaustive search mode                 	false

2024-08-09 20:10:14,357 - INFO - Filter results during exhaustive search	0

2024-08-09 20:10:14,357 - INFO - Strand selection                       	1

2024-08-09 20:10:14,358 - INFO - LCA search mode                        	false

2024-08-09 20:10:14,358 - INFO - Disk space limit                       	0

2024-08-09 20:10:14,358 - INFO - MPI runner                             	

2024-08-09 20:10:14,358 - INFO - Force restart with latest tmp          	false

2024-08-09 20:10:14,358 - INFO - Remove temporary files                 	false

2024-08-09 20:10:14,358 - INFO - 

2024-08-09 20:10:14,564 - INFO - prefilter /data/yangy34/database/pharokka/CARD phage_pharokka/GCA_013114135.1_14|18607-61852/CARD_target_dir/target_seqs phage_pharokka/GCA_013114135.1_14|18607-61852/CARD_tmp_dir//16434304736405763446/pref_0 --sub-mat nucl:nucleotide.out,aa:blosum62.out --seed-sub-mat nucl:nucleotide.out,aa:VTML80.out -k 0 --k-score 2147483647 --alph-size nucl:5,aa:21 --max-seq-len 65535 --max-seqs 300 --split 0 --split-mode 2 --split-memory-limit 0 -c 0.4 --cov-mode 0 --comp-bias-corr 1 --diag-score 1 --exact-kmer-matching 0 --mask 1 --mask-lower-case 0 --min-ungapped-score 15 --add-self-matches 0 --spaced-kmer-mode 1 --db-load-mode 0 --pca 1 --pcb 1.5 --threads 32 --compressed 0 -v 3 -s 8.5 

2024-08-09 20:10:14,564 - INFO - 

2024-08-09 20:10:14,564 - INFO - Query database size: 4641 type: Aminoacid

2024-08-09 20:10:14,564 - INFO - Estimated memory consumption: 978M

2024-08-09 20:10:14,564 - INFO - Target database size: 68 type: Aminoacid

2024-08-09 20:10:14,564 - INFO - Index table k-mer threshold: 87 at k-mer size 6 

2024-08-09 20:10:14,564 - INFO - Index table: counting k-mers

2024-08-09 20:10:14,712 - INFO - [=================================================================] 68 0s 30ms

2024-08-09 20:10:14,712 - INFO - Index table: Masked residues: 139

2024-08-09 20:10:14,712 - INFO - Index table: fill

2024-08-09 20:10:15,811 - INFO - [=================================================================] 68 0s 11ms

2024-08-09 20:10:15,811 - INFO - Index statistics

2024-08-09 20:10:15,811 - INFO - Entries:          12891

2024-08-09 20:10:15,811 - INFO - DB size:          488 MB

2024-08-09 20:10:15,811 - INFO - Avg k-mer size:   0.000201

2024-08-09 20:10:15,811 - INFO - Top 10 k-mers

2024-08-09 20:10:15,811 - INFO -     KKKNGA	2

2024-08-09 20:10:15,811 - INFO -     ESLSIE	2

2024-08-09 20:10:15,811 - INFO -     ISGIAL	2

2024-08-09 20:10:15,811 - INFO -     DFTLFL	2

2024-08-09 20:10:15,811 - INFO -     IEMSES	2

2024-08-09 20:10:15,812 - INFO -     GFNVLS	2

2024-08-09 20:10:15,812 - INFO -     IDIAAA	1

2024-08-09 20:10:15,812 - INFO -     KALAAA	1

2024-08-09 20:10:15,812 - INFO -     MDLAAA	1

2024-08-09 20:10:15,812 - INFO -     QTLAAA	1

2024-08-09 20:10:15,812 - INFO - Time for index table init: 0h 0m 0s 464ms

2024-08-09 20:10:15,812 - INFO - Process prefiltering step 1 of 1

2024-08-09 20:10:15,812 - INFO - 

2024-08-09 20:10:15,812 - INFO - k-mer similarity threshold: 87

2024-08-09 20:10:15,812 - INFO - Starting prefiltering scores calculation (step 1 of 1)

2024-08-09 20:10:15,812 - INFO - Query db start 1 to 4641

2024-08-09 20:10:15,812 - INFO - Target db start 1 to 68

2024-08-09 20:10:42,504 - INFO - [=================================================================] 4.64K 26s 675ms

2024-08-09 20:10:42,504 - INFO - 

2024-08-09 20:10:42,505 - INFO - 3883.681631 k-mers per position

2024-08-09 20:10:42,505 - INFO - 259 DB matches per sequence

2024-08-09 20:10:42,505 - INFO - 0 overflows

2024-08-09 20:10:42,505 - INFO - 0 queries produce too many hits (truncated result)

2024-08-09 20:10:42,505 - INFO - 5 sequences passed prefiltering per query sequence

2024-08-09 20:10:42,505 - INFO - 5 median result list length

2024-08-09 20:10:42,505 - INFO - 27 sequences with 0 size result lists

2024-08-09 20:10:42,505 - INFO - Time for merging to pref_0: 0h 0m 0s 78ms

2024-08-09 20:10:42,505 - INFO - Time for processing: 0h 0m 28s 137ms

2024-08-09 20:10:43,647 - INFO - align /data/yangy34/database/pharokka/CARD phage_pharokka/GCA_013114135.1_14|18607-61852/CARD_target_dir/target_seqs phage_pharokka/GCA_013114135.1_14|18607-61852/CARD_tmp_dir//16434304736405763446/pref_0 phage_pharokka/GCA_013114135.1_14|18607-61852/CARD/results_CARD --sub-mat nucl:nucleotide.out,aa:blosum62.out -a 0 --alignment-mode 2 --alignment-output-mode 0 --wrapped-scoring 0 -e 0.001 --min-seq-id 0.8 --min-aln-len 0 --seq-id-mode 0 --alt-ali 0 -c 0.4 --cov-mode 0 --max-seq-len 65535 --comp-bias-corr 1 --max-rejected 2147483647 --max-accept 2147483647 --add-self-matches 0 --db-load-mode 0 --pca 1 --pcb 1.5 --score-bias 0 --realign 0 --realign-score-bias -0.2 --realign-max-seqs 2147483647 --gap-open nucl:5,aa:11 --gap-extend nucl:2,aa:1 --zdrop 40 --threads 32 --compressed 0 -v 3 

2024-08-09 20:10:43,647 - INFO - 

2024-08-09 20:10:43,647 - INFO - Compute score and coverage

2024-08-09 20:10:43,647 - INFO - Query database size: 4641 type: Aminoacid

2024-08-09 20:10:43,647 - INFO - Target database size: 68 type: Aminoacid

2024-08-09 20:10:43,647 - INFO - Calculation of alignments

2024-08-09 20:10:44,619 - INFO - [=================================================================] 4.64K 0s 103ms

2024-08-09 20:10:44,619 - INFO - Time for merging to results_CARD: 0h 0m 0s 907ms

2024-08-09 20:10:44,619 - INFO - 16960 alignments calculated

2024-08-09 20:10:44,619 - INFO - 0 sequence pairs passed the thresholds (0.000000 of overall calculated)

2024-08-09 20:10:44,619 - INFO - 0.000000 hits per query sequence

2024-08-09 20:10:44,619 - INFO - Time for processing: 0h 0m 2s 104ms

2024-08-09 20:10:46,378 - INFO - createtsv /data/yangy34/database/pharokka/CARD phage_pharokka/GCA_013114135.1_14|18607-61852/CARD_target_dir/target_seqs phage_pharokka/GCA_013114135.1_14|18607-61852/CARD/results_CARD phage_pharokka/GCA_013114135.1_14|18607-61852/CARD_results.tsv --full-header --threads 32 

2024-08-09 20:10:46,378 - INFO - 

2024-08-09 20:10:46,378 - INFO - MMseqs Version:                 	13.45111

2024-08-09 20:10:46,378 - INFO - First sequence as representative	false

2024-08-09 20:10:46,378 - INFO - Target column                   	1

2024-08-09 20:10:46,378 - INFO - Add full header                 	true

2024-08-09 20:10:46,378 - INFO - Sequence source                 	0

2024-08-09 20:10:46,378 - INFO - Database output                 	false

2024-08-09 20:10:46,378 - INFO - Threads                         	32

2024-08-09 20:10:46,378 - INFO - Compressed                      	0

2024-08-09 20:10:46,378 - INFO - Verbosity                       	3

2024-08-09 20:10:46,378 - INFO - 

2024-08-09 20:10:46,378 - INFO - Time for merging to CARD_results.tsv: 0h 0m 0s 757ms

2024-08-09 20:10:46,378 - INFO - Time for processing: 0h 0m 1s 715ms

2024-08-09 20:10:46,392 - INFO - Running mmseqs2 on vfdb.
2024-08-09 20:10:48,953 - INFO - createdb phage_pharokka/GCA_013114135.1_14|18607-61852/phanotate_aas_tmp.fasta phage_pharokka/GCA_013114135.1_14|18607-61852/vfdb_target_dir/target_seqs 

2024-08-09 20:10:48,953 - INFO - 

2024-08-09 20:10:48,953 - INFO - MMseqs Version:       	13.45111

2024-08-09 20:10:48,953 - INFO - Database type         	0

2024-08-09 20:10:48,953 - INFO - Shuffle input database	true

2024-08-09 20:10:48,953 - INFO - Createdb mode         	0

2024-08-09 20:10:48,953 - INFO - Write lookup file     	1

2024-08-09 20:10:48,953 - INFO - Offset of numeric ids 	0

2024-08-09 20:10:48,953 - INFO - Compressed            	0

2024-08-09 20:10:48,953 - INFO - Verbosity             	3

2024-08-09 20:10:48,953 - INFO - 

2024-08-09 20:10:48,953 - INFO - Converting sequences

2024-08-09 20:10:48,953 - INFO - [

2024-08-09 20:10:48,953 - INFO - Time for merging to target_seqs_h: 0h 0m 1s 155ms

2024-08-09 20:10:48,953 - INFO - Time for merging to target_seqs: 0h 0m 0s 61ms

2024-08-09 20:10:48,953 - INFO - Database type: Aminoacid

2024-08-09 20:10:48,954 - INFO - Time for processing: 0h 0m 2s 549ms

2024-08-09 20:10:48,964 - INFO - Create directory phage_pharokka/GCA_013114135.1_14|18607-61852/vfdb_tmp_dir/

2024-08-09 20:10:48,964 - INFO - search --min-seq-id 0.8 -c 0.4 /data/yangy34/database/pharokka/vfdb phage_pharokka/GCA_013114135.1_14|18607-61852/vfdb_target_dir/target_seqs phage_pharokka/GCA_013114135.1_14|18607-61852/vfdb/results_vfdb phage_pharokka/GCA_013114135.1_14|18607-61852/vfdb_tmp_dir/ -s 8.5 --threads 32 

2024-08-09 20:10:48,964 - INFO - 

2024-08-09 20:10:48,964 - INFO - MMseqs Version:                        	13.45111

2024-08-09 20:10:48,964 - INFO - Substitution matrix                    	nucl:nucleotide.out,aa:blosum62.out

2024-08-09 20:10:48,964 - INFO - Add backtrace                          	false

2024-08-09 20:10:48,964 - INFO - Alignment mode                         	2

2024-08-09 20:10:48,964 - INFO - Alignment mode                         	0

2024-08-09 20:10:48,964 - INFO - Allow wrapped scoring                  	false

2024-08-09 20:10:48,964 - INFO - E-value threshold                      	0.001

2024-08-09 20:10:48,964 - INFO - Seq. id. threshold                     	0.8

2024-08-09 20:10:48,964 - INFO - Min alignment length                   	0

2024-08-09 20:10:48,964 - INFO - Seq. id. mode                          	0

2024-08-09 20:10:48,964 - INFO - Alternative alignments                 	0

2024-08-09 20:10:48,964 - INFO - Coverage threshold                     	0.4

2024-08-09 20:10:48,964 - INFO - Coverage mode                          	0

2024-08-09 20:10:48,964 - INFO - Max sequence length                    	65535

2024-08-09 20:10:48,964 - INFO - Compositional bias                     	1

2024-08-09 20:10:48,964 - INFO - Max reject                             	2147483647

2024-08-09 20:10:48,964 - INFO - Max accept                             	2147483647

2024-08-09 20:10:48,964 - INFO - Include identical seq. id.             	false

2024-08-09 20:10:48,964 - INFO - Preload mode                           	0

2024-08-09 20:10:48,964 - INFO - Pseudo count a                         	1

2024-08-09 20:10:48,964 - INFO - Pseudo count b                         	1.5

2024-08-09 20:10:48,964 - INFO - Score bias                             	0

2024-08-09 20:10:48,964 - INFO - Realign hits                           	false

2024-08-09 20:10:48,965 - INFO - Realign score bias                     	-0.2

2024-08-09 20:10:48,965 - INFO - Realign max seqs                       	2147483647

2024-08-09 20:10:48,965 - INFO - Gap open cost                          	nucl:5,aa:11

2024-08-09 20:10:48,965 - INFO - Gap extension cost                     	nucl:2,aa:1

2024-08-09 20:10:48,965 - INFO - Zdrop                                  	40

2024-08-09 20:10:48,965 - INFO - Threads                                	32

2024-08-09 20:10:48,965 - INFO - Compressed                             	0

2024-08-09 20:10:48,965 - INFO - Verbosity                              	3

2024-08-09 20:10:48,965 - INFO - Seed substitution matrix               	nucl:nucleotide.out,aa:VTML80.out

2024-08-09 20:10:48,965 - INFO - Sensitivity                            	8.5

2024-08-09 20:10:48,965 - INFO - k-mer length                           	0

2024-08-09 20:10:48,965 - INFO - k-score                                	2147483647

2024-08-09 20:10:48,965 - INFO - Alphabet size                          	nucl:5,aa:21

2024-08-09 20:10:48,965 - INFO - Max results per query                  	300

2024-08-09 20:10:48,965 - INFO - Split database                         	0

2024-08-09 20:10:48,965 - INFO - Split mode                             	2

2024-08-09 20:10:48,965 - INFO - Split memory limit                     	0

2024-08-09 20:10:48,965 - INFO - Diagonal scoring                       	true

2024-08-09 20:10:48,965 - INFO - Exact k-mer matching                   	0

2024-08-09 20:10:48,965 - INFO - Mask residues                          	1

2024-08-09 20:10:48,965 - INFO - Mask lower case residues               	0

2024-08-09 20:10:48,965 - INFO - Minimum diagonal score                 	15

2024-08-09 20:10:48,965 - INFO - Spaced k-mers                          	1

2024-08-09 20:10:48,965 - INFO - Spaced k-mer pattern                   	

2024-08-09 20:10:48,965 - INFO - Local temporary path                   	

2024-08-09 20:10:48,965 - INFO - Rescore mode                           	0

2024-08-09 20:10:48,965 - INFO - Remove hits by seq. id. and coverage   	false

2024-08-09 20:10:48,965 - INFO - Sort results                           	0

2024-08-09 20:10:48,965 - INFO - Mask profile                           	1

2024-08-09 20:10:48,965 - INFO - Profile E-value threshold              	0.1

2024-08-09 20:10:48,965 - INFO - Global sequence weighting              	false

2024-08-09 20:10:48,965 - INFO - Allow deletions                        	false

2024-08-09 20:10:48,965 - INFO - Filter MSA                             	1

2024-08-09 20:10:48,965 - INFO - Maximum seq. id. threshold             	0.9

2024-08-09 20:10:48,965 - INFO - Minimum seq. id.                       	0

2024-08-09 20:10:48,965 - INFO - Minimum score per column               	-20

2024-08-09 20:10:48,965 - INFO - Minimum coverage                       	0

2024-08-09 20:10:48,965 - INFO - Select N most diverse seqs             	1000

2024-08-09 20:10:48,966 - INFO - Min codons in orf                      	30

2024-08-09 20:10:48,966 - INFO - Max codons in length                   	32734

2024-08-09 20:10:48,966 - INFO - Max orf gaps                           	2147483647

2024-08-09 20:10:48,966 - INFO - Contig start mode                      	2

2024-08-09 20:10:48,966 - INFO - Contig end mode                        	2

2024-08-09 20:10:48,966 - INFO - Orf start mode                         	1

2024-08-09 20:10:48,966 - INFO - Forward frames                         	1,2,3

2024-08-09 20:10:48,966 - INFO - Reverse frames                         	1,2,3

2024-08-09 20:10:48,966 - INFO - Translation table                      	1

2024-08-09 20:10:48,966 - INFO - Translate orf                          	0

2024-08-09 20:10:48,966 - INFO - Use all table starts                   	false

2024-08-09 20:10:48,966 - INFO - Offset of numeric ids                  	0

2024-08-09 20:10:48,966 - INFO - Create lookup                          	0

2024-08-09 20:10:48,966 - INFO - Add orf stop                           	false

2024-08-09 20:10:48,966 - INFO - Overlap between sequences              	0

2024-08-09 20:10:48,966 - INFO - Sequence split mode                    	1

2024-08-09 20:10:48,966 - INFO - Header split mode                      	0

2024-08-09 20:10:48,966 - INFO - Chain overlapping alignments           	0

2024-08-09 20:10:48,966 - INFO - Merge query                            	1

2024-08-09 20:10:48,966 - INFO - Search type                            	0

2024-08-09 20:10:48,966 - INFO - Search iterations                      	1

2024-08-09 20:10:48,966 - INFO - Start sensitivity                      	4

2024-08-09 20:10:48,966 - INFO - Search steps                           	1

2024-08-09 20:10:48,966 - INFO - Exhaustive search mode                 	false

2024-08-09 20:10:48,966 - INFO - Filter results during exhaustive search	0

2024-08-09 20:10:48,966 - INFO - Strand selection                       	1

2024-08-09 20:10:48,966 - INFO - LCA search mode                        	false

2024-08-09 20:10:48,966 - INFO - Disk space limit                       	0

2024-08-09 20:10:48,966 - INFO - MPI runner                             	

2024-08-09 20:10:48,966 - INFO - Force restart with latest tmp          	false

2024-08-09 20:10:48,966 - INFO - Remove temporary files                 	false

2024-08-09 20:10:48,966 - INFO - 

2024-08-09 20:10:49,182 - INFO - prefilter /data/yangy34/database/pharokka/vfdb phage_pharokka/GCA_013114135.1_14|18607-61852/vfdb_target_dir/target_seqs phage_pharokka/GCA_013114135.1_14|18607-61852/vfdb_tmp_dir//7766604516465001625/pref_0 --sub-mat nucl:nucleotide.out,aa:blosum62.out --seed-sub-mat nucl:nucleotide.out,aa:VTML80.out -k 0 --k-score 2147483647 --alph-size nucl:5,aa:21 --max-seq-len 65535 --max-seqs 300 --split 0 --split-mode 2 --split-memory-limit 0 -c 0.4 --cov-mode 0 --comp-bias-corr 1 --diag-score 1 --exact-kmer-matching 0 --mask 1 --mask-lower-case 0 --min-ungapped-score 15 --add-self-matches 0 --spaced-kmer-mode 1 --db-load-mode 0 --pca 1 --pcb 1.5 --threads 32 --compressed 0 -v 3 -s 8.5 

2024-08-09 20:10:49,182 - INFO - 

2024-08-09 20:10:49,182 - INFO - Query database size: 27504 type: Aminoacid

2024-08-09 20:10:49,182 - INFO - Estimated memory consumption: 978M

2024-08-09 20:10:49,182 - INFO - Target database size: 68 type: Aminoacid

2024-08-09 20:10:49,182 - INFO - Index table k-mer threshold: 87 at k-mer size 6 

2024-08-09 20:10:49,182 - INFO - Index table: counting k-mers

2024-08-09 20:10:49,295 - INFO - [=================================================================] 68 0s 34ms

2024-08-09 20:10:49,295 - INFO - Index table: Masked residues: 139

2024-08-09 20:10:49,295 - INFO - Index table: fill

2024-08-09 20:10:53,073 - INFO - [=================================================================] 68 0s 11ms

2024-08-09 20:10:53,074 - INFO - Index statistics

2024-08-09 20:10:53,074 - INFO - Entries:          12891

2024-08-09 20:10:53,074 - INFO - DB size:          488 MB

2024-08-09 20:10:53,074 - INFO - Avg k-mer size:   0.000201

2024-08-09 20:10:53,074 - INFO - Top 10 k-mers

2024-08-09 20:10:53,074 - INFO -     KKKNGA	2

2024-08-09 20:10:53,074 - INFO -     ESLSIE	2

2024-08-09 20:10:53,074 - INFO -     ISGIAL	2

2024-08-09 20:10:53,074 - INFO -     DFTLFL	2

2024-08-09 20:10:53,074 - INFO -     IEMSES	2

2024-08-09 20:10:53,074 - INFO -     GFNVLS	2

2024-08-09 20:10:53,074 - INFO -     IDIAAA	1

2024-08-09 20:10:53,074 - INFO -     KALAAA	1

2024-08-09 20:10:53,074 - INFO -     MDLAAA	1

2024-08-09 20:10:53,074 - INFO -     QTLAAA	1

2024-08-09 20:10:53,074 - INFO - Time for index table init: 0h 0m 0s 450ms

2024-08-09 20:10:53,074 - INFO - Process prefiltering step 1 of 1

2024-08-09 20:10:53,074 - INFO - 

2024-08-09 20:10:53,074 - INFO - k-mer similarity threshold: 87

2024-08-09 20:10:53,074 - INFO - Starting prefiltering scores calculation (step 1 of 1)

2024-08-09 20:10:53,074 - INFO - Query db start 1 to 27504

2024-08-09 20:10:53,074 - INFO - Target db start 1 to 68

2024-08-09 20:13:12,985 - INFO - [=================================================================] 27.50K 2m 22s 162ms

2024-08-09 20:13:12,985 - INFO - 

2024-08-09 20:13:12,985 - INFO - 3159.764157 k-mers per position

2024-08-09 20:13:12,985 - INFO - 333 DB matches per sequence

2024-08-09 20:13:12,985 - INFO - 0 overflows

2024-08-09 20:13:12,986 - INFO - 0 queries produce too many hits (truncated result)

2024-08-09 20:13:12,986 - INFO - 5 sequences passed prefiltering per query sequence

2024-08-09 20:13:12,986 - INFO - 5 median result list length

2024-08-09 20:13:12,986 - INFO - 1612 sequences with 0 size result lists

2024-08-09 20:13:12,986 - INFO - Time for merging to pref_0: 0h 0m 0s 83ms

2024-08-09 20:13:12,986 - INFO - Time for processing: 0h 2m 24s 13ms

2024-08-09 20:13:13,938 - INFO - align /data/yangy34/database/pharokka/vfdb phage_pharokka/GCA_013114135.1_14|18607-61852/vfdb_target_dir/target_seqs phage_pharokka/GCA_013114135.1_14|18607-61852/vfdb_tmp_dir//7766604516465001625/pref_0 phage_pharokka/GCA_013114135.1_14|18607-61852/vfdb/results_vfdb --sub-mat nucl:nucleotide.out,aa:blosum62.out -a 0 --alignment-mode 2 --alignment-output-mode 0 --wrapped-scoring 0 -e 0.001 --min-seq-id 0.8 --min-aln-len 0 --seq-id-mode 0 --alt-ali 0 -c 0.4 --cov-mode 0 --max-seq-len 65535 --comp-bias-corr 1 --max-rejected 2147483647 --max-accept 2147483647 --add-self-matches 0 --db-load-mode 0 --pca 1 --pcb 1.5 --score-bias 0 --realign 0 --realign-score-bias -0.2 --realign-max-seqs 2147483647 --gap-open nucl:5,aa:11 --gap-extend nucl:2,aa:1 --zdrop 40 --threads 32 --compressed 0 -v 3 

2024-08-09 20:13:13,938 - INFO - 

2024-08-09 20:13:13,938 - INFO - Compute score and coverage

2024-08-09 20:13:13,938 - INFO - Query database size: 27504 type: Aminoacid

2024-08-09 20:13:13,939 - INFO - Target database size: 68 type: Aminoacid

2024-08-09 20:13:13,939 - INFO - Calculation of alignments

2024-08-09 20:13:14,634 - INFO - [=================================================================] 27.50K 0s 261ms

2024-08-09 20:13:14,635 - INFO - Time for merging to results_vfdb: 0h 0m 0s 428ms

2024-08-09 20:13:14,635 - INFO - 83788 alignments calculated

2024-08-09 20:13:14,635 - INFO - 0 sequence pairs passed the thresholds (0.000000 of overall calculated)

2024-08-09 20:13:14,635 - INFO - 0.000000 hits per query sequence

2024-08-09 20:13:14,635 - INFO - Time for processing: 0h 0m 1s 630ms

2024-08-09 20:13:16,014 - INFO - createtsv /data/yangy34/database/pharokka/vfdb phage_pharokka/GCA_013114135.1_14|18607-61852/vfdb_target_dir/target_seqs phage_pharokka/GCA_013114135.1_14|18607-61852/vfdb/results_vfdb phage_pharokka/GCA_013114135.1_14|18607-61852/vfdb_results.tsv --full-header --threads 32 

2024-08-09 20:13:16,014 - INFO - 

2024-08-09 20:13:16,014 - INFO - MMseqs Version:                 	13.45111

2024-08-09 20:13:16,014 - INFO - First sequence as representative	false

2024-08-09 20:13:16,014 - INFO - Target column                   	1

2024-08-09 20:13:16,014 - INFO - Add full header                 	true

2024-08-09 20:13:16,014 - INFO - Sequence source                 	0

2024-08-09 20:13:16,014 - INFO - Database output                 	false

2024-08-09 20:13:16,014 - INFO - Threads                         	32

2024-08-09 20:13:16,015 - INFO - Compressed                      	0

2024-08-09 20:13:16,015 - INFO - Verbosity                       	3

2024-08-09 20:13:16,015 - INFO - 

2024-08-09 20:13:16,015 - INFO - Time for merging to vfdb_results.tsv: 0h 0m 0s 362ms

2024-08-09 20:13:16,015 - INFO - Time for processing: 0h 0m 1s 367ms

2024-08-09 20:13:16,050 - INFO - Post Processing Output.
2024-08-09 20:13:16,269 - INFO - Converting gff to genbank.
2024-08-09 20:13:16,283 - WARNING - /gpfs/gsfs12/users/yangy34/softwares/mambaforge/envs/pharokka-env/lib/python3.10/site-packages/Bio/SeqIO/InsdcIO.py:728: BiopythonWarning: Increasing length of locus line to allow long name. This will result in fields that are not in usual positions.
  warnings.warn(

2024-08-09 20:13:16,311 - INFO - Terminase large subunit found.
2024-08-09 20:13:16,316 - INFO - Finding the closest match for each contig in INPHARED using mash.
2024-08-09 20:13:16,343 - INFO - Sketching GCA_013114135_5_phages/GCA_013114135.1_14_18607_61852_prophage.fasta...

2024-08-09 20:13:16,360 - INFO - Writing to phage_pharokka/GCA_013114135.1_14|18607-61852/input_mash_sketch.msh...

2024-08-09 20:13:18,317 - INFO - pharokka has finished
2024-08-09 20:13:18,318 - INFO - Elapsed time: 344.42 seconds
2024-08-09 20:13:18,318 - INFO - If you use pharokka in your research, please cite:
2024-08-09 20:13:18,318 - INFO - George Bouras, Roshan Nepal, Ghais Houtak, Alkis James Psaltis, Peter-John Wormald, Sarah Vreugde.
2024-08-09 20:13:18,318 - INFO - Pharokka: a fast scalable bacteriophage annotation tool.
2024-08-09 20:13:18,318 - INFO - Bioinformatics, Volume 39, Issue 1, January 2023, btac776.
2024-08-09 20:13:18,318 - INFO - https://doi.org/10.1093/bioinformatics/btac776.
2024-08-09 20:13:18,318 - INFO - You should also cite the full list of tools pharokka uses, which can be found at https://github.com/gbouras13/pharokka#citation.
