2024-08-08 21:59:38,637 - INFO - Starting pharokka v1.3.2
2024-08-08 21:59:38,637 - INFO - Input args: Namespace(infile='GCA_015343595.1_53_phages/GCA_015343595.1_1214_3_2887_prophage.fasta', outdir='phage_pharokka/GCA_015343595.1_1214|3-2887', database='/data/yangy34/database/pharokka', threads='32', force=False, prefix='Default', locustag='Default', gene_predictor='phanotate', meta=False, split=False, coding_table='11', evalue='1E-05', terminase=False, terminase_strand='nothing', terminase_start='nothing', citation=False)
2024-08-08 21:59:38,637 - INFO - Checking database installation.
2024-08-08 21:59:38,669 - INFO - All databases have been successfully checked.
2024-08-08 21:59:38,669 - INFO - Checking dependencies.
2024-08-08 21:59:39,630 - INFO - phan_out version found is v1.5.1.
2024-08-08 21:59:39,630 - INFO - Phanotate version is ok.
2024-08-08 21:59:39,694 - INFO - MMseqs2 version found is v13.45111.
2024-08-08 21:59:39,694 - INFO - MMseqs2 version is ok.
2024-08-08 21:59:40,593 - INFO - tRNAscan-SE version found is v2.45111.11.
2024-08-08 21:59:40,593 - INFO - tRNAscan-SE version is ok.
2024-08-08 21:59:41,193 - INFO - MinCED version found is v0.4.2.
2024-08-08 21:59:41,193 - INFO - MinCED version is ok.
2024-08-08 21:59:41,225 - INFO - ARAGORN version found is v1.2.41.
2024-08-08 21:59:41,225 - INFO - ARAGORN version is ok.
2024-08-08 21:59:41,279 - INFO - mash version found is v2.2.
2024-08-08 21:59:41,279 - INFO - mash version is ok.
2024-08-08 21:59:41,512 - INFO - Running Phanotate.
2024-08-08 21:59:43,111 - INFO - Translating gene predicted fastas.
2024-08-08 21:59:43,140 - INFO - Starting tRNA-scanSE
2024-08-08 21:59:43,277 - INFO - 

2024-08-08 21:59:43,277 - INFO - tRNAscan-SE v.2.0.11 (Oct 2022) - scan sequences for transfer RNAs

2024-08-08 21:59:43,277 - INFO - Copyright (C) 2022 Patricia Chan and Todd Lowe

2024-08-08 21:59:43,277 - INFO -                    University of California Santa Cruz

2024-08-08 21:59:43,277 - INFO - Freely distributed under the GNU General Public License (GPLv3)

2024-08-08 21:59:43,277 - INFO - 

2024-08-08 21:59:43,277 - INFO - ------------------------------------------------------------

2024-08-08 21:59:43,277 - INFO - Sequence file(s) to search:        GCA_015343595.1_53_phages/GCA_015343595.1_1214_3_2887_prophage.fasta

2024-08-08 21:59:43,278 - INFO - Search Mode:                       General

2024-08-08 21:59:43,278 - INFO - Results written to:                Standard output

2024-08-08 21:59:43,278 - INFO - Output format:                     Tabular

2024-08-08 21:59:43,278 - INFO - Searching with:                    Infernal single-pass scan

2024-08-08 21:59:43,278 - INFO -                                    Fast mode

2024-08-08 21:59:43,278 - INFO - Covariance model:                  /gpfs/gsfs12/users/yangy34/softwares/mambaforge/envs/pharokka-env/lib/tRNAscan-SE/models/TRNAinf.cm

2024-08-08 21:59:43,278 - INFO - 

2024-08-08 21:59:43,278 - INFO - Temporary directory:               /tmp

2024-08-08 21:59:43,278 - INFO - tRNA predictions saved to:         phage_pharokka/GCA_015343595.1_1214|3-2887/trnascan_out.gff

2024-08-08 21:59:43,278 - INFO - ------------------------------------------------------------

2024-08-08 21:59:43,278 - INFO - 

2024-08-08 21:59:43,394 - INFO - No tRNAs found.

2024-08-08 21:59:43,394 - INFO - 

2024-08-08 21:59:43,407 - INFO - Running MinCED.
2024-08-08 21:59:43,549 - INFO - Running Aragorn.
2024-08-08 21:59:43,552 - INFO - Starting MMseqs2.
2024-08-08 21:59:43,552 - INFO - Running MMseqs2 on PHROGs Database.
2024-08-08 21:59:43,648 - INFO - createdb phage_pharokka/GCA_015343595.1_1214|3-2887/phanotate_aas_tmp.fasta phage_pharokka/GCA_015343595.1_1214|3-2887/target_dir/target_seqs 

2024-08-08 21:59:43,648 - INFO - 

2024-08-08 21:59:43,648 - INFO - MMseqs Version:       	13.45111

2024-08-08 21:59:43,648 - INFO - Database type         	0

2024-08-08 21:59:43,648 - INFO - Shuffle input database	true

2024-08-08 21:59:43,649 - INFO - Createdb mode         	0

2024-08-08 21:59:43,649 - INFO - Write lookup file     	1

2024-08-08 21:59:43,649 - INFO - Offset of numeric ids 	0

2024-08-08 21:59:43,649 - INFO - Compressed            	0

2024-08-08 21:59:43,649 - INFO - Verbosity             	3

2024-08-08 21:59:43,649 - INFO - 

2024-08-08 21:59:43,649 - INFO - Converting sequences

2024-08-08 21:59:43,649 - INFO - [

2024-08-08 21:59:43,649 - INFO - Time for merging to target_seqs_h: 0h 0m 0s 22ms

2024-08-08 21:59:43,650 - INFO - Time for merging to target_seqs: 0h 0m 0s 20ms

2024-08-08 21:59:43,650 - INFO - Database type: Aminoacid

2024-08-08 21:59:43,650 - INFO - Time for processing: 0h 0m 0s 90ms

2024-08-08 21:59:43,659 - INFO - Create directory phage_pharokka/GCA_015343595.1_1214|3-2887/tmp_dir/

2024-08-08 21:59:43,659 - INFO - search -e 1E-05 /data/yangy34/database/pharokka/phrogs_profile_db phage_pharokka/GCA_015343595.1_1214|3-2887/target_dir/target_seqs phage_pharokka/GCA_015343595.1_1214|3-2887/mmseqs/results_mmseqs phage_pharokka/GCA_015343595.1_1214|3-2887/tmp_dir/ -s 8.5 --threads 32 

2024-08-08 21:59:43,659 - INFO - 

2024-08-08 21:59:43,659 - INFO - MMseqs Version:                        	13.45111

2024-08-08 21:59:43,659 - INFO - Substitution matrix                    	nucl:nucleotide.out,aa:blosum62.out

2024-08-08 21:59:43,659 - INFO - Add backtrace                          	false

2024-08-08 21:59:43,659 - INFO - Alignment mode                         	2

2024-08-08 21:59:43,659 - INFO - Alignment mode                         	0

2024-08-08 21:59:43,659 - INFO - Allow wrapped scoring                  	false

2024-08-08 21:59:43,659 - INFO - E-value threshold                      	1e-05

2024-08-08 21:59:43,659 - INFO - Seq. id. threshold                     	0

2024-08-08 21:59:43,659 - INFO - Min alignment length                   	0

2024-08-08 21:59:43,659 - INFO - Seq. id. mode                          	0

2024-08-08 21:59:43,659 - INFO - Alternative alignments                 	0

2024-08-08 21:59:43,659 - INFO - Coverage threshold                     	0

2024-08-08 21:59:43,659 - INFO - Coverage mode                          	0

2024-08-08 21:59:43,659 - INFO - Max sequence length                    	65535

2024-08-08 21:59:43,659 - INFO - Compositional bias                     	1

2024-08-08 21:59:43,659 - INFO - Max reject                             	2147483647

2024-08-08 21:59:43,659 - INFO - Max accept                             	2147483647

2024-08-08 21:59:43,659 - INFO - Include identical seq. id.             	false

2024-08-08 21:59:43,660 - INFO - Preload mode                           	0

2024-08-08 21:59:43,660 - INFO - Pseudo count a                         	1

2024-08-08 21:59:43,660 - INFO - Pseudo count b                         	1.5

2024-08-08 21:59:43,660 - INFO - Score bias                             	0

2024-08-08 21:59:43,660 - INFO - Realign hits                           	false

2024-08-08 21:59:43,660 - INFO - Realign score bias                     	-0.2

2024-08-08 21:59:43,660 - INFO - Realign max seqs                       	2147483647

2024-08-08 21:59:43,660 - INFO - Gap open cost                          	nucl:5,aa:11

2024-08-08 21:59:43,660 - INFO - Gap extension cost                     	nucl:2,aa:1

2024-08-08 21:59:43,660 - INFO - Zdrop                                  	40

2024-08-08 21:59:43,660 - INFO - Threads                                	32

2024-08-08 21:59:43,660 - INFO - Compressed                             	0

2024-08-08 21:59:43,660 - INFO - Verbosity                              	3

2024-08-08 21:59:43,660 - INFO - Seed substitution matrix               	nucl:nucleotide.out,aa:VTML80.out

2024-08-08 21:59:43,660 - INFO - Sensitivity                            	8.5

2024-08-08 21:59:43,660 - INFO - k-mer length                           	0

2024-08-08 21:59:43,660 - INFO - k-score                                	2147483647

2024-08-08 21:59:43,660 - INFO - Alphabet size                          	nucl:5,aa:21

2024-08-08 21:59:43,660 - INFO - Max results per query                  	300

2024-08-08 21:59:43,660 - INFO - Split database                         	0

2024-08-08 21:59:43,660 - INFO - Split mode                             	2

2024-08-08 21:59:43,660 - INFO - Split memory limit                     	0

2024-08-08 21:59:43,660 - INFO - Diagonal scoring                       	true

2024-08-08 21:59:43,660 - INFO - Exact k-mer matching                   	0

2024-08-08 21:59:43,661 - INFO - Mask residues                          	1

2024-08-08 21:59:43,661 - INFO - Mask lower case residues               	0

2024-08-08 21:59:43,661 - INFO - Minimum diagonal score                 	15

2024-08-08 21:59:43,661 - INFO - Spaced k-mers                          	1

2024-08-08 21:59:43,661 - INFO - Spaced k-mer pattern                   	

2024-08-08 21:59:43,661 - INFO - Local temporary path                   	

2024-08-08 21:59:43,661 - INFO - Rescore mode                           	0

2024-08-08 21:59:43,661 - INFO - Remove hits by seq. id. and coverage   	false

2024-08-08 21:59:43,661 - INFO - Sort results                           	0

2024-08-08 21:59:43,661 - INFO - Mask profile                           	1

2024-08-08 21:59:43,661 - INFO - Profile E-value threshold              	0.1

2024-08-08 21:59:43,661 - INFO - Global sequence weighting              	false

2024-08-08 21:59:43,661 - INFO - Allow deletions                        	false

2024-08-08 21:59:43,661 - INFO - Filter MSA                             	1

2024-08-08 21:59:43,661 - INFO - Maximum seq. id. threshold             	0.9

2024-08-08 21:59:43,661 - INFO - Minimum seq. id.                       	0

2024-08-08 21:59:43,661 - INFO - Minimum score per column               	-20

2024-08-08 21:59:43,661 - INFO - Minimum coverage                       	0

2024-08-08 21:59:43,661 - INFO - Select N most diverse seqs             	1000

2024-08-08 21:59:43,661 - INFO - Min codons in orf                      	30

2024-08-08 21:59:43,661 - INFO - Max codons in length                   	32734

2024-08-08 21:59:43,661 - INFO - Max orf gaps                           	2147483647

2024-08-08 21:59:43,661 - INFO - Contig start mode                      	2

2024-08-08 21:59:43,661 - INFO - Contig end mode                        	2

2024-08-08 21:59:43,662 - INFO - Orf start mode                         	1

2024-08-08 21:59:43,662 - INFO - Forward frames                         	1,2,3

2024-08-08 21:59:43,662 - INFO - Reverse frames                         	1,2,3

2024-08-08 21:59:43,662 - INFO - Translation table                      	1

2024-08-08 21:59:43,662 - INFO - Translate orf                          	0

2024-08-08 21:59:43,662 - INFO - Use all table starts                   	false

2024-08-08 21:59:43,662 - INFO - Offset of numeric ids                  	0

2024-08-08 21:59:43,662 - INFO - Create lookup                          	0

2024-08-08 21:59:43,662 - INFO - Add orf stop                           	false

2024-08-08 21:59:43,662 - INFO - Overlap between sequences              	0

2024-08-08 21:59:43,662 - INFO - Sequence split mode                    	1

2024-08-08 21:59:43,662 - INFO - Header split mode                      	0

2024-08-08 21:59:43,662 - INFO - Chain overlapping alignments           	0

2024-08-08 21:59:43,662 - INFO - Merge query                            	1

2024-08-08 21:59:43,662 - INFO - Search type                            	0

2024-08-08 21:59:43,662 - INFO - Search iterations                      	1

2024-08-08 21:59:43,662 - INFO - Start sensitivity                      	4

2024-08-08 21:59:43,662 - INFO - Search steps                           	1

2024-08-08 21:59:43,662 - INFO - Exhaustive search mode                 	false

2024-08-08 21:59:43,662 - INFO - Filter results during exhaustive search	0

2024-08-08 21:59:43,662 - INFO - Strand selection                       	1

2024-08-08 21:59:43,662 - INFO - LCA search mode                        	false

2024-08-08 21:59:43,662 - INFO - Disk space limit                       	0

2024-08-08 21:59:43,663 - INFO - MPI runner                             	

2024-08-08 21:59:43,663 - INFO - Force restart with latest tmp          	false

2024-08-08 21:59:43,663 - INFO - Remove temporary files                 	false

2024-08-08 21:59:43,663 - INFO - 

2024-08-08 21:59:43,836 - INFO - prefilter /data/yangy34/database/pharokka/phrogs_profile_db phage_pharokka/GCA_015343595.1_1214|3-2887/target_dir/target_seqs phage_pharokka/GCA_015343595.1_1214|3-2887/tmp_dir//4539082527118010934/pref_0 --sub-mat nucl:nucleotide.out,aa:blosum62.out --seed-sub-mat nucl:nucleotide.out,aa:VTML80.out -k 0 --k-score 2147483647 --alph-size nucl:5,aa:21 --max-seq-len 65535 --max-seqs 300 --split 0 --split-mode 2 --split-memory-limit 0 -c 0 --cov-mode 0 --comp-bias-corr 1 --diag-score 1 --exact-kmer-matching 0 --mask 1 --mask-lower-case 0 --min-ungapped-score 15 --add-self-matches 0 --spaced-kmer-mode 1 --db-load-mode 0 --pca 1 --pcb 1.5 --threads 32 --compressed 0 -v 3 -s 8.5 

2024-08-08 21:59:43,837 - INFO - 

2024-08-08 21:59:43,837 - INFO - Query database size: 38880 type: Profile

2024-08-08 21:59:43,837 - INFO - Estimated memory consumption: 488M

2024-08-08 21:59:43,837 - INFO - Target database size: 9 type: Aminoacid

2024-08-08 21:59:43,837 - INFO - Index table k-mer threshold: 0 at k-mer size 6 

2024-08-08 21:59:43,837 - INFO - Index table: counting k-mers

2024-08-08 21:59:43,996 - INFO - [=================================================================] 9 0s 2ms

2024-08-08 21:59:43,996 - INFO - Index table: Masked residues: 14

2024-08-08 21:59:43,996 - INFO - Index table: fill

2024-08-08 21:59:45,331 - INFO - [=================================================================] 9 0s 0ms

2024-08-08 21:59:45,331 - INFO - Index statistics

2024-08-08 21:59:45,331 - INFO - Entries:          823

2024-08-08 21:59:45,331 - INFO - DB size:          488 MB

2024-08-08 21:59:45,331 - INFO - Avg k-mer size:   0.000013

2024-08-08 21:59:45,331 - INFO - Top 10 k-mers

2024-08-08 21:59:45,331 - INFO -     LREIAA	1

2024-08-08 21:59:45,331 - INFO -     FEEMAA	1

2024-08-08 21:59:45,331 - INFO -     EEGVAA	1

2024-08-08 21:59:45,331 - INFO -     IRCRDA	1

2024-08-08 21:59:45,331 - INFO -     IRPRDA	1

2024-08-08 21:59:45,332 - INFO -     ELETDA	1

2024-08-08 21:59:45,332 - INFO -     GEVEEA	1

2024-08-08 21:59:45,332 - INFO -     KKKNEA	1

2024-08-08 21:59:45,332 - INFO -     AAAQEA	1

2024-08-08 21:59:45,332 - INFO -     AFDKFA	1

2024-08-08 21:59:45,332 - INFO - Time for index table init: 0h 0m 0s 497ms

2024-08-08 21:59:45,332 - INFO - Process prefiltering step 1 of 1

2024-08-08 21:59:45,332 - INFO - 

2024-08-08 21:59:45,332 - INFO - k-mer similarity threshold: 81

2024-08-08 21:59:45,332 - INFO - Starting prefiltering scores calculation (step 1 of 1)

2024-08-08 21:59:45,332 - INFO - Query db start 1 to 38880

2024-08-08 21:59:45,332 - INFO - Target db start 1 to 9

2024-08-08 22:00:53,569 - INFO - [=================================================================] 38.88K 1m 9s 138ms

2024-08-08 22:00:53,569 - INFO - 

2024-08-08 22:00:53,569 - INFO - 5386.328443 k-mers per position

2024-08-08 22:00:53,569 - INFO - 11 DB matches per sequence

2024-08-08 22:00:53,569 - INFO - 0 overflows

2024-08-08 22:00:53,569 - INFO - 0 queries produce too many hits (truncated result)

2024-08-08 22:00:53,569 - INFO - 0 sequences passed prefiltering per query sequence

2024-08-08 22:00:53,569 - INFO - 0 median result list length

2024-08-08 22:00:53,569 - INFO - 29033 sequences with 0 size result lists

2024-08-08 22:00:53,569 - INFO - Time for merging to pref_0: 0h 0m 0s 23ms

2024-08-08 22:00:53,569 - INFO - Time for processing: 0h 1m 9s 902ms

2024-08-08 22:00:53,680 - INFO - align /data/yangy34/database/pharokka/phrogs_profile_db phage_pharokka/GCA_015343595.1_1214|3-2887/target_dir/target_seqs phage_pharokka/GCA_015343595.1_1214|3-2887/tmp_dir//4539082527118010934/pref_0 phage_pharokka/GCA_015343595.1_1214|3-2887/mmseqs/results_mmseqs --sub-mat nucl:nucleotide.out,aa:blosum62.out -a 0 --alignment-mode 2 --alignment-output-mode 0 --wrapped-scoring 0 -e 1e-05 --min-seq-id 0 --min-aln-len 0 --seq-id-mode 0 --alt-ali 0 -c 0 --cov-mode 0 --max-seq-len 65535 --comp-bias-corr 1 --max-rejected 2147483647 --max-accept 2147483647 --add-self-matches 0 --db-load-mode 0 --pca 1 --pcb 1.5 --score-bias 0 --realign 0 --realign-score-bias -0.2 --realign-max-seqs 2147483647 --gap-open nucl:5,aa:11 --gap-extend nucl:2,aa:1 --zdrop 40 --threads 32 --compressed 0 -v 3 

2024-08-08 22:00:53,681 - INFO - 

2024-08-08 22:00:53,681 - INFO - Compute score and coverage

2024-08-08 22:00:53,681 - INFO - Query database size: 38880 type: Profile

2024-08-08 22:00:53,681 - INFO - Target database size: 9 type: Aminoacid

2024-08-08 22:00:53,681 - INFO - Calculation of alignments

2024-08-08 22:00:53,970 - INFO - [=================================================================] 38.88K 0s 272ms

2024-08-08 22:00:53,971 - INFO - Time for merging to results_mmseqs: 0h 0m 0s 21ms

2024-08-08 22:00:53,971 - INFO - 12446 alignments calculated

2024-08-08 22:00:53,971 - INFO - 16 sequence pairs passed the thresholds (0.001286 of overall calculated)

2024-08-08 22:00:53,971 - INFO - 0.000412 hits per query sequence

2024-08-08 22:00:53,971 - INFO - Time for processing: 0h 0m 0s 395ms

2024-08-08 22:00:54,110 - INFO - createtsv /data/yangy34/database/pharokka/phrogs_profile_db phage_pharokka/GCA_015343595.1_1214|3-2887/target_dir/target_seqs phage_pharokka/GCA_015343595.1_1214|3-2887/mmseqs/results_mmseqs phage_pharokka/GCA_015343595.1_1214|3-2887/mmseqs_results.tsv --full-header --threads 32 

2024-08-08 22:00:54,110 - INFO - 

2024-08-08 22:00:54,110 - INFO - MMseqs Version:                 	13.45111

2024-08-08 22:00:54,110 - INFO - First sequence as representative	false

2024-08-08 22:00:54,110 - INFO - Target column                   	1

2024-08-08 22:00:54,110 - INFO - Add full header                 	true

2024-08-08 22:00:54,110 - INFO - Sequence source                 	0

2024-08-08 22:00:54,110 - INFO - Database output                 	false

2024-08-08 22:00:54,110 - INFO - Threads                         	32

2024-08-08 22:00:54,110 - INFO - Compressed                      	0

2024-08-08 22:00:54,110 - INFO - Verbosity                       	3

2024-08-08 22:00:54,110 - INFO - 

2024-08-08 22:00:54,110 - INFO - Time for merging to mmseqs_results.tsv: 0h 0m 0s 28ms

2024-08-08 22:00:54,110 - INFO - Time for processing: 0h 0m 0s 130ms

2024-08-08 22:00:54,129 - INFO - Running mmseqs2 on CARD.
2024-08-08 22:00:54,193 - INFO - createdb phage_pharokka/GCA_015343595.1_1214|3-2887/phanotate_aas_tmp.fasta phage_pharokka/GCA_015343595.1_1214|3-2887/CARD_target_dir/target_seqs 

2024-08-08 22:00:54,193 - INFO - 

2024-08-08 22:00:54,193 - INFO - MMseqs Version:       	13.45111

2024-08-08 22:00:54,193 - INFO - Database type         	0

2024-08-08 22:00:54,193 - INFO - Shuffle input database	true

2024-08-08 22:00:54,193 - INFO - Createdb mode         	0

2024-08-08 22:00:54,193 - INFO - Write lookup file     	1

2024-08-08 22:00:54,193 - INFO - Offset of numeric ids 	0

2024-08-08 22:00:54,193 - INFO - Compressed            	0

2024-08-08 22:00:54,193 - INFO - Verbosity             	3

2024-08-08 22:00:54,193 - INFO - 

2024-08-08 22:00:54,194 - INFO - Converting sequences

2024-08-08 22:00:54,194 - INFO - [

2024-08-08 22:00:54,194 - INFO - Time for merging to target_seqs_h: 0h 0m 0s 7ms

2024-08-08 22:00:54,194 - INFO - Time for merging to target_seqs: 0h 0m 0s 18ms

2024-08-08 22:00:54,194 - INFO - Database type: Aminoacid

2024-08-08 22:00:54,194 - INFO - Time for processing: 0h 0m 0s 59ms

2024-08-08 22:00:54,202 - INFO - Create directory phage_pharokka/GCA_015343595.1_1214|3-2887/CARD_tmp_dir/

2024-08-08 22:00:54,202 - INFO - search --min-seq-id 0.8 -c 0.4 /data/yangy34/database/pharokka/CARD phage_pharokka/GCA_015343595.1_1214|3-2887/CARD_target_dir/target_seqs phage_pharokka/GCA_015343595.1_1214|3-2887/CARD/results_CARD phage_pharokka/GCA_015343595.1_1214|3-2887/CARD_tmp_dir/ -s 8.5 --threads 32 

2024-08-08 22:00:54,202 - INFO - 

2024-08-08 22:00:54,202 - INFO - MMseqs Version:                        	13.45111

2024-08-08 22:00:54,202 - INFO - Substitution matrix                    	nucl:nucleotide.out,aa:blosum62.out

2024-08-08 22:00:54,202 - INFO - Add backtrace                          	false

2024-08-08 22:00:54,202 - INFO - Alignment mode                         	2

2024-08-08 22:00:54,202 - INFO - Alignment mode                         	0

2024-08-08 22:00:54,202 - INFO - Allow wrapped scoring                  	false

2024-08-08 22:00:54,202 - INFO - E-value threshold                      	0.001

2024-08-08 22:00:54,203 - INFO - Seq. id. threshold                     	0.8

2024-08-08 22:00:54,203 - INFO - Min alignment length                   	0

2024-08-08 22:00:54,203 - INFO - Seq. id. mode                          	0

2024-08-08 22:00:54,203 - INFO - Alternative alignments                 	0

2024-08-08 22:00:54,203 - INFO - Coverage threshold                     	0.4

2024-08-08 22:00:54,203 - INFO - Coverage mode                          	0

2024-08-08 22:00:54,203 - INFO - Max sequence length                    	65535

2024-08-08 22:00:54,203 - INFO - Compositional bias                     	1

2024-08-08 22:00:54,203 - INFO - Max reject                             	2147483647

2024-08-08 22:00:54,203 - INFO - Max accept                             	2147483647

2024-08-08 22:00:54,203 - INFO - Include identical seq. id.             	false

2024-08-08 22:00:54,203 - INFO - Preload mode                           	0

2024-08-08 22:00:54,203 - INFO - Pseudo count a                         	1

2024-08-08 22:00:54,203 - INFO - Pseudo count b                         	1.5

2024-08-08 22:00:54,203 - INFO - Score bias                             	0

2024-08-08 22:00:54,203 - INFO - Realign hits                           	false

2024-08-08 22:00:54,203 - INFO - Realign score bias                     	-0.2

2024-08-08 22:00:54,203 - INFO - Realign max seqs                       	2147483647

2024-08-08 22:00:54,203 - INFO - Gap open cost                          	nucl:5,aa:11

2024-08-08 22:00:54,203 - INFO - Gap extension cost                     	nucl:2,aa:1

2024-08-08 22:00:54,203 - INFO - Zdrop                                  	40

2024-08-08 22:00:54,203 - INFO - Threads                                	32

2024-08-08 22:00:54,203 - INFO - Compressed                             	0

2024-08-08 22:00:54,203 - INFO - Verbosity                              	3

2024-08-08 22:00:54,203 - INFO - Seed substitution matrix               	nucl:nucleotide.out,aa:VTML80.out

2024-08-08 22:00:54,204 - INFO - Sensitivity                            	8.5

2024-08-08 22:00:54,204 - INFO - k-mer length                           	0

2024-08-08 22:00:54,204 - INFO - k-score                                	2147483647

2024-08-08 22:00:54,204 - INFO - Alphabet size                          	nucl:5,aa:21

2024-08-08 22:00:54,204 - INFO - Max results per query                  	300

2024-08-08 22:00:54,204 - INFO - Split database                         	0

2024-08-08 22:00:54,204 - INFO - Split mode                             	2

2024-08-08 22:00:54,204 - INFO - Split memory limit                     	0

2024-08-08 22:00:54,204 - INFO - Diagonal scoring                       	true

2024-08-08 22:00:54,204 - INFO - Exact k-mer matching                   	0

2024-08-08 22:00:54,204 - INFO - Mask residues                          	1

2024-08-08 22:00:54,204 - INFO - Mask lower case residues               	0

2024-08-08 22:00:54,204 - INFO - Minimum diagonal score                 	15

2024-08-08 22:00:54,204 - INFO - Spaced k-mers                          	1

2024-08-08 22:00:54,204 - INFO - Spaced k-mer pattern                   	

2024-08-08 22:00:54,204 - INFO - Local temporary path                   	

2024-08-08 22:00:54,204 - INFO - Rescore mode                           	0

2024-08-08 22:00:54,204 - INFO - Remove hits by seq. id. and coverage   	false

2024-08-08 22:00:54,204 - INFO - Sort results                           	0

2024-08-08 22:00:54,204 - INFO - Mask profile                           	1

2024-08-08 22:00:54,204 - INFO - Profile E-value threshold              	0.1

2024-08-08 22:00:54,204 - INFO - Global sequence weighting              	false

2024-08-08 22:00:54,204 - INFO - Allow deletions                        	false

2024-08-08 22:00:54,204 - INFO - Filter MSA                             	1

2024-08-08 22:00:54,204 - INFO - Maximum seq. id. threshold             	0.9

2024-08-08 22:00:54,205 - INFO - Minimum seq. id.                       	0

2024-08-08 22:00:54,205 - INFO - Minimum score per column               	-20

2024-08-08 22:00:54,205 - INFO - Minimum coverage                       	0

2024-08-08 22:00:54,205 - INFO - Select N most diverse seqs             	1000

2024-08-08 22:00:54,205 - INFO - Min codons in orf                      	30

2024-08-08 22:00:54,205 - INFO - Max codons in length                   	32734

2024-08-08 22:00:54,205 - INFO - Max orf gaps                           	2147483647

2024-08-08 22:00:54,205 - INFO - Contig start mode                      	2

2024-08-08 22:00:54,205 - INFO - Contig end mode                        	2

2024-08-08 22:00:54,205 - INFO - Orf start mode                         	1

2024-08-08 22:00:54,205 - INFO - Forward frames                         	1,2,3

2024-08-08 22:00:54,205 - INFO - Reverse frames                         	1,2,3

2024-08-08 22:00:54,205 - INFO - Translation table                      	1

2024-08-08 22:00:54,205 - INFO - Translate orf                          	0

2024-08-08 22:00:54,205 - INFO - Use all table starts                   	false

2024-08-08 22:00:54,205 - INFO - Offset of numeric ids                  	0

2024-08-08 22:00:54,205 - INFO - Create lookup                          	0

2024-08-08 22:00:54,205 - INFO - Add orf stop                           	false

2024-08-08 22:00:54,205 - INFO - Overlap between sequences              	0

2024-08-08 22:00:54,205 - INFO - Sequence split mode                    	1

2024-08-08 22:00:54,205 - INFO - Header split mode                      	0

2024-08-08 22:00:54,205 - INFO - Chain overlapping alignments           	0

2024-08-08 22:00:54,205 - INFO - Merge query                            	1

2024-08-08 22:00:54,205 - INFO - Search type                            	0

2024-08-08 22:00:54,205 - INFO - Search iterations                      	1

2024-08-08 22:00:54,205 - INFO - Start sensitivity                      	4

2024-08-08 22:00:54,206 - INFO - Search steps                           	1

2024-08-08 22:00:54,206 - INFO - Exhaustive search mode                 	false

2024-08-08 22:00:54,206 - INFO - Filter results during exhaustive search	0

2024-08-08 22:00:54,206 - INFO - Strand selection                       	1

2024-08-08 22:00:54,206 - INFO - LCA search mode                        	false

2024-08-08 22:00:54,206 - INFO - Disk space limit                       	0

2024-08-08 22:00:54,206 - INFO - MPI runner                             	

2024-08-08 22:00:54,206 - INFO - Force restart with latest tmp          	false

2024-08-08 22:00:54,206 - INFO - Remove temporary files                 	false

2024-08-08 22:00:54,206 - INFO - 

2024-08-08 22:00:54,376 - INFO - prefilter /data/yangy34/database/pharokka/CARD phage_pharokka/GCA_015343595.1_1214|3-2887/CARD_target_dir/target_seqs phage_pharokka/GCA_015343595.1_1214|3-2887/CARD_tmp_dir//7849979690062319920/pref_0 --sub-mat nucl:nucleotide.out,aa:blosum62.out --seed-sub-mat nucl:nucleotide.out,aa:VTML80.out -k 0 --k-score 2147483647 --alph-size nucl:5,aa:21 --max-seq-len 65535 --max-seqs 300 --split 0 --split-mode 2 --split-memory-limit 0 -c 0.4 --cov-mode 0 --comp-bias-corr 1 --diag-score 1 --exact-kmer-matching 0 --mask 1 --mask-lower-case 0 --min-ungapped-score 15 --add-self-matches 0 --spaced-kmer-mode 1 --db-load-mode 0 --pca 1 --pcb 1.5 --threads 32 --compressed 0 -v 3 -s 8.5 

2024-08-08 22:00:54,376 - INFO - 

2024-08-08 22:00:54,376 - INFO - Query database size: 4641 type: Aminoacid

2024-08-08 22:00:54,376 - INFO - Estimated memory consumption: 977M

2024-08-08 22:00:54,376 - INFO - Target database size: 9 type: Aminoacid

2024-08-08 22:00:54,376 - INFO - Index table k-mer threshold: 87 at k-mer size 6 

2024-08-08 22:00:54,376 - INFO - Index table: counting k-mers

2024-08-08 22:00:54,503 - INFO - [=================================================================] 9 0s 6ms

2024-08-08 22:00:54,503 - INFO - Index table: Masked residues: 14

2024-08-08 22:00:54,503 - INFO - Index table: fill

2024-08-08 22:00:54,984 - INFO - [=================================================================] 9 0s 2ms

2024-08-08 22:00:54,984 - INFO - Index statistics

2024-08-08 22:00:54,984 - INFO - Entries:          823

2024-08-08 22:00:54,984 - INFO - DB size:          488 MB

2024-08-08 22:00:54,984 - INFO - Avg k-mer size:   0.000013

2024-08-08 22:00:54,984 - INFO - Top 10 k-mers

2024-08-08 22:00:54,984 - INFO -     LREIAA	1

2024-08-08 22:00:54,984 - INFO -     FEEMAA	1

2024-08-08 22:00:54,985 - INFO -     EEGVAA	1

2024-08-08 22:00:54,985 - INFO -     IRCRDA	1

2024-08-08 22:00:54,985 - INFO -     IRPRDA	1

2024-08-08 22:00:54,985 - INFO -     ELETDA	1

2024-08-08 22:00:54,985 - INFO -     GEVEEA	1

2024-08-08 22:00:54,985 - INFO -     KKKNEA	1

2024-08-08 22:00:54,985 - INFO -     AAAQEA	1

2024-08-08 22:00:54,985 - INFO -     AFDKFA	1

2024-08-08 22:00:54,985 - INFO - Time for index table init: 0h 0m 0s 438ms

2024-08-08 22:00:54,985 - INFO - Process prefiltering step 1 of 1

2024-08-08 22:00:54,985 - INFO - 

2024-08-08 22:00:54,985 - INFO - k-mer similarity threshold: 87

2024-08-08 22:00:54,985 - INFO - Starting prefiltering scores calculation (step 1 of 1)

2024-08-08 22:00:54,985 - INFO - Query db start 1 to 4641

2024-08-08 22:00:54,985 - INFO - Target db start 1 to 9

2024-08-08 22:01:04,218 - INFO - [=================================================================] 4.64K 9s 263ms

2024-08-08 22:01:04,218 - INFO - 

2024-08-08 22:01:04,218 - INFO - 3883.681631 k-mers per position

2024-08-08 22:01:04,218 - INFO - 16 DB matches per sequence

2024-08-08 22:01:04,218 - INFO - 0 overflows

2024-08-08 22:01:04,218 - INFO - 0 queries produce too many hits (truncated result)

2024-08-08 22:01:04,218 - INFO - 0 sequences passed prefiltering per query sequence

2024-08-08 22:01:04,218 - INFO - 0 median result list length

2024-08-08 22:01:04,218 - INFO - 3484 sequences with 0 size result lists

2024-08-08 22:01:04,218 - INFO - Time for merging to pref_0: 0h 0m 0s 9ms

2024-08-08 22:01:04,218 - INFO - Time for processing: 0h 0m 10s 8ms

2024-08-08 22:01:04,241 - INFO - align /data/yangy34/database/pharokka/CARD phage_pharokka/GCA_015343595.1_1214|3-2887/CARD_target_dir/target_seqs phage_pharokka/GCA_015343595.1_1214|3-2887/CARD_tmp_dir//7849979690062319920/pref_0 phage_pharokka/GCA_015343595.1_1214|3-2887/CARD/results_CARD --sub-mat nucl:nucleotide.out,aa:blosum62.out -a 0 --alignment-mode 2 --alignment-output-mode 0 --wrapped-scoring 0 -e 0.001 --min-seq-id 0.8 --min-aln-len 0 --seq-id-mode 0 --alt-ali 0 -c 0.4 --cov-mode 0 --max-seq-len 65535 --comp-bias-corr 1 --max-rejected 2147483647 --max-accept 2147483647 --add-self-matches 0 --db-load-mode 0 --pca 1 --pcb 1.5 --score-bias 0 --realign 0 --realign-score-bias -0.2 --realign-max-seqs 2147483647 --gap-open nucl:5,aa:11 --gap-extend nucl:2,aa:1 --zdrop 40 --threads 32 --compressed 0 -v 3 

2024-08-08 22:01:04,241 - INFO - 

2024-08-08 22:01:04,241 - INFO - Compute score and coverage

2024-08-08 22:01:04,241 - INFO - Query database size: 4641 type: Aminoacid

2024-08-08 22:01:04,241 - INFO - Target database size: 9 type: Aminoacid

2024-08-08 22:01:04,241 - INFO - Calculation of alignments

2024-08-08 22:01:04,264 - INFO - [=================================================================] 4.64K 0s 13ms

2024-08-08 22:01:04,264 - INFO - Time for merging to results_CARD: 0h 0m 0s 8ms

2024-08-08 22:01:04,264 - INFO - 358 alignments calculated

2024-08-08 22:01:04,264 - INFO - 0 sequence pairs passed the thresholds (0.000000 of overall calculated)

2024-08-08 22:01:04,264 - INFO - 0.000000 hits per query sequence

2024-08-08 22:01:04,264 - INFO - Time for processing: 0h 0m 0s 40ms

2024-08-08 22:01:04,371 - INFO - createtsv /data/yangy34/database/pharokka/CARD phage_pharokka/GCA_015343595.1_1214|3-2887/CARD_target_dir/target_seqs phage_pharokka/GCA_015343595.1_1214|3-2887/CARD/results_CARD phage_pharokka/GCA_015343595.1_1214|3-2887/CARD_results.tsv --full-header --threads 32 

2024-08-08 22:01:04,371 - INFO - 

2024-08-08 22:01:04,371 - INFO - MMseqs Version:                 	13.45111

2024-08-08 22:01:04,371 - INFO - First sequence as representative	false

2024-08-08 22:01:04,371 - INFO - Target column                   	1

2024-08-08 22:01:04,371 - INFO - Add full header                 	true

2024-08-08 22:01:04,371 - INFO - Sequence source                 	0

2024-08-08 22:01:04,371 - INFO - Database output                 	false

2024-08-08 22:01:04,371 - INFO - Threads                         	32

2024-08-08 22:01:04,371 - INFO - Compressed                      	0

2024-08-08 22:01:04,371 - INFO - Verbosity                       	3

2024-08-08 22:01:04,372 - INFO - 

2024-08-08 22:01:04,372 - INFO - Time for merging to CARD_results.tsv: 0h 0m 0s 11ms

2024-08-08 22:01:04,372 - INFO - Time for processing: 0h 0m 0s 100ms

2024-08-08 22:01:04,376 - INFO - Running mmseqs2 on vfdb.
2024-08-08 22:01:04,435 - INFO - createdb phage_pharokka/GCA_015343595.1_1214|3-2887/phanotate_aas_tmp.fasta phage_pharokka/GCA_015343595.1_1214|3-2887/vfdb_target_dir/target_seqs 

2024-08-08 22:01:04,435 - INFO - 

2024-08-08 22:01:04,435 - INFO - MMseqs Version:       	13.45111

2024-08-08 22:01:04,435 - INFO - Database type         	0

2024-08-08 22:01:04,435 - INFO - Shuffle input database	true

2024-08-08 22:01:04,435 - INFO - Createdb mode         	0

2024-08-08 22:01:04,435 - INFO - Write lookup file     	1

2024-08-08 22:01:04,435 - INFO - Offset of numeric ids 	0

2024-08-08 22:01:04,435 - INFO - Compressed            	0

2024-08-08 22:01:04,436 - INFO - Verbosity             	3

2024-08-08 22:01:04,436 - INFO - 

2024-08-08 22:01:04,436 - INFO - Converting sequences

2024-08-08 22:01:04,436 - INFO - [

2024-08-08 22:01:04,436 - INFO - Time for merging to target_seqs_h: 0h 0m 0s 7ms

2024-08-08 22:01:04,436 - INFO - Time for merging to target_seqs: 0h 0m 0s 19ms

2024-08-08 22:01:04,436 - INFO - Database type: Aminoacid

2024-08-08 22:01:04,436 - INFO - Time for processing: 0h 0m 0s 55ms

2024-08-08 22:01:04,443 - INFO - Create directory phage_pharokka/GCA_015343595.1_1214|3-2887/vfdb_tmp_dir/

2024-08-08 22:01:04,443 - INFO - search --min-seq-id 0.8 -c 0.4 /data/yangy34/database/pharokka/vfdb phage_pharokka/GCA_015343595.1_1214|3-2887/vfdb_target_dir/target_seqs phage_pharokka/GCA_015343595.1_1214|3-2887/vfdb/results_vfdb phage_pharokka/GCA_015343595.1_1214|3-2887/vfdb_tmp_dir/ -s 8.5 --threads 32 

2024-08-08 22:01:04,443 - INFO - 

2024-08-08 22:01:04,443 - INFO - MMseqs Version:                        	13.45111

2024-08-08 22:01:04,443 - INFO - Substitution matrix                    	nucl:nucleotide.out,aa:blosum62.out

2024-08-08 22:01:04,443 - INFO - Add backtrace                          	false

2024-08-08 22:01:04,443 - INFO - Alignment mode                         	2

2024-08-08 22:01:04,443 - INFO - Alignment mode                         	0

2024-08-08 22:01:04,443 - INFO - Allow wrapped scoring                  	false

2024-08-08 22:01:04,444 - INFO - E-value threshold                      	0.001

2024-08-08 22:01:04,444 - INFO - Seq. id. threshold                     	0.8

2024-08-08 22:01:04,444 - INFO - Min alignment length                   	0

2024-08-08 22:01:04,444 - INFO - Seq. id. mode                          	0

2024-08-08 22:01:04,444 - INFO - Alternative alignments                 	0

2024-08-08 22:01:04,444 - INFO - Coverage threshold                     	0.4

2024-08-08 22:01:04,444 - INFO - Coverage mode                          	0

2024-08-08 22:01:04,444 - INFO - Max sequence length                    	65535

2024-08-08 22:01:04,444 - INFO - Compositional bias                     	1

2024-08-08 22:01:04,444 - INFO - Max reject                             	2147483647

2024-08-08 22:01:04,444 - INFO - Max accept                             	2147483647

2024-08-08 22:01:04,444 - INFO - Include identical seq. id.             	false

2024-08-08 22:01:04,444 - INFO - Preload mode                           	0

2024-08-08 22:01:04,444 - INFO - Pseudo count a                         	1

2024-08-08 22:01:04,444 - INFO - Pseudo count b                         	1.5

2024-08-08 22:01:04,444 - INFO - Score bias                             	0

2024-08-08 22:01:04,444 - INFO - Realign hits                           	false

2024-08-08 22:01:04,444 - INFO - Realign score bias                     	-0.2

2024-08-08 22:01:04,444 - INFO - Realign max seqs                       	2147483647

2024-08-08 22:01:04,444 - INFO - Gap open cost                          	nucl:5,aa:11

2024-08-08 22:01:04,444 - INFO - Gap extension cost                     	nucl:2,aa:1

2024-08-08 22:01:04,444 - INFO - Zdrop                                  	40

2024-08-08 22:01:04,444 - INFO - Threads                                	32

2024-08-08 22:01:04,444 - INFO - Compressed                             	0

2024-08-08 22:01:04,445 - INFO - Verbosity                              	3

2024-08-08 22:01:04,445 - INFO - Seed substitution matrix               	nucl:nucleotide.out,aa:VTML80.out

2024-08-08 22:01:04,445 - INFO - Sensitivity                            	8.5

2024-08-08 22:01:04,445 - INFO - k-mer length                           	0

2024-08-08 22:01:04,445 - INFO - k-score                                	2147483647

2024-08-08 22:01:04,445 - INFO - Alphabet size                          	nucl:5,aa:21

2024-08-08 22:01:04,445 - INFO - Max results per query                  	300

2024-08-08 22:01:04,445 - INFO - Split database                         	0

2024-08-08 22:01:04,445 - INFO - Split mode                             	2

2024-08-08 22:01:04,445 - INFO - Split memory limit                     	0

2024-08-08 22:01:04,445 - INFO - Diagonal scoring                       	true

2024-08-08 22:01:04,445 - INFO - Exact k-mer matching                   	0

2024-08-08 22:01:04,445 - INFO - Mask residues                          	1

2024-08-08 22:01:04,445 - INFO - Mask lower case residues               	0

2024-08-08 22:01:04,445 - INFO - Minimum diagonal score                 	15

2024-08-08 22:01:04,445 - INFO - Spaced k-mers                          	1

2024-08-08 22:01:04,445 - INFO - Spaced k-mer pattern                   	

2024-08-08 22:01:04,445 - INFO - Local temporary path                   	

2024-08-08 22:01:04,445 - INFO - Rescore mode                           	0

2024-08-08 22:01:04,445 - INFO - Remove hits by seq. id. and coverage   	false

2024-08-08 22:01:04,445 - INFO - Sort results                           	0

2024-08-08 22:01:04,445 - INFO - Mask profile                           	1

2024-08-08 22:01:04,445 - INFO - Profile E-value threshold              	0.1

2024-08-08 22:01:04,445 - INFO - Global sequence weighting              	false

2024-08-08 22:01:04,445 - INFO - Allow deletions                        	false

2024-08-08 22:01:04,445 - INFO - Filter MSA                             	1

2024-08-08 22:01:04,446 - INFO - Maximum seq. id. threshold             	0.9

2024-08-08 22:01:04,446 - INFO - Minimum seq. id.                       	0

2024-08-08 22:01:04,446 - INFO - Minimum score per column               	-20

2024-08-08 22:01:04,446 - INFO - Minimum coverage                       	0

2024-08-08 22:01:04,446 - INFO - Select N most diverse seqs             	1000

2024-08-08 22:01:04,446 - INFO - Min codons in orf                      	30

2024-08-08 22:01:04,446 - INFO - Max codons in length                   	32734

2024-08-08 22:01:04,446 - INFO - Max orf gaps                           	2147483647

2024-08-08 22:01:04,446 - INFO - Contig start mode                      	2

2024-08-08 22:01:04,446 - INFO - Contig end mode                        	2

2024-08-08 22:01:04,446 - INFO - Orf start mode                         	1

2024-08-08 22:01:04,446 - INFO - Forward frames                         	1,2,3

2024-08-08 22:01:04,446 - INFO - Reverse frames                         	1,2,3

2024-08-08 22:01:04,446 - INFO - Translation table                      	1

2024-08-08 22:01:04,446 - INFO - Translate orf                          	0

2024-08-08 22:01:04,446 - INFO - Use all table starts                   	false

2024-08-08 22:01:04,446 - INFO - Offset of numeric ids                  	0

2024-08-08 22:01:04,446 - INFO - Create lookup                          	0

2024-08-08 22:01:04,446 - INFO - Add orf stop                           	false

2024-08-08 22:01:04,446 - INFO - Overlap between sequences              	0

2024-08-08 22:01:04,446 - INFO - Sequence split mode                    	1

2024-08-08 22:01:04,446 - INFO - Header split mode                      	0

2024-08-08 22:01:04,446 - INFO - Chain overlapping alignments           	0

2024-08-08 22:01:04,446 - INFO - Merge query                            	1

2024-08-08 22:01:04,447 - INFO - Search type                            	0

2024-08-08 22:01:04,447 - INFO - Search iterations                      	1

2024-08-08 22:01:04,447 - INFO - Start sensitivity                      	4

2024-08-08 22:01:04,447 - INFO - Search steps                           	1

2024-08-08 22:01:04,447 - INFO - Exhaustive search mode                 	false

2024-08-08 22:01:04,447 - INFO - Filter results during exhaustive search	0

2024-08-08 22:01:04,447 - INFO - Strand selection                       	1

2024-08-08 22:01:04,447 - INFO - LCA search mode                        	false

2024-08-08 22:01:04,447 - INFO - Disk space limit                       	0

2024-08-08 22:01:04,447 - INFO - MPI runner                             	

2024-08-08 22:01:04,447 - INFO - Force restart with latest tmp          	false

2024-08-08 22:01:04,447 - INFO - Remove temporary files                 	false

2024-08-08 22:01:04,447 - INFO - 

2024-08-08 22:01:04,626 - INFO - prefilter /data/yangy34/database/pharokka/vfdb phage_pharokka/GCA_015343595.1_1214|3-2887/vfdb_target_dir/target_seqs phage_pharokka/GCA_015343595.1_1214|3-2887/vfdb_tmp_dir//10180036907772845197/pref_0 --sub-mat nucl:nucleotide.out,aa:blosum62.out --seed-sub-mat nucl:nucleotide.out,aa:VTML80.out -k 0 --k-score 2147483647 --alph-size nucl:5,aa:21 --max-seq-len 65535 --max-seqs 300 --split 0 --split-mode 2 --split-memory-limit 0 -c 0.4 --cov-mode 0 --comp-bias-corr 1 --diag-score 1 --exact-kmer-matching 0 --mask 1 --mask-lower-case 0 --min-ungapped-score 15 --add-self-matches 0 --spaced-kmer-mode 1 --db-load-mode 0 --pca 1 --pcb 1.5 --threads 32 --compressed 0 -v 3 -s 8.5 

2024-08-08 22:01:04,626 - INFO - 

2024-08-08 22:01:04,626 - INFO - Query database size: 27504 type: Aminoacid

2024-08-08 22:01:04,626 - INFO - Estimated memory consumption: 977M

2024-08-08 22:01:04,626 - INFO - Target database size: 9 type: Aminoacid

2024-08-08 22:01:04,626 - INFO - Index table k-mer threshold: 87 at k-mer size 6 

2024-08-08 22:01:04,626 - INFO - Index table: counting k-mers

2024-08-08 22:01:04,797 - INFO - [=================================================================] 9 0s 6ms

2024-08-08 22:01:04,797 - INFO - Index table: Masked residues: 14

2024-08-08 22:01:04,797 - INFO - Index table: fill

2024-08-08 22:01:06,193 - INFO - [=================================================================] 9 0s 0ms

2024-08-08 22:01:06,193 - INFO - Index statistics

2024-08-08 22:01:06,193 - INFO - Entries:          823

2024-08-08 22:01:06,193 - INFO - DB size:          488 MB

2024-08-08 22:01:06,193 - INFO - Avg k-mer size:   0.000013

2024-08-08 22:01:06,193 - INFO - Top 10 k-mers

2024-08-08 22:01:06,193 - INFO -     LREIAA	1

2024-08-08 22:01:06,193 - INFO -     FEEMAA	1

2024-08-08 22:01:06,193 - INFO -     EEGVAA	1

2024-08-08 22:01:06,193 - INFO -     IRCRDA	1

2024-08-08 22:01:06,194 - INFO -     IRPRDA	1

2024-08-08 22:01:06,194 - INFO -     ELETDA	1

2024-08-08 22:01:06,194 - INFO -     GEVEEA	1

2024-08-08 22:01:06,194 - INFO -     KKKNEA	1

2024-08-08 22:01:06,194 - INFO -     AAAQEA	1

2024-08-08 22:01:06,194 - INFO -     AFDKFA	1

2024-08-08 22:01:06,194 - INFO - Time for index table init: 0h 0m 0s 513ms

2024-08-08 22:01:06,194 - INFO - Process prefiltering step 1 of 1

2024-08-08 22:01:06,194 - INFO - 

2024-08-08 22:01:06,194 - INFO - k-mer similarity threshold: 87

2024-08-08 22:01:06,194 - INFO - Starting prefiltering scores calculation (step 1 of 1)

2024-08-08 22:01:06,194 - INFO - Query db start 1 to 27504

2024-08-08 22:01:06,194 - INFO - Target db start 1 to 9

2024-08-08 22:02:13,975 - INFO - [=================================================================] 27.50K 1m 8s 303ms

2024-08-08 22:02:13,975 - INFO - 

2024-08-08 22:02:13,975 - INFO - 3159.764157 k-mers per position

2024-08-08 22:02:13,975 - INFO - 20 DB matches per sequence

2024-08-08 22:02:13,975 - INFO - 0 overflows

2024-08-08 22:02:13,976 - INFO - 0 queries produce too many hits (truncated result)

2024-08-08 22:02:13,976 - INFO - 0 sequences passed prefiltering per query sequence

2024-08-08 22:02:13,976 - INFO - 0 median result list length

2024-08-08 22:02:13,976 - INFO - 18590 sequences with 0 size result lists

2024-08-08 22:02:13,976 - INFO - Time for merging to pref_0: 0h 0m 0s 21ms

2024-08-08 22:02:13,976 - INFO - Time for processing: 0h 1m 9s 524ms

2024-08-08 22:02:14,020 - INFO - align /data/yangy34/database/pharokka/vfdb phage_pharokka/GCA_015343595.1_1214|3-2887/vfdb_target_dir/target_seqs phage_pharokka/GCA_015343595.1_1214|3-2887/vfdb_tmp_dir//10180036907772845197/pref_0 phage_pharokka/GCA_015343595.1_1214|3-2887/vfdb/results_vfdb --sub-mat nucl:nucleotide.out,aa:blosum62.out -a 0 --alignment-mode 2 --alignment-output-mode 0 --wrapped-scoring 0 -e 0.001 --min-seq-id 0.8 --min-aln-len 0 --seq-id-mode 0 --alt-ali 0 -c 0.4 --cov-mode 0 --max-seq-len 65535 --comp-bias-corr 1 --max-rejected 2147483647 --max-accept 2147483647 --add-self-matches 0 --db-load-mode 0 --pca 1 --pcb 1.5 --score-bias 0 --realign 0 --realign-score-bias -0.2 --realign-max-seqs 2147483647 --gap-open nucl:5,aa:11 --gap-extend nucl:2,aa:1 --zdrop 40 --threads 32 --compressed 0 -v 3 

2024-08-08 22:02:14,020 - INFO - 

2024-08-08 22:02:14,021 - INFO - Compute score and coverage

2024-08-08 22:02:14,021 - INFO - Query database size: 27504 type: Aminoacid

2024-08-08 22:02:14,021 - INFO - Target database size: 9 type: Aminoacid

2024-08-08 22:02:14,021 - INFO - Calculation of alignments

2024-08-08 22:02:14,060 - INFO - [=================================================================] 27.50K 0s 18ms

2024-08-08 22:02:14,060 - INFO - Time for merging to results_vfdb: 0h 0m 0s 17ms

2024-08-08 22:02:14,060 - INFO - 1903 alignments calculated

2024-08-08 22:02:14,060 - INFO - 0 sequence pairs passed the thresholds (0.000000 of overall calculated)

2024-08-08 22:02:14,060 - INFO - 0.000000 hits per query sequence

2024-08-08 22:02:14,060 - INFO - Time for processing: 0h 0m 0s 76ms

2024-08-08 22:02:14,276 - INFO - createtsv /data/yangy34/database/pharokka/vfdb phage_pharokka/GCA_015343595.1_1214|3-2887/vfdb_target_dir/target_seqs phage_pharokka/GCA_015343595.1_1214|3-2887/vfdb/results_vfdb phage_pharokka/GCA_015343595.1_1214|3-2887/vfdb_results.tsv --full-header --threads 32 

2024-08-08 22:02:14,276 - INFO - 

2024-08-08 22:02:14,276 - INFO - MMseqs Version:                 	13.45111

2024-08-08 22:02:14,276 - INFO - First sequence as representative	false

2024-08-08 22:02:14,276 - INFO - Target column                   	1

2024-08-08 22:02:14,276 - INFO - Add full header                 	true

2024-08-08 22:02:14,276 - INFO - Sequence source                 	0

2024-08-08 22:02:14,276 - INFO - Database output                 	false

2024-08-08 22:02:14,276 - INFO - Threads                         	32

2024-08-08 22:02:14,276 - INFO - Compressed                      	0

2024-08-08 22:02:14,276 - INFO - Verbosity                       	3

2024-08-08 22:02:14,276 - INFO - 

2024-08-08 22:02:14,276 - INFO - Time for merging to vfdb_results.tsv: 0h 0m 0s 23ms

2024-08-08 22:02:14,276 - INFO - Time for processing: 0h 0m 0s 208ms

2024-08-08 22:02:14,290 - INFO - Post Processing Output.
2024-08-08 22:02:14,701 - INFO - Converting gff to genbank.
2024-08-08 22:02:14,723 - WARNING - /gpfs/gsfs12/users/yangy34/softwares/mambaforge/envs/pharokka-env/lib/python3.10/site-packages/Bio/SeqIO/InsdcIO.py:728: BiopythonWarning: Increasing length of locus line to allow long name. This will result in fields that are not in usual positions.
  warnings.warn(

2024-08-08 22:02:14,743 - INFO - Finding the closest match for each contig in INPHARED using mash.
2024-08-08 22:02:14,782 - INFO - Sketching GCA_015343595.1_53_phages/GCA_015343595.1_1214_3_2887_prophage.fasta...

2024-08-08 22:02:14,784 - INFO - Writing to phage_pharokka/GCA_015343595.1_1214|3-2887/input_mash_sketch.msh...

2024-08-08 22:02:16,274 - INFO - pharokka has finished
2024-08-08 22:02:16,274 - INFO - Elapsed time: 157.65 seconds
2024-08-08 22:02:16,274 - INFO - If you use pharokka in your research, please cite:
2024-08-08 22:02:16,274 - INFO - George Bouras, Roshan Nepal, Ghais Houtak, Alkis James Psaltis, Peter-John Wormald, Sarah Vreugde.
2024-08-08 22:02:16,274 - INFO - Pharokka: a fast scalable bacteriophage annotation tool.
2024-08-08 22:02:16,274 - INFO - Bioinformatics, Volume 39, Issue 1, January 2023, btac776.
2024-08-08 22:02:16,275 - INFO - https://doi.org/10.1093/bioinformatics/btac776.
2024-08-08 22:02:16,275 - INFO - You should also cite the full list of tools pharokka uses, which can be found at https://github.com/gbouras13/pharokka#citation.
