2024-08-08 21:28:42,078 - INFO - Starting pharokka v1.3.2
2024-08-08 21:28:42,078 - INFO - Input args: Namespace(infile='GCA_015343595.1_53_phages/GCA_015343595.1_1033_2_2789_prophage.fasta', outdir='phage_pharokka/GCA_015343595.1_1033|2-2789', database='/data/yangy34/database/pharokka', threads='32', force=False, prefix='Default', locustag='Default', gene_predictor='phanotate', meta=False, split=False, coding_table='11', evalue='1E-05', terminase=False, terminase_strand='nothing', terminase_start='nothing', citation=False)
2024-08-08 21:28:42,078 - INFO - Checking database installation.
2024-08-08 21:28:42,102 - INFO - All databases have been successfully checked.
2024-08-08 21:28:42,102 - INFO - Checking dependencies.
2024-08-08 21:28:43,286 - INFO - phan_out version found is v1.5.1.
2024-08-08 21:28:43,286 - INFO - Phanotate version is ok.
2024-08-08 21:28:43,323 - INFO - MMseqs2 version found is v13.45111.
2024-08-08 21:28:43,323 - INFO - MMseqs2 version is ok.
2024-08-08 21:28:44,271 - INFO - tRNAscan-SE version found is v2.45111.11.
2024-08-08 21:28:44,271 - INFO - tRNAscan-SE version is ok.
2024-08-08 21:28:44,844 - INFO - MinCED version found is v0.4.2.
2024-08-08 21:28:44,844 - INFO - MinCED version is ok.
2024-08-08 21:28:44,861 - INFO - ARAGORN version found is v1.2.41.
2024-08-08 21:28:44,861 - INFO - ARAGORN version is ok.
2024-08-08 21:28:44,912 - INFO - mash version found is v2.2.
2024-08-08 21:28:44,913 - INFO - mash version is ok.
2024-08-08 21:28:45,134 - INFO - Running Phanotate.
2024-08-08 21:28:46,958 - INFO - Translating gene predicted fastas.
2024-08-08 21:28:46,985 - INFO - Starting tRNA-scanSE
2024-08-08 21:28:47,123 - INFO - 

2024-08-08 21:28:47,123 - INFO - tRNAscan-SE v.2.0.11 (Oct 2022) - scan sequences for transfer RNAs

2024-08-08 21:28:47,123 - INFO - Copyright (C) 2022 Patricia Chan and Todd Lowe

2024-08-08 21:28:47,123 - INFO -                    University of California Santa Cruz

2024-08-08 21:28:47,123 - INFO - Freely distributed under the GNU General Public License (GPLv3)

2024-08-08 21:28:47,124 - INFO - 

2024-08-08 21:28:47,124 - INFO - ------------------------------------------------------------

2024-08-08 21:28:47,124 - INFO - Sequence file(s) to search:        GCA_015343595.1_53_phages/GCA_015343595.1_1033_2_2789_prophage.fasta

2024-08-08 21:28:47,124 - INFO - Search Mode:                       General

2024-08-08 21:28:47,124 - INFO - Results written to:                Standard output

2024-08-08 21:28:47,124 - INFO - Output format:                     Tabular

2024-08-08 21:28:47,124 - INFO - Searching with:                    Infernal single-pass scan

2024-08-08 21:28:47,124 - INFO -                                    Fast mode

2024-08-08 21:28:47,124 - INFO - Covariance model:                  /gpfs/gsfs12/users/yangy34/softwares/mambaforge/envs/pharokka-env/lib/tRNAscan-SE/models/TRNAinf.cm

2024-08-08 21:28:47,124 - INFO - 

2024-08-08 21:28:47,124 - INFO - Temporary directory:               /tmp

2024-08-08 21:28:47,124 - INFO - tRNA predictions saved to:         phage_pharokka/GCA_015343595.1_1033|2-2789/trnascan_out.gff

2024-08-08 21:28:47,124 - INFO - ------------------------------------------------------------

2024-08-08 21:28:47,124 - INFO - 

2024-08-08 21:28:47,245 - INFO - No tRNAs found.

2024-08-08 21:28:47,245 - INFO - 

2024-08-08 21:28:47,258 - INFO - Running MinCED.
2024-08-08 21:28:47,403 - INFO - Running Aragorn.
2024-08-08 21:28:47,408 - INFO - Starting MMseqs2.
2024-08-08 21:28:47,408 - INFO - Running MMseqs2 on PHROGs Database.
2024-08-08 21:28:48,060 - INFO - createdb phage_pharokka/GCA_015343595.1_1033|2-2789/phanotate_aas_tmp.fasta phage_pharokka/GCA_015343595.1_1033|2-2789/target_dir/target_seqs 

2024-08-08 21:28:48,061 - INFO - 

2024-08-08 21:28:48,061 - INFO - MMseqs Version:       	13.45111

2024-08-08 21:28:48,061 - INFO - Database type         	0

2024-08-08 21:28:48,061 - INFO - Shuffle input database	true

2024-08-08 21:28:48,062 - INFO - Createdb mode         	0

2024-08-08 21:28:48,062 - INFO - Write lookup file     	1

2024-08-08 21:28:48,062 - INFO - Offset of numeric ids 	0

2024-08-08 21:28:48,062 - INFO - Compressed            	0

2024-08-08 21:28:48,062 - INFO - Verbosity             	3

2024-08-08 21:28:48,062 - INFO - 

2024-08-08 21:28:48,062 - INFO - Converting sequences

2024-08-08 21:28:48,062 - INFO - [

2024-08-08 21:28:48,062 - INFO - Time for merging to target_seqs_h: 0h 0m 0s 21ms

2024-08-08 21:28:48,062 - INFO - Time for merging to target_seqs: 0h 0m 0s 19ms

2024-08-08 21:28:48,062 - INFO - Database type: Aminoacid

2024-08-08 21:28:48,062 - INFO - Time for processing: 0h 0m 0s 647ms

2024-08-08 21:28:48,072 - INFO - Create directory phage_pharokka/GCA_015343595.1_1033|2-2789/tmp_dir/

2024-08-08 21:28:48,072 - INFO - search -e 1E-05 /data/yangy34/database/pharokka/phrogs_profile_db phage_pharokka/GCA_015343595.1_1033|2-2789/target_dir/target_seqs phage_pharokka/GCA_015343595.1_1033|2-2789/mmseqs/results_mmseqs phage_pharokka/GCA_015343595.1_1033|2-2789/tmp_dir/ -s 8.5 --threads 32 

2024-08-08 21:28:48,072 - INFO - 

2024-08-08 21:28:48,072 - INFO - MMseqs Version:                        	13.45111

2024-08-08 21:28:48,072 - INFO - Substitution matrix                    	nucl:nucleotide.out,aa:blosum62.out

2024-08-08 21:28:48,072 - INFO - Add backtrace                          	false

2024-08-08 21:28:48,072 - INFO - Alignment mode                         	2

2024-08-08 21:28:48,072 - INFO - Alignment mode                         	0

2024-08-08 21:28:48,072 - INFO - Allow wrapped scoring                  	false

2024-08-08 21:28:48,073 - INFO - E-value threshold                      	1e-05

2024-08-08 21:28:48,073 - INFO - Seq. id. threshold                     	0

2024-08-08 21:28:48,073 - INFO - Min alignment length                   	0

2024-08-08 21:28:48,073 - INFO - Seq. id. mode                          	0

2024-08-08 21:28:48,073 - INFO - Alternative alignments                 	0

2024-08-08 21:28:48,073 - INFO - Coverage threshold                     	0

2024-08-08 21:28:48,073 - INFO - Coverage mode                          	0

2024-08-08 21:28:48,073 - INFO - Max sequence length                    	65535

2024-08-08 21:28:48,073 - INFO - Compositional bias                     	1

2024-08-08 21:28:48,073 - INFO - Max reject                             	2147483647

2024-08-08 21:28:48,073 - INFO - Max accept                             	2147483647

2024-08-08 21:28:48,073 - INFO - Include identical seq. id.             	false

2024-08-08 21:28:48,073 - INFO - Preload mode                           	0

2024-08-08 21:28:48,073 - INFO - Pseudo count a                         	1

2024-08-08 21:28:48,073 - INFO - Pseudo count b                         	1.5

2024-08-08 21:28:48,073 - INFO - Score bias                             	0

2024-08-08 21:28:48,073 - INFO - Realign hits                           	false

2024-08-08 21:28:48,073 - INFO - Realign score bias                     	-0.2

2024-08-08 21:28:48,073 - INFO - Realign max seqs                       	2147483647

2024-08-08 21:28:48,073 - INFO - Gap open cost                          	nucl:5,aa:11

2024-08-08 21:28:48,073 - INFO - Gap extension cost                     	nucl:2,aa:1

2024-08-08 21:28:48,073 - INFO - Zdrop                                  	40

2024-08-08 21:28:48,073 - INFO - Threads                                	32

2024-08-08 21:28:48,073 - INFO - Compressed                             	0

2024-08-08 21:28:48,073 - INFO - Verbosity                              	3

2024-08-08 21:28:48,074 - INFO - Seed substitution matrix               	nucl:nucleotide.out,aa:VTML80.out

2024-08-08 21:28:48,074 - INFO - Sensitivity                            	8.5

2024-08-08 21:28:48,074 - INFO - k-mer length                           	0

2024-08-08 21:28:48,074 - INFO - k-score                                	2147483647

2024-08-08 21:28:48,074 - INFO - Alphabet size                          	nucl:5,aa:21

2024-08-08 21:28:48,074 - INFO - Max results per query                  	300

2024-08-08 21:28:48,074 - INFO - Split database                         	0

2024-08-08 21:28:48,074 - INFO - Split mode                             	2

2024-08-08 21:28:48,074 - INFO - Split memory limit                     	0

2024-08-08 21:28:48,074 - INFO - Diagonal scoring                       	true

2024-08-08 21:28:48,074 - INFO - Exact k-mer matching                   	0

2024-08-08 21:28:48,074 - INFO - Mask residues                          	1

2024-08-08 21:28:48,074 - INFO - Mask lower case residues               	0

2024-08-08 21:28:48,074 - INFO - Minimum diagonal score                 	15

2024-08-08 21:28:48,074 - INFO - Spaced k-mers                          	1

2024-08-08 21:28:48,074 - INFO - Spaced k-mer pattern                   	

2024-08-08 21:28:48,074 - INFO - Local temporary path                   	

2024-08-08 21:28:48,074 - INFO - Rescore mode                           	0

2024-08-08 21:28:48,074 - INFO - Remove hits by seq. id. and coverage   	false

2024-08-08 21:28:48,074 - INFO - Sort results                           	0

2024-08-08 21:28:48,074 - INFO - Mask profile                           	1

2024-08-08 21:28:48,074 - INFO - Profile E-value threshold              	0.1

2024-08-08 21:28:48,074 - INFO - Global sequence weighting              	false

2024-08-08 21:28:48,074 - INFO - Allow deletions                        	false

2024-08-08 21:28:48,074 - INFO - Filter MSA                             	1

2024-08-08 21:28:48,075 - INFO - Maximum seq. id. threshold             	0.9

2024-08-08 21:28:48,075 - INFO - Minimum seq. id.                       	0

2024-08-08 21:28:48,075 - INFO - Minimum score per column               	-20

2024-08-08 21:28:48,075 - INFO - Minimum coverage                       	0

2024-08-08 21:28:48,075 - INFO - Select N most diverse seqs             	1000

2024-08-08 21:28:48,075 - INFO - Min codons in orf                      	30

2024-08-08 21:28:48,075 - INFO - Max codons in length                   	32734

2024-08-08 21:28:48,075 - INFO - Max orf gaps                           	2147483647

2024-08-08 21:28:48,075 - INFO - Contig start mode                      	2

2024-08-08 21:28:48,075 - INFO - Contig end mode                        	2

2024-08-08 21:28:48,075 - INFO - Orf start mode                         	1

2024-08-08 21:28:48,075 - INFO - Forward frames                         	1,2,3

2024-08-08 21:28:48,075 - INFO - Reverse frames                         	1,2,3

2024-08-08 21:28:48,075 - INFO - Translation table                      	1

2024-08-08 21:28:48,075 - INFO - Translate orf                          	0

2024-08-08 21:28:48,075 - INFO - Use all table starts                   	false

2024-08-08 21:28:48,075 - INFO - Offset of numeric ids                  	0

2024-08-08 21:28:48,075 - INFO - Create lookup                          	0

2024-08-08 21:28:48,075 - INFO - Add orf stop                           	false

2024-08-08 21:28:48,075 - INFO - Overlap between sequences              	0

2024-08-08 21:28:48,075 - INFO - Sequence split mode                    	1

2024-08-08 21:28:48,075 - INFO - Header split mode                      	0

2024-08-08 21:28:48,075 - INFO - Chain overlapping alignments           	0

2024-08-08 21:28:48,075 - INFO - Merge query                            	1

2024-08-08 21:28:48,075 - INFO - Search type                            	0

2024-08-08 21:28:48,075 - INFO - Search iterations                      	1

2024-08-08 21:28:48,076 - INFO - Start sensitivity                      	4

2024-08-08 21:28:48,076 - INFO - Search steps                           	1

2024-08-08 21:28:48,076 - INFO - Exhaustive search mode                 	false

2024-08-08 21:28:48,076 - INFO - Filter results during exhaustive search	0

2024-08-08 21:28:48,076 - INFO - Strand selection                       	1

2024-08-08 21:28:48,076 - INFO - LCA search mode                        	false

2024-08-08 21:28:48,076 - INFO - Disk space limit                       	0

2024-08-08 21:28:48,076 - INFO - MPI runner                             	

2024-08-08 21:28:48,076 - INFO - Force restart with latest tmp          	false

2024-08-08 21:28:48,076 - INFO - Remove temporary files                 	false

2024-08-08 21:28:48,076 - INFO - 

2024-08-08 21:28:48,286 - INFO - prefilter /data/yangy34/database/pharokka/phrogs_profile_db phage_pharokka/GCA_015343595.1_1033|2-2789/target_dir/target_seqs phage_pharokka/GCA_015343595.1_1033|2-2789/tmp_dir//2103032697762066963/pref_0 --sub-mat nucl:nucleotide.out,aa:blosum62.out --seed-sub-mat nucl:nucleotide.out,aa:VTML80.out -k 0 --k-score 2147483647 --alph-size nucl:5,aa:21 --max-seq-len 65535 --max-seqs 300 --split 0 --split-mode 2 --split-memory-limit 0 -c 0 --cov-mode 0 --comp-bias-corr 1 --diag-score 1 --exact-kmer-matching 0 --mask 1 --mask-lower-case 0 --min-ungapped-score 15 --add-self-matches 0 --spaced-kmer-mode 1 --db-load-mode 0 --pca 1 --pcb 1.5 --threads 32 --compressed 0 -v 3 -s 8.5 

2024-08-08 21:28:48,287 - INFO - 

2024-08-08 21:28:48,287 - INFO - Query database size: 38880 type: Profile

2024-08-08 21:28:48,287 - INFO - Estimated memory consumption: 488M

2024-08-08 21:28:48,287 - INFO - Target database size: 3 type: Aminoacid

2024-08-08 21:28:48,287 - INFO - Index table k-mer threshold: 0 at k-mer size 6 

2024-08-08 21:28:48,287 - INFO - Index table: counting k-mers

2024-08-08 21:28:48,411 - INFO - [=================================================================] 3 0s 2ms

2024-08-08 21:28:48,411 - INFO - Index table: Masked residues: 0

2024-08-08 21:28:48,411 - INFO - Index table: fill

2024-08-08 21:28:49,631 - INFO - [=================================================================] 3 0s 0ms

2024-08-08 21:28:49,631 - INFO - Index statistics

2024-08-08 21:28:49,631 - INFO - Entries:          902

2024-08-08 21:28:49,631 - INFO - DB size:          488 MB

2024-08-08 21:28:49,631 - INFO - Avg k-mer size:   0.000014

2024-08-08 21:28:49,631 - INFO - Top 10 k-mers

2024-08-08 21:28:49,632 - INFO -     EGLAAA	1

2024-08-08 21:28:49,632 - INFO -     GSMAAA	1

2024-08-08 21:28:49,632 - INFO -     SDMEAA	1

2024-08-08 21:28:49,632 - INFO -     KRPLAA	1

2024-08-08 21:28:49,632 - INFO -     PGGSCA	1

2024-08-08 21:28:49,632 - INFO -     VKTLDA	1

2024-08-08 21:28:49,632 - INFO -     DSGPDA	1

2024-08-08 21:28:49,632 - INFO -     FGASDA	1

2024-08-08 21:28:49,632 - INFO -     VDRIEA	1

2024-08-08 21:28:49,632 - INFO -     MSPKEA	1

2024-08-08 21:28:49,632 - INFO - Time for index table init: 0h 0m 0s 427ms

2024-08-08 21:28:49,632 - INFO - Process prefiltering step 1 of 1

2024-08-08 21:28:49,632 - INFO - 

2024-08-08 21:28:49,632 - INFO - k-mer similarity threshold: 81

2024-08-08 21:28:49,632 - INFO - Starting prefiltering scores calculation (step 1 of 1)

2024-08-08 21:28:49,632 - INFO - Query db start 1 to 38880

2024-08-08 21:28:49,632 - INFO - Target db start 1 to 3

2024-08-08 21:29:57,143 - INFO - [=================================================================] 38.88K 1m 8s 361ms

2024-08-08 21:29:57,143 - INFO - 

2024-08-08 21:29:57,143 - INFO - 5386.328443 k-mers per position

2024-08-08 21:29:57,143 - INFO - 12 DB matches per sequence

2024-08-08 21:29:57,143 - INFO - 0 overflows

2024-08-08 21:29:57,143 - INFO - 0 queries produce too many hits (truncated result)

2024-08-08 21:29:57,143 - INFO - 0 sequences passed prefiltering per query sequence

2024-08-08 21:29:57,143 - INFO - 0 median result list length

2024-08-08 21:29:57,143 - INFO - 29546 sequences with 0 size result lists

2024-08-08 21:29:57,143 - INFO - Time for merging to pref_0: 0h 0m 0s 23ms

2024-08-08 21:29:57,143 - INFO - Time for processing: 0h 1m 9s 62ms

2024-08-08 21:29:57,243 - INFO - align /data/yangy34/database/pharokka/phrogs_profile_db phage_pharokka/GCA_015343595.1_1033|2-2789/target_dir/target_seqs phage_pharokka/GCA_015343595.1_1033|2-2789/tmp_dir//2103032697762066963/pref_0 phage_pharokka/GCA_015343595.1_1033|2-2789/mmseqs/results_mmseqs --sub-mat nucl:nucleotide.out,aa:blosum62.out -a 0 --alignment-mode 2 --alignment-output-mode 0 --wrapped-scoring 0 -e 1e-05 --min-seq-id 0 --min-aln-len 0 --seq-id-mode 0 --alt-ali 0 -c 0 --cov-mode 0 --max-seq-len 65535 --comp-bias-corr 1 --max-rejected 2147483647 --max-accept 2147483647 --add-self-matches 0 --db-load-mode 0 --pca 1 --pcb 1.5 --score-bias 0 --realign 0 --realign-score-bias -0.2 --realign-max-seqs 2147483647 --gap-open nucl:5,aa:11 --gap-extend nucl:2,aa:1 --zdrop 40 --threads 32 --compressed 0 -v 3 

2024-08-08 21:29:57,244 - INFO - 

2024-08-08 21:29:57,244 - INFO - Compute score and coverage

2024-08-08 21:29:57,244 - INFO - Query database size: 38880 type: Profile

2024-08-08 21:29:57,244 - INFO - Target database size: 3 type: Aminoacid

2024-08-08 21:29:57,244 - INFO - Calculation of alignments

2024-08-08 21:29:57,547 - INFO - [=================================================================] 38.88K 0s 298ms

2024-08-08 21:29:57,548 - INFO - Time for merging to results_mmseqs: 0h 0m 0s 21ms

2024-08-08 21:29:57,548 - INFO - 10787 alignments calculated

2024-08-08 21:29:57,548 - INFO - 9 sequence pairs passed the thresholds (0.000834 of overall calculated)

2024-08-08 21:29:57,548 - INFO - 0.000231 hits per query sequence

2024-08-08 21:29:57,548 - INFO - Time for processing: 0h 0m 0s 398ms

2024-08-08 21:29:57,683 - INFO - createtsv /data/yangy34/database/pharokka/phrogs_profile_db phage_pharokka/GCA_015343595.1_1033|2-2789/target_dir/target_seqs phage_pharokka/GCA_015343595.1_1033|2-2789/mmseqs/results_mmseqs phage_pharokka/GCA_015343595.1_1033|2-2789/mmseqs_results.tsv --full-header --threads 32 

2024-08-08 21:29:57,683 - INFO - 

2024-08-08 21:29:57,683 - INFO - MMseqs Version:                 	13.45111

2024-08-08 21:29:57,683 - INFO - First sequence as representative	false

2024-08-08 21:29:57,683 - INFO - Target column                   	1

2024-08-08 21:29:57,683 - INFO - Add full header                 	true

2024-08-08 21:29:57,683 - INFO - Sequence source                 	0

2024-08-08 21:29:57,683 - INFO - Database output                 	false

2024-08-08 21:29:57,683 - INFO - Threads                         	32

2024-08-08 21:29:57,683 - INFO - Compressed                      	0

2024-08-08 21:29:57,683 - INFO - Verbosity                       	3

2024-08-08 21:29:57,683 - INFO - 

2024-08-08 21:29:57,684 - INFO - Time for merging to mmseqs_results.tsv: 0h 0m 0s 27ms

2024-08-08 21:29:57,684 - INFO - Time for processing: 0h 0m 0s 126ms

2024-08-08 21:29:57,707 - INFO - Running mmseqs2 on CARD.
2024-08-08 21:29:57,869 - INFO - createdb phage_pharokka/GCA_015343595.1_1033|2-2789/phanotate_aas_tmp.fasta phage_pharokka/GCA_015343595.1_1033|2-2789/CARD_target_dir/target_seqs 

2024-08-08 21:29:57,869 - INFO - 

2024-08-08 21:29:57,869 - INFO - MMseqs Version:       	13.45111

2024-08-08 21:29:57,869 - INFO - Database type         	0

2024-08-08 21:29:57,869 - INFO - Shuffle input database	true

2024-08-08 21:29:57,869 - INFO - Createdb mode         	0

2024-08-08 21:29:57,869 - INFO - Write lookup file     	1

2024-08-08 21:29:57,869 - INFO - Offset of numeric ids 	0

2024-08-08 21:29:57,869 - INFO - Compressed            	0

2024-08-08 21:29:57,869 - INFO - Verbosity             	3

2024-08-08 21:29:57,869 - INFO - 

2024-08-08 21:29:57,869 - INFO - Converting sequences

2024-08-08 21:29:57,869 - INFO - [

2024-08-08 21:29:57,869 - INFO - Time for merging to target_seqs_h: 0h 0m 0s 8ms

2024-08-08 21:29:57,869 - INFO - Time for merging to target_seqs: 0h 0m 0s 21ms

2024-08-08 21:29:57,870 - INFO - Database type: Aminoacid

2024-08-08 21:29:57,870 - INFO - Time for processing: 0h 0m 0s 156ms

2024-08-08 21:29:57,877 - INFO - Create directory phage_pharokka/GCA_015343595.1_1033|2-2789/CARD_tmp_dir/

2024-08-08 21:29:57,877 - INFO - search --min-seq-id 0.8 -c 0.4 /data/yangy34/database/pharokka/CARD phage_pharokka/GCA_015343595.1_1033|2-2789/CARD_target_dir/target_seqs phage_pharokka/GCA_015343595.1_1033|2-2789/CARD/results_CARD phage_pharokka/GCA_015343595.1_1033|2-2789/CARD_tmp_dir/ -s 8.5 --threads 32 

2024-08-08 21:29:57,877 - INFO - 

2024-08-08 21:29:57,877 - INFO - MMseqs Version:                        	13.45111

2024-08-08 21:29:57,877 - INFO - Substitution matrix                    	nucl:nucleotide.out,aa:blosum62.out

2024-08-08 21:29:57,877 - INFO - Add backtrace                          	false

2024-08-08 21:29:57,877 - INFO - Alignment mode                         	2

2024-08-08 21:29:57,877 - INFO - Alignment mode                         	0

2024-08-08 21:29:57,877 - INFO - Allow wrapped scoring                  	false

2024-08-08 21:29:57,877 - INFO - E-value threshold                      	0.001

2024-08-08 21:29:57,877 - INFO - Seq. id. threshold                     	0.8

2024-08-08 21:29:57,877 - INFO - Min alignment length                   	0

2024-08-08 21:29:57,877 - INFO - Seq. id. mode                          	0

2024-08-08 21:29:57,877 - INFO - Alternative alignments                 	0

2024-08-08 21:29:57,877 - INFO - Coverage threshold                     	0.4

2024-08-08 21:29:57,877 - INFO - Coverage mode                          	0

2024-08-08 21:29:57,877 - INFO - Max sequence length                    	65535

2024-08-08 21:29:57,877 - INFO - Compositional bias                     	1

2024-08-08 21:29:57,877 - INFO - Max reject                             	2147483647

2024-08-08 21:29:57,877 - INFO - Max accept                             	2147483647

2024-08-08 21:29:57,877 - INFO - Include identical seq. id.             	false

2024-08-08 21:29:57,878 - INFO - Preload mode                           	0

2024-08-08 21:29:57,878 - INFO - Pseudo count a                         	1

2024-08-08 21:29:57,878 - INFO - Pseudo count b                         	1.5

2024-08-08 21:29:57,878 - INFO - Score bias                             	0

2024-08-08 21:29:57,878 - INFO - Realign hits                           	false

2024-08-08 21:29:57,878 - INFO - Realign score bias                     	-0.2

2024-08-08 21:29:57,878 - INFO - Realign max seqs                       	2147483647

2024-08-08 21:29:57,878 - INFO - Gap open cost                          	nucl:5,aa:11

2024-08-08 21:29:57,878 - INFO - Gap extension cost                     	nucl:2,aa:1

2024-08-08 21:29:57,878 - INFO - Zdrop                                  	40

2024-08-08 21:29:57,878 - INFO - Threads                                	32

2024-08-08 21:29:57,878 - INFO - Compressed                             	0

2024-08-08 21:29:57,878 - INFO - Verbosity                              	3

2024-08-08 21:29:57,878 - INFO - Seed substitution matrix               	nucl:nucleotide.out,aa:VTML80.out

2024-08-08 21:29:57,878 - INFO - Sensitivity                            	8.5

2024-08-08 21:29:57,878 - INFO - k-mer length                           	0

2024-08-08 21:29:57,878 - INFO - k-score                                	2147483647

2024-08-08 21:29:57,878 - INFO - Alphabet size                          	nucl:5,aa:21

2024-08-08 21:29:57,878 - INFO - Max results per query                  	300

2024-08-08 21:29:57,878 - INFO - Split database                         	0

2024-08-08 21:29:57,878 - INFO - Split mode                             	2

2024-08-08 21:29:57,878 - INFO - Split memory limit                     	0

2024-08-08 21:29:57,878 - INFO - Diagonal scoring                       	true

2024-08-08 21:29:57,878 - INFO - Exact k-mer matching                   	0

2024-08-08 21:29:57,878 - INFO - Mask residues                          	1

2024-08-08 21:29:57,879 - INFO - Mask lower case residues               	0

2024-08-08 21:29:57,879 - INFO - Minimum diagonal score                 	15

2024-08-08 21:29:57,879 - INFO - Spaced k-mers                          	1

2024-08-08 21:29:57,879 - INFO - Spaced k-mer pattern                   	

2024-08-08 21:29:57,879 - INFO - Local temporary path                   	

2024-08-08 21:29:57,879 - INFO - Rescore mode                           	0

2024-08-08 21:29:57,879 - INFO - Remove hits by seq. id. and coverage   	false

2024-08-08 21:29:57,879 - INFO - Sort results                           	0

2024-08-08 21:29:57,879 - INFO - Mask profile                           	1

2024-08-08 21:29:57,879 - INFO - Profile E-value threshold              	0.1

2024-08-08 21:29:57,879 - INFO - Global sequence weighting              	false

2024-08-08 21:29:57,879 - INFO - Allow deletions                        	false

2024-08-08 21:29:57,879 - INFO - Filter MSA                             	1

2024-08-08 21:29:57,879 - INFO - Maximum seq. id. threshold             	0.9

2024-08-08 21:29:57,879 - INFO - Minimum seq. id.                       	0

2024-08-08 21:29:57,879 - INFO - Minimum score per column               	-20

2024-08-08 21:29:57,879 - INFO - Minimum coverage                       	0

2024-08-08 21:29:57,879 - INFO - Select N most diverse seqs             	1000

2024-08-08 21:29:57,879 - INFO - Min codons in orf                      	30

2024-08-08 21:29:57,879 - INFO - Max codons in length                   	32734

2024-08-08 21:29:57,879 - INFO - Max orf gaps                           	2147483647

2024-08-08 21:29:57,879 - INFO - Contig start mode                      	2

2024-08-08 21:29:57,879 - INFO - Contig end mode                        	2

2024-08-08 21:29:57,879 - INFO - Orf start mode                         	1

2024-08-08 21:29:57,879 - INFO - Forward frames                         	1,2,3

2024-08-08 21:29:57,879 - INFO - Reverse frames                         	1,2,3

2024-08-08 21:29:57,880 - INFO - Translation table                      	1

2024-08-08 21:29:57,880 - INFO - Translate orf                          	0

2024-08-08 21:29:57,880 - INFO - Use all table starts                   	false

2024-08-08 21:29:57,880 - INFO - Offset of numeric ids                  	0

2024-08-08 21:29:57,880 - INFO - Create lookup                          	0

2024-08-08 21:29:57,880 - INFO - Add orf stop                           	false

2024-08-08 21:29:57,880 - INFO - Overlap between sequences              	0

2024-08-08 21:29:57,880 - INFO - Sequence split mode                    	1

2024-08-08 21:29:57,880 - INFO - Header split mode                      	0

2024-08-08 21:29:57,880 - INFO - Chain overlapping alignments           	0

2024-08-08 21:29:57,880 - INFO - Merge query                            	1

2024-08-08 21:29:57,880 - INFO - Search type                            	0

2024-08-08 21:29:57,880 - INFO - Search iterations                      	1

2024-08-08 21:29:57,880 - INFO - Start sensitivity                      	4

2024-08-08 21:29:57,880 - INFO - Search steps                           	1

2024-08-08 21:29:57,880 - INFO - Exhaustive search mode                 	false

2024-08-08 21:29:57,880 - INFO - Filter results during exhaustive search	0

2024-08-08 21:29:57,880 - INFO - Strand selection                       	1

2024-08-08 21:29:57,880 - INFO - LCA search mode                        	false

2024-08-08 21:29:57,880 - INFO - Disk space limit                       	0

2024-08-08 21:29:57,880 - INFO - MPI runner                             	

2024-08-08 21:29:57,880 - INFO - Force restart with latest tmp          	false

2024-08-08 21:29:57,880 - INFO - Remove temporary files                 	false

2024-08-08 21:29:57,880 - INFO - 

2024-08-08 21:29:58,042 - INFO - prefilter /data/yangy34/database/pharokka/CARD phage_pharokka/GCA_015343595.1_1033|2-2789/CARD_target_dir/target_seqs phage_pharokka/GCA_015343595.1_1033|2-2789/CARD_tmp_dir//2886135532963318328/pref_0 --sub-mat nucl:nucleotide.out,aa:blosum62.out --seed-sub-mat nucl:nucleotide.out,aa:VTML80.out -k 0 --k-score 2147483647 --alph-size nucl:5,aa:21 --max-seq-len 65535 --max-seqs 300 --split 0 --split-mode 2 --split-memory-limit 0 -c 0.4 --cov-mode 0 --comp-bias-corr 1 --diag-score 1 --exact-kmer-matching 0 --mask 1 --mask-lower-case 0 --min-ungapped-score 15 --add-self-matches 0 --spaced-kmer-mode 1 --db-load-mode 0 --pca 1 --pcb 1.5 --threads 32 --compressed 0 -v 3 -s 8.5 

2024-08-08 21:29:58,042 - INFO - 

2024-08-08 21:29:58,042 - INFO - Query database size: 4641 type: Aminoacid

2024-08-08 21:29:58,042 - INFO - Estimated memory consumption: 977M

2024-08-08 21:29:58,042 - INFO - Target database size: 3 type: Aminoacid

2024-08-08 21:29:58,042 - INFO - Index table k-mer threshold: 87 at k-mer size 6 

2024-08-08 21:29:58,042 - INFO - Index table: counting k-mers

2024-08-08 21:29:58,170 - INFO - [=================================================================] 3 0s 3ms

2024-08-08 21:29:58,170 - INFO - Index table: Masked residues: 0

2024-08-08 21:29:58,170 - INFO - Index table: fill

2024-08-08 21:29:58,690 - INFO - [=================================================================] 3 0s 2ms

2024-08-08 21:29:58,690 - INFO - Index statistics

2024-08-08 21:29:58,690 - INFO - Entries:          902

2024-08-08 21:29:58,690 - INFO - DB size:          488 MB

2024-08-08 21:29:58,690 - INFO - Avg k-mer size:   0.000014

2024-08-08 21:29:58,690 - INFO - Top 10 k-mers

2024-08-08 21:29:58,690 - INFO -     EGLAAA	1

2024-08-08 21:29:58,690 - INFO -     GSMAAA	1

2024-08-08 21:29:58,690 - INFO -     SDMEAA	1

2024-08-08 21:29:58,691 - INFO -     KRPLAA	1

2024-08-08 21:29:58,691 - INFO -     PGGSCA	1

2024-08-08 21:29:58,691 - INFO -     VKTLDA	1

2024-08-08 21:29:58,691 - INFO -     DSGPDA	1

2024-08-08 21:29:58,691 - INFO -     FGASDA	1

2024-08-08 21:29:58,691 - INFO -     VDRIEA	1

2024-08-08 21:29:58,691 - INFO -     MSPKEA	1

2024-08-08 21:29:58,691 - INFO - Time for index table init: 0h 0m 0s 438ms

2024-08-08 21:29:58,691 - INFO - Process prefiltering step 1 of 1

2024-08-08 21:29:58,691 - INFO - 

2024-08-08 21:29:58,691 - INFO - k-mer similarity threshold: 87

2024-08-08 21:29:58,691 - INFO - Starting prefiltering scores calculation (step 1 of 1)

2024-08-08 21:29:58,691 - INFO - Query db start 1 to 4641

2024-08-08 21:29:58,691 - INFO - Target db start 1 to 3

2024-08-08 21:30:08,795 - INFO - [=================================================================] 4.64K 10s 160ms

2024-08-08 21:30:08,795 - INFO - 

2024-08-08 21:30:08,795 - INFO - 3883.681631 k-mers per position

2024-08-08 21:30:08,795 - INFO - 19 DB matches per sequence

2024-08-08 21:30:08,795 - INFO - 0 overflows

2024-08-08 21:30:08,795 - INFO - 0 queries produce too many hits (truncated result)

2024-08-08 21:30:08,795 - INFO - 0 sequences passed prefiltering per query sequence

2024-08-08 21:30:08,795 - INFO - 0 median result list length

2024-08-08 21:30:08,795 - INFO - 2949 sequences with 0 size result lists

2024-08-08 21:30:08,795 - INFO - Time for merging to pref_0: 0h 0m 0s 10ms

2024-08-08 21:30:08,795 - INFO - Time for processing: 0h 0m 10s 910ms

2024-08-08 21:30:08,818 - INFO - align /data/yangy34/database/pharokka/CARD phage_pharokka/GCA_015343595.1_1033|2-2789/CARD_target_dir/target_seqs phage_pharokka/GCA_015343595.1_1033|2-2789/CARD_tmp_dir//2886135532963318328/pref_0 phage_pharokka/GCA_015343595.1_1033|2-2789/CARD/results_CARD --sub-mat nucl:nucleotide.out,aa:blosum62.out -a 0 --alignment-mode 2 --alignment-output-mode 0 --wrapped-scoring 0 -e 0.001 --min-seq-id 0.8 --min-aln-len 0 --seq-id-mode 0 --alt-ali 0 -c 0.4 --cov-mode 0 --max-seq-len 65535 --comp-bias-corr 1 --max-rejected 2147483647 --max-accept 2147483647 --add-self-matches 0 --db-load-mode 0 --pca 1 --pcb 1.5 --score-bias 0 --realign 0 --realign-score-bias -0.2 --realign-max-seqs 2147483647 --gap-open nucl:5,aa:11 --gap-extend nucl:2,aa:1 --zdrop 40 --threads 32 --compressed 0 -v 3 

2024-08-08 21:30:08,818 - INFO - 

2024-08-08 21:30:08,818 - INFO - Compute score and coverage

2024-08-08 21:30:08,819 - INFO - Query database size: 4641 type: Aminoacid

2024-08-08 21:30:08,819 - INFO - Target database size: 3 type: Aminoacid

2024-08-08 21:30:08,819 - INFO - Calculation of alignments

2024-08-08 21:30:08,848 - INFO - [=================================================================] 4.64K 0s 19ms

2024-08-08 21:30:08,848 - INFO - Time for merging to results_CARD: 0h 0m 0s 9ms

2024-08-08 21:30:08,848 - INFO - 1794 alignments calculated

2024-08-08 21:30:08,849 - INFO - 0 sequence pairs passed the thresholds (0.000000 of overall calculated)

2024-08-08 21:30:08,849 - INFO - 0.000000 hits per query sequence

2024-08-08 21:30:08,849 - INFO - Time for processing: 0h 0m 0s 46ms

2024-08-08 21:30:08,948 - INFO - createtsv /data/yangy34/database/pharokka/CARD phage_pharokka/GCA_015343595.1_1033|2-2789/CARD_target_dir/target_seqs phage_pharokka/GCA_015343595.1_1033|2-2789/CARD/results_CARD phage_pharokka/GCA_015343595.1_1033|2-2789/CARD_results.tsv --full-header --threads 32 

2024-08-08 21:30:08,949 - INFO - 

2024-08-08 21:30:08,949 - INFO - MMseqs Version:                 	13.45111

2024-08-08 21:30:08,949 - INFO - First sequence as representative	false

2024-08-08 21:30:08,949 - INFO - Target column                   	1

2024-08-08 21:30:08,949 - INFO - Add full header                 	true

2024-08-08 21:30:08,949 - INFO - Sequence source                 	0

2024-08-08 21:30:08,949 - INFO - Database output                 	false

2024-08-08 21:30:08,949 - INFO - Threads                         	32

2024-08-08 21:30:08,949 - INFO - Compressed                      	0

2024-08-08 21:30:08,949 - INFO - Verbosity                       	3

2024-08-08 21:30:08,949 - INFO - 

2024-08-08 21:30:08,949 - INFO - Time for merging to CARD_results.tsv: 0h 0m 0s 13ms

2024-08-08 21:30:08,949 - INFO - Time for processing: 0h 0m 0s 93ms

2024-08-08 21:30:08,952 - INFO - Running mmseqs2 on vfdb.
2024-08-08 21:30:09,172 - INFO - createdb phage_pharokka/GCA_015343595.1_1033|2-2789/phanotate_aas_tmp.fasta phage_pharokka/GCA_015343595.1_1033|2-2789/vfdb_target_dir/target_seqs 

2024-08-08 21:30:09,172 - INFO - 

2024-08-08 21:30:09,172 - INFO - MMseqs Version:       	13.45111

2024-08-08 21:30:09,172 - INFO - Database type         	0

2024-08-08 21:30:09,172 - INFO - Shuffle input database	true

2024-08-08 21:30:09,172 - INFO - Createdb mode         	0

2024-08-08 21:30:09,173 - INFO - Write lookup file     	1

2024-08-08 21:30:09,173 - INFO - Offset of numeric ids 	0

2024-08-08 21:30:09,173 - INFO - Compressed            	0

2024-08-08 21:30:09,173 - INFO - Verbosity             	3

2024-08-08 21:30:09,173 - INFO - 

2024-08-08 21:30:09,173 - INFO - Converting sequences

2024-08-08 21:30:09,173 - INFO - [

2024-08-08 21:30:09,173 - INFO - Time for merging to target_seqs_h: 0h 0m 0s 6ms

2024-08-08 21:30:09,173 - INFO - Time for merging to target_seqs: 0h 0m 0s 18ms

2024-08-08 21:30:09,173 - INFO - Database type: Aminoacid

2024-08-08 21:30:09,173 - INFO - Time for processing: 0h 0m 0s 215ms

2024-08-08 21:30:09,183 - INFO - Create directory phage_pharokka/GCA_015343595.1_1033|2-2789/vfdb_tmp_dir/

2024-08-08 21:30:09,183 - INFO - search --min-seq-id 0.8 -c 0.4 /data/yangy34/database/pharokka/vfdb phage_pharokka/GCA_015343595.1_1033|2-2789/vfdb_target_dir/target_seqs phage_pharokka/GCA_015343595.1_1033|2-2789/vfdb/results_vfdb phage_pharokka/GCA_015343595.1_1033|2-2789/vfdb_tmp_dir/ -s 8.5 --threads 32 

2024-08-08 21:30:09,183 - INFO - 

2024-08-08 21:30:09,183 - INFO - MMseqs Version:                        	13.45111

2024-08-08 21:30:09,183 - INFO - Substitution matrix                    	nucl:nucleotide.out,aa:blosum62.out

2024-08-08 21:30:09,183 - INFO - Add backtrace                          	false

2024-08-08 21:30:09,183 - INFO - Alignment mode                         	2

2024-08-08 21:30:09,183 - INFO - Alignment mode                         	0

2024-08-08 21:30:09,183 - INFO - Allow wrapped scoring                  	false

2024-08-08 21:30:09,183 - INFO - E-value threshold                      	0.001

2024-08-08 21:30:09,183 - INFO - Seq. id. threshold                     	0.8

2024-08-08 21:30:09,183 - INFO - Min alignment length                   	0

2024-08-08 21:30:09,183 - INFO - Seq. id. mode                          	0

2024-08-08 21:30:09,183 - INFO - Alternative alignments                 	0

2024-08-08 21:30:09,183 - INFO - Coverage threshold                     	0.4

2024-08-08 21:30:09,183 - INFO - Coverage mode                          	0

2024-08-08 21:30:09,183 - INFO - Max sequence length                    	65535

2024-08-08 21:30:09,183 - INFO - Compositional bias                     	1

2024-08-08 21:30:09,183 - INFO - Max reject                             	2147483647

2024-08-08 21:30:09,183 - INFO - Max accept                             	2147483647

2024-08-08 21:30:09,183 - INFO - Include identical seq. id.             	false

2024-08-08 21:30:09,183 - INFO - Preload mode                           	0

2024-08-08 21:30:09,183 - INFO - Pseudo count a                         	1

2024-08-08 21:30:09,184 - INFO - Pseudo count b                         	1.5

2024-08-08 21:30:09,184 - INFO - Score bias                             	0

2024-08-08 21:30:09,184 - INFO - Realign hits                           	false

2024-08-08 21:30:09,184 - INFO - Realign score bias                     	-0.2

2024-08-08 21:30:09,184 - INFO - Realign max seqs                       	2147483647

2024-08-08 21:30:09,184 - INFO - Gap open cost                          	nucl:5,aa:11

2024-08-08 21:30:09,184 - INFO - Gap extension cost                     	nucl:2,aa:1

2024-08-08 21:30:09,184 - INFO - Zdrop                                  	40

2024-08-08 21:30:09,184 - INFO - Threads                                	32

2024-08-08 21:30:09,184 - INFO - Compressed                             	0

2024-08-08 21:30:09,184 - INFO - Verbosity                              	3

2024-08-08 21:30:09,184 - INFO - Seed substitution matrix               	nucl:nucleotide.out,aa:VTML80.out

2024-08-08 21:30:09,184 - INFO - Sensitivity                            	8.5

2024-08-08 21:30:09,184 - INFO - k-mer length                           	0

2024-08-08 21:30:09,184 - INFO - k-score                                	2147483647

2024-08-08 21:30:09,184 - INFO - Alphabet size                          	nucl:5,aa:21

2024-08-08 21:30:09,184 - INFO - Max results per query                  	300

2024-08-08 21:30:09,184 - INFO - Split database                         	0

2024-08-08 21:30:09,184 - INFO - Split mode                             	2

2024-08-08 21:30:09,184 - INFO - Split memory limit                     	0

2024-08-08 21:30:09,184 - INFO - Diagonal scoring                       	true

2024-08-08 21:30:09,184 - INFO - Exact k-mer matching                   	0

2024-08-08 21:30:09,184 - INFO - Mask residues                          	1

2024-08-08 21:30:09,184 - INFO - Mask lower case residues               	0

2024-08-08 21:30:09,184 - INFO - Minimum diagonal score                 	15

2024-08-08 21:30:09,184 - INFO - Spaced k-mers                          	1

2024-08-08 21:30:09,185 - INFO - Spaced k-mer pattern                   	

2024-08-08 21:30:09,185 - INFO - Local temporary path                   	

2024-08-08 21:30:09,185 - INFO - Rescore mode                           	0

2024-08-08 21:30:09,185 - INFO - Remove hits by seq. id. and coverage   	false

2024-08-08 21:30:09,185 - INFO - Sort results                           	0

2024-08-08 21:30:09,185 - INFO - Mask profile                           	1

2024-08-08 21:30:09,185 - INFO - Profile E-value threshold              	0.1

2024-08-08 21:30:09,185 - INFO - Global sequence weighting              	false

2024-08-08 21:30:09,185 - INFO - Allow deletions                        	false

2024-08-08 21:30:09,185 - INFO - Filter MSA                             	1

2024-08-08 21:30:09,185 - INFO - Maximum seq. id. threshold             	0.9

2024-08-08 21:30:09,185 - INFO - Minimum seq. id.                       	0

2024-08-08 21:30:09,185 - INFO - Minimum score per column               	-20

2024-08-08 21:30:09,185 - INFO - Minimum coverage                       	0

2024-08-08 21:30:09,185 - INFO - Select N most diverse seqs             	1000

2024-08-08 21:30:09,185 - INFO - Min codons in orf                      	30

2024-08-08 21:30:09,185 - INFO - Max codons in length                   	32734

2024-08-08 21:30:09,185 - INFO - Max orf gaps                           	2147483647

2024-08-08 21:30:09,185 - INFO - Contig start mode                      	2

2024-08-08 21:30:09,185 - INFO - Contig end mode                        	2

2024-08-08 21:30:09,185 - INFO - Orf start mode                         	1

2024-08-08 21:30:09,185 - INFO - Forward frames                         	1,2,3

2024-08-08 21:30:09,185 - INFO - Reverse frames                         	1,2,3

2024-08-08 21:30:09,185 - INFO - Translation table                      	1

2024-08-08 21:30:09,185 - INFO - Translate orf                          	0

2024-08-08 21:30:09,185 - INFO - Use all table starts                   	false

2024-08-08 21:30:09,185 - INFO - Offset of numeric ids                  	0

2024-08-08 21:30:09,186 - INFO - Create lookup                          	0

2024-08-08 21:30:09,186 - INFO - Add orf stop                           	false

2024-08-08 21:30:09,186 - INFO - Overlap between sequences              	0

2024-08-08 21:30:09,186 - INFO - Sequence split mode                    	1

2024-08-08 21:30:09,186 - INFO - Header split mode                      	0

2024-08-08 21:30:09,186 - INFO - Chain overlapping alignments           	0

2024-08-08 21:30:09,186 - INFO - Merge query                            	1

2024-08-08 21:30:09,186 - INFO - Search type                            	0

2024-08-08 21:30:09,186 - INFO - Search iterations                      	1

2024-08-08 21:30:09,186 - INFO - Start sensitivity                      	4

2024-08-08 21:30:09,186 - INFO - Search steps                           	1

2024-08-08 21:30:09,186 - INFO - Exhaustive search mode                 	false

2024-08-08 21:30:09,186 - INFO - Filter results during exhaustive search	0

2024-08-08 21:30:09,186 - INFO - Strand selection                       	1

2024-08-08 21:30:09,186 - INFO - LCA search mode                        	false

2024-08-08 21:30:09,186 - INFO - Disk space limit                       	0

2024-08-08 21:30:09,186 - INFO - MPI runner                             	

2024-08-08 21:30:09,186 - INFO - Force restart with latest tmp          	false

2024-08-08 21:30:09,186 - INFO - Remove temporary files                 	false

2024-08-08 21:30:09,186 - INFO - 

2024-08-08 21:30:09,363 - INFO - prefilter /data/yangy34/database/pharokka/vfdb phage_pharokka/GCA_015343595.1_1033|2-2789/vfdb_target_dir/target_seqs phage_pharokka/GCA_015343595.1_1033|2-2789/vfdb_tmp_dir//6776396687001419767/pref_0 --sub-mat nucl:nucleotide.out,aa:blosum62.out --seed-sub-mat nucl:nucleotide.out,aa:VTML80.out -k 0 --k-score 2147483647 --alph-size nucl:5,aa:21 --max-seq-len 65535 --max-seqs 300 --split 0 --split-mode 2 --split-memory-limit 0 -c 0.4 --cov-mode 0 --comp-bias-corr 1 --diag-score 1 --exact-kmer-matching 0 --mask 1 --mask-lower-case 0 --min-ungapped-score 15 --add-self-matches 0 --spaced-kmer-mode 1 --db-load-mode 0 --pca 1 --pcb 1.5 --threads 32 --compressed 0 -v 3 -s 8.5 

2024-08-08 21:30:09,363 - INFO - 

2024-08-08 21:30:09,363 - INFO - Query database size: 27504 type: Aminoacid

2024-08-08 21:30:09,363 - INFO - Estimated memory consumption: 977M

2024-08-08 21:30:09,363 - INFO - Target database size: 3 type: Aminoacid

2024-08-08 21:30:09,363 - INFO - Index table k-mer threshold: 87 at k-mer size 6 

2024-08-08 21:30:09,363 - INFO - Index table: counting k-mers

2024-08-08 21:30:09,490 - INFO - [=================================================================] 3 0s 3ms

2024-08-08 21:30:09,491 - INFO - Index table: Masked residues: 0

2024-08-08 21:30:09,491 - INFO - Index table: fill

2024-08-08 21:30:10,997 - INFO - [=================================================================] 3 0s 1ms

2024-08-08 21:30:10,997 - INFO - Index statistics

2024-08-08 21:30:10,997 - INFO - Entries:          902

2024-08-08 21:30:10,997 - INFO - DB size:          488 MB

2024-08-08 21:30:10,997 - INFO - Avg k-mer size:   0.000014

2024-08-08 21:30:10,997 - INFO - Top 10 k-mers

2024-08-08 21:30:10,997 - INFO -     EGLAAA	1

2024-08-08 21:30:10,997 - INFO -     GSMAAA	1

2024-08-08 21:30:10,997 - INFO -     SDMEAA	1

2024-08-08 21:30:10,997 - INFO -     KRPLAA	1

2024-08-08 21:30:10,997 - INFO -     PGGSCA	1

2024-08-08 21:30:10,997 - INFO -     VKTLDA	1

2024-08-08 21:30:10,998 - INFO -     DSGPDA	1

2024-08-08 21:30:10,998 - INFO -     FGASDA	1

2024-08-08 21:30:10,998 - INFO -     VDRIEA	1

2024-08-08 21:30:10,998 - INFO -     MSPKEA	1

2024-08-08 21:30:10,998 - INFO - Time for index table init: 0h 0m 0s 440ms

2024-08-08 21:30:10,998 - INFO - Process prefiltering step 1 of 1

2024-08-08 21:30:10,998 - INFO - 

2024-08-08 21:30:10,998 - INFO - k-mer similarity threshold: 87

2024-08-08 21:30:10,998 - INFO - Starting prefiltering scores calculation (step 1 of 1)

2024-08-08 21:30:10,998 - INFO - Query db start 1 to 27504

2024-08-08 21:30:10,998 - INFO - Target db start 1 to 3

2024-08-08 21:31:28,970 - INFO - [=================================================================] 27.50K 1m 18s 628ms

2024-08-08 21:31:28,971 - INFO - 

2024-08-08 21:31:28,971 - INFO - 3159.764157 k-mers per position

2024-08-08 21:31:28,971 - INFO - 24 DB matches per sequence

2024-08-08 21:31:28,971 - INFO - 0 overflows

2024-08-08 21:31:28,971 - INFO - 0 queries produce too many hits (truncated result)

2024-08-08 21:31:28,971 - INFO - 0 sequences passed prefiltering per query sequence

2024-08-08 21:31:28,971 - INFO - 0 median result list length

2024-08-08 21:31:28,971 - INFO - 17904 sequences with 0 size result lists

2024-08-08 21:31:28,971 - INFO - Time for merging to pref_0: 0h 0m 0s 19ms

2024-08-08 21:31:28,971 - INFO - Time for processing: 0h 1m 19s 779ms

2024-08-08 21:31:29,022 - INFO - align /data/yangy34/database/pharokka/vfdb phage_pharokka/GCA_015343595.1_1033|2-2789/vfdb_target_dir/target_seqs phage_pharokka/GCA_015343595.1_1033|2-2789/vfdb_tmp_dir//6776396687001419767/pref_0 phage_pharokka/GCA_015343595.1_1033|2-2789/vfdb/results_vfdb --sub-mat nucl:nucleotide.out,aa:blosum62.out -a 0 --alignment-mode 2 --alignment-output-mode 0 --wrapped-scoring 0 -e 0.001 --min-seq-id 0.8 --min-aln-len 0 --seq-id-mode 0 --alt-ali 0 -c 0.4 --cov-mode 0 --max-seq-len 65535 --comp-bias-corr 1 --max-rejected 2147483647 --max-accept 2147483647 --add-self-matches 0 --db-load-mode 0 --pca 1 --pcb 1.5 --score-bias 0 --realign 0 --realign-score-bias -0.2 --realign-max-seqs 2147483647 --gap-open nucl:5,aa:11 --gap-extend nucl:2,aa:1 --zdrop 40 --threads 32 --compressed 0 -v 3 

2024-08-08 21:31:29,022 - INFO - 

2024-08-08 21:31:29,022 - INFO - Compute score and coverage

2024-08-08 21:31:29,022 - INFO - Query database size: 27504 type: Aminoacid

2024-08-08 21:31:29,022 - INFO - Target database size: 3 type: Aminoacid

2024-08-08 21:31:29,022 - INFO - Calculation of alignments

2024-08-08 21:31:29,119 - INFO - [=================================================================] 27.50K 0s 75ms

2024-08-08 21:31:29,119 - INFO - Time for merging to results_vfdb: 0h 0m 0s 18ms

2024-08-08 21:31:29,120 - INFO - 8395 alignments calculated

2024-08-08 21:31:29,120 - INFO - 0 sequence pairs passed the thresholds (0.000000 of overall calculated)

2024-08-08 21:31:29,120 - INFO - 0.000000 hits per query sequence

2024-08-08 21:31:29,120 - INFO - Time for processing: 0h 0m 0s 140ms

2024-08-08 21:31:29,314 - INFO - createtsv /data/yangy34/database/pharokka/vfdb phage_pharokka/GCA_015343595.1_1033|2-2789/vfdb_target_dir/target_seqs phage_pharokka/GCA_015343595.1_1033|2-2789/vfdb/results_vfdb phage_pharokka/GCA_015343595.1_1033|2-2789/vfdb_results.tsv --full-header --threads 32 

2024-08-08 21:31:29,314 - INFO - 

2024-08-08 21:31:29,314 - INFO - MMseqs Version:                 	13.45111

2024-08-08 21:31:29,314 - INFO - First sequence as representative	false

2024-08-08 21:31:29,314 - INFO - Target column                   	1

2024-08-08 21:31:29,314 - INFO - Add full header                 	true

2024-08-08 21:31:29,315 - INFO - Sequence source                 	0

2024-08-08 21:31:29,315 - INFO - Database output                 	false

2024-08-08 21:31:29,315 - INFO - Threads                         	32

2024-08-08 21:31:29,315 - INFO - Compressed                      	0

2024-08-08 21:31:29,315 - INFO - Verbosity                       	3

2024-08-08 21:31:29,315 - INFO - 

2024-08-08 21:31:29,315 - INFO - Time for merging to vfdb_results.tsv: 0h 0m 0s 23ms

2024-08-08 21:31:29,315 - INFO - Time for processing: 0h 0m 0s 187ms

2024-08-08 21:31:29,339 - INFO - Post Processing Output.
2024-08-08 21:31:29,687 - INFO - Converting gff to genbank.
2024-08-08 21:31:29,714 - WARNING - /gpfs/gsfs12/users/yangy34/softwares/mambaforge/envs/pharokka-env/lib/python3.10/site-packages/Bio/SeqIO/InsdcIO.py:728: BiopythonWarning: Increasing length of locus line to allow long name. This will result in fields that are not in usual positions.
  warnings.warn(

2024-08-08 21:31:29,728 - INFO - Terminase large subunit found.
2024-08-08 21:31:29,729 - INFO - Finding the closest match for each contig in INPHARED using mash.
2024-08-08 21:31:29,767 - INFO - Sketching GCA_015343595.1_53_phages/GCA_015343595.1_1033_2_2789_prophage.fasta...

2024-08-08 21:31:29,769 - INFO - Writing to phage_pharokka/GCA_015343595.1_1033|2-2789/input_mash_sketch.msh...

2024-08-08 21:31:31,302 - INFO - pharokka has finished
2024-08-08 21:31:31,302 - INFO - Elapsed time: 169.24 seconds
2024-08-08 21:31:31,302 - INFO - If you use pharokka in your research, please cite:
2024-08-08 21:31:31,302 - INFO - George Bouras, Roshan Nepal, Ghais Houtak, Alkis James Psaltis, Peter-John Wormald, Sarah Vreugde.
2024-08-08 21:31:31,302 - INFO - Pharokka: a fast scalable bacteriophage annotation tool.
2024-08-08 21:31:31,302 - INFO - Bioinformatics, Volume 39, Issue 1, January 2023, btac776.
2024-08-08 21:31:31,302 - INFO - https://doi.org/10.1093/bioinformatics/btac776.
2024-08-08 21:31:31,302 - INFO - You should also cite the full list of tools pharokka uses, which can be found at https://github.com/gbouras13/pharokka#citation.
