2024-08-08 21:56:25,559 - INFO - Starting pharokka v1.3.2
2024-08-08 21:56:25,559 - INFO - Input args: Namespace(infile='GCA_015343595.1_53_phages/GCA_015343595.1_1366_2_1261_prophage.fasta', outdir='phage_pharokka/GCA_015343595.1_1366|2-1261', database='/data/yangy34/database/pharokka', threads='32', force=False, prefix='Default', locustag='Default', gene_predictor='phanotate', meta=False, split=False, coding_table='11', evalue='1E-05', terminase=False, terminase_strand='nothing', terminase_start='nothing', citation=False)
2024-08-08 21:56:25,559 - INFO - Checking database installation.
2024-08-08 21:56:25,589 - INFO - All databases have been successfully checked.
2024-08-08 21:56:25,589 - INFO - Checking dependencies.
2024-08-08 21:56:26,622 - INFO - phan_out version found is v1.5.1.
2024-08-08 21:56:26,622 - INFO - Phanotate version is ok.
2024-08-08 21:56:26,682 - INFO - MMseqs2 version found is v13.45111.
2024-08-08 21:56:26,682 - INFO - MMseqs2 version is ok.
2024-08-08 21:56:27,576 - INFO - tRNAscan-SE version found is v2.45111.11.
2024-08-08 21:56:27,576 - INFO - tRNAscan-SE version is ok.
2024-08-08 21:56:28,173 - INFO - MinCED version found is v0.4.2.
2024-08-08 21:56:28,174 - INFO - MinCED version is ok.
2024-08-08 21:56:28,209 - INFO - ARAGORN version found is v1.2.41.
2024-08-08 21:56:28,209 - INFO - ARAGORN version is ok.
2024-08-08 21:56:28,297 - INFO - mash version found is v2.2.
2024-08-08 21:56:28,297 - INFO - mash version is ok.
2024-08-08 21:56:28,563 - INFO - Running Phanotate.
2024-08-08 21:56:29,954 - INFO - Translating gene predicted fastas.
2024-08-08 21:56:29,983 - INFO - Starting tRNA-scanSE
2024-08-08 21:56:30,128 - INFO - 

2024-08-08 21:56:30,129 - INFO - tRNAscan-SE v.2.0.11 (Oct 2022) - scan sequences for transfer RNAs

2024-08-08 21:56:30,129 - INFO - Copyright (C) 2022 Patricia Chan and Todd Lowe

2024-08-08 21:56:30,129 - INFO -                    University of California Santa Cruz

2024-08-08 21:56:30,129 - INFO - Freely distributed under the GNU General Public License (GPLv3)

2024-08-08 21:56:30,129 - INFO - 

2024-08-08 21:56:30,129 - INFO - ------------------------------------------------------------

2024-08-08 21:56:30,129 - INFO - Sequence file(s) to search:        GCA_015343595.1_53_phages/GCA_015343595.1_1366_2_1261_prophage.fasta

2024-08-08 21:56:30,129 - INFO - Search Mode:                       General

2024-08-08 21:56:30,129 - INFO - Results written to:                Standard output

2024-08-08 21:56:30,129 - INFO - Output format:                     Tabular

2024-08-08 21:56:30,129 - INFO - Searching with:                    Infernal single-pass scan

2024-08-08 21:56:30,129 - INFO -                                    Fast mode

2024-08-08 21:56:30,129 - INFO - Covariance model:                  /gpfs/gsfs12/users/yangy34/softwares/mambaforge/envs/pharokka-env/lib/tRNAscan-SE/models/TRNAinf.cm

2024-08-08 21:56:30,129 - INFO - 

2024-08-08 21:56:30,129 - INFO - Temporary directory:               /tmp

2024-08-08 21:56:30,129 - INFO - tRNA predictions saved to:         phage_pharokka/GCA_015343595.1_1366|2-1261/trnascan_out.gff

2024-08-08 21:56:30,129 - INFO - ------------------------------------------------------------

2024-08-08 21:56:30,129 - INFO - 

2024-08-08 21:56:30,244 - INFO - No tRNAs found.

2024-08-08 21:56:30,244 - INFO - 

2024-08-08 21:56:30,257 - INFO - Running MinCED.
2024-08-08 21:56:30,446 - INFO - Running Aragorn.
2024-08-08 21:56:30,449 - INFO - Starting MMseqs2.
2024-08-08 21:56:30,449 - INFO - Running MMseqs2 on PHROGs Database.
2024-08-08 21:56:30,547 - INFO - createdb phage_pharokka/GCA_015343595.1_1366|2-1261/phanotate_aas_tmp.fasta phage_pharokka/GCA_015343595.1_1366|2-1261/target_dir/target_seqs 

2024-08-08 21:56:30,547 - INFO - 

2024-08-08 21:56:30,547 - INFO - MMseqs Version:       	13.45111

2024-08-08 21:56:30,547 - INFO - Database type         	0

2024-08-08 21:56:30,547 - INFO - Shuffle input database	true

2024-08-08 21:56:30,548 - INFO - Createdb mode         	0

2024-08-08 21:56:30,548 - INFO - Write lookup file     	1

2024-08-08 21:56:30,548 - INFO - Offset of numeric ids 	0

2024-08-08 21:56:30,548 - INFO - Compressed            	0

2024-08-08 21:56:30,548 - INFO - Verbosity             	3

2024-08-08 21:56:30,549 - INFO - 

2024-08-08 21:56:30,549 - INFO - Converting sequences

2024-08-08 21:56:30,549 - INFO - [

2024-08-08 21:56:30,549 - INFO - Time for merging to target_seqs_h: 0h 0m 0s 22ms

2024-08-08 21:56:30,549 - INFO - Time for merging to target_seqs: 0h 0m 0s 23ms

2024-08-08 21:56:30,549 - INFO - Database type: Aminoacid

2024-08-08 21:56:30,549 - INFO - Time for processing: 0h 0m 0s 90ms

2024-08-08 21:56:30,558 - INFO - Create directory phage_pharokka/GCA_015343595.1_1366|2-1261/tmp_dir/

2024-08-08 21:56:30,558 - INFO - search -e 1E-05 /data/yangy34/database/pharokka/phrogs_profile_db phage_pharokka/GCA_015343595.1_1366|2-1261/target_dir/target_seqs phage_pharokka/GCA_015343595.1_1366|2-1261/mmseqs/results_mmseqs phage_pharokka/GCA_015343595.1_1366|2-1261/tmp_dir/ -s 8.5 --threads 32 

2024-08-08 21:56:30,558 - INFO - 

2024-08-08 21:56:30,558 - INFO - MMseqs Version:                        	13.45111

2024-08-08 21:56:30,558 - INFO - Substitution matrix                    	nucl:nucleotide.out,aa:blosum62.out

2024-08-08 21:56:30,558 - INFO - Add backtrace                          	false

2024-08-08 21:56:30,558 - INFO - Alignment mode                         	2

2024-08-08 21:56:30,558 - INFO - Alignment mode                         	0

2024-08-08 21:56:30,558 - INFO - Allow wrapped scoring                  	false

2024-08-08 21:56:30,558 - INFO - E-value threshold                      	1e-05

2024-08-08 21:56:30,558 - INFO - Seq. id. threshold                     	0

2024-08-08 21:56:30,558 - INFO - Min alignment length                   	0

2024-08-08 21:56:30,558 - INFO - Seq. id. mode                          	0

2024-08-08 21:56:30,558 - INFO - Alternative alignments                 	0

2024-08-08 21:56:30,558 - INFO - Coverage threshold                     	0

2024-08-08 21:56:30,558 - INFO - Coverage mode                          	0

2024-08-08 21:56:30,559 - INFO - Max sequence length                    	65535

2024-08-08 21:56:30,559 - INFO - Compositional bias                     	1

2024-08-08 21:56:30,559 - INFO - Max reject                             	2147483647

2024-08-08 21:56:30,559 - INFO - Max accept                             	2147483647

2024-08-08 21:56:30,559 - INFO - Include identical seq. id.             	false

2024-08-08 21:56:30,559 - INFO - Preload mode                           	0

2024-08-08 21:56:30,559 - INFO - Pseudo count a                         	1

2024-08-08 21:56:30,559 - INFO - Pseudo count b                         	1.5

2024-08-08 21:56:30,559 - INFO - Score bias                             	0

2024-08-08 21:56:30,559 - INFO - Realign hits                           	false

2024-08-08 21:56:30,559 - INFO - Realign score bias                     	-0.2

2024-08-08 21:56:30,559 - INFO - Realign max seqs                       	2147483647

2024-08-08 21:56:30,559 - INFO - Gap open cost                          	nucl:5,aa:11

2024-08-08 21:56:30,559 - INFO - Gap extension cost                     	nucl:2,aa:1

2024-08-08 21:56:30,559 - INFO - Zdrop                                  	40

2024-08-08 21:56:30,559 - INFO - Threads                                	32

2024-08-08 21:56:30,559 - INFO - Compressed                             	0

2024-08-08 21:56:30,559 - INFO - Verbosity                              	3

2024-08-08 21:56:30,559 - INFO - Seed substitution matrix               	nucl:nucleotide.out,aa:VTML80.out

2024-08-08 21:56:30,559 - INFO - Sensitivity                            	8.5

2024-08-08 21:56:30,559 - INFO - k-mer length                           	0

2024-08-08 21:56:30,559 - INFO - k-score                                	2147483647

2024-08-08 21:56:30,559 - INFO - Alphabet size                          	nucl:5,aa:21

2024-08-08 21:56:30,559 - INFO - Max results per query                  	300

2024-08-08 21:56:30,560 - INFO - Split database                         	0

2024-08-08 21:56:30,560 - INFO - Split mode                             	2

2024-08-08 21:56:30,560 - INFO - Split memory limit                     	0

2024-08-08 21:56:30,560 - INFO - Diagonal scoring                       	true

2024-08-08 21:56:30,560 - INFO - Exact k-mer matching                   	0

2024-08-08 21:56:30,560 - INFO - Mask residues                          	1

2024-08-08 21:56:30,560 - INFO - Mask lower case residues               	0

2024-08-08 21:56:30,560 - INFO - Minimum diagonal score                 	15

2024-08-08 21:56:30,560 - INFO - Spaced k-mers                          	1

2024-08-08 21:56:30,560 - INFO - Spaced k-mer pattern                   	

2024-08-08 21:56:30,560 - INFO - Local temporary path                   	

2024-08-08 21:56:30,560 - INFO - Rescore mode                           	0

2024-08-08 21:56:30,560 - INFO - Remove hits by seq. id. and coverage   	false

2024-08-08 21:56:30,560 - INFO - Sort results                           	0

2024-08-08 21:56:30,560 - INFO - Mask profile                           	1

2024-08-08 21:56:30,560 - INFO - Profile E-value threshold              	0.1

2024-08-08 21:56:30,560 - INFO - Global sequence weighting              	false

2024-08-08 21:56:30,560 - INFO - Allow deletions                        	false

2024-08-08 21:56:30,560 - INFO - Filter MSA                             	1

2024-08-08 21:56:30,560 - INFO - Maximum seq. id. threshold             	0.9

2024-08-08 21:56:30,560 - INFO - Minimum seq. id.                       	0

2024-08-08 21:56:30,560 - INFO - Minimum score per column               	-20

2024-08-08 21:56:30,560 - INFO - Minimum coverage                       	0

2024-08-08 21:56:30,560 - INFO - Select N most diverse seqs             	1000

2024-08-08 21:56:30,560 - INFO - Min codons in orf                      	30

2024-08-08 21:56:30,561 - INFO - Max codons in length                   	32734

2024-08-08 21:56:30,561 - INFO - Max orf gaps                           	2147483647

2024-08-08 21:56:30,561 - INFO - Contig start mode                      	2

2024-08-08 21:56:30,561 - INFO - Contig end mode                        	2

2024-08-08 21:56:30,561 - INFO - Orf start mode                         	1

2024-08-08 21:56:30,561 - INFO - Forward frames                         	1,2,3

2024-08-08 21:56:30,561 - INFO - Reverse frames                         	1,2,3

2024-08-08 21:56:30,561 - INFO - Translation table                      	1

2024-08-08 21:56:30,561 - INFO - Translate orf                          	0

2024-08-08 21:56:30,561 - INFO - Use all table starts                   	false

2024-08-08 21:56:30,561 - INFO - Offset of numeric ids                  	0

2024-08-08 21:56:30,561 - INFO - Create lookup                          	0

2024-08-08 21:56:30,561 - INFO - Add orf stop                           	false

2024-08-08 21:56:30,561 - INFO - Overlap between sequences              	0

2024-08-08 21:56:30,561 - INFO - Sequence split mode                    	1

2024-08-08 21:56:30,561 - INFO - Header split mode                      	0

2024-08-08 21:56:30,561 - INFO - Chain overlapping alignments           	0

2024-08-08 21:56:30,561 - INFO - Merge query                            	1

2024-08-08 21:56:30,561 - INFO - Search type                            	0

2024-08-08 21:56:30,561 - INFO - Search iterations                      	1

2024-08-08 21:56:30,561 - INFO - Start sensitivity                      	4

2024-08-08 21:56:30,561 - INFO - Search steps                           	1

2024-08-08 21:56:30,561 - INFO - Exhaustive search mode                 	false

2024-08-08 21:56:30,561 - INFO - Filter results during exhaustive search	0

2024-08-08 21:56:30,561 - INFO - Strand selection                       	1

2024-08-08 21:56:30,562 - INFO - LCA search mode                        	false

2024-08-08 21:56:30,562 - INFO - Disk space limit                       	0

2024-08-08 21:56:30,562 - INFO - MPI runner                             	

2024-08-08 21:56:30,562 - INFO - Force restart with latest tmp          	false

2024-08-08 21:56:30,562 - INFO - Remove temporary files                 	false

2024-08-08 21:56:30,562 - INFO - 

2024-08-08 21:56:30,734 - INFO - prefilter /data/yangy34/database/pharokka/phrogs_profile_db phage_pharokka/GCA_015343595.1_1366|2-1261/target_dir/target_seqs phage_pharokka/GCA_015343595.1_1366|2-1261/tmp_dir//14867047593552792725/pref_0 --sub-mat nucl:nucleotide.out,aa:blosum62.out --seed-sub-mat nucl:nucleotide.out,aa:VTML80.out -k 0 --k-score 2147483647 --alph-size nucl:5,aa:21 --max-seq-len 65535 --max-seqs 300 --split 0 --split-mode 2 --split-memory-limit 0 -c 0 --cov-mode 0 --comp-bias-corr 1 --diag-score 1 --exact-kmer-matching 0 --mask 1 --mask-lower-case 0 --min-ungapped-score 15 --add-self-matches 0 --spaced-kmer-mode 1 --db-load-mode 0 --pca 1 --pcb 1.5 --threads 32 --compressed 0 -v 3 -s 8.5 

2024-08-08 21:56:30,734 - INFO - 

2024-08-08 21:56:30,734 - INFO - Query database size: 38880 type: Profile

2024-08-08 21:56:30,734 - INFO - Estimated memory consumption: 488M

2024-08-08 21:56:30,734 - INFO - Target database size: 7 type: Aminoacid

2024-08-08 21:56:30,734 - INFO - Index table k-mer threshold: 0 at k-mer size 6 

2024-08-08 21:56:30,734 - INFO - Index table: counting k-mers

2024-08-08 21:56:30,884 - INFO - [=================================================================] 7 0s 2ms

2024-08-08 21:56:30,884 - INFO - Index table: Masked residues: 0

2024-08-08 21:56:30,884 - INFO - Index table: fill

2024-08-08 21:56:32,266 - INFO - [=================================================================] 7 0s 2ms

2024-08-08 21:56:32,266 - INFO - Index statistics

2024-08-08 21:56:32,266 - INFO - Entries:          335

2024-08-08 21:56:32,266 - INFO - DB size:          488 MB

2024-08-08 21:56:32,266 - INFO - Avg k-mer size:   0.000005

2024-08-08 21:56:32,266 - INFO - Top 10 k-mers

2024-08-08 21:56:32,266 - INFO -     DEIAAA	1

2024-08-08 21:56:32,266 - INFO -     GQLDAA	1

2024-08-08 21:56:32,266 - INFO -     EVNGAA	1

2024-08-08 21:56:32,266 - INFO -     AWPGAA	1

2024-08-08 21:56:32,267 - INFO -     GGVGAA	1

2024-08-08 21:56:32,267 - INFO -     TVQLAA	1

2024-08-08 21:56:32,267 - INFO -     WNRSAA	1

2024-08-08 21:56:32,267 - INFO -     TAKLDA	1

2024-08-08 21:56:32,267 - INFO -     LTGVDA	1

2024-08-08 21:56:32,267 - INFO -     AGASFA	1

2024-08-08 21:56:32,267 - INFO - Time for index table init: 0h 0m 0s 488ms

2024-08-08 21:56:32,267 - INFO - Process prefiltering step 1 of 1

2024-08-08 21:56:32,267 - INFO - 

2024-08-08 21:56:32,267 - INFO - k-mer similarity threshold: 81

2024-08-08 21:56:32,267 - INFO - Starting prefiltering scores calculation (step 1 of 1)

2024-08-08 21:56:32,267 - INFO - Query db start 1 to 38880

2024-08-08 21:56:32,267 - INFO - Target db start 1 to 7

2024-08-08 21:57:39,914 - INFO - [=================================================================] 38.88K 1m 8s 600ms

2024-08-08 21:57:39,914 - INFO - 

2024-08-08 21:57:39,914 - INFO - 5386.328443 k-mers per position

2024-08-08 21:57:39,914 - INFO - 4 DB matches per sequence

2024-08-08 21:57:39,915 - INFO - 0 overflows

2024-08-08 21:57:39,915 - INFO - 0 queries produce too many hits (truncated result)

2024-08-08 21:57:39,915 - INFO - 0 sequences passed prefiltering per query sequence

2024-08-08 21:57:39,915 - INFO - 0 median result list length

2024-08-08 21:57:39,915 - INFO - 34317 sequences with 0 size result lists

2024-08-08 21:57:39,915 - INFO - Time for merging to pref_0: 0h 0m 0s 22ms

2024-08-08 21:57:39,915 - INFO - Time for processing: 0h 1m 9s 348ms

2024-08-08 21:57:40,015 - INFO - align /data/yangy34/database/pharokka/phrogs_profile_db phage_pharokka/GCA_015343595.1_1366|2-1261/target_dir/target_seqs phage_pharokka/GCA_015343595.1_1366|2-1261/tmp_dir//14867047593552792725/pref_0 phage_pharokka/GCA_015343595.1_1366|2-1261/mmseqs/results_mmseqs --sub-mat nucl:nucleotide.out,aa:blosum62.out -a 0 --alignment-mode 2 --alignment-output-mode 0 --wrapped-scoring 0 -e 1e-05 --min-seq-id 0 --min-aln-len 0 --seq-id-mode 0 --alt-ali 0 -c 0 --cov-mode 0 --max-seq-len 65535 --comp-bias-corr 1 --max-rejected 2147483647 --max-accept 2147483647 --add-self-matches 0 --db-load-mode 0 --pca 1 --pcb 1.5 --score-bias 0 --realign 0 --realign-score-bias -0.2 --realign-max-seqs 2147483647 --gap-open nucl:5,aa:11 --gap-extend nucl:2,aa:1 --zdrop 40 --threads 32 --compressed 0 -v 3 

2024-08-08 21:57:40,016 - INFO - 

2024-08-08 21:57:40,016 - INFO - Compute score and coverage

2024-08-08 21:57:40,016 - INFO - Query database size: 38880 type: Profile

2024-08-08 21:57:40,016 - INFO - Target database size: 7 type: Aminoacid

2024-08-08 21:57:40,016 - INFO - Calculation of alignments

2024-08-08 21:57:40,209 - INFO - [=================================================================] 38.88K 0s 179ms

2024-08-08 21:57:40,209 - INFO - Time for merging to results_mmseqs: 0h 0m 0s 20ms

2024-08-08 21:57:40,209 - INFO - 5022 alignments calculated

2024-08-08 21:57:40,209 - INFO - 1 sequence pairs passed the thresholds (0.000199 of overall calculated)

2024-08-08 21:57:40,209 - INFO - 0.000026 hits per query sequence

2024-08-08 21:57:40,209 - INFO - Time for processing: 0h 0m 0s 287ms

2024-08-08 21:57:40,333 - INFO - createtsv /data/yangy34/database/pharokka/phrogs_profile_db phage_pharokka/GCA_015343595.1_1366|2-1261/target_dir/target_seqs phage_pharokka/GCA_015343595.1_1366|2-1261/mmseqs/results_mmseqs phage_pharokka/GCA_015343595.1_1366|2-1261/mmseqs_results.tsv --full-header --threads 32 

2024-08-08 21:57:40,334 - INFO - 

2024-08-08 21:57:40,334 - INFO - MMseqs Version:                 	13.45111

2024-08-08 21:57:40,334 - INFO - First sequence as representative	false

2024-08-08 21:57:40,334 - INFO - Target column                   	1

2024-08-08 21:57:40,334 - INFO - Add full header                 	true

2024-08-08 21:57:40,334 - INFO - Sequence source                 	0

2024-08-08 21:57:40,334 - INFO - Database output                 	false

2024-08-08 21:57:40,334 - INFO - Threads                         	32

2024-08-08 21:57:40,334 - INFO - Compressed                      	0

2024-08-08 21:57:40,334 - INFO - Verbosity                       	3

2024-08-08 21:57:40,334 - INFO - 

2024-08-08 21:57:40,334 - INFO - Time for merging to mmseqs_results.tsv: 0h 0m 0s 28ms

2024-08-08 21:57:40,334 - INFO - Time for processing: 0h 0m 0s 116ms

2024-08-08 21:57:40,347 - INFO - Running mmseqs2 on CARD.
2024-08-08 21:57:40,405 - INFO - createdb phage_pharokka/GCA_015343595.1_1366|2-1261/phanotate_aas_tmp.fasta phage_pharokka/GCA_015343595.1_1366|2-1261/CARD_target_dir/target_seqs 

2024-08-08 21:57:40,405 - INFO - 

2024-08-08 21:57:40,405 - INFO - MMseqs Version:       	13.45111

2024-08-08 21:57:40,405 - INFO - Database type         	0

2024-08-08 21:57:40,405 - INFO - Shuffle input database	true

2024-08-08 21:57:40,406 - INFO - Createdb mode         	0

2024-08-08 21:57:40,406 - INFO - Write lookup file     	1

2024-08-08 21:57:40,406 - INFO - Offset of numeric ids 	0

2024-08-08 21:57:40,406 - INFO - Compressed            	0

2024-08-08 21:57:40,406 - INFO - Verbosity             	3

2024-08-08 21:57:40,406 - INFO - 

2024-08-08 21:57:40,406 - INFO - Converting sequences

2024-08-08 21:57:40,406 - INFO - [

2024-08-08 21:57:40,406 - INFO - Time for merging to target_seqs_h: 0h 0m 0s 7ms

2024-08-08 21:57:40,406 - INFO - Time for merging to target_seqs: 0h 0m 0s 19ms

2024-08-08 21:57:40,406 - INFO - Database type: Aminoacid

2024-08-08 21:57:40,406 - INFO - Time for processing: 0h 0m 0s 53ms

2024-08-08 21:57:40,413 - INFO - Create directory phage_pharokka/GCA_015343595.1_1366|2-1261/CARD_tmp_dir/

2024-08-08 21:57:40,413 - INFO - search --min-seq-id 0.8 -c 0.4 /data/yangy34/database/pharokka/CARD phage_pharokka/GCA_015343595.1_1366|2-1261/CARD_target_dir/target_seqs phage_pharokka/GCA_015343595.1_1366|2-1261/CARD/results_CARD phage_pharokka/GCA_015343595.1_1366|2-1261/CARD_tmp_dir/ -s 8.5 --threads 32 

2024-08-08 21:57:40,413 - INFO - 

2024-08-08 21:57:40,413 - INFO - MMseqs Version:                        	13.45111

2024-08-08 21:57:40,413 - INFO - Substitution matrix                    	nucl:nucleotide.out,aa:blosum62.out

2024-08-08 21:57:40,413 - INFO - Add backtrace                          	false

2024-08-08 21:57:40,413 - INFO - Alignment mode                         	2

2024-08-08 21:57:40,413 - INFO - Alignment mode                         	0

2024-08-08 21:57:40,413 - INFO - Allow wrapped scoring                  	false

2024-08-08 21:57:40,414 - INFO - E-value threshold                      	0.001

2024-08-08 21:57:40,414 - INFO - Seq. id. threshold                     	0.8

2024-08-08 21:57:40,414 - INFO - Min alignment length                   	0

2024-08-08 21:57:40,414 - INFO - Seq. id. mode                          	0

2024-08-08 21:57:40,414 - INFO - Alternative alignments                 	0

2024-08-08 21:57:40,414 - INFO - Coverage threshold                     	0.4

2024-08-08 21:57:40,414 - INFO - Coverage mode                          	0

2024-08-08 21:57:40,414 - INFO - Max sequence length                    	65535

2024-08-08 21:57:40,414 - INFO - Compositional bias                     	1

2024-08-08 21:57:40,414 - INFO - Max reject                             	2147483647

2024-08-08 21:57:40,414 - INFO - Max accept                             	2147483647

2024-08-08 21:57:40,414 - INFO - Include identical seq. id.             	false

2024-08-08 21:57:40,414 - INFO - Preload mode                           	0

2024-08-08 21:57:40,414 - INFO - Pseudo count a                         	1

2024-08-08 21:57:40,414 - INFO - Pseudo count b                         	1.5

2024-08-08 21:57:40,414 - INFO - Score bias                             	0

2024-08-08 21:57:40,414 - INFO - Realign hits                           	false

2024-08-08 21:57:40,414 - INFO - Realign score bias                     	-0.2

2024-08-08 21:57:40,414 - INFO - Realign max seqs                       	2147483647

2024-08-08 21:57:40,414 - INFO - Gap open cost                          	nucl:5,aa:11

2024-08-08 21:57:40,414 - INFO - Gap extension cost                     	nucl:2,aa:1

2024-08-08 21:57:40,414 - INFO - Zdrop                                  	40

2024-08-08 21:57:40,414 - INFO - Threads                                	32

2024-08-08 21:57:40,414 - INFO - Compressed                             	0

2024-08-08 21:57:40,415 - INFO - Verbosity                              	3

2024-08-08 21:57:40,415 - INFO - Seed substitution matrix               	nucl:nucleotide.out,aa:VTML80.out

2024-08-08 21:57:40,415 - INFO - Sensitivity                            	8.5

2024-08-08 21:57:40,415 - INFO - k-mer length                           	0

2024-08-08 21:57:40,415 - INFO - k-score                                	2147483647

2024-08-08 21:57:40,415 - INFO - Alphabet size                          	nucl:5,aa:21

2024-08-08 21:57:40,415 - INFO - Max results per query                  	300

2024-08-08 21:57:40,415 - INFO - Split database                         	0

2024-08-08 21:57:40,415 - INFO - Split mode                             	2

2024-08-08 21:57:40,415 - INFO - Split memory limit                     	0

2024-08-08 21:57:40,415 - INFO - Diagonal scoring                       	true

2024-08-08 21:57:40,415 - INFO - Exact k-mer matching                   	0

2024-08-08 21:57:40,415 - INFO - Mask residues                          	1

2024-08-08 21:57:40,415 - INFO - Mask lower case residues               	0

2024-08-08 21:57:40,415 - INFO - Minimum diagonal score                 	15

2024-08-08 21:57:40,415 - INFO - Spaced k-mers                          	1

2024-08-08 21:57:40,415 - INFO - Spaced k-mer pattern                   	

2024-08-08 21:57:40,415 - INFO - Local temporary path                   	

2024-08-08 21:57:40,415 - INFO - Rescore mode                           	0

2024-08-08 21:57:40,416 - INFO - Remove hits by seq. id. and coverage   	false

2024-08-08 21:57:40,416 - INFO - Sort results                           	0

2024-08-08 21:57:40,416 - INFO - Mask profile                           	1

2024-08-08 21:57:40,416 - INFO - Profile E-value threshold              	0.1

2024-08-08 21:57:40,416 - INFO - Global sequence weighting              	false

2024-08-08 21:57:40,416 - INFO - Allow deletions                        	false

2024-08-08 21:57:40,416 - INFO - Filter MSA                             	1

2024-08-08 21:57:40,416 - INFO - Maximum seq. id. threshold             	0.9

2024-08-08 21:57:40,416 - INFO - Minimum seq. id.                       	0

2024-08-08 21:57:40,416 - INFO - Minimum score per column               	-20

2024-08-08 21:57:40,416 - INFO - Minimum coverage                       	0

2024-08-08 21:57:40,416 - INFO - Select N most diverse seqs             	1000

2024-08-08 21:57:40,416 - INFO - Min codons in orf                      	30

2024-08-08 21:57:40,416 - INFO - Max codons in length                   	32734

2024-08-08 21:57:40,416 - INFO - Max orf gaps                           	2147483647

2024-08-08 21:57:40,416 - INFO - Contig start mode                      	2

2024-08-08 21:57:40,416 - INFO - Contig end mode                        	2

2024-08-08 21:57:40,416 - INFO - Orf start mode                         	1

2024-08-08 21:57:40,416 - INFO - Forward frames                         	1,2,3

2024-08-08 21:57:40,416 - INFO - Reverse frames                         	1,2,3

2024-08-08 21:57:40,416 - INFO - Translation table                      	1

2024-08-08 21:57:40,416 - INFO - Translate orf                          	0

2024-08-08 21:57:40,416 - INFO - Use all table starts                   	false

2024-08-08 21:57:40,416 - INFO - Offset of numeric ids                  	0

2024-08-08 21:57:40,417 - INFO - Create lookup                          	0

2024-08-08 21:57:40,417 - INFO - Add orf stop                           	false

2024-08-08 21:57:40,417 - INFO - Overlap between sequences              	0

2024-08-08 21:57:40,417 - INFO - Sequence split mode                    	1

2024-08-08 21:57:40,417 - INFO - Header split mode                      	0

2024-08-08 21:57:40,417 - INFO - Chain overlapping alignments           	0

2024-08-08 21:57:40,417 - INFO - Merge query                            	1

2024-08-08 21:57:40,417 - INFO - Search type                            	0

2024-08-08 21:57:40,417 - INFO - Search iterations                      	1

2024-08-08 21:57:40,417 - INFO - Start sensitivity                      	4

2024-08-08 21:57:40,417 - INFO - Search steps                           	1

2024-08-08 21:57:40,417 - INFO - Exhaustive search mode                 	false

2024-08-08 21:57:40,417 - INFO - Filter results during exhaustive search	0

2024-08-08 21:57:40,417 - INFO - Strand selection                       	1

2024-08-08 21:57:40,417 - INFO - LCA search mode                        	false

2024-08-08 21:57:40,417 - INFO - Disk space limit                       	0

2024-08-08 21:57:40,417 - INFO - MPI runner                             	

2024-08-08 21:57:40,417 - INFO - Force restart with latest tmp          	false

2024-08-08 21:57:40,417 - INFO - Remove temporary files                 	false

2024-08-08 21:57:40,417 - INFO - 

2024-08-08 21:57:40,585 - INFO - prefilter /data/yangy34/database/pharokka/CARD phage_pharokka/GCA_015343595.1_1366|2-1261/CARD_target_dir/target_seqs phage_pharokka/GCA_015343595.1_1366|2-1261/CARD_tmp_dir//12027724392604048572/pref_0 --sub-mat nucl:nucleotide.out,aa:blosum62.out --seed-sub-mat nucl:nucleotide.out,aa:VTML80.out -k 0 --k-score 2147483647 --alph-size nucl:5,aa:21 --max-seq-len 65535 --max-seqs 300 --split 0 --split-mode 2 --split-memory-limit 0 -c 0.4 --cov-mode 0 --comp-bias-corr 1 --diag-score 1 --exact-kmer-matching 0 --mask 1 --mask-lower-case 0 --min-ungapped-score 15 --add-self-matches 0 --spaced-kmer-mode 1 --db-load-mode 0 --pca 1 --pcb 1.5 --threads 32 --compressed 0 -v 3 -s 8.5 

2024-08-08 21:57:40,585 - INFO - 

2024-08-08 21:57:40,585 - INFO - Query database size: 4641 type: Aminoacid

2024-08-08 21:57:40,585 - INFO - Estimated memory consumption: 977M

2024-08-08 21:57:40,585 - INFO - Target database size: 7 type: Aminoacid

2024-08-08 21:57:40,585 - INFO - Index table k-mer threshold: 87 at k-mer size 6 

2024-08-08 21:57:40,585 - INFO - Index table: counting k-mers

2024-08-08 21:57:40,763 - INFO - [=================================================================] 7 0s 7ms

2024-08-08 21:57:40,763 - INFO - Index table: Masked residues: 0

2024-08-08 21:57:40,763 - INFO - Index table: fill

2024-08-08 21:57:41,262 - INFO - [=================================================================] 7 0s 0ms

2024-08-08 21:57:41,262 - INFO - Index statistics

2024-08-08 21:57:41,262 - INFO - Entries:          335

2024-08-08 21:57:41,262 - INFO - DB size:          488 MB

2024-08-08 21:57:41,262 - INFO - Avg k-mer size:   0.000005

2024-08-08 21:57:41,262 - INFO - Top 10 k-mers

2024-08-08 21:57:41,262 - INFO -     DEIAAA	1

2024-08-08 21:57:41,262 - INFO -     GQLDAA	1

2024-08-08 21:57:41,262 - INFO -     EVNGAA	1

2024-08-08 21:57:41,262 - INFO -     AWPGAA	1

2024-08-08 21:57:41,263 - INFO -     GGVGAA	1

2024-08-08 21:57:41,263 - INFO -     TVQLAA	1

2024-08-08 21:57:41,263 - INFO -     WNRSAA	1

2024-08-08 21:57:41,263 - INFO -     TAKLDA	1

2024-08-08 21:57:41,263 - INFO -     LTGVDA	1

2024-08-08 21:57:41,263 - INFO -     AGASFA	1

2024-08-08 21:57:41,263 - INFO - Time for index table init: 0h 0m 0s 508ms

2024-08-08 21:57:41,263 - INFO - Process prefiltering step 1 of 1

2024-08-08 21:57:41,263 - INFO - 

2024-08-08 21:57:41,263 - INFO - k-mer similarity threshold: 87

2024-08-08 21:57:41,263 - INFO - Starting prefiltering scores calculation (step 1 of 1)

2024-08-08 21:57:41,263 - INFO - Query db start 1 to 4641

2024-08-08 21:57:41,263 - INFO - Target db start 1 to 7

2024-08-08 21:57:50,500 - INFO - [=================================================================] 4.64K 9s 309ms

2024-08-08 21:57:50,500 - INFO - 

2024-08-08 21:57:50,501 - INFO - 3883.681631 k-mers per position

2024-08-08 21:57:50,501 - INFO - 8 DB matches per sequence

2024-08-08 21:57:50,501 - INFO - 0 overflows

2024-08-08 21:57:50,501 - INFO - 0 queries produce too many hits (truncated result)

2024-08-08 21:57:50,501 - INFO - 0 sequences passed prefiltering per query sequence

2024-08-08 21:57:50,501 - INFO - 0 median result list length

2024-08-08 21:57:50,501 - INFO - 3841 sequences with 0 size result lists

2024-08-08 21:57:50,501 - INFO - Time for merging to pref_0: 0h 0m 0s 10ms

2024-08-08 21:57:50,501 - INFO - Time for processing: 0h 0m 10s 79ms

2024-08-08 21:57:50,526 - INFO - align /data/yangy34/database/pharokka/CARD phage_pharokka/GCA_015343595.1_1366|2-1261/CARD_target_dir/target_seqs phage_pharokka/GCA_015343595.1_1366|2-1261/CARD_tmp_dir//12027724392604048572/pref_0 phage_pharokka/GCA_015343595.1_1366|2-1261/CARD/results_CARD --sub-mat nucl:nucleotide.out,aa:blosum62.out -a 0 --alignment-mode 2 --alignment-output-mode 0 --wrapped-scoring 0 -e 0.001 --min-seq-id 0.8 --min-aln-len 0 --seq-id-mode 0 --alt-ali 0 -c 0.4 --cov-mode 0 --max-seq-len 65535 --comp-bias-corr 1 --max-rejected 2147483647 --max-accept 2147483647 --add-self-matches 0 --db-load-mode 0 --pca 1 --pcb 1.5 --score-bias 0 --realign 0 --realign-score-bias -0.2 --realign-max-seqs 2147483647 --gap-open nucl:5,aa:11 --gap-extend nucl:2,aa:1 --zdrop 40 --threads 32 --compressed 0 -v 3 

2024-08-08 21:57:50,526 - INFO - 

2024-08-08 21:57:50,526 - INFO - Compute score and coverage

2024-08-08 21:57:50,526 - INFO - Query database size: 4641 type: Aminoacid

2024-08-08 21:57:50,527 - INFO - Target database size: 7 type: Aminoacid

2024-08-08 21:57:50,527 - INFO - Calculation of alignments

2024-08-08 21:57:50,546 - INFO - [=================================================================] 4.64K 0s 13ms

2024-08-08 21:57:50,547 - INFO - Time for merging to results_CARD: 0h 0m 0s 11ms

2024-08-08 21:57:50,547 - INFO - 325 alignments calculated

2024-08-08 21:57:50,547 - INFO - 0 sequence pairs passed the thresholds (0.000000 of overall calculated)

2024-08-08 21:57:50,547 - INFO - 0.000000 hits per query sequence

2024-08-08 21:57:50,547 - INFO - Time for processing: 0h 0m 0s 39ms

2024-08-08 21:57:50,787 - INFO - createtsv /data/yangy34/database/pharokka/CARD phage_pharokka/GCA_015343595.1_1366|2-1261/CARD_target_dir/target_seqs phage_pharokka/GCA_015343595.1_1366|2-1261/CARD/results_CARD phage_pharokka/GCA_015343595.1_1366|2-1261/CARD_results.tsv --full-header --threads 32 

2024-08-08 21:57:50,787 - INFO - 

2024-08-08 21:57:50,788 - INFO - MMseqs Version:                 	13.45111

2024-08-08 21:57:50,788 - INFO - First sequence as representative	false

2024-08-08 21:57:50,788 - INFO - Target column                   	1

2024-08-08 21:57:50,788 - INFO - Add full header                 	true

2024-08-08 21:57:50,788 - INFO - Sequence source                 	0

2024-08-08 21:57:50,788 - INFO - Database output                 	false

2024-08-08 21:57:50,788 - INFO - Threads                         	32

2024-08-08 21:57:50,788 - INFO - Compressed                      	0

2024-08-08 21:57:50,788 - INFO - Verbosity                       	3

2024-08-08 21:57:50,788 - INFO - 

2024-08-08 21:57:50,788 - INFO - Time for merging to CARD_results.tsv: 0h 0m 0s 12ms

2024-08-08 21:57:50,788 - INFO - Time for processing: 0h 0m 0s 234ms

2024-08-08 21:57:50,794 - INFO - Running mmseqs2 on vfdb.
2024-08-08 21:57:50,850 - INFO - createdb phage_pharokka/GCA_015343595.1_1366|2-1261/phanotate_aas_tmp.fasta phage_pharokka/GCA_015343595.1_1366|2-1261/vfdb_target_dir/target_seqs 

2024-08-08 21:57:50,850 - INFO - 

2024-08-08 21:57:50,850 - INFO - MMseqs Version:       	13.45111

2024-08-08 21:57:50,850 - INFO - Database type         	0

2024-08-08 21:57:50,850 - INFO - Shuffle input database	true

2024-08-08 21:57:50,850 - INFO - Createdb mode         	0

2024-08-08 21:57:50,850 - INFO - Write lookup file     	1

2024-08-08 21:57:50,850 - INFO - Offset of numeric ids 	0

2024-08-08 21:57:50,850 - INFO - Compressed            	0

2024-08-08 21:57:50,850 - INFO - Verbosity             	3

2024-08-08 21:57:50,850 - INFO - 

2024-08-08 21:57:50,850 - INFO - Converting sequences

2024-08-08 21:57:50,850 - INFO - [

2024-08-08 21:57:50,850 - INFO - Time for merging to target_seqs_h: 0h 0m 0s 6ms

2024-08-08 21:57:50,850 - INFO - Time for merging to target_seqs: 0h 0m 0s 18ms

2024-08-08 21:57:50,851 - INFO - Database type: Aminoacid

2024-08-08 21:57:50,851 - INFO - Time for processing: 0h 0m 0s 51ms

2024-08-08 21:57:50,859 - INFO - Create directory phage_pharokka/GCA_015343595.1_1366|2-1261/vfdb_tmp_dir/

2024-08-08 21:57:50,859 - INFO - search --min-seq-id 0.8 -c 0.4 /data/yangy34/database/pharokka/vfdb phage_pharokka/GCA_015343595.1_1366|2-1261/vfdb_target_dir/target_seqs phage_pharokka/GCA_015343595.1_1366|2-1261/vfdb/results_vfdb phage_pharokka/GCA_015343595.1_1366|2-1261/vfdb_tmp_dir/ -s 8.5 --threads 32 

2024-08-08 21:57:50,859 - INFO - 

2024-08-08 21:57:50,859 - INFO - MMseqs Version:                        	13.45111

2024-08-08 21:57:50,859 - INFO - Substitution matrix                    	nucl:nucleotide.out,aa:blosum62.out

2024-08-08 21:57:50,859 - INFO - Add backtrace                          	false

2024-08-08 21:57:50,859 - INFO - Alignment mode                         	2

2024-08-08 21:57:50,859 - INFO - Alignment mode                         	0

2024-08-08 21:57:50,859 - INFO - Allow wrapped scoring                  	false

2024-08-08 21:57:50,859 - INFO - E-value threshold                      	0.001

2024-08-08 21:57:50,859 - INFO - Seq. id. threshold                     	0.8

2024-08-08 21:57:50,859 - INFO - Min alignment length                   	0

2024-08-08 21:57:50,860 - INFO - Seq. id. mode                          	0

2024-08-08 21:57:50,860 - INFO - Alternative alignments                 	0

2024-08-08 21:57:50,860 - INFO - Coverage threshold                     	0.4

2024-08-08 21:57:50,860 - INFO - Coverage mode                          	0

2024-08-08 21:57:50,860 - INFO - Max sequence length                    	65535

2024-08-08 21:57:50,860 - INFO - Compositional bias                     	1

2024-08-08 21:57:50,860 - INFO - Max reject                             	2147483647

2024-08-08 21:57:50,860 - INFO - Max accept                             	2147483647

2024-08-08 21:57:50,860 - INFO - Include identical seq. id.             	false

2024-08-08 21:57:50,860 - INFO - Preload mode                           	0

2024-08-08 21:57:50,860 - INFO - Pseudo count a                         	1

2024-08-08 21:57:50,860 - INFO - Pseudo count b                         	1.5

2024-08-08 21:57:50,860 - INFO - Score bias                             	0

2024-08-08 21:57:50,860 - INFO - Realign hits                           	false

2024-08-08 21:57:50,860 - INFO - Realign score bias                     	-0.2

2024-08-08 21:57:50,860 - INFO - Realign max seqs                       	2147483647

2024-08-08 21:57:50,860 - INFO - Gap open cost                          	nucl:5,aa:11

2024-08-08 21:57:50,860 - INFO - Gap extension cost                     	nucl:2,aa:1

2024-08-08 21:57:50,860 - INFO - Zdrop                                  	40

2024-08-08 21:57:50,860 - INFO - Threads                                	32

2024-08-08 21:57:50,860 - INFO - Compressed                             	0

2024-08-08 21:57:50,860 - INFO - Verbosity                              	3

2024-08-08 21:57:50,860 - INFO - Seed substitution matrix               	nucl:nucleotide.out,aa:VTML80.out

2024-08-08 21:57:50,860 - INFO - Sensitivity                            	8.5

2024-08-08 21:57:50,860 - INFO - k-mer length                           	0

2024-08-08 21:57:50,861 - INFO - k-score                                	2147483647

2024-08-08 21:57:50,861 - INFO - Alphabet size                          	nucl:5,aa:21

2024-08-08 21:57:50,861 - INFO - Max results per query                  	300

2024-08-08 21:57:50,861 - INFO - Split database                         	0

2024-08-08 21:57:50,861 - INFO - Split mode                             	2

2024-08-08 21:57:50,861 - INFO - Split memory limit                     	0

2024-08-08 21:57:50,861 - INFO - Diagonal scoring                       	true

2024-08-08 21:57:50,861 - INFO - Exact k-mer matching                   	0

2024-08-08 21:57:50,861 - INFO - Mask residues                          	1

2024-08-08 21:57:50,861 - INFO - Mask lower case residues               	0

2024-08-08 21:57:50,861 - INFO - Minimum diagonal score                 	15

2024-08-08 21:57:50,861 - INFO - Spaced k-mers                          	1

2024-08-08 21:57:50,861 - INFO - Spaced k-mer pattern                   	

2024-08-08 21:57:50,861 - INFO - Local temporary path                   	

2024-08-08 21:57:50,861 - INFO - Rescore mode                           	0

2024-08-08 21:57:50,861 - INFO - Remove hits by seq. id. and coverage   	false

2024-08-08 21:57:50,861 - INFO - Sort results                           	0

2024-08-08 21:57:50,861 - INFO - Mask profile                           	1

2024-08-08 21:57:50,861 - INFO - Profile E-value threshold              	0.1

2024-08-08 21:57:50,861 - INFO - Global sequence weighting              	false

2024-08-08 21:57:50,861 - INFO - Allow deletions                        	false

2024-08-08 21:57:50,861 - INFO - Filter MSA                             	1

2024-08-08 21:57:50,861 - INFO - Maximum seq. id. threshold             	0.9

2024-08-08 21:57:50,861 - INFO - Minimum seq. id.                       	0

2024-08-08 21:57:50,861 - INFO - Minimum score per column               	-20

2024-08-08 21:57:50,862 - INFO - Minimum coverage                       	0

2024-08-08 21:57:50,862 - INFO - Select N most diverse seqs             	1000

2024-08-08 21:57:50,862 - INFO - Min codons in orf                      	30

2024-08-08 21:57:50,862 - INFO - Max codons in length                   	32734

2024-08-08 21:57:50,862 - INFO - Max orf gaps                           	2147483647

2024-08-08 21:57:50,862 - INFO - Contig start mode                      	2

2024-08-08 21:57:50,862 - INFO - Contig end mode                        	2

2024-08-08 21:57:50,862 - INFO - Orf start mode                         	1

2024-08-08 21:57:50,862 - INFO - Forward frames                         	1,2,3

2024-08-08 21:57:50,862 - INFO - Reverse frames                         	1,2,3

2024-08-08 21:57:50,862 - INFO - Translation table                      	1

2024-08-08 21:57:50,862 - INFO - Translate orf                          	0

2024-08-08 21:57:50,862 - INFO - Use all table starts                   	false

2024-08-08 21:57:50,862 - INFO - Offset of numeric ids                  	0

2024-08-08 21:57:50,862 - INFO - Create lookup                          	0

2024-08-08 21:57:50,862 - INFO - Add orf stop                           	false

2024-08-08 21:57:50,862 - INFO - Overlap between sequences              	0

2024-08-08 21:57:50,862 - INFO - Sequence split mode                    	1

2024-08-08 21:57:50,862 - INFO - Header split mode                      	0

2024-08-08 21:57:50,862 - INFO - Chain overlapping alignments           	0

2024-08-08 21:57:50,862 - INFO - Merge query                            	1

2024-08-08 21:57:50,862 - INFO - Search type                            	0

2024-08-08 21:57:50,862 - INFO - Search iterations                      	1

2024-08-08 21:57:50,862 - INFO - Start sensitivity                      	4

2024-08-08 21:57:50,862 - INFO - Search steps                           	1

2024-08-08 21:57:50,863 - INFO - Exhaustive search mode                 	false

2024-08-08 21:57:50,863 - INFO - Filter results during exhaustive search	0

2024-08-08 21:57:50,863 - INFO - Strand selection                       	1

2024-08-08 21:57:50,863 - INFO - LCA search mode                        	false

2024-08-08 21:57:50,863 - INFO - Disk space limit                       	0

2024-08-08 21:57:50,863 - INFO - MPI runner                             	

2024-08-08 21:57:50,863 - INFO - Force restart with latest tmp          	false

2024-08-08 21:57:50,863 - INFO - Remove temporary files                 	false

2024-08-08 21:57:50,863 - INFO - 

2024-08-08 21:57:51,032 - INFO - prefilter /data/yangy34/database/pharokka/vfdb phage_pharokka/GCA_015343595.1_1366|2-1261/vfdb_target_dir/target_seqs phage_pharokka/GCA_015343595.1_1366|2-1261/vfdb_tmp_dir//14357781610314573849/pref_0 --sub-mat nucl:nucleotide.out,aa:blosum62.out --seed-sub-mat nucl:nucleotide.out,aa:VTML80.out -k 0 --k-score 2147483647 --alph-size nucl:5,aa:21 --max-seq-len 65535 --max-seqs 300 --split 0 --split-mode 2 --split-memory-limit 0 -c 0.4 --cov-mode 0 --comp-bias-corr 1 --diag-score 1 --exact-kmer-matching 0 --mask 1 --mask-lower-case 0 --min-ungapped-score 15 --add-self-matches 0 --spaced-kmer-mode 1 --db-load-mode 0 --pca 1 --pcb 1.5 --threads 32 --compressed 0 -v 3 -s 8.5 

2024-08-08 21:57:51,032 - INFO - 

2024-08-08 21:57:51,032 - INFO - Query database size: 27504 type: Aminoacid

2024-08-08 21:57:51,032 - INFO - Estimated memory consumption: 977M

2024-08-08 21:57:51,032 - INFO - Target database size: 7 type: Aminoacid

2024-08-08 21:57:51,032 - INFO - Index table k-mer threshold: 87 at k-mer size 6 

2024-08-08 21:57:51,033 - INFO - Index table: counting k-mers

2024-08-08 21:57:51,198 - INFO - [=================================================================] 7 0s 5ms

2024-08-08 21:57:51,199 - INFO - Index table: Masked residues: 0

2024-08-08 21:57:51,199 - INFO - Index table: fill

2024-08-08 21:57:52,573 - INFO - [=================================================================] 7 0s 2ms

2024-08-08 21:57:52,574 - INFO - Index statistics

2024-08-08 21:57:52,574 - INFO - Entries:          335

2024-08-08 21:57:52,574 - INFO - DB size:          488 MB

2024-08-08 21:57:52,574 - INFO - Avg k-mer size:   0.000005

2024-08-08 21:57:52,574 - INFO - Top 10 k-mers

2024-08-08 21:57:52,574 - INFO -     DEIAAA	1

2024-08-08 21:57:52,574 - INFO -     GQLDAA	1

2024-08-08 21:57:52,574 - INFO -     EVNGAA	1

2024-08-08 21:57:52,574 - INFO -     AWPGAA	1

2024-08-08 21:57:52,574 - INFO -     GGVGAA	1

2024-08-08 21:57:52,574 - INFO -     TVQLAA	1

2024-08-08 21:57:52,574 - INFO -     WNRSAA	1

2024-08-08 21:57:52,574 - INFO -     TAKLDA	1

2024-08-08 21:57:52,574 - INFO -     LTGVDA	1

2024-08-08 21:57:52,575 - INFO -     AGASFA	1

2024-08-08 21:57:52,575 - INFO - Time for index table init: 0h 0m 0s 476ms

2024-08-08 21:57:52,575 - INFO - Process prefiltering step 1 of 1

2024-08-08 21:57:52,575 - INFO - 

2024-08-08 21:57:52,575 - INFO - k-mer similarity threshold: 87

2024-08-08 21:57:52,575 - INFO - Starting prefiltering scores calculation (step 1 of 1)

2024-08-08 21:57:52,575 - INFO - Query db start 1 to 27504

2024-08-08 21:57:52,575 - INFO - Target db start 1 to 7

2024-08-08 21:59:00,706 - INFO - [=================================================================] 27.50K 1m 8s 660ms

2024-08-08 21:59:00,706 - INFO - 

2024-08-08 21:59:00,706 - INFO - 3159.764157 k-mers per position

2024-08-08 21:59:00,706 - INFO - 9 DB matches per sequence

2024-08-08 21:59:00,706 - INFO - 0 overflows

2024-08-08 21:59:00,706 - INFO - 0 queries produce too many hits (truncated result)

2024-08-08 21:59:00,706 - INFO - 0 sequences passed prefiltering per query sequence

2024-08-08 21:59:00,706 - INFO - 0 median result list length

2024-08-08 21:59:00,707 - INFO - 22722 sequences with 0 size result lists

2024-08-08 21:59:00,707 - INFO - Time for merging to pref_0: 0h 0m 0s 20ms

2024-08-08 21:59:00,707 - INFO - Time for processing: 0h 1m 9s 839ms

2024-08-08 21:59:00,746 - INFO - align /data/yangy34/database/pharokka/vfdb phage_pharokka/GCA_015343595.1_1366|2-1261/vfdb_target_dir/target_seqs phage_pharokka/GCA_015343595.1_1366|2-1261/vfdb_tmp_dir//14357781610314573849/pref_0 phage_pharokka/GCA_015343595.1_1366|2-1261/vfdb/results_vfdb --sub-mat nucl:nucleotide.out,aa:blosum62.out -a 0 --alignment-mode 2 --alignment-output-mode 0 --wrapped-scoring 0 -e 0.001 --min-seq-id 0.8 --min-aln-len 0 --seq-id-mode 0 --alt-ali 0 -c 0.4 --cov-mode 0 --max-seq-len 65535 --comp-bias-corr 1 --max-rejected 2147483647 --max-accept 2147483647 --add-self-matches 0 --db-load-mode 0 --pca 1 --pcb 1.5 --score-bias 0 --realign 0 --realign-score-bias -0.2 --realign-max-seqs 2147483647 --gap-open nucl:5,aa:11 --gap-extend nucl:2,aa:1 --zdrop 40 --threads 32 --compressed 0 -v 3 

2024-08-08 21:59:00,746 - INFO - 

2024-08-08 21:59:00,746 - INFO - Compute score and coverage

2024-08-08 21:59:00,746 - INFO - Query database size: 27504 type: Aminoacid

2024-08-08 21:59:00,746 - INFO - Target database size: 7 type: Aminoacid

2024-08-08 21:59:00,746 - INFO - Calculation of alignments

2024-08-08 21:59:00,785 - INFO - [=================================================================] 27.50K 0s 18ms

2024-08-08 21:59:00,785 - INFO - Time for merging to results_vfdb: 0h 0m 0s 17ms

2024-08-08 21:59:00,785 - INFO - 515 alignments calculated

2024-08-08 21:59:00,785 - INFO - 0 sequence pairs passed the thresholds (0.000000 of overall calculated)

2024-08-08 21:59:00,785 - INFO - 0.000000 hits per query sequence

2024-08-08 21:59:00,785 - INFO - Time for processing: 0h 0m 0s 71ms

2024-08-08 21:59:00,913 - INFO - createtsv /data/yangy34/database/pharokka/vfdb phage_pharokka/GCA_015343595.1_1366|2-1261/vfdb_target_dir/target_seqs phage_pharokka/GCA_015343595.1_1366|2-1261/vfdb/results_vfdb phage_pharokka/GCA_015343595.1_1366|2-1261/vfdb_results.tsv --full-header --threads 32 

2024-08-08 21:59:00,913 - INFO - 

2024-08-08 21:59:00,913 - INFO - MMseqs Version:                 	13.45111

2024-08-08 21:59:00,913 - INFO - First sequence as representative	false

2024-08-08 21:59:00,913 - INFO - Target column                   	1

2024-08-08 21:59:00,913 - INFO - Add full header                 	true

2024-08-08 21:59:00,913 - INFO - Sequence source                 	0

2024-08-08 21:59:00,913 - INFO - Database output                 	false

2024-08-08 21:59:00,913 - INFO - Threads                         	32

2024-08-08 21:59:00,913 - INFO - Compressed                      	0

2024-08-08 21:59:00,913 - INFO - Verbosity                       	3

2024-08-08 21:59:00,913 - INFO - 

2024-08-08 21:59:00,913 - INFO - Time for merging to vfdb_results.tsv: 0h 0m 0s 23ms

2024-08-08 21:59:00,914 - INFO - Time for processing: 0h 0m 0s 120ms

2024-08-08 21:59:00,935 - INFO - Post Processing Output.
2024-08-08 21:59:01,323 - INFO - Converting gff to genbank.
2024-08-08 21:59:01,340 - WARNING - /gpfs/gsfs12/users/yangy34/softwares/mambaforge/envs/pharokka-env/lib/python3.10/site-packages/Bio/SeqIO/InsdcIO.py:728: BiopythonWarning: Increasing length of locus line to allow long name. This will result in fields that are not in usual positions.
  warnings.warn(

2024-08-08 21:59:01,356 - INFO - Finding the closest match for each contig in INPHARED using mash.
2024-08-08 21:59:01,389 - INFO - Sketching GCA_015343595.1_53_phages/GCA_015343595.1_1366_2_1261_prophage.fasta...

2024-08-08 21:59:01,390 - INFO - Writing to phage_pharokka/GCA_015343595.1_1366|2-1261/input_mash_sketch.msh...

2024-08-08 21:59:02,946 - INFO - pharokka has finished
2024-08-08 21:59:02,947 - INFO - Elapsed time: 157.4 seconds
2024-08-08 21:59:02,947 - INFO - If you use pharokka in your research, please cite:
2024-08-08 21:59:02,947 - INFO - George Bouras, Roshan Nepal, Ghais Houtak, Alkis James Psaltis, Peter-John Wormald, Sarah Vreugde.
2024-08-08 21:59:02,947 - INFO - Pharokka: a fast scalable bacteriophage annotation tool.
2024-08-08 21:59:02,947 - INFO - Bioinformatics, Volume 39, Issue 1, January 2023, btac776.
2024-08-08 21:59:02,947 - INFO - https://doi.org/10.1093/bioinformatics/btac776.
2024-08-08 21:59:02,947 - INFO - You should also cite the full list of tools pharokka uses, which can be found at https://github.com/gbouras13/pharokka#citation.
