2024-08-08 22:23:31,413 - INFO - Starting pharokka v1.3.2
2024-08-08 22:23:31,413 - INFO - Input args: Namespace(infile='GCA_015343595.1_53_phages/GCA_015343595.1_681_69_1225_prophage.fasta', outdir='phage_pharokka/GCA_015343595.1_681|69-1225', database='/data/yangy34/database/pharokka', threads='32', force=False, prefix='Default', locustag='Default', gene_predictor='phanotate', meta=False, split=False, coding_table='11', evalue='1E-05', terminase=False, terminase_strand='nothing', terminase_start='nothing', citation=False)
2024-08-08 22:23:31,413 - INFO - Checking database installation.
2024-08-08 22:23:31,431 - INFO - All databases have been successfully checked.
2024-08-08 22:23:31,431 - INFO - Checking dependencies.
2024-08-08 22:23:32,402 - INFO - phan_out version found is v1.5.1.
2024-08-08 22:23:32,402 - INFO - Phanotate version is ok.
2024-08-08 22:23:32,481 - INFO - MMseqs2 version found is v13.45111.
2024-08-08 22:23:32,481 - INFO - MMseqs2 version is ok.
2024-08-08 22:23:33,340 - INFO - tRNAscan-SE version found is v2.45111.11.
2024-08-08 22:23:33,340 - INFO - tRNAscan-SE version is ok.
2024-08-08 22:23:33,994 - INFO - MinCED version found is v0.4.2.
2024-08-08 22:23:33,994 - INFO - MinCED version is ok.
2024-08-08 22:23:34,068 - INFO - ARAGORN version found is v1.2.41.
2024-08-08 22:23:34,068 - INFO - ARAGORN version is ok.
2024-08-08 22:23:34,160 - INFO - mash version found is v2.2.
2024-08-08 22:23:34,160 - INFO - mash version is ok.
2024-08-08 22:23:34,384 - INFO - Running Phanotate.
2024-08-08 22:23:36,483 - INFO - Translating gene predicted fastas.
2024-08-08 22:23:36,544 - INFO - Starting tRNA-scanSE
2024-08-08 22:23:36,697 - INFO - 

2024-08-08 22:23:36,697 - INFO - tRNAscan-SE v.2.0.11 (Oct 2022) - scan sequences for transfer RNAs

2024-08-08 22:23:36,697 - INFO - Copyright (C) 2022 Patricia Chan and Todd Lowe

2024-08-08 22:23:36,697 - INFO -                    University of California Santa Cruz

2024-08-08 22:23:36,697 - INFO - Freely distributed under the GNU General Public License (GPLv3)

2024-08-08 22:23:36,697 - INFO - 

2024-08-08 22:23:36,697 - INFO - ------------------------------------------------------------

2024-08-08 22:23:36,697 - INFO - Sequence file(s) to search:        GCA_015343595.1_53_phages/GCA_015343595.1_681_69_1225_prophage.fasta

2024-08-08 22:23:36,697 - INFO - Search Mode:                       General

2024-08-08 22:23:36,697 - INFO - Results written to:                Standard output

2024-08-08 22:23:36,697 - INFO - Output format:                     Tabular

2024-08-08 22:23:36,697 - INFO - Searching with:                    Infernal single-pass scan

2024-08-08 22:23:36,697 - INFO -                                    Fast mode

2024-08-08 22:23:36,697 - INFO - Covariance model:                  /gpfs/gsfs12/users/yangy34/softwares/mambaforge/envs/pharokka-env/lib/tRNAscan-SE/models/TRNAinf.cm

2024-08-08 22:23:36,697 - INFO - 

2024-08-08 22:23:36,697 - INFO - Temporary directory:               /tmp

2024-08-08 22:23:36,697 - INFO - tRNA predictions saved to:         phage_pharokka/GCA_015343595.1_681|69-1225/trnascan_out.gff

2024-08-08 22:23:36,698 - INFO - ------------------------------------------------------------

2024-08-08 22:23:36,698 - INFO - 

2024-08-08 22:23:36,817 - INFO - No tRNAs found.

2024-08-08 22:23:36,817 - INFO - 

2024-08-08 22:23:36,833 - INFO - Running MinCED.
2024-08-08 22:23:36,989 - INFO - Running Aragorn.
2024-08-08 22:23:36,992 - INFO - Starting MMseqs2.
2024-08-08 22:23:36,992 - INFO - Running MMseqs2 on PHROGs Database.
2024-08-08 22:23:37,270 - INFO - createdb phage_pharokka/GCA_015343595.1_681|69-1225/phanotate_aas_tmp.fasta phage_pharokka/GCA_015343595.1_681|69-1225/target_dir/target_seqs 

2024-08-08 22:23:37,270 - INFO - 

2024-08-08 22:23:37,270 - INFO - MMseqs Version:       	13.45111

2024-08-08 22:23:37,270 - INFO - Database type         	0

2024-08-08 22:23:37,270 - INFO - Shuffle input database	true

2024-08-08 22:23:37,272 - INFO - Createdb mode         	0

2024-08-08 22:23:37,272 - INFO - Write lookup file     	1

2024-08-08 22:23:37,272 - INFO - Offset of numeric ids 	0

2024-08-08 22:23:37,272 - INFO - Compressed            	0

2024-08-08 22:23:37,272 - INFO - Verbosity             	3

2024-08-08 22:23:37,272 - INFO - 

2024-08-08 22:23:37,272 - INFO - Converting sequences

2024-08-08 22:23:37,272 - INFO - [

2024-08-08 22:23:37,272 - INFO - Time for merging to target_seqs_h: 0h 0m 0s 22ms

2024-08-08 22:23:37,272 - INFO - Time for merging to target_seqs: 0h 0m 0s 22ms

2024-08-08 22:23:37,272 - INFO - Database type: Aminoacid

2024-08-08 22:23:37,272 - INFO - Time for processing: 0h 0m 0s 266ms

2024-08-08 22:23:37,283 - INFO - Create directory phage_pharokka/GCA_015343595.1_681|69-1225/tmp_dir/

2024-08-08 22:23:37,283 - INFO - search -e 1E-05 /data/yangy34/database/pharokka/phrogs_profile_db phage_pharokka/GCA_015343595.1_681|69-1225/target_dir/target_seqs phage_pharokka/GCA_015343595.1_681|69-1225/mmseqs/results_mmseqs phage_pharokka/GCA_015343595.1_681|69-1225/tmp_dir/ -s 8.5 --threads 32 

2024-08-08 22:23:37,283 - INFO - 

2024-08-08 22:23:37,283 - INFO - MMseqs Version:                        	13.45111

2024-08-08 22:23:37,283 - INFO - Substitution matrix                    	nucl:nucleotide.out,aa:blosum62.out

2024-08-08 22:23:37,283 - INFO - Add backtrace                          	false

2024-08-08 22:23:37,283 - INFO - Alignment mode                         	2

2024-08-08 22:23:37,283 - INFO - Alignment mode                         	0

2024-08-08 22:23:37,283 - INFO - Allow wrapped scoring                  	false

2024-08-08 22:23:37,283 - INFO - E-value threshold                      	1e-05

2024-08-08 22:23:37,283 - INFO - Seq. id. threshold                     	0

2024-08-08 22:23:37,283 - INFO - Min alignment length                   	0

2024-08-08 22:23:37,283 - INFO - Seq. id. mode                          	0

2024-08-08 22:23:37,283 - INFO - Alternative alignments                 	0

2024-08-08 22:23:37,283 - INFO - Coverage threshold                     	0

2024-08-08 22:23:37,284 - INFO - Coverage mode                          	0

2024-08-08 22:23:37,284 - INFO - Max sequence length                    	65535

2024-08-08 22:23:37,284 - INFO - Compositional bias                     	1

2024-08-08 22:23:37,284 - INFO - Max reject                             	2147483647

2024-08-08 22:23:37,284 - INFO - Max accept                             	2147483647

2024-08-08 22:23:37,284 - INFO - Include identical seq. id.             	false

2024-08-08 22:23:37,284 - INFO - Preload mode                           	0

2024-08-08 22:23:37,284 - INFO - Pseudo count a                         	1

2024-08-08 22:23:37,284 - INFO - Pseudo count b                         	1.5

2024-08-08 22:23:37,284 - INFO - Score bias                             	0

2024-08-08 22:23:37,284 - INFO - Realign hits                           	false

2024-08-08 22:23:37,284 - INFO - Realign score bias                     	-0.2

2024-08-08 22:23:37,284 - INFO - Realign max seqs                       	2147483647

2024-08-08 22:23:37,284 - INFO - Gap open cost                          	nucl:5,aa:11

2024-08-08 22:23:37,284 - INFO - Gap extension cost                     	nucl:2,aa:1

2024-08-08 22:23:37,284 - INFO - Zdrop                                  	40

2024-08-08 22:23:37,284 - INFO - Threads                                	32

2024-08-08 22:23:37,284 - INFO - Compressed                             	0

2024-08-08 22:23:37,284 - INFO - Verbosity                              	3

2024-08-08 22:23:37,284 - INFO - Seed substitution matrix               	nucl:nucleotide.out,aa:VTML80.out

2024-08-08 22:23:37,284 - INFO - Sensitivity                            	8.5

2024-08-08 22:23:37,284 - INFO - k-mer length                           	0

2024-08-08 22:23:37,284 - INFO - k-score                                	2147483647

2024-08-08 22:23:37,284 - INFO - Alphabet size                          	nucl:5,aa:21

2024-08-08 22:23:37,285 - INFO - Max results per query                  	300

2024-08-08 22:23:37,285 - INFO - Split database                         	0

2024-08-08 22:23:37,285 - INFO - Split mode                             	2

2024-08-08 22:23:37,285 - INFO - Split memory limit                     	0

2024-08-08 22:23:37,285 - INFO - Diagonal scoring                       	true

2024-08-08 22:23:37,285 - INFO - Exact k-mer matching                   	0

2024-08-08 22:23:37,285 - INFO - Mask residues                          	1

2024-08-08 22:23:37,285 - INFO - Mask lower case residues               	0

2024-08-08 22:23:37,285 - INFO - Minimum diagonal score                 	15

2024-08-08 22:23:37,285 - INFO - Spaced k-mers                          	1

2024-08-08 22:23:37,285 - INFO - Spaced k-mer pattern                   	

2024-08-08 22:23:37,285 - INFO - Local temporary path                   	

2024-08-08 22:23:37,285 - INFO - Rescore mode                           	0

2024-08-08 22:23:37,285 - INFO - Remove hits by seq. id. and coverage   	false

2024-08-08 22:23:37,285 - INFO - Sort results                           	0

2024-08-08 22:23:37,285 - INFO - Mask profile                           	1

2024-08-08 22:23:37,285 - INFO - Profile E-value threshold              	0.1

2024-08-08 22:23:37,285 - INFO - Global sequence weighting              	false

2024-08-08 22:23:37,285 - INFO - Allow deletions                        	false

2024-08-08 22:23:37,285 - INFO - Filter MSA                             	1

2024-08-08 22:23:37,285 - INFO - Maximum seq. id. threshold             	0.9

2024-08-08 22:23:37,285 - INFO - Minimum seq. id.                       	0

2024-08-08 22:23:37,285 - INFO - Minimum score per column               	-20

2024-08-08 22:23:37,285 - INFO - Minimum coverage                       	0

2024-08-08 22:23:37,286 - INFO - Select N most diverse seqs             	1000

2024-08-08 22:23:37,286 - INFO - Min codons in orf                      	30

2024-08-08 22:23:37,286 - INFO - Max codons in length                   	32734

2024-08-08 22:23:37,286 - INFO - Max orf gaps                           	2147483647

2024-08-08 22:23:37,286 - INFO - Contig start mode                      	2

2024-08-08 22:23:37,286 - INFO - Contig end mode                        	2

2024-08-08 22:23:37,286 - INFO - Orf start mode                         	1

2024-08-08 22:23:37,286 - INFO - Forward frames                         	1,2,3

2024-08-08 22:23:37,286 - INFO - Reverse frames                         	1,2,3

2024-08-08 22:23:37,286 - INFO - Translation table                      	1

2024-08-08 22:23:37,286 - INFO - Translate orf                          	0

2024-08-08 22:23:37,286 - INFO - Use all table starts                   	false

2024-08-08 22:23:37,286 - INFO - Offset of numeric ids                  	0

2024-08-08 22:23:37,286 - INFO - Create lookup                          	0

2024-08-08 22:23:37,286 - INFO - Add orf stop                           	false

2024-08-08 22:23:37,286 - INFO - Overlap between sequences              	0

2024-08-08 22:23:37,286 - INFO - Sequence split mode                    	1

2024-08-08 22:23:37,286 - INFO - Header split mode                      	0

2024-08-08 22:23:37,286 - INFO - Chain overlapping alignments           	0

2024-08-08 22:23:37,286 - INFO - Merge query                            	1

2024-08-08 22:23:37,286 - INFO - Search type                            	0

2024-08-08 22:23:37,286 - INFO - Search iterations                      	1

2024-08-08 22:23:37,286 - INFO - Start sensitivity                      	4

2024-08-08 22:23:37,287 - INFO - Search steps                           	1

2024-08-08 22:23:37,287 - INFO - Exhaustive search mode                 	false

2024-08-08 22:23:37,287 - INFO - Filter results during exhaustive search	0

2024-08-08 22:23:37,287 - INFO - Strand selection                       	1

2024-08-08 22:23:37,287 - INFO - LCA search mode                        	false

2024-08-08 22:23:37,287 - INFO - Disk space limit                       	0

2024-08-08 22:23:37,287 - INFO - MPI runner                             	

2024-08-08 22:23:37,287 - INFO - Force restart with latest tmp          	false

2024-08-08 22:23:37,287 - INFO - Remove temporary files                 	false

2024-08-08 22:23:37,287 - INFO - 

2024-08-08 22:23:37,480 - INFO - prefilter /data/yangy34/database/pharokka/phrogs_profile_db phage_pharokka/GCA_015343595.1_681|69-1225/target_dir/target_seqs phage_pharokka/GCA_015343595.1_681|69-1225/tmp_dir//3877537601966330162/pref_0 --sub-mat nucl:nucleotide.out,aa:blosum62.out --seed-sub-mat nucl:nucleotide.out,aa:VTML80.out -k 0 --k-score 2147483647 --alph-size nucl:5,aa:21 --max-seq-len 65535 --max-seqs 300 --split 0 --split-mode 2 --split-memory-limit 0 -c 0 --cov-mode 0 --comp-bias-corr 1 --diag-score 1 --exact-kmer-matching 0 --mask 1 --mask-lower-case 0 --min-ungapped-score 15 --add-self-matches 0 --spaced-kmer-mode 1 --db-load-mode 0 --pca 1 --pcb 1.5 --threads 32 --compressed 0 -v 3 -s 8.5 

2024-08-08 22:23:37,480 - INFO - 

2024-08-08 22:23:37,480 - INFO - Query database size: 38880 type: Profile

2024-08-08 22:23:37,480 - INFO - Estimated memory consumption: 488M

2024-08-08 22:23:37,480 - INFO - Target database size: 2 type: Aminoacid

2024-08-08 22:23:37,480 - INFO - Index table k-mer threshold: 0 at k-mer size 6 

2024-08-08 22:23:37,480 - INFO - Index table: counting k-mers

2024-08-08 22:23:37,621 - INFO - [=================================================================] 2 0s 2ms

2024-08-08 22:23:37,621 - INFO - Index table: Masked residues: 0

2024-08-08 22:23:37,621 - INFO - Index table: fill

2024-08-08 22:23:38,772 - INFO - [=================================================================] 2 0s 0ms

2024-08-08 22:23:38,773 - INFO - Index statistics

2024-08-08 22:23:38,773 - INFO - Entries:          344

2024-08-08 22:23:38,773 - INFO - DB size:          488 MB

2024-08-08 22:23:38,773 - INFO - Avg k-mer size:   0.000005

2024-08-08 22:23:38,773 - INFO - Top 10 k-mers

2024-08-08 22:23:38,773 - INFO -     SPTLAA	1

2024-08-08 22:23:38,773 - INFO -     NQIDGA	1

2024-08-08 22:23:38,773 - INFO -     TLDIIA	1

2024-08-08 22:23:38,773 - INFO -     KRIIKA	1

2024-08-08 22:23:38,773 - INFO -     LAVRKA	1

2024-08-08 22:23:38,773 - INFO -     RIEELA	1

2024-08-08 22:23:38,773 - INFO -     VKDKLA	1

2024-08-08 22:23:38,773 - INFO -     RSDNLA	1

2024-08-08 22:23:38,773 - INFO -     SYAVLA	1

2024-08-08 22:23:38,774 - INFO -     RSQWLA	1

2024-08-08 22:23:38,774 - INFO - Time for index table init: 0h 0m 0s 442ms

2024-08-08 22:23:38,774 - INFO - Process prefiltering step 1 of 1

2024-08-08 22:23:38,774 - INFO - 

2024-08-08 22:23:38,774 - INFO - k-mer similarity threshold: 81

2024-08-08 22:23:38,774 - INFO - Starting prefiltering scores calculation (step 1 of 1)

2024-08-08 22:23:38,774 - INFO - Query db start 1 to 38880

2024-08-08 22:23:38,774 - INFO - Target db start 1 to 2

2024-08-08 22:24:43,377 - INFO - [=================================================================] 38.88K 1m 5s 332ms

2024-08-08 22:24:43,377 - INFO - 

2024-08-08 22:24:43,377 - INFO - 5386.328443 k-mers per position

2024-08-08 22:24:43,378 - INFO - 4 DB matches per sequence

2024-08-08 22:24:43,378 - INFO - 0 overflows

2024-08-08 22:24:43,378 - INFO - 0 queries produce too many hits (truncated result)

2024-08-08 22:24:43,378 - INFO - 0 sequences passed prefiltering per query sequence

2024-08-08 22:24:43,378 - INFO - 0 median result list length

2024-08-08 22:24:43,378 - INFO - 34633 sequences with 0 size result lists

2024-08-08 22:24:43,378 - INFO - Time for merging to pref_0: 0h 0m 0s 24ms

2024-08-08 22:24:43,378 - INFO - Time for processing: 0h 1m 6s 84ms

2024-08-08 22:24:43,471 - INFO - align /data/yangy34/database/pharokka/phrogs_profile_db phage_pharokka/GCA_015343595.1_681|69-1225/target_dir/target_seqs phage_pharokka/GCA_015343595.1_681|69-1225/tmp_dir//3877537601966330162/pref_0 phage_pharokka/GCA_015343595.1_681|69-1225/mmseqs/results_mmseqs --sub-mat nucl:nucleotide.out,aa:blosum62.out -a 0 --alignment-mode 2 --alignment-output-mode 0 --wrapped-scoring 0 -e 1e-05 --min-seq-id 0 --min-aln-len 0 --seq-id-mode 0 --alt-ali 0 -c 0 --cov-mode 0 --max-seq-len 65535 --comp-bias-corr 1 --max-rejected 2147483647 --max-accept 2147483647 --add-self-matches 0 --db-load-mode 0 --pca 1 --pcb 1.5 --score-bias 0 --realign 0 --realign-score-bias -0.2 --realign-max-seqs 2147483647 --gap-open nucl:5,aa:11 --gap-extend nucl:2,aa:1 --zdrop 40 --threads 32 --compressed 0 -v 3 

2024-08-08 22:24:43,471 - INFO - 

2024-08-08 22:24:43,471 - INFO - Compute score and coverage

2024-08-08 22:24:43,471 - INFO - Query database size: 38880 type: Profile

2024-08-08 22:24:43,471 - INFO - Target database size: 2 type: Aminoacid

2024-08-08 22:24:43,471 - INFO - Calculation of alignments

2024-08-08 22:24:43,676 - INFO - [=================================================================] 38.88K 0s 191ms

2024-08-08 22:24:43,676 - INFO - Time for merging to results_mmseqs: 0h 0m 0s 21ms

2024-08-08 22:24:43,676 - INFO - 4467 alignments calculated

2024-08-08 22:24:43,677 - INFO - 10 sequence pairs passed the thresholds (0.002239 of overall calculated)

2024-08-08 22:24:43,677 - INFO - 0.000257 hits per query sequence

2024-08-08 22:24:43,677 - INFO - Time for processing: 0h 0m 0s 292ms

2024-08-08 22:24:43,773 - INFO - createtsv /data/yangy34/database/pharokka/phrogs_profile_db phage_pharokka/GCA_015343595.1_681|69-1225/target_dir/target_seqs phage_pharokka/GCA_015343595.1_681|69-1225/mmseqs/results_mmseqs phage_pharokka/GCA_015343595.1_681|69-1225/mmseqs_results.tsv --full-header --threads 32 

2024-08-08 22:24:43,773 - INFO - 

2024-08-08 22:24:43,774 - INFO - MMseqs Version:                 	13.45111

2024-08-08 22:24:43,774 - INFO - First sequence as representative	false

2024-08-08 22:24:43,774 - INFO - Target column                   	1

2024-08-08 22:24:43,774 - INFO - Add full header                 	true

2024-08-08 22:24:43,774 - INFO - Sequence source                 	0

2024-08-08 22:24:43,774 - INFO - Database output                 	false

2024-08-08 22:24:43,774 - INFO - Threads                         	32

2024-08-08 22:24:43,774 - INFO - Compressed                      	0

2024-08-08 22:24:43,774 - INFO - Verbosity                       	3

2024-08-08 22:24:43,774 - INFO - 

2024-08-08 22:24:43,774 - INFO - Time for merging to mmseqs_results.tsv: 0h 0m 0s 28ms

2024-08-08 22:24:43,774 - INFO - Time for processing: 0h 0m 0s 87ms

2024-08-08 22:24:43,805 - INFO - Running mmseqs2 on CARD.
2024-08-08 22:24:43,961 - INFO - createdb phage_pharokka/GCA_015343595.1_681|69-1225/phanotate_aas_tmp.fasta phage_pharokka/GCA_015343595.1_681|69-1225/CARD_target_dir/target_seqs 

2024-08-08 22:24:43,961 - INFO - 

2024-08-08 22:24:43,961 - INFO - MMseqs Version:       	13.45111

2024-08-08 22:24:43,961 - INFO - Database type         	0

2024-08-08 22:24:43,961 - INFO - Shuffle input database	true

2024-08-08 22:24:43,961 - INFO - Createdb mode         	0

2024-08-08 22:24:43,961 - INFO - Write lookup file     	1

2024-08-08 22:24:43,961 - INFO - Offset of numeric ids 	0

2024-08-08 22:24:43,961 - INFO - Compressed            	0

2024-08-08 22:24:43,961 - INFO - Verbosity             	3

2024-08-08 22:24:43,961 - INFO - 

2024-08-08 22:24:43,961 - INFO - Converting sequences

2024-08-08 22:24:43,961 - INFO - [

2024-08-08 22:24:43,961 - INFO - Time for merging to target_seqs_h: 0h 0m 0s 7ms

2024-08-08 22:24:43,961 - INFO - Time for merging to target_seqs: 0h 0m 0s 19ms

2024-08-08 22:24:43,962 - INFO - Database type: Aminoacid

2024-08-08 22:24:43,962 - INFO - Time for processing: 0h 0m 0s 150ms

2024-08-08 22:24:43,970 - INFO - Create directory phage_pharokka/GCA_015343595.1_681|69-1225/CARD_tmp_dir/

2024-08-08 22:24:43,970 - INFO - search --min-seq-id 0.8 -c 0.4 /data/yangy34/database/pharokka/CARD phage_pharokka/GCA_015343595.1_681|69-1225/CARD_target_dir/target_seqs phage_pharokka/GCA_015343595.1_681|69-1225/CARD/results_CARD phage_pharokka/GCA_015343595.1_681|69-1225/CARD_tmp_dir/ -s 8.5 --threads 32 

2024-08-08 22:24:43,970 - INFO - 

2024-08-08 22:24:43,970 - INFO - MMseqs Version:                        	13.45111

2024-08-08 22:24:43,970 - INFO - Substitution matrix                    	nucl:nucleotide.out,aa:blosum62.out

2024-08-08 22:24:43,970 - INFO - Add backtrace                          	false

2024-08-08 22:24:43,970 - INFO - Alignment mode                         	2

2024-08-08 22:24:43,970 - INFO - Alignment mode                         	0

2024-08-08 22:24:43,970 - INFO - Allow wrapped scoring                  	false

2024-08-08 22:24:43,970 - INFO - E-value threshold                      	0.001

2024-08-08 22:24:43,970 - INFO - Seq. id. threshold                     	0.8

2024-08-08 22:24:43,971 - INFO - Min alignment length                   	0

2024-08-08 22:24:43,971 - INFO - Seq. id. mode                          	0

2024-08-08 22:24:43,971 - INFO - Alternative alignments                 	0

2024-08-08 22:24:43,971 - INFO - Coverage threshold                     	0.4

2024-08-08 22:24:43,971 - INFO - Coverage mode                          	0

2024-08-08 22:24:43,971 - INFO - Max sequence length                    	65535

2024-08-08 22:24:43,971 - INFO - Compositional bias                     	1

2024-08-08 22:24:43,971 - INFO - Max reject                             	2147483647

2024-08-08 22:24:43,971 - INFO - Max accept                             	2147483647

2024-08-08 22:24:43,971 - INFO - Include identical seq. id.             	false

2024-08-08 22:24:43,971 - INFO - Preload mode                           	0

2024-08-08 22:24:43,971 - INFO - Pseudo count a                         	1

2024-08-08 22:24:43,971 - INFO - Pseudo count b                         	1.5

2024-08-08 22:24:43,971 - INFO - Score bias                             	0

2024-08-08 22:24:43,971 - INFO - Realign hits                           	false

2024-08-08 22:24:43,971 - INFO - Realign score bias                     	-0.2

2024-08-08 22:24:43,971 - INFO - Realign max seqs                       	2147483647

2024-08-08 22:24:43,971 - INFO - Gap open cost                          	nucl:5,aa:11

2024-08-08 22:24:43,971 - INFO - Gap extension cost                     	nucl:2,aa:1

2024-08-08 22:24:43,971 - INFO - Zdrop                                  	40

2024-08-08 22:24:43,971 - INFO - Threads                                	32

2024-08-08 22:24:43,971 - INFO - Compressed                             	0

2024-08-08 22:24:43,971 - INFO - Verbosity                              	3

2024-08-08 22:24:43,971 - INFO - Seed substitution matrix               	nucl:nucleotide.out,aa:VTML80.out

2024-08-08 22:24:43,971 - INFO - Sensitivity                            	8.5

2024-08-08 22:24:43,972 - INFO - k-mer length                           	0

2024-08-08 22:24:43,972 - INFO - k-score                                	2147483647

2024-08-08 22:24:43,972 - INFO - Alphabet size                          	nucl:5,aa:21

2024-08-08 22:24:43,972 - INFO - Max results per query                  	300

2024-08-08 22:24:43,972 - INFO - Split database                         	0

2024-08-08 22:24:43,972 - INFO - Split mode                             	2

2024-08-08 22:24:43,972 - INFO - Split memory limit                     	0

2024-08-08 22:24:43,972 - INFO - Diagonal scoring                       	true

2024-08-08 22:24:43,972 - INFO - Exact k-mer matching                   	0

2024-08-08 22:24:43,972 - INFO - Mask residues                          	1

2024-08-08 22:24:43,972 - INFO - Mask lower case residues               	0

2024-08-08 22:24:43,972 - INFO - Minimum diagonal score                 	15

2024-08-08 22:24:43,972 - INFO - Spaced k-mers                          	1

2024-08-08 22:24:43,972 - INFO - Spaced k-mer pattern                   	

2024-08-08 22:24:43,972 - INFO - Local temporary path                   	

2024-08-08 22:24:43,972 - INFO - Rescore mode                           	0

2024-08-08 22:24:43,972 - INFO - Remove hits by seq. id. and coverage   	false

2024-08-08 22:24:43,972 - INFO - Sort results                           	0

2024-08-08 22:24:43,972 - INFO - Mask profile                           	1

2024-08-08 22:24:43,972 - INFO - Profile E-value threshold              	0.1

2024-08-08 22:24:43,972 - INFO - Global sequence weighting              	false

2024-08-08 22:24:43,972 - INFO - Allow deletions                        	false

2024-08-08 22:24:43,972 - INFO - Filter MSA                             	1

2024-08-08 22:24:43,972 - INFO - Maximum seq. id. threshold             	0.9

2024-08-08 22:24:43,972 - INFO - Minimum seq. id.                       	0

2024-08-08 22:24:43,973 - INFO - Minimum score per column               	-20

2024-08-08 22:24:43,973 - INFO - Minimum coverage                       	0

2024-08-08 22:24:43,973 - INFO - Select N most diverse seqs             	1000

2024-08-08 22:24:43,973 - INFO - Min codons in orf                      	30

2024-08-08 22:24:43,973 - INFO - Max codons in length                   	32734

2024-08-08 22:24:43,973 - INFO - Max orf gaps                           	2147483647

2024-08-08 22:24:43,973 - INFO - Contig start mode                      	2

2024-08-08 22:24:43,973 - INFO - Contig end mode                        	2

2024-08-08 22:24:43,973 - INFO - Orf start mode                         	1

2024-08-08 22:24:43,973 - INFO - Forward frames                         	1,2,3

2024-08-08 22:24:43,973 - INFO - Reverse frames                         	1,2,3

2024-08-08 22:24:43,973 - INFO - Translation table                      	1

2024-08-08 22:24:43,973 - INFO - Translate orf                          	0

2024-08-08 22:24:43,973 - INFO - Use all table starts                   	false

2024-08-08 22:24:43,973 - INFO - Offset of numeric ids                  	0

2024-08-08 22:24:43,973 - INFO - Create lookup                          	0

2024-08-08 22:24:43,973 - INFO - Add orf stop                           	false

2024-08-08 22:24:43,973 - INFO - Overlap between sequences              	0

2024-08-08 22:24:43,973 - INFO - Sequence split mode                    	1

2024-08-08 22:24:43,973 - INFO - Header split mode                      	0

2024-08-08 22:24:43,973 - INFO - Chain overlapping alignments           	0

2024-08-08 22:24:43,973 - INFO - Merge query                            	1

2024-08-08 22:24:43,973 - INFO - Search type                            	0

2024-08-08 22:24:43,973 - INFO - Search iterations                      	1

2024-08-08 22:24:43,973 - INFO - Start sensitivity                      	4

2024-08-08 22:24:43,974 - INFO - Search steps                           	1

2024-08-08 22:24:43,974 - INFO - Exhaustive search mode                 	false

2024-08-08 22:24:43,974 - INFO - Filter results during exhaustive search	0

2024-08-08 22:24:43,974 - INFO - Strand selection                       	1

2024-08-08 22:24:43,974 - INFO - LCA search mode                        	false

2024-08-08 22:24:43,974 - INFO - Disk space limit                       	0

2024-08-08 22:24:43,974 - INFO - MPI runner                             	

2024-08-08 22:24:43,974 - INFO - Force restart with latest tmp          	false

2024-08-08 22:24:43,974 - INFO - Remove temporary files                 	false

2024-08-08 22:24:43,974 - INFO - 

2024-08-08 22:24:44,125 - INFO - prefilter /data/yangy34/database/pharokka/CARD phage_pharokka/GCA_015343595.1_681|69-1225/CARD_target_dir/target_seqs phage_pharokka/GCA_015343595.1_681|69-1225/CARD_tmp_dir//13153845514084130640/pref_0 --sub-mat nucl:nucleotide.out,aa:blosum62.out --seed-sub-mat nucl:nucleotide.out,aa:VTML80.out -k 0 --k-score 2147483647 --alph-size nucl:5,aa:21 --max-seq-len 65535 --max-seqs 300 --split 0 --split-mode 2 --split-memory-limit 0 -c 0.4 --cov-mode 0 --comp-bias-corr 1 --diag-score 1 --exact-kmer-matching 0 --mask 1 --mask-lower-case 0 --min-ungapped-score 15 --add-self-matches 0 --spaced-kmer-mode 1 --db-load-mode 0 --pca 1 --pcb 1.5 --threads 32 --compressed 0 -v 3 -s 8.5 

2024-08-08 22:24:44,125 - INFO - 

2024-08-08 22:24:44,126 - INFO - Query database size: 4641 type: Aminoacid

2024-08-08 22:24:44,126 - INFO - Estimated memory consumption: 977M

2024-08-08 22:24:44,126 - INFO - Target database size: 2 type: Aminoacid

2024-08-08 22:24:44,126 - INFO - Index table k-mer threshold: 87 at k-mer size 6 

2024-08-08 22:24:44,126 - INFO - Index table: counting k-mers

2024-08-08 22:24:44,291 - INFO - [=================================================================] 2 0s 8ms

2024-08-08 22:24:44,291 - INFO - Index table: Masked residues: 0

2024-08-08 22:24:44,291 - INFO - Index table: fill

2024-08-08 22:24:44,768 - INFO - [=================================================================] 2 0s 1ms

2024-08-08 22:24:44,769 - INFO - Index statistics

2024-08-08 22:24:44,769 - INFO - Entries:          344

2024-08-08 22:24:44,769 - INFO - DB size:          488 MB

2024-08-08 22:24:44,769 - INFO - Avg k-mer size:   0.000005

2024-08-08 22:24:44,769 - INFO - Top 10 k-mers

2024-08-08 22:24:44,769 - INFO -     SPTLAA	1

2024-08-08 22:24:44,769 - INFO -     NQIDGA	1

2024-08-08 22:24:44,769 - INFO -     TLDIIA	1

2024-08-08 22:24:44,769 - INFO -     KRIIKA	1

2024-08-08 22:24:44,769 - INFO -     LAVRKA	1

2024-08-08 22:24:44,769 - INFO -     RIEELA	1

2024-08-08 22:24:44,769 - INFO -     VKDKLA	1

2024-08-08 22:24:44,770 - INFO -     RSDNLA	1

2024-08-08 22:24:44,770 - INFO -     SYAVLA	1

2024-08-08 22:24:44,770 - INFO -     RSQWLA	1

2024-08-08 22:24:44,770 - INFO - Time for index table init: 0h 0m 0s 498ms

2024-08-08 22:24:44,770 - INFO - Process prefiltering step 1 of 1

2024-08-08 22:24:44,770 - INFO - 

2024-08-08 22:24:44,770 - INFO - k-mer similarity threshold: 87

2024-08-08 22:24:44,770 - INFO - Starting prefiltering scores calculation (step 1 of 1)

2024-08-08 22:24:44,770 - INFO - Query db start 1 to 4641

2024-08-08 22:24:44,770 - INFO - Target db start 1 to 2

2024-08-08 22:24:53,533 - INFO - [=================================================================] 4.64K 8s 800ms

2024-08-08 22:24:53,533 - INFO - 

2024-08-08 22:24:53,533 - INFO - 3883.681631 k-mers per position

2024-08-08 22:24:53,533 - INFO - 7 DB matches per sequence

2024-08-08 22:24:53,533 - INFO - 0 overflows

2024-08-08 22:24:53,533 - INFO - 0 queries produce too many hits (truncated result)

2024-08-08 22:24:53,533 - INFO - 0 sequences passed prefiltering per query sequence

2024-08-08 22:24:53,533 - INFO - 0 median result list length

2024-08-08 22:24:53,533 - INFO - 3755 sequences with 0 size result lists

2024-08-08 22:24:53,533 - INFO - Time for merging to pref_0: 0h 0m 0s 12ms

2024-08-08 22:24:53,534 - INFO - Time for processing: 0h 0m 9s 552ms

2024-08-08 22:24:53,559 - INFO - align /data/yangy34/database/pharokka/CARD phage_pharokka/GCA_015343595.1_681|69-1225/CARD_target_dir/target_seqs phage_pharokka/GCA_015343595.1_681|69-1225/CARD_tmp_dir//13153845514084130640/pref_0 phage_pharokka/GCA_015343595.1_681|69-1225/CARD/results_CARD --sub-mat nucl:nucleotide.out,aa:blosum62.out -a 0 --alignment-mode 2 --alignment-output-mode 0 --wrapped-scoring 0 -e 0.001 --min-seq-id 0.8 --min-aln-len 0 --seq-id-mode 0 --alt-ali 0 -c 0.4 --cov-mode 0 --max-seq-len 65535 --comp-bias-corr 1 --max-rejected 2147483647 --max-accept 2147483647 --add-self-matches 0 --db-load-mode 0 --pca 1 --pcb 1.5 --score-bias 0 --realign 0 --realign-score-bias -0.2 --realign-max-seqs 2147483647 --gap-open nucl:5,aa:11 --gap-extend nucl:2,aa:1 --zdrop 40 --threads 32 --compressed 0 -v 3 

2024-08-08 22:24:53,559 - INFO - 

2024-08-08 22:24:53,559 - INFO - Compute score and coverage

2024-08-08 22:24:53,559 - INFO - Query database size: 4641 type: Aminoacid

2024-08-08 22:24:53,559 - INFO - Target database size: 2 type: Aminoacid

2024-08-08 22:24:53,559 - INFO - Calculation of alignments

2024-08-08 22:24:53,580 - INFO - [=================================================================] 4.64K 0s 11ms

2024-08-08 22:24:53,580 - INFO - Time for merging to results_CARD: 0h 0m 0s 11ms

2024-08-08 22:24:53,580 - INFO - 397 alignments calculated

2024-08-08 22:24:53,580 - INFO - 0 sequence pairs passed the thresholds (0.000000 of overall calculated)

2024-08-08 22:24:53,580 - INFO - 0.000000 hits per query sequence

2024-08-08 22:24:53,580 - INFO - Time for processing: 0h 0m 0s 39ms

2024-08-08 22:24:53,702 - INFO - createtsv /data/yangy34/database/pharokka/CARD phage_pharokka/GCA_015343595.1_681|69-1225/CARD_target_dir/target_seqs phage_pharokka/GCA_015343595.1_681|69-1225/CARD/results_CARD phage_pharokka/GCA_015343595.1_681|69-1225/CARD_results.tsv --full-header --threads 32 

2024-08-08 22:24:53,702 - INFO - 

2024-08-08 22:24:53,702 - INFO - MMseqs Version:                 	13.45111

2024-08-08 22:24:53,702 - INFO - First sequence as representative	false

2024-08-08 22:24:53,702 - INFO - Target column                   	1

2024-08-08 22:24:53,703 - INFO - Add full header                 	true

2024-08-08 22:24:53,703 - INFO - Sequence source                 	0

2024-08-08 22:24:53,703 - INFO - Database output                 	false

2024-08-08 22:24:53,703 - INFO - Threads                         	32

2024-08-08 22:24:53,703 - INFO - Compressed                      	0

2024-08-08 22:24:53,703 - INFO - Verbosity                       	3

2024-08-08 22:24:53,703 - INFO - 

2024-08-08 22:24:53,703 - INFO - Time for merging to CARD_results.tsv: 0h 0m 0s 63ms

2024-08-08 22:24:53,703 - INFO - Time for processing: 0h 0m 0s 115ms

2024-08-08 22:24:53,706 - INFO - Running mmseqs2 on vfdb.
2024-08-08 22:24:53,814 - INFO - createdb phage_pharokka/GCA_015343595.1_681|69-1225/phanotate_aas_tmp.fasta phage_pharokka/GCA_015343595.1_681|69-1225/vfdb_target_dir/target_seqs 

2024-08-08 22:24:53,814 - INFO - 

2024-08-08 22:24:53,814 - INFO - MMseqs Version:       	13.45111

2024-08-08 22:24:53,814 - INFO - Database type         	0

2024-08-08 22:24:53,814 - INFO - Shuffle input database	true

2024-08-08 22:24:53,814 - INFO - Createdb mode         	0

2024-08-08 22:24:53,814 - INFO - Write lookup file     	1

2024-08-08 22:24:53,814 - INFO - Offset of numeric ids 	0

2024-08-08 22:24:53,815 - INFO - Compressed            	0

2024-08-08 22:24:53,815 - INFO - Verbosity             	3

2024-08-08 22:24:53,815 - INFO - 

2024-08-08 22:24:53,815 - INFO - Converting sequences

2024-08-08 22:24:53,815 - INFO - [

2024-08-08 22:24:53,815 - INFO - Time for merging to target_seqs_h: 0h 0m 0s 8ms

2024-08-08 22:24:53,815 - INFO - Time for merging to target_seqs: 0h 0m 0s 21ms

2024-08-08 22:24:53,815 - INFO - Database type: Aminoacid

2024-08-08 22:24:53,815 - INFO - Time for processing: 0h 0m 0s 102ms

2024-08-08 22:24:53,825 - INFO - Create directory phage_pharokka/GCA_015343595.1_681|69-1225/vfdb_tmp_dir/

2024-08-08 22:24:53,825 - INFO - search --min-seq-id 0.8 -c 0.4 /data/yangy34/database/pharokka/vfdb phage_pharokka/GCA_015343595.1_681|69-1225/vfdb_target_dir/target_seqs phage_pharokka/GCA_015343595.1_681|69-1225/vfdb/results_vfdb phage_pharokka/GCA_015343595.1_681|69-1225/vfdb_tmp_dir/ -s 8.5 --threads 32 

2024-08-08 22:24:53,825 - INFO - 

2024-08-08 22:24:53,825 - INFO - MMseqs Version:                        	13.45111

2024-08-08 22:24:53,825 - INFO - Substitution matrix                    	nucl:nucleotide.out,aa:blosum62.out

2024-08-08 22:24:53,825 - INFO - Add backtrace                          	false

2024-08-08 22:24:53,825 - INFO - Alignment mode                         	2

2024-08-08 22:24:53,825 - INFO - Alignment mode                         	0

2024-08-08 22:24:53,825 - INFO - Allow wrapped scoring                  	false

2024-08-08 22:24:53,825 - INFO - E-value threshold                      	0.001

2024-08-08 22:24:53,825 - INFO - Seq. id. threshold                     	0.8

2024-08-08 22:24:53,826 - INFO - Min alignment length                   	0

2024-08-08 22:24:53,826 - INFO - Seq. id. mode                          	0

2024-08-08 22:24:53,826 - INFO - Alternative alignments                 	0

2024-08-08 22:24:53,826 - INFO - Coverage threshold                     	0.4

2024-08-08 22:24:53,826 - INFO - Coverage mode                          	0

2024-08-08 22:24:53,826 - INFO - Max sequence length                    	65535

2024-08-08 22:24:53,826 - INFO - Compositional bias                     	1

2024-08-08 22:24:53,826 - INFO - Max reject                             	2147483647

2024-08-08 22:24:53,826 - INFO - Max accept                             	2147483647

2024-08-08 22:24:53,826 - INFO - Include identical seq. id.             	false

2024-08-08 22:24:53,826 - INFO - Preload mode                           	0

2024-08-08 22:24:53,826 - INFO - Pseudo count a                         	1

2024-08-08 22:24:53,826 - INFO - Pseudo count b                         	1.5

2024-08-08 22:24:53,826 - INFO - Score bias                             	0

2024-08-08 22:24:53,826 - INFO - Realign hits                           	false

2024-08-08 22:24:53,826 - INFO - Realign score bias                     	-0.2

2024-08-08 22:24:53,826 - INFO - Realign max seqs                       	2147483647

2024-08-08 22:24:53,826 - INFO - Gap open cost                          	nucl:5,aa:11

2024-08-08 22:24:53,826 - INFO - Gap extension cost                     	nucl:2,aa:1

2024-08-08 22:24:53,826 - INFO - Zdrop                                  	40

2024-08-08 22:24:53,826 - INFO - Threads                                	32

2024-08-08 22:24:53,826 - INFO - Compressed                             	0

2024-08-08 22:24:53,826 - INFO - Verbosity                              	3

2024-08-08 22:24:53,827 - INFO - Seed substitution matrix               	nucl:nucleotide.out,aa:VTML80.out

2024-08-08 22:24:53,827 - INFO - Sensitivity                            	8.5

2024-08-08 22:24:53,827 - INFO - k-mer length                           	0

2024-08-08 22:24:53,827 - INFO - k-score                                	2147483647

2024-08-08 22:24:53,827 - INFO - Alphabet size                          	nucl:5,aa:21

2024-08-08 22:24:53,827 - INFO - Max results per query                  	300

2024-08-08 22:24:53,827 - INFO - Split database                         	0

2024-08-08 22:24:53,827 - INFO - Split mode                             	2

2024-08-08 22:24:53,827 - INFO - Split memory limit                     	0

2024-08-08 22:24:53,827 - INFO - Diagonal scoring                       	true

2024-08-08 22:24:53,827 - INFO - Exact k-mer matching                   	0

2024-08-08 22:24:53,827 - INFO - Mask residues                          	1

2024-08-08 22:24:53,827 - INFO - Mask lower case residues               	0

2024-08-08 22:24:53,827 - INFO - Minimum diagonal score                 	15

2024-08-08 22:24:53,827 - INFO - Spaced k-mers                          	1

2024-08-08 22:24:53,827 - INFO - Spaced k-mer pattern                   	

2024-08-08 22:24:53,827 - INFO - Local temporary path                   	

2024-08-08 22:24:53,827 - INFO - Rescore mode                           	0

2024-08-08 22:24:53,827 - INFO - Remove hits by seq. id. and coverage   	false

2024-08-08 22:24:53,827 - INFO - Sort results                           	0

2024-08-08 22:24:53,827 - INFO - Mask profile                           	1

2024-08-08 22:24:53,827 - INFO - Profile E-value threshold              	0.1

2024-08-08 22:24:53,827 - INFO - Global sequence weighting              	false

2024-08-08 22:24:53,827 - INFO - Allow deletions                        	false

2024-08-08 22:24:53,828 - INFO - Filter MSA                             	1

2024-08-08 22:24:53,828 - INFO - Maximum seq. id. threshold             	0.9

2024-08-08 22:24:53,828 - INFO - Minimum seq. id.                       	0

2024-08-08 22:24:53,828 - INFO - Minimum score per column               	-20

2024-08-08 22:24:53,828 - INFO - Minimum coverage                       	0

2024-08-08 22:24:53,828 - INFO - Select N most diverse seqs             	1000

2024-08-08 22:24:53,828 - INFO - Min codons in orf                      	30

2024-08-08 22:24:53,828 - INFO - Max codons in length                   	32734

2024-08-08 22:24:53,828 - INFO - Max orf gaps                           	2147483647

2024-08-08 22:24:53,828 - INFO - Contig start mode                      	2

2024-08-08 22:24:53,828 - INFO - Contig end mode                        	2

2024-08-08 22:24:53,828 - INFO - Orf start mode                         	1

2024-08-08 22:24:53,828 - INFO - Forward frames                         	1,2,3

2024-08-08 22:24:53,828 - INFO - Reverse frames                         	1,2,3

2024-08-08 22:24:53,828 - INFO - Translation table                      	1

2024-08-08 22:24:53,828 - INFO - Translate orf                          	0

2024-08-08 22:24:53,828 - INFO - Use all table starts                   	false

2024-08-08 22:24:53,828 - INFO - Offset of numeric ids                  	0

2024-08-08 22:24:53,828 - INFO - Create lookup                          	0

2024-08-08 22:24:53,828 - INFO - Add orf stop                           	false

2024-08-08 22:24:53,828 - INFO - Overlap between sequences              	0

2024-08-08 22:24:53,828 - INFO - Sequence split mode                    	1

2024-08-08 22:24:53,828 - INFO - Header split mode                      	0

2024-08-08 22:24:53,829 - INFO - Chain overlapping alignments           	0

2024-08-08 22:24:53,829 - INFO - Merge query                            	1

2024-08-08 22:24:53,829 - INFO - Search type                            	0

2024-08-08 22:24:53,829 - INFO - Search iterations                      	1

2024-08-08 22:24:53,829 - INFO - Start sensitivity                      	4

2024-08-08 22:24:53,829 - INFO - Search steps                           	1

2024-08-08 22:24:53,829 - INFO - Exhaustive search mode                 	false

2024-08-08 22:24:53,829 - INFO - Filter results during exhaustive search	0

2024-08-08 22:24:53,829 - INFO - Strand selection                       	1

2024-08-08 22:24:53,829 - INFO - LCA search mode                        	false

2024-08-08 22:24:53,829 - INFO - Disk space limit                       	0

2024-08-08 22:24:53,829 - INFO - MPI runner                             	

2024-08-08 22:24:53,829 - INFO - Force restart with latest tmp          	false

2024-08-08 22:24:53,829 - INFO - Remove temporary files                 	false

2024-08-08 22:24:53,829 - INFO - 

2024-08-08 22:24:53,997 - INFO - prefilter /data/yangy34/database/pharokka/vfdb phage_pharokka/GCA_015343595.1_681|69-1225/vfdb_target_dir/target_seqs phage_pharokka/GCA_015343595.1_681|69-1225/vfdb_tmp_dir//15483902731794655917/pref_0 --sub-mat nucl:nucleotide.out,aa:blosum62.out --seed-sub-mat nucl:nucleotide.out,aa:VTML80.out -k 0 --k-score 2147483647 --alph-size nucl:5,aa:21 --max-seq-len 65535 --max-seqs 300 --split 0 --split-mode 2 --split-memory-limit 0 -c 0.4 --cov-mode 0 --comp-bias-corr 1 --diag-score 1 --exact-kmer-matching 0 --mask 1 --mask-lower-case 0 --min-ungapped-score 15 --add-self-matches 0 --spaced-kmer-mode 1 --db-load-mode 0 --pca 1 --pcb 1.5 --threads 32 --compressed 0 -v 3 -s 8.5 

2024-08-08 22:24:53,997 - INFO - 

2024-08-08 22:24:53,997 - INFO - Query database size: 27504 type: Aminoacid

2024-08-08 22:24:53,997 - INFO - Estimated memory consumption: 977M

2024-08-08 22:24:53,997 - INFO - Target database size: 2 type: Aminoacid

2024-08-08 22:24:53,997 - INFO - Index table k-mer threshold: 87 at k-mer size 6 

2024-08-08 22:24:53,997 - INFO - Index table: counting k-mers

2024-08-08 22:24:54,133 - INFO - [=================================================================] 2 0s 3ms

2024-08-08 22:24:54,133 - INFO - Index table: Masked residues: 0

2024-08-08 22:24:54,133 - INFO - Index table: fill

2024-08-08 22:24:55,419 - INFO - [=================================================================] 2 0s 0ms

2024-08-08 22:24:55,419 - INFO - Index statistics

2024-08-08 22:24:55,419 - INFO - Entries:          344

2024-08-08 22:24:55,419 - INFO - DB size:          488 MB

2024-08-08 22:24:55,419 - INFO - Avg k-mer size:   0.000005

2024-08-08 22:24:55,419 - INFO - Top 10 k-mers

2024-08-08 22:24:55,419 - INFO -     SPTLAA	1

2024-08-08 22:24:55,419 - INFO -     NQIDGA	1

2024-08-08 22:24:55,419 - INFO -     TLDIIA	1

2024-08-08 22:24:55,419 - INFO -     KRIIKA	1

2024-08-08 22:24:55,419 - INFO -     LAVRKA	1

2024-08-08 22:24:55,420 - INFO -     RIEELA	1

2024-08-08 22:24:55,420 - INFO -     VKDKLA	1

2024-08-08 22:24:55,420 - INFO -     RSDNLA	1

2024-08-08 22:24:55,420 - INFO -     SYAVLA	1

2024-08-08 22:24:55,420 - INFO -     RSQWLA	1

2024-08-08 22:24:55,420 - INFO - Time for index table init: 0h 0m 0s 452ms

2024-08-08 22:24:55,420 - INFO - Process prefiltering step 1 of 1

2024-08-08 22:24:55,420 - INFO - 

2024-08-08 22:24:55,420 - INFO - k-mer similarity threshold: 87

2024-08-08 22:24:55,420 - INFO - Starting prefiltering scores calculation (step 1 of 1)

2024-08-08 22:24:55,420 - INFO - Query db start 1 to 27504

2024-08-08 22:24:55,420 - INFO - Target db start 1 to 2

2024-08-08 22:25:59,728 - INFO - [=================================================================] 27.50K 1m 4s 780ms

2024-08-08 22:25:59,728 - INFO - 

2024-08-08 22:25:59,729 - INFO - 3159.764157 k-mers per position

2024-08-08 22:25:59,729 - INFO - 8 DB matches per sequence

2024-08-08 22:25:59,729 - INFO - 0 overflows

2024-08-08 22:25:59,729 - INFO - 0 queries produce too many hits (truncated result)

2024-08-08 22:25:59,729 - INFO - 0 sequences passed prefiltering per query sequence

2024-08-08 22:25:59,729 - INFO - 0 median result list length

2024-08-08 22:25:59,729 - INFO - 23274 sequences with 0 size result lists

2024-08-08 22:25:59,729 - INFO - Time for merging to pref_0: 0h 0m 0s 22ms

2024-08-08 22:25:59,729 - INFO - Time for processing: 0h 1m 5s 893ms

2024-08-08 22:25:59,774 - INFO - align /data/yangy34/database/pharokka/vfdb phage_pharokka/GCA_015343595.1_681|69-1225/vfdb_target_dir/target_seqs phage_pharokka/GCA_015343595.1_681|69-1225/vfdb_tmp_dir//15483902731794655917/pref_0 phage_pharokka/GCA_015343595.1_681|69-1225/vfdb/results_vfdb --sub-mat nucl:nucleotide.out,aa:blosum62.out -a 0 --alignment-mode 2 --alignment-output-mode 0 --wrapped-scoring 0 -e 0.001 --min-seq-id 0.8 --min-aln-len 0 --seq-id-mode 0 --alt-ali 0 -c 0.4 --cov-mode 0 --max-seq-len 65535 --comp-bias-corr 1 --max-rejected 2147483647 --max-accept 2147483647 --add-self-matches 0 --db-load-mode 0 --pca 1 --pcb 1.5 --score-bias 0 --realign 0 --realign-score-bias -0.2 --realign-max-seqs 2147483647 --gap-open nucl:5,aa:11 --gap-extend nucl:2,aa:1 --zdrop 40 --threads 32 --compressed 0 -v 3 

2024-08-08 22:25:59,774 - INFO - 

2024-08-08 22:25:59,774 - INFO - Compute score and coverage

2024-08-08 22:25:59,774 - INFO - Query database size: 27504 type: Aminoacid

2024-08-08 22:25:59,774 - INFO - Target database size: 2 type: Aminoacid

2024-08-08 22:25:59,774 - INFO - Calculation of alignments

2024-08-08 22:25:59,819 - INFO - [=================================================================] 27.50K 0s 26ms

2024-08-08 22:25:59,820 - INFO - Time for merging to results_vfdb: 0h 0m 0s 17ms

2024-08-08 22:25:59,820 - INFO - 2095 alignments calculated

2024-08-08 22:25:59,820 - INFO - 0 sequence pairs passed the thresholds (0.000000 of overall calculated)

2024-08-08 22:25:59,820 - INFO - 0.000000 hits per query sequence

2024-08-08 22:25:59,820 - INFO - Time for processing: 0h 0m 0s 79ms

2024-08-08 22:25:59,946 - INFO - createtsv /data/yangy34/database/pharokka/vfdb phage_pharokka/GCA_015343595.1_681|69-1225/vfdb_target_dir/target_seqs phage_pharokka/GCA_015343595.1_681|69-1225/vfdb/results_vfdb phage_pharokka/GCA_015343595.1_681|69-1225/vfdb_results.tsv --full-header --threads 32 

2024-08-08 22:25:59,946 - INFO - 

2024-08-08 22:25:59,946 - INFO - MMseqs Version:                 	13.45111

2024-08-08 22:25:59,946 - INFO - First sequence as representative	false

2024-08-08 22:25:59,946 - INFO - Target column                   	1

2024-08-08 22:25:59,946 - INFO - Add full header                 	true

2024-08-08 22:25:59,946 - INFO - Sequence source                 	0

2024-08-08 22:25:59,946 - INFO - Database output                 	false

2024-08-08 22:25:59,946 - INFO - Threads                         	32

2024-08-08 22:25:59,946 - INFO - Compressed                      	0

2024-08-08 22:25:59,946 - INFO - Verbosity                       	3

2024-08-08 22:25:59,946 - INFO - 

2024-08-08 22:25:59,947 - INFO - Time for merging to vfdb_results.tsv: 0h 0m 0s 22ms

2024-08-08 22:25:59,947 - INFO - Time for processing: 0h 0m 0s 119ms

2024-08-08 22:25:59,969 - INFO - Post Processing Output.
2024-08-08 22:26:00,329 - INFO - Converting gff to genbank.
2024-08-08 22:26:00,337 - WARNING - /gpfs/gsfs12/users/yangy34/softwares/mambaforge/envs/pharokka-env/lib/python3.10/site-packages/Bio/SeqIO/InsdcIO.py:728: BiopythonWarning: Increasing length of locus line to allow long name. This will result in fields that are not in usual positions.
  warnings.warn(

2024-08-08 22:26:00,352 - INFO - Finding the closest match for each contig in INPHARED using mash.
2024-08-08 22:26:00,377 - INFO - Sketching GCA_015343595.1_53_phages/GCA_015343595.1_681_69_1225_prophage.fasta...

2024-08-08 22:26:00,378 - INFO - Writing to phage_pharokka/GCA_015343595.1_681|69-1225/input_mash_sketch.msh...

2024-08-08 22:26:01,924 - INFO - pharokka has finished
2024-08-08 22:26:01,924 - INFO - Elapsed time: 150.55 seconds
2024-08-08 22:26:01,924 - INFO - If you use pharokka in your research, please cite:
2024-08-08 22:26:01,924 - INFO - George Bouras, Roshan Nepal, Ghais Houtak, Alkis James Psaltis, Peter-John Wormald, Sarah Vreugde.
2024-08-08 22:26:01,924 - INFO - Pharokka: a fast scalable bacteriophage annotation tool.
2024-08-08 22:26:01,924 - INFO - Bioinformatics, Volume 39, Issue 1, January 2023, btac776.
2024-08-08 22:26:01,925 - INFO - https://doi.org/10.1093/bioinformatics/btac776.
2024-08-08 22:26:01,925 - INFO - You should also cite the full list of tools pharokka uses, which can be found at https://github.com/gbouras13/pharokka#citation.
