2024-08-08 22:26:58,095 - INFO - Starting pharokka v1.3.2
2024-08-08 22:26:58,095 - INFO - Input args: Namespace(infile='GCA_015343595.1_53_phages/GCA_015343595.1_9_1_1358_prophage.fasta', outdir='phage_pharokka/GCA_015343595.1_9|1-1358', database='/data/yangy34/database/pharokka', threads='32', force=False, prefix='Default', locustag='Default', gene_predictor='phanotate', meta=False, split=False, coding_table='11', evalue='1E-05', terminase=False, terminase_strand='nothing', terminase_start='nothing', citation=False)
2024-08-08 22:26:58,095 - INFO - Checking database installation.
2024-08-08 22:26:58,118 - INFO - All databases have been successfully checked.
2024-08-08 22:26:58,118 - INFO - Checking dependencies.
2024-08-08 22:26:59,107 - INFO - phan_out version found is v1.5.1.
2024-08-08 22:26:59,107 - INFO - Phanotate version is ok.
2024-08-08 22:26:59,169 - INFO - MMseqs2 version found is v13.45111.
2024-08-08 22:26:59,169 - INFO - MMseqs2 version is ok.
2024-08-08 22:27:00,032 - INFO - tRNAscan-SE version found is v2.45111.11.
2024-08-08 22:27:00,032 - INFO - tRNAscan-SE version is ok.
2024-08-08 22:27:00,541 - INFO - MinCED version found is v0.4.2.
2024-08-08 22:27:00,541 - INFO - MinCED version is ok.
2024-08-08 22:27:00,560 - INFO - ARAGORN version found is v1.2.41.
2024-08-08 22:27:00,560 - INFO - ARAGORN version is ok.
2024-08-08 22:27:00,634 - INFO - mash version found is v2.2.
2024-08-08 22:27:00,634 - INFO - mash version is ok.
2024-08-08 22:27:00,858 - INFO - Running Phanotate.
2024-08-08 22:27:02,771 - INFO - Translating gene predicted fastas.
2024-08-08 22:27:02,803 - INFO - Starting tRNA-scanSE
2024-08-08 22:27:02,940 - INFO - 

2024-08-08 22:27:02,940 - INFO - tRNAscan-SE v.2.0.11 (Oct 2022) - scan sequences for transfer RNAs

2024-08-08 22:27:02,940 - INFO - Copyright (C) 2022 Patricia Chan and Todd Lowe

2024-08-08 22:27:02,940 - INFO -                    University of California Santa Cruz

2024-08-08 22:27:02,940 - INFO - Freely distributed under the GNU General Public License (GPLv3)

2024-08-08 22:27:02,940 - INFO - 

2024-08-08 22:27:02,941 - INFO - ------------------------------------------------------------

2024-08-08 22:27:02,941 - INFO - Sequence file(s) to search:        GCA_015343595.1_53_phages/GCA_015343595.1_9_1_1358_prophage.fasta

2024-08-08 22:27:02,941 - INFO - Search Mode:                       General

2024-08-08 22:27:02,941 - INFO - Results written to:                Standard output

2024-08-08 22:27:02,941 - INFO - Output format:                     Tabular

2024-08-08 22:27:02,941 - INFO - Searching with:                    Infernal single-pass scan

2024-08-08 22:27:02,941 - INFO -                                    Fast mode

2024-08-08 22:27:02,941 - INFO - Covariance model:                  /gpfs/gsfs12/users/yangy34/softwares/mambaforge/envs/pharokka-env/lib/tRNAscan-SE/models/TRNAinf.cm

2024-08-08 22:27:02,941 - INFO - 

2024-08-08 22:27:02,941 - INFO - Temporary directory:               /tmp

2024-08-08 22:27:02,941 - INFO - tRNA predictions saved to:         phage_pharokka/GCA_015343595.1_9|1-1358/trnascan_out.gff

2024-08-08 22:27:02,941 - INFO - ------------------------------------------------------------

2024-08-08 22:27:02,941 - INFO - 

2024-08-08 22:27:03,067 - INFO - No tRNAs found.

2024-08-08 22:27:03,067 - INFO - 

2024-08-08 22:27:03,081 - INFO - Running MinCED.
2024-08-08 22:27:03,255 - INFO - Running Aragorn.
2024-08-08 22:27:03,259 - INFO - Starting MMseqs2.
2024-08-08 22:27:03,259 - INFO - Running MMseqs2 on PHROGs Database.
2024-08-08 22:27:03,391 - INFO - createdb phage_pharokka/GCA_015343595.1_9|1-1358/phanotate_aas_tmp.fasta phage_pharokka/GCA_015343595.1_9|1-1358/target_dir/target_seqs 

2024-08-08 22:27:03,391 - INFO - 

2024-08-08 22:27:03,391 - INFO - MMseqs Version:       	13.45111

2024-08-08 22:27:03,391 - INFO - Database type         	0

2024-08-08 22:27:03,391 - INFO - Shuffle input database	true

2024-08-08 22:27:03,391 - INFO - Createdb mode         	0

2024-08-08 22:27:03,393 - INFO - Write lookup file     	1

2024-08-08 22:27:03,393 - INFO - Offset of numeric ids 	0

2024-08-08 22:27:03,393 - INFO - Compressed            	0

2024-08-08 22:27:03,393 - INFO - Verbosity             	3

2024-08-08 22:27:03,393 - INFO - 

2024-08-08 22:27:03,393 - INFO - Converting sequences

2024-08-08 22:27:03,393 - INFO - [

2024-08-08 22:27:03,393 - INFO - Time for merging to target_seqs_h: 0h 0m 0s 21ms

2024-08-08 22:27:03,393 - INFO - Time for merging to target_seqs: 0h 0m 0s 22ms

2024-08-08 22:27:03,393 - INFO - Database type: Aminoacid

2024-08-08 22:27:03,393 - INFO - Time for processing: 0h 0m 0s 117ms

2024-08-08 22:27:03,403 - INFO - Create directory phage_pharokka/GCA_015343595.1_9|1-1358/tmp_dir/

2024-08-08 22:27:03,403 - INFO - search -e 1E-05 /data/yangy34/database/pharokka/phrogs_profile_db phage_pharokka/GCA_015343595.1_9|1-1358/target_dir/target_seqs phage_pharokka/GCA_015343595.1_9|1-1358/mmseqs/results_mmseqs phage_pharokka/GCA_015343595.1_9|1-1358/tmp_dir/ -s 8.5 --threads 32 

2024-08-08 22:27:03,403 - INFO - 

2024-08-08 22:27:03,403 - INFO - MMseqs Version:                        	13.45111

2024-08-08 22:27:03,403 - INFO - Substitution matrix                    	nucl:nucleotide.out,aa:blosum62.out

2024-08-08 22:27:03,403 - INFO - Add backtrace                          	false

2024-08-08 22:27:03,403 - INFO - Alignment mode                         	2

2024-08-08 22:27:03,403 - INFO - Alignment mode                         	0

2024-08-08 22:27:03,404 - INFO - Allow wrapped scoring                  	false

2024-08-08 22:27:03,404 - INFO - E-value threshold                      	1e-05

2024-08-08 22:27:03,404 - INFO - Seq. id. threshold                     	0

2024-08-08 22:27:03,404 - INFO - Min alignment length                   	0

2024-08-08 22:27:03,404 - INFO - Seq. id. mode                          	0

2024-08-08 22:27:03,404 - INFO - Alternative alignments                 	0

2024-08-08 22:27:03,404 - INFO - Coverage threshold                     	0

2024-08-08 22:27:03,404 - INFO - Coverage mode                          	0

2024-08-08 22:27:03,404 - INFO - Max sequence length                    	65535

2024-08-08 22:27:03,404 - INFO - Compositional bias                     	1

2024-08-08 22:27:03,404 - INFO - Max reject                             	2147483647

2024-08-08 22:27:03,404 - INFO - Max accept                             	2147483647

2024-08-08 22:27:03,404 - INFO - Include identical seq. id.             	false

2024-08-08 22:27:03,404 - INFO - Preload mode                           	0

2024-08-08 22:27:03,404 - INFO - Pseudo count a                         	1

2024-08-08 22:27:03,404 - INFO - Pseudo count b                         	1.5

2024-08-08 22:27:03,404 - INFO - Score bias                             	0

2024-08-08 22:27:03,404 - INFO - Realign hits                           	false

2024-08-08 22:27:03,405 - INFO - Realign score bias                     	-0.2

2024-08-08 22:27:03,405 - INFO - Realign max seqs                       	2147483647

2024-08-08 22:27:03,405 - INFO - Gap open cost                          	nucl:5,aa:11

2024-08-08 22:27:03,405 - INFO - Gap extension cost                     	nucl:2,aa:1

2024-08-08 22:27:03,405 - INFO - Zdrop                                  	40

2024-08-08 22:27:03,405 - INFO - Threads                                	32

2024-08-08 22:27:03,405 - INFO - Compressed                             	0

2024-08-08 22:27:03,405 - INFO - Verbosity                              	3

2024-08-08 22:27:03,405 - INFO - Seed substitution matrix               	nucl:nucleotide.out,aa:VTML80.out

2024-08-08 22:27:03,405 - INFO - Sensitivity                            	8.5

2024-08-08 22:27:03,405 - INFO - k-mer length                           	0

2024-08-08 22:27:03,405 - INFO - k-score                                	2147483647

2024-08-08 22:27:03,405 - INFO - Alphabet size                          	nucl:5,aa:21

2024-08-08 22:27:03,405 - INFO - Max results per query                  	300

2024-08-08 22:27:03,405 - INFO - Split database                         	0

2024-08-08 22:27:03,405 - INFO - Split mode                             	2

2024-08-08 22:27:03,405 - INFO - Split memory limit                     	0

2024-08-08 22:27:03,405 - INFO - Diagonal scoring                       	true

2024-08-08 22:27:03,405 - INFO - Exact k-mer matching                   	0

2024-08-08 22:27:03,405 - INFO - Mask residues                          	1

2024-08-08 22:27:03,405 - INFO - Mask lower case residues               	0

2024-08-08 22:27:03,405 - INFO - Minimum diagonal score                 	15

2024-08-08 22:27:03,405 - INFO - Spaced k-mers                          	1

2024-08-08 22:27:03,405 - INFO - Spaced k-mer pattern                   	

2024-08-08 22:27:03,405 - INFO - Local temporary path                   	

2024-08-08 22:27:03,406 - INFO - Rescore mode                           	0

2024-08-08 22:27:03,406 - INFO - Remove hits by seq. id. and coverage   	false

2024-08-08 22:27:03,406 - INFO - Sort results                           	0

2024-08-08 22:27:03,406 - INFO - Mask profile                           	1

2024-08-08 22:27:03,406 - INFO - Profile E-value threshold              	0.1

2024-08-08 22:27:03,406 - INFO - Global sequence weighting              	false

2024-08-08 22:27:03,406 - INFO - Allow deletions                        	false

2024-08-08 22:27:03,406 - INFO - Filter MSA                             	1

2024-08-08 22:27:03,406 - INFO - Maximum seq. id. threshold             	0.9

2024-08-08 22:27:03,406 - INFO - Minimum seq. id.                       	0

2024-08-08 22:27:03,406 - INFO - Minimum score per column               	-20

2024-08-08 22:27:03,406 - INFO - Minimum coverage                       	0

2024-08-08 22:27:03,406 - INFO - Select N most diverse seqs             	1000

2024-08-08 22:27:03,406 - INFO - Min codons in orf                      	30

2024-08-08 22:27:03,406 - INFO - Max codons in length                   	32734

2024-08-08 22:27:03,406 - INFO - Max orf gaps                           	2147483647

2024-08-08 22:27:03,406 - INFO - Contig start mode                      	2

2024-08-08 22:27:03,406 - INFO - Contig end mode                        	2

2024-08-08 22:27:03,406 - INFO - Orf start mode                         	1

2024-08-08 22:27:03,406 - INFO - Forward frames                         	1,2,3

2024-08-08 22:27:03,406 - INFO - Reverse frames                         	1,2,3

2024-08-08 22:27:03,406 - INFO - Translation table                      	1

2024-08-08 22:27:03,406 - INFO - Translate orf                          	0

2024-08-08 22:27:03,406 - INFO - Use all table starts                   	false

2024-08-08 22:27:03,407 - INFO - Offset of numeric ids                  	0

2024-08-08 22:27:03,407 - INFO - Create lookup                          	0

2024-08-08 22:27:03,407 - INFO - Add orf stop                           	false

2024-08-08 22:27:03,407 - INFO - Overlap between sequences              	0

2024-08-08 22:27:03,407 - INFO - Sequence split mode                    	1

2024-08-08 22:27:03,407 - INFO - Header split mode                      	0

2024-08-08 22:27:03,407 - INFO - Chain overlapping alignments           	0

2024-08-08 22:27:03,407 - INFO - Merge query                            	1

2024-08-08 22:27:03,407 - INFO - Search type                            	0

2024-08-08 22:27:03,407 - INFO - Search iterations                      	1

2024-08-08 22:27:03,407 - INFO - Start sensitivity                      	4

2024-08-08 22:27:03,407 - INFO - Search steps                           	1

2024-08-08 22:27:03,407 - INFO - Exhaustive search mode                 	false

2024-08-08 22:27:03,407 - INFO - Filter results during exhaustive search	0

2024-08-08 22:27:03,407 - INFO - Strand selection                       	1

2024-08-08 22:27:03,407 - INFO - LCA search mode                        	false

2024-08-08 22:27:03,407 - INFO - Disk space limit                       	0

2024-08-08 22:27:03,407 - INFO - MPI runner                             	

2024-08-08 22:27:03,407 - INFO - Force restart with latest tmp          	false

2024-08-08 22:27:03,407 - INFO - Remove temporary files                 	false

2024-08-08 22:27:03,407 - INFO - 

2024-08-08 22:27:03,564 - INFO - prefilter /data/yangy34/database/pharokka/phrogs_profile_db phage_pharokka/GCA_015343595.1_9|1-1358/target_dir/target_seqs phage_pharokka/GCA_015343595.1_9|1-1358/tmp_dir//17405582822635727053/pref_0 --sub-mat nucl:nucleotide.out,aa:blosum62.out --seed-sub-mat nucl:nucleotide.out,aa:VTML80.out -k 0 --k-score 2147483647 --alph-size nucl:5,aa:21 --max-seq-len 65535 --max-seqs 300 --split 0 --split-mode 2 --split-memory-limit 0 -c 0 --cov-mode 0 --comp-bias-corr 1 --diag-score 1 --exact-kmer-matching 0 --mask 1 --mask-lower-case 0 --min-ungapped-score 15 --add-self-matches 0 --spaced-kmer-mode 1 --db-load-mode 0 --pca 1 --pcb 1.5 --threads 32 --compressed 0 -v 3 -s 8.5 

2024-08-08 22:27:03,564 - INFO - 

2024-08-08 22:27:03,564 - INFO - Query database size: 38880 type: Profile

2024-08-08 22:27:03,564 - INFO - Estimated memory consumption: 488M

2024-08-08 22:27:03,564 - INFO - Target database size: 5 type: Aminoacid

2024-08-08 22:27:03,564 - INFO - Index table k-mer threshold: 0 at k-mer size 6 

2024-08-08 22:27:03,564 - INFO - Index table: counting k-mers

2024-08-08 22:27:03,687 - INFO - [=================================================================] 5 0s 2ms

2024-08-08 22:27:03,688 - INFO - Index table: Masked residues: 12

2024-08-08 22:27:03,688 - INFO - Index table: fill

2024-08-08 22:27:04,935 - INFO - [=================================================================] 5 0s 0ms

2024-08-08 22:27:04,936 - INFO - Index statistics

2024-08-08 22:27:04,936 - INFO - Entries:          320

2024-08-08 22:27:04,936 - INFO - DB size:          488 MB

2024-08-08 22:27:04,936 - INFO - Avg k-mer size:   0.000005

2024-08-08 22:27:04,936 - INFO - Top 10 k-mers

2024-08-08 22:27:04,936 - INFO -     TICDDA	1

2024-08-08 22:27:04,936 - INFO -     RKYTDA	1

2024-08-08 22:27:04,936 - INFO -     EYRYEA	1

2024-08-08 22:27:04,936 - INFO -     IFNDFA	1

2024-08-08 22:27:04,936 - INFO -     YTLTKA	1

2024-08-08 22:27:04,936 - INFO -     GSDSLA	1

2024-08-08 22:27:04,936 - INFO -     VRFNMA	1

2024-08-08 22:27:04,937 - INFO -     SRGCNA	1

2024-08-08 22:27:04,937 - INFO -     DFLCNA	1

2024-08-08 22:27:04,937 - INFO -     IYVERA	1

2024-08-08 22:27:04,937 - INFO - Time for index table init: 0h 0m 0s 420ms

2024-08-08 22:27:04,937 - INFO - Process prefiltering step 1 of 1

2024-08-08 22:27:04,937 - INFO - 

2024-08-08 22:27:04,937 - INFO - k-mer similarity threshold: 81

2024-08-08 22:27:04,937 - INFO - Starting prefiltering scores calculation (step 1 of 1)

2024-08-08 22:27:04,937 - INFO - Query db start 1 to 38880

2024-08-08 22:27:04,937 - INFO - Target db start 1 to 5

2024-08-08 22:28:07,629 - INFO - [=================================================================] 38.88K 1m 3s 588ms

2024-08-08 22:28:07,630 - INFO - 

2024-08-08 22:28:07,630 - INFO - 5386.328443 k-mers per position

2024-08-08 22:28:07,630 - INFO - 4 DB matches per sequence

2024-08-08 22:28:07,630 - INFO - 0 overflows

2024-08-08 22:28:07,630 - INFO - 0 queries produce too many hits (truncated result)

2024-08-08 22:28:07,630 - INFO - 0 sequences passed prefiltering per query sequence

2024-08-08 22:28:07,630 - INFO - 0 median result list length

2024-08-08 22:28:07,630 - INFO - 34613 sequences with 0 size result lists

2024-08-08 22:28:07,630 - INFO - Time for merging to pref_0: 0h 0m 0s 22ms

2024-08-08 22:28:07,630 - INFO - Time for processing: 0h 1m 4s 218ms

2024-08-08 22:28:07,722 - INFO - align /data/yangy34/database/pharokka/phrogs_profile_db phage_pharokka/GCA_015343595.1_9|1-1358/target_dir/target_seqs phage_pharokka/GCA_015343595.1_9|1-1358/tmp_dir//17405582822635727053/pref_0 phage_pharokka/GCA_015343595.1_9|1-1358/mmseqs/results_mmseqs --sub-mat nucl:nucleotide.out,aa:blosum62.out -a 0 --alignment-mode 2 --alignment-output-mode 0 --wrapped-scoring 0 -e 1e-05 --min-seq-id 0 --min-aln-len 0 --seq-id-mode 0 --alt-ali 0 -c 0 --cov-mode 0 --max-seq-len 65535 --comp-bias-corr 1 --max-rejected 2147483647 --max-accept 2147483647 --add-self-matches 0 --db-load-mode 0 --pca 1 --pcb 1.5 --score-bias 0 --realign 0 --realign-score-bias -0.2 --realign-max-seqs 2147483647 --gap-open nucl:5,aa:11 --gap-extend nucl:2,aa:1 --zdrop 40 --threads 32 --compressed 0 -v 3 

2024-08-08 22:28:07,722 - INFO - 

2024-08-08 22:28:07,722 - INFO - Compute score and coverage

2024-08-08 22:28:07,722 - INFO - Query database size: 38880 type: Profile

2024-08-08 22:28:07,722 - INFO - Target database size: 5 type: Aminoacid

2024-08-08 22:28:07,723 - INFO - Calculation of alignments

2024-08-08 22:28:07,910 - INFO - [=================================================================] 38.88K 0s 181ms

2024-08-08 22:28:07,910 - INFO - Time for merging to results_mmseqs: 0h 0m 0s 21ms

2024-08-08 22:28:07,910 - INFO - 4713 alignments calculated

2024-08-08 22:28:07,910 - INFO - 3 sequence pairs passed the thresholds (0.000637 of overall calculated)

2024-08-08 22:28:07,910 - INFO - 0.000077 hits per query sequence

2024-08-08 22:28:07,910 - INFO - Time for processing: 0h 0m 0s 274ms

2024-08-08 22:28:08,004 - INFO - createtsv /data/yangy34/database/pharokka/phrogs_profile_db phage_pharokka/GCA_015343595.1_9|1-1358/target_dir/target_seqs phage_pharokka/GCA_015343595.1_9|1-1358/mmseqs/results_mmseqs phage_pharokka/GCA_015343595.1_9|1-1358/mmseqs_results.tsv --full-header --threads 32 

2024-08-08 22:28:08,004 - INFO - 

2024-08-08 22:28:08,004 - INFO - MMseqs Version:                 	13.45111

2024-08-08 22:28:08,004 - INFO - First sequence as representative	false

2024-08-08 22:28:08,004 - INFO - Target column                   	1

2024-08-08 22:28:08,004 - INFO - Add full header                 	true

2024-08-08 22:28:08,004 - INFO - Sequence source                 	0

2024-08-08 22:28:08,004 - INFO - Database output                 	false

2024-08-08 22:28:08,004 - INFO - Threads                         	32

2024-08-08 22:28:08,004 - INFO - Compressed                      	0

2024-08-08 22:28:08,004 - INFO - Verbosity                       	3

2024-08-08 22:28:08,004 - INFO - 

2024-08-08 22:28:08,004 - INFO - Time for merging to mmseqs_results.tsv: 0h 0m 0s 28ms

2024-08-08 22:28:08,004 - INFO - Time for processing: 0h 0m 0s 85ms

2024-08-08 22:28:08,035 - INFO - Running mmseqs2 on CARD.
2024-08-08 22:28:08,095 - INFO - createdb phage_pharokka/GCA_015343595.1_9|1-1358/phanotate_aas_tmp.fasta phage_pharokka/GCA_015343595.1_9|1-1358/CARD_target_dir/target_seqs 

2024-08-08 22:28:08,095 - INFO - 

2024-08-08 22:28:08,095 - INFO - MMseqs Version:       	13.45111

2024-08-08 22:28:08,095 - INFO - Database type         	0

2024-08-08 22:28:08,096 - INFO - Shuffle input database	true

2024-08-08 22:28:08,096 - INFO - Createdb mode         	0

2024-08-08 22:28:08,096 - INFO - Write lookup file     	1

2024-08-08 22:28:08,096 - INFO - Offset of numeric ids 	0

2024-08-08 22:28:08,096 - INFO - Compressed            	0

2024-08-08 22:28:08,096 - INFO - Verbosity             	3

2024-08-08 22:28:08,096 - INFO - 

2024-08-08 22:28:08,096 - INFO - Converting sequences

2024-08-08 22:28:08,096 - INFO - [

2024-08-08 22:28:08,096 - INFO - Time for merging to target_seqs_h: 0h 0m 0s 7ms

2024-08-08 22:28:08,096 - INFO - Time for merging to target_seqs: 0h 0m 0s 18ms

2024-08-08 22:28:08,096 - INFO - Database type: Aminoacid

2024-08-08 22:28:08,096 - INFO - Time for processing: 0h 0m 0s 55ms

2024-08-08 22:28:08,106 - INFO - Create directory phage_pharokka/GCA_015343595.1_9|1-1358/CARD_tmp_dir/

2024-08-08 22:28:08,106 - INFO - search --min-seq-id 0.8 -c 0.4 /data/yangy34/database/pharokka/CARD phage_pharokka/GCA_015343595.1_9|1-1358/CARD_target_dir/target_seqs phage_pharokka/GCA_015343595.1_9|1-1358/CARD/results_CARD phage_pharokka/GCA_015343595.1_9|1-1358/CARD_tmp_dir/ -s 8.5 --threads 32 

2024-08-08 22:28:08,106 - INFO - 

2024-08-08 22:28:08,106 - INFO - MMseqs Version:                        	13.45111

2024-08-08 22:28:08,106 - INFO - Substitution matrix                    	nucl:nucleotide.out,aa:blosum62.out

2024-08-08 22:28:08,106 - INFO - Add backtrace                          	false

2024-08-08 22:28:08,106 - INFO - Alignment mode                         	2

2024-08-08 22:28:08,106 - INFO - Alignment mode                         	0

2024-08-08 22:28:08,106 - INFO - Allow wrapped scoring                  	false

2024-08-08 22:28:08,106 - INFO - E-value threshold                      	0.001

2024-08-08 22:28:08,106 - INFO - Seq. id. threshold                     	0.8

2024-08-08 22:28:08,106 - INFO - Min alignment length                   	0

2024-08-08 22:28:08,107 - INFO - Seq. id. mode                          	0

2024-08-08 22:28:08,107 - INFO - Alternative alignments                 	0

2024-08-08 22:28:08,107 - INFO - Coverage threshold                     	0.4

2024-08-08 22:28:08,107 - INFO - Coverage mode                          	0

2024-08-08 22:28:08,107 - INFO - Max sequence length                    	65535

2024-08-08 22:28:08,107 - INFO - Compositional bias                     	1

2024-08-08 22:28:08,107 - INFO - Max reject                             	2147483647

2024-08-08 22:28:08,107 - INFO - Max accept                             	2147483647

2024-08-08 22:28:08,107 - INFO - Include identical seq. id.             	false

2024-08-08 22:28:08,107 - INFO - Preload mode                           	0

2024-08-08 22:28:08,107 - INFO - Pseudo count a                         	1

2024-08-08 22:28:08,107 - INFO - Pseudo count b                         	1.5

2024-08-08 22:28:08,107 - INFO - Score bias                             	0

2024-08-08 22:28:08,107 - INFO - Realign hits                           	false

2024-08-08 22:28:08,107 - INFO - Realign score bias                     	-0.2

2024-08-08 22:28:08,107 - INFO - Realign max seqs                       	2147483647

2024-08-08 22:28:08,107 - INFO - Gap open cost                          	nucl:5,aa:11

2024-08-08 22:28:08,107 - INFO - Gap extension cost                     	nucl:2,aa:1

2024-08-08 22:28:08,107 - INFO - Zdrop                                  	40

2024-08-08 22:28:08,107 - INFO - Threads                                	32

2024-08-08 22:28:08,107 - INFO - Compressed                             	0

2024-08-08 22:28:08,107 - INFO - Verbosity                              	3

2024-08-08 22:28:08,107 - INFO - Seed substitution matrix               	nucl:nucleotide.out,aa:VTML80.out

2024-08-08 22:28:08,107 - INFO - Sensitivity                            	8.5

2024-08-08 22:28:08,108 - INFO - k-mer length                           	0

2024-08-08 22:28:08,108 - INFO - k-score                                	2147483647

2024-08-08 22:28:08,108 - INFO - Alphabet size                          	nucl:5,aa:21

2024-08-08 22:28:08,108 - INFO - Max results per query                  	300

2024-08-08 22:28:08,108 - INFO - Split database                         	0

2024-08-08 22:28:08,108 - INFO - Split mode                             	2

2024-08-08 22:28:08,108 - INFO - Split memory limit                     	0

2024-08-08 22:28:08,108 - INFO - Diagonal scoring                       	true

2024-08-08 22:28:08,108 - INFO - Exact k-mer matching                   	0

2024-08-08 22:28:08,108 - INFO - Mask residues                          	1

2024-08-08 22:28:08,108 - INFO - Mask lower case residues               	0

2024-08-08 22:28:08,108 - INFO - Minimum diagonal score                 	15

2024-08-08 22:28:08,108 - INFO - Spaced k-mers                          	1

2024-08-08 22:28:08,108 - INFO - Spaced k-mer pattern                   	

2024-08-08 22:28:08,108 - INFO - Local temporary path                   	

2024-08-08 22:28:08,108 - INFO - Rescore mode                           	0

2024-08-08 22:28:08,108 - INFO - Remove hits by seq. id. and coverage   	false

2024-08-08 22:28:08,108 - INFO - Sort results                           	0

2024-08-08 22:28:08,108 - INFO - Mask profile                           	1

2024-08-08 22:28:08,108 - INFO - Profile E-value threshold              	0.1

2024-08-08 22:28:08,108 - INFO - Global sequence weighting              	false

2024-08-08 22:28:08,108 - INFO - Allow deletions                        	false

2024-08-08 22:28:08,108 - INFO - Filter MSA                             	1

2024-08-08 22:28:08,108 - INFO - Maximum seq. id. threshold             	0.9

2024-08-08 22:28:08,109 - INFO - Minimum seq. id.                       	0

2024-08-08 22:28:08,109 - INFO - Minimum score per column               	-20

2024-08-08 22:28:08,109 - INFO - Minimum coverage                       	0

2024-08-08 22:28:08,109 - INFO - Select N most diverse seqs             	1000

2024-08-08 22:28:08,109 - INFO - Min codons in orf                      	30

2024-08-08 22:28:08,109 - INFO - Max codons in length                   	32734

2024-08-08 22:28:08,109 - INFO - Max orf gaps                           	2147483647

2024-08-08 22:28:08,109 - INFO - Contig start mode                      	2

2024-08-08 22:28:08,109 - INFO - Contig end mode                        	2

2024-08-08 22:28:08,109 - INFO - Orf start mode                         	1

2024-08-08 22:28:08,109 - INFO - Forward frames                         	1,2,3

2024-08-08 22:28:08,109 - INFO - Reverse frames                         	1,2,3

2024-08-08 22:28:08,109 - INFO - Translation table                      	1

2024-08-08 22:28:08,109 - INFO - Translate orf                          	0

2024-08-08 22:28:08,109 - INFO - Use all table starts                   	false

2024-08-08 22:28:08,109 - INFO - Offset of numeric ids                  	0

2024-08-08 22:28:08,109 - INFO - Create lookup                          	0

2024-08-08 22:28:08,109 - INFO - Add orf stop                           	false

2024-08-08 22:28:08,109 - INFO - Overlap between sequences              	0

2024-08-08 22:28:08,109 - INFO - Sequence split mode                    	1

2024-08-08 22:28:08,109 - INFO - Header split mode                      	0

2024-08-08 22:28:08,109 - INFO - Chain overlapping alignments           	0

2024-08-08 22:28:08,109 - INFO - Merge query                            	1

2024-08-08 22:28:08,109 - INFO - Search type                            	0

2024-08-08 22:28:08,109 - INFO - Search iterations                      	1

2024-08-08 22:28:08,110 - INFO - Start sensitivity                      	4

2024-08-08 22:28:08,110 - INFO - Search steps                           	1

2024-08-08 22:28:08,110 - INFO - Exhaustive search mode                 	false

2024-08-08 22:28:08,110 - INFO - Filter results during exhaustive search	0

2024-08-08 22:28:08,110 - INFO - Strand selection                       	1

2024-08-08 22:28:08,110 - INFO - LCA search mode                        	false

2024-08-08 22:28:08,110 - INFO - Disk space limit                       	0

2024-08-08 22:28:08,110 - INFO - MPI runner                             	

2024-08-08 22:28:08,110 - INFO - Force restart with latest tmp          	false

2024-08-08 22:28:08,110 - INFO - Remove temporary files                 	false

2024-08-08 22:28:08,110 - INFO - 

2024-08-08 22:28:08,256 - INFO - prefilter /data/yangy34/database/pharokka/CARD phage_pharokka/GCA_015343595.1_9|1-1358/CARD_target_dir/target_seqs phage_pharokka/GCA_015343595.1_9|1-1358/CARD_tmp_dir//738082968600100861/pref_0 --sub-mat nucl:nucleotide.out,aa:blosum62.out --seed-sub-mat nucl:nucleotide.out,aa:VTML80.out -k 0 --k-score 2147483647 --alph-size nucl:5,aa:21 --max-seq-len 65535 --max-seqs 300 --split 0 --split-mode 2 --split-memory-limit 0 -c 0.4 --cov-mode 0 --comp-bias-corr 1 --diag-score 1 --exact-kmer-matching 0 --mask 1 --mask-lower-case 0 --min-ungapped-score 15 --add-self-matches 0 --spaced-kmer-mode 1 --db-load-mode 0 --pca 1 --pcb 1.5 --threads 32 --compressed 0 -v 3 -s 8.5 

2024-08-08 22:28:08,256 - INFO - 

2024-08-08 22:28:08,257 - INFO - Query database size: 4641 type: Aminoacid

2024-08-08 22:28:08,257 - INFO - Estimated memory consumption: 977M

2024-08-08 22:28:08,257 - INFO - Target database size: 5 type: Aminoacid

2024-08-08 22:28:08,257 - INFO - Index table k-mer threshold: 87 at k-mer size 6 

2024-08-08 22:28:08,257 - INFO - Index table: counting k-mers

2024-08-08 22:28:08,381 - INFO - [=================================================================] 5 0s 4ms

2024-08-08 22:28:08,382 - INFO - Index table: Masked residues: 12

2024-08-08 22:28:08,382 - INFO - Index table: fill

2024-08-08 22:28:08,836 - INFO - [=================================================================] 5 0s 0ms

2024-08-08 22:28:08,836 - INFO - Index statistics

2024-08-08 22:28:08,836 - INFO - Entries:          320

2024-08-08 22:28:08,836 - INFO - DB size:          488 MB

2024-08-08 22:28:08,836 - INFO - Avg k-mer size:   0.000005

2024-08-08 22:28:08,836 - INFO - Top 10 k-mers

2024-08-08 22:28:08,836 - INFO -     TICDDA	1

2024-08-08 22:28:08,836 - INFO -     RKYTDA	1

2024-08-08 22:28:08,836 - INFO -     EYRYEA	1

2024-08-08 22:28:08,836 - INFO -     IFNDFA	1

2024-08-08 22:28:08,837 - INFO -     YTLTKA	1

2024-08-08 22:28:08,837 - INFO -     GSDSLA	1

2024-08-08 22:28:08,837 - INFO -     VRFNMA	1

2024-08-08 22:28:08,837 - INFO -     SRGCNA	1

2024-08-08 22:28:08,837 - INFO -     DFLCNA	1

2024-08-08 22:28:08,837 - INFO -     IYVERA	1

2024-08-08 22:28:08,837 - INFO - Time for index table init: 0h 0m 0s 434ms

2024-08-08 22:28:08,837 - INFO - Process prefiltering step 1 of 1

2024-08-08 22:28:08,837 - INFO - 

2024-08-08 22:28:08,837 - INFO - k-mer similarity threshold: 87

2024-08-08 22:28:08,837 - INFO - Starting prefiltering scores calculation (step 1 of 1)

2024-08-08 22:28:08,837 - INFO - Query db start 1 to 4641

2024-08-08 22:28:08,837 - INFO - Target db start 1 to 5

2024-08-08 22:28:17,415 - INFO - [=================================================================] 4.64K 8s 599ms

2024-08-08 22:28:17,415 - INFO - 

2024-08-08 22:28:17,415 - INFO - 3883.681631 k-mers per position

2024-08-08 22:28:17,415 - INFO - 6 DB matches per sequence

2024-08-08 22:28:17,415 - INFO - 0 overflows

2024-08-08 22:28:17,415 - INFO - 0 queries produce too many hits (truncated result)

2024-08-08 22:28:17,415 - INFO - 0 sequences passed prefiltering per query sequence

2024-08-08 22:28:17,415 - INFO - 0 median result list length

2024-08-08 22:28:17,415 - INFO - 3728 sequences with 0 size result lists

2024-08-08 22:28:17,415 - INFO - Time for merging to pref_0: 0h 0m 0s 11ms

2024-08-08 22:28:17,415 - INFO - Time for processing: 0h 0m 9s 301ms

2024-08-08 22:28:17,436 - INFO - align /data/yangy34/database/pharokka/CARD phage_pharokka/GCA_015343595.1_9|1-1358/CARD_target_dir/target_seqs phage_pharokka/GCA_015343595.1_9|1-1358/CARD_tmp_dir//738082968600100861/pref_0 phage_pharokka/GCA_015343595.1_9|1-1358/CARD/results_CARD --sub-mat nucl:nucleotide.out,aa:blosum62.out -a 0 --alignment-mode 2 --alignment-output-mode 0 --wrapped-scoring 0 -e 0.001 --min-seq-id 0.8 --min-aln-len 0 --seq-id-mode 0 --alt-ali 0 -c 0.4 --cov-mode 0 --max-seq-len 65535 --comp-bias-corr 1 --max-rejected 2147483647 --max-accept 2147483647 --add-self-matches 0 --db-load-mode 0 --pca 1 --pcb 1.5 --score-bias 0 --realign 0 --realign-score-bias -0.2 --realign-max-seqs 2147483647 --gap-open nucl:5,aa:11 --gap-extend nucl:2,aa:1 --zdrop 40 --threads 32 --compressed 0 -v 3 

2024-08-08 22:28:17,436 - INFO - 

2024-08-08 22:28:17,436 - INFO - Compute score and coverage

2024-08-08 22:28:17,436 - INFO - Query database size: 4641 type: Aminoacid

2024-08-08 22:28:17,436 - INFO - Target database size: 5 type: Aminoacid

2024-08-08 22:28:17,436 - INFO - Calculation of alignments

2024-08-08 22:28:17,456 - INFO - [=================================================================] 4.64K 0s 8ms

2024-08-08 22:28:17,456 - INFO - Time for merging to results_CARD: 0h 0m 0s 11ms

2024-08-08 22:28:17,456 - INFO - 366 alignments calculated

2024-08-08 22:28:17,456 - INFO - 0 sequence pairs passed the thresholds (0.000000 of overall calculated)

2024-08-08 22:28:17,457 - INFO - 0.000000 hits per query sequence

2024-08-08 22:28:17,457 - INFO - Time for processing: 0h 0m 0s 35ms

2024-08-08 22:28:17,512 - INFO - createtsv /data/yangy34/database/pharokka/CARD phage_pharokka/GCA_015343595.1_9|1-1358/CARD_target_dir/target_seqs phage_pharokka/GCA_015343595.1_9|1-1358/CARD/results_CARD phage_pharokka/GCA_015343595.1_9|1-1358/CARD_results.tsv --full-header --threads 32 

2024-08-08 22:28:17,513 - INFO - 

2024-08-08 22:28:17,513 - INFO - MMseqs Version:                 	13.45111

2024-08-08 22:28:17,513 - INFO - First sequence as representative	false

2024-08-08 22:28:17,513 - INFO - Target column                   	1

2024-08-08 22:28:17,513 - INFO - Add full header                 	true

2024-08-08 22:28:17,513 - INFO - Sequence source                 	0

2024-08-08 22:28:17,513 - INFO - Database output                 	false

2024-08-08 22:28:17,513 - INFO - Threads                         	32

2024-08-08 22:28:17,513 - INFO - Compressed                      	0

2024-08-08 22:28:17,513 - INFO - Verbosity                       	3

2024-08-08 22:28:17,513 - INFO - 

2024-08-08 22:28:17,513 - INFO - Time for merging to CARD_results.tsv: 0h 0m 0s 12ms

2024-08-08 22:28:17,513 - INFO - Time for processing: 0h 0m 0s 50ms

2024-08-08 22:28:17,518 - INFO - Running mmseqs2 on vfdb.
2024-08-08 22:28:17,577 - INFO - createdb phage_pharokka/GCA_015343595.1_9|1-1358/phanotate_aas_tmp.fasta phage_pharokka/GCA_015343595.1_9|1-1358/vfdb_target_dir/target_seqs 

2024-08-08 22:28:17,577 - INFO - 

2024-08-08 22:28:17,577 - INFO - MMseqs Version:       	13.45111

2024-08-08 22:28:17,577 - INFO - Database type         	0

2024-08-08 22:28:17,577 - INFO - Shuffle input database	true

2024-08-08 22:28:17,577 - INFO - Createdb mode         	0

2024-08-08 22:28:17,577 - INFO - Write lookup file     	1

2024-08-08 22:28:17,577 - INFO - Offset of numeric ids 	0

2024-08-08 22:28:17,577 - INFO - Compressed            	0

2024-08-08 22:28:17,577 - INFO - Verbosity             	3

2024-08-08 22:28:17,577 - INFO - 

2024-08-08 22:28:17,577 - INFO - Converting sequences

2024-08-08 22:28:17,577 - INFO - [

2024-08-08 22:28:17,577 - INFO - Time for merging to target_seqs_h: 0h 0m 0s 7ms

2024-08-08 22:28:17,577 - INFO - Time for merging to target_seqs: 0h 0m 0s 18ms

2024-08-08 22:28:17,577 - INFO - Database type: Aminoacid

2024-08-08 22:28:17,577 - INFO - Time for processing: 0h 0m 0s 54ms

2024-08-08 22:28:17,586 - INFO - Create directory phage_pharokka/GCA_015343595.1_9|1-1358/vfdb_tmp_dir/

2024-08-08 22:28:17,586 - INFO - search --min-seq-id 0.8 -c 0.4 /data/yangy34/database/pharokka/vfdb phage_pharokka/GCA_015343595.1_9|1-1358/vfdb_target_dir/target_seqs phage_pharokka/GCA_015343595.1_9|1-1358/vfdb/results_vfdb phage_pharokka/GCA_015343595.1_9|1-1358/vfdb_tmp_dir/ -s 8.5 --threads 32 

2024-08-08 22:28:17,586 - INFO - 

2024-08-08 22:28:17,586 - INFO - MMseqs Version:                        	13.45111

2024-08-08 22:28:17,586 - INFO - Substitution matrix                    	nucl:nucleotide.out,aa:blosum62.out

2024-08-08 22:28:17,587 - INFO - Add backtrace                          	false

2024-08-08 22:28:17,587 - INFO - Alignment mode                         	2

2024-08-08 22:28:17,587 - INFO - Alignment mode                         	0

2024-08-08 22:28:17,587 - INFO - Allow wrapped scoring                  	false

2024-08-08 22:28:17,587 - INFO - E-value threshold                      	0.001

2024-08-08 22:28:17,587 - INFO - Seq. id. threshold                     	0.8

2024-08-08 22:28:17,587 - INFO - Min alignment length                   	0

2024-08-08 22:28:17,587 - INFO - Seq. id. mode                          	0

2024-08-08 22:28:17,587 - INFO - Alternative alignments                 	0

2024-08-08 22:28:17,587 - INFO - Coverage threshold                     	0.4

2024-08-08 22:28:17,587 - INFO - Coverage mode                          	0

2024-08-08 22:28:17,587 - INFO - Max sequence length                    	65535

2024-08-08 22:28:17,587 - INFO - Compositional bias                     	1

2024-08-08 22:28:17,587 - INFO - Max reject                             	2147483647

2024-08-08 22:28:17,587 - INFO - Max accept                             	2147483647

2024-08-08 22:28:17,587 - INFO - Include identical seq. id.             	false

2024-08-08 22:28:17,587 - INFO - Preload mode                           	0

2024-08-08 22:28:17,587 - INFO - Pseudo count a                         	1

2024-08-08 22:28:17,587 - INFO - Pseudo count b                         	1.5

2024-08-08 22:28:17,587 - INFO - Score bias                             	0

2024-08-08 22:28:17,587 - INFO - Realign hits                           	false

2024-08-08 22:28:17,587 - INFO - Realign score bias                     	-0.2

2024-08-08 22:28:17,587 - INFO - Realign max seqs                       	2147483647

2024-08-08 22:28:17,587 - INFO - Gap open cost                          	nucl:5,aa:11

2024-08-08 22:28:17,588 - INFO - Gap extension cost                     	nucl:2,aa:1

2024-08-08 22:28:17,588 - INFO - Zdrop                                  	40

2024-08-08 22:28:17,588 - INFO - Threads                                	32

2024-08-08 22:28:17,588 - INFO - Compressed                             	0

2024-08-08 22:28:17,588 - INFO - Verbosity                              	3

2024-08-08 22:28:17,588 - INFO - Seed substitution matrix               	nucl:nucleotide.out,aa:VTML80.out

2024-08-08 22:28:17,588 - INFO - Sensitivity                            	8.5

2024-08-08 22:28:17,588 - INFO - k-mer length                           	0

2024-08-08 22:28:17,588 - INFO - k-score                                	2147483647

2024-08-08 22:28:17,588 - INFO - Alphabet size                          	nucl:5,aa:21

2024-08-08 22:28:17,588 - INFO - Max results per query                  	300

2024-08-08 22:28:17,588 - INFO - Split database                         	0

2024-08-08 22:28:17,588 - INFO - Split mode                             	2

2024-08-08 22:28:17,588 - INFO - Split memory limit                     	0

2024-08-08 22:28:17,588 - INFO - Diagonal scoring                       	true

2024-08-08 22:28:17,588 - INFO - Exact k-mer matching                   	0

2024-08-08 22:28:17,588 - INFO - Mask residues                          	1

2024-08-08 22:28:17,588 - INFO - Mask lower case residues               	0

2024-08-08 22:28:17,588 - INFO - Minimum diagonal score                 	15

2024-08-08 22:28:17,588 - INFO - Spaced k-mers                          	1

2024-08-08 22:28:17,588 - INFO - Spaced k-mer pattern                   	

2024-08-08 22:28:17,588 - INFO - Local temporary path                   	

2024-08-08 22:28:17,588 - INFO - Rescore mode                           	0

2024-08-08 22:28:17,588 - INFO - Remove hits by seq. id. and coverage   	false

2024-08-08 22:28:17,589 - INFO - Sort results                           	0

2024-08-08 22:28:17,589 - INFO - Mask profile                           	1

2024-08-08 22:28:17,589 - INFO - Profile E-value threshold              	0.1

2024-08-08 22:28:17,589 - INFO - Global sequence weighting              	false

2024-08-08 22:28:17,589 - INFO - Allow deletions                        	false

2024-08-08 22:28:17,589 - INFO - Filter MSA                             	1

2024-08-08 22:28:17,589 - INFO - Maximum seq. id. threshold             	0.9

2024-08-08 22:28:17,589 - INFO - Minimum seq. id.                       	0

2024-08-08 22:28:17,589 - INFO - Minimum score per column               	-20

2024-08-08 22:28:17,589 - INFO - Minimum coverage                       	0

2024-08-08 22:28:17,589 - INFO - Select N most diverse seqs             	1000

2024-08-08 22:28:17,589 - INFO - Min codons in orf                      	30

2024-08-08 22:28:17,589 - INFO - Max codons in length                   	32734

2024-08-08 22:28:17,589 - INFO - Max orf gaps                           	2147483647

2024-08-08 22:28:17,589 - INFO - Contig start mode                      	2

2024-08-08 22:28:17,589 - INFO - Contig end mode                        	2

2024-08-08 22:28:17,589 - INFO - Orf start mode                         	1

2024-08-08 22:28:17,589 - INFO - Forward frames                         	1,2,3

2024-08-08 22:28:17,589 - INFO - Reverse frames                         	1,2,3

2024-08-08 22:28:17,589 - INFO - Translation table                      	1

2024-08-08 22:28:17,589 - INFO - Translate orf                          	0

2024-08-08 22:28:17,589 - INFO - Use all table starts                   	false

2024-08-08 22:28:17,589 - INFO - Offset of numeric ids                  	0

2024-08-08 22:28:17,589 - INFO - Create lookup                          	0

2024-08-08 22:28:17,589 - INFO - Add orf stop                           	false

2024-08-08 22:28:17,590 - INFO - Overlap between sequences              	0

2024-08-08 22:28:17,590 - INFO - Sequence split mode                    	1

2024-08-08 22:28:17,590 - INFO - Header split mode                      	0

2024-08-08 22:28:17,590 - INFO - Chain overlapping alignments           	0

2024-08-08 22:28:17,590 - INFO - Merge query                            	1

2024-08-08 22:28:17,590 - INFO - Search type                            	0

2024-08-08 22:28:17,590 - INFO - Search iterations                      	1

2024-08-08 22:28:17,590 - INFO - Start sensitivity                      	4

2024-08-08 22:28:17,590 - INFO - Search steps                           	1

2024-08-08 22:28:17,590 - INFO - Exhaustive search mode                 	false

2024-08-08 22:28:17,590 - INFO - Filter results during exhaustive search	0

2024-08-08 22:28:17,590 - INFO - Strand selection                       	1

2024-08-08 22:28:17,590 - INFO - LCA search mode                        	false

2024-08-08 22:28:17,590 - INFO - Disk space limit                       	0

2024-08-08 22:28:17,590 - INFO - MPI runner                             	

2024-08-08 22:28:17,590 - INFO - Force restart with latest tmp          	false

2024-08-08 22:28:17,590 - INFO - Remove temporary files                 	false

2024-08-08 22:28:17,590 - INFO - 

2024-08-08 22:28:17,740 - INFO - prefilter /data/yangy34/database/pharokka/vfdb phage_pharokka/GCA_015343595.1_9|1-1358/vfdb_target_dir/target_seqs phage_pharokka/GCA_015343595.1_9|1-1358/vfdb_tmp_dir//13097833287638482461/pref_0 --sub-mat nucl:nucleotide.out,aa:blosum62.out --seed-sub-mat nucl:nucleotide.out,aa:VTML80.out -k 0 --k-score 2147483647 --alph-size nucl:5,aa:21 --max-seq-len 65535 --max-seqs 300 --split 0 --split-mode 2 --split-memory-limit 0 -c 0.4 --cov-mode 0 --comp-bias-corr 1 --diag-score 1 --exact-kmer-matching 0 --mask 1 --mask-lower-case 0 --min-ungapped-score 15 --add-self-matches 0 --spaced-kmer-mode 1 --db-load-mode 0 --pca 1 --pcb 1.5 --threads 32 --compressed 0 -v 3 -s 8.5 

2024-08-08 22:28:17,741 - INFO - 

2024-08-08 22:28:17,741 - INFO - Query database size: 27504 type: Aminoacid

2024-08-08 22:28:17,741 - INFO - Estimated memory consumption: 977M

2024-08-08 22:28:17,741 - INFO - Target database size: 5 type: Aminoacid

2024-08-08 22:28:17,741 - INFO - Index table k-mer threshold: 87 at k-mer size 6 

2024-08-08 22:28:17,741 - INFO - Index table: counting k-mers

2024-08-08 22:28:17,866 - INFO - [=================================================================] 5 0s 4ms

2024-08-08 22:28:17,866 - INFO - Index table: Masked residues: 12

2024-08-08 22:28:17,866 - INFO - Index table: fill

2024-08-08 22:28:19,126 - INFO - [=================================================================] 5 0s 1ms

2024-08-08 22:28:19,126 - INFO - Index statistics

2024-08-08 22:28:19,126 - INFO - Entries:          320

2024-08-08 22:28:19,126 - INFO - DB size:          488 MB

2024-08-08 22:28:19,126 - INFO - Avg k-mer size:   0.000005

2024-08-08 22:28:19,126 - INFO - Top 10 k-mers

2024-08-08 22:28:19,126 - INFO -     TICDDA	1

2024-08-08 22:28:19,126 - INFO -     RKYTDA	1

2024-08-08 22:28:19,126 - INFO -     EYRYEA	1

2024-08-08 22:28:19,126 - INFO -     IFNDFA	1

2024-08-08 22:28:19,127 - INFO -     YTLTKA	1

2024-08-08 22:28:19,127 - INFO -     GSDSLA	1

2024-08-08 22:28:19,127 - INFO -     VRFNMA	1

2024-08-08 22:28:19,127 - INFO -     SRGCNA	1

2024-08-08 22:28:19,127 - INFO -     DFLCNA	1

2024-08-08 22:28:19,127 - INFO -     IYVERA	1

2024-08-08 22:28:19,127 - INFO - Time for index table init: 0h 0m 0s 427ms

2024-08-08 22:28:19,127 - INFO - Process prefiltering step 1 of 1

2024-08-08 22:28:19,127 - INFO - 

2024-08-08 22:28:19,127 - INFO - k-mer similarity threshold: 87

2024-08-08 22:28:19,127 - INFO - Starting prefiltering scores calculation (step 1 of 1)

2024-08-08 22:28:19,127 - INFO - Query db start 1 to 27504

2024-08-08 22:28:19,127 - INFO - Target db start 1 to 5

2024-08-08 22:29:21,894 - INFO - [=================================================================] 27.50K 1m 3s 313ms

2024-08-08 22:29:21,894 - INFO - 

2024-08-08 22:29:21,894 - INFO - 3159.764157 k-mers per position

2024-08-08 22:29:21,894 - INFO - 8 DB matches per sequence

2024-08-08 22:29:21,894 - INFO - 0 overflows

2024-08-08 22:29:21,894 - INFO - 0 queries produce too many hits (truncated result)

2024-08-08 22:29:21,894 - INFO - 0 sequences passed prefiltering per query sequence

2024-08-08 22:29:21,894 - INFO - 0 median result list length

2024-08-08 22:29:21,894 - INFO - 23453 sequences with 0 size result lists

2024-08-08 22:29:21,894 - INFO - Time for merging to pref_0: 0h 0m 0s 19ms

2024-08-08 22:29:21,894 - INFO - Time for processing: 0h 1m 4s 299ms

2024-08-08 22:29:21,932 - INFO - align /data/yangy34/database/pharokka/vfdb phage_pharokka/GCA_015343595.1_9|1-1358/vfdb_target_dir/target_seqs phage_pharokka/GCA_015343595.1_9|1-1358/vfdb_tmp_dir//13097833287638482461/pref_0 phage_pharokka/GCA_015343595.1_9|1-1358/vfdb/results_vfdb --sub-mat nucl:nucleotide.out,aa:blosum62.out -a 0 --alignment-mode 2 --alignment-output-mode 0 --wrapped-scoring 0 -e 0.001 --min-seq-id 0.8 --min-aln-len 0 --seq-id-mode 0 --alt-ali 0 -c 0.4 --cov-mode 0 --max-seq-len 65535 --comp-bias-corr 1 --max-rejected 2147483647 --max-accept 2147483647 --add-self-matches 0 --db-load-mode 0 --pca 1 --pcb 1.5 --score-bias 0 --realign 0 --realign-score-bias -0.2 --realign-max-seqs 2147483647 --gap-open nucl:5,aa:11 --gap-extend nucl:2,aa:1 --zdrop 40 --threads 32 --compressed 0 -v 3 

2024-08-08 22:29:21,932 - INFO - 

2024-08-08 22:29:21,933 - INFO - Compute score and coverage

2024-08-08 22:29:21,933 - INFO - Query database size: 27504 type: Aminoacid

2024-08-08 22:29:21,933 - INFO - Target database size: 5 type: Aminoacid

2024-08-08 22:29:21,933 - INFO - Calculation of alignments

2024-08-08 22:29:21,971 - INFO - [=================================================================] 27.50K 0s 17ms

2024-08-08 22:29:21,971 - INFO - Time for merging to results_vfdb: 0h 0m 0s 17ms

2024-08-08 22:29:21,971 - INFO - 642 alignments calculated

2024-08-08 22:29:21,971 - INFO - 0 sequence pairs passed the thresholds (0.000000 of overall calculated)

2024-08-08 22:29:21,971 - INFO - 0.000000 hits per query sequence

2024-08-08 22:29:21,971 - INFO - Time for processing: 0h 0m 0s 69ms

2024-08-08 22:29:22,058 - INFO - createtsv /data/yangy34/database/pharokka/vfdb phage_pharokka/GCA_015343595.1_9|1-1358/vfdb_target_dir/target_seqs phage_pharokka/GCA_015343595.1_9|1-1358/vfdb/results_vfdb phage_pharokka/GCA_015343595.1_9|1-1358/vfdb_results.tsv --full-header --threads 32 

2024-08-08 22:29:22,058 - INFO - 

2024-08-08 22:29:22,058 - INFO - MMseqs Version:                 	13.45111

2024-08-08 22:29:22,058 - INFO - First sequence as representative	false

2024-08-08 22:29:22,058 - INFO - Target column                   	1

2024-08-08 22:29:22,058 - INFO - Add full header                 	true

2024-08-08 22:29:22,058 - INFO - Sequence source                 	0

2024-08-08 22:29:22,058 - INFO - Database output                 	false

2024-08-08 22:29:22,058 - INFO - Threads                         	32

2024-08-08 22:29:22,058 - INFO - Compressed                      	0

2024-08-08 22:29:22,058 - INFO - Verbosity                       	3

2024-08-08 22:29:22,058 - INFO - 

2024-08-08 22:29:22,058 - INFO - Time for merging to vfdb_results.tsv: 0h 0m 0s 22ms

2024-08-08 22:29:22,059 - INFO - Time for processing: 0h 0m 0s 80ms

2024-08-08 22:29:22,080 - INFO - Post Processing Output.
2024-08-08 22:29:22,378 - INFO - Converting gff to genbank.
2024-08-08 22:29:22,385 - WARNING - /gpfs/gsfs12/users/yangy34/softwares/mambaforge/envs/pharokka-env/lib/python3.10/site-packages/Bio/SeqIO/InsdcIO.py:728: BiopythonWarning: Increasing length of locus line to allow long name. This will result in fields that are not in usual positions.
  warnings.warn(

2024-08-08 22:29:22,399 - INFO - Finding the closest match for each contig in INPHARED using mash.
2024-08-08 22:29:22,421 - INFO - Sketching GCA_015343595.1_53_phages/GCA_015343595.1_9_1_1358_prophage.fasta...

2024-08-08 22:29:22,423 - INFO - Writing to phage_pharokka/GCA_015343595.1_9|1-1358/input_mash_sketch.msh...

2024-08-08 22:29:23,948 - INFO - pharokka has finished
2024-08-08 22:29:23,948 - INFO - Elapsed time: 145.89 seconds
2024-08-08 22:29:23,948 - INFO - If you use pharokka in your research, please cite:
2024-08-08 22:29:23,948 - INFO - George Bouras, Roshan Nepal, Ghais Houtak, Alkis James Psaltis, Peter-John Wormald, Sarah Vreugde.
2024-08-08 22:29:23,948 - INFO - Pharokka: a fast scalable bacteriophage annotation tool.
2024-08-08 22:29:23,948 - INFO - Bioinformatics, Volume 39, Issue 1, January 2023, btac776.
2024-08-08 22:29:23,948 - INFO - https://doi.org/10.1093/bioinformatics/btac776.
2024-08-08 22:29:23,948 - INFO - You should also cite the full list of tools pharokka uses, which can be found at https://github.com/gbouras13/pharokka#citation.
