2024-08-08 21:28:42,130 - INFO - Starting pharokka v1.3.2
2024-08-08 21:28:42,130 - INFO - Input args: Namespace(infile='GCA_015343595.1_53_phages/GCA_015343595.1_1004_2_2316_prophage.fasta', outdir='phage_pharokka/GCA_015343595.1_1004|2-2316', database='/data/yangy34/database/pharokka', threads='32', force=False, prefix='Default', locustag='Default', gene_predictor='phanotate', meta=False, split=False, coding_table='11', evalue='1E-05', terminase=False, terminase_strand='nothing', terminase_start='nothing', citation=False)
2024-08-08 21:28:42,130 - INFO - Checking database installation.
2024-08-08 21:28:42,157 - INFO - All databases have been successfully checked.
2024-08-08 21:28:42,157 - INFO - Checking dependencies.
2024-08-08 21:28:43,380 - INFO - phan_out version found is v1.5.1.
2024-08-08 21:28:43,380 - INFO - Phanotate version is ok.
2024-08-08 21:28:43,415 - INFO - MMseqs2 version found is v13.45111.
2024-08-08 21:28:43,415 - INFO - MMseqs2 version is ok.
2024-08-08 21:28:44,272 - INFO - tRNAscan-SE version found is v2.45111.11.
2024-08-08 21:28:44,273 - INFO - tRNAscan-SE version is ok.
2024-08-08 21:28:44,845 - INFO - MinCED version found is v0.4.2.
2024-08-08 21:28:44,845 - INFO - MinCED version is ok.
2024-08-08 21:28:44,862 - INFO - ARAGORN version found is v1.2.41.
2024-08-08 21:28:44,862 - INFO - ARAGORN version is ok.
2024-08-08 21:28:44,916 - INFO - mash version found is v2.2.
2024-08-08 21:28:44,916 - INFO - mash version is ok.
2024-08-08 21:28:45,134 - INFO - Running Phanotate.
2024-08-08 21:28:48,238 - INFO - Translating gene predicted fastas.
2024-08-08 21:28:48,255 - INFO - Starting tRNA-scanSE
2024-08-08 21:28:48,572 - INFO - 

2024-08-08 21:28:48,572 - INFO - tRNAscan-SE v.2.0.11 (Oct 2022) - scan sequences for transfer RNAs

2024-08-08 21:28:48,572 - INFO - Copyright (C) 2022 Patricia Chan and Todd Lowe

2024-08-08 21:28:48,572 - INFO -                    University of California Santa Cruz

2024-08-08 21:28:48,572 - INFO - Freely distributed under the GNU General Public License (GPLv3)

2024-08-08 21:28:48,572 - INFO - 

2024-08-08 21:28:48,572 - INFO - ------------------------------------------------------------

2024-08-08 21:28:48,572 - INFO - Sequence file(s) to search:        GCA_015343595.1_53_phages/GCA_015343595.1_1004_2_2316_prophage.fasta

2024-08-08 21:28:48,572 - INFO - Search Mode:                       General

2024-08-08 21:28:48,572 - INFO - Results written to:                Standard output

2024-08-08 21:28:48,572 - INFO - Output format:                     Tabular

2024-08-08 21:28:48,572 - INFO - Searching with:                    Infernal single-pass scan

2024-08-08 21:28:48,572 - INFO -                                    Fast mode

2024-08-08 21:28:48,573 - INFO - Covariance model:                  /gpfs/gsfs12/users/yangy34/softwares/mambaforge/envs/pharokka-env/lib/tRNAscan-SE/models/TRNAinf.cm

2024-08-08 21:28:48,573 - INFO - 

2024-08-08 21:28:48,573 - INFO - Temporary directory:               /tmp

2024-08-08 21:28:48,573 - INFO - tRNA predictions saved to:         phage_pharokka/GCA_015343595.1_1004|2-2316/trnascan_out.gff

2024-08-08 21:28:48,573 - INFO - ------------------------------------------------------------

2024-08-08 21:28:48,573 - INFO - 

2024-08-08 21:28:48,698 - INFO - No tRNAs found.

2024-08-08 21:28:48,698 - INFO - 

2024-08-08 21:28:48,726 - INFO - Running MinCED.
2024-08-08 21:28:48,937 - INFO - Running Aragorn.
2024-08-08 21:28:48,944 - INFO - Starting MMseqs2.
2024-08-08 21:28:48,944 - INFO - Running MMseqs2 on PHROGs Database.
2024-08-08 21:28:51,550 - INFO - createdb phage_pharokka/GCA_015343595.1_1004|2-2316/phanotate_aas_tmp.fasta phage_pharokka/GCA_015343595.1_1004|2-2316/target_dir/target_seqs 

2024-08-08 21:28:51,550 - INFO - 

2024-08-08 21:28:51,550 - INFO - MMseqs Version:       	13.45111

2024-08-08 21:28:51,550 - INFO - Database type         	0

2024-08-08 21:28:51,550 - INFO - Shuffle input database	true

2024-08-08 21:28:51,552 - INFO - Createdb mode         	0

2024-08-08 21:28:51,552 - INFO - Write lookup file     	1

2024-08-08 21:28:51,552 - INFO - Offset of numeric ids 	0

2024-08-08 21:28:51,552 - INFO - Compressed            	0

2024-08-08 21:28:51,552 - INFO - Verbosity             	3

2024-08-08 21:28:51,552 - INFO - 

2024-08-08 21:28:51,552 - INFO - Converting sequences

2024-08-08 21:28:51,552 - INFO - [

2024-08-08 21:28:51,552 - INFO - Time for merging to target_seqs_h: 0h 0m 0s 909ms

2024-08-08 21:28:51,552 - INFO - Time for merging to target_seqs: 0h 0m 0s 71ms

2024-08-08 21:28:51,552 - INFO - Database type: Aminoacid

2024-08-08 21:28:51,553 - INFO - Time for processing: 0h 0m 2s 590ms

2024-08-08 21:28:51,567 - INFO - Create directory phage_pharokka/GCA_015343595.1_1004|2-2316/tmp_dir/

2024-08-08 21:28:51,567 - INFO - search -e 1E-05 /data/yangy34/database/pharokka/phrogs_profile_db phage_pharokka/GCA_015343595.1_1004|2-2316/target_dir/target_seqs phage_pharokka/GCA_015343595.1_1004|2-2316/mmseqs/results_mmseqs phage_pharokka/GCA_015343595.1_1004|2-2316/tmp_dir/ -s 8.5 --threads 32 

2024-08-08 21:28:51,568 - INFO - 

2024-08-08 21:28:51,568 - INFO - MMseqs Version:                        	13.45111

2024-08-08 21:28:51,568 - INFO - Substitution matrix                    	nucl:nucleotide.out,aa:blosum62.out

2024-08-08 21:28:51,568 - INFO - Add backtrace                          	false

2024-08-08 21:28:51,568 - INFO - Alignment mode                         	2

2024-08-08 21:28:51,568 - INFO - Alignment mode                         	0

2024-08-08 21:28:51,568 - INFO - Allow wrapped scoring                  	false

2024-08-08 21:28:51,568 - INFO - E-value threshold                      	1e-05

2024-08-08 21:28:51,568 - INFO - Seq. id. threshold                     	0

2024-08-08 21:28:51,568 - INFO - Min alignment length                   	0

2024-08-08 21:28:51,568 - INFO - Seq. id. mode                          	0

2024-08-08 21:28:51,568 - INFO - Alternative alignments                 	0

2024-08-08 21:28:51,568 - INFO - Coverage threshold                     	0

2024-08-08 21:28:51,568 - INFO - Coverage mode                          	0

2024-08-08 21:28:51,568 - INFO - Max sequence length                    	65535

2024-08-08 21:28:51,568 - INFO - Compositional bias                     	1

2024-08-08 21:28:51,568 - INFO - Max reject                             	2147483647

2024-08-08 21:28:51,568 - INFO - Max accept                             	2147483647

2024-08-08 21:28:51,568 - INFO - Include identical seq. id.             	false

2024-08-08 21:28:51,568 - INFO - Preload mode                           	0

2024-08-08 21:28:51,568 - INFO - Pseudo count a                         	1

2024-08-08 21:28:51,568 - INFO - Pseudo count b                         	1.5

2024-08-08 21:28:51,568 - INFO - Score bias                             	0

2024-08-08 21:28:51,568 - INFO - Realign hits                           	false

2024-08-08 21:28:51,568 - INFO - Realign score bias                     	-0.2

2024-08-08 21:28:51,568 - INFO - Realign max seqs                       	2147483647

2024-08-08 21:28:51,568 - INFO - Gap open cost                          	nucl:5,aa:11

2024-08-08 21:28:51,569 - INFO - Gap extension cost                     	nucl:2,aa:1

2024-08-08 21:28:51,569 - INFO - Zdrop                                  	40

2024-08-08 21:28:51,569 - INFO - Threads                                	32

2024-08-08 21:28:51,569 - INFO - Compressed                             	0

2024-08-08 21:28:51,569 - INFO - Verbosity                              	3

2024-08-08 21:28:51,569 - INFO - Seed substitution matrix               	nucl:nucleotide.out,aa:VTML80.out

2024-08-08 21:28:51,569 - INFO - Sensitivity                            	8.5

2024-08-08 21:28:51,569 - INFO - k-mer length                           	0

2024-08-08 21:28:51,569 - INFO - k-score                                	2147483647

2024-08-08 21:28:51,569 - INFO - Alphabet size                          	nucl:5,aa:21

2024-08-08 21:28:51,569 - INFO - Max results per query                  	300

2024-08-08 21:28:51,569 - INFO - Split database                         	0

2024-08-08 21:28:51,569 - INFO - Split mode                             	2

2024-08-08 21:28:51,569 - INFO - Split memory limit                     	0

2024-08-08 21:28:51,569 - INFO - Diagonal scoring                       	true

2024-08-08 21:28:51,569 - INFO - Exact k-mer matching                   	0

2024-08-08 21:28:51,569 - INFO - Mask residues                          	1

2024-08-08 21:28:51,569 - INFO - Mask lower case residues               	0

2024-08-08 21:28:51,569 - INFO - Minimum diagonal score                 	15

2024-08-08 21:28:51,569 - INFO - Spaced k-mers                          	1

2024-08-08 21:28:51,569 - INFO - Spaced k-mer pattern                   	

2024-08-08 21:28:51,569 - INFO - Local temporary path                   	

2024-08-08 21:28:51,569 - INFO - Rescore mode                           	0

2024-08-08 21:28:51,569 - INFO - Remove hits by seq. id. and coverage   	false

2024-08-08 21:28:51,569 - INFO - Sort results                           	0

2024-08-08 21:28:51,569 - INFO - Mask profile                           	1

2024-08-08 21:28:51,569 - INFO - Profile E-value threshold              	0.1

2024-08-08 21:28:51,570 - INFO - Global sequence weighting              	false

2024-08-08 21:28:51,570 - INFO - Allow deletions                        	false

2024-08-08 21:28:51,570 - INFO - Filter MSA                             	1

2024-08-08 21:28:51,570 - INFO - Maximum seq. id. threshold             	0.9

2024-08-08 21:28:51,570 - INFO - Minimum seq. id.                       	0

2024-08-08 21:28:51,570 - INFO - Minimum score per column               	-20

2024-08-08 21:28:51,570 - INFO - Minimum coverage                       	0

2024-08-08 21:28:51,570 - INFO - Select N most diverse seqs             	1000

2024-08-08 21:28:51,570 - INFO - Min codons in orf                      	30

2024-08-08 21:28:51,570 - INFO - Max codons in length                   	32734

2024-08-08 21:28:51,570 - INFO - Max orf gaps                           	2147483647

2024-08-08 21:28:51,570 - INFO - Contig start mode                      	2

2024-08-08 21:28:51,570 - INFO - Contig end mode                        	2

2024-08-08 21:28:51,570 - INFO - Orf start mode                         	1

2024-08-08 21:28:51,570 - INFO - Forward frames                         	1,2,3

2024-08-08 21:28:51,570 - INFO - Reverse frames                         	1,2,3

2024-08-08 21:28:51,570 - INFO - Translation table                      	1

2024-08-08 21:28:51,570 - INFO - Translate orf                          	0

2024-08-08 21:28:51,570 - INFO - Use all table starts                   	false

2024-08-08 21:28:51,570 - INFO - Offset of numeric ids                  	0

2024-08-08 21:28:51,570 - INFO - Create lookup                          	0

2024-08-08 21:28:51,570 - INFO - Add orf stop                           	false

2024-08-08 21:28:51,570 - INFO - Overlap between sequences              	0

2024-08-08 21:28:51,570 - INFO - Sequence split mode                    	1

2024-08-08 21:28:51,570 - INFO - Header split mode                      	0

2024-08-08 21:28:51,570 - INFO - Chain overlapping alignments           	0

2024-08-08 21:28:51,570 - INFO - Merge query                            	1

2024-08-08 21:28:51,571 - INFO - Search type                            	0

2024-08-08 21:28:51,571 - INFO - Search iterations                      	1

2024-08-08 21:28:51,571 - INFO - Start sensitivity                      	4

2024-08-08 21:28:51,571 - INFO - Search steps                           	1

2024-08-08 21:28:51,571 - INFO - Exhaustive search mode                 	false

2024-08-08 21:28:51,571 - INFO - Filter results during exhaustive search	0

2024-08-08 21:28:51,571 - INFO - Strand selection                       	1

2024-08-08 21:28:51,571 - INFO - LCA search mode                        	false

2024-08-08 21:28:51,571 - INFO - Disk space limit                       	0

2024-08-08 21:28:51,571 - INFO - MPI runner                             	

2024-08-08 21:28:51,571 - INFO - Force restart with latest tmp          	false

2024-08-08 21:28:51,571 - INFO - Remove temporary files                 	false

2024-08-08 21:28:51,571 - INFO - 

2024-08-08 21:28:51,737 - INFO - prefilter /data/yangy34/database/pharokka/phrogs_profile_db phage_pharokka/GCA_015343595.1_1004|2-2316/target_dir/target_seqs phage_pharokka/GCA_015343595.1_1004|2-2316/tmp_dir//8388360779714277039/pref_0 --sub-mat nucl:nucleotide.out,aa:blosum62.out --seed-sub-mat nucl:nucleotide.out,aa:VTML80.out -k 0 --k-score 2147483647 --alph-size nucl:5,aa:21 --max-seq-len 65535 --max-seqs 300 --split 0 --split-mode 2 --split-memory-limit 0 -c 0 --cov-mode 0 --comp-bias-corr 1 --diag-score 1 --exact-kmer-matching 0 --mask 1 --mask-lower-case 0 --min-ungapped-score 15 --add-self-matches 0 --spaced-kmer-mode 1 --db-load-mode 0 --pca 1 --pcb 1.5 --threads 32 --compressed 0 -v 3 -s 8.5 

2024-08-08 21:28:51,737 - INFO - 

2024-08-08 21:28:51,737 - INFO - Query database size: 38880 type: Profile

2024-08-08 21:28:51,737 - INFO - Estimated memory consumption: 488M

2024-08-08 21:28:51,738 - INFO - Target database size: 6 type: Aminoacid

2024-08-08 21:28:51,738 - INFO - Index table k-mer threshold: 0 at k-mer size 6 

2024-08-08 21:28:51,738 - INFO - Index table: counting k-mers

2024-08-08 21:28:51,861 - INFO - [=================================================================] 6 0s 2ms

2024-08-08 21:28:51,861 - INFO - Index table: Masked residues: 0

2024-08-08 21:28:51,861 - INFO - Index table: fill

2024-08-08 21:28:53,503 - INFO - [=================================================================] 6 0s 2ms

2024-08-08 21:28:53,503 - INFO - Index statistics

2024-08-08 21:28:53,503 - INFO - Entries:          696

2024-08-08 21:28:53,503 - INFO - DB size:          488 MB

2024-08-08 21:28:53,503 - INFO - Avg k-mer size:   0.000011

2024-08-08 21:28:53,503 - INFO - Top 10 k-mers

2024-08-08 21:28:53,503 - INFO -     WDNDAA	1

2024-08-08 21:28:53,503 - INFO -     QEDEAA	1

2024-08-08 21:28:53,504 - INFO -     LPTEAA	1

2024-08-08 21:28:53,504 - INFO -     TFTKAA	1

2024-08-08 21:28:53,504 - INFO -     SISPAA	1

2024-08-08 21:28:53,504 - INFO -     QRIRAA	1

2024-08-08 21:28:53,504 - INFO -     DGNSAA	1

2024-08-08 21:28:53,504 - INFO -     AEYVAA	1

2024-08-08 21:28:53,504 - INFO -     VDVSCA	1

2024-08-08 21:28:53,504 - INFO -     TCLKDA	1

2024-08-08 21:28:53,504 - INFO - Time for index table init: 0h 0m 0s 416ms

2024-08-08 21:28:53,504 - INFO - Process prefiltering step 1 of 1

2024-08-08 21:28:53,504 - INFO - 

2024-08-08 21:28:53,504 - INFO - k-mer similarity threshold: 81

2024-08-08 21:28:53,504 - INFO - Starting prefiltering scores calculation (step 1 of 1)

2024-08-08 21:28:53,504 - INFO - Query db start 1 to 38880

2024-08-08 21:28:53,504 - INFO - Target db start 1 to 6

2024-08-08 21:29:57,853 - INFO - [=================================================================] 38.88K 1m 5s 7ms

2024-08-08 21:29:57,853 - INFO - 

2024-08-08 21:29:57,853 - INFO - 5386.328443 k-mers per position

2024-08-08 21:29:57,853 - INFO - 9 DB matches per sequence

2024-08-08 21:29:57,853 - INFO - 0 overflows

2024-08-08 21:29:57,853 - INFO - 0 queries produce too many hits (truncated result)

2024-08-08 21:29:57,853 - INFO - 0 sequences passed prefiltering per query sequence

2024-08-08 21:29:57,853 - INFO - 0 median result list length

2024-08-08 21:29:57,854 - INFO - 30972 sequences with 0 size result lists

2024-08-08 21:29:57,854 - INFO - Time for merging to pref_0: 0h 0m 0s 145ms

2024-08-08 21:29:57,854 - INFO - Time for processing: 0h 1m 6s 275ms

2024-08-08 21:29:58,923 - INFO - align /data/yangy34/database/pharokka/phrogs_profile_db phage_pharokka/GCA_015343595.1_1004|2-2316/target_dir/target_seqs phage_pharokka/GCA_015343595.1_1004|2-2316/tmp_dir//8388360779714277039/pref_0 phage_pharokka/GCA_015343595.1_1004|2-2316/mmseqs/results_mmseqs --sub-mat nucl:nucleotide.out,aa:blosum62.out -a 0 --alignment-mode 2 --alignment-output-mode 0 --wrapped-scoring 0 -e 1e-05 --min-seq-id 0 --min-aln-len 0 --seq-id-mode 0 --alt-ali 0 -c 0 --cov-mode 0 --max-seq-len 65535 --comp-bias-corr 1 --max-rejected 2147483647 --max-accept 2147483647 --add-self-matches 0 --db-load-mode 0 --pca 1 --pcb 1.5 --score-bias 0 --realign 0 --realign-score-bias -0.2 --realign-max-seqs 2147483647 --gap-open nucl:5,aa:11 --gap-extend nucl:2,aa:1 --zdrop 40 --threads 32 --compressed 0 -v 3 

2024-08-08 21:29:58,923 - INFO - 

2024-08-08 21:29:58,923 - INFO - Compute score and coverage

2024-08-08 21:29:58,923 - INFO - Query database size: 38880 type: Profile

2024-08-08 21:29:58,923 - INFO - Target database size: 6 type: Aminoacid

2024-08-08 21:29:58,923 - INFO - Calculation of alignments

2024-08-08 21:29:59,957 - INFO - [=================================================================] 38.88K 0s 268ms

2024-08-08 21:29:59,957 - INFO - Time for merging to results_mmseqs: 0h 0m 0s 765ms

2024-08-08 21:29:59,957 - INFO - 9524 alignments calculated

2024-08-08 21:29:59,957 - INFO - 6 sequence pairs passed the thresholds (0.000630 of overall calculated)

2024-08-08 21:29:59,957 - INFO - 0.000154 hits per query sequence

2024-08-08 21:29:59,957 - INFO - Time for processing: 0h 0m 2s 87ms

2024-08-08 21:30:02,302 - INFO - createtsv /data/yangy34/database/pharokka/phrogs_profile_db phage_pharokka/GCA_015343595.1_1004|2-2316/target_dir/target_seqs phage_pharokka/GCA_015343595.1_1004|2-2316/mmseqs/results_mmseqs phage_pharokka/GCA_015343595.1_1004|2-2316/mmseqs_results.tsv --full-header --threads 32 

2024-08-08 21:30:02,302 - INFO - 

2024-08-08 21:30:02,302 - INFO - MMseqs Version:                 	13.45111

2024-08-08 21:30:02,302 - INFO - First sequence as representative	false

2024-08-08 21:30:02,302 - INFO - Target column                   	1

2024-08-08 21:30:02,302 - INFO - Add full header                 	true

2024-08-08 21:30:02,302 - INFO - Sequence source                 	0

2024-08-08 21:30:02,302 - INFO - Database output                 	false

2024-08-08 21:30:02,302 - INFO - Threads                         	32

2024-08-08 21:30:02,303 - INFO - Compressed                      	0

2024-08-08 21:30:02,303 - INFO - Verbosity                       	3

2024-08-08 21:30:02,303 - INFO - 

2024-08-08 21:30:02,303 - INFO - Time for merging to mmseqs_results.tsv: 0h 0m 1s 207ms

2024-08-08 21:30:02,303 - INFO - Time for processing: 0h 0m 2s 334ms

2024-08-08 21:30:02,356 - INFO - Running mmseqs2 on CARD.
2024-08-08 21:30:04,838 - INFO - createdb phage_pharokka/GCA_015343595.1_1004|2-2316/phanotate_aas_tmp.fasta phage_pharokka/GCA_015343595.1_1004|2-2316/CARD_target_dir/target_seqs 

2024-08-08 21:30:04,838 - INFO - 

2024-08-08 21:30:04,838 - INFO - MMseqs Version:       	13.45111

2024-08-08 21:30:04,838 - INFO - Database type         	0

2024-08-08 21:30:04,838 - INFO - Shuffle input database	true

2024-08-08 21:30:04,838 - INFO - Createdb mode         	0

2024-08-08 21:30:04,838 - INFO - Write lookup file     	1

2024-08-08 21:30:04,838 - INFO - Offset of numeric ids 	0

2024-08-08 21:30:04,838 - INFO - Compressed            	0

2024-08-08 21:30:04,838 - INFO - Verbosity             	3

2024-08-08 21:30:04,838 - INFO - 

2024-08-08 21:30:04,838 - INFO - Converting sequences

2024-08-08 21:30:04,838 - INFO - [

2024-08-08 21:30:04,838 - INFO - Time for merging to target_seqs_h: 0h 0m 1s 14ms

2024-08-08 21:30:04,839 - INFO - Time for merging to target_seqs: 0h 0m 0s 90ms

2024-08-08 21:30:04,839 - INFO - Database type: Aminoacid

2024-08-08 21:30:04,839 - INFO - Time for processing: 0h 0m 2s 448ms

2024-08-08 21:30:04,856 - INFO - Create directory phage_pharokka/GCA_015343595.1_1004|2-2316/CARD_tmp_dir/

2024-08-08 21:30:04,856 - INFO - search --min-seq-id 0.8 -c 0.4 /data/yangy34/database/pharokka/CARD phage_pharokka/GCA_015343595.1_1004|2-2316/CARD_target_dir/target_seqs phage_pharokka/GCA_015343595.1_1004|2-2316/CARD/results_CARD phage_pharokka/GCA_015343595.1_1004|2-2316/CARD_tmp_dir/ -s 8.5 --threads 32 

2024-08-08 21:30:04,856 - INFO - 

2024-08-08 21:30:04,856 - INFO - MMseqs Version:                        	13.45111

2024-08-08 21:30:04,856 - INFO - Substitution matrix                    	nucl:nucleotide.out,aa:blosum62.out

2024-08-08 21:30:04,856 - INFO - Add backtrace                          	false

2024-08-08 21:30:04,856 - INFO - Alignment mode                         	2

2024-08-08 21:30:04,856 - INFO - Alignment mode                         	0

2024-08-08 21:30:04,856 - INFO - Allow wrapped scoring                  	false

2024-08-08 21:30:04,857 - INFO - E-value threshold                      	0.001

2024-08-08 21:30:04,857 - INFO - Seq. id. threshold                     	0.8

2024-08-08 21:30:04,857 - INFO - Min alignment length                   	0

2024-08-08 21:30:04,857 - INFO - Seq. id. mode                          	0

2024-08-08 21:30:04,857 - INFO - Alternative alignments                 	0

2024-08-08 21:30:04,857 - INFO - Coverage threshold                     	0.4

2024-08-08 21:30:04,857 - INFO - Coverage mode                          	0

2024-08-08 21:30:04,857 - INFO - Max sequence length                    	65535

2024-08-08 21:30:04,857 - INFO - Compositional bias                     	1

2024-08-08 21:30:04,857 - INFO - Max reject                             	2147483647

2024-08-08 21:30:04,857 - INFO - Max accept                             	2147483647

2024-08-08 21:30:04,857 - INFO - Include identical seq. id.             	false

2024-08-08 21:30:04,857 - INFO - Preload mode                           	0

2024-08-08 21:30:04,857 - INFO - Pseudo count a                         	1

2024-08-08 21:30:04,857 - INFO - Pseudo count b                         	1.5

2024-08-08 21:30:04,857 - INFO - Score bias                             	0

2024-08-08 21:30:04,857 - INFO - Realign hits                           	false

2024-08-08 21:30:04,857 - INFO - Realign score bias                     	-0.2

2024-08-08 21:30:04,857 - INFO - Realign max seqs                       	2147483647

2024-08-08 21:30:04,857 - INFO - Gap open cost                          	nucl:5,aa:11

2024-08-08 21:30:04,857 - INFO - Gap extension cost                     	nucl:2,aa:1

2024-08-08 21:30:04,857 - INFO - Zdrop                                  	40

2024-08-08 21:30:04,857 - INFO - Threads                                	32

2024-08-08 21:30:04,857 - INFO - Compressed                             	0

2024-08-08 21:30:04,857 - INFO - Verbosity                              	3

2024-08-08 21:30:04,857 - INFO - Seed substitution matrix               	nucl:nucleotide.out,aa:VTML80.out

2024-08-08 21:30:04,857 - INFO - Sensitivity                            	8.5

2024-08-08 21:30:04,858 - INFO - k-mer length                           	0

2024-08-08 21:30:04,858 - INFO - k-score                                	2147483647

2024-08-08 21:30:04,858 - INFO - Alphabet size                          	nucl:5,aa:21

2024-08-08 21:30:04,858 - INFO - Max results per query                  	300

2024-08-08 21:30:04,858 - INFO - Split database                         	0

2024-08-08 21:30:04,858 - INFO - Split mode                             	2

2024-08-08 21:30:04,858 - INFO - Split memory limit                     	0

2024-08-08 21:30:04,858 - INFO - Diagonal scoring                       	true

2024-08-08 21:30:04,858 - INFO - Exact k-mer matching                   	0

2024-08-08 21:30:04,858 - INFO - Mask residues                          	1

2024-08-08 21:30:04,858 - INFO - Mask lower case residues               	0

2024-08-08 21:30:04,858 - INFO - Minimum diagonal score                 	15

2024-08-08 21:30:04,858 - INFO - Spaced k-mers                          	1

2024-08-08 21:30:04,858 - INFO - Spaced k-mer pattern                   	

2024-08-08 21:30:04,858 - INFO - Local temporary path                   	

2024-08-08 21:30:04,858 - INFO - Rescore mode                           	0

2024-08-08 21:30:04,858 - INFO - Remove hits by seq. id. and coverage   	false

2024-08-08 21:30:04,858 - INFO - Sort results                           	0

2024-08-08 21:30:04,858 - INFO - Mask profile                           	1

2024-08-08 21:30:04,858 - INFO - Profile E-value threshold              	0.1

2024-08-08 21:30:04,858 - INFO - Global sequence weighting              	false

2024-08-08 21:30:04,858 - INFO - Allow deletions                        	false

2024-08-08 21:30:04,858 - INFO - Filter MSA                             	1

2024-08-08 21:30:04,858 - INFO - Maximum seq. id. threshold             	0.9

2024-08-08 21:30:04,858 - INFO - Minimum seq. id.                       	0

2024-08-08 21:30:04,858 - INFO - Minimum score per column               	-20

2024-08-08 21:30:04,858 - INFO - Minimum coverage                       	0

2024-08-08 21:30:04,859 - INFO - Select N most diverse seqs             	1000

2024-08-08 21:30:04,859 - INFO - Min codons in orf                      	30

2024-08-08 21:30:04,859 - INFO - Max codons in length                   	32734

2024-08-08 21:30:04,859 - INFO - Max orf gaps                           	2147483647

2024-08-08 21:30:04,859 - INFO - Contig start mode                      	2

2024-08-08 21:30:04,859 - INFO - Contig end mode                        	2

2024-08-08 21:30:04,859 - INFO - Orf start mode                         	1

2024-08-08 21:30:04,859 - INFO - Forward frames                         	1,2,3

2024-08-08 21:30:04,859 - INFO - Reverse frames                         	1,2,3

2024-08-08 21:30:04,859 - INFO - Translation table                      	1

2024-08-08 21:30:04,859 - INFO - Translate orf                          	0

2024-08-08 21:30:04,859 - INFO - Use all table starts                   	false

2024-08-08 21:30:04,859 - INFO - Offset of numeric ids                  	0

2024-08-08 21:30:04,859 - INFO - Create lookup                          	0

2024-08-08 21:30:04,859 - INFO - Add orf stop                           	false

2024-08-08 21:30:04,859 - INFO - Overlap between sequences              	0

2024-08-08 21:30:04,859 - INFO - Sequence split mode                    	1

2024-08-08 21:30:04,859 - INFO - Header split mode                      	0

2024-08-08 21:30:04,859 - INFO - Chain overlapping alignments           	0

2024-08-08 21:30:04,859 - INFO - Merge query                            	1

2024-08-08 21:30:04,859 - INFO - Search type                            	0

2024-08-08 21:30:04,859 - INFO - Search iterations                      	1

2024-08-08 21:30:04,859 - INFO - Start sensitivity                      	4

2024-08-08 21:30:04,860 - INFO - Search steps                           	1

2024-08-08 21:30:04,860 - INFO - Exhaustive search mode                 	false

2024-08-08 21:30:04,860 - INFO - Filter results during exhaustive search	0

2024-08-08 21:30:04,860 - INFO - Strand selection                       	1

2024-08-08 21:30:04,860 - INFO - LCA search mode                        	false

2024-08-08 21:30:04,860 - INFO - Disk space limit                       	0

2024-08-08 21:30:04,860 - INFO - MPI runner                             	

2024-08-08 21:30:04,860 - INFO - Force restart with latest tmp          	false

2024-08-08 21:30:04,860 - INFO - Remove temporary files                 	false

2024-08-08 21:30:04,860 - INFO - 

2024-08-08 21:30:05,023 - INFO - prefilter /data/yangy34/database/pharokka/CARD phage_pharokka/GCA_015343595.1_1004|2-2316/CARD_target_dir/target_seqs phage_pharokka/GCA_015343595.1_1004|2-2316/CARD_tmp_dir//18049329403672822280/pref_0 --sub-mat nucl:nucleotide.out,aa:blosum62.out --seed-sub-mat nucl:nucleotide.out,aa:VTML80.out -k 0 --k-score 2147483647 --alph-size nucl:5,aa:21 --max-seq-len 65535 --max-seqs 300 --split 0 --split-mode 2 --split-memory-limit 0 -c 0.4 --cov-mode 0 --comp-bias-corr 1 --diag-score 1 --exact-kmer-matching 0 --mask 1 --mask-lower-case 0 --min-ungapped-score 15 --add-self-matches 0 --spaced-kmer-mode 1 --db-load-mode 0 --pca 1 --pcb 1.5 --threads 32 --compressed 0 -v 3 -s 8.5 

2024-08-08 21:30:05,024 - INFO - 

2024-08-08 21:30:05,024 - INFO - Query database size: 4641 type: Aminoacid

2024-08-08 21:30:05,024 - INFO - Estimated memory consumption: 977M

2024-08-08 21:30:05,024 - INFO - Target database size: 6 type: Aminoacid

2024-08-08 21:30:05,024 - INFO - Index table k-mer threshold: 87 at k-mer size 6 

2024-08-08 21:30:05,024 - INFO - Index table: counting k-mers

2024-08-08 21:30:05,150 - INFO - [=================================================================] 6 0s 3ms

2024-08-08 21:30:05,150 - INFO - Index table: Masked residues: 0

2024-08-08 21:30:05,150 - INFO - Index table: fill

2024-08-08 21:30:06,096 - INFO - [=================================================================] 6 0s 1ms

2024-08-08 21:30:06,096 - INFO - Index statistics

2024-08-08 21:30:06,096 - INFO - Entries:          696

2024-08-08 21:30:06,096 - INFO - DB size:          488 MB

2024-08-08 21:30:06,096 - INFO - Avg k-mer size:   0.000011

2024-08-08 21:30:06,096 - INFO - Top 10 k-mers

2024-08-08 21:30:06,096 - INFO -     WDNDAA	1

2024-08-08 21:30:06,096 - INFO -     QEDEAA	1

2024-08-08 21:30:06,096 - INFO -     LPTEAA	1

2024-08-08 21:30:06,096 - INFO -     TFTKAA	1

2024-08-08 21:30:06,096 - INFO -     SISPAA	1

2024-08-08 21:30:06,097 - INFO -     QRIRAA	1

2024-08-08 21:30:06,097 - INFO -     DGNSAA	1

2024-08-08 21:30:06,097 - INFO -     AEYVAA	1

2024-08-08 21:30:06,097 - INFO -     VDVSCA	1

2024-08-08 21:30:06,097 - INFO -     TCLKDA	1

2024-08-08 21:30:06,097 - INFO - Time for index table init: 0h 0m 0s 455ms

2024-08-08 21:30:06,097 - INFO - Process prefiltering step 1 of 1

2024-08-08 21:30:06,097 - INFO - 

2024-08-08 21:30:06,097 - INFO - k-mer similarity threshold: 87

2024-08-08 21:30:06,097 - INFO - Starting prefiltering scores calculation (step 1 of 1)

2024-08-08 21:30:06,097 - INFO - Query db start 1 to 4641

2024-08-08 21:30:06,097 - INFO - Target db start 1 to 6

2024-08-08 21:30:15,007 - INFO - [=================================================================] 4.64K 8s 874ms

2024-08-08 21:30:15,007 - INFO - 

2024-08-08 21:30:15,007 - INFO - 3883.681631 k-mers per position

2024-08-08 21:30:15,008 - INFO - 14 DB matches per sequence

2024-08-08 21:30:15,008 - INFO - 0 overflows

2024-08-08 21:30:15,008 - INFO - 0 queries produce too many hits (truncated result)

2024-08-08 21:30:15,008 - INFO - 0 sequences passed prefiltering per query sequence

2024-08-08 21:30:15,008 - INFO - 0 median result list length

2024-08-08 21:30:15,008 - INFO - 3594 sequences with 0 size result lists

2024-08-08 21:30:15,008 - INFO - Time for merging to pref_0: 0h 0m 0s 113ms

2024-08-08 21:30:15,008 - INFO - Time for processing: 0h 0m 10s 140ms

2024-08-08 21:30:15,942 - INFO - align /data/yangy34/database/pharokka/CARD phage_pharokka/GCA_015343595.1_1004|2-2316/CARD_target_dir/target_seqs phage_pharokka/GCA_015343595.1_1004|2-2316/CARD_tmp_dir//18049329403672822280/pref_0 phage_pharokka/GCA_015343595.1_1004|2-2316/CARD/results_CARD --sub-mat nucl:nucleotide.out,aa:blosum62.out -a 0 --alignment-mode 2 --alignment-output-mode 0 --wrapped-scoring 0 -e 0.001 --min-seq-id 0.8 --min-aln-len 0 --seq-id-mode 0 --alt-ali 0 -c 0.4 --cov-mode 0 --max-seq-len 65535 --comp-bias-corr 1 --max-rejected 2147483647 --max-accept 2147483647 --add-self-matches 0 --db-load-mode 0 --pca 1 --pcb 1.5 --score-bias 0 --realign 0 --realign-score-bias -0.2 --realign-max-seqs 2147483647 --gap-open nucl:5,aa:11 --gap-extend nucl:2,aa:1 --zdrop 40 --threads 32 --compressed 0 -v 3 

2024-08-08 21:30:15,942 - INFO - 

2024-08-08 21:30:15,943 - INFO - Compute score and coverage

2024-08-08 21:30:15,943 - INFO - Query database size: 4641 type: Aminoacid

2024-08-08 21:30:15,943 - INFO - Target database size: 6 type: Aminoacid

2024-08-08 21:30:15,943 - INFO - Calculation of alignments

2024-08-08 21:30:16,742 - INFO - [=================================================================] 4.64K 0s 13ms

2024-08-08 21:30:16,742 - INFO - Time for merging to results_CARD: 0h 0m 0s 773ms

2024-08-08 21:30:16,742 - INFO - 1030 alignments calculated

2024-08-08 21:30:16,742 - INFO - 0 sequence pairs passed the thresholds (0.000000 of overall calculated)

2024-08-08 21:30:16,742 - INFO - 0.000000 hits per query sequence

2024-08-08 21:30:16,742 - INFO - Time for processing: 0h 0m 1s 721ms

2024-08-08 21:30:18,683 - INFO - createtsv /data/yangy34/database/pharokka/CARD phage_pharokka/GCA_015343595.1_1004|2-2316/CARD_target_dir/target_seqs phage_pharokka/GCA_015343595.1_1004|2-2316/CARD/results_CARD phage_pharokka/GCA_015343595.1_1004|2-2316/CARD_results.tsv --full-header --threads 32 

2024-08-08 21:30:18,683 - INFO - 

2024-08-08 21:30:18,683 - INFO - MMseqs Version:                 	13.45111

2024-08-08 21:30:18,683 - INFO - First sequence as representative	false

2024-08-08 21:30:18,683 - INFO - Target column                   	1

2024-08-08 21:30:18,683 - INFO - Add full header                 	true

2024-08-08 21:30:18,683 - INFO - Sequence source                 	0

2024-08-08 21:30:18,683 - INFO - Database output                 	false

2024-08-08 21:30:18,683 - INFO - Threads                         	32

2024-08-08 21:30:18,683 - INFO - Compressed                      	0

2024-08-08 21:30:18,683 - INFO - Verbosity                       	3

2024-08-08 21:30:18,683 - INFO - 

2024-08-08 21:30:18,683 - INFO - Time for merging to CARD_results.tsv: 0h 0m 1s 28ms

2024-08-08 21:30:18,683 - INFO - Time for processing: 0h 0m 1s 931ms

2024-08-08 21:30:18,698 - INFO - Running mmseqs2 on vfdb.
2024-08-08 21:30:20,851 - INFO - createdb phage_pharokka/GCA_015343595.1_1004|2-2316/phanotate_aas_tmp.fasta phage_pharokka/GCA_015343595.1_1004|2-2316/vfdb_target_dir/target_seqs 

2024-08-08 21:30:20,852 - INFO - 

2024-08-08 21:30:20,852 - INFO - MMseqs Version:       	13.45111

2024-08-08 21:30:20,852 - INFO - Database type         	0

2024-08-08 21:30:20,852 - INFO - Shuffle input database	true

2024-08-08 21:30:20,852 - INFO - Createdb mode         	0

2024-08-08 21:30:20,852 - INFO - Write lookup file     	1

2024-08-08 21:30:20,852 - INFO - Offset of numeric ids 	0

2024-08-08 21:30:20,852 - INFO - Compressed            	0

2024-08-08 21:30:20,852 - INFO - Verbosity             	3

2024-08-08 21:30:20,852 - INFO - 

2024-08-08 21:30:20,852 - INFO - Converting sequences

2024-08-08 21:30:20,852 - INFO - [

2024-08-08 21:30:20,852 - INFO - Time for merging to target_seqs_h: 0h 0m 0s 898ms

2024-08-08 21:30:20,852 - INFO - Time for merging to target_seqs: 0h 0m 0s 93ms

2024-08-08 21:30:20,852 - INFO - Database type: Aminoacid

2024-08-08 21:30:20,852 - INFO - Time for processing: 0h 0m 2s 120ms

2024-08-08 21:30:20,870 - INFO - Create directory phage_pharokka/GCA_015343595.1_1004|2-2316/vfdb_tmp_dir/

2024-08-08 21:30:20,870 - INFO - search --min-seq-id 0.8 -c 0.4 /data/yangy34/database/pharokka/vfdb phage_pharokka/GCA_015343595.1_1004|2-2316/vfdb_target_dir/target_seqs phage_pharokka/GCA_015343595.1_1004|2-2316/vfdb/results_vfdb phage_pharokka/GCA_015343595.1_1004|2-2316/vfdb_tmp_dir/ -s 8.5 --threads 32 

2024-08-08 21:30:20,870 - INFO - 

2024-08-08 21:30:20,870 - INFO - MMseqs Version:                        	13.45111

2024-08-08 21:30:20,870 - INFO - Substitution matrix                    	nucl:nucleotide.out,aa:blosum62.out

2024-08-08 21:30:20,870 - INFO - Add backtrace                          	false

2024-08-08 21:30:20,870 - INFO - Alignment mode                         	2

2024-08-08 21:30:20,870 - INFO - Alignment mode                         	0

2024-08-08 21:30:20,870 - INFO - Allow wrapped scoring                  	false

2024-08-08 21:30:20,870 - INFO - E-value threshold                      	0.001

2024-08-08 21:30:20,870 - INFO - Seq. id. threshold                     	0.8

2024-08-08 21:30:20,870 - INFO - Min alignment length                   	0

2024-08-08 21:30:20,870 - INFO - Seq. id. mode                          	0

2024-08-08 21:30:20,870 - INFO - Alternative alignments                 	0

2024-08-08 21:30:20,871 - INFO - Coverage threshold                     	0.4

2024-08-08 21:30:20,871 - INFO - Coverage mode                          	0

2024-08-08 21:30:20,871 - INFO - Max sequence length                    	65535

2024-08-08 21:30:20,871 - INFO - Compositional bias                     	1

2024-08-08 21:30:20,871 - INFO - Max reject                             	2147483647

2024-08-08 21:30:20,871 - INFO - Max accept                             	2147483647

2024-08-08 21:30:20,871 - INFO - Include identical seq. id.             	false

2024-08-08 21:30:20,871 - INFO - Preload mode                           	0

2024-08-08 21:30:20,871 - INFO - Pseudo count a                         	1

2024-08-08 21:30:20,871 - INFO - Pseudo count b                         	1.5

2024-08-08 21:30:20,871 - INFO - Score bias                             	0

2024-08-08 21:30:20,871 - INFO - Realign hits                           	false

2024-08-08 21:30:20,871 - INFO - Realign score bias                     	-0.2

2024-08-08 21:30:20,871 - INFO - Realign max seqs                       	2147483647

2024-08-08 21:30:20,871 - INFO - Gap open cost                          	nucl:5,aa:11

2024-08-08 21:30:20,871 - INFO - Gap extension cost                     	nucl:2,aa:1

2024-08-08 21:30:20,871 - INFO - Zdrop                                  	40

2024-08-08 21:30:20,871 - INFO - Threads                                	32

2024-08-08 21:30:20,871 - INFO - Compressed                             	0

2024-08-08 21:30:20,871 - INFO - Verbosity                              	3

2024-08-08 21:30:20,871 - INFO - Seed substitution matrix               	nucl:nucleotide.out,aa:VTML80.out

2024-08-08 21:30:20,871 - INFO - Sensitivity                            	8.5

2024-08-08 21:30:20,871 - INFO - k-mer length                           	0

2024-08-08 21:30:20,871 - INFO - k-score                                	2147483647

2024-08-08 21:30:20,871 - INFO - Alphabet size                          	nucl:5,aa:21

2024-08-08 21:30:20,871 - INFO - Max results per query                  	300

2024-08-08 21:30:20,872 - INFO - Split database                         	0

2024-08-08 21:30:20,872 - INFO - Split mode                             	2

2024-08-08 21:30:20,872 - INFO - Split memory limit                     	0

2024-08-08 21:30:20,872 - INFO - Diagonal scoring                       	true

2024-08-08 21:30:20,872 - INFO - Exact k-mer matching                   	0

2024-08-08 21:30:20,872 - INFO - Mask residues                          	1

2024-08-08 21:30:20,872 - INFO - Mask lower case residues               	0

2024-08-08 21:30:20,872 - INFO - Minimum diagonal score                 	15

2024-08-08 21:30:20,872 - INFO - Spaced k-mers                          	1

2024-08-08 21:30:20,872 - INFO - Spaced k-mer pattern                   	

2024-08-08 21:30:20,872 - INFO - Local temporary path                   	

2024-08-08 21:30:20,872 - INFO - Rescore mode                           	0

2024-08-08 21:30:20,872 - INFO - Remove hits by seq. id. and coverage   	false

2024-08-08 21:30:20,872 - INFO - Sort results                           	0

2024-08-08 21:30:20,872 - INFO - Mask profile                           	1

2024-08-08 21:30:20,872 - INFO - Profile E-value threshold              	0.1

2024-08-08 21:30:20,872 - INFO - Global sequence weighting              	false

2024-08-08 21:30:20,872 - INFO - Allow deletions                        	false

2024-08-08 21:30:20,872 - INFO - Filter MSA                             	1

2024-08-08 21:30:20,872 - INFO - Maximum seq. id. threshold             	0.9

2024-08-08 21:30:20,872 - INFO - Minimum seq. id.                       	0

2024-08-08 21:30:20,872 - INFO - Minimum score per column               	-20

2024-08-08 21:30:20,872 - INFO - Minimum coverage                       	0

2024-08-08 21:30:20,872 - INFO - Select N most diverse seqs             	1000

2024-08-08 21:30:20,872 - INFO - Min codons in orf                      	30

2024-08-08 21:30:20,872 - INFO - Max codons in length                   	32734

2024-08-08 21:30:20,873 - INFO - Max orf gaps                           	2147483647

2024-08-08 21:30:20,873 - INFO - Contig start mode                      	2

2024-08-08 21:30:20,873 - INFO - Contig end mode                        	2

2024-08-08 21:30:20,873 - INFO - Orf start mode                         	1

2024-08-08 21:30:20,873 - INFO - Forward frames                         	1,2,3

2024-08-08 21:30:20,873 - INFO - Reverse frames                         	1,2,3

2024-08-08 21:30:20,873 - INFO - Translation table                      	1

2024-08-08 21:30:20,873 - INFO - Translate orf                          	0

2024-08-08 21:30:20,873 - INFO - Use all table starts                   	false

2024-08-08 21:30:20,873 - INFO - Offset of numeric ids                  	0

2024-08-08 21:30:20,873 - INFO - Create lookup                          	0

2024-08-08 21:30:20,873 - INFO - Add orf stop                           	false

2024-08-08 21:30:20,873 - INFO - Overlap between sequences              	0

2024-08-08 21:30:20,873 - INFO - Sequence split mode                    	1

2024-08-08 21:30:20,873 - INFO - Header split mode                      	0

2024-08-08 21:30:20,873 - INFO - Chain overlapping alignments           	0

2024-08-08 21:30:20,873 - INFO - Merge query                            	1

2024-08-08 21:30:20,873 - INFO - Search type                            	0

2024-08-08 21:30:20,873 - INFO - Search iterations                      	1

2024-08-08 21:30:20,873 - INFO - Start sensitivity                      	4

2024-08-08 21:30:20,873 - INFO - Search steps                           	1

2024-08-08 21:30:20,873 - INFO - Exhaustive search mode                 	false

2024-08-08 21:30:20,873 - INFO - Filter results during exhaustive search	0

2024-08-08 21:30:20,873 - INFO - Strand selection                       	1

2024-08-08 21:30:20,873 - INFO - LCA search mode                        	false

2024-08-08 21:30:20,873 - INFO - Disk space limit                       	0

2024-08-08 21:30:20,873 - INFO - MPI runner                             	

2024-08-08 21:30:20,874 - INFO - Force restart with latest tmp          	false

2024-08-08 21:30:20,874 - INFO - Remove temporary files                 	false

2024-08-08 21:30:20,874 - INFO - 

2024-08-08 21:30:21,025 - INFO - prefilter /data/yangy34/database/pharokka/vfdb phage_pharokka/GCA_015343595.1_1004|2-2316/vfdb_target_dir/target_seqs phage_pharokka/GCA_015343595.1_1004|2-2316/vfdb_tmp_dir//18154588894633867008/pref_0 --sub-mat nucl:nucleotide.out,aa:blosum62.out --seed-sub-mat nucl:nucleotide.out,aa:VTML80.out -k 0 --k-score 2147483647 --alph-size nucl:5,aa:21 --max-seq-len 65535 --max-seqs 300 --split 0 --split-mode 2 --split-memory-limit 0 -c 0.4 --cov-mode 0 --comp-bias-corr 1 --diag-score 1 --exact-kmer-matching 0 --mask 1 --mask-lower-case 0 --min-ungapped-score 15 --add-self-matches 0 --spaced-kmer-mode 1 --db-load-mode 0 --pca 1 --pcb 1.5 --threads 32 --compressed 0 -v 3 -s 8.5 

2024-08-08 21:30:21,026 - INFO - 

2024-08-08 21:30:21,026 - INFO - Query database size: 27504 type: Aminoacid

2024-08-08 21:30:21,026 - INFO - Estimated memory consumption: 977M

2024-08-08 21:30:21,026 - INFO - Target database size: 6 type: Aminoacid

2024-08-08 21:30:21,026 - INFO - Index table k-mer threshold: 87 at k-mer size 6 

2024-08-08 21:30:21,026 - INFO - Index table: counting k-mers

2024-08-08 21:30:21,148 - INFO - [=================================================================] 6 0s 4ms

2024-08-08 21:30:21,149 - INFO - Index table: Masked residues: 0

2024-08-08 21:30:21,149 - INFO - Index table: fill

2024-08-08 21:30:22,917 - INFO - [=================================================================] 6 0s 0ms

2024-08-08 21:30:22,917 - INFO - Index statistics

2024-08-08 21:30:22,917 - INFO - Entries:          696

2024-08-08 21:30:22,917 - INFO - DB size:          488 MB

2024-08-08 21:30:22,917 - INFO - Avg k-mer size:   0.000011

2024-08-08 21:30:22,917 - INFO - Top 10 k-mers

2024-08-08 21:30:22,917 - INFO -     WDNDAA	1

2024-08-08 21:30:22,917 - INFO -     QEDEAA	1

2024-08-08 21:30:22,917 - INFO -     LPTEAA	1

2024-08-08 21:30:22,917 - INFO -     TFTKAA	1

2024-08-08 21:30:22,918 - INFO -     SISPAA	1

2024-08-08 21:30:22,918 - INFO -     QRIRAA	1

2024-08-08 21:30:22,918 - INFO -     DGNSAA	1

2024-08-08 21:30:22,918 - INFO -     AEYVAA	1

2024-08-08 21:30:22,918 - INFO -     VDVSCA	1

2024-08-08 21:30:22,918 - INFO -     TCLKDA	1

2024-08-08 21:30:22,918 - INFO - Time for index table init: 0h 0m 0s 421ms

2024-08-08 21:30:22,918 - INFO - Process prefiltering step 1 of 1

2024-08-08 21:30:22,918 - INFO - 

2024-08-08 21:30:22,918 - INFO - k-mer similarity threshold: 87

2024-08-08 21:30:22,918 - INFO - Starting prefiltering scores calculation (step 1 of 1)

2024-08-08 21:30:22,918 - INFO - Query db start 1 to 27504

2024-08-08 21:30:22,918 - INFO - Target db start 1 to 6

2024-08-08 21:31:27,396 - INFO - [=================================================================] 27.50K 1m 4s 845ms

2024-08-08 21:31:27,396 - INFO - 

2024-08-08 21:31:27,396 - INFO - 3159.764157 k-mers per position

2024-08-08 21:31:27,396 - INFO - 17 DB matches per sequence

2024-08-08 21:31:27,396 - INFO - 0 overflows

2024-08-08 21:31:27,396 - INFO - 0 queries produce too many hits (truncated result)

2024-08-08 21:31:27,396 - INFO - 0 sequences passed prefiltering per query sequence

2024-08-08 21:31:27,396 - INFO - 0 median result list length

2024-08-08 21:31:27,396 - INFO - 18834 sequences with 0 size result lists

2024-08-08 21:31:27,396 - INFO - Time for merging to pref_0: 0h 0m 0s 144ms

2024-08-08 21:31:27,397 - INFO - Time for processing: 0h 1m 6s 515ms

2024-08-08 21:31:28,398 - INFO - align /data/yangy34/database/pharokka/vfdb phage_pharokka/GCA_015343595.1_1004|2-2316/vfdb_target_dir/target_seqs phage_pharokka/GCA_015343595.1_1004|2-2316/vfdb_tmp_dir//18154588894633867008/pref_0 phage_pharokka/GCA_015343595.1_1004|2-2316/vfdb/results_vfdb --sub-mat nucl:nucleotide.out,aa:blosum62.out -a 0 --alignment-mode 2 --alignment-output-mode 0 --wrapped-scoring 0 -e 0.001 --min-seq-id 0.8 --min-aln-len 0 --seq-id-mode 0 --alt-ali 0 -c 0.4 --cov-mode 0 --max-seq-len 65535 --comp-bias-corr 1 --max-rejected 2147483647 --max-accept 2147483647 --add-self-matches 0 --db-load-mode 0 --pca 1 --pcb 1.5 --score-bias 0 --realign 0 --realign-score-bias -0.2 --realign-max-seqs 2147483647 --gap-open nucl:5,aa:11 --gap-extend nucl:2,aa:1 --zdrop 40 --threads 32 --compressed 0 -v 3 

2024-08-08 21:31:28,398 - INFO - 

2024-08-08 21:31:28,398 - INFO - Compute score and coverage

2024-08-08 21:31:28,398 - INFO - Query database size: 27504 type: Aminoacid

2024-08-08 21:31:28,398 - INFO - Target database size: 6 type: Aminoacid

2024-08-08 21:31:28,398 - INFO - Calculation of alignments

2024-08-08 21:31:29,299 - INFO - [=================================================================] 27.50K 0s 28ms

2024-08-08 21:31:29,299 - INFO - Time for merging to results_vfdb: 0h 0m 0s 856ms

2024-08-08 21:31:29,299 - INFO - 3448 alignments calculated

2024-08-08 21:31:29,299 - INFO - 0 sequence pairs passed the thresholds (0.000000 of overall calculated)

2024-08-08 21:31:29,299 - INFO - 0.000000 hits per query sequence

2024-08-08 21:31:29,300 - INFO - Time for processing: 0h 0m 1s 881ms

2024-08-08 21:31:31,562 - INFO - createtsv /data/yangy34/database/pharokka/vfdb phage_pharokka/GCA_015343595.1_1004|2-2316/vfdb_target_dir/target_seqs phage_pharokka/GCA_015343595.1_1004|2-2316/vfdb/results_vfdb phage_pharokka/GCA_015343595.1_1004|2-2316/vfdb_results.tsv --full-header --threads 32 

2024-08-08 21:31:31,562 - INFO - 

2024-08-08 21:31:31,562 - INFO - MMseqs Version:                 	13.45111

2024-08-08 21:31:31,563 - INFO - First sequence as representative	false

2024-08-08 21:31:31,563 - INFO - Target column                   	1

2024-08-08 21:31:31,563 - INFO - Add full header                 	true

2024-08-08 21:31:31,563 - INFO - Sequence source                 	0

2024-08-08 21:31:31,563 - INFO - Database output                 	false

2024-08-08 21:31:31,563 - INFO - Threads                         	32

2024-08-08 21:31:31,563 - INFO - Compressed                      	0

2024-08-08 21:31:31,563 - INFO - Verbosity                       	3

2024-08-08 21:31:31,563 - INFO - 

2024-08-08 21:31:31,563 - INFO - Time for merging to vfdb_results.tsv: 0h 0m 1s 240ms

2024-08-08 21:31:31,563 - INFO - Time for processing: 0h 0m 2s 231ms

2024-08-08 21:31:31,593 - INFO - Post Processing Output.
2024-08-08 21:31:31,886 - INFO - Converting gff to genbank.
2024-08-08 21:31:31,893 - WARNING - /gpfs/gsfs12/users/yangy34/softwares/mambaforge/envs/pharokka-env/lib/python3.10/site-packages/Bio/SeqIO/InsdcIO.py:728: BiopythonWarning: Increasing length of locus line to allow long name. This will result in fields that are not in usual positions.
  warnings.warn(

2024-08-08 21:31:31,910 - INFO - Finding the closest match for each contig in INPHARED using mash.
2024-08-08 21:31:31,958 - INFO - Sketching GCA_015343595.1_53_phages/GCA_015343595.1_1004_2_2316_prophage.fasta...

2024-08-08 21:31:31,960 - INFO - Writing to phage_pharokka/GCA_015343595.1_1004|2-2316/input_mash_sketch.msh...

2024-08-08 21:31:33,553 - INFO - pharokka has finished
2024-08-08 21:31:33,554 - INFO - Elapsed time: 171.49 seconds
2024-08-08 21:31:33,554 - INFO - If you use pharokka in your research, please cite:
2024-08-08 21:31:33,554 - INFO - George Bouras, Roshan Nepal, Ghais Houtak, Alkis James Psaltis, Peter-John Wormald, Sarah Vreugde.
2024-08-08 21:31:33,554 - INFO - Pharokka: a fast scalable bacteriophage annotation tool.
2024-08-08 21:31:33,554 - INFO - Bioinformatics, Volume 39, Issue 1, January 2023, btac776.
2024-08-08 21:31:33,554 - INFO - https://doi.org/10.1093/bioinformatics/btac776.
2024-08-08 21:31:33,554 - INFO - You should also cite the full list of tools pharokka uses, which can be found at https://github.com/gbouras13/pharokka#citation.
