2024-08-08 22:20:22,947 - INFO - Starting pharokka v1.3.2
2024-08-08 22:20:22,947 - INFO - Input args: Namespace(infile='GCA_015343595.1_53_phages/GCA_015343595.1_612_3_3396_prophage.fasta', outdir='phage_pharokka/GCA_015343595.1_612|3-3396', database='/data/yangy34/database/pharokka', threads='32', force=False, prefix='Default', locustag='Default', gene_predictor='phanotate', meta=False, split=False, coding_table='11', evalue='1E-05', terminase=False, terminase_strand='nothing', terminase_start='nothing', citation=False)
2024-08-08 22:20:22,948 - INFO - Checking database installation.
2024-08-08 22:20:22,982 - INFO - All databases have been successfully checked.
2024-08-08 22:20:22,982 - INFO - Checking dependencies.
2024-08-08 22:20:24,009 - INFO - phan_out version found is v1.5.1.
2024-08-08 22:20:24,009 - INFO - Phanotate version is ok.
2024-08-08 22:20:24,080 - INFO - MMseqs2 version found is v13.45111.
2024-08-08 22:20:24,080 - INFO - MMseqs2 version is ok.
2024-08-08 22:20:24,939 - INFO - tRNAscan-SE version found is v2.45111.11.
2024-08-08 22:20:24,939 - INFO - tRNAscan-SE version is ok.
2024-08-08 22:20:25,572 - INFO - MinCED version found is v0.4.2.
2024-08-08 22:20:25,572 - INFO - MinCED version is ok.
2024-08-08 22:20:25,602 - INFO - ARAGORN version found is v1.2.41.
2024-08-08 22:20:25,602 - INFO - ARAGORN version is ok.
2024-08-08 22:20:25,629 - INFO - mash version found is v2.2.
2024-08-08 22:20:25,629 - INFO - mash version is ok.
2024-08-08 22:20:25,842 - INFO - Running Phanotate.
2024-08-08 22:20:28,246 - INFO - Translating gene predicted fastas.
2024-08-08 22:20:28,260 - INFO - Starting tRNA-scanSE
2024-08-08 22:20:28,397 - INFO - 

2024-08-08 22:20:28,397 - INFO - tRNAscan-SE v.2.0.11 (Oct 2022) - scan sequences for transfer RNAs

2024-08-08 22:20:28,397 - INFO - Copyright (C) 2022 Patricia Chan and Todd Lowe

2024-08-08 22:20:28,397 - INFO -                    University of California Santa Cruz

2024-08-08 22:20:28,397 - INFO - Freely distributed under the GNU General Public License (GPLv3)

2024-08-08 22:20:28,397 - INFO - 

2024-08-08 22:20:28,397 - INFO - ------------------------------------------------------------

2024-08-08 22:20:28,397 - INFO - Sequence file(s) to search:        GCA_015343595.1_53_phages/GCA_015343595.1_612_3_3396_prophage.fasta

2024-08-08 22:20:28,397 - INFO - Search Mode:                       General

2024-08-08 22:20:28,397 - INFO - Results written to:                Standard output

2024-08-08 22:20:28,397 - INFO - Output format:                     Tabular

2024-08-08 22:20:28,397 - INFO - Searching with:                    Infernal single-pass scan

2024-08-08 22:20:28,397 - INFO -                                    Fast mode

2024-08-08 22:20:28,397 - INFO - Covariance model:                  /gpfs/gsfs12/users/yangy34/softwares/mambaforge/envs/pharokka-env/lib/tRNAscan-SE/models/TRNAinf.cm

2024-08-08 22:20:28,397 - INFO - 

2024-08-08 22:20:28,397 - INFO - Temporary directory:               /tmp

2024-08-08 22:20:28,397 - INFO - tRNA predictions saved to:         phage_pharokka/GCA_015343595.1_612|3-3396/trnascan_out.gff

2024-08-08 22:20:28,398 - INFO - ------------------------------------------------------------

2024-08-08 22:20:28,398 - INFO - 

2024-08-08 22:20:28,508 - INFO - No tRNAs found.

2024-08-08 22:20:28,509 - INFO - 

2024-08-08 22:20:28,522 - INFO - Running MinCED.
2024-08-08 22:20:28,720 - INFO - Running Aragorn.
2024-08-08 22:20:28,724 - INFO - Starting MMseqs2.
2024-08-08 22:20:28,724 - INFO - Running MMseqs2 on PHROGs Database.
2024-08-08 22:20:28,856 - INFO - createdb phage_pharokka/GCA_015343595.1_612|3-3396/phanotate_aas_tmp.fasta phage_pharokka/GCA_015343595.1_612|3-3396/target_dir/target_seqs 

2024-08-08 22:20:28,856 - INFO - 

2024-08-08 22:20:28,856 - INFO - MMseqs Version:       	13.45111

2024-08-08 22:20:28,856 - INFO - Database type         	0

2024-08-08 22:20:28,856 - INFO - Shuffle input database	true

2024-08-08 22:20:28,856 - INFO - Createdb mode         	0

2024-08-08 22:20:28,857 - INFO - Write lookup file     	1

2024-08-08 22:20:28,858 - INFO - Offset of numeric ids 	0

2024-08-08 22:20:28,858 - INFO - Compressed            	0

2024-08-08 22:20:28,858 - INFO - Verbosity             	3

2024-08-08 22:20:28,858 - INFO - 

2024-08-08 22:20:28,858 - INFO - Converting sequences

2024-08-08 22:20:28,858 - INFO - [

2024-08-08 22:20:28,858 - INFO - Time for merging to target_seqs_h: 0h 0m 0s 22ms

2024-08-08 22:20:28,858 - INFO - Time for merging to target_seqs: 0h 0m 0s 20ms

2024-08-08 22:20:28,858 - INFO - Database type: Aminoacid

2024-08-08 22:20:28,858 - INFO - Time for processing: 0h 0m 0s 116ms

2024-08-08 22:20:28,868 - INFO - Create directory phage_pharokka/GCA_015343595.1_612|3-3396/tmp_dir/

2024-08-08 22:20:28,868 - INFO - search -e 1E-05 /data/yangy34/database/pharokka/phrogs_profile_db phage_pharokka/GCA_015343595.1_612|3-3396/target_dir/target_seqs phage_pharokka/GCA_015343595.1_612|3-3396/mmseqs/results_mmseqs phage_pharokka/GCA_015343595.1_612|3-3396/tmp_dir/ -s 8.5 --threads 32 

2024-08-08 22:20:28,868 - INFO - 

2024-08-08 22:20:28,868 - INFO - MMseqs Version:                        	13.45111

2024-08-08 22:20:28,868 - INFO - Substitution matrix                    	nucl:nucleotide.out,aa:blosum62.out

2024-08-08 22:20:28,868 - INFO - Add backtrace                          	false

2024-08-08 22:20:28,868 - INFO - Alignment mode                         	2

2024-08-08 22:20:28,868 - INFO - Alignment mode                         	0

2024-08-08 22:20:28,868 - INFO - Allow wrapped scoring                  	false

2024-08-08 22:20:28,868 - INFO - E-value threshold                      	1e-05

2024-08-08 22:20:28,868 - INFO - Seq. id. threshold                     	0

2024-08-08 22:20:28,868 - INFO - Min alignment length                   	0

2024-08-08 22:20:28,868 - INFO - Seq. id. mode                          	0

2024-08-08 22:20:28,868 - INFO - Alternative alignments                 	0

2024-08-08 22:20:28,868 - INFO - Coverage threshold                     	0

2024-08-08 22:20:28,869 - INFO - Coverage mode                          	0

2024-08-08 22:20:28,869 - INFO - Max sequence length                    	65535

2024-08-08 22:20:28,869 - INFO - Compositional bias                     	1

2024-08-08 22:20:28,869 - INFO - Max reject                             	2147483647

2024-08-08 22:20:28,869 - INFO - Max accept                             	2147483647

2024-08-08 22:20:28,869 - INFO - Include identical seq. id.             	false

2024-08-08 22:20:28,869 - INFO - Preload mode                           	0

2024-08-08 22:20:28,869 - INFO - Pseudo count a                         	1

2024-08-08 22:20:28,869 - INFO - Pseudo count b                         	1.5

2024-08-08 22:20:28,869 - INFO - Score bias                             	0

2024-08-08 22:20:28,869 - INFO - Realign hits                           	false

2024-08-08 22:20:28,869 - INFO - Realign score bias                     	-0.2

2024-08-08 22:20:28,869 - INFO - Realign max seqs                       	2147483647

2024-08-08 22:20:28,869 - INFO - Gap open cost                          	nucl:5,aa:11

2024-08-08 22:20:28,869 - INFO - Gap extension cost                     	nucl:2,aa:1

2024-08-08 22:20:28,869 - INFO - Zdrop                                  	40

2024-08-08 22:20:28,869 - INFO - Threads                                	32

2024-08-08 22:20:28,869 - INFO - Compressed                             	0

2024-08-08 22:20:28,869 - INFO - Verbosity                              	3

2024-08-08 22:20:28,869 - INFO - Seed substitution matrix               	nucl:nucleotide.out,aa:VTML80.out

2024-08-08 22:20:28,869 - INFO - Sensitivity                            	8.5

2024-08-08 22:20:28,869 - INFO - k-mer length                           	0

2024-08-08 22:20:28,870 - INFO - k-score                                	2147483647

2024-08-08 22:20:28,870 - INFO - Alphabet size                          	nucl:5,aa:21

2024-08-08 22:20:28,870 - INFO - Max results per query                  	300

2024-08-08 22:20:28,870 - INFO - Split database                         	0

2024-08-08 22:20:28,870 - INFO - Split mode                             	2

2024-08-08 22:20:28,870 - INFO - Split memory limit                     	0

2024-08-08 22:20:28,870 - INFO - Diagonal scoring                       	true

2024-08-08 22:20:28,870 - INFO - Exact k-mer matching                   	0

2024-08-08 22:20:28,870 - INFO - Mask residues                          	1

2024-08-08 22:20:28,870 - INFO - Mask lower case residues               	0

2024-08-08 22:20:28,870 - INFO - Minimum diagonal score                 	15

2024-08-08 22:20:28,870 - INFO - Spaced k-mers                          	1

2024-08-08 22:20:28,870 - INFO - Spaced k-mer pattern                   	

2024-08-08 22:20:28,870 - INFO - Local temporary path                   	

2024-08-08 22:20:28,870 - INFO - Rescore mode                           	0

2024-08-08 22:20:28,870 - INFO - Remove hits by seq. id. and coverage   	false

2024-08-08 22:20:28,870 - INFO - Sort results                           	0

2024-08-08 22:20:28,870 - INFO - Mask profile                           	1

2024-08-08 22:20:28,870 - INFO - Profile E-value threshold              	0.1

2024-08-08 22:20:28,870 - INFO - Global sequence weighting              	false

2024-08-08 22:20:28,870 - INFO - Allow deletions                        	false

2024-08-08 22:20:28,870 - INFO - Filter MSA                             	1

2024-08-08 22:20:28,870 - INFO - Maximum seq. id. threshold             	0.9

2024-08-08 22:20:28,870 - INFO - Minimum seq. id.                       	0

2024-08-08 22:20:28,871 - INFO - Minimum score per column               	-20

2024-08-08 22:20:28,871 - INFO - Minimum coverage                       	0

2024-08-08 22:20:28,871 - INFO - Select N most diverse seqs             	1000

2024-08-08 22:20:28,871 - INFO - Min codons in orf                      	30

2024-08-08 22:20:28,871 - INFO - Max codons in length                   	32734

2024-08-08 22:20:28,871 - INFO - Max orf gaps                           	2147483647

2024-08-08 22:20:28,871 - INFO - Contig start mode                      	2

2024-08-08 22:20:28,871 - INFO - Contig end mode                        	2

2024-08-08 22:20:28,871 - INFO - Orf start mode                         	1

2024-08-08 22:20:28,871 - INFO - Forward frames                         	1,2,3

2024-08-08 22:20:28,871 - INFO - Reverse frames                         	1,2,3

2024-08-08 22:20:28,871 - INFO - Translation table                      	1

2024-08-08 22:20:28,871 - INFO - Translate orf                          	0

2024-08-08 22:20:28,871 - INFO - Use all table starts                   	false

2024-08-08 22:20:28,871 - INFO - Offset of numeric ids                  	0

2024-08-08 22:20:28,871 - INFO - Create lookup                          	0

2024-08-08 22:20:28,871 - INFO - Add orf stop                           	false

2024-08-08 22:20:28,871 - INFO - Overlap between sequences              	0

2024-08-08 22:20:28,871 - INFO - Sequence split mode                    	1

2024-08-08 22:20:28,871 - INFO - Header split mode                      	0

2024-08-08 22:20:28,871 - INFO - Chain overlapping alignments           	0

2024-08-08 22:20:28,871 - INFO - Merge query                            	1

2024-08-08 22:20:28,871 - INFO - Search type                            	0

2024-08-08 22:20:28,871 - INFO - Search iterations                      	1

2024-08-08 22:20:28,872 - INFO - Start sensitivity                      	4

2024-08-08 22:20:28,872 - INFO - Search steps                           	1

2024-08-08 22:20:28,872 - INFO - Exhaustive search mode                 	false

2024-08-08 22:20:28,872 - INFO - Filter results during exhaustive search	0

2024-08-08 22:20:28,872 - INFO - Strand selection                       	1

2024-08-08 22:20:28,872 - INFO - LCA search mode                        	false

2024-08-08 22:20:28,872 - INFO - Disk space limit                       	0

2024-08-08 22:20:28,872 - INFO - MPI runner                             	

2024-08-08 22:20:28,872 - INFO - Force restart with latest tmp          	false

2024-08-08 22:20:28,872 - INFO - Remove temporary files                 	false

2024-08-08 22:20:28,872 - INFO - 

2024-08-08 22:20:29,024 - INFO - prefilter /data/yangy34/database/pharokka/phrogs_profile_db phage_pharokka/GCA_015343595.1_612|3-3396/target_dir/target_seqs phage_pharokka/GCA_015343595.1_612|3-3396/tmp_dir//10634631636243373305/pref_0 --sub-mat nucl:nucleotide.out,aa:blosum62.out --seed-sub-mat nucl:nucleotide.out,aa:VTML80.out -k 0 --k-score 2147483647 --alph-size nucl:5,aa:21 --max-seq-len 65535 --max-seqs 300 --split 0 --split-mode 2 --split-memory-limit 0 -c 0 --cov-mode 0 --comp-bias-corr 1 --diag-score 1 --exact-kmer-matching 0 --mask 1 --mask-lower-case 0 --min-ungapped-score 15 --add-self-matches 0 --spaced-kmer-mode 1 --db-load-mode 0 --pca 1 --pcb 1.5 --threads 32 --compressed 0 -v 3 -s 8.5 

2024-08-08 22:20:29,024 - INFO - 

2024-08-08 22:20:29,024 - INFO - Query database size: 38880 type: Profile

2024-08-08 22:20:29,024 - INFO - Estimated memory consumption: 488M

2024-08-08 22:20:29,024 - INFO - Target database size: 4 type: Aminoacid

2024-08-08 22:20:29,024 - INFO - Index table k-mer threshold: 0 at k-mer size 6 

2024-08-08 22:20:29,024 - INFO - Index table: counting k-mers

2024-08-08 22:20:29,149 - INFO - [=================================================================] 4 0s 2ms

2024-08-08 22:20:29,149 - INFO - Index table: Masked residues: 0

2024-08-08 22:20:29,149 - INFO - Index table: fill

2024-08-08 22:20:30,297 - INFO - [=================================================================] 4 0s 2ms

2024-08-08 22:20:30,297 - INFO - Index statistics

2024-08-08 22:20:30,297 - INFO - Entries:          1022

2024-08-08 22:20:30,297 - INFO - DB size:          488 MB

2024-08-08 22:20:30,297 - INFO - Avg k-mer size:   0.000016

2024-08-08 22:20:30,297 - INFO - Top 10 k-mers

2024-08-08 22:20:30,297 - INFO -     HKAAAA	1

2024-08-08 22:20:30,297 - INFO -     AQHEAA	1

2024-08-08 22:20:30,297 - INFO -     QRAKAA	1

2024-08-08 22:20:30,297 - INFO -     TLFKAA	1

2024-08-08 22:20:30,297 - INFO -     SEYKAA	1

2024-08-08 22:20:30,298 - INFO -     LRTTDA	1

2024-08-08 22:20:30,298 - INFO -     DCNYDA	1

2024-08-08 22:20:30,298 - INFO -     VFEKEA	1

2024-08-08 22:20:30,298 - INFO -     QRELEA	1

2024-08-08 22:20:30,298 - INFO -     QWINEA	1

2024-08-08 22:20:30,298 - INFO - Time for index table init: 0h 0m 0s 416ms

2024-08-08 22:20:30,298 - INFO - Process prefiltering step 1 of 1

2024-08-08 22:20:30,298 - INFO - 

2024-08-08 22:20:30,298 - INFO - k-mer similarity threshold: 81

2024-08-08 22:20:30,298 - INFO - Starting prefiltering scores calculation (step 1 of 1)

2024-08-08 22:20:30,298 - INFO - Query db start 1 to 38880

2024-08-08 22:20:30,298 - INFO - Target db start 1 to 4

2024-08-08 22:21:32,874 - INFO - [=================================================================] 38.88K 1m 3s 363ms

2024-08-08 22:21:32,874 - INFO - 

2024-08-08 22:21:32,874 - INFO - 5386.328443 k-mers per position

2024-08-08 22:21:32,874 - INFO - 13 DB matches per sequence

2024-08-08 22:21:32,874 - INFO - 0 overflows

2024-08-08 22:21:32,874 - INFO - 0 queries produce too many hits (truncated result)

2024-08-08 22:21:32,874 - INFO - 0 sequences passed prefiltering per query sequence

2024-08-08 22:21:32,874 - INFO - 0 median result list length

2024-08-08 22:21:32,874 - INFO - 29352 sequences with 0 size result lists

2024-08-08 22:21:32,874 - INFO - Time for merging to pref_0: 0h 0m 0s 23ms

2024-08-08 22:21:32,874 - INFO - Time for processing: 0h 1m 3s 998ms

2024-08-08 22:21:32,974 - INFO - align /data/yangy34/database/pharokka/phrogs_profile_db phage_pharokka/GCA_015343595.1_612|3-3396/target_dir/target_seqs phage_pharokka/GCA_015343595.1_612|3-3396/tmp_dir//10634631636243373305/pref_0 phage_pharokka/GCA_015343595.1_612|3-3396/mmseqs/results_mmseqs --sub-mat nucl:nucleotide.out,aa:blosum62.out -a 0 --alignment-mode 2 --alignment-output-mode 0 --wrapped-scoring 0 -e 1e-05 --min-seq-id 0 --min-aln-len 0 --seq-id-mode 0 --alt-ali 0 -c 0 --cov-mode 0 --max-seq-len 65535 --comp-bias-corr 1 --max-rejected 2147483647 --max-accept 2147483647 --add-self-matches 0 --db-load-mode 0 --pca 1 --pcb 1.5 --score-bias 0 --realign 0 --realign-score-bias -0.2 --realign-max-seqs 2147483647 --gap-open nucl:5,aa:11 --gap-extend nucl:2,aa:1 --zdrop 40 --threads 32 --compressed 0 -v 3 

2024-08-08 22:21:32,974 - INFO - 

2024-08-08 22:21:32,975 - INFO - Compute score and coverage

2024-08-08 22:21:32,975 - INFO - Query database size: 38880 type: Profile

2024-08-08 22:21:32,975 - INFO - Target database size: 4 type: Aminoacid

2024-08-08 22:21:32,975 - INFO - Calculation of alignments

2024-08-08 22:21:33,265 - INFO - [=================================================================] 38.88K 0s 285ms

2024-08-08 22:21:33,265 - INFO - Time for merging to results_mmseqs: 0h 0m 0s 22ms

2024-08-08 22:21:33,265 - INFO - 11392 alignments calculated

2024-08-08 22:21:33,265 - INFO - 2 sequence pairs passed the thresholds (0.000176 of overall calculated)

2024-08-08 22:21:33,265 - INFO - 0.000051 hits per query sequence

2024-08-08 22:21:33,265 - INFO - Time for processing: 0h 0m 0s 384ms

2024-08-08 22:21:33,410 - INFO - createtsv /data/yangy34/database/pharokka/phrogs_profile_db phage_pharokka/GCA_015343595.1_612|3-3396/target_dir/target_seqs phage_pharokka/GCA_015343595.1_612|3-3396/mmseqs/results_mmseqs phage_pharokka/GCA_015343595.1_612|3-3396/mmseqs_results.tsv --full-header --threads 32 

2024-08-08 22:21:33,410 - INFO - 

2024-08-08 22:21:33,410 - INFO - MMseqs Version:                 	13.45111

2024-08-08 22:21:33,410 - INFO - First sequence as representative	false

2024-08-08 22:21:33,411 - INFO - Target column                   	1

2024-08-08 22:21:33,411 - INFO - Add full header                 	true

2024-08-08 22:21:33,411 - INFO - Sequence source                 	0

2024-08-08 22:21:33,411 - INFO - Database output                 	false

2024-08-08 22:21:33,411 - INFO - Threads                         	32

2024-08-08 22:21:33,411 - INFO - Compressed                      	0

2024-08-08 22:21:33,411 - INFO - Verbosity                       	3

2024-08-08 22:21:33,411 - INFO - 

2024-08-08 22:21:33,411 - INFO - Time for merging to mmseqs_results.tsv: 0h 0m 0s 31ms

2024-08-08 22:21:33,411 - INFO - Time for processing: 0h 0m 0s 137ms

2024-08-08 22:21:33,435 - INFO - Running mmseqs2 on CARD.
2024-08-08 22:21:33,493 - INFO - createdb phage_pharokka/GCA_015343595.1_612|3-3396/phanotate_aas_tmp.fasta phage_pharokka/GCA_015343595.1_612|3-3396/CARD_target_dir/target_seqs 

2024-08-08 22:21:33,493 - INFO - 

2024-08-08 22:21:33,493 - INFO - MMseqs Version:       	13.45111

2024-08-08 22:21:33,493 - INFO - Database type         	0

2024-08-08 22:21:33,493 - INFO - Shuffle input database	true

2024-08-08 22:21:33,493 - INFO - Createdb mode         	0

2024-08-08 22:21:33,493 - INFO - Write lookup file     	1

2024-08-08 22:21:33,493 - INFO - Offset of numeric ids 	0

2024-08-08 22:21:33,493 - INFO - Compressed            	0

2024-08-08 22:21:33,493 - INFO - Verbosity             	3

2024-08-08 22:21:33,493 - INFO - 

2024-08-08 22:21:33,493 - INFO - Converting sequences

2024-08-08 22:21:33,493 - INFO - [

2024-08-08 22:21:33,493 - INFO - Time for merging to target_seqs_h: 0h 0m 0s 6ms

2024-08-08 22:21:33,493 - INFO - Time for merging to target_seqs: 0h 0m 0s 16ms

2024-08-08 22:21:33,493 - INFO - Database type: Aminoacid

2024-08-08 22:21:33,493 - INFO - Time for processing: 0h 0m 0s 52ms

2024-08-08 22:21:33,501 - INFO - Create directory phage_pharokka/GCA_015343595.1_612|3-3396/CARD_tmp_dir/

2024-08-08 22:21:33,501 - INFO - search --min-seq-id 0.8 -c 0.4 /data/yangy34/database/pharokka/CARD phage_pharokka/GCA_015343595.1_612|3-3396/CARD_target_dir/target_seqs phage_pharokka/GCA_015343595.1_612|3-3396/CARD/results_CARD phage_pharokka/GCA_015343595.1_612|3-3396/CARD_tmp_dir/ -s 8.5 --threads 32 

2024-08-08 22:21:33,501 - INFO - 

2024-08-08 22:21:33,501 - INFO - MMseqs Version:                        	13.45111

2024-08-08 22:21:33,501 - INFO - Substitution matrix                    	nucl:nucleotide.out,aa:blosum62.out

2024-08-08 22:21:33,502 - INFO - Add backtrace                          	false

2024-08-08 22:21:33,502 - INFO - Alignment mode                         	2

2024-08-08 22:21:33,502 - INFO - Alignment mode                         	0

2024-08-08 22:21:33,502 - INFO - Allow wrapped scoring                  	false

2024-08-08 22:21:33,502 - INFO - E-value threshold                      	0.001

2024-08-08 22:21:33,502 - INFO - Seq. id. threshold                     	0.8

2024-08-08 22:21:33,502 - INFO - Min alignment length                   	0

2024-08-08 22:21:33,502 - INFO - Seq. id. mode                          	0

2024-08-08 22:21:33,502 - INFO - Alternative alignments                 	0

2024-08-08 22:21:33,502 - INFO - Coverage threshold                     	0.4

2024-08-08 22:21:33,502 - INFO - Coverage mode                          	0

2024-08-08 22:21:33,502 - INFO - Max sequence length                    	65535

2024-08-08 22:21:33,502 - INFO - Compositional bias                     	1

2024-08-08 22:21:33,502 - INFO - Max reject                             	2147483647

2024-08-08 22:21:33,502 - INFO - Max accept                             	2147483647

2024-08-08 22:21:33,502 - INFO - Include identical seq. id.             	false

2024-08-08 22:21:33,502 - INFO - Preload mode                           	0

2024-08-08 22:21:33,502 - INFO - Pseudo count a                         	1

2024-08-08 22:21:33,502 - INFO - Pseudo count b                         	1.5

2024-08-08 22:21:33,502 - INFO - Score bias                             	0

2024-08-08 22:21:33,502 - INFO - Realign hits                           	false

2024-08-08 22:21:33,502 - INFO - Realign score bias                     	-0.2

2024-08-08 22:21:33,502 - INFO - Realign max seqs                       	2147483647

2024-08-08 22:21:33,503 - INFO - Gap open cost                          	nucl:5,aa:11

2024-08-08 22:21:33,503 - INFO - Gap extension cost                     	nucl:2,aa:1

2024-08-08 22:21:33,503 - INFO - Zdrop                                  	40

2024-08-08 22:21:33,503 - INFO - Threads                                	32

2024-08-08 22:21:33,503 - INFO - Compressed                             	0

2024-08-08 22:21:33,503 - INFO - Verbosity                              	3

2024-08-08 22:21:33,503 - INFO - Seed substitution matrix               	nucl:nucleotide.out,aa:VTML80.out

2024-08-08 22:21:33,503 - INFO - Sensitivity                            	8.5

2024-08-08 22:21:33,503 - INFO - k-mer length                           	0

2024-08-08 22:21:33,503 - INFO - k-score                                	2147483647

2024-08-08 22:21:33,503 - INFO - Alphabet size                          	nucl:5,aa:21

2024-08-08 22:21:33,503 - INFO - Max results per query                  	300

2024-08-08 22:21:33,503 - INFO - Split database                         	0

2024-08-08 22:21:33,503 - INFO - Split mode                             	2

2024-08-08 22:21:33,503 - INFO - Split memory limit                     	0

2024-08-08 22:21:33,503 - INFO - Diagonal scoring                       	true

2024-08-08 22:21:33,503 - INFO - Exact k-mer matching                   	0

2024-08-08 22:21:33,503 - INFO - Mask residues                          	1

2024-08-08 22:21:33,503 - INFO - Mask lower case residues               	0

2024-08-08 22:21:33,503 - INFO - Minimum diagonal score                 	15

2024-08-08 22:21:33,503 - INFO - Spaced k-mers                          	1

2024-08-08 22:21:33,503 - INFO - Spaced k-mer pattern                   	

2024-08-08 22:21:33,503 - INFO - Local temporary path                   	

2024-08-08 22:21:33,503 - INFO - Rescore mode                           	0

2024-08-08 22:21:33,504 - INFO - Remove hits by seq. id. and coverage   	false

2024-08-08 22:21:33,504 - INFO - Sort results                           	0

2024-08-08 22:21:33,504 - INFO - Mask profile                           	1

2024-08-08 22:21:33,504 - INFO - Profile E-value threshold              	0.1

2024-08-08 22:21:33,504 - INFO - Global sequence weighting              	false

2024-08-08 22:21:33,504 - INFO - Allow deletions                        	false

2024-08-08 22:21:33,504 - INFO - Filter MSA                             	1

2024-08-08 22:21:33,504 - INFO - Maximum seq. id. threshold             	0.9

2024-08-08 22:21:33,504 - INFO - Minimum seq. id.                       	0

2024-08-08 22:21:33,504 - INFO - Minimum score per column               	-20

2024-08-08 22:21:33,504 - INFO - Minimum coverage                       	0

2024-08-08 22:21:33,504 - INFO - Select N most diverse seqs             	1000

2024-08-08 22:21:33,504 - INFO - Min codons in orf                      	30

2024-08-08 22:21:33,504 - INFO - Max codons in length                   	32734

2024-08-08 22:21:33,504 - INFO - Max orf gaps                           	2147483647

2024-08-08 22:21:33,504 - INFO - Contig start mode                      	2

2024-08-08 22:21:33,504 - INFO - Contig end mode                        	2

2024-08-08 22:21:33,504 - INFO - Orf start mode                         	1

2024-08-08 22:21:33,504 - INFO - Forward frames                         	1,2,3

2024-08-08 22:21:33,504 - INFO - Reverse frames                         	1,2,3

2024-08-08 22:21:33,504 - INFO - Translation table                      	1

2024-08-08 22:21:33,504 - INFO - Translate orf                          	0

2024-08-08 22:21:33,504 - INFO - Use all table starts                   	false

2024-08-08 22:21:33,504 - INFO - Offset of numeric ids                  	0

2024-08-08 22:21:33,505 - INFO - Create lookup                          	0

2024-08-08 22:21:33,505 - INFO - Add orf stop                           	false

2024-08-08 22:21:33,505 - INFO - Overlap between sequences              	0

2024-08-08 22:21:33,505 - INFO - Sequence split mode                    	1

2024-08-08 22:21:33,505 - INFO - Header split mode                      	0

2024-08-08 22:21:33,505 - INFO - Chain overlapping alignments           	0

2024-08-08 22:21:33,505 - INFO - Merge query                            	1

2024-08-08 22:21:33,505 - INFO - Search type                            	0

2024-08-08 22:21:33,505 - INFO - Search iterations                      	1

2024-08-08 22:21:33,505 - INFO - Start sensitivity                      	4

2024-08-08 22:21:33,505 - INFO - Search steps                           	1

2024-08-08 22:21:33,505 - INFO - Exhaustive search mode                 	false

2024-08-08 22:21:33,505 - INFO - Filter results during exhaustive search	0

2024-08-08 22:21:33,505 - INFO - Strand selection                       	1

2024-08-08 22:21:33,505 - INFO - LCA search mode                        	false

2024-08-08 22:21:33,505 - INFO - Disk space limit                       	0

2024-08-08 22:21:33,505 - INFO - MPI runner                             	

2024-08-08 22:21:33,505 - INFO - Force restart with latest tmp          	false

2024-08-08 22:21:33,505 - INFO - Remove temporary files                 	false

2024-08-08 22:21:33,505 - INFO - 

2024-08-08 22:21:33,668 - INFO - prefilter /data/yangy34/database/pharokka/CARD phage_pharokka/GCA_015343595.1_612|3-3396/CARD_target_dir/target_seqs phage_pharokka/GCA_015343595.1_612|3-3396/CARD_tmp_dir//2890509906794521796/pref_0 --sub-mat nucl:nucleotide.out,aa:blosum62.out --seed-sub-mat nucl:nucleotide.out,aa:VTML80.out -k 0 --k-score 2147483647 --alph-size nucl:5,aa:21 --max-seq-len 65535 --max-seqs 300 --split 0 --split-mode 2 --split-memory-limit 0 -c 0.4 --cov-mode 0 --comp-bias-corr 1 --diag-score 1 --exact-kmer-matching 0 --mask 1 --mask-lower-case 0 --min-ungapped-score 15 --add-self-matches 0 --spaced-kmer-mode 1 --db-load-mode 0 --pca 1 --pcb 1.5 --threads 32 --compressed 0 -v 3 -s 8.5 

2024-08-08 22:21:33,668 - INFO - 

2024-08-08 22:21:33,668 - INFO - Query database size: 4641 type: Aminoacid

2024-08-08 22:21:33,668 - INFO - Estimated memory consumption: 977M

2024-08-08 22:21:33,668 - INFO - Target database size: 4 type: Aminoacid

2024-08-08 22:21:33,668 - INFO - Index table k-mer threshold: 87 at k-mer size 6 

2024-08-08 22:21:33,668 - INFO - Index table: counting k-mers

2024-08-08 22:21:33,797 - INFO - [=================================================================] 4 0s 4ms

2024-08-08 22:21:33,797 - INFO - Index table: Masked residues: 0

2024-08-08 22:21:33,797 - INFO - Index table: fill

2024-08-08 22:21:34,278 - INFO - [=================================================================] 4 0s 2ms

2024-08-08 22:21:34,278 - INFO - Index statistics

2024-08-08 22:21:34,278 - INFO - Entries:          1022

2024-08-08 22:21:34,279 - INFO - DB size:          488 MB

2024-08-08 22:21:34,279 - INFO - Avg k-mer size:   0.000016

2024-08-08 22:21:34,279 - INFO - Top 10 k-mers

2024-08-08 22:21:34,279 - INFO -     HKAAAA	1

2024-08-08 22:21:34,279 - INFO -     AQHEAA	1

2024-08-08 22:21:34,279 - INFO -     QRAKAA	1

2024-08-08 22:21:34,279 - INFO -     TLFKAA	1

2024-08-08 22:21:34,279 - INFO -     SEYKAA	1

2024-08-08 22:21:34,279 - INFO -     LRTTDA	1

2024-08-08 22:21:34,279 - INFO -     DCNYDA	1

2024-08-08 22:21:34,279 - INFO -     VFEKEA	1

2024-08-08 22:21:34,279 - INFO -     QRELEA	1

2024-08-08 22:21:34,279 - INFO -     QWINEA	1

2024-08-08 22:21:34,279 - INFO - Time for index table init: 0h 0m 0s 430ms

2024-08-08 22:21:34,279 - INFO - Process prefiltering step 1 of 1

2024-08-08 22:21:34,279 - INFO - 

2024-08-08 22:21:34,280 - INFO - k-mer similarity threshold: 87

2024-08-08 22:21:34,280 - INFO - Starting prefiltering scores calculation (step 1 of 1)

2024-08-08 22:21:34,280 - INFO - Query db start 1 to 4641

2024-08-08 22:21:34,280 - INFO - Target db start 1 to 4

2024-08-08 22:21:42,817 - INFO - [=================================================================] 4.64K 8s 620ms

2024-08-08 22:21:42,817 - INFO - 

2024-08-08 22:21:42,817 - INFO - 3883.681631 k-mers per position

2024-08-08 22:21:42,817 - INFO - 20 DB matches per sequence

2024-08-08 22:21:42,817 - INFO - 0 overflows

2024-08-08 22:21:42,817 - INFO - 0 queries produce too many hits (truncated result)

2024-08-08 22:21:42,817 - INFO - 0 sequences passed prefiltering per query sequence

2024-08-08 22:21:42,817 - INFO - 0 median result list length

2024-08-08 22:21:42,817 - INFO - 2751 sequences with 0 size result lists

2024-08-08 22:21:42,817 - INFO - Time for merging to pref_0: 0h 0m 0s 11ms

2024-08-08 22:21:42,817 - INFO - Time for processing: 0h 0m 9s 306ms

2024-08-08 22:21:42,839 - INFO - align /data/yangy34/database/pharokka/CARD phage_pharokka/GCA_015343595.1_612|3-3396/CARD_target_dir/target_seqs phage_pharokka/GCA_015343595.1_612|3-3396/CARD_tmp_dir//2890509906794521796/pref_0 phage_pharokka/GCA_015343595.1_612|3-3396/CARD/results_CARD --sub-mat nucl:nucleotide.out,aa:blosum62.out -a 0 --alignment-mode 2 --alignment-output-mode 0 --wrapped-scoring 0 -e 0.001 --min-seq-id 0.8 --min-aln-len 0 --seq-id-mode 0 --alt-ali 0 -c 0.4 --cov-mode 0 --max-seq-len 65535 --comp-bias-corr 1 --max-rejected 2147483647 --max-accept 2147483647 --add-self-matches 0 --db-load-mode 0 --pca 1 --pcb 1.5 --score-bias 0 --realign 0 --realign-score-bias -0.2 --realign-max-seqs 2147483647 --gap-open nucl:5,aa:11 --gap-extend nucl:2,aa:1 --zdrop 40 --threads 32 --compressed 0 -v 3 

2024-08-08 22:21:42,839 - INFO - 

2024-08-08 22:21:42,839 - INFO - Compute score and coverage

2024-08-08 22:21:42,839 - INFO - Query database size: 4641 type: Aminoacid

2024-08-08 22:21:42,840 - INFO - Target database size: 4 type: Aminoacid

2024-08-08 22:21:42,840 - INFO - Calculation of alignments

2024-08-08 22:21:42,868 - INFO - [=================================================================] 4.64K 0s 19ms

2024-08-08 22:21:42,868 - INFO - Time for merging to results_CARD: 0h 0m 0s 9ms

2024-08-08 22:21:42,868 - INFO - 2446 alignments calculated

2024-08-08 22:21:42,868 - INFO - 0 sequence pairs passed the thresholds (0.000000 of overall calculated)

2024-08-08 22:21:42,868 - INFO - 0.000000 hits per query sequence

2024-08-08 22:21:42,868 - INFO - Time for processing: 0h 0m 0s 44ms

2024-08-08 22:21:42,955 - INFO - createtsv /data/yangy34/database/pharokka/CARD phage_pharokka/GCA_015343595.1_612|3-3396/CARD_target_dir/target_seqs phage_pharokka/GCA_015343595.1_612|3-3396/CARD/results_CARD phage_pharokka/GCA_015343595.1_612|3-3396/CARD_results.tsv --full-header --threads 32 

2024-08-08 22:21:42,955 - INFO - 

2024-08-08 22:21:42,956 - INFO - MMseqs Version:                 	13.45111

2024-08-08 22:21:42,956 - INFO - First sequence as representative	false

2024-08-08 22:21:42,956 - INFO - Target column                   	1

2024-08-08 22:21:42,956 - INFO - Add full header                 	true

2024-08-08 22:21:42,956 - INFO - Sequence source                 	0

2024-08-08 22:21:42,956 - INFO - Database output                 	false

2024-08-08 22:21:42,956 - INFO - Threads                         	32

2024-08-08 22:21:42,956 - INFO - Compressed                      	0

2024-08-08 22:21:42,956 - INFO - Verbosity                       	3

2024-08-08 22:21:42,956 - INFO - 

2024-08-08 22:21:42,956 - INFO - Time for merging to CARD_results.tsv: 0h 0m 0s 12ms

2024-08-08 22:21:42,956 - INFO - Time for processing: 0h 0m 0s 81ms

2024-08-08 22:21:42,969 - INFO - Running mmseqs2 on vfdb.
2024-08-08 22:21:43,072 - INFO - createdb phage_pharokka/GCA_015343595.1_612|3-3396/phanotate_aas_tmp.fasta phage_pharokka/GCA_015343595.1_612|3-3396/vfdb_target_dir/target_seqs 

2024-08-08 22:21:43,072 - INFO - 

2024-08-08 22:21:43,072 - INFO - MMseqs Version:       	13.45111

2024-08-08 22:21:43,072 - INFO - Database type         	0

2024-08-08 22:21:43,072 - INFO - Shuffle input database	true

2024-08-08 22:21:43,072 - INFO - Createdb mode         	0

2024-08-08 22:21:43,072 - INFO - Write lookup file     	1

2024-08-08 22:21:43,072 - INFO - Offset of numeric ids 	0

2024-08-08 22:21:43,072 - INFO - Compressed            	0

2024-08-08 22:21:43,072 - INFO - Verbosity             	3

2024-08-08 22:21:43,072 - INFO - 

2024-08-08 22:21:43,072 - INFO - Converting sequences

2024-08-08 22:21:43,072 - INFO - [

2024-08-08 22:21:43,072 - INFO - Time for merging to target_seqs_h: 0h 0m 0s 8ms

2024-08-08 22:21:43,072 - INFO - Time for merging to target_seqs: 0h 0m 0s 20ms

2024-08-08 22:21:43,072 - INFO - Database type: Aminoacid

2024-08-08 22:21:43,072 - INFO - Time for processing: 0h 0m 0s 97ms

2024-08-08 22:21:43,081 - INFO - Create directory phage_pharokka/GCA_015343595.1_612|3-3396/vfdb_tmp_dir/

2024-08-08 22:21:43,081 - INFO - search --min-seq-id 0.8 -c 0.4 /data/yangy34/database/pharokka/vfdb phage_pharokka/GCA_015343595.1_612|3-3396/vfdb_target_dir/target_seqs phage_pharokka/GCA_015343595.1_612|3-3396/vfdb/results_vfdb phage_pharokka/GCA_015343595.1_612|3-3396/vfdb_tmp_dir/ -s 8.5 --threads 32 

2024-08-08 22:21:43,081 - INFO - 

2024-08-08 22:21:43,081 - INFO - MMseqs Version:                        	13.45111

2024-08-08 22:21:43,081 - INFO - Substitution matrix                    	nucl:nucleotide.out,aa:blosum62.out

2024-08-08 22:21:43,081 - INFO - Add backtrace                          	false

2024-08-08 22:21:43,081 - INFO - Alignment mode                         	2

2024-08-08 22:21:43,081 - INFO - Alignment mode                         	0

2024-08-08 22:21:43,081 - INFO - Allow wrapped scoring                  	false

2024-08-08 22:21:43,081 - INFO - E-value threshold                      	0.001

2024-08-08 22:21:43,081 - INFO - Seq. id. threshold                     	0.8

2024-08-08 22:21:43,081 - INFO - Min alignment length                   	0

2024-08-08 22:21:43,081 - INFO - Seq. id. mode                          	0

2024-08-08 22:21:43,081 - INFO - Alternative alignments                 	0

2024-08-08 22:21:43,081 - INFO - Coverage threshold                     	0.4

2024-08-08 22:21:43,081 - INFO - Coverage mode                          	0

2024-08-08 22:21:43,081 - INFO - Max sequence length                    	65535

2024-08-08 22:21:43,081 - INFO - Compositional bias                     	1

2024-08-08 22:21:43,082 - INFO - Max reject                             	2147483647

2024-08-08 22:21:43,082 - INFO - Max accept                             	2147483647

2024-08-08 22:21:43,082 - INFO - Include identical seq. id.             	false

2024-08-08 22:21:43,082 - INFO - Preload mode                           	0

2024-08-08 22:21:43,082 - INFO - Pseudo count a                         	1

2024-08-08 22:21:43,082 - INFO - Pseudo count b                         	1.5

2024-08-08 22:21:43,082 - INFO - Score bias                             	0

2024-08-08 22:21:43,082 - INFO - Realign hits                           	false

2024-08-08 22:21:43,082 - INFO - Realign score bias                     	-0.2

2024-08-08 22:21:43,082 - INFO - Realign max seqs                       	2147483647

2024-08-08 22:21:43,082 - INFO - Gap open cost                          	nucl:5,aa:11

2024-08-08 22:21:43,082 - INFO - Gap extension cost                     	nucl:2,aa:1

2024-08-08 22:21:43,082 - INFO - Zdrop                                  	40

2024-08-08 22:21:43,082 - INFO - Threads                                	32

2024-08-08 22:21:43,082 - INFO - Compressed                             	0

2024-08-08 22:21:43,082 - INFO - Verbosity                              	3

2024-08-08 22:21:43,082 - INFO - Seed substitution matrix               	nucl:nucleotide.out,aa:VTML80.out

2024-08-08 22:21:43,082 - INFO - Sensitivity                            	8.5

2024-08-08 22:21:43,082 - INFO - k-mer length                           	0

2024-08-08 22:21:43,082 - INFO - k-score                                	2147483647

2024-08-08 22:21:43,082 - INFO - Alphabet size                          	nucl:5,aa:21

2024-08-08 22:21:43,082 - INFO - Max results per query                  	300

2024-08-08 22:21:43,082 - INFO - Split database                         	0

2024-08-08 22:21:43,082 - INFO - Split mode                             	2

2024-08-08 22:21:43,082 - INFO - Split memory limit                     	0

2024-08-08 22:21:43,083 - INFO - Diagonal scoring                       	true

2024-08-08 22:21:43,083 - INFO - Exact k-mer matching                   	0

2024-08-08 22:21:43,083 - INFO - Mask residues                          	1

2024-08-08 22:21:43,083 - INFO - Mask lower case residues               	0

2024-08-08 22:21:43,083 - INFO - Minimum diagonal score                 	15

2024-08-08 22:21:43,083 - INFO - Spaced k-mers                          	1

2024-08-08 22:21:43,083 - INFO - Spaced k-mer pattern                   	

2024-08-08 22:21:43,083 - INFO - Local temporary path                   	

2024-08-08 22:21:43,083 - INFO - Rescore mode                           	0

2024-08-08 22:21:43,083 - INFO - Remove hits by seq. id. and coverage   	false

2024-08-08 22:21:43,083 - INFO - Sort results                           	0

2024-08-08 22:21:43,083 - INFO - Mask profile                           	1

2024-08-08 22:21:43,083 - INFO - Profile E-value threshold              	0.1

2024-08-08 22:21:43,083 - INFO - Global sequence weighting              	false

2024-08-08 22:21:43,083 - INFO - Allow deletions                        	false

2024-08-08 22:21:43,083 - INFO - Filter MSA                             	1

2024-08-08 22:21:43,083 - INFO - Maximum seq. id. threshold             	0.9

2024-08-08 22:21:43,083 - INFO - Minimum seq. id.                       	0

2024-08-08 22:21:43,083 - INFO - Minimum score per column               	-20

2024-08-08 22:21:43,083 - INFO - Minimum coverage                       	0

2024-08-08 22:21:43,083 - INFO - Select N most diverse seqs             	1000

2024-08-08 22:21:43,083 - INFO - Min codons in orf                      	30

2024-08-08 22:21:43,083 - INFO - Max codons in length                   	32734

2024-08-08 22:21:43,083 - INFO - Max orf gaps                           	2147483647

2024-08-08 22:21:43,084 - INFO - Contig start mode                      	2

2024-08-08 22:21:43,084 - INFO - Contig end mode                        	2

2024-08-08 22:21:43,084 - INFO - Orf start mode                         	1

2024-08-08 22:21:43,084 - INFO - Forward frames                         	1,2,3

2024-08-08 22:21:43,084 - INFO - Reverse frames                         	1,2,3

2024-08-08 22:21:43,084 - INFO - Translation table                      	1

2024-08-08 22:21:43,084 - INFO - Translate orf                          	0

2024-08-08 22:21:43,084 - INFO - Use all table starts                   	false

2024-08-08 22:21:43,084 - INFO - Offset of numeric ids                  	0

2024-08-08 22:21:43,084 - INFO - Create lookup                          	0

2024-08-08 22:21:43,084 - INFO - Add orf stop                           	false

2024-08-08 22:21:43,084 - INFO - Overlap between sequences              	0

2024-08-08 22:21:43,084 - INFO - Sequence split mode                    	1

2024-08-08 22:21:43,084 - INFO - Header split mode                      	0

2024-08-08 22:21:43,084 - INFO - Chain overlapping alignments           	0

2024-08-08 22:21:43,084 - INFO - Merge query                            	1

2024-08-08 22:21:43,084 - INFO - Search type                            	0

2024-08-08 22:21:43,084 - INFO - Search iterations                      	1

2024-08-08 22:21:43,084 - INFO - Start sensitivity                      	4

2024-08-08 22:21:43,084 - INFO - Search steps                           	1

2024-08-08 22:21:43,084 - INFO - Exhaustive search mode                 	false

2024-08-08 22:21:43,084 - INFO - Filter results during exhaustive search	0

2024-08-08 22:21:43,084 - INFO - Strand selection                       	1

2024-08-08 22:21:43,084 - INFO - LCA search mode                        	false

2024-08-08 22:21:43,085 - INFO - Disk space limit                       	0

2024-08-08 22:21:43,085 - INFO - MPI runner                             	

2024-08-08 22:21:43,085 - INFO - Force restart with latest tmp          	false

2024-08-08 22:21:43,085 - INFO - Remove temporary files                 	false

2024-08-08 22:21:43,085 - INFO - 

2024-08-08 22:21:43,249 - INFO - prefilter /data/yangy34/database/pharokka/vfdb phage_pharokka/GCA_015343595.1_612|3-3396/vfdb_target_dir/target_seqs phage_pharokka/GCA_015343595.1_612|3-3396/vfdb_tmp_dir//15832015954296979632/pref_0 --sub-mat nucl:nucleotide.out,aa:blosum62.out --seed-sub-mat nucl:nucleotide.out,aa:VTML80.out -k 0 --k-score 2147483647 --alph-size nucl:5,aa:21 --max-seq-len 65535 --max-seqs 300 --split 0 --split-mode 2 --split-memory-limit 0 -c 0.4 --cov-mode 0 --comp-bias-corr 1 --diag-score 1 --exact-kmer-matching 0 --mask 1 --mask-lower-case 0 --min-ungapped-score 15 --add-self-matches 0 --spaced-kmer-mode 1 --db-load-mode 0 --pca 1 --pcb 1.5 --threads 32 --compressed 0 -v 3 -s 8.5 

2024-08-08 22:21:43,249 - INFO - 

2024-08-08 22:21:43,249 - INFO - Query database size: 27504 type: Aminoacid

2024-08-08 22:21:43,249 - INFO - Estimated memory consumption: 977M

2024-08-08 22:21:43,249 - INFO - Target database size: 4 type: Aminoacid

2024-08-08 22:21:43,249 - INFO - Index table k-mer threshold: 87 at k-mer size 6 

2024-08-08 22:21:43,249 - INFO - Index table: counting k-mers

2024-08-08 22:21:43,376 - INFO - [=================================================================] 4 0s 4ms

2024-08-08 22:21:43,376 - INFO - Index table: Masked residues: 0

2024-08-08 22:21:43,376 - INFO - Index table: fill

2024-08-08 22:21:44,661 - INFO - [=================================================================] 4 0s 2ms

2024-08-08 22:21:44,662 - INFO - Index statistics

2024-08-08 22:21:44,662 - INFO - Entries:          1022

2024-08-08 22:21:44,662 - INFO - DB size:          488 MB

2024-08-08 22:21:44,662 - INFO - Avg k-mer size:   0.000016

2024-08-08 22:21:44,662 - INFO - Top 10 k-mers

2024-08-08 22:21:44,662 - INFO -     HKAAAA	1

2024-08-08 22:21:44,662 - INFO -     AQHEAA	1

2024-08-08 22:21:44,662 - INFO -     QRAKAA	1

2024-08-08 22:21:44,662 - INFO -     TLFKAA	1

2024-08-08 22:21:44,662 - INFO -     SEYKAA	1

2024-08-08 22:21:44,662 - INFO -     LRTTDA	1

2024-08-08 22:21:44,662 - INFO -     DCNYDA	1

2024-08-08 22:21:44,662 - INFO -     VFEKEA	1

2024-08-08 22:21:44,663 - INFO -     QRELEA	1

2024-08-08 22:21:44,663 - INFO -     QWINEA	1

2024-08-08 22:21:44,663 - INFO - Time for index table init: 0h 0m 0s 425ms

2024-08-08 22:21:44,663 - INFO - Process prefiltering step 1 of 1

2024-08-08 22:21:44,663 - INFO - 

2024-08-08 22:21:44,663 - INFO - k-mer similarity threshold: 87

2024-08-08 22:21:44,663 - INFO - Starting prefiltering scores calculation (step 1 of 1)

2024-08-08 22:21:44,663 - INFO - Query db start 1 to 27504

2024-08-08 22:21:44,663 - INFO - Target db start 1 to 4

2024-08-08 22:22:47,369 - INFO - [=================================================================] 27.50K 1m 3s 245ms

2024-08-08 22:22:47,370 - INFO - 

2024-08-08 22:22:47,370 - INFO - 3159.764157 k-mers per position

2024-08-08 22:22:47,370 - INFO - 25 DB matches per sequence

2024-08-08 22:22:47,370 - INFO - 0 overflows

2024-08-08 22:22:47,370 - INFO - 0 queries produce too many hits (truncated result)

2024-08-08 22:22:47,370 - INFO - 0 sequences passed prefiltering per query sequence

2024-08-08 22:22:47,370 - INFO - 0 median result list length

2024-08-08 22:22:47,370 - INFO - 17670 sequences with 0 size result lists

2024-08-08 22:22:47,370 - INFO - Time for merging to pref_0: 0h 0m 0s 18ms

2024-08-08 22:22:47,370 - INFO - Time for processing: 0h 1m 4s 281ms

2024-08-08 22:22:47,411 - INFO - align /data/yangy34/database/pharokka/vfdb phage_pharokka/GCA_015343595.1_612|3-3396/vfdb_target_dir/target_seqs phage_pharokka/GCA_015343595.1_612|3-3396/vfdb_tmp_dir//15832015954296979632/pref_0 phage_pharokka/GCA_015343595.1_612|3-3396/vfdb/results_vfdb --sub-mat nucl:nucleotide.out,aa:blosum62.out -a 0 --alignment-mode 2 --alignment-output-mode 0 --wrapped-scoring 0 -e 0.001 --min-seq-id 0.8 --min-aln-len 0 --seq-id-mode 0 --alt-ali 0 -c 0.4 --cov-mode 0 --max-seq-len 65535 --comp-bias-corr 1 --max-rejected 2147483647 --max-accept 2147483647 --add-self-matches 0 --db-load-mode 0 --pca 1 --pcb 1.5 --score-bias 0 --realign 0 --realign-score-bias -0.2 --realign-max-seqs 2147483647 --gap-open nucl:5,aa:11 --gap-extend nucl:2,aa:1 --zdrop 40 --threads 32 --compressed 0 -v 3 

2024-08-08 22:22:47,412 - INFO - 

2024-08-08 22:22:47,412 - INFO - Compute score and coverage

2024-08-08 22:22:47,412 - INFO - Query database size: 27504 type: Aminoacid

2024-08-08 22:22:47,412 - INFO - Target database size: 4 type: Aminoacid

2024-08-08 22:22:47,412 - INFO - Calculation of alignments

2024-08-08 22:22:47,500 - INFO - [=================================================================] 27.50K 0s 63ms

2024-08-08 22:22:47,500 - INFO - Time for merging to results_vfdb: 0h 0m 0s 20ms

2024-08-08 22:22:47,500 - INFO - 7612 alignments calculated

2024-08-08 22:22:47,500 - INFO - 0 sequence pairs passed the thresholds (0.000000 of overall calculated)

2024-08-08 22:22:47,500 - INFO - 0.000000 hits per query sequence

2024-08-08 22:22:47,500 - INFO - Time for processing: 0h 0m 0s 122ms

2024-08-08 22:22:47,647 - INFO - createtsv /data/yangy34/database/pharokka/vfdb phage_pharokka/GCA_015343595.1_612|3-3396/vfdb_target_dir/target_seqs phage_pharokka/GCA_015343595.1_612|3-3396/vfdb/results_vfdb phage_pharokka/GCA_015343595.1_612|3-3396/vfdb_results.tsv --full-header --threads 32 

2024-08-08 22:22:47,647 - INFO - 

2024-08-08 22:22:47,647 - INFO - MMseqs Version:                 	13.45111

2024-08-08 22:22:47,647 - INFO - First sequence as representative	false

2024-08-08 22:22:47,647 - INFO - Target column                   	1

2024-08-08 22:22:47,648 - INFO - Add full header                 	true

2024-08-08 22:22:47,648 - INFO - Sequence source                 	0

2024-08-08 22:22:47,648 - INFO - Database output                 	false

2024-08-08 22:22:47,648 - INFO - Threads                         	32

2024-08-08 22:22:47,648 - INFO - Compressed                      	0

2024-08-08 22:22:47,648 - INFO - Verbosity                       	3

2024-08-08 22:22:47,648 - INFO - 

2024-08-08 22:22:47,648 - INFO - Time for merging to vfdb_results.tsv: 0h 0m 0s 25ms

2024-08-08 22:22:47,648 - INFO - Time for processing: 0h 0m 0s 140ms

2024-08-08 22:22:47,675 - INFO - Post Processing Output.
2024-08-08 22:22:47,998 - INFO - Converting gff to genbank.
2024-08-08 22:22:48,017 - WARNING - /gpfs/gsfs12/users/yangy34/softwares/mambaforge/envs/pharokka-env/lib/python3.10/site-packages/Bio/SeqIO/InsdcIO.py:728: BiopythonWarning: Increasing length of locus line to allow long name. This will result in fields that are not in usual positions.
  warnings.warn(

2024-08-08 22:22:48,031 - INFO - Finding the closest match for each contig in INPHARED using mash.
2024-08-08 22:22:48,100 - INFO - Sketching GCA_015343595.1_53_phages/GCA_015343595.1_612_3_3396_prophage.fasta...

2024-08-08 22:22:48,103 - INFO - Writing to phage_pharokka/GCA_015343595.1_612|3-3396/input_mash_sketch.msh...

2024-08-08 22:22:49,669 - INFO - pharokka has finished
2024-08-08 22:22:49,669 - INFO - Elapsed time: 146.74 seconds
2024-08-08 22:22:49,669 - INFO - If you use pharokka in your research, please cite:
2024-08-08 22:22:49,669 - INFO - George Bouras, Roshan Nepal, Ghais Houtak, Alkis James Psaltis, Peter-John Wormald, Sarah Vreugde.
2024-08-08 22:22:49,669 - INFO - Pharokka: a fast scalable bacteriophage annotation tool.
2024-08-08 22:22:49,669 - INFO - Bioinformatics, Volume 39, Issue 1, January 2023, btac776.
2024-08-08 22:22:49,669 - INFO - https://doi.org/10.1093/bioinformatics/btac776.
2024-08-08 22:22:49,669 - INFO - You should also cite the full list of tools pharokka uses, which can be found at https://github.com/gbouras13/pharokka#citation.
