2024-08-08 22:01:49,247 - INFO - Starting pharokka v1.3.2
2024-08-08 22:01:49,247 - INFO - Input args: Namespace(infile='GCA_015343595.1_53_phages/GCA_015343595.1_1242_3_1783_prophage.fasta', outdir='phage_pharokka/GCA_015343595.1_1242|3-1783', database='/data/yangy34/database/pharokka', threads='32', force=False, prefix='Default', locustag='Default', gene_predictor='phanotate', meta=False, split=False, coding_table='11', evalue='1E-05', terminase=False, terminase_strand='nothing', terminase_start='nothing', citation=False)
2024-08-08 22:01:49,248 - INFO - Checking database installation.
2024-08-08 22:01:49,272 - INFO - All databases have been successfully checked.
2024-08-08 22:01:49,272 - INFO - Checking dependencies.
2024-08-08 22:01:50,426 - INFO - phan_out version found is v1.5.1.
2024-08-08 22:01:50,426 - INFO - Phanotate version is ok.
2024-08-08 22:01:50,497 - INFO - MMseqs2 version found is v13.45111.
2024-08-08 22:01:50,497 - INFO - MMseqs2 version is ok.
2024-08-08 22:01:51,385 - INFO - tRNAscan-SE version found is v2.45111.11.
2024-08-08 22:01:51,385 - INFO - tRNAscan-SE version is ok.
2024-08-08 22:01:51,918 - INFO - MinCED version found is v0.4.2.
2024-08-08 22:01:51,918 - INFO - MinCED version is ok.
2024-08-08 22:01:51,937 - INFO - ARAGORN version found is v1.2.41.
2024-08-08 22:01:51,937 - INFO - ARAGORN version is ok.
2024-08-08 22:01:51,994 - INFO - mash version found is v2.2.
2024-08-08 22:01:51,995 - INFO - mash version is ok.
2024-08-08 22:01:52,203 - INFO - Running Phanotate.
2024-08-08 22:01:53,524 - INFO - Translating gene predicted fastas.
2024-08-08 22:01:53,547 - INFO - Starting tRNA-scanSE
2024-08-08 22:01:53,698 - INFO - 

2024-08-08 22:01:53,698 - INFO - tRNAscan-SE v.2.0.11 (Oct 2022) - scan sequences for transfer RNAs

2024-08-08 22:01:53,698 - INFO - Copyright (C) 2022 Patricia Chan and Todd Lowe

2024-08-08 22:01:53,698 - INFO -                    University of California Santa Cruz

2024-08-08 22:01:53,699 - INFO - Freely distributed under the GNU General Public License (GPLv3)

2024-08-08 22:01:53,699 - INFO - 

2024-08-08 22:01:53,699 - INFO - ------------------------------------------------------------

2024-08-08 22:01:53,699 - INFO - Sequence file(s) to search:        GCA_015343595.1_53_phages/GCA_015343595.1_1242_3_1783_prophage.fasta

2024-08-08 22:01:53,699 - INFO - Search Mode:                       General

2024-08-08 22:01:53,699 - INFO - Results written to:                Standard output

2024-08-08 22:01:53,699 - INFO - Output format:                     Tabular

2024-08-08 22:01:53,699 - INFO - Searching with:                    Infernal single-pass scan

2024-08-08 22:01:53,699 - INFO -                                    Fast mode

2024-08-08 22:01:53,699 - INFO - Covariance model:                  /gpfs/gsfs12/users/yangy34/softwares/mambaforge/envs/pharokka-env/lib/tRNAscan-SE/models/TRNAinf.cm

2024-08-08 22:01:53,699 - INFO - 

2024-08-08 22:01:53,699 - INFO - Temporary directory:               /tmp

2024-08-08 22:01:53,699 - INFO - tRNA predictions saved to:         phage_pharokka/GCA_015343595.1_1242|3-1783/trnascan_out.gff

2024-08-08 22:01:53,699 - INFO - ------------------------------------------------------------

2024-08-08 22:01:53,699 - INFO - 

2024-08-08 22:01:53,816 - INFO - No tRNAs found.

2024-08-08 22:01:53,817 - INFO - 

2024-08-08 22:01:53,831 - INFO - Running MinCED.
2024-08-08 22:01:53,966 - INFO - Running Aragorn.
2024-08-08 22:01:53,969 - INFO - Starting MMseqs2.
2024-08-08 22:01:53,969 - INFO - Running MMseqs2 on PHROGs Database.
2024-08-08 22:01:54,059 - INFO - createdb phage_pharokka/GCA_015343595.1_1242|3-1783/phanotate_aas_tmp.fasta phage_pharokka/GCA_015343595.1_1242|3-1783/target_dir/target_seqs 

2024-08-08 22:01:54,059 - INFO - 

2024-08-08 22:01:54,059 - INFO - MMseqs Version:       	13.45111

2024-08-08 22:01:54,059 - INFO - Database type         	0

2024-08-08 22:01:54,059 - INFO - Shuffle input database	true

2024-08-08 22:01:54,060 - INFO - Createdb mode         	0

2024-08-08 22:01:54,060 - INFO - Write lookup file     	1

2024-08-08 22:01:54,060 - INFO - Offset of numeric ids 	0

2024-08-08 22:01:54,060 - INFO - Compressed            	0

2024-08-08 22:01:54,060 - INFO - Verbosity             	3

2024-08-08 22:01:54,060 - INFO - 

2024-08-08 22:01:54,060 - INFO - Converting sequences

2024-08-08 22:01:54,060 - INFO - [

2024-08-08 22:01:54,060 - INFO - Time for merging to target_seqs_h: 0h 0m 0s 22ms

2024-08-08 22:01:54,060 - INFO - Time for merging to target_seqs: 0h 0m 0s 22ms

2024-08-08 22:01:54,060 - INFO - Database type: Aminoacid

2024-08-08 22:01:54,060 - INFO - Time for processing: 0h 0m 0s 84ms

2024-08-08 22:01:54,069 - INFO - Create directory phage_pharokka/GCA_015343595.1_1242|3-1783/tmp_dir/

2024-08-08 22:01:54,069 - INFO - search -e 1E-05 /data/yangy34/database/pharokka/phrogs_profile_db phage_pharokka/GCA_015343595.1_1242|3-1783/target_dir/target_seqs phage_pharokka/GCA_015343595.1_1242|3-1783/mmseqs/results_mmseqs phage_pharokka/GCA_015343595.1_1242|3-1783/tmp_dir/ -s 8.5 --threads 32 

2024-08-08 22:01:54,069 - INFO - 

2024-08-08 22:01:54,069 - INFO - MMseqs Version:                        	13.45111

2024-08-08 22:01:54,069 - INFO - Substitution matrix                    	nucl:nucleotide.out,aa:blosum62.out

2024-08-08 22:01:54,069 - INFO - Add backtrace                          	false

2024-08-08 22:01:54,069 - INFO - Alignment mode                         	2

2024-08-08 22:01:54,069 - INFO - Alignment mode                         	0

2024-08-08 22:01:54,069 - INFO - Allow wrapped scoring                  	false

2024-08-08 22:01:54,069 - INFO - E-value threshold                      	1e-05

2024-08-08 22:01:54,069 - INFO - Seq. id. threshold                     	0

2024-08-08 22:01:54,070 - INFO - Min alignment length                   	0

2024-08-08 22:01:54,070 - INFO - Seq. id. mode                          	0

2024-08-08 22:01:54,070 - INFO - Alternative alignments                 	0

2024-08-08 22:01:54,070 - INFO - Coverage threshold                     	0

2024-08-08 22:01:54,070 - INFO - Coverage mode                          	0

2024-08-08 22:01:54,070 - INFO - Max sequence length                    	65535

2024-08-08 22:01:54,070 - INFO - Compositional bias                     	1

2024-08-08 22:01:54,070 - INFO - Max reject                             	2147483647

2024-08-08 22:01:54,070 - INFO - Max accept                             	2147483647

2024-08-08 22:01:54,070 - INFO - Include identical seq. id.             	false

2024-08-08 22:01:54,070 - INFO - Preload mode                           	0

2024-08-08 22:01:54,070 - INFO - Pseudo count a                         	1

2024-08-08 22:01:54,070 - INFO - Pseudo count b                         	1.5

2024-08-08 22:01:54,070 - INFO - Score bias                             	0

2024-08-08 22:01:54,070 - INFO - Realign hits                           	false

2024-08-08 22:01:54,070 - INFO - Realign score bias                     	-0.2

2024-08-08 22:01:54,070 - INFO - Realign max seqs                       	2147483647

2024-08-08 22:01:54,070 - INFO - Gap open cost                          	nucl:5,aa:11

2024-08-08 22:01:54,070 - INFO - Gap extension cost                     	nucl:2,aa:1

2024-08-08 22:01:54,070 - INFO - Zdrop                                  	40

2024-08-08 22:01:54,070 - INFO - Threads                                	32

2024-08-08 22:01:54,070 - INFO - Compressed                             	0

2024-08-08 22:01:54,070 - INFO - Verbosity                              	3

2024-08-08 22:01:54,071 - INFO - Seed substitution matrix               	nucl:nucleotide.out,aa:VTML80.out

2024-08-08 22:01:54,071 - INFO - Sensitivity                            	8.5

2024-08-08 22:01:54,071 - INFO - k-mer length                           	0

2024-08-08 22:01:54,071 - INFO - k-score                                	2147483647

2024-08-08 22:01:54,071 - INFO - Alphabet size                          	nucl:5,aa:21

2024-08-08 22:01:54,071 - INFO - Max results per query                  	300

2024-08-08 22:01:54,071 - INFO - Split database                         	0

2024-08-08 22:01:54,071 - INFO - Split mode                             	2

2024-08-08 22:01:54,071 - INFO - Split memory limit                     	0

2024-08-08 22:01:54,071 - INFO - Diagonal scoring                       	true

2024-08-08 22:01:54,071 - INFO - Exact k-mer matching                   	0

2024-08-08 22:01:54,071 - INFO - Mask residues                          	1

2024-08-08 22:01:54,071 - INFO - Mask lower case residues               	0

2024-08-08 22:01:54,071 - INFO - Minimum diagonal score                 	15

2024-08-08 22:01:54,071 - INFO - Spaced k-mers                          	1

2024-08-08 22:01:54,071 - INFO - Spaced k-mer pattern                   	

2024-08-08 22:01:54,071 - INFO - Local temporary path                   	

2024-08-08 22:01:54,071 - INFO - Rescore mode                           	0

2024-08-08 22:01:54,071 - INFO - Remove hits by seq. id. and coverage   	false

2024-08-08 22:01:54,071 - INFO - Sort results                           	0

2024-08-08 22:01:54,071 - INFO - Mask profile                           	1

2024-08-08 22:01:54,071 - INFO - Profile E-value threshold              	0.1

2024-08-08 22:01:54,071 - INFO - Global sequence weighting              	false

2024-08-08 22:01:54,072 - INFO - Allow deletions                        	false

2024-08-08 22:01:54,072 - INFO - Filter MSA                             	1

2024-08-08 22:01:54,072 - INFO - Maximum seq. id. threshold             	0.9

2024-08-08 22:01:54,072 - INFO - Minimum seq. id.                       	0

2024-08-08 22:01:54,072 - INFO - Minimum score per column               	-20

2024-08-08 22:01:54,072 - INFO - Minimum coverage                       	0

2024-08-08 22:01:54,072 - INFO - Select N most diverse seqs             	1000

2024-08-08 22:01:54,072 - INFO - Min codons in orf                      	30

2024-08-08 22:01:54,072 - INFO - Max codons in length                   	32734

2024-08-08 22:01:54,072 - INFO - Max orf gaps                           	2147483647

2024-08-08 22:01:54,072 - INFO - Contig start mode                      	2

2024-08-08 22:01:54,072 - INFO - Contig end mode                        	2

2024-08-08 22:01:54,072 - INFO - Orf start mode                         	1

2024-08-08 22:01:54,072 - INFO - Forward frames                         	1,2,3

2024-08-08 22:01:54,072 - INFO - Reverse frames                         	1,2,3

2024-08-08 22:01:54,072 - INFO - Translation table                      	1

2024-08-08 22:01:54,072 - INFO - Translate orf                          	0

2024-08-08 22:01:54,072 - INFO - Use all table starts                   	false

2024-08-08 22:01:54,072 - INFO - Offset of numeric ids                  	0

2024-08-08 22:01:54,072 - INFO - Create lookup                          	0

2024-08-08 22:01:54,072 - INFO - Add orf stop                           	false

2024-08-08 22:01:54,072 - INFO - Overlap between sequences              	0

2024-08-08 22:01:54,072 - INFO - Sequence split mode                    	1

2024-08-08 22:01:54,072 - INFO - Header split mode                      	0

2024-08-08 22:01:54,073 - INFO - Chain overlapping alignments           	0

2024-08-08 22:01:54,073 - INFO - Merge query                            	1

2024-08-08 22:01:54,073 - INFO - Search type                            	0

2024-08-08 22:01:54,073 - INFO - Search iterations                      	1

2024-08-08 22:01:54,073 - INFO - Start sensitivity                      	4

2024-08-08 22:01:54,073 - INFO - Search steps                           	1

2024-08-08 22:01:54,073 - INFO - Exhaustive search mode                 	false

2024-08-08 22:01:54,073 - INFO - Filter results during exhaustive search	0

2024-08-08 22:01:54,073 - INFO - Strand selection                       	1

2024-08-08 22:01:54,073 - INFO - LCA search mode                        	false

2024-08-08 22:01:54,073 - INFO - Disk space limit                       	0

2024-08-08 22:01:54,073 - INFO - MPI runner                             	

2024-08-08 22:01:54,073 - INFO - Force restart with latest tmp          	false

2024-08-08 22:01:54,073 - INFO - Remove temporary files                 	false

2024-08-08 22:01:54,073 - INFO - 

2024-08-08 22:01:54,457 - INFO - prefilter /data/yangy34/database/pharokka/phrogs_profile_db phage_pharokka/GCA_015343595.1_1242|3-1783/target_dir/target_seqs phage_pharokka/GCA_015343595.1_1242|3-1783/tmp_dir//10482873574859469713/pref_0 --sub-mat nucl:nucleotide.out,aa:blosum62.out --seed-sub-mat nucl:nucleotide.out,aa:VTML80.out -k 0 --k-score 2147483647 --alph-size nucl:5,aa:21 --max-seq-len 65535 --max-seqs 300 --split 0 --split-mode 2 --split-memory-limit 0 -c 0 --cov-mode 0 --comp-bias-corr 1 --diag-score 1 --exact-kmer-matching 0 --mask 1 --mask-lower-case 0 --min-ungapped-score 15 --add-self-matches 0 --spaced-kmer-mode 1 --db-load-mode 0 --pca 1 --pcb 1.5 --threads 32 --compressed 0 -v 3 -s 8.5 

2024-08-08 22:01:54,457 - INFO - 

2024-08-08 22:01:54,457 - INFO - Query database size: 38880 type: Profile

2024-08-08 22:01:54,457 - INFO - Estimated memory consumption: 488M

2024-08-08 22:01:54,457 - INFO - Target database size: 6 type: Aminoacid

2024-08-08 22:01:54,457 - INFO - Index table k-mer threshold: 0 at k-mer size 6 

2024-08-08 22:01:54,457 - INFO - Index table: counting k-mers

2024-08-08 22:01:54,598 - INFO - [=================================================================] 6 0s 2ms

2024-08-08 22:01:54,598 - INFO - Index table: Masked residues: 0

2024-08-08 22:01:54,598 - INFO - Index table: fill

2024-08-08 22:01:55,821 - INFO - [=================================================================] 6 0s 0ms

2024-08-08 22:01:55,821 - INFO - Index statistics

2024-08-08 22:01:55,821 - INFO - Entries:          477

2024-08-08 22:01:55,822 - INFO - DB size:          488 MB

2024-08-08 22:01:55,822 - INFO - Avg k-mer size:   0.000007

2024-08-08 22:01:55,822 - INFO - Top 10 k-mers

2024-08-08 22:01:55,822 - INFO -     VHMNAA	1

2024-08-08 22:01:55,822 - INFO -     LNEADA	1

2024-08-08 22:01:55,822 - INFO -     EATDDA	1

2024-08-08 22:01:55,822 - INFO -     FGPNDA	1

2024-08-08 22:01:55,822 - INFO -     DVELEA	1

2024-08-08 22:01:55,822 - INFO -     KKFPEA	1

2024-08-08 22:01:55,822 - INFO -     FANVEA	1

2024-08-08 22:01:55,823 - INFO -     IAVKFA	1

2024-08-08 22:01:55,823 - INFO -     MSPLFA	1

2024-08-08 22:01:55,823 - INFO -     EEGPFA	1

2024-08-08 22:01:55,823 - INFO - Time for index table init: 0h 0m 0s 644ms

2024-08-08 22:01:55,823 - INFO - Process prefiltering step 1 of 1

2024-08-08 22:01:55,823 - INFO - 

2024-08-08 22:01:55,823 - INFO - k-mer similarity threshold: 81

2024-08-08 22:01:55,823 - INFO - Starting prefiltering scores calculation (step 1 of 1)

2024-08-08 22:01:55,823 - INFO - Query db start 1 to 38880

2024-08-08 22:01:55,823 - INFO - Target db start 1 to 6

2024-08-08 22:03:04,748 - INFO - [=================================================================] 38.88K 1m 9s 653ms

2024-08-08 22:03:04,748 - INFO - 

2024-08-08 22:03:04,748 - INFO - 5386.328443 k-mers per position

2024-08-08 22:03:04,748 - INFO - 6 DB matches per sequence

2024-08-08 22:03:04,748 - INFO - 0 overflows

2024-08-08 22:03:04,748 - INFO - 0 queries produce too many hits (truncated result)

2024-08-08 22:03:04,748 - INFO - 0 sequences passed prefiltering per query sequence

2024-08-08 22:03:04,748 - INFO - 0 median result list length

2024-08-08 22:03:04,748 - INFO - 32871 sequences with 0 size result lists

2024-08-08 22:03:04,748 - INFO - Time for merging to pref_0: 0h 0m 0s 23ms

2024-08-08 22:03:04,748 - INFO - Time for processing: 0h 1m 10s 670ms

2024-08-08 22:03:04,828 - INFO - align /data/yangy34/database/pharokka/phrogs_profile_db phage_pharokka/GCA_015343595.1_1242|3-1783/target_dir/target_seqs phage_pharokka/GCA_015343595.1_1242|3-1783/tmp_dir//10482873574859469713/pref_0 phage_pharokka/GCA_015343595.1_1242|3-1783/mmseqs/results_mmseqs --sub-mat nucl:nucleotide.out,aa:blosum62.out -a 0 --alignment-mode 2 --alignment-output-mode 0 --wrapped-scoring 0 -e 1e-05 --min-seq-id 0 --min-aln-len 0 --seq-id-mode 0 --alt-ali 0 -c 0 --cov-mode 0 --max-seq-len 65535 --comp-bias-corr 1 --max-rejected 2147483647 --max-accept 2147483647 --add-self-matches 0 --db-load-mode 0 --pca 1 --pcb 1.5 --score-bias 0 --realign 0 --realign-score-bias -0.2 --realign-max-seqs 2147483647 --gap-open nucl:5,aa:11 --gap-extend nucl:2,aa:1 --zdrop 40 --threads 32 --compressed 0 -v 3 

2024-08-08 22:03:04,828 - INFO - 

2024-08-08 22:03:04,828 - INFO - Compute score and coverage

2024-08-08 22:03:04,828 - INFO - Query database size: 38880 type: Profile

2024-08-08 22:03:04,829 - INFO - Target database size: 6 type: Aminoacid

2024-08-08 22:03:04,829 - INFO - Calculation of alignments

2024-08-08 22:03:05,095 - INFO - [=================================================================] 38.88K 0s 213ms

2024-08-08 22:03:05,095 - INFO - Time for merging to results_mmseqs: 0h 0m 0s 21ms

2024-08-08 22:03:05,095 - INFO - 6841 alignments calculated

2024-08-08 22:03:05,095 - INFO - 15 sequence pairs passed the thresholds (0.002193 of overall calculated)

2024-08-08 22:03:05,095 - INFO - 0.000386 hits per query sequence

2024-08-08 22:03:05,095 - INFO - Time for processing: 0h 0m 0s 340ms

2024-08-08 22:03:05,231 - INFO - createtsv /data/yangy34/database/pharokka/phrogs_profile_db phage_pharokka/GCA_015343595.1_1242|3-1783/target_dir/target_seqs phage_pharokka/GCA_015343595.1_1242|3-1783/mmseqs/results_mmseqs phage_pharokka/GCA_015343595.1_1242|3-1783/mmseqs_results.tsv --full-header --threads 32 

2024-08-08 22:03:05,231 - INFO - 

2024-08-08 22:03:05,231 - INFO - MMseqs Version:                 	13.45111

2024-08-08 22:03:05,231 - INFO - First sequence as representative	false

2024-08-08 22:03:05,231 - INFO - Target column                   	1

2024-08-08 22:03:05,231 - INFO - Add full header                 	true

2024-08-08 22:03:05,231 - INFO - Sequence source                 	0

2024-08-08 22:03:05,231 - INFO - Database output                 	false

2024-08-08 22:03:05,231 - INFO - Threads                         	32

2024-08-08 22:03:05,231 - INFO - Compressed                      	0

2024-08-08 22:03:05,231 - INFO - Verbosity                       	3

2024-08-08 22:03:05,231 - INFO - 

2024-08-08 22:03:05,232 - INFO - Time for merging to mmseqs_results.tsv: 0h 0m 0s 29ms

2024-08-08 22:03:05,232 - INFO - Time for processing: 0h 0m 0s 127ms

2024-08-08 22:03:05,258 - INFO - Running mmseqs2 on CARD.
2024-08-08 22:03:05,317 - INFO - createdb phage_pharokka/GCA_015343595.1_1242|3-1783/phanotate_aas_tmp.fasta phage_pharokka/GCA_015343595.1_1242|3-1783/CARD_target_dir/target_seqs 

2024-08-08 22:03:05,317 - INFO - 

2024-08-08 22:03:05,317 - INFO - MMseqs Version:       	13.45111

2024-08-08 22:03:05,317 - INFO - Database type         	0

2024-08-08 22:03:05,317 - INFO - Shuffle input database	true

2024-08-08 22:03:05,317 - INFO - Createdb mode         	0

2024-08-08 22:03:05,317 - INFO - Write lookup file     	1

2024-08-08 22:03:05,317 - INFO - Offset of numeric ids 	0

2024-08-08 22:03:05,317 - INFO - Compressed            	0

2024-08-08 22:03:05,317 - INFO - Verbosity             	3

2024-08-08 22:03:05,317 - INFO - 

2024-08-08 22:03:05,317 - INFO - Converting sequences

2024-08-08 22:03:05,317 - INFO - [

2024-08-08 22:03:05,317 - INFO - Time for merging to target_seqs_h: 0h 0m 0s 8ms

2024-08-08 22:03:05,318 - INFO - Time for merging to target_seqs: 0h 0m 0s 18ms

2024-08-08 22:03:05,318 - INFO - Database type: Aminoacid

2024-08-08 22:03:05,318 - INFO - Time for processing: 0h 0m 0s 54ms

2024-08-08 22:03:05,325 - INFO - Create directory phage_pharokka/GCA_015343595.1_1242|3-1783/CARD_tmp_dir/

2024-08-08 22:03:05,325 - INFO - search --min-seq-id 0.8 -c 0.4 /data/yangy34/database/pharokka/CARD phage_pharokka/GCA_015343595.1_1242|3-1783/CARD_target_dir/target_seqs phage_pharokka/GCA_015343595.1_1242|3-1783/CARD/results_CARD phage_pharokka/GCA_015343595.1_1242|3-1783/CARD_tmp_dir/ -s 8.5 --threads 32 

2024-08-08 22:03:05,325 - INFO - 

2024-08-08 22:03:05,325 - INFO - MMseqs Version:                        	13.45111

2024-08-08 22:03:05,325 - INFO - Substitution matrix                    	nucl:nucleotide.out,aa:blosum62.out

2024-08-08 22:03:05,325 - INFO - Add backtrace                          	false

2024-08-08 22:03:05,325 - INFO - Alignment mode                         	2

2024-08-08 22:03:05,325 - INFO - Alignment mode                         	0

2024-08-08 22:03:05,325 - INFO - Allow wrapped scoring                  	false

2024-08-08 22:03:05,325 - INFO - E-value threshold                      	0.001

2024-08-08 22:03:05,326 - INFO - Seq. id. threshold                     	0.8

2024-08-08 22:03:05,326 - INFO - Min alignment length                   	0

2024-08-08 22:03:05,326 - INFO - Seq. id. mode                          	0

2024-08-08 22:03:05,326 - INFO - Alternative alignments                 	0

2024-08-08 22:03:05,326 - INFO - Coverage threshold                     	0.4

2024-08-08 22:03:05,326 - INFO - Coverage mode                          	0

2024-08-08 22:03:05,326 - INFO - Max sequence length                    	65535

2024-08-08 22:03:05,326 - INFO - Compositional bias                     	1

2024-08-08 22:03:05,326 - INFO - Max reject                             	2147483647

2024-08-08 22:03:05,326 - INFO - Max accept                             	2147483647

2024-08-08 22:03:05,326 - INFO - Include identical seq. id.             	false

2024-08-08 22:03:05,326 - INFO - Preload mode                           	0

2024-08-08 22:03:05,326 - INFO - Pseudo count a                         	1

2024-08-08 22:03:05,326 - INFO - Pseudo count b                         	1.5

2024-08-08 22:03:05,326 - INFO - Score bias                             	0

2024-08-08 22:03:05,326 - INFO - Realign hits                           	false

2024-08-08 22:03:05,326 - INFO - Realign score bias                     	-0.2

2024-08-08 22:03:05,326 - INFO - Realign max seqs                       	2147483647

2024-08-08 22:03:05,326 - INFO - Gap open cost                          	nucl:5,aa:11

2024-08-08 22:03:05,326 - INFO - Gap extension cost                     	nucl:2,aa:1

2024-08-08 22:03:05,326 - INFO - Zdrop                                  	40

2024-08-08 22:03:05,326 - INFO - Threads                                	32

2024-08-08 22:03:05,326 - INFO - Compressed                             	0

2024-08-08 22:03:05,326 - INFO - Verbosity                              	3

2024-08-08 22:03:05,327 - INFO - Seed substitution matrix               	nucl:nucleotide.out,aa:VTML80.out

2024-08-08 22:03:05,327 - INFO - Sensitivity                            	8.5

2024-08-08 22:03:05,327 - INFO - k-mer length                           	0

2024-08-08 22:03:05,327 - INFO - k-score                                	2147483647

2024-08-08 22:03:05,327 - INFO - Alphabet size                          	nucl:5,aa:21

2024-08-08 22:03:05,327 - INFO - Max results per query                  	300

2024-08-08 22:03:05,327 - INFO - Split database                         	0

2024-08-08 22:03:05,327 - INFO - Split mode                             	2

2024-08-08 22:03:05,327 - INFO - Split memory limit                     	0

2024-08-08 22:03:05,327 - INFO - Diagonal scoring                       	true

2024-08-08 22:03:05,327 - INFO - Exact k-mer matching                   	0

2024-08-08 22:03:05,327 - INFO - Mask residues                          	1

2024-08-08 22:03:05,327 - INFO - Mask lower case residues               	0

2024-08-08 22:03:05,327 - INFO - Minimum diagonal score                 	15

2024-08-08 22:03:05,327 - INFO - Spaced k-mers                          	1

2024-08-08 22:03:05,327 - INFO - Spaced k-mer pattern                   	

2024-08-08 22:03:05,327 - INFO - Local temporary path                   	

2024-08-08 22:03:05,327 - INFO - Rescore mode                           	0

2024-08-08 22:03:05,327 - INFO - Remove hits by seq. id. and coverage   	false

2024-08-08 22:03:05,327 - INFO - Sort results                           	0

2024-08-08 22:03:05,327 - INFO - Mask profile                           	1

2024-08-08 22:03:05,327 - INFO - Profile E-value threshold              	0.1

2024-08-08 22:03:05,327 - INFO - Global sequence weighting              	false

2024-08-08 22:03:05,328 - INFO - Allow deletions                        	false

2024-08-08 22:03:05,328 - INFO - Filter MSA                             	1

2024-08-08 22:03:05,328 - INFO - Maximum seq. id. threshold             	0.9

2024-08-08 22:03:05,328 - INFO - Minimum seq. id.                       	0

2024-08-08 22:03:05,328 - INFO - Minimum score per column               	-20

2024-08-08 22:03:05,328 - INFO - Minimum coverage                       	0

2024-08-08 22:03:05,328 - INFO - Select N most diverse seqs             	1000

2024-08-08 22:03:05,328 - INFO - Min codons in orf                      	30

2024-08-08 22:03:05,328 - INFO - Max codons in length                   	32734

2024-08-08 22:03:05,328 - INFO - Max orf gaps                           	2147483647

2024-08-08 22:03:05,328 - INFO - Contig start mode                      	2

2024-08-08 22:03:05,328 - INFO - Contig end mode                        	2

2024-08-08 22:03:05,328 - INFO - Orf start mode                         	1

2024-08-08 22:03:05,328 - INFO - Forward frames                         	1,2,3

2024-08-08 22:03:05,328 - INFO - Reverse frames                         	1,2,3

2024-08-08 22:03:05,328 - INFO - Translation table                      	1

2024-08-08 22:03:05,328 - INFO - Translate orf                          	0

2024-08-08 22:03:05,328 - INFO - Use all table starts                   	false

2024-08-08 22:03:05,328 - INFO - Offset of numeric ids                  	0

2024-08-08 22:03:05,328 - INFO - Create lookup                          	0

2024-08-08 22:03:05,328 - INFO - Add orf stop                           	false

2024-08-08 22:03:05,328 - INFO - Overlap between sequences              	0

2024-08-08 22:03:05,328 - INFO - Sequence split mode                    	1

2024-08-08 22:03:05,328 - INFO - Header split mode                      	0

2024-08-08 22:03:05,329 - INFO - Chain overlapping alignments           	0

2024-08-08 22:03:05,329 - INFO - Merge query                            	1

2024-08-08 22:03:05,329 - INFO - Search type                            	0

2024-08-08 22:03:05,329 - INFO - Search iterations                      	1

2024-08-08 22:03:05,329 - INFO - Start sensitivity                      	4

2024-08-08 22:03:05,329 - INFO - Search steps                           	1

2024-08-08 22:03:05,329 - INFO - Exhaustive search mode                 	false

2024-08-08 22:03:05,329 - INFO - Filter results during exhaustive search	0

2024-08-08 22:03:05,329 - INFO - Strand selection                       	1

2024-08-08 22:03:05,329 - INFO - LCA search mode                        	false

2024-08-08 22:03:05,329 - INFO - Disk space limit                       	0

2024-08-08 22:03:05,329 - INFO - MPI runner                             	

2024-08-08 22:03:05,329 - INFO - Force restart with latest tmp          	false

2024-08-08 22:03:05,329 - INFO - Remove temporary files                 	false

2024-08-08 22:03:05,329 - INFO - 

2024-08-08 22:03:05,689 - INFO - prefilter /data/yangy34/database/pharokka/CARD phage_pharokka/GCA_015343595.1_1242|3-1783/CARD_target_dir/target_seqs phage_pharokka/GCA_015343595.1_1242|3-1783/CARD_tmp_dir//2261575145387586184/pref_0 --sub-mat nucl:nucleotide.out,aa:blosum62.out --seed-sub-mat nucl:nucleotide.out,aa:VTML80.out -k 0 --k-score 2147483647 --alph-size nucl:5,aa:21 --max-seq-len 65535 --max-seqs 300 --split 0 --split-mode 2 --split-memory-limit 0 -c 0.4 --cov-mode 0 --comp-bias-corr 1 --diag-score 1 --exact-kmer-matching 0 --mask 1 --mask-lower-case 0 --min-ungapped-score 15 --add-self-matches 0 --spaced-kmer-mode 1 --db-load-mode 0 --pca 1 --pcb 1.5 --threads 32 --compressed 0 -v 3 -s 8.5 

2024-08-08 22:03:05,689 - INFO - 

2024-08-08 22:03:05,689 - INFO - Query database size: 4641 type: Aminoacid

2024-08-08 22:03:05,689 - INFO - Estimated memory consumption: 977M

2024-08-08 22:03:05,689 - INFO - Target database size: 6 type: Aminoacid

2024-08-08 22:03:05,689 - INFO - Index table k-mer threshold: 87 at k-mer size 6 

2024-08-08 22:03:05,689 - INFO - Index table: counting k-mers

2024-08-08 22:03:05,832 - INFO - [=================================================================] 6 0s 4ms

2024-08-08 22:03:05,833 - INFO - Index table: Masked residues: 0

2024-08-08 22:03:05,833 - INFO - Index table: fill

2024-08-08 22:03:06,300 - INFO - [=================================================================] 6 0s 0ms

2024-08-08 22:03:06,300 - INFO - Index statistics

2024-08-08 22:03:06,300 - INFO - Entries:          477

2024-08-08 22:03:06,300 - INFO - DB size:          488 MB

2024-08-08 22:03:06,300 - INFO - Avg k-mer size:   0.000007

2024-08-08 22:03:06,300 - INFO - Top 10 k-mers

2024-08-08 22:03:06,300 - INFO -     VHMNAA	1

2024-08-08 22:03:06,300 - INFO -     LNEADA	1

2024-08-08 22:03:06,301 - INFO -     EATDDA	1

2024-08-08 22:03:06,301 - INFO -     FGPNDA	1

2024-08-08 22:03:06,301 - INFO -     DVELEA	1

2024-08-08 22:03:06,301 - INFO -     KKFPEA	1

2024-08-08 22:03:06,301 - INFO -     FANVEA	1

2024-08-08 22:03:06,301 - INFO -     IAVKFA	1

2024-08-08 22:03:06,301 - INFO -     MSPLFA	1

2024-08-08 22:03:06,301 - INFO -     EEGPFA	1

2024-08-08 22:03:06,301 - INFO - Time for index table init: 0h 0m 0s 655ms

2024-08-08 22:03:06,301 - INFO - Process prefiltering step 1 of 1

2024-08-08 22:03:06,301 - INFO - 

2024-08-08 22:03:06,301 - INFO - k-mer similarity threshold: 87

2024-08-08 22:03:06,301 - INFO - Starting prefiltering scores calculation (step 1 of 1)

2024-08-08 22:03:06,301 - INFO - Query db start 1 to 4641

2024-08-08 22:03:06,301 - INFO - Target db start 1 to 6

2024-08-08 22:03:15,713 - INFO - [=================================================================] 4.64K 9s 395ms

2024-08-08 22:03:15,713 - INFO - 

2024-08-08 22:03:15,713 - INFO - 3883.681631 k-mers per position

2024-08-08 22:03:15,713 - INFO - 9 DB matches per sequence

2024-08-08 22:03:15,713 - INFO - 0 overflows

2024-08-08 22:03:15,713 - INFO - 0 queries produce too many hits (truncated result)

2024-08-08 22:03:15,713 - INFO - 0 sequences passed prefiltering per query sequence

2024-08-08 22:03:15,713 - INFO - 0 median result list length

2024-08-08 22:03:15,713 - INFO - 4092 sequences with 0 size result lists

2024-08-08 22:03:15,713 - INFO - Time for merging to pref_0: 0h 0m 0s 9ms

2024-08-08 22:03:15,713 - INFO - Time for processing: 0h 0m 10s 379ms

2024-08-08 22:03:15,739 - INFO - align /data/yangy34/database/pharokka/CARD phage_pharokka/GCA_015343595.1_1242|3-1783/CARD_target_dir/target_seqs phage_pharokka/GCA_015343595.1_1242|3-1783/CARD_tmp_dir//2261575145387586184/pref_0 phage_pharokka/GCA_015343595.1_1242|3-1783/CARD/results_CARD --sub-mat nucl:nucleotide.out,aa:blosum62.out -a 0 --alignment-mode 2 --alignment-output-mode 0 --wrapped-scoring 0 -e 0.001 --min-seq-id 0.8 --min-aln-len 0 --seq-id-mode 0 --alt-ali 0 -c 0.4 --cov-mode 0 --max-seq-len 65535 --comp-bias-corr 1 --max-rejected 2147483647 --max-accept 2147483647 --add-self-matches 0 --db-load-mode 0 --pca 1 --pcb 1.5 --score-bias 0 --realign 0 --realign-score-bias -0.2 --realign-max-seqs 2147483647 --gap-open nucl:5,aa:11 --gap-extend nucl:2,aa:1 --zdrop 40 --threads 32 --compressed 0 -v 3 

2024-08-08 22:03:15,739 - INFO - 

2024-08-08 22:03:15,739 - INFO - Compute score and coverage

2024-08-08 22:03:15,740 - INFO - Query database size: 4641 type: Aminoacid

2024-08-08 22:03:15,740 - INFO - Target database size: 6 type: Aminoacid

2024-08-08 22:03:15,740 - INFO - Calculation of alignments

2024-08-08 22:03:15,758 - INFO - [=================================================================] 4.64K 0s 11ms

2024-08-08 22:03:15,758 - INFO - Time for merging to results_CARD: 0h 0m 0s 10ms

2024-08-08 22:03:15,759 - INFO - 299 alignments calculated

2024-08-08 22:03:15,759 - INFO - 0 sequence pairs passed the thresholds (0.000000 of overall calculated)

2024-08-08 22:03:15,759 - INFO - 0.000000 hits per query sequence

2024-08-08 22:03:15,759 - INFO - Time for processing: 0h 0m 0s 39ms

2024-08-08 22:03:15,837 - INFO - createtsv /data/yangy34/database/pharokka/CARD phage_pharokka/GCA_015343595.1_1242|3-1783/CARD_target_dir/target_seqs phage_pharokka/GCA_015343595.1_1242|3-1783/CARD/results_CARD phage_pharokka/GCA_015343595.1_1242|3-1783/CARD_results.tsv --full-header --threads 32 

2024-08-08 22:03:15,837 - INFO - 

2024-08-08 22:03:15,837 - INFO - MMseqs Version:                 	13.45111

2024-08-08 22:03:15,837 - INFO - First sequence as representative	false

2024-08-08 22:03:15,837 - INFO - Target column                   	1

2024-08-08 22:03:15,837 - INFO - Add full header                 	true

2024-08-08 22:03:15,837 - INFO - Sequence source                 	0

2024-08-08 22:03:15,837 - INFO - Database output                 	false

2024-08-08 22:03:15,837 - INFO - Threads                         	32

2024-08-08 22:03:15,837 - INFO - Compressed                      	0

2024-08-08 22:03:15,838 - INFO - Verbosity                       	3

2024-08-08 22:03:15,838 - INFO - 

2024-08-08 22:03:15,838 - INFO - Time for merging to CARD_results.tsv: 0h 0m 0s 12ms

2024-08-08 22:03:15,838 - INFO - Time for processing: 0h 0m 0s 72ms

2024-08-08 22:03:15,840 - INFO - Running mmseqs2 on vfdb.
2024-08-08 22:03:15,901 - INFO - createdb phage_pharokka/GCA_015343595.1_1242|3-1783/phanotate_aas_tmp.fasta phage_pharokka/GCA_015343595.1_1242|3-1783/vfdb_target_dir/target_seqs 

2024-08-08 22:03:15,901 - INFO - 

2024-08-08 22:03:15,902 - INFO - MMseqs Version:       	13.45111

2024-08-08 22:03:15,902 - INFO - Database type         	0

2024-08-08 22:03:15,902 - INFO - Shuffle input database	true

2024-08-08 22:03:15,902 - INFO - Createdb mode         	0

2024-08-08 22:03:15,902 - INFO - Write lookup file     	1

2024-08-08 22:03:15,902 - INFO - Offset of numeric ids 	0

2024-08-08 22:03:15,902 - INFO - Compressed            	0

2024-08-08 22:03:15,902 - INFO - Verbosity             	3

2024-08-08 22:03:15,902 - INFO - 

2024-08-08 22:03:15,902 - INFO - Converting sequences

2024-08-08 22:03:15,902 - INFO - [

2024-08-08 22:03:15,902 - INFO - Time for merging to target_seqs_h: 0h 0m 0s 8ms

2024-08-08 22:03:15,902 - INFO - Time for merging to target_seqs: 0h 0m 0s 20ms

2024-08-08 22:03:15,902 - INFO - Database type: Aminoacid

2024-08-08 22:03:15,902 - INFO - Time for processing: 0h 0m 0s 56ms

2024-08-08 22:03:15,909 - INFO - Create directory phage_pharokka/GCA_015343595.1_1242|3-1783/vfdb_tmp_dir/

2024-08-08 22:03:15,909 - INFO - search --min-seq-id 0.8 -c 0.4 /data/yangy34/database/pharokka/vfdb phage_pharokka/GCA_015343595.1_1242|3-1783/vfdb_target_dir/target_seqs phage_pharokka/GCA_015343595.1_1242|3-1783/vfdb/results_vfdb phage_pharokka/GCA_015343595.1_1242|3-1783/vfdb_tmp_dir/ -s 8.5 --threads 32 

2024-08-08 22:03:15,909 - INFO - 

2024-08-08 22:03:15,910 - INFO - MMseqs Version:                        	13.45111

2024-08-08 22:03:15,910 - INFO - Substitution matrix                    	nucl:nucleotide.out,aa:blosum62.out

2024-08-08 22:03:15,910 - INFO - Add backtrace                          	false

2024-08-08 22:03:15,910 - INFO - Alignment mode                         	2

2024-08-08 22:03:15,910 - INFO - Alignment mode                         	0

2024-08-08 22:03:15,910 - INFO - Allow wrapped scoring                  	false

2024-08-08 22:03:15,910 - INFO - E-value threshold                      	0.001

2024-08-08 22:03:15,910 - INFO - Seq. id. threshold                     	0.8

2024-08-08 22:03:15,910 - INFO - Min alignment length                   	0

2024-08-08 22:03:15,910 - INFO - Seq. id. mode                          	0

2024-08-08 22:03:15,910 - INFO - Alternative alignments                 	0

2024-08-08 22:03:15,910 - INFO - Coverage threshold                     	0.4

2024-08-08 22:03:15,910 - INFO - Coverage mode                          	0

2024-08-08 22:03:15,910 - INFO - Max sequence length                    	65535

2024-08-08 22:03:15,910 - INFO - Compositional bias                     	1

2024-08-08 22:03:15,910 - INFO - Max reject                             	2147483647

2024-08-08 22:03:15,910 - INFO - Max accept                             	2147483647

2024-08-08 22:03:15,910 - INFO - Include identical seq. id.             	false

2024-08-08 22:03:15,910 - INFO - Preload mode                           	0

2024-08-08 22:03:15,910 - INFO - Pseudo count a                         	1

2024-08-08 22:03:15,910 - INFO - Pseudo count b                         	1.5

2024-08-08 22:03:15,910 - INFO - Score bias                             	0

2024-08-08 22:03:15,911 - INFO - Realign hits                           	false

2024-08-08 22:03:15,911 - INFO - Realign score bias                     	-0.2

2024-08-08 22:03:15,911 - INFO - Realign max seqs                       	2147483647

2024-08-08 22:03:15,911 - INFO - Gap open cost                          	nucl:5,aa:11

2024-08-08 22:03:15,911 - INFO - Gap extension cost                     	nucl:2,aa:1

2024-08-08 22:03:15,911 - INFO - Zdrop                                  	40

2024-08-08 22:03:15,911 - INFO - Threads                                	32

2024-08-08 22:03:15,911 - INFO - Compressed                             	0

2024-08-08 22:03:15,911 - INFO - Verbosity                              	3

2024-08-08 22:03:15,911 - INFO - Seed substitution matrix               	nucl:nucleotide.out,aa:VTML80.out

2024-08-08 22:03:15,911 - INFO - Sensitivity                            	8.5

2024-08-08 22:03:15,911 - INFO - k-mer length                           	0

2024-08-08 22:03:15,911 - INFO - k-score                                	2147483647

2024-08-08 22:03:15,911 - INFO - Alphabet size                          	nucl:5,aa:21

2024-08-08 22:03:15,911 - INFO - Max results per query                  	300

2024-08-08 22:03:15,911 - INFO - Split database                         	0

2024-08-08 22:03:15,911 - INFO - Split mode                             	2

2024-08-08 22:03:15,911 - INFO - Split memory limit                     	0

2024-08-08 22:03:15,911 - INFO - Diagonal scoring                       	true

2024-08-08 22:03:15,911 - INFO - Exact k-mer matching                   	0

2024-08-08 22:03:15,911 - INFO - Mask residues                          	1

2024-08-08 22:03:15,911 - INFO - Mask lower case residues               	0

2024-08-08 22:03:15,912 - INFO - Minimum diagonal score                 	15

2024-08-08 22:03:15,912 - INFO - Spaced k-mers                          	1

2024-08-08 22:03:15,912 - INFO - Spaced k-mer pattern                   	

2024-08-08 22:03:15,912 - INFO - Local temporary path                   	

2024-08-08 22:03:15,912 - INFO - Rescore mode                           	0

2024-08-08 22:03:15,912 - INFO - Remove hits by seq. id. and coverage   	false

2024-08-08 22:03:15,912 - INFO - Sort results                           	0

2024-08-08 22:03:15,912 - INFO - Mask profile                           	1

2024-08-08 22:03:15,912 - INFO - Profile E-value threshold              	0.1

2024-08-08 22:03:15,912 - INFO - Global sequence weighting              	false

2024-08-08 22:03:15,912 - INFO - Allow deletions                        	false

2024-08-08 22:03:15,912 - INFO - Filter MSA                             	1

2024-08-08 22:03:15,912 - INFO - Maximum seq. id. threshold             	0.9

2024-08-08 22:03:15,912 - INFO - Minimum seq. id.                       	0

2024-08-08 22:03:15,912 - INFO - Minimum score per column               	-20

2024-08-08 22:03:15,912 - INFO - Minimum coverage                       	0

2024-08-08 22:03:15,912 - INFO - Select N most diverse seqs             	1000

2024-08-08 22:03:15,912 - INFO - Min codons in orf                      	30

2024-08-08 22:03:15,912 - INFO - Max codons in length                   	32734

2024-08-08 22:03:15,912 - INFO - Max orf gaps                           	2147483647

2024-08-08 22:03:15,912 - INFO - Contig start mode                      	2

2024-08-08 22:03:15,912 - INFO - Contig end mode                        	2

2024-08-08 22:03:15,913 - INFO - Orf start mode                         	1

2024-08-08 22:03:15,913 - INFO - Forward frames                         	1,2,3

2024-08-08 22:03:15,913 - INFO - Reverse frames                         	1,2,3

2024-08-08 22:03:15,913 - INFO - Translation table                      	1

2024-08-08 22:03:15,913 - INFO - Translate orf                          	0

2024-08-08 22:03:15,913 - INFO - Use all table starts                   	false

2024-08-08 22:03:15,913 - INFO - Offset of numeric ids                  	0

2024-08-08 22:03:15,913 - INFO - Create lookup                          	0

2024-08-08 22:03:15,913 - INFO - Add orf stop                           	false

2024-08-08 22:03:15,913 - INFO - Overlap between sequences              	0

2024-08-08 22:03:15,913 - INFO - Sequence split mode                    	1

2024-08-08 22:03:15,913 - INFO - Header split mode                      	0

2024-08-08 22:03:15,913 - INFO - Chain overlapping alignments           	0

2024-08-08 22:03:15,913 - INFO - Merge query                            	1

2024-08-08 22:03:15,913 - INFO - Search type                            	0

2024-08-08 22:03:15,913 - INFO - Search iterations                      	1

2024-08-08 22:03:15,913 - INFO - Start sensitivity                      	4

2024-08-08 22:03:15,913 - INFO - Search steps                           	1

2024-08-08 22:03:15,913 - INFO - Exhaustive search mode                 	false

2024-08-08 22:03:15,913 - INFO - Filter results during exhaustive search	0

2024-08-08 22:03:15,913 - INFO - Strand selection                       	1

2024-08-08 22:03:15,913 - INFO - LCA search mode                        	false

2024-08-08 22:03:15,914 - INFO - Disk space limit                       	0

2024-08-08 22:03:15,914 - INFO - MPI runner                             	

2024-08-08 22:03:15,914 - INFO - Force restart with latest tmp          	false

2024-08-08 22:03:15,914 - INFO - Remove temporary files                 	false

2024-08-08 22:03:15,914 - INFO - 

2024-08-08 22:03:16,310 - INFO - prefilter /data/yangy34/database/pharokka/vfdb phage_pharokka/GCA_015343595.1_1242|3-1783/vfdb_target_dir/target_seqs phage_pharokka/GCA_015343595.1_1242|3-1783/vfdb_tmp_dir//4591632363098111461/pref_0 --sub-mat nucl:nucleotide.out,aa:blosum62.out --seed-sub-mat nucl:nucleotide.out,aa:VTML80.out -k 0 --k-score 2147483647 --alph-size nucl:5,aa:21 --max-seq-len 65535 --max-seqs 300 --split 0 --split-mode 2 --split-memory-limit 0 -c 0.4 --cov-mode 0 --comp-bias-corr 1 --diag-score 1 --exact-kmer-matching 0 --mask 1 --mask-lower-case 0 --min-ungapped-score 15 --add-self-matches 0 --spaced-kmer-mode 1 --db-load-mode 0 --pca 1 --pcb 1.5 --threads 32 --compressed 0 -v 3 -s 8.5 

2024-08-08 22:03:16,310 - INFO - 

2024-08-08 22:03:16,310 - INFO - Query database size: 27504 type: Aminoacid

2024-08-08 22:03:16,310 - INFO - Estimated memory consumption: 977M

2024-08-08 22:03:16,310 - INFO - Target database size: 6 type: Aminoacid

2024-08-08 22:03:16,310 - INFO - Index table k-mer threshold: 87 at k-mer size 6 

2024-08-08 22:03:16,311 - INFO - Index table: counting k-mers

2024-08-08 22:03:16,452 - INFO - [=================================================================] 6 0s 5ms

2024-08-08 22:03:16,452 - INFO - Index table: Masked residues: 0

2024-08-08 22:03:16,452 - INFO - Index table: fill

2024-08-08 22:03:17,820 - INFO - [=================================================================] 6 0s 1ms

2024-08-08 22:03:17,821 - INFO - Index statistics

2024-08-08 22:03:17,821 - INFO - Entries:          477

2024-08-08 22:03:17,821 - INFO - DB size:          488 MB

2024-08-08 22:03:17,821 - INFO - Avg k-mer size:   0.000007

2024-08-08 22:03:17,821 - INFO - Top 10 k-mers

2024-08-08 22:03:17,821 - INFO -     VHMNAA	1

2024-08-08 22:03:17,821 - INFO -     LNEADA	1

2024-08-08 22:03:17,821 - INFO -     EATDDA	1

2024-08-08 22:03:17,821 - INFO -     FGPNDA	1

2024-08-08 22:03:17,821 - INFO -     DVELEA	1

2024-08-08 22:03:17,821 - INFO -     KKFPEA	1

2024-08-08 22:03:17,821 - INFO -     FANVEA	1

2024-08-08 22:03:17,822 - INFO -     IAVKFA	1

2024-08-08 22:03:17,822 - INFO -     MSPLFA	1

2024-08-08 22:03:17,822 - INFO -     EEGPFA	1

2024-08-08 22:03:17,822 - INFO - Time for index table init: 0h 0m 0s 648ms

2024-08-08 22:03:17,822 - INFO - Process prefiltering step 1 of 1

2024-08-08 22:03:17,822 - INFO - 

2024-08-08 22:03:17,822 - INFO - k-mer similarity threshold: 87

2024-08-08 22:03:17,822 - INFO - Starting prefiltering scores calculation (step 1 of 1)

2024-08-08 22:03:17,822 - INFO - Query db start 1 to 27504

2024-08-08 22:03:17,822 - INFO - Target db start 1 to 6

2024-08-08 22:04:26,511 - INFO - [=================================================================] 27.50K 1m 9s 186ms

2024-08-08 22:04:26,512 - INFO - 

2024-08-08 22:04:26,512 - INFO - 3159.764157 k-mers per position

2024-08-08 22:04:26,512 - INFO - 12 DB matches per sequence

2024-08-08 22:04:26,512 - INFO - 0 overflows

2024-08-08 22:04:26,512 - INFO - 0 queries produce too many hits (truncated result)

2024-08-08 22:04:26,512 - INFO - 0 sequences passed prefiltering per query sequence

2024-08-08 22:04:26,512 - INFO - 0 median result list length

2024-08-08 22:04:26,512 - INFO - 21577 sequences with 0 size result lists

2024-08-08 22:04:26,512 - INFO - Time for merging to pref_0: 0h 0m 0s 19ms

2024-08-08 22:04:26,512 - INFO - Time for processing: 0h 1m 10s 594ms

2024-08-08 22:04:26,550 - INFO - align /data/yangy34/database/pharokka/vfdb phage_pharokka/GCA_015343595.1_1242|3-1783/vfdb_target_dir/target_seqs phage_pharokka/GCA_015343595.1_1242|3-1783/vfdb_tmp_dir//4591632363098111461/pref_0 phage_pharokka/GCA_015343595.1_1242|3-1783/vfdb/results_vfdb --sub-mat nucl:nucleotide.out,aa:blosum62.out -a 0 --alignment-mode 2 --alignment-output-mode 0 --wrapped-scoring 0 -e 0.001 --min-seq-id 0.8 --min-aln-len 0 --seq-id-mode 0 --alt-ali 0 -c 0.4 --cov-mode 0 --max-seq-len 65535 --comp-bias-corr 1 --max-rejected 2147483647 --max-accept 2147483647 --add-self-matches 0 --db-load-mode 0 --pca 1 --pcb 1.5 --score-bias 0 --realign 0 --realign-score-bias -0.2 --realign-max-seqs 2147483647 --gap-open nucl:5,aa:11 --gap-extend nucl:2,aa:1 --zdrop 40 --threads 32 --compressed 0 -v 3 

2024-08-08 22:04:26,550 - INFO - 

2024-08-08 22:04:26,550 - INFO - Compute score and coverage

2024-08-08 22:04:26,550 - INFO - Query database size: 27504 type: Aminoacid

2024-08-08 22:04:26,550 - INFO - Target database size: 6 type: Aminoacid

2024-08-08 22:04:26,550 - INFO - Calculation of alignments

2024-08-08 22:04:26,591 - INFO - [=================================================================] 27.50K 0s 20ms

2024-08-08 22:04:26,591 - INFO - Time for merging to results_vfdb: 0h 0m 0s 16ms

2024-08-08 22:04:26,591 - INFO - 1920 alignments calculated

2024-08-08 22:04:26,591 - INFO - 0 sequence pairs passed the thresholds (0.000000 of overall calculated)

2024-08-08 22:04:26,591 - INFO - 0.000000 hits per query sequence

2024-08-08 22:04:26,591 - INFO - Time for processing: 0h 0m 0s 71ms

2024-08-08 22:04:26,768 - INFO - createtsv /data/yangy34/database/pharokka/vfdb phage_pharokka/GCA_015343595.1_1242|3-1783/vfdb_target_dir/target_seqs phage_pharokka/GCA_015343595.1_1242|3-1783/vfdb/results_vfdb phage_pharokka/GCA_015343595.1_1242|3-1783/vfdb_results.tsv --full-header --threads 32 

2024-08-08 22:04:26,769 - INFO - 

2024-08-08 22:04:26,769 - INFO - MMseqs Version:                 	13.45111

2024-08-08 22:04:26,769 - INFO - First sequence as representative	false

2024-08-08 22:04:26,769 - INFO - Target column                   	1

2024-08-08 22:04:26,769 - INFO - Add full header                 	true

2024-08-08 22:04:26,769 - INFO - Sequence source                 	0

2024-08-08 22:04:26,769 - INFO - Database output                 	false

2024-08-08 22:04:26,769 - INFO - Threads                         	32

2024-08-08 22:04:26,769 - INFO - Compressed                      	0

2024-08-08 22:04:26,769 - INFO - Verbosity                       	3

2024-08-08 22:04:26,769 - INFO - 

2024-08-08 22:04:26,769 - INFO - Time for merging to vfdb_results.tsv: 0h 0m 0s 22ms

2024-08-08 22:04:26,769 - INFO - Time for processing: 0h 0m 0s 170ms

2024-08-08 22:04:26,794 - INFO - Post Processing Output.
2024-08-08 22:04:27,124 - INFO - Converting gff to genbank.
2024-08-08 22:04:27,138 - WARNING - /gpfs/gsfs12/users/yangy34/softwares/mambaforge/envs/pharokka-env/lib/python3.10/site-packages/Bio/SeqIO/InsdcIO.py:728: BiopythonWarning: Increasing length of locus line to allow long name. This will result in fields that are not in usual positions.
  warnings.warn(

2024-08-08 22:04:27,153 - INFO - Finding the closest match for each contig in INPHARED using mash.
2024-08-08 22:04:27,168 - INFO - Sketching GCA_015343595.1_53_phages/GCA_015343595.1_1242_3_1783_prophage.fasta...

2024-08-08 22:04:27,179 - INFO - Writing to phage_pharokka/GCA_015343595.1_1242|3-1783/input_mash_sketch.msh...

2024-08-08 22:04:28,703 - INFO - pharokka has finished
2024-08-08 22:04:28,703 - INFO - Elapsed time: 159.47 seconds
2024-08-08 22:04:28,703 - INFO - If you use pharokka in your research, please cite:
2024-08-08 22:04:28,703 - INFO - George Bouras, Roshan Nepal, Ghais Houtak, Alkis James Psaltis, Peter-John Wormald, Sarah Vreugde.
2024-08-08 22:04:28,703 - INFO - Pharokka: a fast scalable bacteriophage annotation tool.
2024-08-08 22:04:28,703 - INFO - Bioinformatics, Volume 39, Issue 1, January 2023, btac776.
2024-08-08 22:04:28,703 - INFO - https://doi.org/10.1093/bioinformatics/btac776.
2024-08-08 22:04:28,703 - INFO - You should also cite the full list of tools pharokka uses, which can be found at https://github.com/gbouras13/pharokka#citation.
