2024-08-08 22:26:58,098 - INFO - Starting pharokka v1.3.2
2024-08-08 22:26:58,099 - INFO - Input args: Namespace(infile='GCA_015343595.1_53_phages/GCA_015343595.1_683_1_1073_prophage.fasta', outdir='phage_pharokka/GCA_015343595.1_683|1-1073', database='/data/yangy34/database/pharokka', threads='32', force=False, prefix='Default', locustag='Default', gene_predictor='phanotate', meta=False, split=False, coding_table='11', evalue='1E-05', terminase=False, terminase_strand='nothing', terminase_start='nothing', citation=False)
2024-08-08 22:26:58,099 - INFO - Checking database installation.
2024-08-08 22:26:58,118 - INFO - All databases have been successfully checked.
2024-08-08 22:26:58,118 - INFO - Checking dependencies.
2024-08-08 22:26:59,107 - INFO - phan_out version found is v1.5.1.
2024-08-08 22:26:59,108 - INFO - Phanotate version is ok.
2024-08-08 22:26:59,169 - INFO - MMseqs2 version found is v13.45111.
2024-08-08 22:26:59,169 - INFO - MMseqs2 version is ok.
2024-08-08 22:27:00,032 - INFO - tRNAscan-SE version found is v2.45111.11.
2024-08-08 22:27:00,032 - INFO - tRNAscan-SE version is ok.
2024-08-08 22:27:00,539 - INFO - MinCED version found is v0.4.2.
2024-08-08 22:27:00,540 - INFO - MinCED version is ok.
2024-08-08 22:27:00,559 - INFO - ARAGORN version found is v1.2.41.
2024-08-08 22:27:00,559 - INFO - ARAGORN version is ok.
2024-08-08 22:27:00,630 - INFO - mash version found is v2.2.
2024-08-08 22:27:00,630 - INFO - mash version is ok.
2024-08-08 22:27:00,858 - INFO - Running Phanotate.
2024-08-08 22:27:02,774 - INFO - Translating gene predicted fastas.
2024-08-08 22:27:02,803 - INFO - Starting tRNA-scanSE
2024-08-08 22:27:02,953 - INFO - 

2024-08-08 22:27:02,954 - INFO - tRNAscan-SE v.2.0.11 (Oct 2022) - scan sequences for transfer RNAs

2024-08-08 22:27:02,954 - INFO - Copyright (C) 2022 Patricia Chan and Todd Lowe

2024-08-08 22:27:02,954 - INFO -                    University of California Santa Cruz

2024-08-08 22:27:02,954 - INFO - Freely distributed under the GNU General Public License (GPLv3)

2024-08-08 22:27:02,954 - INFO - 

2024-08-08 22:27:02,954 - INFO - ------------------------------------------------------------

2024-08-08 22:27:02,954 - INFO - Sequence file(s) to search:        GCA_015343595.1_53_phages/GCA_015343595.1_683_1_1073_prophage.fasta

2024-08-08 22:27:02,954 - INFO - Search Mode:                       General

2024-08-08 22:27:02,954 - INFO - Results written to:                Standard output

2024-08-08 22:27:02,954 - INFO - Output format:                     Tabular

2024-08-08 22:27:02,954 - INFO - Searching with:                    Infernal single-pass scan

2024-08-08 22:27:02,954 - INFO -                                    Fast mode

2024-08-08 22:27:02,954 - INFO - Covariance model:                  /gpfs/gsfs12/users/yangy34/softwares/mambaforge/envs/pharokka-env/lib/tRNAscan-SE/models/TRNAinf.cm

2024-08-08 22:27:02,954 - INFO - 

2024-08-08 22:27:02,954 - INFO - Temporary directory:               /tmp

2024-08-08 22:27:02,954 - INFO - tRNA predictions saved to:         phage_pharokka/GCA_015343595.1_683|1-1073/trnascan_out.gff

2024-08-08 22:27:02,954 - INFO - ------------------------------------------------------------

2024-08-08 22:27:02,954 - INFO - 

2024-08-08 22:27:03,072 - INFO - No tRNAs found.

2024-08-08 22:27:03,072 - INFO - 

2024-08-08 22:27:03,086 - INFO - Running MinCED.
2024-08-08 22:27:03,239 - INFO - Running Aragorn.
2024-08-08 22:27:03,242 - INFO - Starting MMseqs2.
2024-08-08 22:27:03,242 - INFO - Running MMseqs2 on PHROGs Database.
2024-08-08 22:27:03,342 - INFO - createdb phage_pharokka/GCA_015343595.1_683|1-1073/phanotate_aas_tmp.fasta phage_pharokka/GCA_015343595.1_683|1-1073/target_dir/target_seqs 

2024-08-08 22:27:03,342 - INFO - 

2024-08-08 22:27:03,342 - INFO - MMseqs Version:       	13.45111

2024-08-08 22:27:03,342 - INFO - Database type         	0

2024-08-08 22:27:03,342 - INFO - Shuffle input database	true

2024-08-08 22:27:03,342 - INFO - Createdb mode         	0

2024-08-08 22:27:03,343 - INFO - Write lookup file     	1

2024-08-08 22:27:03,343 - INFO - Offset of numeric ids 	0

2024-08-08 22:27:03,343 - INFO - Compressed            	0

2024-08-08 22:27:03,343 - INFO - Verbosity             	3

2024-08-08 22:27:03,343 - INFO - 

2024-08-08 22:27:03,343 - INFO - Converting sequences

2024-08-08 22:27:03,343 - INFO - [

2024-08-08 22:27:03,343 - INFO - Time for merging to target_seqs_h: 0h 0m 0s 22ms

2024-08-08 22:27:03,343 - INFO - Time for merging to target_seqs: 0h 0m 0s 21ms

2024-08-08 22:27:03,343 - INFO - Database type: Aminoacid

2024-08-08 22:27:03,344 - INFO - Time for processing: 0h 0m 0s 89ms

2024-08-08 22:27:03,353 - INFO - Create directory phage_pharokka/GCA_015343595.1_683|1-1073/tmp_dir/

2024-08-08 22:27:03,353 - INFO - search -e 1E-05 /data/yangy34/database/pharokka/phrogs_profile_db phage_pharokka/GCA_015343595.1_683|1-1073/target_dir/target_seqs phage_pharokka/GCA_015343595.1_683|1-1073/mmseqs/results_mmseqs phage_pharokka/GCA_015343595.1_683|1-1073/tmp_dir/ -s 8.5 --threads 32 

2024-08-08 22:27:03,353 - INFO - 

2024-08-08 22:27:03,353 - INFO - MMseqs Version:                        	13.45111

2024-08-08 22:27:03,353 - INFO - Substitution matrix                    	nucl:nucleotide.out,aa:blosum62.out

2024-08-08 22:27:03,353 - INFO - Add backtrace                          	false

2024-08-08 22:27:03,354 - INFO - Alignment mode                         	2

2024-08-08 22:27:03,354 - INFO - Alignment mode                         	0

2024-08-08 22:27:03,354 - INFO - Allow wrapped scoring                  	false

2024-08-08 22:27:03,354 - INFO - E-value threshold                      	1e-05

2024-08-08 22:27:03,354 - INFO - Seq. id. threshold                     	0

2024-08-08 22:27:03,354 - INFO - Min alignment length                   	0

2024-08-08 22:27:03,354 - INFO - Seq. id. mode                          	0

2024-08-08 22:27:03,354 - INFO - Alternative alignments                 	0

2024-08-08 22:27:03,354 - INFO - Coverage threshold                     	0

2024-08-08 22:27:03,354 - INFO - Coverage mode                          	0

2024-08-08 22:27:03,354 - INFO - Max sequence length                    	65535

2024-08-08 22:27:03,354 - INFO - Compositional bias                     	1

2024-08-08 22:27:03,354 - INFO - Max reject                             	2147483647

2024-08-08 22:27:03,354 - INFO - Max accept                             	2147483647

2024-08-08 22:27:03,354 - INFO - Include identical seq. id.             	false

2024-08-08 22:27:03,354 - INFO - Preload mode                           	0

2024-08-08 22:27:03,354 - INFO - Pseudo count a                         	1

2024-08-08 22:27:03,354 - INFO - Pseudo count b                         	1.5

2024-08-08 22:27:03,354 - INFO - Score bias                             	0

2024-08-08 22:27:03,354 - INFO - Realign hits                           	false

2024-08-08 22:27:03,354 - INFO - Realign score bias                     	-0.2

2024-08-08 22:27:03,354 - INFO - Realign max seqs                       	2147483647

2024-08-08 22:27:03,354 - INFO - Gap open cost                          	nucl:5,aa:11

2024-08-08 22:27:03,355 - INFO - Gap extension cost                     	nucl:2,aa:1

2024-08-08 22:27:03,355 - INFO - Zdrop                                  	40

2024-08-08 22:27:03,355 - INFO - Threads                                	32

2024-08-08 22:27:03,355 - INFO - Compressed                             	0

2024-08-08 22:27:03,355 - INFO - Verbosity                              	3

2024-08-08 22:27:03,355 - INFO - Seed substitution matrix               	nucl:nucleotide.out,aa:VTML80.out

2024-08-08 22:27:03,355 - INFO - Sensitivity                            	8.5

2024-08-08 22:27:03,355 - INFO - k-mer length                           	0

2024-08-08 22:27:03,355 - INFO - k-score                                	2147483647

2024-08-08 22:27:03,355 - INFO - Alphabet size                          	nucl:5,aa:21

2024-08-08 22:27:03,355 - INFO - Max results per query                  	300

2024-08-08 22:27:03,355 - INFO - Split database                         	0

2024-08-08 22:27:03,355 - INFO - Split mode                             	2

2024-08-08 22:27:03,355 - INFO - Split memory limit                     	0

2024-08-08 22:27:03,355 - INFO - Diagonal scoring                       	true

2024-08-08 22:27:03,355 - INFO - Exact k-mer matching                   	0

2024-08-08 22:27:03,355 - INFO - Mask residues                          	1

2024-08-08 22:27:03,355 - INFO - Mask lower case residues               	0

2024-08-08 22:27:03,355 - INFO - Minimum diagonal score                 	15

2024-08-08 22:27:03,355 - INFO - Spaced k-mers                          	1

2024-08-08 22:27:03,355 - INFO - Spaced k-mer pattern                   	

2024-08-08 22:27:03,355 - INFO - Local temporary path                   	

2024-08-08 22:27:03,355 - INFO - Rescore mode                           	0

2024-08-08 22:27:03,355 - INFO - Remove hits by seq. id. and coverage   	false

2024-08-08 22:27:03,356 - INFO - Sort results                           	0

2024-08-08 22:27:03,356 - INFO - Mask profile                           	1

2024-08-08 22:27:03,356 - INFO - Profile E-value threshold              	0.1

2024-08-08 22:27:03,356 - INFO - Global sequence weighting              	false

2024-08-08 22:27:03,356 - INFO - Allow deletions                        	false

2024-08-08 22:27:03,356 - INFO - Filter MSA                             	1

2024-08-08 22:27:03,356 - INFO - Maximum seq. id. threshold             	0.9

2024-08-08 22:27:03,356 - INFO - Minimum seq. id.                       	0

2024-08-08 22:27:03,356 - INFO - Minimum score per column               	-20

2024-08-08 22:27:03,356 - INFO - Minimum coverage                       	0

2024-08-08 22:27:03,356 - INFO - Select N most diverse seqs             	1000

2024-08-08 22:27:03,356 - INFO - Min codons in orf                      	30

2024-08-08 22:27:03,356 - INFO - Max codons in length                   	32734

2024-08-08 22:27:03,356 - INFO - Max orf gaps                           	2147483647

2024-08-08 22:27:03,356 - INFO - Contig start mode                      	2

2024-08-08 22:27:03,356 - INFO - Contig end mode                        	2

2024-08-08 22:27:03,356 - INFO - Orf start mode                         	1

2024-08-08 22:27:03,356 - INFO - Forward frames                         	1,2,3

2024-08-08 22:27:03,356 - INFO - Reverse frames                         	1,2,3

2024-08-08 22:27:03,356 - INFO - Translation table                      	1

2024-08-08 22:27:03,356 - INFO - Translate orf                          	0

2024-08-08 22:27:03,356 - INFO - Use all table starts                   	false

2024-08-08 22:27:03,356 - INFO - Offset of numeric ids                  	0

2024-08-08 22:27:03,356 - INFO - Create lookup                          	0

2024-08-08 22:27:03,357 - INFO - Add orf stop                           	false

2024-08-08 22:27:03,357 - INFO - Overlap between sequences              	0

2024-08-08 22:27:03,357 - INFO - Sequence split mode                    	1

2024-08-08 22:27:03,357 - INFO - Header split mode                      	0

2024-08-08 22:27:03,357 - INFO - Chain overlapping alignments           	0

2024-08-08 22:27:03,357 - INFO - Merge query                            	1

2024-08-08 22:27:03,357 - INFO - Search type                            	0

2024-08-08 22:27:03,357 - INFO - Search iterations                      	1

2024-08-08 22:27:03,357 - INFO - Start sensitivity                      	4

2024-08-08 22:27:03,357 - INFO - Search steps                           	1

2024-08-08 22:27:03,357 - INFO - Exhaustive search mode                 	false

2024-08-08 22:27:03,357 - INFO - Filter results during exhaustive search	0

2024-08-08 22:27:03,357 - INFO - Strand selection                       	1

2024-08-08 22:27:03,357 - INFO - LCA search mode                        	false

2024-08-08 22:27:03,357 - INFO - Disk space limit                       	0

2024-08-08 22:27:03,357 - INFO - MPI runner                             	

2024-08-08 22:27:03,357 - INFO - Force restart with latest tmp          	false

2024-08-08 22:27:03,357 - INFO - Remove temporary files                 	false

2024-08-08 22:27:03,357 - INFO - 

2024-08-08 22:27:03,525 - INFO - prefilter /data/yangy34/database/pharokka/phrogs_profile_db phage_pharokka/GCA_015343595.1_683|1-1073/target_dir/target_seqs phage_pharokka/GCA_015343595.1_683|1-1073/tmp_dir//8878571328396863763/pref_0 --sub-mat nucl:nucleotide.out,aa:blosum62.out --seed-sub-mat nucl:nucleotide.out,aa:VTML80.out -k 0 --k-score 2147483647 --alph-size nucl:5,aa:21 --max-seq-len 65535 --max-seqs 300 --split 0 --split-mode 2 --split-memory-limit 0 -c 0 --cov-mode 0 --comp-bias-corr 1 --diag-score 1 --exact-kmer-matching 0 --mask 1 --mask-lower-case 0 --min-ungapped-score 15 --add-self-matches 0 --spaced-kmer-mode 1 --db-load-mode 0 --pca 1 --pcb 1.5 --threads 32 --compressed 0 -v 3 -s 8.5 

2024-08-08 22:27:03,525 - INFO - 

2024-08-08 22:27:03,525 - INFO - Query database size: 38880 type: Profile

2024-08-08 22:27:03,525 - INFO - Estimated memory consumption: 488M

2024-08-08 22:27:03,526 - INFO - Target database size: 2 type: Aminoacid

2024-08-08 22:27:03,526 - INFO - Index table k-mer threshold: 0 at k-mer size 6 

2024-08-08 22:27:03,526 - INFO - Index table: counting k-mers

2024-08-08 22:27:03,661 - INFO - [=================================================================] 2 0s 2ms

2024-08-08 22:27:03,661 - INFO - Index table: Masked residues: 0

2024-08-08 22:27:03,661 - INFO - Index table: fill

2024-08-08 22:27:04,931 - INFO - [=================================================================] 2 0s 0ms

2024-08-08 22:27:04,931 - INFO - Index statistics

2024-08-08 22:27:04,931 - INFO - Entries:          249

2024-08-08 22:27:04,931 - INFO - DB size:          488 MB

2024-08-08 22:27:04,931 - INFO - Avg k-mer size:   0.000004

2024-08-08 22:27:04,931 - INFO - Top 10 k-mers

2024-08-08 22:27:04,932 - INFO -     AVYSEA	1

2024-08-08 22:27:04,932 - INFO -     SFIEFA	1

2024-08-08 22:27:04,932 - INFO -     YLVIFA	1

2024-08-08 22:27:04,932 - INFO -     VPHSFA	1

2024-08-08 22:27:04,932 - INFO -     VPVYFA	1

2024-08-08 22:27:04,932 - INFO -     SPSLKA	1

2024-08-08 22:27:04,932 - INFO -     QEKRKA	1

2024-08-08 22:27:04,932 - INFO -     WTNWLA	1

2024-08-08 22:27:04,932 - INFO -     RLGAMA	1

2024-08-08 22:27:04,932 - INFO -     SRGCNA	1

2024-08-08 22:27:04,932 - INFO - Time for index table init: 0h 0m 0s 425ms

2024-08-08 22:27:04,932 - INFO - Process prefiltering step 1 of 1

2024-08-08 22:27:04,932 - INFO - 

2024-08-08 22:27:04,933 - INFO - k-mer similarity threshold: 81

2024-08-08 22:27:04,933 - INFO - Starting prefiltering scores calculation (step 1 of 1)

2024-08-08 22:27:04,933 - INFO - Query db start 1 to 38880

2024-08-08 22:27:04,933 - INFO - Target db start 1 to 2

2024-08-08 22:28:09,683 - INFO - [=================================================================] 38.88K 1m 5s 683ms

2024-08-08 22:28:09,683 - INFO - 

2024-08-08 22:28:09,683 - INFO - 5386.328443 k-mers per position

2024-08-08 22:28:09,683 - INFO - 3 DB matches per sequence

2024-08-08 22:28:09,683 - INFO - 0 overflows

2024-08-08 22:28:09,683 - INFO - 0 queries produce too many hits (truncated result)

2024-08-08 22:28:09,683 - INFO - 0 sequences passed prefiltering per query sequence

2024-08-08 22:28:09,684 - INFO - 0 median result list length

2024-08-08 22:28:09,684 - INFO - 35325 sequences with 0 size result lists

2024-08-08 22:28:09,684 - INFO - Time for merging to pref_0: 0h 0m 0s 23ms

2024-08-08 22:28:09,684 - INFO - Time for processing: 0h 1m 6s 321ms

2024-08-08 22:28:09,778 - INFO - align /data/yangy34/database/pharokka/phrogs_profile_db phage_pharokka/GCA_015343595.1_683|1-1073/target_dir/target_seqs phage_pharokka/GCA_015343595.1_683|1-1073/tmp_dir//8878571328396863763/pref_0 phage_pharokka/GCA_015343595.1_683|1-1073/mmseqs/results_mmseqs --sub-mat nucl:nucleotide.out,aa:blosum62.out -a 0 --alignment-mode 2 --alignment-output-mode 0 --wrapped-scoring 0 -e 1e-05 --min-seq-id 0 --min-aln-len 0 --seq-id-mode 0 --alt-ali 0 -c 0 --cov-mode 0 --max-seq-len 65535 --comp-bias-corr 1 --max-rejected 2147483647 --max-accept 2147483647 --add-self-matches 0 --db-load-mode 0 --pca 1 --pcb 1.5 --score-bias 0 --realign 0 --realign-score-bias -0.2 --realign-max-seqs 2147483647 --gap-open nucl:5,aa:11 --gap-extend nucl:2,aa:1 --zdrop 40 --threads 32 --compressed 0 -v 3 

2024-08-08 22:28:09,778 - INFO - 

2024-08-08 22:28:09,779 - INFO - Compute score and coverage

2024-08-08 22:28:09,779 - INFO - Query database size: 38880 type: Profile

2024-08-08 22:28:09,779 - INFO - Target database size: 2 type: Aminoacid

2024-08-08 22:28:09,779 - INFO - Calculation of alignments

2024-08-08 22:28:09,974 - INFO - [=================================================================] 38.88K 0s 178ms

2024-08-08 22:28:09,974 - INFO - Time for merging to results_mmseqs: 0h 0m 0s 22ms

2024-08-08 22:28:09,974 - INFO - 3666 alignments calculated

2024-08-08 22:28:09,974 - INFO - 8 sequence pairs passed the thresholds (0.002182 of overall calculated)

2024-08-08 22:28:09,974 - INFO - 0.000206 hits per query sequence

2024-08-08 22:28:09,974 - INFO - Time for processing: 0h 0m 0s 284ms

2024-08-08 22:28:10,078 - INFO - createtsv /data/yangy34/database/pharokka/phrogs_profile_db phage_pharokka/GCA_015343595.1_683|1-1073/target_dir/target_seqs phage_pharokka/GCA_015343595.1_683|1-1073/mmseqs/results_mmseqs phage_pharokka/GCA_015343595.1_683|1-1073/mmseqs_results.tsv --full-header --threads 32 

2024-08-08 22:28:10,078 - INFO - 

2024-08-08 22:28:10,078 - INFO - MMseqs Version:                 	13.45111

2024-08-08 22:28:10,078 - INFO - First sequence as representative	false

2024-08-08 22:28:10,079 - INFO - Target column                   	1

2024-08-08 22:28:10,079 - INFO - Add full header                 	true

2024-08-08 22:28:10,079 - INFO - Sequence source                 	0

2024-08-08 22:28:10,079 - INFO - Database output                 	false

2024-08-08 22:28:10,079 - INFO - Threads                         	32

2024-08-08 22:28:10,079 - INFO - Compressed                      	0

2024-08-08 22:28:10,079 - INFO - Verbosity                       	3

2024-08-08 22:28:10,079 - INFO - 

2024-08-08 22:28:10,079 - INFO - Time for merging to mmseqs_results.tsv: 0h 0m 0s 31ms

2024-08-08 22:28:10,079 - INFO - Time for processing: 0h 0m 0s 95ms

2024-08-08 22:28:10,098 - INFO - Running mmseqs2 on CARD.
2024-08-08 22:28:10,156 - INFO - createdb phage_pharokka/GCA_015343595.1_683|1-1073/phanotate_aas_tmp.fasta phage_pharokka/GCA_015343595.1_683|1-1073/CARD_target_dir/target_seqs 

2024-08-08 22:28:10,156 - INFO - 

2024-08-08 22:28:10,156 - INFO - MMseqs Version:       	13.45111

2024-08-08 22:28:10,156 - INFO - Database type         	0

2024-08-08 22:28:10,156 - INFO - Shuffle input database	true

2024-08-08 22:28:10,156 - INFO - Createdb mode         	0

2024-08-08 22:28:10,156 - INFO - Write lookup file     	1

2024-08-08 22:28:10,156 - INFO - Offset of numeric ids 	0

2024-08-08 22:28:10,156 - INFO - Compressed            	0

2024-08-08 22:28:10,156 - INFO - Verbosity             	3

2024-08-08 22:28:10,157 - INFO - 

2024-08-08 22:28:10,157 - INFO - Converting sequences

2024-08-08 22:28:10,157 - INFO - [

2024-08-08 22:28:10,157 - INFO - Time for merging to target_seqs_h: 0h 0m 0s 7ms

2024-08-08 22:28:10,157 - INFO - Time for merging to target_seqs: 0h 0m 0s 19ms

2024-08-08 22:28:10,157 - INFO - Database type: Aminoacid

2024-08-08 22:28:10,157 - INFO - Time for processing: 0h 0m 0s 53ms

2024-08-08 22:28:10,165 - INFO - Create directory phage_pharokka/GCA_015343595.1_683|1-1073/CARD_tmp_dir/

2024-08-08 22:28:10,165 - INFO - search --min-seq-id 0.8 -c 0.4 /data/yangy34/database/pharokka/CARD phage_pharokka/GCA_015343595.1_683|1-1073/CARD_target_dir/target_seqs phage_pharokka/GCA_015343595.1_683|1-1073/CARD/results_CARD phage_pharokka/GCA_015343595.1_683|1-1073/CARD_tmp_dir/ -s 8.5 --threads 32 

2024-08-08 22:28:10,165 - INFO - 

2024-08-08 22:28:10,165 - INFO - MMseqs Version:                        	13.45111

2024-08-08 22:28:10,165 - INFO - Substitution matrix                    	nucl:nucleotide.out,aa:blosum62.out

2024-08-08 22:28:10,165 - INFO - Add backtrace                          	false

2024-08-08 22:28:10,165 - INFO - Alignment mode                         	2

2024-08-08 22:28:10,165 - INFO - Alignment mode                         	0

2024-08-08 22:28:10,166 - INFO - Allow wrapped scoring                  	false

2024-08-08 22:28:10,166 - INFO - E-value threshold                      	0.001

2024-08-08 22:28:10,166 - INFO - Seq. id. threshold                     	0.8

2024-08-08 22:28:10,166 - INFO - Min alignment length                   	0

2024-08-08 22:28:10,166 - INFO - Seq. id. mode                          	0

2024-08-08 22:28:10,166 - INFO - Alternative alignments                 	0

2024-08-08 22:28:10,166 - INFO - Coverage threshold                     	0.4

2024-08-08 22:28:10,166 - INFO - Coverage mode                          	0

2024-08-08 22:28:10,166 - INFO - Max sequence length                    	65535

2024-08-08 22:28:10,166 - INFO - Compositional bias                     	1

2024-08-08 22:28:10,166 - INFO - Max reject                             	2147483647

2024-08-08 22:28:10,166 - INFO - Max accept                             	2147483647

2024-08-08 22:28:10,166 - INFO - Include identical seq. id.             	false

2024-08-08 22:28:10,166 - INFO - Preload mode                           	0

2024-08-08 22:28:10,166 - INFO - Pseudo count a                         	1

2024-08-08 22:28:10,166 - INFO - Pseudo count b                         	1.5

2024-08-08 22:28:10,166 - INFO - Score bias                             	0

2024-08-08 22:28:10,166 - INFO - Realign hits                           	false

2024-08-08 22:28:10,166 - INFO - Realign score bias                     	-0.2

2024-08-08 22:28:10,166 - INFO - Realign max seqs                       	2147483647

2024-08-08 22:28:10,167 - INFO - Gap open cost                          	nucl:5,aa:11

2024-08-08 22:28:10,167 - INFO - Gap extension cost                     	nucl:2,aa:1

2024-08-08 22:28:10,167 - INFO - Zdrop                                  	40

2024-08-08 22:28:10,167 - INFO - Threads                                	32

2024-08-08 22:28:10,167 - INFO - Compressed                             	0

2024-08-08 22:28:10,167 - INFO - Verbosity                              	3

2024-08-08 22:28:10,167 - INFO - Seed substitution matrix               	nucl:nucleotide.out,aa:VTML80.out

2024-08-08 22:28:10,167 - INFO - Sensitivity                            	8.5

2024-08-08 22:28:10,167 - INFO - k-mer length                           	0

2024-08-08 22:28:10,167 - INFO - k-score                                	2147483647

2024-08-08 22:28:10,167 - INFO - Alphabet size                          	nucl:5,aa:21

2024-08-08 22:28:10,167 - INFO - Max results per query                  	300

2024-08-08 22:28:10,167 - INFO - Split database                         	0

2024-08-08 22:28:10,167 - INFO - Split mode                             	2

2024-08-08 22:28:10,167 - INFO - Split memory limit                     	0

2024-08-08 22:28:10,167 - INFO - Diagonal scoring                       	true

2024-08-08 22:28:10,167 - INFO - Exact k-mer matching                   	0

2024-08-08 22:28:10,167 - INFO - Mask residues                          	1

2024-08-08 22:28:10,167 - INFO - Mask lower case residues               	0

2024-08-08 22:28:10,167 - INFO - Minimum diagonal score                 	15

2024-08-08 22:28:10,167 - INFO - Spaced k-mers                          	1

2024-08-08 22:28:10,168 - INFO - Spaced k-mer pattern                   	

2024-08-08 22:28:10,168 - INFO - Local temporary path                   	

2024-08-08 22:28:10,168 - INFO - Rescore mode                           	0

2024-08-08 22:28:10,168 - INFO - Remove hits by seq. id. and coverage   	false

2024-08-08 22:28:10,168 - INFO - Sort results                           	0

2024-08-08 22:28:10,168 - INFO - Mask profile                           	1

2024-08-08 22:28:10,168 - INFO - Profile E-value threshold              	0.1

2024-08-08 22:28:10,168 - INFO - Global sequence weighting              	false

2024-08-08 22:28:10,168 - INFO - Allow deletions                        	false

2024-08-08 22:28:10,168 - INFO - Filter MSA                             	1

2024-08-08 22:28:10,168 - INFO - Maximum seq. id. threshold             	0.9

2024-08-08 22:28:10,168 - INFO - Minimum seq. id.                       	0

2024-08-08 22:28:10,168 - INFO - Minimum score per column               	-20

2024-08-08 22:28:10,168 - INFO - Minimum coverage                       	0

2024-08-08 22:28:10,168 - INFO - Select N most diverse seqs             	1000

2024-08-08 22:28:10,168 - INFO - Min codons in orf                      	30

2024-08-08 22:28:10,168 - INFO - Max codons in length                   	32734

2024-08-08 22:28:10,168 - INFO - Max orf gaps                           	2147483647

2024-08-08 22:28:10,168 - INFO - Contig start mode                      	2

2024-08-08 22:28:10,168 - INFO - Contig end mode                        	2

2024-08-08 22:28:10,169 - INFO - Orf start mode                         	1

2024-08-08 22:28:10,169 - INFO - Forward frames                         	1,2,3

2024-08-08 22:28:10,169 - INFO - Reverse frames                         	1,2,3

2024-08-08 22:28:10,169 - INFO - Translation table                      	1

2024-08-08 22:28:10,169 - INFO - Translate orf                          	0

2024-08-08 22:28:10,169 - INFO - Use all table starts                   	false

2024-08-08 22:28:10,169 - INFO - Offset of numeric ids                  	0

2024-08-08 22:28:10,169 - INFO - Create lookup                          	0

2024-08-08 22:28:10,169 - INFO - Add orf stop                           	false

2024-08-08 22:28:10,169 - INFO - Overlap between sequences              	0

2024-08-08 22:28:10,169 - INFO - Sequence split mode                    	1

2024-08-08 22:28:10,169 - INFO - Header split mode                      	0

2024-08-08 22:28:10,169 - INFO - Chain overlapping alignments           	0

2024-08-08 22:28:10,169 - INFO - Merge query                            	1

2024-08-08 22:28:10,169 - INFO - Search type                            	0

2024-08-08 22:28:10,169 - INFO - Search iterations                      	1

2024-08-08 22:28:10,169 - INFO - Start sensitivity                      	4

2024-08-08 22:28:10,169 - INFO - Search steps                           	1

2024-08-08 22:28:10,169 - INFO - Exhaustive search mode                 	false

2024-08-08 22:28:10,169 - INFO - Filter results during exhaustive search	0

2024-08-08 22:28:10,170 - INFO - Strand selection                       	1

2024-08-08 22:28:10,170 - INFO - LCA search mode                        	false

2024-08-08 22:28:10,170 - INFO - Disk space limit                       	0

2024-08-08 22:28:10,170 - INFO - MPI runner                             	

2024-08-08 22:28:10,170 - INFO - Force restart with latest tmp          	false

2024-08-08 22:28:10,170 - INFO - Remove temporary files                 	false

2024-08-08 22:28:10,170 - INFO - 

2024-08-08 22:28:10,318 - INFO - prefilter /data/yangy34/database/pharokka/CARD phage_pharokka/GCA_015343595.1_683|1-1073/CARD_target_dir/target_seqs phage_pharokka/GCA_015343595.1_683|1-1073/CARD_tmp_dir//5701198446409903122/pref_0 --sub-mat nucl:nucleotide.out,aa:blosum62.out --seed-sub-mat nucl:nucleotide.out,aa:VTML80.out -k 0 --k-score 2147483647 --alph-size nucl:5,aa:21 --max-seq-len 65535 --max-seqs 300 --split 0 --split-mode 2 --split-memory-limit 0 -c 0.4 --cov-mode 0 --comp-bias-corr 1 --diag-score 1 --exact-kmer-matching 0 --mask 1 --mask-lower-case 0 --min-ungapped-score 15 --add-self-matches 0 --spaced-kmer-mode 1 --db-load-mode 0 --pca 1 --pcb 1.5 --threads 32 --compressed 0 -v 3 -s 8.5 

2024-08-08 22:28:10,318 - INFO - 

2024-08-08 22:28:10,318 - INFO - Query database size: 4641 type: Aminoacid

2024-08-08 22:28:10,318 - INFO - Estimated memory consumption: 977M

2024-08-08 22:28:10,318 - INFO - Target database size: 2 type: Aminoacid

2024-08-08 22:28:10,318 - INFO - Index table k-mer threshold: 87 at k-mer size 6 

2024-08-08 22:28:10,319 - INFO - Index table: counting k-mers

2024-08-08 22:28:10,456 - INFO - [=================================================================] 2 0s 5ms

2024-08-08 22:28:10,456 - INFO - Index table: Masked residues: 0

2024-08-08 22:28:10,456 - INFO - Index table: fill

2024-08-08 22:28:10,910 - INFO - [=================================================================] 2 0s 1ms

2024-08-08 22:28:10,910 - INFO - Index statistics

2024-08-08 22:28:10,911 - INFO - Entries:          249

2024-08-08 22:28:10,911 - INFO - DB size:          488 MB

2024-08-08 22:28:10,911 - INFO - Avg k-mer size:   0.000004

2024-08-08 22:28:10,911 - INFO - Top 10 k-mers

2024-08-08 22:28:10,911 - INFO -     AVYSEA	1

2024-08-08 22:28:10,911 - INFO -     SFIEFA	1

2024-08-08 22:28:10,911 - INFO -     YLVIFA	1

2024-08-08 22:28:10,911 - INFO -     VPHSFA	1

2024-08-08 22:28:10,911 - INFO -     VPVYFA	1

2024-08-08 22:28:10,911 - INFO -     SPSLKA	1

2024-08-08 22:28:10,911 - INFO -     QEKRKA	1

2024-08-08 22:28:10,911 - INFO -     WTNWLA	1

2024-08-08 22:28:10,911 - INFO -     RLGAMA	1

2024-08-08 22:28:10,911 - INFO -     SRGCNA	1

2024-08-08 22:28:10,911 - INFO - Time for index table init: 0h 0m 0s 437ms

2024-08-08 22:28:10,912 - INFO - Process prefiltering step 1 of 1

2024-08-08 22:28:10,912 - INFO - 

2024-08-08 22:28:10,912 - INFO - k-mer similarity threshold: 87

2024-08-08 22:28:10,912 - INFO - Starting prefiltering scores calculation (step 1 of 1)

2024-08-08 22:28:10,912 - INFO - Query db start 1 to 4641

2024-08-08 22:28:10,912 - INFO - Target db start 1 to 2

2024-08-08 22:28:19,512 - INFO - [=================================================================] 4.64K 8s 577ms

2024-08-08 22:28:19,513 - INFO - 

2024-08-08 22:28:19,513 - INFO - 3883.681631 k-mers per position

2024-08-08 22:28:19,513 - INFO - 4 DB matches per sequence

2024-08-08 22:28:19,513 - INFO - 0 overflows

2024-08-08 22:28:19,513 - INFO - 0 queries produce too many hits (truncated result)

2024-08-08 22:28:19,513 - INFO - 0 sequences passed prefiltering per query sequence

2024-08-08 22:28:19,513 - INFO - 0 median result list length

2024-08-08 22:28:19,513 - INFO - 4118 sequences with 0 size result lists

2024-08-08 22:28:19,513 - INFO - Time for merging to pref_0: 0h 0m 0s 9ms

2024-08-08 22:28:19,513 - INFO - Time for processing: 0h 0m 9s 337ms

2024-08-08 22:28:19,540 - INFO - align /data/yangy34/database/pharokka/CARD phage_pharokka/GCA_015343595.1_683|1-1073/CARD_target_dir/target_seqs phage_pharokka/GCA_015343595.1_683|1-1073/CARD_tmp_dir//5701198446409903122/pref_0 phage_pharokka/GCA_015343595.1_683|1-1073/CARD/results_CARD --sub-mat nucl:nucleotide.out,aa:blosum62.out -a 0 --alignment-mode 2 --alignment-output-mode 0 --wrapped-scoring 0 -e 0.001 --min-seq-id 0.8 --min-aln-len 0 --seq-id-mode 0 --alt-ali 0 -c 0.4 --cov-mode 0 --max-seq-len 65535 --comp-bias-corr 1 --max-rejected 2147483647 --max-accept 2147483647 --add-self-matches 0 --db-load-mode 0 --pca 1 --pcb 1.5 --score-bias 0 --realign 0 --realign-score-bias -0.2 --realign-max-seqs 2147483647 --gap-open nucl:5,aa:11 --gap-extend nucl:2,aa:1 --zdrop 40 --threads 32 --compressed 0 -v 3 

2024-08-08 22:28:19,540 - INFO - 

2024-08-08 22:28:19,540 - INFO - Compute score and coverage

2024-08-08 22:28:19,540 - INFO - Query database size: 4641 type: Aminoacid

2024-08-08 22:28:19,540 - INFO - Target database size: 2 type: Aminoacid

2024-08-08 22:28:19,540 - INFO - Calculation of alignments

2024-08-08 22:28:19,562 - INFO - [=================================================================] 4.64K 0s 14ms

2024-08-08 22:28:19,562 - INFO - Time for merging to results_CARD: 0h 0m 0s 9ms

2024-08-08 22:28:19,562 - INFO - 372 alignments calculated

2024-08-08 22:28:19,562 - INFO - 0 sequence pairs passed the thresholds (0.000000 of overall calculated)

2024-08-08 22:28:19,562 - INFO - 0.000000 hits per query sequence

2024-08-08 22:28:19,562 - INFO - Time for processing: 0h 0m 0s 41ms

2024-08-08 22:28:19,625 - INFO - createtsv /data/yangy34/database/pharokka/CARD phage_pharokka/GCA_015343595.1_683|1-1073/CARD_target_dir/target_seqs phage_pharokka/GCA_015343595.1_683|1-1073/CARD/results_CARD phage_pharokka/GCA_015343595.1_683|1-1073/CARD_results.tsv --full-header --threads 32 

2024-08-08 22:28:19,625 - INFO - 

2024-08-08 22:28:19,625 - INFO - MMseqs Version:                 	13.45111

2024-08-08 22:28:19,626 - INFO - First sequence as representative	false

2024-08-08 22:28:19,626 - INFO - Target column                   	1

2024-08-08 22:28:19,626 - INFO - Add full header                 	true

2024-08-08 22:28:19,626 - INFO - Sequence source                 	0

2024-08-08 22:28:19,626 - INFO - Database output                 	false

2024-08-08 22:28:19,626 - INFO - Threads                         	32

2024-08-08 22:28:19,626 - INFO - Compressed                      	0

2024-08-08 22:28:19,626 - INFO - Verbosity                       	3

2024-08-08 22:28:19,626 - INFO - 

2024-08-08 22:28:19,626 - INFO - Time for merging to CARD_results.tsv: 0h 0m 0s 14ms

2024-08-08 22:28:19,626 - INFO - Time for processing: 0h 0m 0s 56ms

2024-08-08 22:28:19,629 - INFO - Running mmseqs2 on vfdb.
2024-08-08 22:28:19,688 - INFO - createdb phage_pharokka/GCA_015343595.1_683|1-1073/phanotate_aas_tmp.fasta phage_pharokka/GCA_015343595.1_683|1-1073/vfdb_target_dir/target_seqs 

2024-08-08 22:28:19,688 - INFO - 

2024-08-08 22:28:19,688 - INFO - MMseqs Version:       	13.45111

2024-08-08 22:28:19,688 - INFO - Database type         	0

2024-08-08 22:28:19,688 - INFO - Shuffle input database	true

2024-08-08 22:28:19,688 - INFO - Createdb mode         	0

2024-08-08 22:28:19,688 - INFO - Write lookup file     	1

2024-08-08 22:28:19,688 - INFO - Offset of numeric ids 	0

2024-08-08 22:28:19,688 - INFO - Compressed            	0

2024-08-08 22:28:19,688 - INFO - Verbosity             	3

2024-08-08 22:28:19,688 - INFO - 

2024-08-08 22:28:19,688 - INFO - Converting sequences

2024-08-08 22:28:19,688 - INFO - [

2024-08-08 22:28:19,688 - INFO - Time for merging to target_seqs_h: 0h 0m 0s 7ms

2024-08-08 22:28:19,688 - INFO - Time for merging to target_seqs: 0h 0m 0s 18ms

2024-08-08 22:28:19,688 - INFO - Database type: Aminoacid

2024-08-08 22:28:19,688 - INFO - Time for processing: 0h 0m 0s 53ms

2024-08-08 22:28:19,696 - INFO - Create directory phage_pharokka/GCA_015343595.1_683|1-1073/vfdb_tmp_dir/

2024-08-08 22:28:19,696 - INFO - search --min-seq-id 0.8 -c 0.4 /data/yangy34/database/pharokka/vfdb phage_pharokka/GCA_015343595.1_683|1-1073/vfdb_target_dir/target_seqs phage_pharokka/GCA_015343595.1_683|1-1073/vfdb/results_vfdb phage_pharokka/GCA_015343595.1_683|1-1073/vfdb_tmp_dir/ -s 8.5 --threads 32 

2024-08-08 22:28:19,696 - INFO - 

2024-08-08 22:28:19,697 - INFO - MMseqs Version:                        	13.45111

2024-08-08 22:28:19,697 - INFO - Substitution matrix                    	nucl:nucleotide.out,aa:blosum62.out

2024-08-08 22:28:19,697 - INFO - Add backtrace                          	false

2024-08-08 22:28:19,697 - INFO - Alignment mode                         	2

2024-08-08 22:28:19,697 - INFO - Alignment mode                         	0

2024-08-08 22:28:19,697 - INFO - Allow wrapped scoring                  	false

2024-08-08 22:28:19,697 - INFO - E-value threshold                      	0.001

2024-08-08 22:28:19,697 - INFO - Seq. id. threshold                     	0.8

2024-08-08 22:28:19,697 - INFO - Min alignment length                   	0

2024-08-08 22:28:19,697 - INFO - Seq. id. mode                          	0

2024-08-08 22:28:19,697 - INFO - Alternative alignments                 	0

2024-08-08 22:28:19,697 - INFO - Coverage threshold                     	0.4

2024-08-08 22:28:19,697 - INFO - Coverage mode                          	0

2024-08-08 22:28:19,697 - INFO - Max sequence length                    	65535

2024-08-08 22:28:19,697 - INFO - Compositional bias                     	1

2024-08-08 22:28:19,697 - INFO - Max reject                             	2147483647

2024-08-08 22:28:19,697 - INFO - Max accept                             	2147483647

2024-08-08 22:28:19,697 - INFO - Include identical seq. id.             	false

2024-08-08 22:28:19,697 - INFO - Preload mode                           	0

2024-08-08 22:28:19,697 - INFO - Pseudo count a                         	1

2024-08-08 22:28:19,697 - INFO - Pseudo count b                         	1.5

2024-08-08 22:28:19,697 - INFO - Score bias                             	0

2024-08-08 22:28:19,697 - INFO - Realign hits                           	false

2024-08-08 22:28:19,698 - INFO - Realign score bias                     	-0.2

2024-08-08 22:28:19,698 - INFO - Realign max seqs                       	2147483647

2024-08-08 22:28:19,698 - INFO - Gap open cost                          	nucl:5,aa:11

2024-08-08 22:28:19,698 - INFO - Gap extension cost                     	nucl:2,aa:1

2024-08-08 22:28:19,698 - INFO - Zdrop                                  	40

2024-08-08 22:28:19,698 - INFO - Threads                                	32

2024-08-08 22:28:19,698 - INFO - Compressed                             	0

2024-08-08 22:28:19,698 - INFO - Verbosity                              	3

2024-08-08 22:28:19,698 - INFO - Seed substitution matrix               	nucl:nucleotide.out,aa:VTML80.out

2024-08-08 22:28:19,698 - INFO - Sensitivity                            	8.5

2024-08-08 22:28:19,698 - INFO - k-mer length                           	0

2024-08-08 22:28:19,698 - INFO - k-score                                	2147483647

2024-08-08 22:28:19,698 - INFO - Alphabet size                          	nucl:5,aa:21

2024-08-08 22:28:19,698 - INFO - Max results per query                  	300

2024-08-08 22:28:19,698 - INFO - Split database                         	0

2024-08-08 22:28:19,698 - INFO - Split mode                             	2

2024-08-08 22:28:19,698 - INFO - Split memory limit                     	0

2024-08-08 22:28:19,698 - INFO - Diagonal scoring                       	true

2024-08-08 22:28:19,698 - INFO - Exact k-mer matching                   	0

2024-08-08 22:28:19,698 - INFO - Mask residues                          	1

2024-08-08 22:28:19,698 - INFO - Mask lower case residues               	0

2024-08-08 22:28:19,698 - INFO - Minimum diagonal score                 	15

2024-08-08 22:28:19,698 - INFO - Spaced k-mers                          	1

2024-08-08 22:28:19,698 - INFO - Spaced k-mer pattern                   	

2024-08-08 22:28:19,699 - INFO - Local temporary path                   	

2024-08-08 22:28:19,699 - INFO - Rescore mode                           	0

2024-08-08 22:28:19,699 - INFO - Remove hits by seq. id. and coverage   	false

2024-08-08 22:28:19,699 - INFO - Sort results                           	0

2024-08-08 22:28:19,699 - INFO - Mask profile                           	1

2024-08-08 22:28:19,699 - INFO - Profile E-value threshold              	0.1

2024-08-08 22:28:19,699 - INFO - Global sequence weighting              	false

2024-08-08 22:28:19,699 - INFO - Allow deletions                        	false

2024-08-08 22:28:19,699 - INFO - Filter MSA                             	1

2024-08-08 22:28:19,699 - INFO - Maximum seq. id. threshold             	0.9

2024-08-08 22:28:19,699 - INFO - Minimum seq. id.                       	0

2024-08-08 22:28:19,699 - INFO - Minimum score per column               	-20

2024-08-08 22:28:19,699 - INFO - Minimum coverage                       	0

2024-08-08 22:28:19,699 - INFO - Select N most diverse seqs             	1000

2024-08-08 22:28:19,699 - INFO - Min codons in orf                      	30

2024-08-08 22:28:19,699 - INFO - Max codons in length                   	32734

2024-08-08 22:28:19,699 - INFO - Max orf gaps                           	2147483647

2024-08-08 22:28:19,699 - INFO - Contig start mode                      	2

2024-08-08 22:28:19,699 - INFO - Contig end mode                        	2

2024-08-08 22:28:19,699 - INFO - Orf start mode                         	1

2024-08-08 22:28:19,699 - INFO - Forward frames                         	1,2,3

2024-08-08 22:28:19,699 - INFO - Reverse frames                         	1,2,3

2024-08-08 22:28:19,699 - INFO - Translation table                      	1

2024-08-08 22:28:19,699 - INFO - Translate orf                          	0

2024-08-08 22:28:19,700 - INFO - Use all table starts                   	false

2024-08-08 22:28:19,700 - INFO - Offset of numeric ids                  	0

2024-08-08 22:28:19,700 - INFO - Create lookup                          	0

2024-08-08 22:28:19,700 - INFO - Add orf stop                           	false

2024-08-08 22:28:19,700 - INFO - Overlap between sequences              	0

2024-08-08 22:28:19,700 - INFO - Sequence split mode                    	1

2024-08-08 22:28:19,700 - INFO - Header split mode                      	0

2024-08-08 22:28:19,700 - INFO - Chain overlapping alignments           	0

2024-08-08 22:28:19,700 - INFO - Merge query                            	1

2024-08-08 22:28:19,700 - INFO - Search type                            	0

2024-08-08 22:28:19,700 - INFO - Search iterations                      	1

2024-08-08 22:28:19,700 - INFO - Start sensitivity                      	4

2024-08-08 22:28:19,700 - INFO - Search steps                           	1

2024-08-08 22:28:19,700 - INFO - Exhaustive search mode                 	false

2024-08-08 22:28:19,700 - INFO - Filter results during exhaustive search	0

2024-08-08 22:28:19,700 - INFO - Strand selection                       	1

2024-08-08 22:28:19,700 - INFO - LCA search mode                        	false

2024-08-08 22:28:19,700 - INFO - Disk space limit                       	0

2024-08-08 22:28:19,700 - INFO - MPI runner                             	

2024-08-08 22:28:19,700 - INFO - Force restart with latest tmp          	false

2024-08-08 22:28:19,700 - INFO - Remove temporary files                 	false

2024-08-08 22:28:19,700 - INFO - 

2024-08-08 22:28:19,850 - INFO - prefilter /data/yangy34/database/pharokka/vfdb phage_pharokka/GCA_015343595.1_683|1-1073/vfdb_target_dir/target_seqs phage_pharokka/GCA_015343595.1_683|1-1073/vfdb_tmp_dir//1551281719626941149/pref_0 --sub-mat nucl:nucleotide.out,aa:blosum62.out --seed-sub-mat nucl:nucleotide.out,aa:VTML80.out -k 0 --k-score 2147483647 --alph-size nucl:5,aa:21 --max-seq-len 65535 --max-seqs 300 --split 0 --split-mode 2 --split-memory-limit 0 -c 0.4 --cov-mode 0 --comp-bias-corr 1 --diag-score 1 --exact-kmer-matching 0 --mask 1 --mask-lower-case 0 --min-ungapped-score 15 --add-self-matches 0 --spaced-kmer-mode 1 --db-load-mode 0 --pca 1 --pcb 1.5 --threads 32 --compressed 0 -v 3 -s 8.5 

2024-08-08 22:28:19,850 - INFO - 

2024-08-08 22:28:19,850 - INFO - Query database size: 27504 type: Aminoacid

2024-08-08 22:28:19,850 - INFO - Estimated memory consumption: 977M

2024-08-08 22:28:19,850 - INFO - Target database size: 2 type: Aminoacid

2024-08-08 22:28:19,850 - INFO - Index table k-mer threshold: 87 at k-mer size 6 

2024-08-08 22:28:19,850 - INFO - Index table: counting k-mers

2024-08-08 22:28:19,986 - INFO - [=================================================================] 2 0s 5ms

2024-08-08 22:28:19,986 - INFO - Index table: Masked residues: 0

2024-08-08 22:28:19,987 - INFO - Index table: fill

2024-08-08 22:28:21,239 - INFO - [=================================================================] 2 0s 1ms

2024-08-08 22:28:21,239 - INFO - Index statistics

2024-08-08 22:28:21,239 - INFO - Entries:          249

2024-08-08 22:28:21,239 - INFO - DB size:          488 MB

2024-08-08 22:28:21,239 - INFO - Avg k-mer size:   0.000004

2024-08-08 22:28:21,239 - INFO - Top 10 k-mers

2024-08-08 22:28:21,240 - INFO -     AVYSEA	1

2024-08-08 22:28:21,240 - INFO -     SFIEFA	1

2024-08-08 22:28:21,240 - INFO -     YLVIFA	1

2024-08-08 22:28:21,240 - INFO -     VPHSFA	1

2024-08-08 22:28:21,240 - INFO -     VPVYFA	1

2024-08-08 22:28:21,240 - INFO -     SPSLKA	1

2024-08-08 22:28:21,240 - INFO -     QEKRKA	1

2024-08-08 22:28:21,240 - INFO -     WTNWLA	1

2024-08-08 22:28:21,240 - INFO -     RLGAMA	1

2024-08-08 22:28:21,240 - INFO -     SRGCNA	1

2024-08-08 22:28:21,240 - INFO - Time for index table init: 0h 0m 0s 433ms

2024-08-08 22:28:21,240 - INFO - Process prefiltering step 1 of 1

2024-08-08 22:28:21,240 - INFO - 

2024-08-08 22:28:21,240 - INFO - k-mer similarity threshold: 87

2024-08-08 22:28:21,240 - INFO - Starting prefiltering scores calculation (step 1 of 1)

2024-08-08 22:28:21,241 - INFO - Query db start 1 to 27504

2024-08-08 22:28:21,241 - INFO - Target db start 1 to 2

2024-08-08 22:29:24,737 - INFO - [=================================================================] 27.50K 1m 4s 39ms

2024-08-08 22:29:24,737 - INFO - 

2024-08-08 22:29:24,737 - INFO - 3159.764157 k-mers per position

2024-08-08 22:29:24,737 - INFO - 6 DB matches per sequence

2024-08-08 22:29:24,737 - INFO - 0 overflows

2024-08-08 22:29:24,737 - INFO - 0 queries produce too many hits (truncated result)

2024-08-08 22:29:24,737 - INFO - 0 sequences passed prefiltering per query sequence

2024-08-08 22:29:24,737 - INFO - 0 median result list length

2024-08-08 22:29:24,737 - INFO - 24042 sequences with 0 size result lists

2024-08-08 22:29:24,738 - INFO - Time for merging to pref_0: 0h 0m 0s 18ms

2024-08-08 22:29:24,738 - INFO - Time for processing: 0h 1m 5s 32ms

2024-08-08 22:29:24,782 - INFO - align /data/yangy34/database/pharokka/vfdb phage_pharokka/GCA_015343595.1_683|1-1073/vfdb_target_dir/target_seqs phage_pharokka/GCA_015343595.1_683|1-1073/vfdb_tmp_dir//1551281719626941149/pref_0 phage_pharokka/GCA_015343595.1_683|1-1073/vfdb/results_vfdb --sub-mat nucl:nucleotide.out,aa:blosum62.out -a 0 --alignment-mode 2 --alignment-output-mode 0 --wrapped-scoring 0 -e 0.001 --min-seq-id 0.8 --min-aln-len 0 --seq-id-mode 0 --alt-ali 0 -c 0.4 --cov-mode 0 --max-seq-len 65535 --comp-bias-corr 1 --max-rejected 2147483647 --max-accept 2147483647 --add-self-matches 0 --db-load-mode 0 --pca 1 --pcb 1.5 --score-bias 0 --realign 0 --realign-score-bias -0.2 --realign-max-seqs 2147483647 --gap-open nucl:5,aa:11 --gap-extend nucl:2,aa:1 --zdrop 40 --threads 32 --compressed 0 -v 3 

2024-08-08 22:29:24,783 - INFO - 

2024-08-08 22:29:24,783 - INFO - Compute score and coverage

2024-08-08 22:29:24,783 - INFO - Query database size: 27504 type: Aminoacid

2024-08-08 22:29:24,783 - INFO - Target database size: 2 type: Aminoacid

2024-08-08 22:29:24,783 - INFO - Calculation of alignments

2024-08-08 22:29:24,822 - INFO - [=================================================================] 27.50K 0s 20ms

2024-08-08 22:29:24,822 - INFO - Time for merging to results_vfdb: 0h 0m 0s 17ms

2024-08-08 22:29:24,822 - INFO - 1509 alignments calculated

2024-08-08 22:29:24,822 - INFO - 0 sequence pairs passed the thresholds (0.000000 of overall calculated)

2024-08-08 22:29:24,822 - INFO - 0.000000 hits per query sequence

2024-08-08 22:29:24,822 - INFO - Time for processing: 0h 0m 0s 76ms

2024-08-08 22:29:24,919 - INFO - createtsv /data/yangy34/database/pharokka/vfdb phage_pharokka/GCA_015343595.1_683|1-1073/vfdb_target_dir/target_seqs phage_pharokka/GCA_015343595.1_683|1-1073/vfdb/results_vfdb phage_pharokka/GCA_015343595.1_683|1-1073/vfdb_results.tsv --full-header --threads 32 

2024-08-08 22:29:24,919 - INFO - 

2024-08-08 22:29:24,919 - INFO - MMseqs Version:                 	13.45111

2024-08-08 22:29:24,919 - INFO - First sequence as representative	false

2024-08-08 22:29:24,919 - INFO - Target column                   	1

2024-08-08 22:29:24,919 - INFO - Add full header                 	true

2024-08-08 22:29:24,919 - INFO - Sequence source                 	0

2024-08-08 22:29:24,919 - INFO - Database output                 	false

2024-08-08 22:29:24,920 - INFO - Threads                         	32

2024-08-08 22:29:24,920 - INFO - Compressed                      	0

2024-08-08 22:29:24,920 - INFO - Verbosity                       	3

2024-08-08 22:29:24,920 - INFO - 

2024-08-08 22:29:24,920 - INFO - Time for merging to vfdb_results.tsv: 0h 0m 0s 24ms

2024-08-08 22:29:24,920 - INFO - Time for processing: 0h 0m 0s 90ms

2024-08-08 22:29:24,940 - INFO - Post Processing Output.
2024-08-08 22:29:25,275 - INFO - Converting gff to genbank.
2024-08-08 22:29:25,282 - WARNING - /gpfs/gsfs12/users/yangy34/softwares/mambaforge/envs/pharokka-env/lib/python3.10/site-packages/Bio/SeqIO/InsdcIO.py:728: BiopythonWarning: Increasing length of locus line to allow long name. This will result in fields that are not in usual positions.
  warnings.warn(

2024-08-08 22:29:25,299 - INFO - Finding the closest match for each contig in INPHARED using mash.
2024-08-08 22:29:25,318 - INFO - Sketching GCA_015343595.1_53_phages/GCA_015343595.1_683_1_1073_prophage.fasta...

2024-08-08 22:29:25,333 - INFO - Writing to phage_pharokka/GCA_015343595.1_683|1-1073/input_mash_sketch.msh...

2024-08-08 22:29:26,886 - INFO - pharokka has finished
2024-08-08 22:29:26,886 - INFO - Elapsed time: 148.83 seconds
2024-08-08 22:29:26,886 - INFO - If you use pharokka in your research, please cite:
2024-08-08 22:29:26,886 - INFO - George Bouras, Roshan Nepal, Ghais Houtak, Alkis James Psaltis, Peter-John Wormald, Sarah Vreugde.
2024-08-08 22:29:26,886 - INFO - Pharokka: a fast scalable bacteriophage annotation tool.
2024-08-08 22:29:26,886 - INFO - Bioinformatics, Volume 39, Issue 1, January 2023, btac776.
2024-08-08 22:29:26,886 - INFO - https://doi.org/10.1093/bioinformatics/btac776.
2024-08-08 22:29:26,886 - INFO - You should also cite the full list of tools pharokka uses, which can be found at https://github.com/gbouras13/pharokka#citation.
