2024-08-08 21:55:12,614 - INFO - Starting pharokka v1.3.2
2024-08-08 21:55:12,614 - INFO - Input args: Namespace(infile='GCA_015343595.1_53_phages/GCA_015343595.1_1142_2_4721_prophage.fasta', outdir='phage_pharokka/GCA_015343595.1_1142|2-4721', database='/data/yangy34/database/pharokka', threads='32', force=False, prefix='Default', locustag='Default', gene_predictor='phanotate', meta=False, split=False, coding_table='11', evalue='1E-05', terminase=False, terminase_strand='nothing', terminase_start='nothing', citation=False)
2024-08-08 21:55:12,615 - INFO - Checking database installation.
2024-08-08 21:55:12,642 - INFO - All databases have been successfully checked.
2024-08-08 21:55:12,642 - INFO - Checking dependencies.
2024-08-08 21:55:13,597 - INFO - phan_out version found is v1.5.1.
2024-08-08 21:55:13,597 - INFO - Phanotate version is ok.
2024-08-08 21:55:13,662 - INFO - MMseqs2 version found is v13.45111.
2024-08-08 21:55:13,662 - INFO - MMseqs2 version is ok.
2024-08-08 21:55:14,502 - INFO - tRNAscan-SE version found is v2.45111.11.
2024-08-08 21:55:14,502 - INFO - tRNAscan-SE version is ok.
2024-08-08 21:55:15,032 - INFO - MinCED version found is v0.4.2.
2024-08-08 21:55:15,032 - INFO - MinCED version is ok.
2024-08-08 21:55:15,051 - INFO - ARAGORN version found is v1.2.41.
2024-08-08 21:55:15,051 - INFO - ARAGORN version is ok.
2024-08-08 21:55:15,099 - INFO - mash version found is v2.2.
2024-08-08 21:55:15,099 - INFO - mash version is ok.
2024-08-08 21:55:15,315 - INFO - Running Phanotate.
2024-08-08 21:55:18,514 - INFO - Translating gene predicted fastas.
2024-08-08 21:55:18,533 - INFO - Starting tRNA-scanSE
2024-08-08 21:55:18,685 - INFO - 

2024-08-08 21:55:18,685 - INFO - tRNAscan-SE v.2.0.11 (Oct 2022) - scan sequences for transfer RNAs

2024-08-08 21:55:18,685 - INFO - Copyright (C) 2022 Patricia Chan and Todd Lowe

2024-08-08 21:55:18,686 - INFO -                    University of California Santa Cruz

2024-08-08 21:55:18,686 - INFO - Freely distributed under the GNU General Public License (GPLv3)

2024-08-08 21:55:18,686 - INFO - 

2024-08-08 21:55:18,686 - INFO - ------------------------------------------------------------

2024-08-08 21:55:18,686 - INFO - Sequence file(s) to search:        GCA_015343595.1_53_phages/GCA_015343595.1_1142_2_4721_prophage.fasta

2024-08-08 21:55:18,686 - INFO - Search Mode:                       General

2024-08-08 21:55:18,686 - INFO - Results written to:                Standard output

2024-08-08 21:55:18,686 - INFO - Output format:                     Tabular

2024-08-08 21:55:18,688 - INFO - Searching with:                    Infernal single-pass scan

2024-08-08 21:55:18,689 - INFO -                                    Fast mode

2024-08-08 21:55:18,689 - INFO - Covariance model:                  /gpfs/gsfs12/users/yangy34/softwares/mambaforge/envs/pharokka-env/lib/tRNAscan-SE/models/TRNAinf.cm

2024-08-08 21:55:18,689 - INFO - 

2024-08-08 21:55:18,689 - INFO - Temporary directory:               /tmp

2024-08-08 21:55:18,689 - INFO - tRNA predictions saved to:         phage_pharokka/GCA_015343595.1_1142|2-4721/trnascan_out.gff

2024-08-08 21:55:18,690 - INFO - ------------------------------------------------------------

2024-08-08 21:55:18,690 - INFO - 

2024-08-08 21:55:18,809 - INFO - No tRNAs found.

2024-08-08 21:55:18,810 - INFO - 

2024-08-08 21:55:18,825 - INFO - Running MinCED.
2024-08-08 21:55:19,045 - INFO - Running Aragorn.
2024-08-08 21:55:19,049 - INFO - Starting MMseqs2.
2024-08-08 21:55:19,049 - INFO - Running MMseqs2 on PHROGs Database.
2024-08-08 21:55:19,168 - INFO - createdb phage_pharokka/GCA_015343595.1_1142|2-4721/phanotate_aas_tmp.fasta phage_pharokka/GCA_015343595.1_1142|2-4721/target_dir/target_seqs 

2024-08-08 21:55:19,168 - INFO - 

2024-08-08 21:55:19,168 - INFO - MMseqs Version:       	13.45111

2024-08-08 21:55:19,168 - INFO - Database type         	0

2024-08-08 21:55:19,168 - INFO - Shuffle input database	true

2024-08-08 21:55:19,169 - INFO - Createdb mode         	0

2024-08-08 21:55:19,169 - INFO - Write lookup file     	1

2024-08-08 21:55:19,169 - INFO - Offset of numeric ids 	0

2024-08-08 21:55:19,169 - INFO - Compressed            	0

2024-08-08 21:55:19,170 - INFO - Verbosity             	3

2024-08-08 21:55:19,170 - INFO - 

2024-08-08 21:55:19,170 - INFO - Converting sequences

2024-08-08 21:55:19,170 - INFO - [

2024-08-08 21:55:19,170 - INFO - Time for merging to target_seqs_h: 0h 0m 0s 23ms

2024-08-08 21:55:19,170 - INFO - Time for merging to target_seqs: 0h 0m 0s 23ms

2024-08-08 21:55:19,170 - INFO - Database type: Aminoacid

2024-08-08 21:55:19,170 - INFO - Time for processing: 0h 0m 0s 109ms

2024-08-08 21:55:19,179 - INFO - Create directory phage_pharokka/GCA_015343595.1_1142|2-4721/tmp_dir/

2024-08-08 21:55:19,179 - INFO - search -e 1E-05 /data/yangy34/database/pharokka/phrogs_profile_db phage_pharokka/GCA_015343595.1_1142|2-4721/target_dir/target_seqs phage_pharokka/GCA_015343595.1_1142|2-4721/mmseqs/results_mmseqs phage_pharokka/GCA_015343595.1_1142|2-4721/tmp_dir/ -s 8.5 --threads 32 

2024-08-08 21:55:19,179 - INFO - 

2024-08-08 21:55:19,179 - INFO - MMseqs Version:                        	13.45111

2024-08-08 21:55:19,179 - INFO - Substitution matrix                    	nucl:nucleotide.out,aa:blosum62.out

2024-08-08 21:55:19,179 - INFO - Add backtrace                          	false

2024-08-08 21:55:19,179 - INFO - Alignment mode                         	2

2024-08-08 21:55:19,179 - INFO - Alignment mode                         	0

2024-08-08 21:55:19,179 - INFO - Allow wrapped scoring                  	false

2024-08-08 21:55:19,179 - INFO - E-value threshold                      	1e-05

2024-08-08 21:55:19,179 - INFO - Seq. id. threshold                     	0

2024-08-08 21:55:19,179 - INFO - Min alignment length                   	0

2024-08-08 21:55:19,179 - INFO - Seq. id. mode                          	0

2024-08-08 21:55:19,179 - INFO - Alternative alignments                 	0

2024-08-08 21:55:19,180 - INFO - Coverage threshold                     	0

2024-08-08 21:55:19,180 - INFO - Coverage mode                          	0

2024-08-08 21:55:19,180 - INFO - Max sequence length                    	65535

2024-08-08 21:55:19,180 - INFO - Compositional bias                     	1

2024-08-08 21:55:19,180 - INFO - Max reject                             	2147483647

2024-08-08 21:55:19,180 - INFO - Max accept                             	2147483647

2024-08-08 21:55:19,180 - INFO - Include identical seq. id.             	false

2024-08-08 21:55:19,180 - INFO - Preload mode                           	0

2024-08-08 21:55:19,180 - INFO - Pseudo count a                         	1

2024-08-08 21:55:19,180 - INFO - Pseudo count b                         	1.5

2024-08-08 21:55:19,180 - INFO - Score bias                             	0

2024-08-08 21:55:19,180 - INFO - Realign hits                           	false

2024-08-08 21:55:19,180 - INFO - Realign score bias                     	-0.2

2024-08-08 21:55:19,180 - INFO - Realign max seqs                       	2147483647

2024-08-08 21:55:19,180 - INFO - Gap open cost                          	nucl:5,aa:11

2024-08-08 21:55:19,180 - INFO - Gap extension cost                     	nucl:2,aa:1

2024-08-08 21:55:19,180 - INFO - Zdrop                                  	40

2024-08-08 21:55:19,180 - INFO - Threads                                	32

2024-08-08 21:55:19,180 - INFO - Compressed                             	0

2024-08-08 21:55:19,180 - INFO - Verbosity                              	3

2024-08-08 21:55:19,180 - INFO - Seed substitution matrix               	nucl:nucleotide.out,aa:VTML80.out

2024-08-08 21:55:19,180 - INFO - Sensitivity                            	8.5

2024-08-08 21:55:19,180 - INFO - k-mer length                           	0

2024-08-08 21:55:19,180 - INFO - k-score                                	2147483647

2024-08-08 21:55:19,181 - INFO - Alphabet size                          	nucl:5,aa:21

2024-08-08 21:55:19,181 - INFO - Max results per query                  	300

2024-08-08 21:55:19,181 - INFO - Split database                         	0

2024-08-08 21:55:19,181 - INFO - Split mode                             	2

2024-08-08 21:55:19,181 - INFO - Split memory limit                     	0

2024-08-08 21:55:19,181 - INFO - Diagonal scoring                       	true

2024-08-08 21:55:19,181 - INFO - Exact k-mer matching                   	0

2024-08-08 21:55:19,181 - INFO - Mask residues                          	1

2024-08-08 21:55:19,181 - INFO - Mask lower case residues               	0

2024-08-08 21:55:19,181 - INFO - Minimum diagonal score                 	15

2024-08-08 21:55:19,181 - INFO - Spaced k-mers                          	1

2024-08-08 21:55:19,181 - INFO - Spaced k-mer pattern                   	

2024-08-08 21:55:19,181 - INFO - Local temporary path                   	

2024-08-08 21:55:19,181 - INFO - Rescore mode                           	0

2024-08-08 21:55:19,181 - INFO - Remove hits by seq. id. and coverage   	false

2024-08-08 21:55:19,181 - INFO - Sort results                           	0

2024-08-08 21:55:19,181 - INFO - Mask profile                           	1

2024-08-08 21:55:19,181 - INFO - Profile E-value threshold              	0.1

2024-08-08 21:55:19,181 - INFO - Global sequence weighting              	false

2024-08-08 21:55:19,181 - INFO - Allow deletions                        	false

2024-08-08 21:55:19,181 - INFO - Filter MSA                             	1

2024-08-08 21:55:19,181 - INFO - Maximum seq. id. threshold             	0.9

2024-08-08 21:55:19,181 - INFO - Minimum seq. id.                       	0

2024-08-08 21:55:19,181 - INFO - Minimum score per column               	-20

2024-08-08 21:55:19,182 - INFO - Minimum coverage                       	0

2024-08-08 21:55:19,182 - INFO - Select N most diverse seqs             	1000

2024-08-08 21:55:19,182 - INFO - Min codons in orf                      	30

2024-08-08 21:55:19,182 - INFO - Max codons in length                   	32734

2024-08-08 21:55:19,182 - INFO - Max orf gaps                           	2147483647

2024-08-08 21:55:19,182 - INFO - Contig start mode                      	2

2024-08-08 21:55:19,182 - INFO - Contig end mode                        	2

2024-08-08 21:55:19,182 - INFO - Orf start mode                         	1

2024-08-08 21:55:19,182 - INFO - Forward frames                         	1,2,3

2024-08-08 21:55:19,182 - INFO - Reverse frames                         	1,2,3

2024-08-08 21:55:19,182 - INFO - Translation table                      	1

2024-08-08 21:55:19,182 - INFO - Translate orf                          	0

2024-08-08 21:55:19,182 - INFO - Use all table starts                   	false

2024-08-08 21:55:19,182 - INFO - Offset of numeric ids                  	0

2024-08-08 21:55:19,182 - INFO - Create lookup                          	0

2024-08-08 21:55:19,182 - INFO - Add orf stop                           	false

2024-08-08 21:55:19,182 - INFO - Overlap between sequences              	0

2024-08-08 21:55:19,182 - INFO - Sequence split mode                    	1

2024-08-08 21:55:19,182 - INFO - Header split mode                      	0

2024-08-08 21:55:19,182 - INFO - Chain overlapping alignments           	0

2024-08-08 21:55:19,182 - INFO - Merge query                            	1

2024-08-08 21:55:19,182 - INFO - Search type                            	0

2024-08-08 21:55:19,182 - INFO - Search iterations                      	1

2024-08-08 21:55:19,182 - INFO - Start sensitivity                      	4

2024-08-08 21:55:19,183 - INFO - Search steps                           	1

2024-08-08 21:55:19,183 - INFO - Exhaustive search mode                 	false

2024-08-08 21:55:19,183 - INFO - Filter results during exhaustive search	0

2024-08-08 21:55:19,183 - INFO - Strand selection                       	1

2024-08-08 21:55:19,183 - INFO - LCA search mode                        	false

2024-08-08 21:55:19,183 - INFO - Disk space limit                       	0

2024-08-08 21:55:19,183 - INFO - MPI runner                             	

2024-08-08 21:55:19,183 - INFO - Force restart with latest tmp          	false

2024-08-08 21:55:19,183 - INFO - Remove temporary files                 	false

2024-08-08 21:55:19,183 - INFO - 

2024-08-08 21:55:19,349 - INFO - prefilter /data/yangy34/database/pharokka/phrogs_profile_db phage_pharokka/GCA_015343595.1_1142|2-4721/target_dir/target_seqs phage_pharokka/GCA_015343595.1_1142|2-4721/tmp_dir//17051169117107817265/pref_0 --sub-mat nucl:nucleotide.out,aa:blosum62.out --seed-sub-mat nucl:nucleotide.out,aa:VTML80.out -k 0 --k-score 2147483647 --alph-size nucl:5,aa:21 --max-seq-len 65535 --max-seqs 300 --split 0 --split-mode 2 --split-memory-limit 0 -c 0 --cov-mode 0 --comp-bias-corr 1 --diag-score 1 --exact-kmer-matching 0 --mask 1 --mask-lower-case 0 --min-ungapped-score 15 --add-self-matches 0 --spaced-kmer-mode 1 --db-load-mode 0 --pca 1 --pcb 1.5 --threads 32 --compressed 0 -v 3 -s 8.5 

2024-08-08 21:55:19,349 - INFO - 

2024-08-08 21:55:19,349 - INFO - Query database size: 38880 type: Profile

2024-08-08 21:55:19,349 - INFO - Estimated memory consumption: 488M

2024-08-08 21:55:19,349 - INFO - Target database size: 6 type: Aminoacid

2024-08-08 21:55:19,349 - INFO - Index table k-mer threshold: 0 at k-mer size 6 

2024-08-08 21:55:19,349 - INFO - Index table: counting k-mers

2024-08-08 21:55:19,486 - INFO - [=================================================================] 6 0s 2ms

2024-08-08 21:55:19,486 - INFO - Index table: Masked residues: 0

2024-08-08 21:55:19,486 - INFO - Index table: fill

2024-08-08 21:55:20,649 - INFO - [=================================================================] 6 0s 2ms

2024-08-08 21:55:20,649 - INFO - Index statistics

2024-08-08 21:55:20,650 - INFO - Entries:          1518

2024-08-08 21:55:20,650 - INFO - DB size:          488 MB

2024-08-08 21:55:20,650 - INFO - Avg k-mer size:   0.000024

2024-08-08 21:55:20,650 - INFO - Top 10 k-mers

2024-08-08 21:55:20,650 - INFO -     VSIGAA	1

2024-08-08 21:55:20,650 - INFO -     LPGVAA	1

2024-08-08 21:55:20,650 - INFO -     HYNLCA	1

2024-08-08 21:55:20,650 - INFO -     TLRRCA	1

2024-08-08 21:55:20,650 - INFO -     DSDADA	1

2024-08-08 21:55:20,650 - INFO -     KPSADA	1

2024-08-08 21:55:20,650 - INFO -     NSRCEA	1

2024-08-08 21:55:20,651 - INFO -     ISSDEA	1

2024-08-08 21:55:20,651 - INFO -     IFKIEA	1

2024-08-08 21:55:20,651 - INFO -     DKLREA	1

2024-08-08 21:55:20,651 - INFO - Time for index table init: 0h 0m 0s 429ms

2024-08-08 21:55:20,651 - INFO - Process prefiltering step 1 of 1

2024-08-08 21:55:20,651 - INFO - 

2024-08-08 21:55:20,651 - INFO - k-mer similarity threshold: 81

2024-08-08 21:55:20,651 - INFO - Starting prefiltering scores calculation (step 1 of 1)

2024-08-08 21:55:20,651 - INFO - Query db start 1 to 38880

2024-08-08 21:55:20,651 - INFO - Target db start 1 to 6

2024-08-08 21:56:26,588 - INFO - [=================================================================] 38.88K 1m 6s 736ms

2024-08-08 21:56:26,588 - INFO - 

2024-08-08 21:56:26,588 - INFO - 5386.328443 k-mers per position

2024-08-08 21:56:26,588 - INFO - 21 DB matches per sequence

2024-08-08 21:56:26,588 - INFO - 0 overflows

2024-08-08 21:56:26,588 - INFO - 0 queries produce too many hits (truncated result)

2024-08-08 21:56:26,588 - INFO - 0 sequences passed prefiltering per query sequence

2024-08-08 21:56:26,589 - INFO - 0 median result list length

2024-08-08 21:56:26,589 - INFO - 25426 sequences with 0 size result lists

2024-08-08 21:56:26,589 - INFO - Time for merging to pref_0: 0h 0m 0s 25ms

2024-08-08 21:56:26,589 - INFO - Time for processing: 0h 1m 7s 400ms

2024-08-08 21:56:26,716 - INFO - align /data/yangy34/database/pharokka/phrogs_profile_db phage_pharokka/GCA_015343595.1_1142|2-4721/target_dir/target_seqs phage_pharokka/GCA_015343595.1_1142|2-4721/tmp_dir//17051169117107817265/pref_0 phage_pharokka/GCA_015343595.1_1142|2-4721/mmseqs/results_mmseqs --sub-mat nucl:nucleotide.out,aa:blosum62.out -a 0 --alignment-mode 2 --alignment-output-mode 0 --wrapped-scoring 0 -e 1e-05 --min-seq-id 0 --min-aln-len 0 --seq-id-mode 0 --alt-ali 0 -c 0 --cov-mode 0 --max-seq-len 65535 --comp-bias-corr 1 --max-rejected 2147483647 --max-accept 2147483647 --add-self-matches 0 --db-load-mode 0 --pca 1 --pcb 1.5 --score-bias 0 --realign 0 --realign-score-bias -0.2 --realign-max-seqs 2147483647 --gap-open nucl:5,aa:11 --gap-extend nucl:2,aa:1 --zdrop 40 --threads 32 --compressed 0 -v 3 

2024-08-08 21:56:26,716 - INFO - 

2024-08-08 21:56:26,716 - INFO - Compute score and coverage

2024-08-08 21:56:26,716 - INFO - Query database size: 38880 type: Profile

2024-08-08 21:56:26,717 - INFO - Target database size: 6 type: Aminoacid

2024-08-08 21:56:26,717 - INFO - Calculation of alignments

2024-08-08 21:56:27,100 - INFO - [=================================================================] 38.88K 0s 378ms

2024-08-08 21:56:27,101 - INFO - Time for merging to results_mmseqs: 0h 0m 0s 20ms

2024-08-08 21:56:27,101 - INFO - 18287 alignments calculated

2024-08-08 21:56:27,101 - INFO - 0 sequence pairs passed the thresholds (0.000000 of overall calculated)

2024-08-08 21:56:27,101 - INFO - 0.000000 hits per query sequence

2024-08-08 21:56:27,101 - INFO - Time for processing: 0h 0m 0s 504ms

2024-08-08 21:56:27,257 - INFO - createtsv /data/yangy34/database/pharokka/phrogs_profile_db phage_pharokka/GCA_015343595.1_1142|2-4721/target_dir/target_seqs phage_pharokka/GCA_015343595.1_1142|2-4721/mmseqs/results_mmseqs phage_pharokka/GCA_015343595.1_1142|2-4721/mmseqs_results.tsv --full-header --threads 32 

2024-08-08 21:56:27,257 - INFO - 

2024-08-08 21:56:27,257 - INFO - MMseqs Version:                 	13.45111

2024-08-08 21:56:27,257 - INFO - First sequence as representative	false

2024-08-08 21:56:27,257 - INFO - Target column                   	1

2024-08-08 21:56:27,257 - INFO - Add full header                 	true

2024-08-08 21:56:27,257 - INFO - Sequence source                 	0

2024-08-08 21:56:27,257 - INFO - Database output                 	false

2024-08-08 21:56:27,257 - INFO - Threads                         	32

2024-08-08 21:56:27,257 - INFO - Compressed                      	0

2024-08-08 21:56:27,257 - INFO - Verbosity                       	3

2024-08-08 21:56:27,257 - INFO - 

2024-08-08 21:56:27,257 - INFO - Time for merging to mmseqs_results.tsv: 0h 0m 0s 30ms

2024-08-08 21:56:27,257 - INFO - Time for processing: 0h 0m 0s 146ms

2024-08-08 21:56:27,278 - INFO - Running mmseqs2 on CARD.
2024-08-08 21:56:27,341 - INFO - createdb phage_pharokka/GCA_015343595.1_1142|2-4721/phanotate_aas_tmp.fasta phage_pharokka/GCA_015343595.1_1142|2-4721/CARD_target_dir/target_seqs 

2024-08-08 21:56:27,341 - INFO - 

2024-08-08 21:56:27,341 - INFO - MMseqs Version:       	13.45111

2024-08-08 21:56:27,341 - INFO - Database type         	0

2024-08-08 21:56:27,341 - INFO - Shuffle input database	true

2024-08-08 21:56:27,341 - INFO - Createdb mode         	0

2024-08-08 21:56:27,342 - INFO - Write lookup file     	1

2024-08-08 21:56:27,342 - INFO - Offset of numeric ids 	0

2024-08-08 21:56:27,342 - INFO - Compressed            	0

2024-08-08 21:56:27,342 - INFO - Verbosity             	3

2024-08-08 21:56:27,342 - INFO - 

2024-08-08 21:56:27,342 - INFO - Converting sequences

2024-08-08 21:56:27,342 - INFO - [

2024-08-08 21:56:27,342 - INFO - Time for merging to target_seqs_h: 0h 0m 0s 8ms

2024-08-08 21:56:27,342 - INFO - Time for merging to target_seqs: 0h 0m 0s 19ms

2024-08-08 21:56:27,342 - INFO - Database type: Aminoacid

2024-08-08 21:56:27,342 - INFO - Time for processing: 0h 0m 0s 58ms

2024-08-08 21:56:27,355 - INFO - Create directory phage_pharokka/GCA_015343595.1_1142|2-4721/CARD_tmp_dir/

2024-08-08 21:56:27,355 - INFO - search --min-seq-id 0.8 -c 0.4 /data/yangy34/database/pharokka/CARD phage_pharokka/GCA_015343595.1_1142|2-4721/CARD_target_dir/target_seqs phage_pharokka/GCA_015343595.1_1142|2-4721/CARD/results_CARD phage_pharokka/GCA_015343595.1_1142|2-4721/CARD_tmp_dir/ -s 8.5 --threads 32 

2024-08-08 21:56:27,355 - INFO - 

2024-08-08 21:56:27,355 - INFO - MMseqs Version:                        	13.45111

2024-08-08 21:56:27,355 - INFO - Substitution matrix                    	nucl:nucleotide.out,aa:blosum62.out

2024-08-08 21:56:27,355 - INFO - Add backtrace                          	false

2024-08-08 21:56:27,355 - INFO - Alignment mode                         	2

2024-08-08 21:56:27,355 - INFO - Alignment mode                         	0

2024-08-08 21:56:27,355 - INFO - Allow wrapped scoring                  	false

2024-08-08 21:56:27,355 - INFO - E-value threshold                      	0.001

2024-08-08 21:56:27,355 - INFO - Seq. id. threshold                     	0.8

2024-08-08 21:56:27,355 - INFO - Min alignment length                   	0

2024-08-08 21:56:27,355 - INFO - Seq. id. mode                          	0

2024-08-08 21:56:27,356 - INFO - Alternative alignments                 	0

2024-08-08 21:56:27,356 - INFO - Coverage threshold                     	0.4

2024-08-08 21:56:27,356 - INFO - Coverage mode                          	0

2024-08-08 21:56:27,356 - INFO - Max sequence length                    	65535

2024-08-08 21:56:27,356 - INFO - Compositional bias                     	1

2024-08-08 21:56:27,356 - INFO - Max reject                             	2147483647

2024-08-08 21:56:27,356 - INFO - Max accept                             	2147483647

2024-08-08 21:56:27,356 - INFO - Include identical seq. id.             	false

2024-08-08 21:56:27,356 - INFO - Preload mode                           	0

2024-08-08 21:56:27,356 - INFO - Pseudo count a                         	1

2024-08-08 21:56:27,356 - INFO - Pseudo count b                         	1.5

2024-08-08 21:56:27,356 - INFO - Score bias                             	0

2024-08-08 21:56:27,356 - INFO - Realign hits                           	false

2024-08-08 21:56:27,356 - INFO - Realign score bias                     	-0.2

2024-08-08 21:56:27,356 - INFO - Realign max seqs                       	2147483647

2024-08-08 21:56:27,356 - INFO - Gap open cost                          	nucl:5,aa:11

2024-08-08 21:56:27,356 - INFO - Gap extension cost                     	nucl:2,aa:1

2024-08-08 21:56:27,356 - INFO - Zdrop                                  	40

2024-08-08 21:56:27,356 - INFO - Threads                                	32

2024-08-08 21:56:27,356 - INFO - Compressed                             	0

2024-08-08 21:56:27,356 - INFO - Verbosity                              	3

2024-08-08 21:56:27,356 - INFO - Seed substitution matrix               	nucl:nucleotide.out,aa:VTML80.out

2024-08-08 21:56:27,356 - INFO - Sensitivity                            	8.5

2024-08-08 21:56:27,356 - INFO - k-mer length                           	0

2024-08-08 21:56:27,357 - INFO - k-score                                	2147483647

2024-08-08 21:56:27,357 - INFO - Alphabet size                          	nucl:5,aa:21

2024-08-08 21:56:27,357 - INFO - Max results per query                  	300

2024-08-08 21:56:27,357 - INFO - Split database                         	0

2024-08-08 21:56:27,357 - INFO - Split mode                             	2

2024-08-08 21:56:27,357 - INFO - Split memory limit                     	0

2024-08-08 21:56:27,357 - INFO - Diagonal scoring                       	true

2024-08-08 21:56:27,357 - INFO - Exact k-mer matching                   	0

2024-08-08 21:56:27,357 - INFO - Mask residues                          	1

2024-08-08 21:56:27,357 - INFO - Mask lower case residues               	0

2024-08-08 21:56:27,357 - INFO - Minimum diagonal score                 	15

2024-08-08 21:56:27,357 - INFO - Spaced k-mers                          	1

2024-08-08 21:56:27,357 - INFO - Spaced k-mer pattern                   	

2024-08-08 21:56:27,357 - INFO - Local temporary path                   	

2024-08-08 21:56:27,357 - INFO - Rescore mode                           	0

2024-08-08 21:56:27,357 - INFO - Remove hits by seq. id. and coverage   	false

2024-08-08 21:56:27,357 - INFO - Sort results                           	0

2024-08-08 21:56:27,357 - INFO - Mask profile                           	1

2024-08-08 21:56:27,357 - INFO - Profile E-value threshold              	0.1

2024-08-08 21:56:27,357 - INFO - Global sequence weighting              	false

2024-08-08 21:56:27,357 - INFO - Allow deletions                        	false

2024-08-08 21:56:27,357 - INFO - Filter MSA                             	1

2024-08-08 21:56:27,357 - INFO - Maximum seq. id. threshold             	0.9

2024-08-08 21:56:27,357 - INFO - Minimum seq. id.                       	0

2024-08-08 21:56:27,358 - INFO - Minimum score per column               	-20

2024-08-08 21:56:27,358 - INFO - Minimum coverage                       	0

2024-08-08 21:56:27,358 - INFO - Select N most diverse seqs             	1000

2024-08-08 21:56:27,358 - INFO - Min codons in orf                      	30

2024-08-08 21:56:27,358 - INFO - Max codons in length                   	32734

2024-08-08 21:56:27,358 - INFO - Max orf gaps                           	2147483647

2024-08-08 21:56:27,358 - INFO - Contig start mode                      	2

2024-08-08 21:56:27,358 - INFO - Contig end mode                        	2

2024-08-08 21:56:27,358 - INFO - Orf start mode                         	1

2024-08-08 21:56:27,358 - INFO - Forward frames                         	1,2,3

2024-08-08 21:56:27,358 - INFO - Reverse frames                         	1,2,3

2024-08-08 21:56:27,358 - INFO - Translation table                      	1

2024-08-08 21:56:27,358 - INFO - Translate orf                          	0

2024-08-08 21:56:27,358 - INFO - Use all table starts                   	false

2024-08-08 21:56:27,358 - INFO - Offset of numeric ids                  	0

2024-08-08 21:56:27,358 - INFO - Create lookup                          	0

2024-08-08 21:56:27,358 - INFO - Add orf stop                           	false

2024-08-08 21:56:27,358 - INFO - Overlap between sequences              	0

2024-08-08 21:56:27,358 - INFO - Sequence split mode                    	1

2024-08-08 21:56:27,358 - INFO - Header split mode                      	0

2024-08-08 21:56:27,358 - INFO - Chain overlapping alignments           	0

2024-08-08 21:56:27,358 - INFO - Merge query                            	1

2024-08-08 21:56:27,358 - INFO - Search type                            	0

2024-08-08 21:56:27,358 - INFO - Search iterations                      	1

2024-08-08 21:56:27,359 - INFO - Start sensitivity                      	4

2024-08-08 21:56:27,359 - INFO - Search steps                           	1

2024-08-08 21:56:27,359 - INFO - Exhaustive search mode                 	false

2024-08-08 21:56:27,359 - INFO - Filter results during exhaustive search	0

2024-08-08 21:56:27,359 - INFO - Strand selection                       	1

2024-08-08 21:56:27,359 - INFO - LCA search mode                        	false

2024-08-08 21:56:27,359 - INFO - Disk space limit                       	0

2024-08-08 21:56:27,359 - INFO - MPI runner                             	

2024-08-08 21:56:27,359 - INFO - Force restart with latest tmp          	false

2024-08-08 21:56:27,359 - INFO - Remove temporary files                 	false

2024-08-08 21:56:27,359 - INFO - 

2024-08-08 21:56:27,517 - INFO - prefilter /data/yangy34/database/pharokka/CARD phage_pharokka/GCA_015343595.1_1142|2-4721/CARD_target_dir/target_seqs phage_pharokka/GCA_015343595.1_1142|2-4721/CARD_tmp_dir//10299255938397838609/pref_0 --sub-mat nucl:nucleotide.out,aa:blosum62.out --seed-sub-mat nucl:nucleotide.out,aa:VTML80.out -k 0 --k-score 2147483647 --alph-size nucl:5,aa:21 --max-seq-len 65535 --max-seqs 300 --split 0 --split-mode 2 --split-memory-limit 0 -c 0.4 --cov-mode 0 --comp-bias-corr 1 --diag-score 1 --exact-kmer-matching 0 --mask 1 --mask-lower-case 0 --min-ungapped-score 15 --add-self-matches 0 --spaced-kmer-mode 1 --db-load-mode 0 --pca 1 --pcb 1.5 --threads 32 --compressed 0 -v 3 -s 8.5 

2024-08-08 21:56:27,517 - INFO - 

2024-08-08 21:56:27,517 - INFO - Query database size: 4641 type: Aminoacid

2024-08-08 21:56:27,517 - INFO - Estimated memory consumption: 977M

2024-08-08 21:56:27,517 - INFO - Target database size: 6 type: Aminoacid

2024-08-08 21:56:27,517 - INFO - Index table k-mer threshold: 87 at k-mer size 6 

2024-08-08 21:56:27,517 - INFO - Index table: counting k-mers

2024-08-08 21:56:27,657 - INFO - [=================================================================] 6 0s 7ms

2024-08-08 21:56:27,657 - INFO - Index table: Masked residues: 0

2024-08-08 21:56:27,657 - INFO - Index table: fill

2024-08-08 21:56:28,152 - INFO - [=================================================================] 6 0s 2ms

2024-08-08 21:56:28,152 - INFO - Index statistics

2024-08-08 21:56:28,152 - INFO - Entries:          1518

2024-08-08 21:56:28,152 - INFO - DB size:          488 MB

2024-08-08 21:56:28,153 - INFO - Avg k-mer size:   0.000024

2024-08-08 21:56:28,153 - INFO - Top 10 k-mers

2024-08-08 21:56:28,153 - INFO -     VSIGAA	1

2024-08-08 21:56:28,153 - INFO -     LPGVAA	1

2024-08-08 21:56:28,153 - INFO -     HYNLCA	1

2024-08-08 21:56:28,153 - INFO -     TLRRCA	1

2024-08-08 21:56:28,153 - INFO -     DSDADA	1

2024-08-08 21:56:28,153 - INFO -     KPSADA	1

2024-08-08 21:56:28,153 - INFO -     NSRCEA	1

2024-08-08 21:56:28,153 - INFO -     ISSDEA	1

2024-08-08 21:56:28,153 - INFO -     IFKIEA	1

2024-08-08 21:56:28,153 - INFO -     DKLREA	1

2024-08-08 21:56:28,153 - INFO - Time for index table init: 0h 0m 0s 438ms

2024-08-08 21:56:28,153 - INFO - Process prefiltering step 1 of 1

2024-08-08 21:56:28,153 - INFO - 

2024-08-08 21:56:28,154 - INFO - k-mer similarity threshold: 87

2024-08-08 21:56:28,154 - INFO - Starting prefiltering scores calculation (step 1 of 1)

2024-08-08 21:56:28,154 - INFO - Query db start 1 to 4641

2024-08-08 21:56:28,154 - INFO - Target db start 1 to 6

2024-08-08 21:56:36,992 - INFO - [=================================================================] 4.64K 8s 924ms

2024-08-08 21:56:36,992 - INFO - 

2024-08-08 21:56:36,992 - INFO - 3883.681631 k-mers per position

2024-08-08 21:56:36,992 - INFO - 29 DB matches per sequence

2024-08-08 21:56:36,992 - INFO - 0 overflows

2024-08-08 21:56:36,992 - INFO - 0 queries produce too many hits (truncated result)

2024-08-08 21:56:36,992 - INFO - 0 sequences passed prefiltering per query sequence

2024-08-08 21:56:36,993 - INFO - 1 median result list length

2024-08-08 21:56:36,993 - INFO - 2070 sequences with 0 size result lists

2024-08-08 21:56:36,993 - INFO - Time for merging to pref_0: 0h 0m 0s 9ms

2024-08-08 21:56:36,993 - INFO - Time for processing: 0h 0m 9s 627ms

2024-08-08 21:56:37,021 - INFO - align /data/yangy34/database/pharokka/CARD phage_pharokka/GCA_015343595.1_1142|2-4721/CARD_target_dir/target_seqs phage_pharokka/GCA_015343595.1_1142|2-4721/CARD_tmp_dir//10299255938397838609/pref_0 phage_pharokka/GCA_015343595.1_1142|2-4721/CARD/results_CARD --sub-mat nucl:nucleotide.out,aa:blosum62.out -a 0 --alignment-mode 2 --alignment-output-mode 0 --wrapped-scoring 0 -e 0.001 --min-seq-id 0.8 --min-aln-len 0 --seq-id-mode 0 --alt-ali 0 -c 0.4 --cov-mode 0 --max-seq-len 65535 --comp-bias-corr 1 --max-rejected 2147483647 --max-accept 2147483647 --add-self-matches 0 --db-load-mode 0 --pca 1 --pcb 1.5 --score-bias 0 --realign 0 --realign-score-bias -0.2 --realign-max-seqs 2147483647 --gap-open nucl:5,aa:11 --gap-extend nucl:2,aa:1 --zdrop 40 --threads 32 --compressed 0 -v 3 

2024-08-08 21:56:37,021 - INFO - 

2024-08-08 21:56:37,021 - INFO - Compute score and coverage

2024-08-08 21:56:37,021 - INFO - Query database size: 4641 type: Aminoacid

2024-08-08 21:56:37,021 - INFO - Target database size: 6 type: Aminoacid

2024-08-08 21:56:37,021 - INFO - Calculation of alignments

2024-08-08 21:56:37,054 - INFO - [=================================================================] 4.64K 0s 28ms

2024-08-08 21:56:37,055 - INFO - Time for merging to results_CARD: 0h 0m 0s 9ms

2024-08-08 21:56:37,055 - INFO - 2603 alignments calculated

2024-08-08 21:56:37,055 - INFO - 0 sequence pairs passed the thresholds (0.000000 of overall calculated)

2024-08-08 21:56:37,055 - INFO - 0.000000 hits per query sequence

2024-08-08 21:56:37,055 - INFO - Time for processing: 0h 0m 0s 55ms

2024-08-08 21:56:37,157 - INFO - createtsv /data/yangy34/database/pharokka/CARD phage_pharokka/GCA_015343595.1_1142|2-4721/CARD_target_dir/target_seqs phage_pharokka/GCA_015343595.1_1142|2-4721/CARD/results_CARD phage_pharokka/GCA_015343595.1_1142|2-4721/CARD_results.tsv --full-header --threads 32 

2024-08-08 21:56:37,157 - INFO - 

2024-08-08 21:56:37,158 - INFO - MMseqs Version:                 	13.45111

2024-08-08 21:56:37,158 - INFO - First sequence as representative	false

2024-08-08 21:56:37,158 - INFO - Target column                   	1

2024-08-08 21:56:37,158 - INFO - Add full header                 	true

2024-08-08 21:56:37,158 - INFO - Sequence source                 	0

2024-08-08 21:56:37,158 - INFO - Database output                 	false

2024-08-08 21:56:37,158 - INFO - Threads                         	32

2024-08-08 21:56:37,158 - INFO - Compressed                      	0

2024-08-08 21:56:37,158 - INFO - Verbosity                       	3

2024-08-08 21:56:37,158 - INFO - 

2024-08-08 21:56:37,158 - INFO - Time for merging to CARD_results.tsv: 0h 0m 0s 13ms

2024-08-08 21:56:37,158 - INFO - Time for processing: 0h 0m 0s 95ms

2024-08-08 21:56:37,162 - INFO - Running mmseqs2 on vfdb.
2024-08-08 21:56:37,228 - INFO - createdb phage_pharokka/GCA_015343595.1_1142|2-4721/phanotate_aas_tmp.fasta phage_pharokka/GCA_015343595.1_1142|2-4721/vfdb_target_dir/target_seqs 

2024-08-08 21:56:37,228 - INFO - 

2024-08-08 21:56:37,228 - INFO - MMseqs Version:       	13.45111

2024-08-08 21:56:37,228 - INFO - Database type         	0

2024-08-08 21:56:37,228 - INFO - Shuffle input database	true

2024-08-08 21:56:37,228 - INFO - Createdb mode         	0

2024-08-08 21:56:37,228 - INFO - Write lookup file     	1

2024-08-08 21:56:37,228 - INFO - Offset of numeric ids 	0

2024-08-08 21:56:37,228 - INFO - Compressed            	0

2024-08-08 21:56:37,228 - INFO - Verbosity             	3

2024-08-08 21:56:37,228 - INFO - 

2024-08-08 21:56:37,228 - INFO - Converting sequences

2024-08-08 21:56:37,228 - INFO - [

2024-08-08 21:56:37,228 - INFO - Time for merging to target_seqs_h: 0h 0m 0s 7ms

2024-08-08 21:56:37,228 - INFO - Time for merging to target_seqs: 0h 0m 0s 21ms

2024-08-08 21:56:37,228 - INFO - Database type: Aminoacid

2024-08-08 21:56:37,228 - INFO - Time for processing: 0h 0m 0s 60ms

2024-08-08 21:56:37,237 - INFO - Create directory phage_pharokka/GCA_015343595.1_1142|2-4721/vfdb_tmp_dir/

2024-08-08 21:56:37,237 - INFO - search --min-seq-id 0.8 -c 0.4 /data/yangy34/database/pharokka/vfdb phage_pharokka/GCA_015343595.1_1142|2-4721/vfdb_target_dir/target_seqs phage_pharokka/GCA_015343595.1_1142|2-4721/vfdb/results_vfdb phage_pharokka/GCA_015343595.1_1142|2-4721/vfdb_tmp_dir/ -s 8.5 --threads 32 

2024-08-08 21:56:37,237 - INFO - 

2024-08-08 21:56:37,237 - INFO - MMseqs Version:                        	13.45111

2024-08-08 21:56:37,237 - INFO - Substitution matrix                    	nucl:nucleotide.out,aa:blosum62.out

2024-08-08 21:56:37,237 - INFO - Add backtrace                          	false

2024-08-08 21:56:37,237 - INFO - Alignment mode                         	2

2024-08-08 21:56:37,237 - INFO - Alignment mode                         	0

2024-08-08 21:56:37,237 - INFO - Allow wrapped scoring                  	false

2024-08-08 21:56:37,237 - INFO - E-value threshold                      	0.001

2024-08-08 21:56:37,237 - INFO - Seq. id. threshold                     	0.8

2024-08-08 21:56:37,237 - INFO - Min alignment length                   	0

2024-08-08 21:56:37,237 - INFO - Seq. id. mode                          	0

2024-08-08 21:56:37,237 - INFO - Alternative alignments                 	0

2024-08-08 21:56:37,237 - INFO - Coverage threshold                     	0.4

2024-08-08 21:56:37,237 - INFO - Coverage mode                          	0

2024-08-08 21:56:37,237 - INFO - Max sequence length                    	65535

2024-08-08 21:56:37,237 - INFO - Compositional bias                     	1

2024-08-08 21:56:37,237 - INFO - Max reject                             	2147483647

2024-08-08 21:56:37,238 - INFO - Max accept                             	2147483647

2024-08-08 21:56:37,238 - INFO - Include identical seq. id.             	false

2024-08-08 21:56:37,238 - INFO - Preload mode                           	0

2024-08-08 21:56:37,238 - INFO - Pseudo count a                         	1

2024-08-08 21:56:37,238 - INFO - Pseudo count b                         	1.5

2024-08-08 21:56:37,238 - INFO - Score bias                             	0

2024-08-08 21:56:37,238 - INFO - Realign hits                           	false

2024-08-08 21:56:37,238 - INFO - Realign score bias                     	-0.2

2024-08-08 21:56:37,238 - INFO - Realign max seqs                       	2147483647

2024-08-08 21:56:37,238 - INFO - Gap open cost                          	nucl:5,aa:11

2024-08-08 21:56:37,238 - INFO - Gap extension cost                     	nucl:2,aa:1

2024-08-08 21:56:37,238 - INFO - Zdrop                                  	40

2024-08-08 21:56:37,238 - INFO - Threads                                	32

2024-08-08 21:56:37,238 - INFO - Compressed                             	0

2024-08-08 21:56:37,238 - INFO - Verbosity                              	3

2024-08-08 21:56:37,238 - INFO - Seed substitution matrix               	nucl:nucleotide.out,aa:VTML80.out

2024-08-08 21:56:37,238 - INFO - Sensitivity                            	8.5

2024-08-08 21:56:37,238 - INFO - k-mer length                           	0

2024-08-08 21:56:37,238 - INFO - k-score                                	2147483647

2024-08-08 21:56:37,238 - INFO - Alphabet size                          	nucl:5,aa:21

2024-08-08 21:56:37,238 - INFO - Max results per query                  	300

2024-08-08 21:56:37,238 - INFO - Split database                         	0

2024-08-08 21:56:37,238 - INFO - Split mode                             	2

2024-08-08 21:56:37,238 - INFO - Split memory limit                     	0

2024-08-08 21:56:37,239 - INFO - Diagonal scoring                       	true

2024-08-08 21:56:37,239 - INFO - Exact k-mer matching                   	0

2024-08-08 21:56:37,239 - INFO - Mask residues                          	1

2024-08-08 21:56:37,239 - INFO - Mask lower case residues               	0

2024-08-08 21:56:37,239 - INFO - Minimum diagonal score                 	15

2024-08-08 21:56:37,239 - INFO - Spaced k-mers                          	1

2024-08-08 21:56:37,239 - INFO - Spaced k-mer pattern                   	

2024-08-08 21:56:37,239 - INFO - Local temporary path                   	

2024-08-08 21:56:37,239 - INFO - Rescore mode                           	0

2024-08-08 21:56:37,239 - INFO - Remove hits by seq. id. and coverage   	false

2024-08-08 21:56:37,239 - INFO - Sort results                           	0

2024-08-08 21:56:37,239 - INFO - Mask profile                           	1

2024-08-08 21:56:37,239 - INFO - Profile E-value threshold              	0.1

2024-08-08 21:56:37,239 - INFO - Global sequence weighting              	false

2024-08-08 21:56:37,239 - INFO - Allow deletions                        	false

2024-08-08 21:56:37,239 - INFO - Filter MSA                             	1

2024-08-08 21:56:37,239 - INFO - Maximum seq. id. threshold             	0.9

2024-08-08 21:56:37,239 - INFO - Minimum seq. id.                       	0

2024-08-08 21:56:37,239 - INFO - Minimum score per column               	-20

2024-08-08 21:56:37,239 - INFO - Minimum coverage                       	0

2024-08-08 21:56:37,239 - INFO - Select N most diverse seqs             	1000

2024-08-08 21:56:37,239 - INFO - Min codons in orf                      	30

2024-08-08 21:56:37,239 - INFO - Max codons in length                   	32734

2024-08-08 21:56:37,239 - INFO - Max orf gaps                           	2147483647

2024-08-08 21:56:37,240 - INFO - Contig start mode                      	2

2024-08-08 21:56:37,240 - INFO - Contig end mode                        	2

2024-08-08 21:56:37,240 - INFO - Orf start mode                         	1

2024-08-08 21:56:37,240 - INFO - Forward frames                         	1,2,3

2024-08-08 21:56:37,240 - INFO - Reverse frames                         	1,2,3

2024-08-08 21:56:37,240 - INFO - Translation table                      	1

2024-08-08 21:56:37,240 - INFO - Translate orf                          	0

2024-08-08 21:56:37,240 - INFO - Use all table starts                   	false

2024-08-08 21:56:37,240 - INFO - Offset of numeric ids                  	0

2024-08-08 21:56:37,240 - INFO - Create lookup                          	0

2024-08-08 21:56:37,240 - INFO - Add orf stop                           	false

2024-08-08 21:56:37,240 - INFO - Overlap between sequences              	0

2024-08-08 21:56:37,240 - INFO - Sequence split mode                    	1

2024-08-08 21:56:37,240 - INFO - Header split mode                      	0

2024-08-08 21:56:37,240 - INFO - Chain overlapping alignments           	0

2024-08-08 21:56:37,240 - INFO - Merge query                            	1

2024-08-08 21:56:37,240 - INFO - Search type                            	0

2024-08-08 21:56:37,240 - INFO - Search iterations                      	1

2024-08-08 21:56:37,240 - INFO - Start sensitivity                      	4

2024-08-08 21:56:37,240 - INFO - Search steps                           	1

2024-08-08 21:56:37,240 - INFO - Exhaustive search mode                 	false

2024-08-08 21:56:37,240 - INFO - Filter results during exhaustive search	0

2024-08-08 21:56:37,240 - INFO - Strand selection                       	1

2024-08-08 21:56:37,240 - INFO - LCA search mode                        	false

2024-08-08 21:56:37,241 - INFO - Disk space limit                       	0

2024-08-08 21:56:37,241 - INFO - MPI runner                             	

2024-08-08 21:56:37,241 - INFO - Force restart with latest tmp          	false

2024-08-08 21:56:37,241 - INFO - Remove temporary files                 	false

2024-08-08 21:56:37,241 - INFO - 

2024-08-08 21:56:37,442 - INFO - prefilter /data/yangy34/database/pharokka/vfdb phage_pharokka/GCA_015343595.1_1142|2-4721/vfdb_target_dir/target_seqs phage_pharokka/GCA_015343595.1_1142|2-4721/vfdb_tmp_dir//13283136574404668726/pref_0 --sub-mat nucl:nucleotide.out,aa:blosum62.out --seed-sub-mat nucl:nucleotide.out,aa:VTML80.out -k 0 --k-score 2147483647 --alph-size nucl:5,aa:21 --max-seq-len 65535 --max-seqs 300 --split 0 --split-mode 2 --split-memory-limit 0 -c 0.4 --cov-mode 0 --comp-bias-corr 1 --diag-score 1 --exact-kmer-matching 0 --mask 1 --mask-lower-case 0 --min-ungapped-score 15 --add-self-matches 0 --spaced-kmer-mode 1 --db-load-mode 0 --pca 1 --pcb 1.5 --threads 32 --compressed 0 -v 3 -s 8.5 

2024-08-08 21:56:37,442 - INFO - 

2024-08-08 21:56:37,442 - INFO - Query database size: 27504 type: Aminoacid

2024-08-08 21:56:37,442 - INFO - Estimated memory consumption: 977M

2024-08-08 21:56:37,442 - INFO - Target database size: 6 type: Aminoacid

2024-08-08 21:56:37,442 - INFO - Index table k-mer threshold: 87 at k-mer size 6 

2024-08-08 21:56:37,442 - INFO - Index table: counting k-mers

2024-08-08 21:56:37,607 - INFO - [=================================================================] 6 0s 7ms

2024-08-08 21:56:37,607 - INFO - Index table: Masked residues: 0

2024-08-08 21:56:37,607 - INFO - Index table: fill

2024-08-08 21:56:38,929 - INFO - [=================================================================] 6 0s 3ms

2024-08-08 21:56:38,929 - INFO - Index statistics

2024-08-08 21:56:38,929 - INFO - Entries:          1518

2024-08-08 21:56:38,929 - INFO - DB size:          488 MB

2024-08-08 21:56:38,929 - INFO - Avg k-mer size:   0.000024

2024-08-08 21:56:38,929 - INFO - Top 10 k-mers

2024-08-08 21:56:38,929 - INFO -     VSIGAA	1

2024-08-08 21:56:38,929 - INFO -     LPGVAA	1

2024-08-08 21:56:38,929 - INFO -     HYNLCA	1

2024-08-08 21:56:38,929 - INFO -     TLRRCA	1

2024-08-08 21:56:38,930 - INFO -     DSDADA	1

2024-08-08 21:56:38,930 - INFO -     KPSADA	1

2024-08-08 21:56:38,930 - INFO -     NSRCEA	1

2024-08-08 21:56:38,930 - INFO -     ISSDEA	1

2024-08-08 21:56:38,930 - INFO -     IFKIEA	1

2024-08-08 21:56:38,930 - INFO -     DKLREA	1

2024-08-08 21:56:38,930 - INFO - Time for index table init: 0h 0m 0s 485ms

2024-08-08 21:56:38,930 - INFO - Process prefiltering step 1 of 1

2024-08-08 21:56:38,930 - INFO - 

2024-08-08 21:56:38,930 - INFO - k-mer similarity threshold: 87

2024-08-08 21:56:38,930 - INFO - Starting prefiltering scores calculation (step 1 of 1)

2024-08-08 21:56:38,930 - INFO - Query db start 1 to 27504

2024-08-08 21:56:38,930 - INFO - Target db start 1 to 6

2024-08-08 21:57:44,623 - INFO - [=================================================================] 27.50K 1m 6s 207ms

2024-08-08 21:57:44,623 - INFO - 

2024-08-08 21:57:44,623 - INFO - 3159.764157 k-mers per position

2024-08-08 21:57:44,623 - INFO - 39 DB matches per sequence

2024-08-08 21:57:44,623 - INFO - 0 overflows

2024-08-08 21:57:44,623 - INFO - 0 queries produce too many hits (truncated result)

2024-08-08 21:57:44,623 - INFO - 0 sequences passed prefiltering per query sequence

2024-08-08 21:57:44,623 - INFO - 0 median result list length

2024-08-08 21:57:44,624 - INFO - 14309 sequences with 0 size result lists

2024-08-08 21:57:44,624 - INFO - Time for merging to pref_0: 0h 0m 0s 23ms

2024-08-08 21:57:44,624 - INFO - Time for processing: 0h 1m 7s 377ms

2024-08-08 21:57:44,669 - INFO - align /data/yangy34/database/pharokka/vfdb phage_pharokka/GCA_015343595.1_1142|2-4721/vfdb_target_dir/target_seqs phage_pharokka/GCA_015343595.1_1142|2-4721/vfdb_tmp_dir//13283136574404668726/pref_0 phage_pharokka/GCA_015343595.1_1142|2-4721/vfdb/results_vfdb --sub-mat nucl:nucleotide.out,aa:blosum62.out -a 0 --alignment-mode 2 --alignment-output-mode 0 --wrapped-scoring 0 -e 0.001 --min-seq-id 0.8 --min-aln-len 0 --seq-id-mode 0 --alt-ali 0 -c 0.4 --cov-mode 0 --max-seq-len 65535 --comp-bias-corr 1 --max-rejected 2147483647 --max-accept 2147483647 --add-self-matches 0 --db-load-mode 0 --pca 1 --pcb 1.5 --score-bias 0 --realign 0 --realign-score-bias -0.2 --realign-max-seqs 2147483647 --gap-open nucl:5,aa:11 --gap-extend nucl:2,aa:1 --zdrop 40 --threads 32 --compressed 0 -v 3 

2024-08-08 21:57:44,669 - INFO - 

2024-08-08 21:57:44,669 - INFO - Compute score and coverage

2024-08-08 21:57:44,669 - INFO - Query database size: 27504 type: Aminoacid

2024-08-08 21:57:44,669 - INFO - Target database size: 6 type: Aminoacid

2024-08-08 21:57:44,669 - INFO - Calculation of alignments

2024-08-08 21:57:44,789 - INFO - [=================================================================] 27.50K 0s 100ms

2024-08-08 21:57:44,789 - INFO - Time for merging to results_vfdb: 0h 0m 0s 17ms

2024-08-08 21:57:44,789 - INFO - 12874 alignments calculated

2024-08-08 21:57:44,789 - INFO - 0 sequence pairs passed the thresholds (0.000000 of overall calculated)

2024-08-08 21:57:44,789 - INFO - 0.000000 hits per query sequence

2024-08-08 21:57:44,789 - INFO - Time for processing: 0h 0m 0s 157ms

2024-08-08 21:57:44,917 - INFO - createtsv /data/yangy34/database/pharokka/vfdb phage_pharokka/GCA_015343595.1_1142|2-4721/vfdb_target_dir/target_seqs phage_pharokka/GCA_015343595.1_1142|2-4721/vfdb/results_vfdb phage_pharokka/GCA_015343595.1_1142|2-4721/vfdb_results.tsv --full-header --threads 32 

2024-08-08 21:57:44,917 - INFO - 

2024-08-08 21:57:44,917 - INFO - MMseqs Version:                 	13.45111

2024-08-08 21:57:44,917 - INFO - First sequence as representative	false

2024-08-08 21:57:44,917 - INFO - Target column                   	1

2024-08-08 21:57:44,917 - INFO - Add full header                 	true

2024-08-08 21:57:44,917 - INFO - Sequence source                 	0

2024-08-08 21:57:44,917 - INFO - Database output                 	false

2024-08-08 21:57:44,917 - INFO - Threads                         	32

2024-08-08 21:57:44,917 - INFO - Compressed                      	0

2024-08-08 21:57:44,917 - INFO - Verbosity                       	3

2024-08-08 21:57:44,917 - INFO - 

2024-08-08 21:57:44,917 - INFO - Time for merging to vfdb_results.tsv: 0h 0m 0s 23ms

2024-08-08 21:57:44,917 - INFO - Time for processing: 0h 0m 0s 120ms

2024-08-08 21:57:44,935 - INFO - Post Processing Output.
2024-08-08 21:57:45,319 - INFO - Converting gff to genbank.
2024-08-08 21:57:45,340 - WARNING - /gpfs/gsfs12/users/yangy34/softwares/mambaforge/envs/pharokka-env/lib/python3.10/site-packages/Bio/SeqIO/InsdcIO.py:728: BiopythonWarning: Increasing length of locus line to allow long name. This will result in fields that are not in usual positions.
  warnings.warn(

2024-08-08 21:57:45,360 - INFO - Finding the closest match for each contig in INPHARED using mash.
2024-08-08 21:57:45,429 - INFO - Sketching GCA_015343595.1_53_phages/GCA_015343595.1_1142_2_4721_prophage.fasta...

2024-08-08 21:57:45,443 - INFO - Writing to phage_pharokka/GCA_015343595.1_1142|2-4721/input_mash_sketch.msh...

2024-08-08 21:57:47,124 - INFO - pharokka has finished
2024-08-08 21:57:47,125 - INFO - Elapsed time: 154.52 seconds
2024-08-08 21:57:47,125 - INFO - If you use pharokka in your research, please cite:
2024-08-08 21:57:47,125 - INFO - George Bouras, Roshan Nepal, Ghais Houtak, Alkis James Psaltis, Peter-John Wormald, Sarah Vreugde.
2024-08-08 21:57:47,125 - INFO - Pharokka: a fast scalable bacteriophage annotation tool.
2024-08-08 21:57:47,125 - INFO - Bioinformatics, Volume 39, Issue 1, January 2023, btac776.
2024-08-08 21:57:47,125 - INFO - https://doi.org/10.1093/bioinformatics/btac776.
2024-08-08 21:57:47,125 - INFO - You should also cite the full list of tools pharokka uses, which can be found at https://github.com/gbouras13/pharokka#citation.
