2024-08-09 21:08:38,515 - INFO - Starting pharokka v1.3.2
2024-08-09 21:08:38,515 - INFO - Input args: Namespace(infile='GCA_013114135_6_phages_vs2/GCA_013114135.1_14_155_62377_prophage.fasta', outdir='phage_pharokka/GCA_013114135.1_14|155-62377', database='/data/yangy34/database/pharokka', threads='32', force=True, prefix='Default', locustag='Default', gene_predictor='phanotate', meta=False, split=False, coding_table='11', evalue='1E-05', terminase=False, terminase_strand='nothing', terminase_start='nothing', citation=False)
2024-08-09 21:08:38,515 - INFO - Checking database installation.
2024-08-09 21:08:38,529 - INFO - All databases have been successfully checked.
2024-08-09 21:08:38,529 - INFO - Checking dependencies.
2024-08-09 21:08:39,503 - INFO - phan_out version found is v1.5.1.
2024-08-09 21:08:39,503 - INFO - Phanotate version is ok.
2024-08-09 21:08:39,534 - INFO - MMseqs2 version found is v13.45111.
2024-08-09 21:08:39,534 - INFO - MMseqs2 version is ok.
2024-08-09 21:08:40,243 - INFO - tRNAscan-SE version found is v2.45111.11.
2024-08-09 21:08:40,243 - INFO - tRNAscan-SE version is ok.
2024-08-09 21:08:40,800 - INFO - MinCED version found is v0.4.2.
2024-08-09 21:08:40,800 - INFO - MinCED version is ok.
2024-08-09 21:08:40,824 - INFO - ARAGORN version found is v1.2.41.
2024-08-09 21:08:40,824 - INFO - ARAGORN version is ok.
2024-08-09 21:08:40,933 - INFO - mash version found is v2.2.
2024-08-09 21:08:40,933 - INFO - mash version is ok.
2024-08-09 21:08:41,847 - INFO - Running Phanotate.
2024-08-09 21:08:54,030 - INFO - Translating gene predicted fastas.
2024-08-09 21:08:54,052 - INFO - Starting tRNA-scanSE
2024-08-09 21:08:54,286 - INFO - 

2024-08-09 21:08:54,286 - INFO - tRNAscan-SE v.2.0.11 (Oct 2022) - scan sequences for transfer RNAs

2024-08-09 21:08:54,286 - INFO - Copyright (C) 2022 Patricia Chan and Todd Lowe

2024-08-09 21:08:54,286 - INFO -                    University of California Santa Cruz

2024-08-09 21:08:54,286 - INFO - Freely distributed under the GNU General Public License (GPLv3)

2024-08-09 21:08:54,286 - INFO - 

2024-08-09 21:08:54,286 - INFO - ------------------------------------------------------------

2024-08-09 21:08:54,286 - INFO - Sequence file(s) to search:        GCA_013114135_6_phages_vs2/GCA_013114135.1_14_155_62377_prophage.fasta

2024-08-09 21:08:54,286 - INFO - Search Mode:                       General

2024-08-09 21:08:54,286 - INFO - Results written to:                Standard output

2024-08-09 21:08:54,286 - INFO - Output format:                     Tabular

2024-08-09 21:08:54,286 - INFO - Searching with:                    Infernal single-pass scan

2024-08-09 21:08:54,286 - INFO -                                    Fast mode

2024-08-09 21:08:54,286 - INFO - Covariance model:                  /gpfs/gsfs12/users/yangy34/softwares/mambaforge/envs/pharokka-env/lib/tRNAscan-SE/models/TRNAinf.cm

2024-08-09 21:08:54,286 - INFO - 

2024-08-09 21:08:54,286 - INFO - Temporary directory:               /tmp

2024-08-09 21:08:54,286 - INFO - tRNA predictions saved to:         phage_pharokka/GCA_013114135.1_14|155-62377/trnascan_out.gff

2024-08-09 21:08:54,286 - INFO - ------------------------------------------------------------

2024-08-09 21:08:54,286 - INFO - 

2024-08-09 21:08:54,399 - INFO - No tRNAs found.

2024-08-09 21:08:54,400 - INFO - 

2024-08-09 21:08:54,415 - INFO - Running MinCED.
2024-08-09 21:08:54,608 - INFO - Running Aragorn.
2024-08-09 21:08:54,624 - INFO - Starting MMseqs2.
2024-08-09 21:08:54,624 - INFO - Running MMseqs2 on PHROGs Database.
2024-08-09 21:08:58,242 - INFO - createdb phage_pharokka/GCA_013114135.1_14|155-62377/phanotate_aas_tmp.fasta phage_pharokka/GCA_013114135.1_14|155-62377/target_dir/target_seqs 

2024-08-09 21:08:58,242 - INFO - 

2024-08-09 21:08:58,242 - INFO - MMseqs Version:       	13.45111

2024-08-09 21:08:58,242 - INFO - Database type         	0

2024-08-09 21:08:58,242 - INFO - Shuffle input database	true

2024-08-09 21:08:58,243 - INFO - Createdb mode         	0

2024-08-09 21:08:58,243 - INFO - Write lookup file     	1

2024-08-09 21:08:58,243 - INFO - Offset of numeric ids 	0

2024-08-09 21:08:58,243 - INFO - Compressed            	0

2024-08-09 21:08:58,243 - INFO - Verbosity             	3

2024-08-09 21:08:58,243 - INFO - 

2024-08-09 21:08:58,243 - INFO - Converting sequences

2024-08-09 21:08:58,243 - INFO - [

2024-08-09 21:08:58,243 - INFO - Time for merging to target_seqs_h: 0h 0m 1s 656ms

2024-08-09 21:08:58,243 - INFO - Time for merging to target_seqs: 0h 0m 0s 84ms

2024-08-09 21:08:58,243 - INFO - Database type: Aminoacid

2024-08-09 21:08:58,243 - INFO - Time for processing: 0h 0m 3s 554ms

2024-08-09 21:08:58,254 - INFO - Create directory phage_pharokka/GCA_013114135.1_14|155-62377/tmp_dir/

2024-08-09 21:08:58,254 - INFO - search -e 1E-05 /data/yangy34/database/pharokka/phrogs_profile_db phage_pharokka/GCA_013114135.1_14|155-62377/target_dir/target_seqs phage_pharokka/GCA_013114135.1_14|155-62377/mmseqs/results_mmseqs phage_pharokka/GCA_013114135.1_14|155-62377/tmp_dir/ -s 8.5 --threads 32 

2024-08-09 21:08:58,255 - INFO - 

2024-08-09 21:08:58,255 - INFO - MMseqs Version:                        	13.45111

2024-08-09 21:08:58,255 - INFO - Substitution matrix                    	nucl:nucleotide.out,aa:blosum62.out

2024-08-09 21:08:58,255 - INFO - Add backtrace                          	false

2024-08-09 21:08:58,255 - INFO - Alignment mode                         	2

2024-08-09 21:08:58,255 - INFO - Alignment mode                         	0

2024-08-09 21:08:58,255 - INFO - Allow wrapped scoring                  	false

2024-08-09 21:08:58,255 - INFO - E-value threshold                      	1e-05

2024-08-09 21:08:58,255 - INFO - Seq. id. threshold                     	0

2024-08-09 21:08:58,255 - INFO - Min alignment length                   	0

2024-08-09 21:08:58,255 - INFO - Seq. id. mode                          	0

2024-08-09 21:08:58,255 - INFO - Alternative alignments                 	0

2024-08-09 21:08:58,255 - INFO - Coverage threshold                     	0

2024-08-09 21:08:58,255 - INFO - Coverage mode                          	0

2024-08-09 21:08:58,255 - INFO - Max sequence length                    	65535

2024-08-09 21:08:58,255 - INFO - Compositional bias                     	1

2024-08-09 21:08:58,255 - INFO - Max reject                             	2147483647

2024-08-09 21:08:58,255 - INFO - Max accept                             	2147483647

2024-08-09 21:08:58,255 - INFO - Include identical seq. id.             	false

2024-08-09 21:08:58,255 - INFO - Preload mode                           	0

2024-08-09 21:08:58,255 - INFO - Pseudo count a                         	1

2024-08-09 21:08:58,255 - INFO - Pseudo count b                         	1.5

2024-08-09 21:08:58,255 - INFO - Score bias                             	0

2024-08-09 21:08:58,255 - INFO - Realign hits                           	false

2024-08-09 21:08:58,255 - INFO - Realign score bias                     	-0.2

2024-08-09 21:08:58,255 - INFO - Realign max seqs                       	2147483647

2024-08-09 21:08:58,255 - INFO - Gap open cost                          	nucl:5,aa:11

2024-08-09 21:08:58,255 - INFO - Gap extension cost                     	nucl:2,aa:1

2024-08-09 21:08:58,255 - INFO - Zdrop                                  	40

2024-08-09 21:08:58,255 - INFO - Threads                                	32

2024-08-09 21:08:58,255 - INFO - Compressed                             	0

2024-08-09 21:08:58,255 - INFO - Verbosity                              	3

2024-08-09 21:08:58,255 - INFO - Seed substitution matrix               	nucl:nucleotide.out,aa:VTML80.out

2024-08-09 21:08:58,255 - INFO - Sensitivity                            	8.5

2024-08-09 21:08:58,255 - INFO - k-mer length                           	0

2024-08-09 21:08:58,255 - INFO - k-score                                	2147483647

2024-08-09 21:08:58,255 - INFO - Alphabet size                          	nucl:5,aa:21

2024-08-09 21:08:58,255 - INFO - Max results per query                  	300

2024-08-09 21:08:58,255 - INFO - Split database                         	0

2024-08-09 21:08:58,255 - INFO - Split mode                             	2

2024-08-09 21:08:58,255 - INFO - Split memory limit                     	0

2024-08-09 21:08:58,255 - INFO - Diagonal scoring                       	true

2024-08-09 21:08:58,255 - INFO - Exact k-mer matching                   	0

2024-08-09 21:08:58,255 - INFO - Mask residues                          	1

2024-08-09 21:08:58,255 - INFO - Mask lower case residues               	0

2024-08-09 21:08:58,256 - INFO - Minimum diagonal score                 	15

2024-08-09 21:08:58,256 - INFO - Spaced k-mers                          	1

2024-08-09 21:08:58,256 - INFO - Spaced k-mer pattern                   	

2024-08-09 21:08:58,256 - INFO - Local temporary path                   	

2024-08-09 21:08:58,256 - INFO - Rescore mode                           	0

2024-08-09 21:08:58,256 - INFO - Remove hits by seq. id. and coverage   	false

2024-08-09 21:08:58,256 - INFO - Sort results                           	0

2024-08-09 21:08:58,256 - INFO - Mask profile                           	1

2024-08-09 21:08:58,256 - INFO - Profile E-value threshold              	0.1

2024-08-09 21:08:58,256 - INFO - Global sequence weighting              	false

2024-08-09 21:08:58,256 - INFO - Allow deletions                        	false

2024-08-09 21:08:58,256 - INFO - Filter MSA                             	1

2024-08-09 21:08:58,256 - INFO - Maximum seq. id. threshold             	0.9

2024-08-09 21:08:58,256 - INFO - Minimum seq. id.                       	0

2024-08-09 21:08:58,256 - INFO - Minimum score per column               	-20

2024-08-09 21:08:58,256 - INFO - Minimum coverage                       	0

2024-08-09 21:08:58,256 - INFO - Select N most diverse seqs             	1000

2024-08-09 21:08:58,256 - INFO - Min codons in orf                      	30

2024-08-09 21:08:58,256 - INFO - Max codons in length                   	32734

2024-08-09 21:08:58,256 - INFO - Max orf gaps                           	2147483647

2024-08-09 21:08:58,256 - INFO - Contig start mode                      	2

2024-08-09 21:08:58,256 - INFO - Contig end mode                        	2

2024-08-09 21:08:58,256 - INFO - Orf start mode                         	1

2024-08-09 21:08:58,256 - INFO - Forward frames                         	1,2,3

2024-08-09 21:08:58,256 - INFO - Reverse frames                         	1,2,3

2024-08-09 21:08:58,256 - INFO - Translation table                      	1

2024-08-09 21:08:58,256 - INFO - Translate orf                          	0

2024-08-09 21:08:58,256 - INFO - Use all table starts                   	false

2024-08-09 21:08:58,256 - INFO - Offset of numeric ids                  	0

2024-08-09 21:08:58,256 - INFO - Create lookup                          	0

2024-08-09 21:08:58,256 - INFO - Add orf stop                           	false

2024-08-09 21:08:58,256 - INFO - Overlap between sequences              	0

2024-08-09 21:08:58,256 - INFO - Sequence split mode                    	1

2024-08-09 21:08:58,256 - INFO - Header split mode                      	0

2024-08-09 21:08:58,256 - INFO - Chain overlapping alignments           	0

2024-08-09 21:08:58,256 - INFO - Merge query                            	1

2024-08-09 21:08:58,256 - INFO - Search type                            	0

2024-08-09 21:08:58,256 - INFO - Search iterations                      	1

2024-08-09 21:08:58,256 - INFO - Start sensitivity                      	4

2024-08-09 21:08:58,257 - INFO - Search steps                           	1

2024-08-09 21:08:58,257 - INFO - Exhaustive search mode                 	false

2024-08-09 21:08:58,257 - INFO - Filter results during exhaustive search	0

2024-08-09 21:08:58,257 - INFO - Strand selection                       	1

2024-08-09 21:08:58,257 - INFO - LCA search mode                        	false

2024-08-09 21:08:58,257 - INFO - Disk space limit                       	0

2024-08-09 21:08:58,257 - INFO - MPI runner                             	

2024-08-09 21:08:58,257 - INFO - Force restart with latest tmp          	false

2024-08-09 21:08:58,257 - INFO - Remove temporary files                 	false

2024-08-09 21:08:58,257 - INFO - 

2024-08-09 21:08:58,546 - INFO - prefilter /data/yangy34/database/pharokka/phrogs_profile_db phage_pharokka/GCA_013114135.1_14|155-62377/target_dir/target_seqs phage_pharokka/GCA_013114135.1_14|155-62377/tmp_dir//7291797103309887985/pref_0 --sub-mat nucl:nucleotide.out,aa:blosum62.out --seed-sub-mat nucl:nucleotide.out,aa:VTML80.out -k 0 --k-score 2147483647 --alph-size nucl:5,aa:21 --max-seq-len 65535 --max-seqs 300 --split 0 --split-mode 2 --split-memory-limit 0 -c 0 --cov-mode 0 --comp-bias-corr 1 --diag-score 1 --exact-kmer-matching 0 --mask 1 --mask-lower-case 0 --min-ungapped-score 15 --add-self-matches 0 --spaced-kmer-mode 1 --db-load-mode 0 --pca 1 --pcb 1.5 --threads 32 --compressed 0 -v 3 -s 8.5 

2024-08-09 21:08:58,546 - INFO - 

2024-08-09 21:08:58,547 - INFO - Query database size: 38880 type: Profile

2024-08-09 21:08:58,547 - INFO - Estimated memory consumption: 488M

2024-08-09 21:08:58,547 - INFO - Target database size: 97 type: Aminoacid

2024-08-09 21:08:58,547 - INFO - Index table k-mer threshold: 0 at k-mer size 6 

2024-08-09 21:08:58,547 - INFO - Index table: counting k-mers

2024-08-09 21:08:58,631 - INFO - [=================================================================] 97 0s 6ms

2024-08-09 21:08:58,631 - INFO - Index table: Masked residues: 296

2024-08-09 21:08:58,631 - INFO - Index table: fill

2024-08-09 21:09:01,631 - INFO - [=================================================================] 97 0s 6ms

2024-08-09 21:09:01,631 - INFO - Index statistics

2024-08-09 21:09:01,631 - INFO - Entries:          18309

2024-08-09 21:09:01,631 - INFO - DB size:          488 MB

2024-08-09 21:09:01,631 - INFO - Avg k-mer size:   0.000286

2024-08-09 21:09:01,631 - INFO - Top 10 k-mers

2024-08-09 21:09:01,631 - INFO -     AAGAVA	2

2024-08-09 21:09:01,631 - INFO -     ESLSIE	2

2024-08-09 21:09:01,631 - INFO -     ISGIAL	2

2024-08-09 21:09:01,631 - INFO -     DFTLFL	2

2024-08-09 21:09:01,631 - INFO -     EKILKQ	2

2024-08-09 21:09:01,631 - INFO -     IEMSES	2

2024-08-09 21:09:01,631 - INFO -     GFNVLS	2

2024-08-09 21:09:01,631 - INFO -     IDIAAA	1

2024-08-09 21:09:01,631 - INFO -     KALAAA	1

2024-08-09 21:09:01,631 - INFO -     MDLAAA	1

2024-08-09 21:09:01,632 - INFO - Time for index table init: 0h 0m 0s 350ms

2024-08-09 21:09:01,632 - INFO - Process prefiltering step 1 of 1

2024-08-09 21:09:01,632 - INFO - 

2024-08-09 21:09:01,632 - INFO - k-mer similarity threshold: 81

2024-08-09 21:09:01,632 - INFO - Starting prefiltering scores calculation (step 1 of 1)

2024-08-09 21:09:01,632 - INFO - Query db start 1 to 38880

2024-08-09 21:09:01,632 - INFO - Target db start 1 to 97

2024-08-09 21:11:32,710 - INFO - [=================================================================] 38.88K 2m 32s 918ms

2024-08-09 21:11:32,710 - INFO - 

2024-08-09 21:11:32,710 - INFO - 5386.328443 k-mers per position

2024-08-09 21:11:32,710 - INFO - 245 DB matches per sequence

2024-08-09 21:11:32,710 - INFO - 0 overflows

2024-08-09 21:11:32,710 - INFO - 0 queries produce too many hits (truncated result)

2024-08-09 21:11:32,710 - INFO - 5 sequences passed prefiltering per query sequence

2024-08-09 21:11:32,710 - INFO - 4 median result list length

2024-08-09 21:11:32,710 - INFO - 2542 sequences with 0 size result lists

2024-08-09 21:11:32,710 - INFO - Time for merging to pref_0: 0h 0m 0s 57ms

2024-08-09 21:11:32,710 - INFO - Time for processing: 0h 2m 34s 447ms

2024-08-09 21:11:34,083 - INFO - align /data/yangy34/database/pharokka/phrogs_profile_db phage_pharokka/GCA_013114135.1_14|155-62377/target_dir/target_seqs phage_pharokka/GCA_013114135.1_14|155-62377/tmp_dir//7291797103309887985/pref_0 phage_pharokka/GCA_013114135.1_14|155-62377/mmseqs/results_mmseqs --sub-mat nucl:nucleotide.out,aa:blosum62.out -a 0 --alignment-mode 2 --alignment-output-mode 0 --wrapped-scoring 0 -e 1e-05 --min-seq-id 0 --min-aln-len 0 --seq-id-mode 0 --alt-ali 0 -c 0 --cov-mode 0 --max-seq-len 65535 --comp-bias-corr 1 --max-rejected 2147483647 --max-accept 2147483647 --add-self-matches 0 --db-load-mode 0 --pca 1 --pcb 1.5 --score-bias 0 --realign 0 --realign-score-bias -0.2 --realign-max-seqs 2147483647 --gap-open nucl:5,aa:11 --gap-extend nucl:2,aa:1 --zdrop 40 --threads 32 --compressed 0 -v 3 

2024-08-09 21:11:34,084 - INFO - 

2024-08-09 21:11:34,084 - INFO - Compute score and coverage

2024-08-09 21:11:34,084 - INFO - Query database size: 38880 type: Profile

2024-08-09 21:11:34,084 - INFO - Target database size: 97 type: Aminoacid

2024-08-09 21:11:34,084 - INFO - Calculation of alignments

2024-08-09 21:11:35,744 - INFO - [=================================================================] 38.88K 0s 516ms

2024-08-09 21:11:35,744 - INFO - Time for merging to results_mmseqs: 0h 0m 1s 107ms

2024-08-09 21:11:35,744 - INFO - 204931 alignments calculated

2024-08-09 21:11:35,744 - INFO - 96 sequence pairs passed the thresholds (0.000468 of overall calculated)

2024-08-09 21:11:35,744 - INFO - 0.002469 hits per query sequence

2024-08-09 21:11:35,744 - INFO - Time for processing: 0h 0m 3s 18ms

2024-08-09 21:11:38,732 - INFO - createtsv /data/yangy34/database/pharokka/phrogs_profile_db phage_pharokka/GCA_013114135.1_14|155-62377/target_dir/target_seqs phage_pharokka/GCA_013114135.1_14|155-62377/mmseqs/results_mmseqs phage_pharokka/GCA_013114135.1_14|155-62377/mmseqs_results.tsv --full-header --threads 32 

2024-08-09 21:11:38,733 - INFO - 

2024-08-09 21:11:38,733 - INFO - MMseqs Version:                 	13.45111

2024-08-09 21:11:38,733 - INFO - First sequence as representative	false

2024-08-09 21:11:38,733 - INFO - Target column                   	1

2024-08-09 21:11:38,733 - INFO - Add full header                 	true

2024-08-09 21:11:38,733 - INFO - Sequence source                 	0

2024-08-09 21:11:38,733 - INFO - Database output                 	false

2024-08-09 21:11:38,733 - INFO - Threads                         	32

2024-08-09 21:11:38,733 - INFO - Compressed                      	0

2024-08-09 21:11:38,733 - INFO - Verbosity                       	3

2024-08-09 21:11:38,733 - INFO - 

2024-08-09 21:11:38,733 - INFO - Time for merging to mmseqs_results.tsv: 0h 0m 1s 684ms

2024-08-09 21:11:38,733 - INFO - Time for processing: 0h 0m 2s 975ms

2024-08-09 21:11:38,757 - INFO - Running mmseqs2 on CARD.
2024-08-09 21:11:41,876 - INFO - createdb phage_pharokka/GCA_013114135.1_14|155-62377/phanotate_aas_tmp.fasta phage_pharokka/GCA_013114135.1_14|155-62377/CARD_target_dir/target_seqs 

2024-08-09 21:11:41,876 - INFO - 

2024-08-09 21:11:41,876 - INFO - MMseqs Version:       	13.45111

2024-08-09 21:11:41,876 - INFO - Database type         	0

2024-08-09 21:11:41,876 - INFO - Shuffle input database	true

2024-08-09 21:11:41,877 - INFO - Createdb mode         	0

2024-08-09 21:11:41,877 - INFO - Write lookup file     	1

2024-08-09 21:11:41,877 - INFO - Offset of numeric ids 	0

2024-08-09 21:11:41,877 - INFO - Compressed            	0

2024-08-09 21:11:41,877 - INFO - Verbosity             	3

2024-08-09 21:11:41,877 - INFO - 

2024-08-09 21:11:41,877 - INFO - Converting sequences

2024-08-09 21:11:41,877 - INFO - [

2024-08-09 21:11:41,877 - INFO - Time for merging to target_seqs_h: 0h 0m 1s 369ms

2024-08-09 21:11:41,877 - INFO - Time for merging to target_seqs: 0h 0m 0s 78ms

2024-08-09 21:11:41,877 - INFO - Database type: Aminoacid

2024-08-09 21:11:41,877 - INFO - Time for processing: 0h 0m 3s 112ms

2024-08-09 21:11:41,893 - INFO - Create directory phage_pharokka/GCA_013114135.1_14|155-62377/CARD_tmp_dir/

2024-08-09 21:11:41,893 - INFO - search --min-seq-id 0.8 -c 0.4 /data/yangy34/database/pharokka/CARD phage_pharokka/GCA_013114135.1_14|155-62377/CARD_target_dir/target_seqs phage_pharokka/GCA_013114135.1_14|155-62377/CARD/results_CARD phage_pharokka/GCA_013114135.1_14|155-62377/CARD_tmp_dir/ -s 8.5 --threads 32 

2024-08-09 21:11:41,893 - INFO - 

2024-08-09 21:11:41,894 - INFO - MMseqs Version:                        	13.45111

2024-08-09 21:11:41,894 - INFO - Substitution matrix                    	nucl:nucleotide.out,aa:blosum62.out

2024-08-09 21:11:41,894 - INFO - Add backtrace                          	false

2024-08-09 21:11:41,894 - INFO - Alignment mode                         	2

2024-08-09 21:11:41,894 - INFO - Alignment mode                         	0

2024-08-09 21:11:41,894 - INFO - Allow wrapped scoring                  	false

2024-08-09 21:11:41,894 - INFO - E-value threshold                      	0.001

2024-08-09 21:11:41,894 - INFO - Seq. id. threshold                     	0.8

2024-08-09 21:11:41,894 - INFO - Min alignment length                   	0

2024-08-09 21:11:41,894 - INFO - Seq. id. mode                          	0

2024-08-09 21:11:41,894 - INFO - Alternative alignments                 	0

2024-08-09 21:11:41,894 - INFO - Coverage threshold                     	0.4

2024-08-09 21:11:41,894 - INFO - Coverage mode                          	0

2024-08-09 21:11:41,894 - INFO - Max sequence length                    	65535

2024-08-09 21:11:41,894 - INFO - Compositional bias                     	1

2024-08-09 21:11:41,894 - INFO - Max reject                             	2147483647

2024-08-09 21:11:41,894 - INFO - Max accept                             	2147483647

2024-08-09 21:11:41,894 - INFO - Include identical seq. id.             	false

2024-08-09 21:11:41,894 - INFO - Preload mode                           	0

2024-08-09 21:11:41,894 - INFO - Pseudo count a                         	1

2024-08-09 21:11:41,894 - INFO - Pseudo count b                         	1.5

2024-08-09 21:11:41,894 - INFO - Score bias                             	0

2024-08-09 21:11:41,894 - INFO - Realign hits                           	false

2024-08-09 21:11:41,894 - INFO - Realign score bias                     	-0.2

2024-08-09 21:11:41,894 - INFO - Realign max seqs                       	2147483647

2024-08-09 21:11:41,894 - INFO - Gap open cost                          	nucl:5,aa:11

2024-08-09 21:11:41,894 - INFO - Gap extension cost                     	nucl:2,aa:1

2024-08-09 21:11:41,894 - INFO - Zdrop                                  	40

2024-08-09 21:11:41,894 - INFO - Threads                                	32

2024-08-09 21:11:41,894 - INFO - Compressed                             	0

2024-08-09 21:11:41,894 - INFO - Verbosity                              	3

2024-08-09 21:11:41,894 - INFO - Seed substitution matrix               	nucl:nucleotide.out,aa:VTML80.out

2024-08-09 21:11:41,894 - INFO - Sensitivity                            	8.5

2024-08-09 21:11:41,894 - INFO - k-mer length                           	0

2024-08-09 21:11:41,894 - INFO - k-score                                	2147483647

2024-08-09 21:11:41,894 - INFO - Alphabet size                          	nucl:5,aa:21

2024-08-09 21:11:41,894 - INFO - Max results per query                  	300

2024-08-09 21:11:41,894 - INFO - Split database                         	0

2024-08-09 21:11:41,894 - INFO - Split mode                             	2

2024-08-09 21:11:41,894 - INFO - Split memory limit                     	0

2024-08-09 21:11:41,894 - INFO - Diagonal scoring                       	true

2024-08-09 21:11:41,894 - INFO - Exact k-mer matching                   	0

2024-08-09 21:11:41,894 - INFO - Mask residues                          	1

2024-08-09 21:11:41,894 - INFO - Mask lower case residues               	0

2024-08-09 21:11:41,894 - INFO - Minimum diagonal score                 	15

2024-08-09 21:11:41,894 - INFO - Spaced k-mers                          	1

2024-08-09 21:11:41,894 - INFO - Spaced k-mer pattern                   	

2024-08-09 21:11:41,894 - INFO - Local temporary path                   	

2024-08-09 21:11:41,894 - INFO - Rescore mode                           	0

2024-08-09 21:11:41,894 - INFO - Remove hits by seq. id. and coverage   	false

2024-08-09 21:11:41,895 - INFO - Sort results                           	0

2024-08-09 21:11:41,895 - INFO - Mask profile                           	1

2024-08-09 21:11:41,895 - INFO - Profile E-value threshold              	0.1

2024-08-09 21:11:41,895 - INFO - Global sequence weighting              	false

2024-08-09 21:11:41,895 - INFO - Allow deletions                        	false

2024-08-09 21:11:41,895 - INFO - Filter MSA                             	1

2024-08-09 21:11:41,895 - INFO - Maximum seq. id. threshold             	0.9

2024-08-09 21:11:41,895 - INFO - Minimum seq. id.                       	0

2024-08-09 21:11:41,895 - INFO - Minimum score per column               	-20

2024-08-09 21:11:41,895 - INFO - Minimum coverage                       	0

2024-08-09 21:11:41,895 - INFO - Select N most diverse seqs             	1000

2024-08-09 21:11:41,895 - INFO - Min codons in orf                      	30

2024-08-09 21:11:41,895 - INFO - Max codons in length                   	32734

2024-08-09 21:11:41,895 - INFO - Max orf gaps                           	2147483647

2024-08-09 21:11:41,895 - INFO - Contig start mode                      	2

2024-08-09 21:11:41,895 - INFO - Contig end mode                        	2

2024-08-09 21:11:41,895 - INFO - Orf start mode                         	1

2024-08-09 21:11:41,895 - INFO - Forward frames                         	1,2,3

2024-08-09 21:11:41,895 - INFO - Reverse frames                         	1,2,3

2024-08-09 21:11:41,895 - INFO - Translation table                      	1

2024-08-09 21:11:41,895 - INFO - Translate orf                          	0

2024-08-09 21:11:41,895 - INFO - Use all table starts                   	false

2024-08-09 21:11:41,895 - INFO - Offset of numeric ids                  	0

2024-08-09 21:11:41,895 - INFO - Create lookup                          	0

2024-08-09 21:11:41,895 - INFO - Add orf stop                           	false

2024-08-09 21:11:41,895 - INFO - Overlap between sequences              	0

2024-08-09 21:11:41,895 - INFO - Sequence split mode                    	1

2024-08-09 21:11:41,895 - INFO - Header split mode                      	0

2024-08-09 21:11:41,895 - INFO - Chain overlapping alignments           	0

2024-08-09 21:11:41,895 - INFO - Merge query                            	1

2024-08-09 21:11:41,895 - INFO - Search type                            	0

2024-08-09 21:11:41,895 - INFO - Search iterations                      	1

2024-08-09 21:11:41,895 - INFO - Start sensitivity                      	4

2024-08-09 21:11:41,897 - INFO - Search steps                           	1

2024-08-09 21:11:41,897 - INFO - Exhaustive search mode                 	false

2024-08-09 21:11:41,897 - INFO - Filter results during exhaustive search	0

2024-08-09 21:11:41,897 - INFO - Strand selection                       	1

2024-08-09 21:11:41,898 - INFO - LCA search mode                        	false

2024-08-09 21:11:41,898 - INFO - Disk space limit                       	0

2024-08-09 21:11:41,898 - INFO - MPI runner                             	

2024-08-09 21:11:41,898 - INFO - Force restart with latest tmp          	false

2024-08-09 21:11:41,898 - INFO - Remove temporary files                 	false

2024-08-09 21:11:41,898 - INFO - 

2024-08-09 21:11:42,080 - INFO - prefilter /data/yangy34/database/pharokka/CARD phage_pharokka/GCA_013114135.1_14|155-62377/CARD_target_dir/target_seqs phage_pharokka/GCA_013114135.1_14|155-62377/CARD_tmp_dir//16782297759985787128/pref_0 --sub-mat nucl:nucleotide.out,aa:blosum62.out --seed-sub-mat nucl:nucleotide.out,aa:VTML80.out -k 0 --k-score 2147483647 --alph-size nucl:5,aa:21 --max-seq-len 65535 --max-seqs 300 --split 0 --split-mode 2 --split-memory-limit 0 -c 0.4 --cov-mode 0 --comp-bias-corr 1 --diag-score 1 --exact-kmer-matching 0 --mask 1 --mask-lower-case 0 --min-ungapped-score 15 --add-self-matches 0 --spaced-kmer-mode 1 --db-load-mode 0 --pca 1 --pcb 1.5 --threads 32 --compressed 0 -v 3 -s 8.5 

2024-08-09 21:11:42,080 - INFO - 

2024-08-09 21:11:42,080 - INFO - Query database size: 4641 type: Aminoacid

2024-08-09 21:11:42,080 - INFO - Estimated memory consumption: 978M

2024-08-09 21:11:42,080 - INFO - Target database size: 97 type: Aminoacid

2024-08-09 21:11:42,080 - INFO - Index table k-mer threshold: 87 at k-mer size 6 

2024-08-09 21:11:42,080 - INFO - Index table: counting k-mers

2024-08-09 21:11:42,156 - INFO - [=================================================================] 97 0s 27ms

2024-08-09 21:11:42,156 - INFO - Index table: Masked residues: 196

2024-08-09 21:11:42,156 - INFO - Index table: fill

2024-08-09 21:11:43,333 - INFO - [=================================================================] 97 0s 5ms

2024-08-09 21:11:43,333 - INFO - Index statistics

2024-08-09 21:11:43,333 - INFO - Entries:          18407

2024-08-09 21:11:43,333 - INFO - DB size:          488 MB

2024-08-09 21:11:43,333 - INFO - Avg k-mer size:   0.000288

2024-08-09 21:11:43,333 - INFO - Top 10 k-mers

2024-08-09 21:11:43,333 - INFO -     KKKNGA	2

2024-08-09 21:11:43,333 - INFO -     AAGAVA	2

2024-08-09 21:11:43,334 - INFO -     ESLSIE	2

2024-08-09 21:11:43,334 - INFO -     ISGIAL	2

2024-08-09 21:11:43,334 - INFO -     DFTLFL	2

2024-08-09 21:11:43,334 - INFO -     EKILKQ	2

2024-08-09 21:11:43,334 - INFO -     IEMSES	2

2024-08-09 21:11:43,334 - INFO -     GFNVLS	2

2024-08-09 21:11:43,334 - INFO -     KALAAA	1

2024-08-09 21:11:43,334 - INFO -     MDLAAA	1

2024-08-09 21:11:43,334 - INFO - Time for index table init: 0h 0m 0s 338ms

2024-08-09 21:11:43,334 - INFO - Process prefiltering step 1 of 1

2024-08-09 21:11:43,334 - INFO - 

2024-08-09 21:11:43,334 - INFO - k-mer similarity threshold: 87

2024-08-09 21:11:43,334 - INFO - Starting prefiltering scores calculation (step 1 of 1)

2024-08-09 21:11:43,334 - INFO - Query db start 1 to 4641

2024-08-09 21:11:43,334 - INFO - Target db start 1 to 97

2024-08-09 21:12:07,842 - INFO - [=================================================================] 4.64K 24s 554ms

2024-08-09 21:12:07,842 - INFO - 

2024-08-09 21:12:07,843 - INFO - 3883.681631 k-mers per position

2024-08-09 21:12:07,843 - INFO - 369 DB matches per sequence

2024-08-09 21:12:07,843 - INFO - 0 overflows

2024-08-09 21:12:07,843 - INFO - 0 queries produce too many hits (truncated result)

2024-08-09 21:12:07,843 - INFO - 7 sequences passed prefiltering per query sequence

2024-08-09 21:12:07,843 - INFO - 7 median result list length

2024-08-09 21:12:07,843 - INFO - 9 sequences with 0 size result lists

2024-08-09 21:12:07,843 - INFO - Time for merging to pref_0: 0h 0m 0s 81ms

2024-08-09 21:12:07,843 - INFO - Time for processing: 0h 0m 25s 939ms

2024-08-09 21:12:08,905 - INFO - align /data/yangy34/database/pharokka/CARD phage_pharokka/GCA_013114135.1_14|155-62377/CARD_target_dir/target_seqs phage_pharokka/GCA_013114135.1_14|155-62377/CARD_tmp_dir//16782297759985787128/pref_0 phage_pharokka/GCA_013114135.1_14|155-62377/CARD/results_CARD --sub-mat nucl:nucleotide.out,aa:blosum62.out -a 0 --alignment-mode 2 --alignment-output-mode 0 --wrapped-scoring 0 -e 0.001 --min-seq-id 0.8 --min-aln-len 0 --seq-id-mode 0 --alt-ali 0 -c 0.4 --cov-mode 0 --max-seq-len 65535 --comp-bias-corr 1 --max-rejected 2147483647 --max-accept 2147483647 --add-self-matches 0 --db-load-mode 0 --pca 1 --pcb 1.5 --score-bias 0 --realign 0 --realign-score-bias -0.2 --realign-max-seqs 2147483647 --gap-open nucl:5,aa:11 --gap-extend nucl:2,aa:1 --zdrop 40 --threads 32 --compressed 0 -v 3 

2024-08-09 21:12:08,905 - INFO - 

2024-08-09 21:12:08,905 - INFO - Compute score and coverage

2024-08-09 21:12:08,905 - INFO - Query database size: 4641 type: Aminoacid

2024-08-09 21:12:08,905 - INFO - Target database size: 97 type: Aminoacid

2024-08-09 21:12:08,905 - INFO - Calculation of alignments

2024-08-09 21:12:09,961 - INFO - [=================================================================] 4.64K 0s 83ms

2024-08-09 21:12:09,961 - INFO - Time for merging to results_CARD: 0h 0m 0s 971ms

2024-08-09 21:12:09,961 - INFO - 22635 alignments calculated

2024-08-09 21:12:09,961 - INFO - 0 sequence pairs passed the thresholds (0.000000 of overall calculated)

2024-08-09 21:12:09,961 - INFO - 0.000000 hits per query sequence

2024-08-09 21:12:09,961 - INFO - Time for processing: 0h 0m 2s 108ms

2024-08-09 21:12:12,022 - INFO - createtsv /data/yangy34/database/pharokka/CARD phage_pharokka/GCA_013114135.1_14|155-62377/CARD_target_dir/target_seqs phage_pharokka/GCA_013114135.1_14|155-62377/CARD/results_CARD phage_pharokka/GCA_013114135.1_14|155-62377/CARD_results.tsv --full-header --threads 32 

2024-08-09 21:12:12,022 - INFO - 

2024-08-09 21:12:12,022 - INFO - MMseqs Version:                 	13.45111

2024-08-09 21:12:12,022 - INFO - First sequence as representative	false

2024-08-09 21:12:12,022 - INFO - Target column                   	1

2024-08-09 21:12:12,022 - INFO - Add full header                 	true

2024-08-09 21:12:12,022 - INFO - Sequence source                 	0

2024-08-09 21:12:12,022 - INFO - Database output                 	false

2024-08-09 21:12:12,022 - INFO - Threads                         	32

2024-08-09 21:12:12,022 - INFO - Compressed                      	0

2024-08-09 21:12:12,022 - INFO - Verbosity                       	3

2024-08-09 21:12:12,022 - INFO - 

2024-08-09 21:12:12,022 - INFO - Time for merging to CARD_results.tsv: 0h 0m 0s 984ms

2024-08-09 21:12:12,022 - INFO - Time for processing: 0h 0m 2s 50ms

2024-08-09 21:12:12,038 - INFO - Running mmseqs2 on vfdb.
2024-08-09 21:12:15,388 - INFO - createdb phage_pharokka/GCA_013114135.1_14|155-62377/phanotate_aas_tmp.fasta phage_pharokka/GCA_013114135.1_14|155-62377/vfdb_target_dir/target_seqs 

2024-08-09 21:12:15,388 - INFO - 

2024-08-09 21:12:15,388 - INFO - MMseqs Version:       	13.45111

2024-08-09 21:12:15,388 - INFO - Database type         	0

2024-08-09 21:12:15,388 - INFO - Shuffle input database	true

2024-08-09 21:12:15,388 - INFO - Createdb mode         	0

2024-08-09 21:12:15,388 - INFO - Write lookup file     	1

2024-08-09 21:12:15,388 - INFO - Offset of numeric ids 	0

2024-08-09 21:12:15,388 - INFO - Compressed            	0

2024-08-09 21:12:15,388 - INFO - Verbosity             	3

2024-08-09 21:12:15,388 - INFO - 

2024-08-09 21:12:15,388 - INFO - Converting sequences

2024-08-09 21:12:15,388 - INFO - [

2024-08-09 21:12:15,389 - INFO - Time for merging to target_seqs_h: 0h 0m 1s 573ms

2024-08-09 21:12:15,389 - INFO - Time for merging to target_seqs: 0h 0m 0s 70ms

2024-08-09 21:12:15,389 - INFO - Database type: Aminoacid

2024-08-09 21:12:15,389 - INFO - Time for processing: 0h 0m 3s 284ms

2024-08-09 21:12:15,403 - INFO - Create directory phage_pharokka/GCA_013114135.1_14|155-62377/vfdb_tmp_dir/

2024-08-09 21:12:15,403 - INFO - search --min-seq-id 0.8 -c 0.4 /data/yangy34/database/pharokka/vfdb phage_pharokka/GCA_013114135.1_14|155-62377/vfdb_target_dir/target_seqs phage_pharokka/GCA_013114135.1_14|155-62377/vfdb/results_vfdb phage_pharokka/GCA_013114135.1_14|155-62377/vfdb_tmp_dir/ -s 8.5 --threads 32 

2024-08-09 21:12:15,403 - INFO - 

2024-08-09 21:12:15,403 - INFO - MMseqs Version:                        	13.45111

2024-08-09 21:12:15,403 - INFO - Substitution matrix                    	nucl:nucleotide.out,aa:blosum62.out

2024-08-09 21:12:15,403 - INFO - Add backtrace                          	false

2024-08-09 21:12:15,403 - INFO - Alignment mode                         	2

2024-08-09 21:12:15,403 - INFO - Alignment mode                         	0

2024-08-09 21:12:15,403 - INFO - Allow wrapped scoring                  	false

2024-08-09 21:12:15,403 - INFO - E-value threshold                      	0.001

2024-08-09 21:12:15,403 - INFO - Seq. id. threshold                     	0.8

2024-08-09 21:12:15,403 - INFO - Min alignment length                   	0

2024-08-09 21:12:15,403 - INFO - Seq. id. mode                          	0

2024-08-09 21:12:15,403 - INFO - Alternative alignments                 	0

2024-08-09 21:12:15,403 - INFO - Coverage threshold                     	0.4

2024-08-09 21:12:15,403 - INFO - Coverage mode                          	0

2024-08-09 21:12:15,403 - INFO - Max sequence length                    	65535

2024-08-09 21:12:15,403 - INFO - Compositional bias                     	1

2024-08-09 21:12:15,403 - INFO - Max reject                             	2147483647

2024-08-09 21:12:15,403 - INFO - Max accept                             	2147483647

2024-08-09 21:12:15,403 - INFO - Include identical seq. id.             	false

2024-08-09 21:12:15,403 - INFO - Preload mode                           	0

2024-08-09 21:12:15,403 - INFO - Pseudo count a                         	1

2024-08-09 21:12:15,403 - INFO - Pseudo count b                         	1.5

2024-08-09 21:12:15,404 - INFO - Score bias                             	0

2024-08-09 21:12:15,404 - INFO - Realign hits                           	false

2024-08-09 21:12:15,404 - INFO - Realign score bias                     	-0.2

2024-08-09 21:12:15,404 - INFO - Realign max seqs                       	2147483647

2024-08-09 21:12:15,404 - INFO - Gap open cost                          	nucl:5,aa:11

2024-08-09 21:12:15,404 - INFO - Gap extension cost                     	nucl:2,aa:1

2024-08-09 21:12:15,404 - INFO - Zdrop                                  	40

2024-08-09 21:12:15,404 - INFO - Threads                                	32

2024-08-09 21:12:15,404 - INFO - Compressed                             	0

2024-08-09 21:12:15,404 - INFO - Verbosity                              	3

2024-08-09 21:12:15,404 - INFO - Seed substitution matrix               	nucl:nucleotide.out,aa:VTML80.out

2024-08-09 21:12:15,404 - INFO - Sensitivity                            	8.5

2024-08-09 21:12:15,404 - INFO - k-mer length                           	0

2024-08-09 21:12:15,404 - INFO - k-score                                	2147483647

2024-08-09 21:12:15,404 - INFO - Alphabet size                          	nucl:5,aa:21

2024-08-09 21:12:15,404 - INFO - Max results per query                  	300

2024-08-09 21:12:15,404 - INFO - Split database                         	0

2024-08-09 21:12:15,404 - INFO - Split mode                             	2

2024-08-09 21:12:15,404 - INFO - Split memory limit                     	0

2024-08-09 21:12:15,404 - INFO - Diagonal scoring                       	true

2024-08-09 21:12:15,404 - INFO - Exact k-mer matching                   	0

2024-08-09 21:12:15,404 - INFO - Mask residues                          	1

2024-08-09 21:12:15,404 - INFO - Mask lower case residues               	0

2024-08-09 21:12:15,404 - INFO - Minimum diagonal score                 	15

2024-08-09 21:12:15,404 - INFO - Spaced k-mers                          	1

2024-08-09 21:12:15,404 - INFO - Spaced k-mer pattern                   	

2024-08-09 21:12:15,404 - INFO - Local temporary path                   	

2024-08-09 21:12:15,404 - INFO - Rescore mode                           	0

2024-08-09 21:12:15,404 - INFO - Remove hits by seq. id. and coverage   	false

2024-08-09 21:12:15,404 - INFO - Sort results                           	0

2024-08-09 21:12:15,404 - INFO - Mask profile                           	1

2024-08-09 21:12:15,404 - INFO - Profile E-value threshold              	0.1

2024-08-09 21:12:15,404 - INFO - Global sequence weighting              	false

2024-08-09 21:12:15,404 - INFO - Allow deletions                        	false

2024-08-09 21:12:15,404 - INFO - Filter MSA                             	1

2024-08-09 21:12:15,404 - INFO - Maximum seq. id. threshold             	0.9

2024-08-09 21:12:15,404 - INFO - Minimum seq. id.                       	0

2024-08-09 21:12:15,404 - INFO - Minimum score per column               	-20

2024-08-09 21:12:15,404 - INFO - Minimum coverage                       	0

2024-08-09 21:12:15,404 - INFO - Select N most diverse seqs             	1000

2024-08-09 21:12:15,404 - INFO - Min codons in orf                      	30

2024-08-09 21:12:15,404 - INFO - Max codons in length                   	32734

2024-08-09 21:12:15,404 - INFO - Max orf gaps                           	2147483647

2024-08-09 21:12:15,404 - INFO - Contig start mode                      	2

2024-08-09 21:12:15,404 - INFO - Contig end mode                        	2

2024-08-09 21:12:15,404 - INFO - Orf start mode                         	1

2024-08-09 21:12:15,404 - INFO - Forward frames                         	1,2,3

2024-08-09 21:12:15,404 - INFO - Reverse frames                         	1,2,3

2024-08-09 21:12:15,404 - INFO - Translation table                      	1

2024-08-09 21:12:15,404 - INFO - Translate orf                          	0

2024-08-09 21:12:15,404 - INFO - Use all table starts                   	false

2024-08-09 21:12:15,404 - INFO - Offset of numeric ids                  	0

2024-08-09 21:12:15,404 - INFO - Create lookup                          	0

2024-08-09 21:12:15,404 - INFO - Add orf stop                           	false

2024-08-09 21:12:15,405 - INFO - Overlap between sequences              	0

2024-08-09 21:12:15,405 - INFO - Sequence split mode                    	1

2024-08-09 21:12:15,405 - INFO - Header split mode                      	0

2024-08-09 21:12:15,405 - INFO - Chain overlapping alignments           	0

2024-08-09 21:12:15,405 - INFO - Merge query                            	1

2024-08-09 21:12:15,405 - INFO - Search type                            	0

2024-08-09 21:12:15,405 - INFO - Search iterations                      	1

2024-08-09 21:12:15,405 - INFO - Start sensitivity                      	4

2024-08-09 21:12:15,405 - INFO - Search steps                           	1

2024-08-09 21:12:15,405 - INFO - Exhaustive search mode                 	false

2024-08-09 21:12:15,406 - INFO - Filter results during exhaustive search	0

2024-08-09 21:12:15,406 - INFO - Strand selection                       	1

2024-08-09 21:12:15,406 - INFO - LCA search mode                        	false

2024-08-09 21:12:15,406 - INFO - Disk space limit                       	0

2024-08-09 21:12:15,406 - INFO - MPI runner                             	

2024-08-09 21:12:15,406 - INFO - Force restart with latest tmp          	false

2024-08-09 21:12:15,406 - INFO - Remove temporary files                 	false

2024-08-09 21:12:15,406 - INFO - 

2024-08-09 21:12:15,608 - INFO - prefilter /data/yangy34/database/pharokka/vfdb phage_pharokka/GCA_013114135.1_14|155-62377/vfdb_target_dir/target_seqs phage_pharokka/GCA_013114135.1_14|155-62377/vfdb_tmp_dir//6444118035719872795/pref_0 --sub-mat nucl:nucleotide.out,aa:blosum62.out --seed-sub-mat nucl:nucleotide.out,aa:VTML80.out -k 0 --k-score 2147483647 --alph-size nucl:5,aa:21 --max-seq-len 65535 --max-seqs 300 --split 0 --split-mode 2 --split-memory-limit 0 -c 0.4 --cov-mode 0 --comp-bias-corr 1 --diag-score 1 --exact-kmer-matching 0 --mask 1 --mask-lower-case 0 --min-ungapped-score 15 --add-self-matches 0 --spaced-kmer-mode 1 --db-load-mode 0 --pca 1 --pcb 1.5 --threads 32 --compressed 0 -v 3 -s 8.5 

2024-08-09 21:12:15,609 - INFO - 

2024-08-09 21:12:15,609 - INFO - Query database size: 27504 type: Aminoacid

2024-08-09 21:12:15,609 - INFO - Estimated memory consumption: 978M

2024-08-09 21:12:15,609 - INFO - Target database size: 97 type: Aminoacid

2024-08-09 21:12:15,609 - INFO - Index table k-mer threshold: 87 at k-mer size 6 

2024-08-09 21:12:15,609 - INFO - Index table: counting k-mers

2024-08-09 21:12:15,695 - INFO - [=================================================================] 97 0s 33ms

2024-08-09 21:12:15,695 - INFO - Index table: Masked residues: 196

2024-08-09 21:12:15,695 - INFO - Index table: fill

2024-08-09 21:12:19,342 - INFO - [=================================================================] 97 0s 16ms

2024-08-09 21:12:19,342 - INFO - Index statistics

2024-08-09 21:12:19,342 - INFO - Entries:          18407

2024-08-09 21:12:19,342 - INFO - DB size:          488 MB

2024-08-09 21:12:19,342 - INFO - Avg k-mer size:   0.000288

2024-08-09 21:12:19,342 - INFO - Top 10 k-mers

2024-08-09 21:12:19,342 - INFO -     KKKNGA	2

2024-08-09 21:12:19,342 - INFO -     AAGAVA	2

2024-08-09 21:12:19,342 - INFO -     ESLSIE	2

2024-08-09 21:12:19,342 - INFO -     ISGIAL	2

2024-08-09 21:12:19,342 - INFO -     DFTLFL	2

2024-08-09 21:12:19,342 - INFO -     EKILKQ	2

2024-08-09 21:12:19,342 - INFO -     IEMSES	2

2024-08-09 21:12:19,342 - INFO -     GFNVLS	2

2024-08-09 21:12:19,342 - INFO -     KALAAA	1

2024-08-09 21:12:19,342 - INFO -     MDLAAA	1

2024-08-09 21:12:19,342 - INFO - Time for index table init: 0h 0m 0s 390ms

2024-08-09 21:12:19,342 - INFO - Process prefiltering step 1 of 1

2024-08-09 21:12:19,343 - INFO - 

2024-08-09 21:12:19,343 - INFO - k-mer similarity threshold: 87

2024-08-09 21:12:19,343 - INFO - Starting prefiltering scores calculation (step 1 of 1)

2024-08-09 21:12:19,343 - INFO - Query db start 1 to 27504

2024-08-09 21:12:19,343 - INFO - Target db start 1 to 97

2024-08-09 21:15:09,211 - INFO - [=================================================================] 27.50K 2m 51s 976ms

2024-08-09 21:15:09,211 - INFO - 

2024-08-09 21:15:09,212 - INFO - 3159.764157 k-mers per position

2024-08-09 21:15:09,212 - INFO - 479 DB matches per sequence

2024-08-09 21:15:09,212 - INFO - 0 overflows

2024-08-09 21:15:09,212 - INFO - 0 queries produce too many hits (truncated result)

2024-08-09 21:15:09,212 - INFO - 8 sequences passed prefiltering per query sequence

2024-08-09 21:15:09,212 - INFO - 7 median result list length

2024-08-09 21:15:09,212 - INFO - 1008 sequences with 0 size result lists

2024-08-09 21:15:09,212 - INFO - Time for merging to pref_0: 0h 0m 0s 112ms

2024-08-09 21:15:09,212 - INFO - Time for processing: 0h 2m 53s 799ms

2024-08-09 21:15:10,355 - INFO - align /data/yangy34/database/pharokka/vfdb phage_pharokka/GCA_013114135.1_14|155-62377/vfdb_target_dir/target_seqs phage_pharokka/GCA_013114135.1_14|155-62377/vfdb_tmp_dir//6444118035719872795/pref_0 phage_pharokka/GCA_013114135.1_14|155-62377/vfdb/results_vfdb --sub-mat nucl:nucleotide.out,aa:blosum62.out -a 0 --alignment-mode 2 --alignment-output-mode 0 --wrapped-scoring 0 -e 0.001 --min-seq-id 0.8 --min-aln-len 0 --seq-id-mode 0 --alt-ali 0 -c 0.4 --cov-mode 0 --max-seq-len 65535 --comp-bias-corr 1 --max-rejected 2147483647 --max-accept 2147483647 --add-self-matches 0 --db-load-mode 0 --pca 1 --pcb 1.5 --score-bias 0 --realign 0 --realign-score-bias -0.2 --realign-max-seqs 2147483647 --gap-open nucl:5,aa:11 --gap-extend nucl:2,aa:1 --zdrop 40 --threads 32 --compressed 0 -v 3 

2024-08-09 21:15:10,355 - INFO - 

2024-08-09 21:15:10,355 - INFO - Compute score and coverage

2024-08-09 21:15:10,355 - INFO - Query database size: 27504 type: Aminoacid

2024-08-09 21:15:10,356 - INFO - Target database size: 97 type: Aminoacid

2024-08-09 21:15:10,356 - INFO - Calculation of alignments

2024-08-09 21:15:11,686 - INFO - [=================================================================] 27.50K 0s 346ms

2024-08-09 21:15:11,686 - INFO - Time for merging to results_vfdb: 0h 0m 0s 959ms

2024-08-09 21:15:11,686 - INFO - 125758 alignments calculated

2024-08-09 21:15:11,686 - INFO - 0 sequence pairs passed the thresholds (0.000000 of overall calculated)

2024-08-09 21:15:11,686 - INFO - 0.000000 hits per query sequence

2024-08-09 21:15:11,686 - INFO - Time for processing: 0h 0m 2s 457ms

2024-08-09 21:15:14,229 - INFO - createtsv /data/yangy34/database/pharokka/vfdb phage_pharokka/GCA_013114135.1_14|155-62377/vfdb_target_dir/target_seqs phage_pharokka/GCA_013114135.1_14|155-62377/vfdb/results_vfdb phage_pharokka/GCA_013114135.1_14|155-62377/vfdb_results.tsv --full-header --threads 32 

2024-08-09 21:15:14,229 - INFO - 

2024-08-09 21:15:14,229 - INFO - MMseqs Version:                 	13.45111

2024-08-09 21:15:14,229 - INFO - First sequence as representative	false

2024-08-09 21:15:14,229 - INFO - Target column                   	1

2024-08-09 21:15:14,229 - INFO - Add full header                 	true

2024-08-09 21:15:14,229 - INFO - Sequence source                 	0

2024-08-09 21:15:14,229 - INFO - Database output                 	false

2024-08-09 21:15:14,229 - INFO - Threads                         	32

2024-08-09 21:15:14,229 - INFO - Compressed                      	0

2024-08-09 21:15:14,229 - INFO - Verbosity                       	3

2024-08-09 21:15:14,229 - INFO - 

2024-08-09 21:15:14,229 - INFO - Time for merging to vfdb_results.tsv: 0h 0m 1s 326ms

2024-08-09 21:15:14,229 - INFO - Time for processing: 0h 0m 2s 533ms

2024-08-09 21:15:14,251 - INFO - Post Processing Output.
2024-08-09 21:15:14,492 - INFO - Converting gff to genbank.
2024-08-09 21:15:14,514 - WARNING - /gpfs/gsfs12/users/yangy34/softwares/mambaforge/envs/pharokka-env/lib/python3.10/site-packages/Bio/SeqIO/InsdcIO.py:728: BiopythonWarning: Increasing length of locus line to allow long name. This will result in fields that are not in usual positions.
  warnings.warn(

2024-08-09 21:15:14,540 - INFO - Terminase large subunit found.
2024-08-09 21:15:14,545 - INFO - Finding the closest match for each contig in INPHARED using mash.
2024-08-09 21:15:14,609 - INFO - Sketching GCA_013114135_6_phages_vs2/GCA_013114135.1_14_155_62377_prophage.fasta...

2024-08-09 21:15:14,616 - INFO - Writing to phage_pharokka/GCA_013114135.1_14|155-62377/input_mash_sketch.msh...

2024-08-09 21:15:15,834 - INFO - pharokka has finished
2024-08-09 21:15:15,835 - INFO - Elapsed time: 397.33 seconds
2024-08-09 21:15:15,835 - INFO - If you use pharokka in your research, please cite:
2024-08-09 21:15:15,835 - INFO - George Bouras, Roshan Nepal, Ghais Houtak, Alkis James Psaltis, Peter-John Wormald, Sarah Vreugde.
2024-08-09 21:15:15,835 - INFO - Pharokka: a fast scalable bacteriophage annotation tool.
2024-08-09 21:15:15,835 - INFO - Bioinformatics, Volume 39, Issue 1, January 2023, btac776.
2024-08-09 21:15:15,835 - INFO - https://doi.org/10.1093/bioinformatics/btac776.
2024-08-09 21:15:15,835 - INFO - You should also cite the full list of tools pharokka uses, which can be found at https://github.com/gbouras13/pharokka#citation.
