2024-08-08 22:26:58,099 - INFO - Starting pharokka v1.3.2
2024-08-08 22:26:58,099 - INFO - Input args: Namespace(infile='GCA_015343595.1_53_phages/GCA_015343595.1_856_8_2013_prophage.fasta', outdir='phage_pharokka/GCA_015343595.1_856|8-2013', database='/data/yangy34/database/pharokka', threads='32', force=False, prefix='Default', locustag='Default', gene_predictor='phanotate', meta=False, split=False, coding_table='11', evalue='1E-05', terminase=False, terminase_strand='nothing', terminase_start='nothing', citation=False)
2024-08-08 22:26:58,100 - INFO - Checking database installation.
2024-08-08 22:26:58,119 - INFO - All databases have been successfully checked.
2024-08-08 22:26:58,119 - INFO - Checking dependencies.
2024-08-08 22:26:59,108 - INFO - phan_out version found is v1.5.1.
2024-08-08 22:26:59,108 - INFO - Phanotate version is ok.
2024-08-08 22:26:59,169 - INFO - MMseqs2 version found is v13.45111.
2024-08-08 22:26:59,169 - INFO - MMseqs2 version is ok.
2024-08-08 22:27:00,032 - INFO - tRNAscan-SE version found is v2.45111.11.
2024-08-08 22:27:00,032 - INFO - tRNAscan-SE version is ok.
2024-08-08 22:27:00,540 - INFO - MinCED version found is v0.4.2.
2024-08-08 22:27:00,540 - INFO - MinCED version is ok.
2024-08-08 22:27:00,559 - INFO - ARAGORN version found is v1.2.41.
2024-08-08 22:27:00,559 - INFO - ARAGORN version is ok.
2024-08-08 22:27:00,638 - INFO - mash version found is v2.2.
2024-08-08 22:27:00,638 - INFO - mash version is ok.
2024-08-08 22:27:00,858 - INFO - Running Phanotate.
2024-08-08 22:27:02,777 - INFO - Translating gene predicted fastas.
2024-08-08 22:27:02,803 - INFO - Starting tRNA-scanSE
2024-08-08 22:27:02,954 - INFO - 

2024-08-08 22:27:02,954 - INFO - tRNAscan-SE v.2.0.11 (Oct 2022) - scan sequences for transfer RNAs

2024-08-08 22:27:02,954 - INFO - Copyright (C) 2022 Patricia Chan and Todd Lowe

2024-08-08 22:27:02,954 - INFO -                    University of California Santa Cruz

2024-08-08 22:27:02,954 - INFO - Freely distributed under the GNU General Public License (GPLv3)

2024-08-08 22:27:02,954 - INFO - 

2024-08-08 22:27:02,954 - INFO - ------------------------------------------------------------

2024-08-08 22:27:02,955 - INFO - Sequence file(s) to search:        GCA_015343595.1_53_phages/GCA_015343595.1_856_8_2013_prophage.fasta

2024-08-08 22:27:02,955 - INFO - Search Mode:                       General

2024-08-08 22:27:02,955 - INFO - Results written to:                Standard output

2024-08-08 22:27:02,955 - INFO - Output format:                     Tabular

2024-08-08 22:27:02,955 - INFO - Searching with:                    Infernal single-pass scan

2024-08-08 22:27:02,955 - INFO -                                    Fast mode

2024-08-08 22:27:02,955 - INFO - Covariance model:                  /gpfs/gsfs12/users/yangy34/softwares/mambaforge/envs/pharokka-env/lib/tRNAscan-SE/models/TRNAinf.cm

2024-08-08 22:27:02,955 - INFO - 

2024-08-08 22:27:02,955 - INFO - Temporary directory:               /tmp

2024-08-08 22:27:02,955 - INFO - tRNA predictions saved to:         phage_pharokka/GCA_015343595.1_856|8-2013/trnascan_out.gff

2024-08-08 22:27:02,955 - INFO - ------------------------------------------------------------

2024-08-08 22:27:02,955 - INFO - 

2024-08-08 22:27:03,073 - INFO - No tRNAs found.

2024-08-08 22:27:03,073 - INFO - 

2024-08-08 22:27:03,090 - INFO - Running MinCED.
2024-08-08 22:27:03,242 - INFO - Running Aragorn.
2024-08-08 22:27:03,245 - INFO - Starting MMseqs2.
2024-08-08 22:27:03,245 - INFO - Running MMseqs2 on PHROGs Database.
2024-08-08 22:27:03,355 - INFO - createdb phage_pharokka/GCA_015343595.1_856|8-2013/phanotate_aas_tmp.fasta phage_pharokka/GCA_015343595.1_856|8-2013/target_dir/target_seqs 

2024-08-08 22:27:03,355 - INFO - 

2024-08-08 22:27:03,355 - INFO - MMseqs Version:       	13.45111

2024-08-08 22:27:03,355 - INFO - Database type         	0

2024-08-08 22:27:03,355 - INFO - Shuffle input database	true

2024-08-08 22:27:03,355 - INFO - Createdb mode         	0

2024-08-08 22:27:03,356 - INFO - Write lookup file     	1

2024-08-08 22:27:03,356 - INFO - Offset of numeric ids 	0

2024-08-08 22:27:03,356 - INFO - Compressed            	0

2024-08-08 22:27:03,356 - INFO - Verbosity             	3

2024-08-08 22:27:03,356 - INFO - 

2024-08-08 22:27:03,356 - INFO - Converting sequences

2024-08-08 22:27:03,357 - INFO - [

2024-08-08 22:27:03,357 - INFO - Time for merging to target_seqs_h: 0h 0m 0s 23ms

2024-08-08 22:27:03,357 - INFO - Time for merging to target_seqs: 0h 0m 0s 22ms

2024-08-08 22:27:03,357 - INFO - Database type: Aminoacid

2024-08-08 22:27:03,357 - INFO - Time for processing: 0h 0m 0s 99ms

2024-08-08 22:27:03,367 - INFO - Create directory phage_pharokka/GCA_015343595.1_856|8-2013/tmp_dir/

2024-08-08 22:27:03,367 - INFO - search -e 1E-05 /data/yangy34/database/pharokka/phrogs_profile_db phage_pharokka/GCA_015343595.1_856|8-2013/target_dir/target_seqs phage_pharokka/GCA_015343595.1_856|8-2013/mmseqs/results_mmseqs phage_pharokka/GCA_015343595.1_856|8-2013/tmp_dir/ -s 8.5 --threads 32 

2024-08-08 22:27:03,368 - INFO - 

2024-08-08 22:27:03,368 - INFO - MMseqs Version:                        	13.45111

2024-08-08 22:27:03,368 - INFO - Substitution matrix                    	nucl:nucleotide.out,aa:blosum62.out

2024-08-08 22:27:03,368 - INFO - Add backtrace                          	false

2024-08-08 22:27:03,368 - INFO - Alignment mode                         	2

2024-08-08 22:27:03,368 - INFO - Alignment mode                         	0

2024-08-08 22:27:03,368 - INFO - Allow wrapped scoring                  	false

2024-08-08 22:27:03,368 - INFO - E-value threshold                      	1e-05

2024-08-08 22:27:03,368 - INFO - Seq. id. threshold                     	0

2024-08-08 22:27:03,368 - INFO - Min alignment length                   	0

2024-08-08 22:27:03,368 - INFO - Seq. id. mode                          	0

2024-08-08 22:27:03,368 - INFO - Alternative alignments                 	0

2024-08-08 22:27:03,368 - INFO - Coverage threshold                     	0

2024-08-08 22:27:03,368 - INFO - Coverage mode                          	0

2024-08-08 22:27:03,368 - INFO - Max sequence length                    	65535

2024-08-08 22:27:03,368 - INFO - Compositional bias                     	1

2024-08-08 22:27:03,368 - INFO - Max reject                             	2147483647

2024-08-08 22:27:03,368 - INFO - Max accept                             	2147483647

2024-08-08 22:27:03,368 - INFO - Include identical seq. id.             	false

2024-08-08 22:27:03,368 - INFO - Preload mode                           	0

2024-08-08 22:27:03,368 - INFO - Pseudo count a                         	1

2024-08-08 22:27:03,368 - INFO - Pseudo count b                         	1.5

2024-08-08 22:27:03,368 - INFO - Score bias                             	0

2024-08-08 22:27:03,368 - INFO - Realign hits                           	false

2024-08-08 22:27:03,369 - INFO - Realign score bias                     	-0.2

2024-08-08 22:27:03,369 - INFO - Realign max seqs                       	2147483647

2024-08-08 22:27:03,369 - INFO - Gap open cost                          	nucl:5,aa:11

2024-08-08 22:27:03,369 - INFO - Gap extension cost                     	nucl:2,aa:1

2024-08-08 22:27:03,369 - INFO - Zdrop                                  	40

2024-08-08 22:27:03,369 - INFO - Threads                                	32

2024-08-08 22:27:03,369 - INFO - Compressed                             	0

2024-08-08 22:27:03,369 - INFO - Verbosity                              	3

2024-08-08 22:27:03,369 - INFO - Seed substitution matrix               	nucl:nucleotide.out,aa:VTML80.out

2024-08-08 22:27:03,369 - INFO - Sensitivity                            	8.5

2024-08-08 22:27:03,369 - INFO - k-mer length                           	0

2024-08-08 22:27:03,369 - INFO - k-score                                	2147483647

2024-08-08 22:27:03,369 - INFO - Alphabet size                          	nucl:5,aa:21

2024-08-08 22:27:03,369 - INFO - Max results per query                  	300

2024-08-08 22:27:03,369 - INFO - Split database                         	0

2024-08-08 22:27:03,369 - INFO - Split mode                             	2

2024-08-08 22:27:03,369 - INFO - Split memory limit                     	0

2024-08-08 22:27:03,369 - INFO - Diagonal scoring                       	true

2024-08-08 22:27:03,369 - INFO - Exact k-mer matching                   	0

2024-08-08 22:27:03,369 - INFO - Mask residues                          	1

2024-08-08 22:27:03,369 - INFO - Mask lower case residues               	0

2024-08-08 22:27:03,369 - INFO - Minimum diagonal score                 	15

2024-08-08 22:27:03,369 - INFO - Spaced k-mers                          	1

2024-08-08 22:27:03,369 - INFO - Spaced k-mer pattern                   	

2024-08-08 22:27:03,370 - INFO - Local temporary path                   	

2024-08-08 22:27:03,370 - INFO - Rescore mode                           	0

2024-08-08 22:27:03,370 - INFO - Remove hits by seq. id. and coverage   	false

2024-08-08 22:27:03,370 - INFO - Sort results                           	0

2024-08-08 22:27:03,370 - INFO - Mask profile                           	1

2024-08-08 22:27:03,370 - INFO - Profile E-value threshold              	0.1

2024-08-08 22:27:03,370 - INFO - Global sequence weighting              	false

2024-08-08 22:27:03,370 - INFO - Allow deletions                        	false

2024-08-08 22:27:03,370 - INFO - Filter MSA                             	1

2024-08-08 22:27:03,370 - INFO - Maximum seq. id. threshold             	0.9

2024-08-08 22:27:03,370 - INFO - Minimum seq. id.                       	0

2024-08-08 22:27:03,370 - INFO - Minimum score per column               	-20

2024-08-08 22:27:03,370 - INFO - Minimum coverage                       	0

2024-08-08 22:27:03,370 - INFO - Select N most diverse seqs             	1000

2024-08-08 22:27:03,370 - INFO - Min codons in orf                      	30

2024-08-08 22:27:03,370 - INFO - Max codons in length                   	32734

2024-08-08 22:27:03,370 - INFO - Max orf gaps                           	2147483647

2024-08-08 22:27:03,370 - INFO - Contig start mode                      	2

2024-08-08 22:27:03,370 - INFO - Contig end mode                        	2

2024-08-08 22:27:03,370 - INFO - Orf start mode                         	1

2024-08-08 22:27:03,370 - INFO - Forward frames                         	1,2,3

2024-08-08 22:27:03,370 - INFO - Reverse frames                         	1,2,3

2024-08-08 22:27:03,370 - INFO - Translation table                      	1

2024-08-08 22:27:03,370 - INFO - Translate orf                          	0

2024-08-08 22:27:03,371 - INFO - Use all table starts                   	false

2024-08-08 22:27:03,371 - INFO - Offset of numeric ids                  	0

2024-08-08 22:27:03,371 - INFO - Create lookup                          	0

2024-08-08 22:27:03,371 - INFO - Add orf stop                           	false

2024-08-08 22:27:03,371 - INFO - Overlap between sequences              	0

2024-08-08 22:27:03,371 - INFO - Sequence split mode                    	1

2024-08-08 22:27:03,371 - INFO - Header split mode                      	0

2024-08-08 22:27:03,371 - INFO - Chain overlapping alignments           	0

2024-08-08 22:27:03,371 - INFO - Merge query                            	1

2024-08-08 22:27:03,371 - INFO - Search type                            	0

2024-08-08 22:27:03,371 - INFO - Search iterations                      	1

2024-08-08 22:27:03,371 - INFO - Start sensitivity                      	4

2024-08-08 22:27:03,371 - INFO - Search steps                           	1

2024-08-08 22:27:03,371 - INFO - Exhaustive search mode                 	false

2024-08-08 22:27:03,371 - INFO - Filter results during exhaustive search	0

2024-08-08 22:27:03,371 - INFO - Strand selection                       	1

2024-08-08 22:27:03,371 - INFO - LCA search mode                        	false

2024-08-08 22:27:03,371 - INFO - Disk space limit                       	0

2024-08-08 22:27:03,371 - INFO - MPI runner                             	

2024-08-08 22:27:03,371 - INFO - Force restart with latest tmp          	false

2024-08-08 22:27:03,371 - INFO - Remove temporary files                 	false

2024-08-08 22:27:03,371 - INFO - 

2024-08-08 22:27:03,531 - INFO - prefilter /data/yangy34/database/pharokka/phrogs_profile_db phage_pharokka/GCA_015343595.1_856|8-2013/target_dir/target_seqs phage_pharokka/GCA_015343595.1_856|8-2013/tmp_dir//13862297915095893105/pref_0 --sub-mat nucl:nucleotide.out,aa:blosum62.out --seed-sub-mat nucl:nucleotide.out,aa:VTML80.out -k 0 --k-score 2147483647 --alph-size nucl:5,aa:21 --max-seq-len 65535 --max-seqs 300 --split 0 --split-mode 2 --split-memory-limit 0 -c 0 --cov-mode 0 --comp-bias-corr 1 --diag-score 1 --exact-kmer-matching 0 --mask 1 --mask-lower-case 0 --min-ungapped-score 15 --add-self-matches 0 --spaced-kmer-mode 1 --db-load-mode 0 --pca 1 --pcb 1.5 --threads 32 --compressed 0 -v 3 -s 8.5 

2024-08-08 22:27:03,532 - INFO - 

2024-08-08 22:27:03,532 - INFO - Query database size: 38880 type: Profile

2024-08-08 22:27:03,532 - INFO - Estimated memory consumption: 488M

2024-08-08 22:27:03,532 - INFO - Target database size: 3 type: Aminoacid

2024-08-08 22:27:03,532 - INFO - Index table k-mer threshold: 0 at k-mer size 6 

2024-08-08 22:27:03,532 - INFO - Index table: counting k-mers

2024-08-08 22:27:03,667 - INFO - [=================================================================] 3 0s 2ms

2024-08-08 22:27:03,667 - INFO - Index table: Masked residues: 0

2024-08-08 22:27:03,667 - INFO - Index table: fill

2024-08-08 22:27:04,939 - INFO - [=================================================================] 3 0s 0ms

2024-08-08 22:27:04,939 - INFO - Index statistics

2024-08-08 22:27:04,939 - INFO - Entries:          624

2024-08-08 22:27:04,939 - INFO - DB size:          488 MB

2024-08-08 22:27:04,939 - INFO - Avg k-mer size:   0.000010

2024-08-08 22:27:04,939 - INFO - Top 10 k-mers

2024-08-08 22:27:04,939 - INFO -     INISAA	1

2024-08-08 22:27:04,940 - INFO -     NDYEDA	1

2024-08-08 22:27:04,940 - INFO -     IANQDA	1

2024-08-08 22:27:04,940 - INFO -     SQYAEA	1

2024-08-08 22:27:04,940 - INFO -     FLSKEA	1

2024-08-08 22:27:04,940 - INFO -     IFVDIA	1

2024-08-08 22:27:04,940 - INFO -     EGEHIA	1

2024-08-08 22:27:04,940 - INFO -     INGMIA	1

2024-08-08 22:27:04,940 - INFO -     KVNQIA	1

2024-08-08 22:27:04,940 - INFO -     ERFVIA	1

2024-08-08 22:27:04,940 - INFO - Time for index table init: 0h 0m 0s 425ms

2024-08-08 22:27:04,940 - INFO - Process prefiltering step 1 of 1

2024-08-08 22:27:04,940 - INFO - 

2024-08-08 22:27:04,940 - INFO - k-mer similarity threshold: 81

2024-08-08 22:27:04,941 - INFO - Starting prefiltering scores calculation (step 1 of 1)

2024-08-08 22:27:04,941 - INFO - Query db start 1 to 38880

2024-08-08 22:27:04,941 - INFO - Target db start 1 to 3

2024-08-08 22:28:08,969 - INFO - [=================================================================] 38.88K 1m 4s 924ms

2024-08-08 22:28:08,969 - INFO - 

2024-08-08 22:28:08,970 - INFO - 5386.328443 k-mers per position

2024-08-08 22:28:08,970 - INFO - 8 DB matches per sequence

2024-08-08 22:28:08,970 - INFO - 0 overflows

2024-08-08 22:28:08,970 - INFO - 0 queries produce too many hits (truncated result)

2024-08-08 22:28:08,970 - INFO - 0 sequences passed prefiltering per query sequence

2024-08-08 22:28:08,970 - INFO - 0 median result list length

2024-08-08 22:28:08,970 - INFO - 32285 sequences with 0 size result lists

2024-08-08 22:28:08,970 - INFO - Time for merging to pref_0: 0h 0m 0s 24ms

2024-08-08 22:28:08,970 - INFO - Time for processing: 0h 1m 5s 592ms

2024-08-08 22:28:09,068 - INFO - align /data/yangy34/database/pharokka/phrogs_profile_db phage_pharokka/GCA_015343595.1_856|8-2013/target_dir/target_seqs phage_pharokka/GCA_015343595.1_856|8-2013/tmp_dir//13862297915095893105/pref_0 phage_pharokka/GCA_015343595.1_856|8-2013/mmseqs/results_mmseqs --sub-mat nucl:nucleotide.out,aa:blosum62.out -a 0 --alignment-mode 2 --alignment-output-mode 0 --wrapped-scoring 0 -e 1e-05 --min-seq-id 0 --min-aln-len 0 --seq-id-mode 0 --alt-ali 0 -c 0 --cov-mode 0 --max-seq-len 65535 --comp-bias-corr 1 --max-rejected 2147483647 --max-accept 2147483647 --add-self-matches 0 --db-load-mode 0 --pca 1 --pcb 1.5 --score-bias 0 --realign 0 --realign-score-bias -0.2 --realign-max-seqs 2147483647 --gap-open nucl:5,aa:11 --gap-extend nucl:2,aa:1 --zdrop 40 --threads 32 --compressed 0 -v 3 

2024-08-08 22:28:09,068 - INFO - 

2024-08-08 22:28:09,068 - INFO - Compute score and coverage

2024-08-08 22:28:09,068 - INFO - Query database size: 38880 type: Profile

2024-08-08 22:28:09,068 - INFO - Target database size: 3 type: Aminoacid

2024-08-08 22:28:09,068 - INFO - Calculation of alignments

2024-08-08 22:28:09,321 - INFO - [=================================================================] 38.88K 0s 245ms

2024-08-08 22:28:09,321 - INFO - Time for merging to results_mmseqs: 0h 0m 0s 22ms

2024-08-08 22:28:09,321 - INFO - 7135 alignments calculated

2024-08-08 22:28:09,321 - INFO - 6 sequence pairs passed the thresholds (0.000841 of overall calculated)

2024-08-08 22:28:09,321 - INFO - 0.000154 hits per query sequence

2024-08-08 22:28:09,321 - INFO - Time for processing: 0h 0m 0s 344ms

2024-08-08 22:28:09,423 - INFO - createtsv /data/yangy34/database/pharokka/phrogs_profile_db phage_pharokka/GCA_015343595.1_856|8-2013/target_dir/target_seqs phage_pharokka/GCA_015343595.1_856|8-2013/mmseqs/results_mmseqs phage_pharokka/GCA_015343595.1_856|8-2013/mmseqs_results.tsv --full-header --threads 32 

2024-08-08 22:28:09,423 - INFO - 

2024-08-08 22:28:09,423 - INFO - MMseqs Version:                 	13.45111

2024-08-08 22:28:09,423 - INFO - First sequence as representative	false

2024-08-08 22:28:09,423 - INFO - Target column                   	1

2024-08-08 22:28:09,423 - INFO - Add full header                 	true

2024-08-08 22:28:09,423 - INFO - Sequence source                 	0

2024-08-08 22:28:09,423 - INFO - Database output                 	false

2024-08-08 22:28:09,423 - INFO - Threads                         	32

2024-08-08 22:28:09,423 - INFO - Compressed                      	0

2024-08-08 22:28:09,423 - INFO - Verbosity                       	3

2024-08-08 22:28:09,423 - INFO - 

2024-08-08 22:28:09,424 - INFO - Time for merging to mmseqs_results.tsv: 0h 0m 0s 32ms

2024-08-08 22:28:09,424 - INFO - Time for processing: 0h 0m 0s 92ms

2024-08-08 22:28:09,452 - INFO - Running mmseqs2 on CARD.
2024-08-08 22:28:09,517 - INFO - createdb phage_pharokka/GCA_015343595.1_856|8-2013/phanotate_aas_tmp.fasta phage_pharokka/GCA_015343595.1_856|8-2013/CARD_target_dir/target_seqs 

2024-08-08 22:28:09,517 - INFO - 

2024-08-08 22:28:09,517 - INFO - MMseqs Version:       	13.45111

2024-08-08 22:28:09,517 - INFO - Database type         	0

2024-08-08 22:28:09,517 - INFO - Shuffle input database	true

2024-08-08 22:28:09,517 - INFO - Createdb mode         	0

2024-08-08 22:28:09,517 - INFO - Write lookup file     	1

2024-08-08 22:28:09,517 - INFO - Offset of numeric ids 	0

2024-08-08 22:28:09,517 - INFO - Compressed            	0

2024-08-08 22:28:09,517 - INFO - Verbosity             	3

2024-08-08 22:28:09,517 - INFO - 

2024-08-08 22:28:09,517 - INFO - Converting sequences

2024-08-08 22:28:09,517 - INFO - [

2024-08-08 22:28:09,517 - INFO - Time for merging to target_seqs_h: 0h 0m 0s 8ms

2024-08-08 22:28:09,517 - INFO - Time for merging to target_seqs: 0h 0m 0s 21ms

2024-08-08 22:28:09,517 - INFO - Database type: Aminoacid

2024-08-08 22:28:09,517 - INFO - Time for processing: 0h 0m 0s 59ms

2024-08-08 22:28:09,526 - INFO - Create directory phage_pharokka/GCA_015343595.1_856|8-2013/CARD_tmp_dir/

2024-08-08 22:28:09,526 - INFO - search --min-seq-id 0.8 -c 0.4 /data/yangy34/database/pharokka/CARD phage_pharokka/GCA_015343595.1_856|8-2013/CARD_target_dir/target_seqs phage_pharokka/GCA_015343595.1_856|8-2013/CARD/results_CARD phage_pharokka/GCA_015343595.1_856|8-2013/CARD_tmp_dir/ -s 8.5 --threads 32 

2024-08-08 22:28:09,526 - INFO - 

2024-08-08 22:28:09,526 - INFO - MMseqs Version:                        	13.45111

2024-08-08 22:28:09,526 - INFO - Substitution matrix                    	nucl:nucleotide.out,aa:blosum62.out

2024-08-08 22:28:09,527 - INFO - Add backtrace                          	false

2024-08-08 22:28:09,527 - INFO - Alignment mode                         	2

2024-08-08 22:28:09,527 - INFO - Alignment mode                         	0

2024-08-08 22:28:09,527 - INFO - Allow wrapped scoring                  	false

2024-08-08 22:28:09,527 - INFO - E-value threshold                      	0.001

2024-08-08 22:28:09,527 - INFO - Seq. id. threshold                     	0.8

2024-08-08 22:28:09,527 - INFO - Min alignment length                   	0

2024-08-08 22:28:09,527 - INFO - Seq. id. mode                          	0

2024-08-08 22:28:09,527 - INFO - Alternative alignments                 	0

2024-08-08 22:28:09,527 - INFO - Coverage threshold                     	0.4

2024-08-08 22:28:09,527 - INFO - Coverage mode                          	0

2024-08-08 22:28:09,527 - INFO - Max sequence length                    	65535

2024-08-08 22:28:09,527 - INFO - Compositional bias                     	1

2024-08-08 22:28:09,527 - INFO - Max reject                             	2147483647

2024-08-08 22:28:09,527 - INFO - Max accept                             	2147483647

2024-08-08 22:28:09,527 - INFO - Include identical seq. id.             	false

2024-08-08 22:28:09,527 - INFO - Preload mode                           	0

2024-08-08 22:28:09,527 - INFO - Pseudo count a                         	1

2024-08-08 22:28:09,527 - INFO - Pseudo count b                         	1.5

2024-08-08 22:28:09,527 - INFO - Score bias                             	0

2024-08-08 22:28:09,528 - INFO - Realign hits                           	false

2024-08-08 22:28:09,528 - INFO - Realign score bias                     	-0.2

2024-08-08 22:28:09,528 - INFO - Realign max seqs                       	2147483647

2024-08-08 22:28:09,528 - INFO - Gap open cost                          	nucl:5,aa:11

2024-08-08 22:28:09,528 - INFO - Gap extension cost                     	nucl:2,aa:1

2024-08-08 22:28:09,528 - INFO - Zdrop                                  	40

2024-08-08 22:28:09,528 - INFO - Threads                                	32

2024-08-08 22:28:09,528 - INFO - Compressed                             	0

2024-08-08 22:28:09,528 - INFO - Verbosity                              	3

2024-08-08 22:28:09,528 - INFO - Seed substitution matrix               	nucl:nucleotide.out,aa:VTML80.out

2024-08-08 22:28:09,528 - INFO - Sensitivity                            	8.5

2024-08-08 22:28:09,528 - INFO - k-mer length                           	0

2024-08-08 22:28:09,528 - INFO - k-score                                	2147483647

2024-08-08 22:28:09,528 - INFO - Alphabet size                          	nucl:5,aa:21

2024-08-08 22:28:09,528 - INFO - Max results per query                  	300

2024-08-08 22:28:09,528 - INFO - Split database                         	0

2024-08-08 22:28:09,528 - INFO - Split mode                             	2

2024-08-08 22:28:09,529 - INFO - Split memory limit                     	0

2024-08-08 22:28:09,529 - INFO - Diagonal scoring                       	true

2024-08-08 22:28:09,529 - INFO - Exact k-mer matching                   	0

2024-08-08 22:28:09,529 - INFO - Mask residues                          	1

2024-08-08 22:28:09,529 - INFO - Mask lower case residues               	0

2024-08-08 22:28:09,529 - INFO - Minimum diagonal score                 	15

2024-08-08 22:28:09,529 - INFO - Spaced k-mers                          	1

2024-08-08 22:28:09,529 - INFO - Spaced k-mer pattern                   	

2024-08-08 22:28:09,529 - INFO - Local temporary path                   	

2024-08-08 22:28:09,529 - INFO - Rescore mode                           	0

2024-08-08 22:28:09,529 - INFO - Remove hits by seq. id. and coverage   	false

2024-08-08 22:28:09,529 - INFO - Sort results                           	0

2024-08-08 22:28:09,529 - INFO - Mask profile                           	1

2024-08-08 22:28:09,529 - INFO - Profile E-value threshold              	0.1

2024-08-08 22:28:09,529 - INFO - Global sequence weighting              	false

2024-08-08 22:28:09,529 - INFO - Allow deletions                        	false

2024-08-08 22:28:09,529 - INFO - Filter MSA                             	1

2024-08-08 22:28:09,529 - INFO - Maximum seq. id. threshold             	0.9

2024-08-08 22:28:09,529 - INFO - Minimum seq. id.                       	0

2024-08-08 22:28:09,529 - INFO - Minimum score per column               	-20

2024-08-08 22:28:09,529 - INFO - Minimum coverage                       	0

2024-08-08 22:28:09,529 - INFO - Select N most diverse seqs             	1000

2024-08-08 22:28:09,529 - INFO - Min codons in orf                      	30

2024-08-08 22:28:09,530 - INFO - Max codons in length                   	32734

2024-08-08 22:28:09,530 - INFO - Max orf gaps                           	2147483647

2024-08-08 22:28:09,530 - INFO - Contig start mode                      	2

2024-08-08 22:28:09,530 - INFO - Contig end mode                        	2

2024-08-08 22:28:09,530 - INFO - Orf start mode                         	1

2024-08-08 22:28:09,530 - INFO - Forward frames                         	1,2,3

2024-08-08 22:28:09,530 - INFO - Reverse frames                         	1,2,3

2024-08-08 22:28:09,530 - INFO - Translation table                      	1

2024-08-08 22:28:09,530 - INFO - Translate orf                          	0

2024-08-08 22:28:09,530 - INFO - Use all table starts                   	false

2024-08-08 22:28:09,530 - INFO - Offset of numeric ids                  	0

2024-08-08 22:28:09,530 - INFO - Create lookup                          	0

2024-08-08 22:28:09,530 - INFO - Add orf stop                           	false

2024-08-08 22:28:09,530 - INFO - Overlap between sequences              	0

2024-08-08 22:28:09,530 - INFO - Sequence split mode                    	1

2024-08-08 22:28:09,530 - INFO - Header split mode                      	0

2024-08-08 22:28:09,530 - INFO - Chain overlapping alignments           	0

2024-08-08 22:28:09,530 - INFO - Merge query                            	1

2024-08-08 22:28:09,530 - INFO - Search type                            	0

2024-08-08 22:28:09,530 - INFO - Search iterations                      	1

2024-08-08 22:28:09,530 - INFO - Start sensitivity                      	4

2024-08-08 22:28:09,530 - INFO - Search steps                           	1

2024-08-08 22:28:09,531 - INFO - Exhaustive search mode                 	false

2024-08-08 22:28:09,531 - INFO - Filter results during exhaustive search	0

2024-08-08 22:28:09,531 - INFO - Strand selection                       	1

2024-08-08 22:28:09,531 - INFO - LCA search mode                        	false

2024-08-08 22:28:09,531 - INFO - Disk space limit                       	0

2024-08-08 22:28:09,531 - INFO - MPI runner                             	

2024-08-08 22:28:09,531 - INFO - Force restart with latest tmp          	false

2024-08-08 22:28:09,531 - INFO - Remove temporary files                 	false

2024-08-08 22:28:09,531 - INFO - 

2024-08-08 22:28:09,680 - INFO - prefilter /data/yangy34/database/pharokka/CARD phage_pharokka/GCA_015343595.1_856|8-2013/CARD_target_dir/target_seqs phage_pharokka/GCA_015343595.1_856|8-2013/CARD_tmp_dir//15025376063845573362/pref_0 --sub-mat nucl:nucleotide.out,aa:blosum62.out --seed-sub-mat nucl:nucleotide.out,aa:VTML80.out -k 0 --k-score 2147483647 --alph-size nucl:5,aa:21 --max-seq-len 65535 --max-seqs 300 --split 0 --split-mode 2 --split-memory-limit 0 -c 0.4 --cov-mode 0 --comp-bias-corr 1 --diag-score 1 --exact-kmer-matching 0 --mask 1 --mask-lower-case 0 --min-ungapped-score 15 --add-self-matches 0 --spaced-kmer-mode 1 --db-load-mode 0 --pca 1 --pcb 1.5 --threads 32 --compressed 0 -v 3 -s 8.5 

2024-08-08 22:28:09,680 - INFO - 

2024-08-08 22:28:09,680 - INFO - Query database size: 4641 type: Aminoacid

2024-08-08 22:28:09,680 - INFO - Estimated memory consumption: 977M

2024-08-08 22:28:09,680 - INFO - Target database size: 3 type: Aminoacid

2024-08-08 22:28:09,681 - INFO - Index table k-mer threshold: 87 at k-mer size 6 

2024-08-08 22:28:09,681 - INFO - Index table: counting k-mers

2024-08-08 22:28:09,817 - INFO - [=================================================================] 3 0s 4ms

2024-08-08 22:28:09,818 - INFO - Index table: Masked residues: 0

2024-08-08 22:28:09,818 - INFO - Index table: fill

2024-08-08 22:28:10,273 - INFO - [=================================================================] 3 0s 0ms

2024-08-08 22:28:10,273 - INFO - Index statistics

2024-08-08 22:28:10,273 - INFO - Entries:          624

2024-08-08 22:28:10,273 - INFO - DB size:          488 MB

2024-08-08 22:28:10,273 - INFO - Avg k-mer size:   0.000010

2024-08-08 22:28:10,273 - INFO - Top 10 k-mers

2024-08-08 22:28:10,273 - INFO -     INISAA	1

2024-08-08 22:28:10,273 - INFO -     NDYEDA	1

2024-08-08 22:28:10,273 - INFO -     IANQDA	1

2024-08-08 22:28:10,273 - INFO -     SQYAEA	1

2024-08-08 22:28:10,273 - INFO -     FLSKEA	1

2024-08-08 22:28:10,274 - INFO -     IFVDIA	1

2024-08-08 22:28:10,274 - INFO -     EGEHIA	1

2024-08-08 22:28:10,274 - INFO -     INGMIA	1

2024-08-08 22:28:10,274 - INFO -     KVNQIA	1

2024-08-08 22:28:10,274 - INFO -     ERFVIA	1

2024-08-08 22:28:10,274 - INFO - Time for index table init: 0h 0m 0s 434ms

2024-08-08 22:28:10,274 - INFO - Process prefiltering step 1 of 1

2024-08-08 22:28:10,274 - INFO - 

2024-08-08 22:28:10,274 - INFO - k-mer similarity threshold: 87

2024-08-08 22:28:10,274 - INFO - Starting prefiltering scores calculation (step 1 of 1)

2024-08-08 22:28:10,274 - INFO - Query db start 1 to 4641

2024-08-08 22:28:10,274 - INFO - Target db start 1 to 3

2024-08-08 22:28:19,005 - INFO - [=================================================================] 4.64K 8s 771ms

2024-08-08 22:28:19,006 - INFO - 

2024-08-08 22:28:19,006 - INFO - 3883.681631 k-mers per position

2024-08-08 22:28:19,006 - INFO - 11 DB matches per sequence

2024-08-08 22:28:19,006 - INFO - 0 overflows

2024-08-08 22:28:19,006 - INFO - 0 queries produce too many hits (truncated result)

2024-08-08 22:28:19,006 - INFO - 0 sequences passed prefiltering per query sequence

2024-08-08 22:28:19,006 - INFO - 0 median result list length

2024-08-08 22:28:19,006 - INFO - 3281 sequences with 0 size result lists

2024-08-08 22:28:19,006 - INFO - Time for merging to pref_0: 0h 0m 0s 12ms

2024-08-08 22:28:19,006 - INFO - Time for processing: 0h 0m 9s 467ms

2024-08-08 22:28:19,032 - INFO - align /data/yangy34/database/pharokka/CARD phage_pharokka/GCA_015343595.1_856|8-2013/CARD_target_dir/target_seqs phage_pharokka/GCA_015343595.1_856|8-2013/CARD_tmp_dir//15025376063845573362/pref_0 phage_pharokka/GCA_015343595.1_856|8-2013/CARD/results_CARD --sub-mat nucl:nucleotide.out,aa:blosum62.out -a 0 --alignment-mode 2 --alignment-output-mode 0 --wrapped-scoring 0 -e 0.001 --min-seq-id 0.8 --min-aln-len 0 --seq-id-mode 0 --alt-ali 0 -c 0.4 --cov-mode 0 --max-seq-len 65535 --comp-bias-corr 1 --max-rejected 2147483647 --max-accept 2147483647 --add-self-matches 0 --db-load-mode 0 --pca 1 --pcb 1.5 --score-bias 0 --realign 0 --realign-score-bias -0.2 --realign-max-seqs 2147483647 --gap-open nucl:5,aa:11 --gap-extend nucl:2,aa:1 --zdrop 40 --threads 32 --compressed 0 -v 3 

2024-08-08 22:28:19,032 - INFO - 

2024-08-08 22:28:19,032 - INFO - Compute score and coverage

2024-08-08 22:28:19,032 - INFO - Query database size: 4641 type: Aminoacid

2024-08-08 22:28:19,032 - INFO - Target database size: 3 type: Aminoacid

2024-08-08 22:28:19,032 - INFO - Calculation of alignments

2024-08-08 22:28:19,061 - INFO - [=================================================================] 4.64K 0s 20ms

2024-08-08 22:28:19,061 - INFO - Time for merging to results_CARD: 0h 0m 0s 10ms

2024-08-08 22:28:19,061 - INFO - 1317 alignments calculated

2024-08-08 22:28:19,061 - INFO - 0 sequence pairs passed the thresholds (0.000000 of overall calculated)

2024-08-08 22:28:19,061 - INFO - 0.000000 hits per query sequence

2024-08-08 22:28:19,061 - INFO - Time for processing: 0h 0m 0s 48ms

2024-08-08 22:28:19,118 - INFO - createtsv /data/yangy34/database/pharokka/CARD phage_pharokka/GCA_015343595.1_856|8-2013/CARD_target_dir/target_seqs phage_pharokka/GCA_015343595.1_856|8-2013/CARD/results_CARD phage_pharokka/GCA_015343595.1_856|8-2013/CARD_results.tsv --full-header --threads 32 

2024-08-08 22:28:19,118 - INFO - 

2024-08-08 22:28:19,118 - INFO - MMseqs Version:                 	13.45111

2024-08-08 22:28:19,119 - INFO - First sequence as representative	false

2024-08-08 22:28:19,119 - INFO - Target column                   	1

2024-08-08 22:28:19,119 - INFO - Add full header                 	true

2024-08-08 22:28:19,119 - INFO - Sequence source                 	0

2024-08-08 22:28:19,119 - INFO - Database output                 	false

2024-08-08 22:28:19,119 - INFO - Threads                         	32

2024-08-08 22:28:19,119 - INFO - Compressed                      	0

2024-08-08 22:28:19,119 - INFO - Verbosity                       	3

2024-08-08 22:28:19,119 - INFO - 

2024-08-08 22:28:19,119 - INFO - Time for merging to CARD_results.tsv: 0h 0m 0s 15ms

2024-08-08 22:28:19,119 - INFO - Time for processing: 0h 0m 0s 50ms

2024-08-08 22:28:19,123 - INFO - Running mmseqs2 on vfdb.
2024-08-08 22:28:19,187 - INFO - createdb phage_pharokka/GCA_015343595.1_856|8-2013/phanotate_aas_tmp.fasta phage_pharokka/GCA_015343595.1_856|8-2013/vfdb_target_dir/target_seqs 

2024-08-08 22:28:19,187 - INFO - 

2024-08-08 22:28:19,187 - INFO - MMseqs Version:       	13.45111

2024-08-08 22:28:19,187 - INFO - Database type         	0

2024-08-08 22:28:19,187 - INFO - Shuffle input database	true

2024-08-08 22:28:19,187 - INFO - Createdb mode         	0

2024-08-08 22:28:19,187 - INFO - Write lookup file     	1

2024-08-08 22:28:19,187 - INFO - Offset of numeric ids 	0

2024-08-08 22:28:19,187 - INFO - Compressed            	0

2024-08-08 22:28:19,187 - INFO - Verbosity             	3

2024-08-08 22:28:19,187 - INFO - 

2024-08-08 22:28:19,187 - INFO - Converting sequences

2024-08-08 22:28:19,187 - INFO - [

2024-08-08 22:28:19,187 - INFO - Time for merging to target_seqs_h: 0h 0m 0s 7ms

2024-08-08 22:28:19,188 - INFO - Time for merging to target_seqs: 0h 0m 0s 21ms

2024-08-08 22:28:19,188 - INFO - Database type: Aminoacid

2024-08-08 22:28:19,188 - INFO - Time for processing: 0h 0m 0s 58ms

2024-08-08 22:28:19,200 - INFO - Create directory phage_pharokka/GCA_015343595.1_856|8-2013/vfdb_tmp_dir/

2024-08-08 22:28:19,200 - INFO - search --min-seq-id 0.8 -c 0.4 /data/yangy34/database/pharokka/vfdb phage_pharokka/GCA_015343595.1_856|8-2013/vfdb_target_dir/target_seqs phage_pharokka/GCA_015343595.1_856|8-2013/vfdb/results_vfdb phage_pharokka/GCA_015343595.1_856|8-2013/vfdb_tmp_dir/ -s 8.5 --threads 32 

2024-08-08 22:28:19,200 - INFO - 

2024-08-08 22:28:19,200 - INFO - MMseqs Version:                        	13.45111

2024-08-08 22:28:19,200 - INFO - Substitution matrix                    	nucl:nucleotide.out,aa:blosum62.out

2024-08-08 22:28:19,201 - INFO - Add backtrace                          	false

2024-08-08 22:28:19,201 - INFO - Alignment mode                         	2

2024-08-08 22:28:19,201 - INFO - Alignment mode                         	0

2024-08-08 22:28:19,201 - INFO - Allow wrapped scoring                  	false

2024-08-08 22:28:19,201 - INFO - E-value threshold                      	0.001

2024-08-08 22:28:19,201 - INFO - Seq. id. threshold                     	0.8

2024-08-08 22:28:19,201 - INFO - Min alignment length                   	0

2024-08-08 22:28:19,201 - INFO - Seq. id. mode                          	0

2024-08-08 22:28:19,201 - INFO - Alternative alignments                 	0

2024-08-08 22:28:19,201 - INFO - Coverage threshold                     	0.4

2024-08-08 22:28:19,201 - INFO - Coverage mode                          	0

2024-08-08 22:28:19,201 - INFO - Max sequence length                    	65535

2024-08-08 22:28:19,201 - INFO - Compositional bias                     	1

2024-08-08 22:28:19,201 - INFO - Max reject                             	2147483647

2024-08-08 22:28:19,201 - INFO - Max accept                             	2147483647

2024-08-08 22:28:19,201 - INFO - Include identical seq. id.             	false

2024-08-08 22:28:19,201 - INFO - Preload mode                           	0

2024-08-08 22:28:19,201 - INFO - Pseudo count a                         	1

2024-08-08 22:28:19,201 - INFO - Pseudo count b                         	1.5

2024-08-08 22:28:19,201 - INFO - Score bias                             	0

2024-08-08 22:28:19,201 - INFO - Realign hits                           	false

2024-08-08 22:28:19,201 - INFO - Realign score bias                     	-0.2

2024-08-08 22:28:19,201 - INFO - Realign max seqs                       	2147483647

2024-08-08 22:28:19,201 - INFO - Gap open cost                          	nucl:5,aa:11

2024-08-08 22:28:19,202 - INFO - Gap extension cost                     	nucl:2,aa:1

2024-08-08 22:28:19,202 - INFO - Zdrop                                  	40

2024-08-08 22:28:19,202 - INFO - Threads                                	32

2024-08-08 22:28:19,202 - INFO - Compressed                             	0

2024-08-08 22:28:19,202 - INFO - Verbosity                              	3

2024-08-08 22:28:19,202 - INFO - Seed substitution matrix               	nucl:nucleotide.out,aa:VTML80.out

2024-08-08 22:28:19,202 - INFO - Sensitivity                            	8.5

2024-08-08 22:28:19,202 - INFO - k-mer length                           	0

2024-08-08 22:28:19,202 - INFO - k-score                                	2147483647

2024-08-08 22:28:19,202 - INFO - Alphabet size                          	nucl:5,aa:21

2024-08-08 22:28:19,202 - INFO - Max results per query                  	300

2024-08-08 22:28:19,202 - INFO - Split database                         	0

2024-08-08 22:28:19,202 - INFO - Split mode                             	2

2024-08-08 22:28:19,202 - INFO - Split memory limit                     	0

2024-08-08 22:28:19,202 - INFO - Diagonal scoring                       	true

2024-08-08 22:28:19,202 - INFO - Exact k-mer matching                   	0

2024-08-08 22:28:19,202 - INFO - Mask residues                          	1

2024-08-08 22:28:19,202 - INFO - Mask lower case residues               	0

2024-08-08 22:28:19,202 - INFO - Minimum diagonal score                 	15

2024-08-08 22:28:19,202 - INFO - Spaced k-mers                          	1

2024-08-08 22:28:19,202 - INFO - Spaced k-mer pattern                   	

2024-08-08 22:28:19,202 - INFO - Local temporary path                   	

2024-08-08 22:28:19,202 - INFO - Rescore mode                           	0

2024-08-08 22:28:19,202 - INFO - Remove hits by seq. id. and coverage   	false

2024-08-08 22:28:19,203 - INFO - Sort results                           	0

2024-08-08 22:28:19,203 - INFO - Mask profile                           	1

2024-08-08 22:28:19,203 - INFO - Profile E-value threshold              	0.1

2024-08-08 22:28:19,203 - INFO - Global sequence weighting              	false

2024-08-08 22:28:19,203 - INFO - Allow deletions                        	false

2024-08-08 22:28:19,203 - INFO - Filter MSA                             	1

2024-08-08 22:28:19,203 - INFO - Maximum seq. id. threshold             	0.9

2024-08-08 22:28:19,203 - INFO - Minimum seq. id.                       	0

2024-08-08 22:28:19,203 - INFO - Minimum score per column               	-20

2024-08-08 22:28:19,203 - INFO - Minimum coverage                       	0

2024-08-08 22:28:19,203 - INFO - Select N most diverse seqs             	1000

2024-08-08 22:28:19,203 - INFO - Min codons in orf                      	30

2024-08-08 22:28:19,203 - INFO - Max codons in length                   	32734

2024-08-08 22:28:19,203 - INFO - Max orf gaps                           	2147483647

2024-08-08 22:28:19,203 - INFO - Contig start mode                      	2

2024-08-08 22:28:19,203 - INFO - Contig end mode                        	2

2024-08-08 22:28:19,203 - INFO - Orf start mode                         	1

2024-08-08 22:28:19,203 - INFO - Forward frames                         	1,2,3

2024-08-08 22:28:19,203 - INFO - Reverse frames                         	1,2,3

2024-08-08 22:28:19,203 - INFO - Translation table                      	1

2024-08-08 22:28:19,203 - INFO - Translate orf                          	0

2024-08-08 22:28:19,203 - INFO - Use all table starts                   	false

2024-08-08 22:28:19,203 - INFO - Offset of numeric ids                  	0

2024-08-08 22:28:19,203 - INFO - Create lookup                          	0

2024-08-08 22:28:19,203 - INFO - Add orf stop                           	false

2024-08-08 22:28:19,204 - INFO - Overlap between sequences              	0

2024-08-08 22:28:19,204 - INFO - Sequence split mode                    	1

2024-08-08 22:28:19,204 - INFO - Header split mode                      	0

2024-08-08 22:28:19,204 - INFO - Chain overlapping alignments           	0

2024-08-08 22:28:19,204 - INFO - Merge query                            	1

2024-08-08 22:28:19,204 - INFO - Search type                            	0

2024-08-08 22:28:19,204 - INFO - Search iterations                      	1

2024-08-08 22:28:19,204 - INFO - Start sensitivity                      	4

2024-08-08 22:28:19,204 - INFO - Search steps                           	1

2024-08-08 22:28:19,204 - INFO - Exhaustive search mode                 	false

2024-08-08 22:28:19,204 - INFO - Filter results during exhaustive search	0

2024-08-08 22:28:19,204 - INFO - Strand selection                       	1

2024-08-08 22:28:19,204 - INFO - LCA search mode                        	false

2024-08-08 22:28:19,204 - INFO - Disk space limit                       	0

2024-08-08 22:28:19,204 - INFO - MPI runner                             	

2024-08-08 22:28:19,204 - INFO - Force restart with latest tmp          	false

2024-08-08 22:28:19,204 - INFO - Remove temporary files                 	false

2024-08-08 22:28:19,204 - INFO - 

2024-08-08 22:28:19,359 - INFO - prefilter /data/yangy34/database/pharokka/vfdb phage_pharokka/GCA_015343595.1_856|8-2013/vfdb_target_dir/target_seqs phage_pharokka/GCA_015343595.1_856|8-2013/vfdb_tmp_dir//989382780745026131/pref_0 --sub-mat nucl:nucleotide.out,aa:blosum62.out --seed-sub-mat nucl:nucleotide.out,aa:VTML80.out -k 0 --k-score 2147483647 --alph-size nucl:5,aa:21 --max-seq-len 65535 --max-seqs 300 --split 0 --split-mode 2 --split-memory-limit 0 -c 0.4 --cov-mode 0 --comp-bias-corr 1 --diag-score 1 --exact-kmer-matching 0 --mask 1 --mask-lower-case 0 --min-ungapped-score 15 --add-self-matches 0 --spaced-kmer-mode 1 --db-load-mode 0 --pca 1 --pcb 1.5 --threads 32 --compressed 0 -v 3 -s 8.5 

2024-08-08 22:28:19,360 - INFO - 

2024-08-08 22:28:19,360 - INFO - Query database size: 27504 type: Aminoacid

2024-08-08 22:28:19,360 - INFO - Estimated memory consumption: 977M

2024-08-08 22:28:19,360 - INFO - Target database size: 3 type: Aminoacid

2024-08-08 22:28:19,360 - INFO - Index table k-mer threshold: 87 at k-mer size 6 

2024-08-08 22:28:19,360 - INFO - Index table: counting k-mers

2024-08-08 22:28:19,519 - INFO - [=================================================================] 3 0s 5ms

2024-08-08 22:28:19,519 - INFO - Index table: Masked residues: 0

2024-08-08 22:28:19,519 - INFO - Index table: fill

2024-08-08 22:28:20,816 - INFO - [=================================================================] 3 0s 2ms

2024-08-08 22:28:20,816 - INFO - Index statistics

2024-08-08 22:28:20,816 - INFO - Entries:          624

2024-08-08 22:28:20,816 - INFO - DB size:          488 MB

2024-08-08 22:28:20,816 - INFO - Avg k-mer size:   0.000010

2024-08-08 22:28:20,816 - INFO - Top 10 k-mers

2024-08-08 22:28:20,816 - INFO -     INISAA	1

2024-08-08 22:28:20,816 - INFO -     NDYEDA	1

2024-08-08 22:28:20,816 - INFO -     IANQDA	1

2024-08-08 22:28:20,816 - INFO -     SQYAEA	1

2024-08-08 22:28:20,816 - INFO -     FLSKEA	1

2024-08-08 22:28:20,816 - INFO -     IFVDIA	1

2024-08-08 22:28:20,817 - INFO -     EGEHIA	1

2024-08-08 22:28:20,817 - INFO -     INGMIA	1

2024-08-08 22:28:20,817 - INFO -     KVNQIA	1

2024-08-08 22:28:20,817 - INFO -     ERFVIA	1

2024-08-08 22:28:20,817 - INFO - Time for index table init: 0h 0m 0s 483ms

2024-08-08 22:28:20,817 - INFO - Process prefiltering step 1 of 1

2024-08-08 22:28:20,817 - INFO - 

2024-08-08 22:28:20,817 - INFO - k-mer similarity threshold: 87

2024-08-08 22:28:20,817 - INFO - Starting prefiltering scores calculation (step 1 of 1)

2024-08-08 22:28:20,817 - INFO - Query db start 1 to 27504

2024-08-08 22:28:20,817 - INFO - Target db start 1 to 3

2024-08-08 22:29:24,720 - INFO - [=================================================================] 27.50K 1m 4s 435ms

2024-08-08 22:29:24,720 - INFO - 

2024-08-08 22:29:24,720 - INFO - 3159.764157 k-mers per position

2024-08-08 22:29:24,720 - INFO - 16 DB matches per sequence

2024-08-08 22:29:24,720 - INFO - 0 overflows

2024-08-08 22:29:24,720 - INFO - 0 queries produce too many hits (truncated result)

2024-08-08 22:29:24,720 - INFO - 0 sequences passed prefiltering per query sequence

2024-08-08 22:29:24,720 - INFO - 0 median result list length

2024-08-08 22:29:24,720 - INFO - 20496 sequences with 0 size result lists

2024-08-08 22:29:24,720 - INFO - Time for merging to pref_0: 0h 0m 0s 20ms

2024-08-08 22:29:24,720 - INFO - Time for processing: 0h 1m 5s 510ms

2024-08-08 22:29:24,767 - INFO - align /data/yangy34/database/pharokka/vfdb phage_pharokka/GCA_015343595.1_856|8-2013/vfdb_target_dir/target_seqs phage_pharokka/GCA_015343595.1_856|8-2013/vfdb_tmp_dir//989382780745026131/pref_0 phage_pharokka/GCA_015343595.1_856|8-2013/vfdb/results_vfdb --sub-mat nucl:nucleotide.out,aa:blosum62.out -a 0 --alignment-mode 2 --alignment-output-mode 0 --wrapped-scoring 0 -e 0.001 --min-seq-id 0.8 --min-aln-len 0 --seq-id-mode 0 --alt-ali 0 -c 0.4 --cov-mode 0 --max-seq-len 65535 --comp-bias-corr 1 --max-rejected 2147483647 --max-accept 2147483647 --add-self-matches 0 --db-load-mode 0 --pca 1 --pcb 1.5 --score-bias 0 --realign 0 --realign-score-bias -0.2 --realign-max-seqs 2147483647 --gap-open nucl:5,aa:11 --gap-extend nucl:2,aa:1 --zdrop 40 --threads 32 --compressed 0 -v 3 

2024-08-08 22:29:24,767 - INFO - 

2024-08-08 22:29:24,767 - INFO - Compute score and coverage

2024-08-08 22:29:24,767 - INFO - Query database size: 27504 type: Aminoacid

2024-08-08 22:29:24,768 - INFO - Target database size: 3 type: Aminoacid

2024-08-08 22:29:24,768 - INFO - Calculation of alignments

2024-08-08 22:29:24,845 - INFO - [=================================================================] 27.50K 0s 57ms

2024-08-08 22:29:24,845 - INFO - Time for merging to results_vfdb: 0h 0m 0s 17ms

2024-08-08 22:29:24,845 - INFO - 4842 alignments calculated

2024-08-08 22:29:24,845 - INFO - 0 sequence pairs passed the thresholds (0.000000 of overall calculated)

2024-08-08 22:29:24,845 - INFO - 0.000000 hits per query sequence

2024-08-08 22:29:24,845 - INFO - Time for processing: 0h 0m 0s 116ms

2024-08-08 22:29:24,968 - INFO - createtsv /data/yangy34/database/pharokka/vfdb phage_pharokka/GCA_015343595.1_856|8-2013/vfdb_target_dir/target_seqs phage_pharokka/GCA_015343595.1_856|8-2013/vfdb/results_vfdb phage_pharokka/GCA_015343595.1_856|8-2013/vfdb_results.tsv --full-header --threads 32 

2024-08-08 22:29:24,968 - INFO - 

2024-08-08 22:29:24,968 - INFO - MMseqs Version:                 	13.45111

2024-08-08 22:29:24,969 - INFO - First sequence as representative	false

2024-08-08 22:29:24,969 - INFO - Target column                   	1

2024-08-08 22:29:24,969 - INFO - Add full header                 	true

2024-08-08 22:29:24,969 - INFO - Sequence source                 	0

2024-08-08 22:29:24,969 - INFO - Database output                 	false

2024-08-08 22:29:24,969 - INFO - Threads                         	32

2024-08-08 22:29:24,969 - INFO - Compressed                      	0

2024-08-08 22:29:24,969 - INFO - Verbosity                       	3

2024-08-08 22:29:24,969 - INFO - 

2024-08-08 22:29:24,969 - INFO - Time for merging to vfdb_results.tsv: 0h 0m 0s 22ms

2024-08-08 22:29:24,969 - INFO - Time for processing: 0h 0m 0s 116ms

2024-08-08 22:29:24,997 - INFO - Post Processing Output.
2024-08-08 22:29:25,347 - INFO - Converting gff to genbank.
2024-08-08 22:29:25,353 - WARNING - /gpfs/gsfs12/users/yangy34/softwares/mambaforge/envs/pharokka-env/lib/python3.10/site-packages/Bio/SeqIO/InsdcIO.py:728: BiopythonWarning: Increasing length of locus line to allow long name. This will result in fields that are not in usual positions.
  warnings.warn(

2024-08-08 22:29:25,369 - INFO - Finding the closest match for each contig in INPHARED using mash.
2024-08-08 22:29:25,398 - INFO - Sketching GCA_015343595.1_53_phages/GCA_015343595.1_856_8_2013_prophage.fasta...

2024-08-08 22:29:25,409 - INFO - Writing to phage_pharokka/GCA_015343595.1_856|8-2013/input_mash_sketch.msh...

2024-08-08 22:29:26,960 - INFO - pharokka has finished
2024-08-08 22:29:26,960 - INFO - Elapsed time: 148.9 seconds
2024-08-08 22:29:26,960 - INFO - If you use pharokka in your research, please cite:
2024-08-08 22:29:26,961 - INFO - George Bouras, Roshan Nepal, Ghais Houtak, Alkis James Psaltis, Peter-John Wormald, Sarah Vreugde.
2024-08-08 22:29:26,961 - INFO - Pharokka: a fast scalable bacteriophage annotation tool.
2024-08-08 22:29:26,961 - INFO - Bioinformatics, Volume 39, Issue 1, January 2023, btac776.
2024-08-08 22:29:26,961 - INFO - https://doi.org/10.1093/bioinformatics/btac776.
2024-08-08 22:29:26,961 - INFO - You should also cite the full list of tools pharokka uses, which can be found at https://github.com/gbouras13/pharokka#citation.
