2024-08-09 20:07:33,964 - INFO - Starting pharokka v1.3.2
2024-08-09 20:07:33,964 - INFO - Input args: Namespace(infile='GCA_013114135_5_phages/GCA_013114135.1_13_51562_62367_prophage.fasta', outdir='phage_pharokka/GCA_013114135.1_13|51562-62367', database='/data/yangy34/database/pharokka', threads='32', force=False, prefix='Default', locustag='Default', gene_predictor='phanotate', meta=False, split=False, coding_table='11', evalue='1E-05', terminase=False, terminase_strand='nothing', terminase_start='nothing', citation=False)
2024-08-09 20:07:33,964 - INFO - Checking database installation.
2024-08-09 20:07:33,998 - INFO - All databases have been successfully checked.
2024-08-09 20:07:33,998 - INFO - Checking dependencies.
2024-08-09 20:07:34,995 - INFO - phan_out version found is v1.5.1.
2024-08-09 20:07:34,995 - INFO - Phanotate version is ok.
2024-08-09 20:07:35,015 - INFO - MMseqs2 version found is v13.45111.
2024-08-09 20:07:35,015 - INFO - MMseqs2 version is ok.
2024-08-09 20:07:36,095 - INFO - tRNAscan-SE version found is v2.45111.11.
2024-08-09 20:07:36,096 - INFO - tRNAscan-SE version is ok.
2024-08-09 20:07:36,328 - INFO - MinCED version found is v0.4.2.
2024-08-09 20:07:36,328 - INFO - MinCED version is ok.
2024-08-09 20:07:36,335 - INFO - ARAGORN version found is v1.2.41.
2024-08-09 20:07:36,336 - INFO - ARAGORN version is ok.
2024-08-09 20:07:36,360 - INFO - mash version found is v2.2.
2024-08-09 20:07:36,360 - INFO - mash version is ok.
2024-08-09 20:07:36,550 - INFO - Running Phanotate.
2024-08-09 20:07:43,575 - INFO - Translating gene predicted fastas.
2024-08-09 20:07:43,595 - INFO - Starting tRNA-scanSE
2024-08-09 20:07:45,023 - INFO - 

2024-08-09 20:07:45,024 - INFO - tRNAscan-SE v.2.0.11 (Oct 2022) - scan sequences for transfer RNAs

2024-08-09 20:07:45,024 - INFO - Copyright (C) 2022 Patricia Chan and Todd Lowe

2024-08-09 20:07:45,024 - INFO -                    University of California Santa Cruz

2024-08-09 20:07:45,024 - INFO - Freely distributed under the GNU General Public License (GPLv3)

2024-08-09 20:07:45,024 - INFO - 

2024-08-09 20:07:45,024 - INFO - ------------------------------------------------------------

2024-08-09 20:07:45,024 - INFO - Sequence file(s) to search:        GCA_013114135_5_phages/GCA_013114135.1_13_51562_62367_prophage.fasta

2024-08-09 20:07:45,024 - INFO - Search Mode:                       General

2024-08-09 20:07:45,024 - INFO - Results written to:                Standard output

2024-08-09 20:07:45,024 - INFO - Output format:                     Tabular

2024-08-09 20:07:45,024 - INFO - Searching with:                    Infernal single-pass scan

2024-08-09 20:07:45,024 - INFO -                                    Fast mode

2024-08-09 20:07:45,024 - INFO - Covariance model:                  /gpfs/gsfs12/users/yangy34/softwares/mambaforge/envs/pharokka-env/lib/tRNAscan-SE/models/TRNAinf.cm

2024-08-09 20:07:45,024 - INFO - 

2024-08-09 20:07:45,024 - INFO - Temporary directory:               /tmp

2024-08-09 20:07:45,024 - INFO - tRNA predictions saved to:         phage_pharokka/GCA_013114135.1_13|51562-62367/trnascan_out.gff

2024-08-09 20:07:45,024 - INFO - ------------------------------------------------------------

2024-08-09 20:07:45,024 - INFO - 

2024-08-09 20:07:45,445 - INFO - No tRNAs found.

2024-08-09 20:07:45,445 - INFO - 

2024-08-09 20:07:45,896 - INFO - Running MinCED.
2024-08-09 20:07:46,202 - INFO - Running Aragorn.
2024-08-09 20:07:46,217 - INFO - Starting MMseqs2.
2024-08-09 20:07:46,217 - INFO - Running MMseqs2 on PHROGs Database.
2024-08-09 20:07:50,162 - INFO - createdb phage_pharokka/GCA_013114135.1_13|51562-62367/phanotate_aas_tmp.fasta phage_pharokka/GCA_013114135.1_13|51562-62367/target_dir/target_seqs 

2024-08-09 20:07:50,162 - INFO - 

2024-08-09 20:07:50,162 - INFO - MMseqs Version:       	13.45111

2024-08-09 20:07:50,162 - INFO - Database type         	0

2024-08-09 20:07:50,162 - INFO - Shuffle input database	true

2024-08-09 20:07:50,164 - INFO - Createdb mode         	0

2024-08-09 20:07:50,164 - INFO - Write lookup file     	1

2024-08-09 20:07:50,164 - INFO - Offset of numeric ids 	0

2024-08-09 20:07:50,164 - INFO - Compressed            	0

2024-08-09 20:07:50,164 - INFO - Verbosity             	3

2024-08-09 20:07:50,164 - INFO - 

2024-08-09 20:07:50,164 - INFO - Converting sequences

2024-08-09 20:07:50,164 - INFO - [

2024-08-09 20:07:50,164 - INFO - Time for merging to target_seqs_h: 0h 0m 1s 513ms

2024-08-09 20:07:50,164 - INFO - Time for merging to target_seqs: 0h 0m 0s 286ms

2024-08-09 20:07:50,164 - INFO - Database type: Aminoacid

2024-08-09 20:07:50,164 - INFO - Time for processing: 0h 0m 3s 922ms

2024-08-09 20:07:50,191 - INFO - Create directory phage_pharokka/GCA_013114135.1_13|51562-62367/tmp_dir/

2024-08-09 20:07:50,191 - INFO - search -e 1E-05 /data/yangy34/database/pharokka/phrogs_profile_db phage_pharokka/GCA_013114135.1_13|51562-62367/target_dir/target_seqs phage_pharokka/GCA_013114135.1_13|51562-62367/mmseqs/results_mmseqs phage_pharokka/GCA_013114135.1_13|51562-62367/tmp_dir/ -s 8.5 --threads 32 

2024-08-09 20:07:50,191 - INFO - 

2024-08-09 20:07:50,191 - INFO - MMseqs Version:                        	13.45111

2024-08-09 20:07:50,191 - INFO - Substitution matrix                    	nucl:nucleotide.out,aa:blosum62.out

2024-08-09 20:07:50,191 - INFO - Add backtrace                          	false

2024-08-09 20:07:50,191 - INFO - Alignment mode                         	2

2024-08-09 20:07:50,191 - INFO - Alignment mode                         	0

2024-08-09 20:07:50,191 - INFO - Allow wrapped scoring                  	false

2024-08-09 20:07:50,191 - INFO - E-value threshold                      	1e-05

2024-08-09 20:07:50,191 - INFO - Seq. id. threshold                     	0

2024-08-09 20:07:50,191 - INFO - Min alignment length                   	0

2024-08-09 20:07:50,191 - INFO - Seq. id. mode                          	0

2024-08-09 20:07:50,191 - INFO - Alternative alignments                 	0

2024-08-09 20:07:50,191 - INFO - Coverage threshold                     	0

2024-08-09 20:07:50,191 - INFO - Coverage mode                          	0

2024-08-09 20:07:50,191 - INFO - Max sequence length                    	65535

2024-08-09 20:07:50,191 - INFO - Compositional bias                     	1

2024-08-09 20:07:50,191 - INFO - Max reject                             	2147483647

2024-08-09 20:07:50,191 - INFO - Max accept                             	2147483647

2024-08-09 20:07:50,191 - INFO - Include identical seq. id.             	false

2024-08-09 20:07:50,191 - INFO - Preload mode                           	0

2024-08-09 20:07:50,191 - INFO - Pseudo count a                         	1

2024-08-09 20:07:50,191 - INFO - Pseudo count b                         	1.5

2024-08-09 20:07:50,192 - INFO - Score bias                             	0

2024-08-09 20:07:50,192 - INFO - Realign hits                           	false

2024-08-09 20:07:50,192 - INFO - Realign score bias                     	-0.2

2024-08-09 20:07:50,192 - INFO - Realign max seqs                       	2147483647

2024-08-09 20:07:50,192 - INFO - Gap open cost                          	nucl:5,aa:11

2024-08-09 20:07:50,192 - INFO - Gap extension cost                     	nucl:2,aa:1

2024-08-09 20:07:50,192 - INFO - Zdrop                                  	40

2024-08-09 20:07:50,192 - INFO - Threads                                	32

2024-08-09 20:07:50,192 - INFO - Compressed                             	0

2024-08-09 20:07:50,192 - INFO - Verbosity                              	3

2024-08-09 20:07:50,192 - INFO - Seed substitution matrix               	nucl:nucleotide.out,aa:VTML80.out

2024-08-09 20:07:50,192 - INFO - Sensitivity                            	8.5

2024-08-09 20:07:50,192 - INFO - k-mer length                           	0

2024-08-09 20:07:50,192 - INFO - k-score                                	2147483647

2024-08-09 20:07:50,192 - INFO - Alphabet size                          	nucl:5,aa:21

2024-08-09 20:07:50,192 - INFO - Max results per query                  	300

2024-08-09 20:07:50,192 - INFO - Split database                         	0

2024-08-09 20:07:50,192 - INFO - Split mode                             	2

2024-08-09 20:07:50,192 - INFO - Split memory limit                     	0

2024-08-09 20:07:50,192 - INFO - Diagonal scoring                       	true

2024-08-09 20:07:50,192 - INFO - Exact k-mer matching                   	0

2024-08-09 20:07:50,192 - INFO - Mask residues                          	1

2024-08-09 20:07:50,192 - INFO - Mask lower case residues               	0

2024-08-09 20:07:50,192 - INFO - Minimum diagonal score                 	15

2024-08-09 20:07:50,192 - INFO - Spaced k-mers                          	1

2024-08-09 20:07:50,192 - INFO - Spaced k-mer pattern                   	

2024-08-09 20:07:50,192 - INFO - Local temporary path                   	

2024-08-09 20:07:50,192 - INFO - Rescore mode                           	0

2024-08-09 20:07:50,192 - INFO - Remove hits by seq. id. and coverage   	false

2024-08-09 20:07:50,192 - INFO - Sort results                           	0

2024-08-09 20:07:50,192 - INFO - Mask profile                           	1

2024-08-09 20:07:50,192 - INFO - Profile E-value threshold              	0.1

2024-08-09 20:07:50,192 - INFO - Global sequence weighting              	false

2024-08-09 20:07:50,193 - INFO - Allow deletions                        	false

2024-08-09 20:07:50,193 - INFO - Filter MSA                             	1

2024-08-09 20:07:50,193 - INFO - Maximum seq. id. threshold             	0.9

2024-08-09 20:07:50,193 - INFO - Minimum seq. id.                       	0

2024-08-09 20:07:50,193 - INFO - Minimum score per column               	-20

2024-08-09 20:07:50,193 - INFO - Minimum coverage                       	0

2024-08-09 20:07:50,193 - INFO - Select N most diverse seqs             	1000

2024-08-09 20:07:50,193 - INFO - Min codons in orf                      	30

2024-08-09 20:07:50,193 - INFO - Max codons in length                   	32734

2024-08-09 20:07:50,193 - INFO - Max orf gaps                           	2147483647

2024-08-09 20:07:50,193 - INFO - Contig start mode                      	2

2024-08-09 20:07:50,193 - INFO - Contig end mode                        	2

2024-08-09 20:07:50,193 - INFO - Orf start mode                         	1

2024-08-09 20:07:50,193 - INFO - Forward frames                         	1,2,3

2024-08-09 20:07:50,193 - INFO - Reverse frames                         	1,2,3

2024-08-09 20:07:50,193 - INFO - Translation table                      	1

2024-08-09 20:07:50,193 - INFO - Translate orf                          	0

2024-08-09 20:07:50,193 - INFO - Use all table starts                   	false

2024-08-09 20:07:50,193 - INFO - Offset of numeric ids                  	0

2024-08-09 20:07:50,193 - INFO - Create lookup                          	0

2024-08-09 20:07:50,193 - INFO - Add orf stop                           	false

2024-08-09 20:07:50,193 - INFO - Overlap between sequences              	0

2024-08-09 20:07:50,193 - INFO - Sequence split mode                    	1

2024-08-09 20:07:50,193 - INFO - Header split mode                      	0

2024-08-09 20:07:50,193 - INFO - Chain overlapping alignments           	0

2024-08-09 20:07:50,193 - INFO - Merge query                            	1

2024-08-09 20:07:50,193 - INFO - Search type                            	0

2024-08-09 20:07:50,193 - INFO - Search iterations                      	1

2024-08-09 20:07:50,193 - INFO - Start sensitivity                      	4

2024-08-09 20:07:50,198 - INFO - Search steps                           	1

2024-08-09 20:07:50,198 - INFO - Exhaustive search mode                 	false

2024-08-09 20:07:50,198 - INFO - Filter results during exhaustive search	0

2024-08-09 20:07:50,199 - INFO - Strand selection                       	1

2024-08-09 20:07:50,199 - INFO - LCA search mode                        	false

2024-08-09 20:07:50,199 - INFO - Disk space limit                       	0

2024-08-09 20:07:50,199 - INFO - MPI runner                             	

2024-08-09 20:07:50,199 - INFO - Force restart with latest tmp          	false

2024-08-09 20:07:50,199 - INFO - Remove temporary files                 	false

2024-08-09 20:07:50,199 - INFO - 

2024-08-09 20:07:50,766 - INFO - prefilter /data/yangy34/database/pharokka/phrogs_profile_db phage_pharokka/GCA_013114135.1_13|51562-62367/target_dir/target_seqs phage_pharokka/GCA_013114135.1_13|51562-62367/tmp_dir//3224555942619396922/pref_0 --sub-mat nucl:nucleotide.out,aa:blosum62.out --seed-sub-mat nucl:nucleotide.out,aa:VTML80.out -k 0 --k-score 2147483647 --alph-size nucl:5,aa:21 --max-seq-len 65535 --max-seqs 300 --split 0 --split-mode 2 --split-memory-limit 0 -c 0 --cov-mode 0 --comp-bias-corr 1 --diag-score 1 --exact-kmer-matching 0 --mask 1 --mask-lower-case 0 --min-ungapped-score 15 --add-self-matches 0 --spaced-kmer-mode 1 --db-load-mode 0 --pca 1 --pcb 1.5 --threads 32 --compressed 0 -v 3 -s 8.5 

2024-08-09 20:07:50,766 - INFO - 

2024-08-09 20:07:50,766 - INFO - Query database size: 38880 type: Profile

2024-08-09 20:07:50,766 - INFO - Estimated memory consumption: 488M

2024-08-09 20:07:50,766 - INFO - Target database size: 18 type: Aminoacid

2024-08-09 20:07:50,766 - INFO - Index table k-mer threshold: 0 at k-mer size 6 

2024-08-09 20:07:50,766 - INFO - Index table: counting k-mers

2024-08-09 20:07:50,953 - INFO - [=================================================================] 18 0s 3ms

2024-08-09 20:07:50,953 - INFO - Index table: Masked residues: 20

2024-08-09 20:07:50,953 - INFO - Index table: fill

2024-08-09 20:07:53,278 - INFO - [=================================================================] 18 0s 1ms

2024-08-09 20:07:53,279 - INFO - Index statistics

2024-08-09 20:07:53,279 - INFO - Entries:          2951

2024-08-09 20:07:53,279 - INFO - DB size:          488 MB

2024-08-09 20:07:53,279 - INFO - Avg k-mer size:   0.000046

2024-08-09 20:07:53,279 - INFO - Top 10 k-mers

2024-08-09 20:07:53,279 - INFO -     SMLAAA	1

2024-08-09 20:07:53,279 - INFO -     VGLDAA	1

2024-08-09 20:07:53,279 - INFO -     EWHIAA	1

2024-08-09 20:07:53,279 - INFO -     WVQNAA	1

2024-08-09 20:07:53,279 - INFO -     VLSQAA	1

2024-08-09 20:07:53,279 - INFO -     NKMTAA	1

2024-08-09 20:07:53,279 - INFO -     LYSTAA	1

2024-08-09 20:07:53,279 - INFO -     YAAVAA	1

2024-08-09 20:07:53,279 - INFO -     GADVAA	1

2024-08-09 20:07:53,279 - INFO -     AALLCA	1

2024-08-09 20:07:53,279 - INFO - Time for index table init: 0h 0m 0s 881ms

2024-08-09 20:07:53,279 - INFO - Process prefiltering step 1 of 1

2024-08-09 20:07:53,279 - INFO - 

2024-08-09 20:07:53,279 - INFO - k-mer similarity threshold: 81

2024-08-09 20:07:53,279 - INFO - Starting prefiltering scores calculation (step 1 of 1)

2024-08-09 20:07:53,279 - INFO - Query db start 1 to 38880

2024-08-09 20:07:53,279 - INFO - Target db start 1 to 18

2024-08-09 20:09:03,499 - INFO - [=================================================================] 38.88K 1m 10s 229ms

2024-08-09 20:09:03,499 - INFO - 

2024-08-09 20:09:03,499 - INFO - 5386.328443 k-mers per position

2024-08-09 20:09:03,499 - INFO - 40 DB matches per sequence

2024-08-09 20:09:03,499 - INFO - 0 overflows

2024-08-09 20:09:03,499 - INFO - 0 queries produce too many hits (truncated result)

2024-08-09 20:09:03,499 - INFO - 0 sequences passed prefiltering per query sequence

2024-08-09 20:09:03,499 - INFO - 1 median result list length

2024-08-09 20:09:03,499 - INFO - 18399 sequences with 0 size result lists

2024-08-09 20:09:03,499 - INFO - Time for merging to pref_0: 0h 0m 0s 728ms

2024-08-09 20:09:03,499 - INFO - Time for processing: 0h 1m 13s 282ms

2024-08-09 20:09:06,293 - INFO - align /data/yangy34/database/pharokka/phrogs_profile_db phage_pharokka/GCA_013114135.1_13|51562-62367/target_dir/target_seqs phage_pharokka/GCA_013114135.1_13|51562-62367/tmp_dir//3224555942619396922/pref_0 phage_pharokka/GCA_013114135.1_13|51562-62367/mmseqs/results_mmseqs --sub-mat nucl:nucleotide.out,aa:blosum62.out -a 0 --alignment-mode 2 --alignment-output-mode 0 --wrapped-scoring 0 -e 1e-05 --min-seq-id 0 --min-aln-len 0 --seq-id-mode 0 --alt-ali 0 -c 0 --cov-mode 0 --max-seq-len 65535 --comp-bias-corr 1 --max-rejected 2147483647 --max-accept 2147483647 --add-self-matches 0 --db-load-mode 0 --pca 1 --pcb 1.5 --score-bias 0 --realign 0 --realign-score-bias -0.2 --realign-max-seqs 2147483647 --gap-open nucl:5,aa:11 --gap-extend nucl:2,aa:1 --zdrop 40 --threads 32 --compressed 0 -v 3 

2024-08-09 20:09:06,293 - INFO - 

2024-08-09 20:09:06,293 - INFO - Compute score and coverage

2024-08-09 20:09:06,293 - INFO - Query database size: 38880 type: Profile

2024-08-09 20:09:06,293 - INFO - Target database size: 18 type: Aminoacid

2024-08-09 20:09:06,293 - INFO - Calculation of alignments

2024-08-09 20:09:08,284 - INFO - [=================================================================] 38.88K 0s 754ms

2024-08-09 20:09:08,284 - INFO - Time for merging to results_mmseqs: 0h 0m 1s 378ms

2024-08-09 20:09:08,284 - INFO - 37184 alignments calculated

2024-08-09 20:09:08,284 - INFO - 6 sequence pairs passed the thresholds (0.000161 of overall calculated)

2024-08-09 20:09:08,284 - INFO - 0.000154 hits per query sequence

2024-08-09 20:09:08,284 - INFO - Time for processing: 0h 0m 4s 655ms

2024-08-09 20:09:12,641 - INFO - createtsv /data/yangy34/database/pharokka/phrogs_profile_db phage_pharokka/GCA_013114135.1_13|51562-62367/target_dir/target_seqs phage_pharokka/GCA_013114135.1_13|51562-62367/mmseqs/results_mmseqs phage_pharokka/GCA_013114135.1_13|51562-62367/mmseqs_results.tsv --full-header --threads 32 

2024-08-09 20:09:12,641 - INFO - 

2024-08-09 20:09:12,642 - INFO - MMseqs Version:                 	13.45111

2024-08-09 20:09:12,642 - INFO - First sequence as representative	false

2024-08-09 20:09:12,642 - INFO - Target column                   	1

2024-08-09 20:09:12,642 - INFO - Add full header                 	true

2024-08-09 20:09:12,642 - INFO - Sequence source                 	0

2024-08-09 20:09:12,642 - INFO - Database output                 	false

2024-08-09 20:09:12,642 - INFO - Threads                         	32

2024-08-09 20:09:12,642 - INFO - Compressed                      	0

2024-08-09 20:09:12,642 - INFO - Verbosity                       	3

2024-08-09 20:09:12,642 - INFO - 

2024-08-09 20:09:12,642 - INFO - Time for merging to mmseqs_results.tsv: 0h 0m 1s 913ms

2024-08-09 20:09:12,642 - INFO - Time for processing: 0h 0m 4s 286ms

2024-08-09 20:09:12,953 - INFO - Running mmseqs2 on CARD.
2024-08-09 20:09:18,598 - INFO - createdb phage_pharokka/GCA_013114135.1_13|51562-62367/phanotate_aas_tmp.fasta phage_pharokka/GCA_013114135.1_13|51562-62367/CARD_target_dir/target_seqs 

2024-08-09 20:09:18,598 - INFO - 

2024-08-09 20:09:18,598 - INFO - MMseqs Version:       	13.45111

2024-08-09 20:09:18,598 - INFO - Database type         	0

2024-08-09 20:09:18,598 - INFO - Shuffle input database	true

2024-08-09 20:09:18,598 - INFO - Createdb mode         	0

2024-08-09 20:09:18,598 - INFO - Write lookup file     	1

2024-08-09 20:09:18,598 - INFO - Offset of numeric ids 	0

2024-08-09 20:09:18,598 - INFO - Compressed            	0

2024-08-09 20:09:18,598 - INFO - Verbosity             	3

2024-08-09 20:09:18,598 - INFO - 

2024-08-09 20:09:18,598 - INFO - Converting sequences

2024-08-09 20:09:18,598 - INFO - [

2024-08-09 20:09:18,598 - INFO - Time for merging to target_seqs_h: 0h 0m 1s 191ms

2024-08-09 20:09:18,598 - INFO - Time for merging to target_seqs: 0h 0m 1s 656ms

2024-08-09 20:09:18,598 - INFO - Database type: Aminoacid

2024-08-09 20:09:18,598 - INFO - Time for processing: 0h 0m 5s 534ms

2024-08-09 20:09:18,806 - INFO - Create directory phage_pharokka/GCA_013114135.1_13|51562-62367/CARD_tmp_dir/

2024-08-09 20:09:18,806 - INFO - search --min-seq-id 0.8 -c 0.4 /data/yangy34/database/pharokka/CARD phage_pharokka/GCA_013114135.1_13|51562-62367/CARD_target_dir/target_seqs phage_pharokka/GCA_013114135.1_13|51562-62367/CARD/results_CARD phage_pharokka/GCA_013114135.1_13|51562-62367/CARD_tmp_dir/ -s 8.5 --threads 32 

2024-08-09 20:09:18,806 - INFO - 

2024-08-09 20:09:18,806 - INFO - MMseqs Version:                        	13.45111

2024-08-09 20:09:18,806 - INFO - Substitution matrix                    	nucl:nucleotide.out,aa:blosum62.out

2024-08-09 20:09:18,806 - INFO - Add backtrace                          	false

2024-08-09 20:09:18,806 - INFO - Alignment mode                         	2

2024-08-09 20:09:18,806 - INFO - Alignment mode                         	0

2024-08-09 20:09:18,806 - INFO - Allow wrapped scoring                  	false

2024-08-09 20:09:18,806 - INFO - E-value threshold                      	0.001

2024-08-09 20:09:18,806 - INFO - Seq. id. threshold                     	0.8

2024-08-09 20:09:18,807 - INFO - Min alignment length                   	0

2024-08-09 20:09:18,807 - INFO - Seq. id. mode                          	0

2024-08-09 20:09:18,807 - INFO - Alternative alignments                 	0

2024-08-09 20:09:18,807 - INFO - Coverage threshold                     	0.4

2024-08-09 20:09:18,807 - INFO - Coverage mode                          	0

2024-08-09 20:09:18,807 - INFO - Max sequence length                    	65535

2024-08-09 20:09:18,807 - INFO - Compositional bias                     	1

2024-08-09 20:09:18,807 - INFO - Max reject                             	2147483647

2024-08-09 20:09:18,807 - INFO - Max accept                             	2147483647

2024-08-09 20:09:18,807 - INFO - Include identical seq. id.             	false

2024-08-09 20:09:18,807 - INFO - Preload mode                           	0

2024-08-09 20:09:18,807 - INFO - Pseudo count a                         	1

2024-08-09 20:09:18,807 - INFO - Pseudo count b                         	1.5

2024-08-09 20:09:18,807 - INFO - Score bias                             	0

2024-08-09 20:09:18,807 - INFO - Realign hits                           	false

2024-08-09 20:09:18,807 - INFO - Realign score bias                     	-0.2

2024-08-09 20:09:18,808 - INFO - Realign max seqs                       	2147483647

2024-08-09 20:09:18,808 - INFO - Gap open cost                          	nucl:5,aa:11

2024-08-09 20:09:18,808 - INFO - Gap extension cost                     	nucl:2,aa:1

2024-08-09 20:09:18,808 - INFO - Zdrop                                  	40

2024-08-09 20:09:18,808 - INFO - Threads                                	32

2024-08-09 20:09:18,808 - INFO - Compressed                             	0

2024-08-09 20:09:18,808 - INFO - Verbosity                              	3

2024-08-09 20:09:18,808 - INFO - Seed substitution matrix               	nucl:nucleotide.out,aa:VTML80.out

2024-08-09 20:09:18,808 - INFO - Sensitivity                            	8.5

2024-08-09 20:09:18,808 - INFO - k-mer length                           	0

2024-08-09 20:09:18,808 - INFO - k-score                                	2147483647

2024-08-09 20:09:18,808 - INFO - Alphabet size                          	nucl:5,aa:21

2024-08-09 20:09:18,808 - INFO - Max results per query                  	300

2024-08-09 20:09:18,808 - INFO - Split database                         	0

2024-08-09 20:09:18,808 - INFO - Split mode                             	2

2024-08-09 20:09:18,808 - INFO - Split memory limit                     	0

2024-08-09 20:09:18,809 - INFO - Diagonal scoring                       	true

2024-08-09 20:09:18,809 - INFO - Exact k-mer matching                   	0

2024-08-09 20:09:18,809 - INFO - Mask residues                          	1

2024-08-09 20:09:18,809 - INFO - Mask lower case residues               	0

2024-08-09 20:09:18,809 - INFO - Minimum diagonal score                 	15

2024-08-09 20:09:18,809 - INFO - Spaced k-mers                          	1

2024-08-09 20:09:18,809 - INFO - Spaced k-mer pattern                   	

2024-08-09 20:09:18,809 - INFO - Local temporary path                   	

2024-08-09 20:09:18,809 - INFO - Rescore mode                           	0

2024-08-09 20:09:18,809 - INFO - Remove hits by seq. id. and coverage   	false

2024-08-09 20:09:18,809 - INFO - Sort results                           	0

2024-08-09 20:09:18,809 - INFO - Mask profile                           	1

2024-08-09 20:09:18,809 - INFO - Profile E-value threshold              	0.1

2024-08-09 20:09:18,809 - INFO - Global sequence weighting              	false

2024-08-09 20:09:18,809 - INFO - Allow deletions                        	false

2024-08-09 20:09:18,809 - INFO - Filter MSA                             	1

2024-08-09 20:09:18,810 - INFO - Maximum seq. id. threshold             	0.9

2024-08-09 20:09:18,810 - INFO - Minimum seq. id.                       	0

2024-08-09 20:09:18,810 - INFO - Minimum score per column               	-20

2024-08-09 20:09:18,810 - INFO - Minimum coverage                       	0

2024-08-09 20:09:18,810 - INFO - Select N most diverse seqs             	1000

2024-08-09 20:09:18,810 - INFO - Min codons in orf                      	30

2024-08-09 20:09:18,810 - INFO - Max codons in length                   	32734

2024-08-09 20:09:18,810 - INFO - Max orf gaps                           	2147483647

2024-08-09 20:09:18,810 - INFO - Contig start mode                      	2

2024-08-09 20:09:18,810 - INFO - Contig end mode                        	2

2024-08-09 20:09:18,810 - INFO - Orf start mode                         	1

2024-08-09 20:09:18,810 - INFO - Forward frames                         	1,2,3

2024-08-09 20:09:18,810 - INFO - Reverse frames                         	1,2,3

2024-08-09 20:09:18,810 - INFO - Translation table                      	1

2024-08-09 20:09:18,810 - INFO - Translate orf                          	0

2024-08-09 20:09:18,810 - INFO - Use all table starts                   	false

2024-08-09 20:09:18,810 - INFO - Offset of numeric ids                  	0

2024-08-09 20:09:18,811 - INFO - Create lookup                          	0

2024-08-09 20:09:18,811 - INFO - Add orf stop                           	false

2024-08-09 20:09:18,811 - INFO - Overlap between sequences              	0

2024-08-09 20:09:18,811 - INFO - Sequence split mode                    	1

2024-08-09 20:09:18,811 - INFO - Header split mode                      	0

2024-08-09 20:09:18,811 - INFO - Chain overlapping alignments           	0

2024-08-09 20:09:18,811 - INFO - Merge query                            	1

2024-08-09 20:09:18,811 - INFO - Search type                            	0

2024-08-09 20:09:18,811 - INFO - Search iterations                      	1

2024-08-09 20:09:18,811 - INFO - Start sensitivity                      	4

2024-08-09 20:09:18,914 - INFO - Search steps                           	1

2024-08-09 20:09:18,914 - INFO - Exhaustive search mode                 	false

2024-08-09 20:09:18,914 - INFO - Filter results during exhaustive search	0

2024-08-09 20:09:18,914 - INFO - Strand selection                       	1

2024-08-09 20:09:18,914 - INFO - LCA search mode                        	false

2024-08-09 20:09:18,914 - INFO - Disk space limit                       	0

2024-08-09 20:09:18,914 - INFO - MPI runner                             	

2024-08-09 20:09:18,915 - INFO - Force restart with latest tmp          	false

2024-08-09 20:09:18,915 - INFO - Remove temporary files                 	false

2024-08-09 20:09:18,915 - INFO - 

2024-08-09 20:09:19,754 - INFO - prefilter /data/yangy34/database/pharokka/CARD phage_pharokka/GCA_013114135.1_13|51562-62367/CARD_target_dir/target_seqs phage_pharokka/GCA_013114135.1_13|51562-62367/CARD_tmp_dir//16524937239275193649/pref_0 --sub-mat nucl:nucleotide.out,aa:blosum62.out --seed-sub-mat nucl:nucleotide.out,aa:VTML80.out -k 0 --k-score 2147483647 --alph-size nucl:5,aa:21 --max-seq-len 65535 --max-seqs 300 --split 0 --split-mode 2 --split-memory-limit 0 -c 0.4 --cov-mode 0 --comp-bias-corr 1 --diag-score 1 --exact-kmer-matching 0 --mask 1 --mask-lower-case 0 --min-ungapped-score 15 --add-self-matches 0 --spaced-kmer-mode 1 --db-load-mode 0 --pca 1 --pcb 1.5 --threads 32 --compressed 0 -v 3 -s 8.5 

2024-08-09 20:09:19,754 - INFO - 

2024-08-09 20:09:19,754 - INFO - Query database size: 4641 type: Aminoacid

2024-08-09 20:09:19,754 - INFO - Estimated memory consumption: 977M

2024-08-09 20:09:19,755 - INFO - Target database size: 18 type: Aminoacid

2024-08-09 20:09:19,755 - INFO - Index table k-mer threshold: 87 at k-mer size 6 

2024-08-09 20:09:19,755 - INFO - Index table: counting k-mers

2024-08-09 20:09:19,927 - INFO - [=================================================================] 18 0s 36ms

2024-08-09 20:09:19,927 - INFO - Index table: Masked residues: 0

2024-08-09 20:09:19,927 - INFO - Index table: fill

2024-08-09 20:09:21,695 - INFO - [=================================================================] 18 0s 1ms

2024-08-09 20:09:21,695 - INFO - Index statistics

2024-08-09 20:09:21,695 - INFO - Entries:          2980

2024-08-09 20:09:21,695 - INFO - DB size:          488 MB

2024-08-09 20:09:21,695 - INFO - Avg k-mer size:   0.000047

2024-08-09 20:09:21,695 - INFO - Top 10 k-mers

2024-08-09 20:09:21,695 - INFO -     SMLAAA	1

2024-08-09 20:09:21,695 - INFO -     VGLDAA	1

2024-08-09 20:09:21,696 - INFO -     EWHIAA	1

2024-08-09 20:09:21,696 - INFO -     WVQNAA	1

2024-08-09 20:09:21,696 - INFO -     VLSQAA	1

2024-08-09 20:09:21,696 - INFO -     NKMTAA	1

2024-08-09 20:09:21,696 - INFO -     LYSTAA	1

2024-08-09 20:09:21,696 - INFO -     YAAVAA	1

2024-08-09 20:09:21,696 - INFO -     GADVAA	1

2024-08-09 20:09:21,696 - INFO -     AALLCA	1

2024-08-09 20:09:21,696 - INFO - Time for index table init: 0h 0m 0s 858ms

2024-08-09 20:09:21,696 - INFO - Process prefiltering step 1 of 1

2024-08-09 20:09:21,696 - INFO - 

2024-08-09 20:09:21,696 - INFO - k-mer similarity threshold: 87

2024-08-09 20:09:21,696 - INFO - Starting prefiltering scores calculation (step 1 of 1)

2024-08-09 20:09:21,696 - INFO - Query db start 1 to 4641

2024-08-09 20:09:21,696 - INFO - Target db start 1 to 18

2024-08-09 20:09:32,984 - INFO - [=================================================================] 4.64K 9s 854ms

2024-08-09 20:09:32,985 - INFO - 

2024-08-09 20:09:32,985 - INFO - 3883.681631 k-mers per position

2024-08-09 20:09:32,985 - INFO - 58 DB matches per sequence

2024-08-09 20:09:32,985 - INFO - 0 overflows

2024-08-09 20:09:32,985 - INFO - 0 queries produce too many hits (truncated result)

2024-08-09 20:09:32,985 - INFO - 1 sequences passed prefiltering per query sequence

2024-08-09 20:09:32,985 - INFO - 1 median result list length

2024-08-09 20:09:32,985 - INFO - 1340 sequences with 0 size result lists

2024-08-09 20:09:32,985 - INFO - Time for merging to pref_0: 0h 0m 1s 354ms

2024-08-09 20:09:32,985 - INFO - Time for processing: 0h 0m 13s 926ms

2024-08-09 20:09:35,356 - INFO - align /data/yangy34/database/pharokka/CARD phage_pharokka/GCA_013114135.1_13|51562-62367/CARD_target_dir/target_seqs phage_pharokka/GCA_013114135.1_13|51562-62367/CARD_tmp_dir//16524937239275193649/pref_0 phage_pharokka/GCA_013114135.1_13|51562-62367/CARD/results_CARD --sub-mat nucl:nucleotide.out,aa:blosum62.out -a 0 --alignment-mode 2 --alignment-output-mode 0 --wrapped-scoring 0 -e 0.001 --min-seq-id 0.8 --min-aln-len 0 --seq-id-mode 0 --alt-ali 0 -c 0.4 --cov-mode 0 --max-seq-len 65535 --comp-bias-corr 1 --max-rejected 2147483647 --max-accept 2147483647 --add-self-matches 0 --db-load-mode 0 --pca 1 --pcb 1.5 --score-bias 0 --realign 0 --realign-score-bias -0.2 --realign-max-seqs 2147483647 --gap-open nucl:5,aa:11 --gap-extend nucl:2,aa:1 --zdrop 40 --threads 32 --compressed 0 -v 3 

2024-08-09 20:09:35,357 - INFO - 

2024-08-09 20:09:35,357 - INFO - Compute score and coverage

2024-08-09 20:09:35,357 - INFO - Query database size: 4641 type: Aminoacid

2024-08-09 20:09:35,357 - INFO - Target database size: 18 type: Aminoacid

2024-08-09 20:09:35,357 - INFO - Calculation of alignments

2024-08-09 20:09:36,630 - INFO - [=================================================================] 4.64K 0s 76ms

2024-08-09 20:09:36,630 - INFO - Time for merging to results_CARD: 0h 0m 1s 198ms

2024-08-09 20:09:36,630 - INFO - 5968 alignments calculated

2024-08-09 20:09:36,630 - INFO - 0 sequence pairs passed the thresholds (0.000000 of overall calculated)

2024-08-09 20:09:36,630 - INFO - 0.000000 hits per query sequence

2024-08-09 20:09:36,630 - INFO - Time for processing: 0h 0m 3s 527ms

2024-08-09 20:09:40,436 - INFO - createtsv /data/yangy34/database/pharokka/CARD phage_pharokka/GCA_013114135.1_13|51562-62367/CARD_target_dir/target_seqs phage_pharokka/GCA_013114135.1_13|51562-62367/CARD/results_CARD phage_pharokka/GCA_013114135.1_13|51562-62367/CARD_results.tsv --full-header --threads 32 

2024-08-09 20:09:40,437 - INFO - 

2024-08-09 20:09:40,437 - INFO - MMseqs Version:                 	13.45111

2024-08-09 20:09:40,437 - INFO - First sequence as representative	false

2024-08-09 20:09:40,437 - INFO - Target column                   	1

2024-08-09 20:09:40,437 - INFO - Add full header                 	true

2024-08-09 20:09:40,437 - INFO - Sequence source                 	0

2024-08-09 20:09:40,437 - INFO - Database output                 	false

2024-08-09 20:09:40,437 - INFO - Threads                         	32

2024-08-09 20:09:40,437 - INFO - Compressed                      	0

2024-08-09 20:09:40,437 - INFO - Verbosity                       	3

2024-08-09 20:09:40,437 - INFO - 

2024-08-09 20:09:40,437 - INFO - Time for merging to CARD_results.tsv: 0h 0m 1s 649ms

2024-08-09 20:09:40,437 - INFO - Time for processing: 0h 0m 3s 733ms

2024-08-09 20:09:40,678 - INFO - Running mmseqs2 on vfdb.
2024-08-09 20:09:45,730 - INFO - createdb phage_pharokka/GCA_013114135.1_13|51562-62367/phanotate_aas_tmp.fasta phage_pharokka/GCA_013114135.1_13|51562-62367/vfdb_target_dir/target_seqs 

2024-08-09 20:09:45,730 - INFO - 

2024-08-09 20:09:45,730 - INFO - MMseqs Version:       	13.45111

2024-08-09 20:09:45,730 - INFO - Database type         	0

2024-08-09 20:09:45,730 - INFO - Shuffle input database	true

2024-08-09 20:09:45,730 - INFO - Createdb mode         	0

2024-08-09 20:09:45,730 - INFO - Write lookup file     	1

2024-08-09 20:09:45,730 - INFO - Offset of numeric ids 	0

2024-08-09 20:09:45,730 - INFO - Compressed            	0

2024-08-09 20:09:45,730 - INFO - Verbosity             	3

2024-08-09 20:09:45,730 - INFO - 

2024-08-09 20:09:45,730 - INFO - Converting sequences

2024-08-09 20:09:45,731 - INFO - [

2024-08-09 20:09:45,731 - INFO - Time for merging to target_seqs_h: 0h 0m 1s 154ms

2024-08-09 20:09:45,731 - INFO - Time for merging to target_seqs: 0h 0m 1s 341ms

2024-08-09 20:09:45,731 - INFO - Database type: Aminoacid

2024-08-09 20:09:45,731 - INFO - Time for processing: 0h 0m 4s 934ms

2024-08-09 20:09:45,932 - INFO - Create directory phage_pharokka/GCA_013114135.1_13|51562-62367/vfdb_tmp_dir/

2024-08-09 20:09:45,932 - INFO - search --min-seq-id 0.8 -c 0.4 /data/yangy34/database/pharokka/vfdb phage_pharokka/GCA_013114135.1_13|51562-62367/vfdb_target_dir/target_seqs phage_pharokka/GCA_013114135.1_13|51562-62367/vfdb/results_vfdb phage_pharokka/GCA_013114135.1_13|51562-62367/vfdb_tmp_dir/ -s 8.5 --threads 32 

2024-08-09 20:09:45,932 - INFO - 

2024-08-09 20:09:45,932 - INFO - MMseqs Version:                        	13.45111

2024-08-09 20:09:45,932 - INFO - Substitution matrix                    	nucl:nucleotide.out,aa:blosum62.out

2024-08-09 20:09:45,932 - INFO - Add backtrace                          	false

2024-08-09 20:09:45,932 - INFO - Alignment mode                         	2

2024-08-09 20:09:45,932 - INFO - Alignment mode                         	0

2024-08-09 20:09:45,933 - INFO - Allow wrapped scoring                  	false

2024-08-09 20:09:45,933 - INFO - E-value threshold                      	0.001

2024-08-09 20:09:45,933 - INFO - Seq. id. threshold                     	0.8

2024-08-09 20:09:45,933 - INFO - Min alignment length                   	0

2024-08-09 20:09:45,933 - INFO - Seq. id. mode                          	0

2024-08-09 20:09:45,933 - INFO - Alternative alignments                 	0

2024-08-09 20:09:45,933 - INFO - Coverage threshold                     	0.4

2024-08-09 20:09:45,933 - INFO - Coverage mode                          	0

2024-08-09 20:09:45,933 - INFO - Max sequence length                    	65535

2024-08-09 20:09:45,933 - INFO - Compositional bias                     	1

2024-08-09 20:09:45,933 - INFO - Max reject                             	2147483647

2024-08-09 20:09:45,933 - INFO - Max accept                             	2147483647

2024-08-09 20:09:45,933 - INFO - Include identical seq. id.             	false

2024-08-09 20:09:45,933 - INFO - Preload mode                           	0

2024-08-09 20:09:45,933 - INFO - Pseudo count a                         	1

2024-08-09 20:09:45,933 - INFO - Pseudo count b                         	1.5

2024-08-09 20:09:45,933 - INFO - Score bias                             	0

2024-08-09 20:09:45,933 - INFO - Realign hits                           	false

2024-08-09 20:09:45,933 - INFO - Realign score bias                     	-0.2

2024-08-09 20:09:45,933 - INFO - Realign max seqs                       	2147483647

2024-08-09 20:09:45,933 - INFO - Gap open cost                          	nucl:5,aa:11

2024-08-09 20:09:45,933 - INFO - Gap extension cost                     	nucl:2,aa:1

2024-08-09 20:09:45,933 - INFO - Zdrop                                  	40

2024-08-09 20:09:45,933 - INFO - Threads                                	32

2024-08-09 20:09:45,933 - INFO - Compressed                             	0

2024-08-09 20:09:45,933 - INFO - Verbosity                              	3

2024-08-09 20:09:45,933 - INFO - Seed substitution matrix               	nucl:nucleotide.out,aa:VTML80.out

2024-08-09 20:09:45,933 - INFO - Sensitivity                            	8.5

2024-08-09 20:09:45,933 - INFO - k-mer length                           	0

2024-08-09 20:09:45,933 - INFO - k-score                                	2147483647

2024-08-09 20:09:45,933 - INFO - Alphabet size                          	nucl:5,aa:21

2024-08-09 20:09:45,933 - INFO - Max results per query                  	300

2024-08-09 20:09:45,933 - INFO - Split database                         	0

2024-08-09 20:09:45,934 - INFO - Split mode                             	2

2024-08-09 20:09:45,934 - INFO - Split memory limit                     	0

2024-08-09 20:09:45,934 - INFO - Diagonal scoring                       	true

2024-08-09 20:09:45,934 - INFO - Exact k-mer matching                   	0

2024-08-09 20:09:45,934 - INFO - Mask residues                          	1

2024-08-09 20:09:45,934 - INFO - Mask lower case residues               	0

2024-08-09 20:09:45,934 - INFO - Minimum diagonal score                 	15

2024-08-09 20:09:45,934 - INFO - Spaced k-mers                          	1

2024-08-09 20:09:45,934 - INFO - Spaced k-mer pattern                   	

2024-08-09 20:09:45,934 - INFO - Local temporary path                   	

2024-08-09 20:09:45,934 - INFO - Rescore mode                           	0

2024-08-09 20:09:45,934 - INFO - Remove hits by seq. id. and coverage   	false

2024-08-09 20:09:45,934 - INFO - Sort results                           	0

2024-08-09 20:09:45,934 - INFO - Mask profile                           	1

2024-08-09 20:09:45,934 - INFO - Profile E-value threshold              	0.1

2024-08-09 20:09:45,934 - INFO - Global sequence weighting              	false

2024-08-09 20:09:45,934 - INFO - Allow deletions                        	false

2024-08-09 20:09:45,934 - INFO - Filter MSA                             	1

2024-08-09 20:09:45,934 - INFO - Maximum seq. id. threshold             	0.9

2024-08-09 20:09:45,934 - INFO - Minimum seq. id.                       	0

2024-08-09 20:09:45,934 - INFO - Minimum score per column               	-20

2024-08-09 20:09:45,934 - INFO - Minimum coverage                       	0

2024-08-09 20:09:45,934 - INFO - Select N most diverse seqs             	1000

2024-08-09 20:09:45,934 - INFO - Min codons in orf                      	30

2024-08-09 20:09:45,934 - INFO - Max codons in length                   	32734

2024-08-09 20:09:45,934 - INFO - Max orf gaps                           	2147483647

2024-08-09 20:09:45,934 - INFO - Contig start mode                      	2

2024-08-09 20:09:45,934 - INFO - Contig end mode                        	2

2024-08-09 20:09:45,934 - INFO - Orf start mode                         	1

2024-08-09 20:09:45,934 - INFO - Forward frames                         	1,2,3

2024-08-09 20:09:45,934 - INFO - Reverse frames                         	1,2,3

2024-08-09 20:09:45,934 - INFO - Translation table                      	1

2024-08-09 20:09:45,934 - INFO - Translate orf                          	0

2024-08-09 20:09:45,935 - INFO - Use all table starts                   	false

2024-08-09 20:09:45,935 - INFO - Offset of numeric ids                  	0

2024-08-09 20:09:45,935 - INFO - Create lookup                          	0

2024-08-09 20:09:45,935 - INFO - Add orf stop                           	false

2024-08-09 20:09:45,935 - INFO - Overlap between sequences              	0

2024-08-09 20:09:45,935 - INFO - Sequence split mode                    	1

2024-08-09 20:09:45,935 - INFO - Header split mode                      	0

2024-08-09 20:09:45,935 - INFO - Chain overlapping alignments           	0

2024-08-09 20:09:45,935 - INFO - Merge query                            	1

2024-08-09 20:09:45,935 - INFO - Search type                            	0

2024-08-09 20:09:45,935 - INFO - Search iterations                      	1

2024-08-09 20:09:45,935 - INFO - Start sensitivity                      	4

2024-08-09 20:09:46,022 - INFO - Search steps                           	1

2024-08-09 20:09:46,022 - INFO - Exhaustive search mode                 	false

2024-08-09 20:09:46,022 - INFO - Filter results during exhaustive search	0

2024-08-09 20:09:46,022 - INFO - Strand selection                       	1

2024-08-09 20:09:46,022 - INFO - LCA search mode                        	false

2024-08-09 20:09:46,022 - INFO - Disk space limit                       	0

2024-08-09 20:09:46,022 - INFO - MPI runner                             	

2024-08-09 20:09:46,023 - INFO - Force restart with latest tmp          	false

2024-08-09 20:09:46,023 - INFO - Remove temporary files                 	false

2024-08-09 20:09:46,023 - INFO - 

2024-08-09 20:09:46,556 - INFO - prefilter /data/yangy34/database/pharokka/vfdb phage_pharokka/GCA_013114135.1_13|51562-62367/vfdb_target_dir/target_seqs phage_pharokka/GCA_013114135.1_13|51562-62367/vfdb_tmp_dir//16869825476579563981/pref_0 --sub-mat nucl:nucleotide.out,aa:blosum62.out --seed-sub-mat nucl:nucleotide.out,aa:VTML80.out -k 0 --k-score 2147483647 --alph-size nucl:5,aa:21 --max-seq-len 65535 --max-seqs 300 --split 0 --split-mode 2 --split-memory-limit 0 -c 0.4 --cov-mode 0 --comp-bias-corr 1 --diag-score 1 --exact-kmer-matching 0 --mask 1 --mask-lower-case 0 --min-ungapped-score 15 --add-self-matches 0 --spaced-kmer-mode 1 --db-load-mode 0 --pca 1 --pcb 1.5 --threads 32 --compressed 0 -v 3 -s 8.5 

2024-08-09 20:09:46,556 - INFO - 

2024-08-09 20:09:46,556 - INFO - Query database size: 27504 type: Aminoacid

2024-08-09 20:09:46,557 - INFO - Estimated memory consumption: 977M

2024-08-09 20:09:46,557 - INFO - Target database size: 18 type: Aminoacid

2024-08-09 20:09:46,557 - INFO - Index table k-mer threshold: 87 at k-mer size 6 

2024-08-09 20:09:46,557 - INFO - Index table: counting k-mers

2024-08-09 20:09:46,702 - INFO - [=================================================================] 18 0s 28ms

2024-08-09 20:09:46,702 - INFO - Index table: Masked residues: 0

2024-08-09 20:09:46,702 - INFO - Index table: fill

2024-08-09 20:09:49,567 - INFO - [=================================================================] 18 0s 2ms

2024-08-09 20:09:49,567 - INFO - Index statistics

2024-08-09 20:09:49,567 - INFO - Entries:          2980

2024-08-09 20:09:49,567 - INFO - DB size:          488 MB

2024-08-09 20:09:49,567 - INFO - Avg k-mer size:   0.000047

2024-08-09 20:09:49,567 - INFO - Top 10 k-mers

2024-08-09 20:09:49,567 - INFO -     SMLAAA	1

2024-08-09 20:09:49,567 - INFO -     VGLDAA	1

2024-08-09 20:09:49,567 - INFO -     EWHIAA	1

2024-08-09 20:09:49,567 - INFO -     WVQNAA	1

2024-08-09 20:09:49,567 - INFO -     VLSQAA	1

2024-08-09 20:09:49,567 - INFO -     NKMTAA	1

2024-08-09 20:09:49,568 - INFO -     LYSTAA	1

2024-08-09 20:09:49,568 - INFO -     YAAVAA	1

2024-08-09 20:09:49,568 - INFO -     GADVAA	1

2024-08-09 20:09:49,568 - INFO -     AALLCA	1

2024-08-09 20:09:49,568 - INFO - Time for index table init: 0h 0m 0s 467ms

2024-08-09 20:09:49,568 - INFO - Process prefiltering step 1 of 1

2024-08-09 20:09:49,568 - INFO - 

2024-08-09 20:09:49,568 - INFO - k-mer similarity threshold: 87

2024-08-09 20:09:49,568 - INFO - Starting prefiltering scores calculation (step 1 of 1)

2024-08-09 20:09:49,568 - INFO - Query db start 1 to 27504

2024-08-09 20:09:49,568 - INFO - Target db start 1 to 18

2024-08-09 20:10:56,964 - INFO - [=================================================================] 27.50K 1m 7s 242ms

2024-08-09 20:10:56,964 - INFO - 

2024-08-09 20:10:56,964 - INFO - 3159.764157 k-mers per position

2024-08-09 20:10:56,964 - INFO - 77 DB matches per sequence

2024-08-09 20:10:56,964 - INFO - 0 overflows

2024-08-09 20:10:56,964 - INFO - 0 queries produce too many hits (truncated result)

2024-08-09 20:10:56,964 - INFO - 1 sequences passed prefiltering per query sequence

2024-08-09 20:10:56,964 - INFO - 1 median result list length

2024-08-09 20:10:56,964 - INFO - 8791 sequences with 0 size result lists

2024-08-09 20:10:56,964 - INFO - Time for merging to pref_0: 0h 0m 0s 793ms

2024-08-09 20:10:56,964 - INFO - Time for processing: 0h 1m 10s 786ms

2024-08-09 20:10:59,526 - INFO - align /data/yangy34/database/pharokka/vfdb phage_pharokka/GCA_013114135.1_13|51562-62367/vfdb_target_dir/target_seqs phage_pharokka/GCA_013114135.1_13|51562-62367/vfdb_tmp_dir//16869825476579563981/pref_0 phage_pharokka/GCA_013114135.1_13|51562-62367/vfdb/results_vfdb --sub-mat nucl:nucleotide.out,aa:blosum62.out -a 0 --alignment-mode 2 --alignment-output-mode 0 --wrapped-scoring 0 -e 0.001 --min-seq-id 0.8 --min-aln-len 0 --seq-id-mode 0 --alt-ali 0 -c 0.4 --cov-mode 0 --max-seq-len 65535 --comp-bias-corr 1 --max-rejected 2147483647 --max-accept 2147483647 --add-self-matches 0 --db-load-mode 0 --pca 1 --pcb 1.5 --score-bias 0 --realign 0 --realign-score-bias -0.2 --realign-max-seqs 2147483647 --gap-open nucl:5,aa:11 --gap-extend nucl:2,aa:1 --zdrop 40 --threads 32 --compressed 0 -v 3 

2024-08-09 20:10:59,526 - INFO - 

2024-08-09 20:10:59,526 - INFO - Compute score and coverage

2024-08-09 20:10:59,527 - INFO - Query database size: 27504 type: Aminoacid

2024-08-09 20:10:59,527 - INFO - Target database size: 18 type: Aminoacid

2024-08-09 20:10:59,527 - INFO - Calculation of alignments

2024-08-09 20:11:01,044 - INFO - [=================================================================] 27.50K 0s 178ms

2024-08-09 20:11:01,044 - INFO - Time for merging to results_vfdb: 0h 0m 1s 312ms

2024-08-09 20:11:01,044 - INFO - 21622 alignments calculated

2024-08-09 20:11:01,044 - INFO - 0 sequence pairs passed the thresholds (0.000000 of overall calculated)

2024-08-09 20:11:01,044 - INFO - 0.000000 hits per query sequence

2024-08-09 20:11:01,044 - INFO - Time for processing: 0h 0m 3s 924ms

2024-08-09 20:11:05,391 - INFO - createtsv /data/yangy34/database/pharokka/vfdb phage_pharokka/GCA_013114135.1_13|51562-62367/vfdb_target_dir/target_seqs phage_pharokka/GCA_013114135.1_13|51562-62367/vfdb/results_vfdb phage_pharokka/GCA_013114135.1_13|51562-62367/vfdb_results.tsv --full-header --threads 32 

2024-08-09 20:11:05,391 - INFO - 

2024-08-09 20:11:05,391 - INFO - MMseqs Version:                 	13.45111

2024-08-09 20:11:05,391 - INFO - First sequence as representative	false

2024-08-09 20:11:05,392 - INFO - Target column                   	1

2024-08-09 20:11:05,392 - INFO - Add full header                 	true

2024-08-09 20:11:05,392 - INFO - Sequence source                 	0

2024-08-09 20:11:05,392 - INFO - Database output                 	false

2024-08-09 20:11:05,392 - INFO - Threads                         	32

2024-08-09 20:11:05,392 - INFO - Compressed                      	0

2024-08-09 20:11:05,392 - INFO - Verbosity                       	3

2024-08-09 20:11:05,392 - INFO - 

2024-08-09 20:11:05,392 - INFO - Time for merging to vfdb_results.tsv: 0h 0m 1s 918ms

2024-08-09 20:11:05,392 - INFO - Time for processing: 0h 0m 4s 308ms

2024-08-09 20:11:05,701 - INFO - Post Processing Output.
2024-08-09 20:11:06,438 - INFO - Converting gff to genbank.
2024-08-09 20:11:06,522 - WARNING - /gpfs/gsfs12/users/yangy34/softwares/mambaforge/envs/pharokka-env/lib/python3.10/site-packages/Bio/SeqIO/InsdcIO.py:728: BiopythonWarning: Increasing length of locus line to allow long name. This will result in fields that are not in usual positions.
  warnings.warn(

2024-08-09 20:11:06,684 - INFO - Finding the closest match for each contig in INPHARED using mash.
2024-08-09 20:11:06,834 - INFO - Sketching GCA_013114135_5_phages/GCA_013114135.1_13_51562_62367_prophage.fasta...

2024-08-09 20:11:06,866 - INFO - Writing to phage_pharokka/GCA_013114135.1_13|51562-62367/input_mash_sketch.msh...

2024-08-09 20:11:15,755 - INFO - pharokka has finished
2024-08-09 20:11:15,755 - INFO - Elapsed time: 221.81 seconds
2024-08-09 20:11:15,755 - INFO - If you use pharokka in your research, please cite:
2024-08-09 20:11:15,755 - INFO - George Bouras, Roshan Nepal, Ghais Houtak, Alkis James Psaltis, Peter-John Wormald, Sarah Vreugde.
2024-08-09 20:11:15,755 - INFO - Pharokka: a fast scalable bacteriophage annotation tool.
2024-08-09 20:11:15,755 - INFO - Bioinformatics, Volume 39, Issue 1, January 2023, btac776.
2024-08-09 20:11:15,755 - INFO - https://doi.org/10.1093/bioinformatics/btac776.
2024-08-09 20:11:15,755 - INFO - You should also cite the full list of tools pharokka uses, which can be found at https://github.com/gbouras13/pharokka#citation.
