2024-08-08 22:17:15,571 - INFO - Starting pharokka v1.3.2
2024-08-08 22:17:15,571 - INFO - Input args: Namespace(infile='GCA_015343595.1_53_phages/GCA_015343595.1_1001_329_6551_prophage.fasta', outdir='phage_pharokka/GCA_015343595.1_1001|329-6551', database='/data/yangy34/database/pharokka', threads='32', force=False, prefix='Default', locustag='Default', gene_predictor='phanotate', meta=False, split=False, coding_table='11', evalue='1E-05', terminase=False, terminase_strand='nothing', terminase_start='nothing', citation=False)
2024-08-08 22:17:15,571 - INFO - Checking database installation.
2024-08-08 22:17:15,587 - INFO - All databases have been successfully checked.
2024-08-08 22:17:15,587 - INFO - Checking dependencies.
2024-08-08 22:17:16,591 - INFO - phan_out version found is v1.5.1.
2024-08-08 22:17:16,591 - INFO - Phanotate version is ok.
2024-08-08 22:17:16,651 - INFO - MMseqs2 version found is v13.45111.
2024-08-08 22:17:16,651 - INFO - MMseqs2 version is ok.
2024-08-08 22:17:17,521 - INFO - tRNAscan-SE version found is v2.45111.11.
2024-08-08 22:17:17,521 - INFO - tRNAscan-SE version is ok.
2024-08-08 22:17:18,195 - INFO - MinCED version found is v0.4.2.
2024-08-08 22:17:18,195 - INFO - MinCED version is ok.
2024-08-08 22:17:18,210 - INFO - ARAGORN version found is v1.2.41.
2024-08-08 22:17:18,210 - INFO - ARAGORN version is ok.
2024-08-08 22:17:18,292 - INFO - mash version found is v2.2.
2024-08-08 22:17:18,292 - INFO - mash version is ok.
2024-08-08 22:17:18,527 - INFO - Running Phanotate.
2024-08-08 22:17:20,984 - INFO - Translating gene predicted fastas.
2024-08-08 22:17:21,000 - INFO - Starting tRNA-scanSE
2024-08-08 22:17:21,136 - INFO - 

2024-08-08 22:17:21,136 - INFO - tRNAscan-SE v.2.0.11 (Oct 2022) - scan sequences for transfer RNAs

2024-08-08 22:17:21,136 - INFO - Copyright (C) 2022 Patricia Chan and Todd Lowe

2024-08-08 22:17:21,137 - INFO -                    University of California Santa Cruz

2024-08-08 22:17:21,137 - INFO - Freely distributed under the GNU General Public License (GPLv3)

2024-08-08 22:17:21,137 - INFO - 

2024-08-08 22:17:21,137 - INFO - ------------------------------------------------------------

2024-08-08 22:17:21,137 - INFO - Sequence file(s) to search:        GCA_015343595.1_53_phages/GCA_015343595.1_1001_329_6551_prophage.fasta

2024-08-08 22:17:21,137 - INFO - Search Mode:                       General

2024-08-08 22:17:21,137 - INFO - Results written to:                Standard output

2024-08-08 22:17:21,137 - INFO - Output format:                     Tabular

2024-08-08 22:17:21,137 - INFO - Searching with:                    Infernal single-pass scan

2024-08-08 22:17:21,137 - INFO -                                    Fast mode

2024-08-08 22:17:21,137 - INFO - Covariance model:                  /gpfs/gsfs12/users/yangy34/softwares/mambaforge/envs/pharokka-env/lib/tRNAscan-SE/models/TRNAinf.cm

2024-08-08 22:17:21,137 - INFO - 

2024-08-08 22:17:21,137 - INFO - Temporary directory:               /tmp

2024-08-08 22:17:21,137 - INFO - tRNA predictions saved to:         phage_pharokka/GCA_015343595.1_1001|329-6551/trnascan_out.gff

2024-08-08 22:17:21,137 - INFO - ------------------------------------------------------------

2024-08-08 22:17:21,137 - INFO - 

2024-08-08 22:17:21,247 - INFO - No tRNAs found.

2024-08-08 22:17:21,247 - INFO - 

2024-08-08 22:17:21,260 - INFO - Running MinCED.
2024-08-08 22:17:21,386 - INFO - Running Aragorn.
2024-08-08 22:17:21,391 - INFO - Starting MMseqs2.
2024-08-08 22:17:21,391 - INFO - Running MMseqs2 on PHROGs Database.
2024-08-08 22:17:21,479 - INFO - createdb phage_pharokka/GCA_015343595.1_1001|329-6551/phanotate_aas_tmp.fasta phage_pharokka/GCA_015343595.1_1001|329-6551/target_dir/target_seqs 

2024-08-08 22:17:21,479 - INFO - 

2024-08-08 22:17:21,480 - INFO - MMseqs Version:       	13.45111

2024-08-08 22:17:21,480 - INFO - Database type         	0

2024-08-08 22:17:21,480 - INFO - Shuffle input database	true

2024-08-08 22:17:21,481 - INFO - Createdb mode         	0

2024-08-08 22:17:21,481 - INFO - Write lookup file     	1

2024-08-08 22:17:21,481 - INFO - Offset of numeric ids 	0

2024-08-08 22:17:21,481 - INFO - Compressed            	0

2024-08-08 22:17:21,481 - INFO - Verbosity             	3

2024-08-08 22:17:21,481 - INFO - 

2024-08-08 22:17:21,481 - INFO - Converting sequences

2024-08-08 22:17:21,481 - INFO - [

2024-08-08 22:17:21,481 - INFO - Time for merging to target_seqs_h: 0h 0m 0s 22ms

2024-08-08 22:17:21,481 - INFO - Time for merging to target_seqs: 0h 0m 0s 20ms

2024-08-08 22:17:21,481 - INFO - Database type: Aminoacid

2024-08-08 22:17:21,481 - INFO - Time for processing: 0h 0m 0s 83ms

2024-08-08 22:17:21,491 - INFO - Create directory phage_pharokka/GCA_015343595.1_1001|329-6551/tmp_dir/

2024-08-08 22:17:21,491 - INFO - search -e 1E-05 /data/yangy34/database/pharokka/phrogs_profile_db phage_pharokka/GCA_015343595.1_1001|329-6551/target_dir/target_seqs phage_pharokka/GCA_015343595.1_1001|329-6551/mmseqs/results_mmseqs phage_pharokka/GCA_015343595.1_1001|329-6551/tmp_dir/ -s 8.5 --threads 32 

2024-08-08 22:17:21,491 - INFO - 

2024-08-08 22:17:21,491 - INFO - MMseqs Version:                        	13.45111

2024-08-08 22:17:21,491 - INFO - Substitution matrix                    	nucl:nucleotide.out,aa:blosum62.out

2024-08-08 22:17:21,491 - INFO - Add backtrace                          	false

2024-08-08 22:17:21,491 - INFO - Alignment mode                         	2

2024-08-08 22:17:21,491 - INFO - Alignment mode                         	0

2024-08-08 22:17:21,491 - INFO - Allow wrapped scoring                  	false

2024-08-08 22:17:21,491 - INFO - E-value threshold                      	1e-05

2024-08-08 22:17:21,491 - INFO - Seq. id. threshold                     	0

2024-08-08 22:17:21,491 - INFO - Min alignment length                   	0

2024-08-08 22:17:21,491 - INFO - Seq. id. mode                          	0

2024-08-08 22:17:21,491 - INFO - Alternative alignments                 	0

2024-08-08 22:17:21,491 - INFO - Coverage threshold                     	0

2024-08-08 22:17:21,491 - INFO - Coverage mode                          	0

2024-08-08 22:17:21,491 - INFO - Max sequence length                    	65535

2024-08-08 22:17:21,492 - INFO - Compositional bias                     	1

2024-08-08 22:17:21,492 - INFO - Max reject                             	2147483647

2024-08-08 22:17:21,492 - INFO - Max accept                             	2147483647

2024-08-08 22:17:21,492 - INFO - Include identical seq. id.             	false

2024-08-08 22:17:21,492 - INFO - Preload mode                           	0

2024-08-08 22:17:21,492 - INFO - Pseudo count a                         	1

2024-08-08 22:17:21,492 - INFO - Pseudo count b                         	1.5

2024-08-08 22:17:21,492 - INFO - Score bias                             	0

2024-08-08 22:17:21,492 - INFO - Realign hits                           	false

2024-08-08 22:17:21,492 - INFO - Realign score bias                     	-0.2

2024-08-08 22:17:21,492 - INFO - Realign max seqs                       	2147483647

2024-08-08 22:17:21,492 - INFO - Gap open cost                          	nucl:5,aa:11

2024-08-08 22:17:21,492 - INFO - Gap extension cost                     	nucl:2,aa:1

2024-08-08 22:17:21,492 - INFO - Zdrop                                  	40

2024-08-08 22:17:21,492 - INFO - Threads                                	32

2024-08-08 22:17:21,492 - INFO - Compressed                             	0

2024-08-08 22:17:21,492 - INFO - Verbosity                              	3

2024-08-08 22:17:21,492 - INFO - Seed substitution matrix               	nucl:nucleotide.out,aa:VTML80.out

2024-08-08 22:17:21,492 - INFO - Sensitivity                            	8.5

2024-08-08 22:17:21,492 - INFO - k-mer length                           	0

2024-08-08 22:17:21,492 - INFO - k-score                                	2147483647

2024-08-08 22:17:21,492 - INFO - Alphabet size                          	nucl:5,aa:21

2024-08-08 22:17:21,492 - INFO - Max results per query                  	300

2024-08-08 22:17:21,492 - INFO - Split database                         	0

2024-08-08 22:17:21,492 - INFO - Split mode                             	2

2024-08-08 22:17:21,492 - INFO - Split memory limit                     	0

2024-08-08 22:17:21,493 - INFO - Diagonal scoring                       	true

2024-08-08 22:17:21,493 - INFO - Exact k-mer matching                   	0

2024-08-08 22:17:21,493 - INFO - Mask residues                          	1

2024-08-08 22:17:21,493 - INFO - Mask lower case residues               	0

2024-08-08 22:17:21,493 - INFO - Minimum diagonal score                 	15

2024-08-08 22:17:21,493 - INFO - Spaced k-mers                          	1

2024-08-08 22:17:21,493 - INFO - Spaced k-mer pattern                   	

2024-08-08 22:17:21,493 - INFO - Local temporary path                   	

2024-08-08 22:17:21,493 - INFO - Rescore mode                           	0

2024-08-08 22:17:21,493 - INFO - Remove hits by seq. id. and coverage   	false

2024-08-08 22:17:21,493 - INFO - Sort results                           	0

2024-08-08 22:17:21,493 - INFO - Mask profile                           	1

2024-08-08 22:17:21,493 - INFO - Profile E-value threshold              	0.1

2024-08-08 22:17:21,493 - INFO - Global sequence weighting              	false

2024-08-08 22:17:21,493 - INFO - Allow deletions                        	false

2024-08-08 22:17:21,493 - INFO - Filter MSA                             	1

2024-08-08 22:17:21,493 - INFO - Maximum seq. id. threshold             	0.9

2024-08-08 22:17:21,493 - INFO - Minimum seq. id.                       	0

2024-08-08 22:17:21,493 - INFO - Minimum score per column               	-20

2024-08-08 22:17:21,493 - INFO - Minimum coverage                       	0

2024-08-08 22:17:21,493 - INFO - Select N most diverse seqs             	1000

2024-08-08 22:17:21,493 - INFO - Min codons in orf                      	30

2024-08-08 22:17:21,493 - INFO - Max codons in length                   	32734

2024-08-08 22:17:21,493 - INFO - Max orf gaps                           	2147483647

2024-08-08 22:17:21,493 - INFO - Contig start mode                      	2

2024-08-08 22:17:21,494 - INFO - Contig end mode                        	2

2024-08-08 22:17:21,494 - INFO - Orf start mode                         	1

2024-08-08 22:17:21,494 - INFO - Forward frames                         	1,2,3

2024-08-08 22:17:21,494 - INFO - Reverse frames                         	1,2,3

2024-08-08 22:17:21,494 - INFO - Translation table                      	1

2024-08-08 22:17:21,494 - INFO - Translate orf                          	0

2024-08-08 22:17:21,494 - INFO - Use all table starts                   	false

2024-08-08 22:17:21,494 - INFO - Offset of numeric ids                  	0

2024-08-08 22:17:21,494 - INFO - Create lookup                          	0

2024-08-08 22:17:21,494 - INFO - Add orf stop                           	false

2024-08-08 22:17:21,494 - INFO - Overlap between sequences              	0

2024-08-08 22:17:21,494 - INFO - Sequence split mode                    	1

2024-08-08 22:17:21,494 - INFO - Header split mode                      	0

2024-08-08 22:17:21,494 - INFO - Chain overlapping alignments           	0

2024-08-08 22:17:21,494 - INFO - Merge query                            	1

2024-08-08 22:17:21,494 - INFO - Search type                            	0

2024-08-08 22:17:21,494 - INFO - Search iterations                      	1

2024-08-08 22:17:21,494 - INFO - Start sensitivity                      	4

2024-08-08 22:17:21,494 - INFO - Search steps                           	1

2024-08-08 22:17:21,494 - INFO - Exhaustive search mode                 	false

2024-08-08 22:17:21,494 - INFO - Filter results during exhaustive search	0

2024-08-08 22:17:21,494 - INFO - Strand selection                       	1

2024-08-08 22:17:21,494 - INFO - LCA search mode                        	false

2024-08-08 22:17:21,494 - INFO - Disk space limit                       	0

2024-08-08 22:17:21,494 - INFO - MPI runner                             	

2024-08-08 22:17:21,494 - INFO - Force restart with latest tmp          	false

2024-08-08 22:17:21,495 - INFO - Remove temporary files                 	false

2024-08-08 22:17:21,495 - INFO - 

2024-08-08 22:17:21,658 - INFO - prefilter /data/yangy34/database/pharokka/phrogs_profile_db phage_pharokka/GCA_015343595.1_1001|329-6551/target_dir/target_seqs phage_pharokka/GCA_015343595.1_1001|329-6551/tmp_dir//9249090174267100906/pref_0 --sub-mat nucl:nucleotide.out,aa:blosum62.out --seed-sub-mat nucl:nucleotide.out,aa:VTML80.out -k 0 --k-score 2147483647 --alph-size nucl:5,aa:21 --max-seq-len 65535 --max-seqs 300 --split 0 --split-mode 2 --split-memory-limit 0 -c 0 --cov-mode 0 --comp-bias-corr 1 --diag-score 1 --exact-kmer-matching 0 --mask 1 --mask-lower-case 0 --min-ungapped-score 15 --add-self-matches 0 --spaced-kmer-mode 1 --db-load-mode 0 --pca 1 --pcb 1.5 --threads 32 --compressed 0 -v 3 -s 8.5 

2024-08-08 22:17:21,659 - INFO - 

2024-08-08 22:17:21,659 - INFO - Query database size: 38880 type: Profile

2024-08-08 22:17:21,659 - INFO - Estimated memory consumption: 488M

2024-08-08 22:17:21,659 - INFO - Target database size: 9 type: Aminoacid

2024-08-08 22:17:21,659 - INFO - Index table k-mer threshold: 0 at k-mer size 6 

2024-08-08 22:17:21,659 - INFO - Index table: counting k-mers

2024-08-08 22:17:21,788 - INFO - [=================================================================] 9 0s 2ms

2024-08-08 22:17:21,789 - INFO - Index table: Masked residues: 0

2024-08-08 22:17:21,789 - INFO - Index table: fill

2024-08-08 22:17:23,071 - INFO - [=================================================================] 9 0s 2ms

2024-08-08 22:17:23,071 - INFO - Index statistics

2024-08-08 22:17:23,071 - INFO - Entries:          1683

2024-08-08 22:17:23,071 - INFO - DB size:          488 MB

2024-08-08 22:17:23,071 - INFO - Avg k-mer size:   0.000026

2024-08-08 22:17:23,071 - INFO - Top 10 k-mers

2024-08-08 22:17:23,071 - INFO -     TLKAAA	1

2024-08-08 22:17:23,071 - INFO -     SHTAAA	1

2024-08-08 22:17:23,071 - INFO -     SNDCAA	1

2024-08-08 22:17:23,071 - INFO -     NAREAA	1

2024-08-08 22:17:23,071 - INFO -     IVKGAA	1

2024-08-08 22:17:23,071 - INFO -     ADNLAA	1

2024-08-08 22:17:23,072 - INFO -     VIDNAA	1

2024-08-08 22:17:23,072 - INFO -     TKSSAA	1

2024-08-08 22:17:23,072 - INFO -     VQSVAA	1

2024-08-08 22:17:23,072 - INFO -     YQIGDA	1

2024-08-08 22:17:23,072 - INFO - Time for index table init: 0h 0m 0s 466ms

2024-08-08 22:17:23,072 - INFO - Process prefiltering step 1 of 1

2024-08-08 22:17:23,072 - INFO - 

2024-08-08 22:17:23,072 - INFO - k-mer similarity threshold: 81

2024-08-08 22:17:23,072 - INFO - Starting prefiltering scores calculation (step 1 of 1)

2024-08-08 22:17:23,072 - INFO - Query db start 1 to 38880

2024-08-08 22:17:23,072 - INFO - Target db start 1 to 9

2024-08-08 22:18:30,487 - INFO - [=================================================================] 38.88K 1m 8s 269ms

2024-08-08 22:18:30,488 - INFO - 

2024-08-08 22:18:30,488 - INFO - 5386.328443 k-mers per position

2024-08-08 22:18:30,488 - INFO - 22 DB matches per sequence

2024-08-08 22:18:30,488 - INFO - 0 overflows

2024-08-08 22:18:30,488 - INFO - 0 queries produce too many hits (truncated result)

2024-08-08 22:18:30,488 - INFO - 0 sequences passed prefiltering per query sequence

2024-08-08 22:18:30,488 - INFO - 0 median result list length

2024-08-08 22:18:30,488 - INFO - 24693 sequences with 0 size result lists

2024-08-08 22:18:30,488 - INFO - Time for merging to pref_0: 0h 0m 0s 24ms

2024-08-08 22:18:30,488 - INFO - Time for processing: 0h 1m 8s 988ms

2024-08-08 22:18:30,600 - INFO - align /data/yangy34/database/pharokka/phrogs_profile_db phage_pharokka/GCA_015343595.1_1001|329-6551/target_dir/target_seqs phage_pharokka/GCA_015343595.1_1001|329-6551/tmp_dir//9249090174267100906/pref_0 phage_pharokka/GCA_015343595.1_1001|329-6551/mmseqs/results_mmseqs --sub-mat nucl:nucleotide.out,aa:blosum62.out -a 0 --alignment-mode 2 --alignment-output-mode 0 --wrapped-scoring 0 -e 1e-05 --min-seq-id 0 --min-aln-len 0 --seq-id-mode 0 --alt-ali 0 -c 0 --cov-mode 0 --max-seq-len 65535 --comp-bias-corr 1 --max-rejected 2147483647 --max-accept 2147483647 --add-self-matches 0 --db-load-mode 0 --pca 1 --pcb 1.5 --score-bias 0 --realign 0 --realign-score-bias -0.2 --realign-max-seqs 2147483647 --gap-open nucl:5,aa:11 --gap-extend nucl:2,aa:1 --zdrop 40 --threads 32 --compressed 0 -v 3 

2024-08-08 22:18:30,600 - INFO - 

2024-08-08 22:18:30,600 - INFO - Compute score and coverage

2024-08-08 22:18:30,600 - INFO - Query database size: 38880 type: Profile

2024-08-08 22:18:30,600 - INFO - Target database size: 9 type: Aminoacid

2024-08-08 22:18:30,600 - INFO - Calculation of alignments

2024-08-08 22:18:30,961 - INFO - [=================================================================] 38.88K 0s 357ms

2024-08-08 22:18:30,962 - INFO - Time for merging to results_mmseqs: 0h 0m 0s 21ms

2024-08-08 22:18:30,962 - INFO - 20515 alignments calculated

2024-08-08 22:18:30,962 - INFO - 7 sequence pairs passed the thresholds (0.000341 of overall calculated)

2024-08-08 22:18:30,962 - INFO - 0.000180 hits per query sequence

2024-08-08 22:18:30,962 - INFO - Time for processing: 0h 0m 0s 467ms

2024-08-08 22:18:31,255 - INFO - createtsv /data/yangy34/database/pharokka/phrogs_profile_db phage_pharokka/GCA_015343595.1_1001|329-6551/target_dir/target_seqs phage_pharokka/GCA_015343595.1_1001|329-6551/mmseqs/results_mmseqs phage_pharokka/GCA_015343595.1_1001|329-6551/mmseqs_results.tsv --full-header --threads 32 

2024-08-08 22:18:31,256 - INFO - 

2024-08-08 22:18:31,256 - INFO - MMseqs Version:                 	13.45111

2024-08-08 22:18:31,256 - INFO - First sequence as representative	false

2024-08-08 22:18:31,256 - INFO - Target column                   	1

2024-08-08 22:18:31,256 - INFO - Add full header                 	true

2024-08-08 22:18:31,256 - INFO - Sequence source                 	0

2024-08-08 22:18:31,256 - INFO - Database output                 	false

2024-08-08 22:18:31,256 - INFO - Threads                         	32

2024-08-08 22:18:31,256 - INFO - Compressed                      	0

2024-08-08 22:18:31,256 - INFO - Verbosity                       	3

2024-08-08 22:18:31,256 - INFO - 

2024-08-08 22:18:31,256 - INFO - Time for merging to mmseqs_results.tsv: 0h 0m 0s 29ms

2024-08-08 22:18:31,256 - INFO - Time for processing: 0h 0m 0s 285ms

2024-08-08 22:18:31,279 - INFO - Running mmseqs2 on CARD.
2024-08-08 22:18:31,351 - INFO - createdb phage_pharokka/GCA_015343595.1_1001|329-6551/phanotate_aas_tmp.fasta phage_pharokka/GCA_015343595.1_1001|329-6551/CARD_target_dir/target_seqs 

2024-08-08 22:18:31,351 - INFO - 

2024-08-08 22:18:31,351 - INFO - MMseqs Version:       	13.45111

2024-08-08 22:18:31,351 - INFO - Database type         	0

2024-08-08 22:18:31,351 - INFO - Shuffle input database	true

2024-08-08 22:18:31,351 - INFO - Createdb mode         	0

2024-08-08 22:18:31,351 - INFO - Write lookup file     	1

2024-08-08 22:18:31,351 - INFO - Offset of numeric ids 	0

2024-08-08 22:18:31,351 - INFO - Compressed            	0

2024-08-08 22:18:31,351 - INFO - Verbosity             	3

2024-08-08 22:18:31,351 - INFO - 

2024-08-08 22:18:31,351 - INFO - Converting sequences

2024-08-08 22:18:31,351 - INFO - [

2024-08-08 22:18:31,351 - INFO - Time for merging to target_seqs_h: 0h 0m 0s 7ms

2024-08-08 22:18:31,351 - INFO - Time for merging to target_seqs: 0h 0m 0s 21ms

2024-08-08 22:18:31,351 - INFO - Database type: Aminoacid

2024-08-08 22:18:31,351 - INFO - Time for processing: 0h 0m 0s 66ms

2024-08-08 22:18:31,360 - INFO - Create directory phage_pharokka/GCA_015343595.1_1001|329-6551/CARD_tmp_dir/

2024-08-08 22:18:31,360 - INFO - search --min-seq-id 0.8 -c 0.4 /data/yangy34/database/pharokka/CARD phage_pharokka/GCA_015343595.1_1001|329-6551/CARD_target_dir/target_seqs phage_pharokka/GCA_015343595.1_1001|329-6551/CARD/results_CARD phage_pharokka/GCA_015343595.1_1001|329-6551/CARD_tmp_dir/ -s 8.5 --threads 32 

2024-08-08 22:18:31,360 - INFO - 

2024-08-08 22:18:31,360 - INFO - MMseqs Version:                        	13.45111

2024-08-08 22:18:31,361 - INFO - Substitution matrix                    	nucl:nucleotide.out,aa:blosum62.out

2024-08-08 22:18:31,361 - INFO - Add backtrace                          	false

2024-08-08 22:18:31,361 - INFO - Alignment mode                         	2

2024-08-08 22:18:31,361 - INFO - Alignment mode                         	0

2024-08-08 22:18:31,361 - INFO - Allow wrapped scoring                  	false

2024-08-08 22:18:31,361 - INFO - E-value threshold                      	0.001

2024-08-08 22:18:31,361 - INFO - Seq. id. threshold                     	0.8

2024-08-08 22:18:31,361 - INFO - Min alignment length                   	0

2024-08-08 22:18:31,361 - INFO - Seq. id. mode                          	0

2024-08-08 22:18:31,361 - INFO - Alternative alignments                 	0

2024-08-08 22:18:31,361 - INFO - Coverage threshold                     	0.4

2024-08-08 22:18:31,361 - INFO - Coverage mode                          	0

2024-08-08 22:18:31,361 - INFO - Max sequence length                    	65535

2024-08-08 22:18:31,361 - INFO - Compositional bias                     	1

2024-08-08 22:18:31,361 - INFO - Max reject                             	2147483647

2024-08-08 22:18:31,361 - INFO - Max accept                             	2147483647

2024-08-08 22:18:31,361 - INFO - Include identical seq. id.             	false

2024-08-08 22:18:31,361 - INFO - Preload mode                           	0

2024-08-08 22:18:31,361 - INFO - Pseudo count a                         	1

2024-08-08 22:18:31,361 - INFO - Pseudo count b                         	1.5

2024-08-08 22:18:31,361 - INFO - Score bias                             	0

2024-08-08 22:18:31,361 - INFO - Realign hits                           	false

2024-08-08 22:18:31,361 - INFO - Realign score bias                     	-0.2

2024-08-08 22:18:31,361 - INFO - Realign max seqs                       	2147483647

2024-08-08 22:18:31,361 - INFO - Gap open cost                          	nucl:5,aa:11

2024-08-08 22:18:31,361 - INFO - Gap extension cost                     	nucl:2,aa:1

2024-08-08 22:18:31,362 - INFO - Zdrop                                  	40

2024-08-08 22:18:31,362 - INFO - Threads                                	32

2024-08-08 22:18:31,362 - INFO - Compressed                             	0

2024-08-08 22:18:31,362 - INFO - Verbosity                              	3

2024-08-08 22:18:31,362 - INFO - Seed substitution matrix               	nucl:nucleotide.out,aa:VTML80.out

2024-08-08 22:18:31,362 - INFO - Sensitivity                            	8.5

2024-08-08 22:18:31,362 - INFO - k-mer length                           	0

2024-08-08 22:18:31,362 - INFO - k-score                                	2147483647

2024-08-08 22:18:31,362 - INFO - Alphabet size                          	nucl:5,aa:21

2024-08-08 22:18:31,362 - INFO - Max results per query                  	300

2024-08-08 22:18:31,362 - INFO - Split database                         	0

2024-08-08 22:18:31,362 - INFO - Split mode                             	2

2024-08-08 22:18:31,362 - INFO - Split memory limit                     	0

2024-08-08 22:18:31,362 - INFO - Diagonal scoring                       	true

2024-08-08 22:18:31,362 - INFO - Exact k-mer matching                   	0

2024-08-08 22:18:31,362 - INFO - Mask residues                          	1

2024-08-08 22:18:31,362 - INFO - Mask lower case residues               	0

2024-08-08 22:18:31,362 - INFO - Minimum diagonal score                 	15

2024-08-08 22:18:31,362 - INFO - Spaced k-mers                          	1

2024-08-08 22:18:31,362 - INFO - Spaced k-mer pattern                   	

2024-08-08 22:18:31,362 - INFO - Local temporary path                   	

2024-08-08 22:18:31,362 - INFO - Rescore mode                           	0

2024-08-08 22:18:31,362 - INFO - Remove hits by seq. id. and coverage   	false

2024-08-08 22:18:31,362 - INFO - Sort results                           	0

2024-08-08 22:18:31,362 - INFO - Mask profile                           	1

2024-08-08 22:18:31,362 - INFO - Profile E-value threshold              	0.1

2024-08-08 22:18:31,363 - INFO - Global sequence weighting              	false

2024-08-08 22:18:31,363 - INFO - Allow deletions                        	false

2024-08-08 22:18:31,363 - INFO - Filter MSA                             	1

2024-08-08 22:18:31,363 - INFO - Maximum seq. id. threshold             	0.9

2024-08-08 22:18:31,363 - INFO - Minimum seq. id.                       	0

2024-08-08 22:18:31,363 - INFO - Minimum score per column               	-20

2024-08-08 22:18:31,363 - INFO - Minimum coverage                       	0

2024-08-08 22:18:31,363 - INFO - Select N most diverse seqs             	1000

2024-08-08 22:18:31,363 - INFO - Min codons in orf                      	30

2024-08-08 22:18:31,363 - INFO - Max codons in length                   	32734

2024-08-08 22:18:31,363 - INFO - Max orf gaps                           	2147483647

2024-08-08 22:18:31,363 - INFO - Contig start mode                      	2

2024-08-08 22:18:31,363 - INFO - Contig end mode                        	2

2024-08-08 22:18:31,363 - INFO - Orf start mode                         	1

2024-08-08 22:18:31,363 - INFO - Forward frames                         	1,2,3

2024-08-08 22:18:31,363 - INFO - Reverse frames                         	1,2,3

2024-08-08 22:18:31,363 - INFO - Translation table                      	1

2024-08-08 22:18:31,363 - INFO - Translate orf                          	0

2024-08-08 22:18:31,363 - INFO - Use all table starts                   	false

2024-08-08 22:18:31,363 - INFO - Offset of numeric ids                  	0

2024-08-08 22:18:31,363 - INFO - Create lookup                          	0

2024-08-08 22:18:31,363 - INFO - Add orf stop                           	false

2024-08-08 22:18:31,363 - INFO - Overlap between sequences              	0

2024-08-08 22:18:31,363 - INFO - Sequence split mode                    	1

2024-08-08 22:18:31,363 - INFO - Header split mode                      	0

2024-08-08 22:18:31,363 - INFO - Chain overlapping alignments           	0

2024-08-08 22:18:31,364 - INFO - Merge query                            	1

2024-08-08 22:18:31,364 - INFO - Search type                            	0

2024-08-08 22:18:31,364 - INFO - Search iterations                      	1

2024-08-08 22:18:31,364 - INFO - Start sensitivity                      	4

2024-08-08 22:18:31,364 - INFO - Search steps                           	1

2024-08-08 22:18:31,364 - INFO - Exhaustive search mode                 	false

2024-08-08 22:18:31,364 - INFO - Filter results during exhaustive search	0

2024-08-08 22:18:31,364 - INFO - Strand selection                       	1

2024-08-08 22:18:31,364 - INFO - LCA search mode                        	false

2024-08-08 22:18:31,364 - INFO - Disk space limit                       	0

2024-08-08 22:18:31,364 - INFO - MPI runner                             	

2024-08-08 22:18:31,364 - INFO - Force restart with latest tmp          	false

2024-08-08 22:18:31,364 - INFO - Remove temporary files                 	false

2024-08-08 22:18:31,364 - INFO - 

2024-08-08 22:18:31,516 - INFO - prefilter /data/yangy34/database/pharokka/CARD phage_pharokka/GCA_015343595.1_1001|329-6551/CARD_target_dir/target_seqs phage_pharokka/GCA_015343595.1_1001|329-6551/CARD_tmp_dir//12605647004012242819/pref_0 --sub-mat nucl:nucleotide.out,aa:blosum62.out --seed-sub-mat nucl:nucleotide.out,aa:VTML80.out -k 0 --k-score 2147483647 --alph-size nucl:5,aa:21 --max-seq-len 65535 --max-seqs 300 --split 0 --split-mode 2 --split-memory-limit 0 -c 0.4 --cov-mode 0 --comp-bias-corr 1 --diag-score 1 --exact-kmer-matching 0 --mask 1 --mask-lower-case 0 --min-ungapped-score 15 --add-self-matches 0 --spaced-kmer-mode 1 --db-load-mode 0 --pca 1 --pcb 1.5 --threads 32 --compressed 0 -v 3 -s 8.5 

2024-08-08 22:18:31,516 - INFO - 

2024-08-08 22:18:31,516 - INFO - Query database size: 4641 type: Aminoacid

2024-08-08 22:18:31,516 - INFO - Estimated memory consumption: 977M

2024-08-08 22:18:31,517 - INFO - Target database size: 9 type: Aminoacid

2024-08-08 22:18:31,517 - INFO - Index table k-mer threshold: 87 at k-mer size 6 

2024-08-08 22:18:31,517 - INFO - Index table: counting k-mers

2024-08-08 22:18:31,643 - INFO - [=================================================================] 9 0s 6ms

2024-08-08 22:18:31,644 - INFO - Index table: Masked residues: 0

2024-08-08 22:18:31,644 - INFO - Index table: fill

2024-08-08 22:18:32,101 - INFO - [=================================================================] 9 0s 2ms

2024-08-08 22:18:32,101 - INFO - Index statistics

2024-08-08 22:18:32,101 - INFO - Entries:          1683

2024-08-08 22:18:32,101 - INFO - DB size:          488 MB

2024-08-08 22:18:32,101 - INFO - Avg k-mer size:   0.000026

2024-08-08 22:18:32,102 - INFO - Top 10 k-mers

2024-08-08 22:18:32,102 - INFO -     TLKAAA	1

2024-08-08 22:18:32,102 - INFO -     SHTAAA	1

2024-08-08 22:18:32,102 - INFO -     SNDCAA	1

2024-08-08 22:18:32,102 - INFO -     NAREAA	1

2024-08-08 22:18:32,102 - INFO -     IVKGAA	1

2024-08-08 22:18:32,102 - INFO -     ADNLAA	1

2024-08-08 22:18:32,102 - INFO -     VIDNAA	1

2024-08-08 22:18:32,102 - INFO -     TKSSAA	1

2024-08-08 22:18:32,102 - INFO -     VQSVAA	1

2024-08-08 22:18:32,102 - INFO -     YQIGDA	1

2024-08-08 22:18:32,103 - INFO - Time for index table init: 0h 0m 0s 434ms

2024-08-08 22:18:32,103 - INFO - Process prefiltering step 1 of 1

2024-08-08 22:18:32,103 - INFO - 

2024-08-08 22:18:32,103 - INFO - k-mer similarity threshold: 87

2024-08-08 22:18:32,103 - INFO - Starting prefiltering scores calculation (step 1 of 1)

2024-08-08 22:18:32,103 - INFO - Query db start 1 to 4641

2024-08-08 22:18:32,103 - INFO - Target db start 1 to 9

2024-08-08 22:18:41,340 - INFO - [=================================================================] 4.64K 9s 247ms

2024-08-08 22:18:41,340 - INFO - 

2024-08-08 22:18:41,340 - INFO - 3883.681631 k-mers per position

2024-08-08 22:18:41,340 - INFO - 35 DB matches per sequence

2024-08-08 22:18:41,340 - INFO - 0 overflows

2024-08-08 22:18:41,340 - INFO - 0 queries produce too many hits (truncated result)

2024-08-08 22:18:41,340 - INFO - 0 sequences passed prefiltering per query sequence

2024-08-08 22:18:41,340 - INFO - 1 median result list length

2024-08-08 22:18:41,340 - INFO - 2090 sequences with 0 size result lists

2024-08-08 22:18:41,340 - INFO - Time for merging to pref_0: 0h 0m 0s 9ms

2024-08-08 22:18:41,340 - INFO - Time for processing: 0h 0m 9s 971ms

2024-08-08 22:18:41,365 - INFO - align /data/yangy34/database/pharokka/CARD phage_pharokka/GCA_015343595.1_1001|329-6551/CARD_target_dir/target_seqs phage_pharokka/GCA_015343595.1_1001|329-6551/CARD_tmp_dir//12605647004012242819/pref_0 phage_pharokka/GCA_015343595.1_1001|329-6551/CARD/results_CARD --sub-mat nucl:nucleotide.out,aa:blosum62.out -a 0 --alignment-mode 2 --alignment-output-mode 0 --wrapped-scoring 0 -e 0.001 --min-seq-id 0.8 --min-aln-len 0 --seq-id-mode 0 --alt-ali 0 -c 0.4 --cov-mode 0 --max-seq-len 65535 --comp-bias-corr 1 --max-rejected 2147483647 --max-accept 2147483647 --add-self-matches 0 --db-load-mode 0 --pca 1 --pcb 1.5 --score-bias 0 --realign 0 --realign-score-bias -0.2 --realign-max-seqs 2147483647 --gap-open nucl:5,aa:11 --gap-extend nucl:2,aa:1 --zdrop 40 --threads 32 --compressed 0 -v 3 

2024-08-08 22:18:41,365 - INFO - 

2024-08-08 22:18:41,365 - INFO - Compute score and coverage

2024-08-08 22:18:41,365 - INFO - Query database size: 4641 type: Aminoacid

2024-08-08 22:18:41,365 - INFO - Target database size: 9 type: Aminoacid

2024-08-08 22:18:41,365 - INFO - Calculation of alignments

2024-08-08 22:18:41,395 - INFO - [=================================================================] 4.64K 0s 21ms

2024-08-08 22:18:41,395 - INFO - Time for merging to results_CARD: 0h 0m 0s 9ms

2024-08-08 22:18:41,395 - INFO - 2633 alignments calculated

2024-08-08 22:18:41,395 - INFO - 0 sequence pairs passed the thresholds (0.000000 of overall calculated)

2024-08-08 22:18:41,395 - INFO - 0.000000 hits per query sequence

2024-08-08 22:18:41,395 - INFO - Time for processing: 0h 0m 0s 48ms

2024-08-08 22:18:41,456 - INFO - createtsv /data/yangy34/database/pharokka/CARD phage_pharokka/GCA_015343595.1_1001|329-6551/CARD_target_dir/target_seqs phage_pharokka/GCA_015343595.1_1001|329-6551/CARD/results_CARD phage_pharokka/GCA_015343595.1_1001|329-6551/CARD_results.tsv --full-header --threads 32 

2024-08-08 22:18:41,456 - INFO - 

2024-08-08 22:18:41,457 - INFO - MMseqs Version:                 	13.45111

2024-08-08 22:18:41,457 - INFO - First sequence as representative	false

2024-08-08 22:18:41,457 - INFO - Target column                   	1

2024-08-08 22:18:41,457 - INFO - Add full header                 	true

2024-08-08 22:18:41,457 - INFO - Sequence source                 	0

2024-08-08 22:18:41,457 - INFO - Database output                 	false

2024-08-08 22:18:41,457 - INFO - Threads                         	32

2024-08-08 22:18:41,457 - INFO - Compressed                      	0

2024-08-08 22:18:41,457 - INFO - Verbosity                       	3

2024-08-08 22:18:41,457 - INFO - 

2024-08-08 22:18:41,457 - INFO - Time for merging to CARD_results.tsv: 0h 0m 0s 12ms

2024-08-08 22:18:41,457 - INFO - Time for processing: 0h 0m 0s 55ms

2024-08-08 22:18:41,460 - INFO - Running mmseqs2 on vfdb.
2024-08-08 22:18:41,520 - INFO - createdb phage_pharokka/GCA_015343595.1_1001|329-6551/phanotate_aas_tmp.fasta phage_pharokka/GCA_015343595.1_1001|329-6551/vfdb_target_dir/target_seqs 

2024-08-08 22:18:41,520 - INFO - 

2024-08-08 22:18:41,520 - INFO - MMseqs Version:       	13.45111

2024-08-08 22:18:41,520 - INFO - Database type         	0

2024-08-08 22:18:41,520 - INFO - Shuffle input database	true

2024-08-08 22:18:41,520 - INFO - Createdb mode         	0

2024-08-08 22:18:41,520 - INFO - Write lookup file     	1

2024-08-08 22:18:41,520 - INFO - Offset of numeric ids 	0

2024-08-08 22:18:41,520 - INFO - Compressed            	0

2024-08-08 22:18:41,520 - INFO - Verbosity             	3

2024-08-08 22:18:41,520 - INFO - 

2024-08-08 22:18:41,520 - INFO - Converting sequences

2024-08-08 22:18:41,520 - INFO - [

2024-08-08 22:18:41,521 - INFO - Time for merging to target_seqs_h: 0h 0m 0s 7ms

2024-08-08 22:18:41,521 - INFO - Time for merging to target_seqs: 0h 0m 0s 21ms

2024-08-08 22:18:41,521 - INFO - Database type: Aminoacid

2024-08-08 22:18:41,521 - INFO - Time for processing: 0h 0m 0s 55ms

2024-08-08 22:18:41,529 - INFO - Create directory phage_pharokka/GCA_015343595.1_1001|329-6551/vfdb_tmp_dir/

2024-08-08 22:18:41,529 - INFO - search --min-seq-id 0.8 -c 0.4 /data/yangy34/database/pharokka/vfdb phage_pharokka/GCA_015343595.1_1001|329-6551/vfdb_target_dir/target_seqs phage_pharokka/GCA_015343595.1_1001|329-6551/vfdb/results_vfdb phage_pharokka/GCA_015343595.1_1001|329-6551/vfdb_tmp_dir/ -s 8.5 --threads 32 

2024-08-08 22:18:41,529 - INFO - 

2024-08-08 22:18:41,529 - INFO - MMseqs Version:                        	13.45111

2024-08-08 22:18:41,529 - INFO - Substitution matrix                    	nucl:nucleotide.out,aa:blosum62.out

2024-08-08 22:18:41,529 - INFO - Add backtrace                          	false

2024-08-08 22:18:41,529 - INFO - Alignment mode                         	2

2024-08-08 22:18:41,529 - INFO - Alignment mode                         	0

2024-08-08 22:18:41,529 - INFO - Allow wrapped scoring                  	false

2024-08-08 22:18:41,529 - INFO - E-value threshold                      	0.001

2024-08-08 22:18:41,529 - INFO - Seq. id. threshold                     	0.8

2024-08-08 22:18:41,529 - INFO - Min alignment length                   	0

2024-08-08 22:18:41,529 - INFO - Seq. id. mode                          	0

2024-08-08 22:18:41,529 - INFO - Alternative alignments                 	0

2024-08-08 22:18:41,529 - INFO - Coverage threshold                     	0.4

2024-08-08 22:18:41,529 - INFO - Coverage mode                          	0

2024-08-08 22:18:41,529 - INFO - Max sequence length                    	65535

2024-08-08 22:18:41,529 - INFO - Compositional bias                     	1

2024-08-08 22:18:41,530 - INFO - Max reject                             	2147483647

2024-08-08 22:18:41,530 - INFO - Max accept                             	2147483647

2024-08-08 22:18:41,530 - INFO - Include identical seq. id.             	false

2024-08-08 22:18:41,530 - INFO - Preload mode                           	0

2024-08-08 22:18:41,530 - INFO - Pseudo count a                         	1

2024-08-08 22:18:41,530 - INFO - Pseudo count b                         	1.5

2024-08-08 22:18:41,530 - INFO - Score bias                             	0

2024-08-08 22:18:41,530 - INFO - Realign hits                           	false

2024-08-08 22:18:41,530 - INFO - Realign score bias                     	-0.2

2024-08-08 22:18:41,530 - INFO - Realign max seqs                       	2147483647

2024-08-08 22:18:41,530 - INFO - Gap open cost                          	nucl:5,aa:11

2024-08-08 22:18:41,530 - INFO - Gap extension cost                     	nucl:2,aa:1

2024-08-08 22:18:41,530 - INFO - Zdrop                                  	40

2024-08-08 22:18:41,530 - INFO - Threads                                	32

2024-08-08 22:18:41,530 - INFO - Compressed                             	0

2024-08-08 22:18:41,530 - INFO - Verbosity                              	3

2024-08-08 22:18:41,530 - INFO - Seed substitution matrix               	nucl:nucleotide.out,aa:VTML80.out

2024-08-08 22:18:41,530 - INFO - Sensitivity                            	8.5

2024-08-08 22:18:41,530 - INFO - k-mer length                           	0

2024-08-08 22:18:41,530 - INFO - k-score                                	2147483647

2024-08-08 22:18:41,530 - INFO - Alphabet size                          	nucl:5,aa:21

2024-08-08 22:18:41,530 - INFO - Max results per query                  	300

2024-08-08 22:18:41,531 - INFO - Split database                         	0

2024-08-08 22:18:41,531 - INFO - Split mode                             	2

2024-08-08 22:18:41,531 - INFO - Split memory limit                     	0

2024-08-08 22:18:41,531 - INFO - Diagonal scoring                       	true

2024-08-08 22:18:41,531 - INFO - Exact k-mer matching                   	0

2024-08-08 22:18:41,531 - INFO - Mask residues                          	1

2024-08-08 22:18:41,531 - INFO - Mask lower case residues               	0

2024-08-08 22:18:41,531 - INFO - Minimum diagonal score                 	15

2024-08-08 22:18:41,531 - INFO - Spaced k-mers                          	1

2024-08-08 22:18:41,531 - INFO - Spaced k-mer pattern                   	

2024-08-08 22:18:41,531 - INFO - Local temporary path                   	

2024-08-08 22:18:41,531 - INFO - Rescore mode                           	0

2024-08-08 22:18:41,531 - INFO - Remove hits by seq. id. and coverage   	false

2024-08-08 22:18:41,531 - INFO - Sort results                           	0

2024-08-08 22:18:41,531 - INFO - Mask profile                           	1

2024-08-08 22:18:41,531 - INFO - Profile E-value threshold              	0.1

2024-08-08 22:18:41,531 - INFO - Global sequence weighting              	false

2024-08-08 22:18:41,531 - INFO - Allow deletions                        	false

2024-08-08 22:18:41,531 - INFO - Filter MSA                             	1

2024-08-08 22:18:41,531 - INFO - Maximum seq. id. threshold             	0.9

2024-08-08 22:18:41,531 - INFO - Minimum seq. id.                       	0

2024-08-08 22:18:41,531 - INFO - Minimum score per column               	-20

2024-08-08 22:18:41,532 - INFO - Minimum coverage                       	0

2024-08-08 22:18:41,532 - INFO - Select N most diverse seqs             	1000

2024-08-08 22:18:41,532 - INFO - Min codons in orf                      	30

2024-08-08 22:18:41,532 - INFO - Max codons in length                   	32734

2024-08-08 22:18:41,532 - INFO - Max orf gaps                           	2147483647

2024-08-08 22:18:41,532 - INFO - Contig start mode                      	2

2024-08-08 22:18:41,532 - INFO - Contig end mode                        	2

2024-08-08 22:18:41,532 - INFO - Orf start mode                         	1

2024-08-08 22:18:41,532 - INFO - Forward frames                         	1,2,3

2024-08-08 22:18:41,532 - INFO - Reverse frames                         	1,2,3

2024-08-08 22:18:41,532 - INFO - Translation table                      	1

2024-08-08 22:18:41,532 - INFO - Translate orf                          	0

2024-08-08 22:18:41,532 - INFO - Use all table starts                   	false

2024-08-08 22:18:41,532 - INFO - Offset of numeric ids                  	0

2024-08-08 22:18:41,532 - INFO - Create lookup                          	0

2024-08-08 22:18:41,532 - INFO - Add orf stop                           	false

2024-08-08 22:18:41,532 - INFO - Overlap between sequences              	0

2024-08-08 22:18:41,532 - INFO - Sequence split mode                    	1

2024-08-08 22:18:41,532 - INFO - Header split mode                      	0

2024-08-08 22:18:41,532 - INFO - Chain overlapping alignments           	0

2024-08-08 22:18:41,532 - INFO - Merge query                            	1

2024-08-08 22:18:41,532 - INFO - Search type                            	0

2024-08-08 22:18:41,533 - INFO - Search iterations                      	1

2024-08-08 22:18:41,533 - INFO - Start sensitivity                      	4

2024-08-08 22:18:41,533 - INFO - Search steps                           	1

2024-08-08 22:18:41,533 - INFO - Exhaustive search mode                 	false

2024-08-08 22:18:41,533 - INFO - Filter results during exhaustive search	0

2024-08-08 22:18:41,533 - INFO - Strand selection                       	1

2024-08-08 22:18:41,533 - INFO - LCA search mode                        	false

2024-08-08 22:18:41,533 - INFO - Disk space limit                       	0

2024-08-08 22:18:41,533 - INFO - MPI runner                             	

2024-08-08 22:18:41,533 - INFO - Force restart with latest tmp          	false

2024-08-08 22:18:41,533 - INFO - Remove temporary files                 	false

2024-08-08 22:18:41,533 - INFO - 

2024-08-08 22:18:41,685 - INFO - prefilter /data/yangy34/database/pharokka/vfdb phage_pharokka/GCA_015343595.1_1001|329-6551/vfdb_target_dir/target_seqs phage_pharokka/GCA_015343595.1_1001|329-6551/vfdb_tmp_dir//4948055074083952040/pref_0 --sub-mat nucl:nucleotide.out,aa:blosum62.out --seed-sub-mat nucl:nucleotide.out,aa:VTML80.out -k 0 --k-score 2147483647 --alph-size nucl:5,aa:21 --max-seq-len 65535 --max-seqs 300 --split 0 --split-mode 2 --split-memory-limit 0 -c 0.4 --cov-mode 0 --comp-bias-corr 1 --diag-score 1 --exact-kmer-matching 0 --mask 1 --mask-lower-case 0 --min-ungapped-score 15 --add-self-matches 0 --spaced-kmer-mode 1 --db-load-mode 0 --pca 1 --pcb 1.5 --threads 32 --compressed 0 -v 3 -s 8.5 

2024-08-08 22:18:41,685 - INFO - 

2024-08-08 22:18:41,685 - INFO - Query database size: 27504 type: Aminoacid

2024-08-08 22:18:41,685 - INFO - Estimated memory consumption: 977M

2024-08-08 22:18:41,685 - INFO - Target database size: 9 type: Aminoacid

2024-08-08 22:18:41,685 - INFO - Index table k-mer threshold: 87 at k-mer size 6 

2024-08-08 22:18:41,685 - INFO - Index table: counting k-mers

2024-08-08 22:18:41,809 - INFO - [=================================================================] 9 0s 4ms

2024-08-08 22:18:41,809 - INFO - Index table: Masked residues: 0

2024-08-08 22:18:41,809 - INFO - Index table: fill

2024-08-08 22:18:43,146 - INFO - [=================================================================] 9 0s 2ms

2024-08-08 22:18:43,146 - INFO - Index statistics

2024-08-08 22:18:43,146 - INFO - Entries:          1683

2024-08-08 22:18:43,146 - INFO - DB size:          488 MB

2024-08-08 22:18:43,146 - INFO - Avg k-mer size:   0.000026

2024-08-08 22:18:43,146 - INFO - Top 10 k-mers

2024-08-08 22:18:43,146 - INFO -     TLKAAA	1

2024-08-08 22:18:43,146 - INFO -     SHTAAA	1

2024-08-08 22:18:43,146 - INFO -     SNDCAA	1

2024-08-08 22:18:43,146 - INFO -     NAREAA	1

2024-08-08 22:18:43,147 - INFO -     IVKGAA	1

2024-08-08 22:18:43,147 - INFO -     ADNLAA	1

2024-08-08 22:18:43,147 - INFO -     VIDNAA	1

2024-08-08 22:18:43,147 - INFO -     TKSSAA	1

2024-08-08 22:18:43,147 - INFO -     VQSVAA	1

2024-08-08 22:18:43,147 - INFO -     YQIGDA	1

2024-08-08 22:18:43,147 - INFO - Time for index table init: 0h 0m 0s 431ms

2024-08-08 22:18:43,147 - INFO - Process prefiltering step 1 of 1

2024-08-08 22:18:43,147 - INFO - 

2024-08-08 22:18:43,147 - INFO - k-mer similarity threshold: 87

2024-08-08 22:18:43,147 - INFO - Starting prefiltering scores calculation (step 1 of 1)

2024-08-08 22:18:43,147 - INFO - Query db start 1 to 27504

2024-08-08 22:18:43,147 - INFO - Target db start 1 to 9

2024-08-08 22:19:50,976 - INFO - [=================================================================] 27.50K 1m 8s 305ms

2024-08-08 22:19:50,976 - INFO - 

2024-08-08 22:19:50,976 - INFO - 3159.764157 k-mers per position

2024-08-08 22:19:50,976 - INFO - 44 DB matches per sequence

2024-08-08 22:19:50,976 - INFO - 0 overflows

2024-08-08 22:19:50,976 - INFO - 0 queries produce too many hits (truncated result)

2024-08-08 22:19:50,976 - INFO - 0 sequences passed prefiltering per query sequence

2024-08-08 22:19:50,976 - INFO - 1 median result list length

2024-08-08 22:19:50,976 - INFO - 12909 sequences with 0 size result lists

2024-08-08 22:19:50,976 - INFO - Time for merging to pref_0: 0h 0m 0s 22ms

2024-08-08 22:19:50,976 - INFO - Time for processing: 0h 1m 9s 439ms

2024-08-08 22:19:51,018 - INFO - align /data/yangy34/database/pharokka/vfdb phage_pharokka/GCA_015343595.1_1001|329-6551/vfdb_target_dir/target_seqs phage_pharokka/GCA_015343595.1_1001|329-6551/vfdb_tmp_dir//4948055074083952040/pref_0 phage_pharokka/GCA_015343595.1_1001|329-6551/vfdb/results_vfdb --sub-mat nucl:nucleotide.out,aa:blosum62.out -a 0 --alignment-mode 2 --alignment-output-mode 0 --wrapped-scoring 0 -e 0.001 --min-seq-id 0.8 --min-aln-len 0 --seq-id-mode 0 --alt-ali 0 -c 0.4 --cov-mode 0 --max-seq-len 65535 --comp-bias-corr 1 --max-rejected 2147483647 --max-accept 2147483647 --add-self-matches 0 --db-load-mode 0 --pca 1 --pcb 1.5 --score-bias 0 --realign 0 --realign-score-bias -0.2 --realign-max-seqs 2147483647 --gap-open nucl:5,aa:11 --gap-extend nucl:2,aa:1 --zdrop 40 --threads 32 --compressed 0 -v 3 

2024-08-08 22:19:51,018 - INFO - 

2024-08-08 22:19:51,019 - INFO - Compute score and coverage

2024-08-08 22:19:51,019 - INFO - Query database size: 27504 type: Aminoacid

2024-08-08 22:19:51,019 - INFO - Target database size: 9 type: Aminoacid

2024-08-08 22:19:51,019 - INFO - Calculation of alignments

2024-08-08 22:19:51,120 - INFO - [=================================================================] 27.50K 0s 83ms

2024-08-08 22:19:51,120 - INFO - Time for merging to results_vfdb: 0h 0m 0s 16ms

2024-08-08 22:19:51,120 - INFO - 12041 alignments calculated

2024-08-08 22:19:51,120 - INFO - 0 sequence pairs passed the thresholds (0.000000 of overall calculated)

2024-08-08 22:19:51,120 - INFO - 0.000000 hits per query sequence

2024-08-08 22:19:51,120 - INFO - Time for processing: 0h 0m 0s 136ms

2024-08-08 22:19:51,299 - INFO - createtsv /data/yangy34/database/pharokka/vfdb phage_pharokka/GCA_015343595.1_1001|329-6551/vfdb_target_dir/target_seqs phage_pharokka/GCA_015343595.1_1001|329-6551/vfdb/results_vfdb phage_pharokka/GCA_015343595.1_1001|329-6551/vfdb_results.tsv --full-header --threads 32 

2024-08-08 22:19:51,299 - INFO - 

2024-08-08 22:19:51,299 - INFO - MMseqs Version:                 	13.45111

2024-08-08 22:19:51,299 - INFO - First sequence as representative	false

2024-08-08 22:19:51,299 - INFO - Target column                   	1

2024-08-08 22:19:51,299 - INFO - Add full header                 	true

2024-08-08 22:19:51,299 - INFO - Sequence source                 	0

2024-08-08 22:19:51,299 - INFO - Database output                 	false

2024-08-08 22:19:51,299 - INFO - Threads                         	32

2024-08-08 22:19:51,299 - INFO - Compressed                      	0

2024-08-08 22:19:51,299 - INFO - Verbosity                       	3

2024-08-08 22:19:51,299 - INFO - 

2024-08-08 22:19:51,300 - INFO - Time for merging to vfdb_results.tsv: 0h 0m 0s 22ms

2024-08-08 22:19:51,300 - INFO - Time for processing: 0h 0m 0s 172ms

2024-08-08 22:19:51,314 - INFO - Post Processing Output.
2024-08-08 22:19:51,649 - INFO - Converting gff to genbank.
2024-08-08 22:19:51,655 - WARNING - /gpfs/gsfs12/users/yangy34/softwares/mambaforge/envs/pharokka-env/lib/python3.10/site-packages/Bio/SeqIO/InsdcIO.py:728: BiopythonWarning: Increasing length of locus line to allow long name. This will result in fields that are not in usual positions.
  warnings.warn(

2024-08-08 22:19:51,674 - INFO - Finding the closest match for each contig in INPHARED using mash.
2024-08-08 22:19:51,691 - INFO - Sketching GCA_015343595.1_53_phages/GCA_015343595.1_1001_329_6551_prophage.fasta...

2024-08-08 22:19:51,696 - INFO - Writing to phage_pharokka/GCA_015343595.1_1001|329-6551/input_mash_sketch.msh...

2024-08-08 22:19:53,118 - INFO - pharokka has finished
2024-08-08 22:19:53,118 - INFO - Elapsed time: 157.57 seconds
2024-08-08 22:19:53,119 - INFO - If you use pharokka in your research, please cite:
2024-08-08 22:19:53,119 - INFO - George Bouras, Roshan Nepal, Ghais Houtak, Alkis James Psaltis, Peter-John Wormald, Sarah Vreugde.
2024-08-08 22:19:53,119 - INFO - Pharokka: a fast scalable bacteriophage annotation tool.
2024-08-08 22:19:53,119 - INFO - Bioinformatics, Volume 39, Issue 1, January 2023, btac776.
2024-08-08 22:19:53,119 - INFO - https://doi.org/10.1093/bioinformatics/btac776.
2024-08-08 22:19:53,119 - INFO - You should also cite the full list of tools pharokka uses, which can be found at https://github.com/gbouras13/pharokka#citation.
