2024-08-08 22:12:50,231 - INFO - Starting pharokka v1.3.2
2024-08-08 22:12:50,232 - INFO - Input args: Namespace(infile='GCA_015343595.1_53_phages/GCA_015343595.1_1018_1_1144_prophage.fasta', outdir='phage_pharokka/GCA_015343595.1_1018|1-1144', database='/data/yangy34/database/pharokka', threads='32', force=False, prefix='Default', locustag='Default', gene_predictor='phanotate', meta=False, split=False, coding_table='11', evalue='1E-05', terminase=False, terminase_strand='nothing', terminase_start='nothing', citation=False)
2024-08-08 22:12:50,232 - INFO - Checking database installation.
2024-08-08 22:12:50,250 - INFO - All databases have been successfully checked.
2024-08-08 22:12:50,250 - INFO - Checking dependencies.
2024-08-08 22:12:51,284 - INFO - phan_out version found is v1.5.1.
2024-08-08 22:12:51,284 - INFO - Phanotate version is ok.
2024-08-08 22:12:51,350 - INFO - MMseqs2 version found is v13.45111.
2024-08-08 22:12:51,350 - INFO - MMseqs2 version is ok.
2024-08-08 22:12:52,237 - INFO - tRNAscan-SE version found is v2.45111.11.
2024-08-08 22:12:52,237 - INFO - tRNAscan-SE version is ok.
2024-08-08 22:12:52,809 - INFO - MinCED version found is v0.4.2.
2024-08-08 22:12:52,809 - INFO - MinCED version is ok.
2024-08-08 22:12:52,828 - INFO - ARAGORN version found is v1.2.41.
2024-08-08 22:12:52,828 - INFO - ARAGORN version is ok.
2024-08-08 22:12:52,899 - INFO - mash version found is v2.2.
2024-08-08 22:12:52,899 - INFO - mash version is ok.
2024-08-08 22:12:53,127 - INFO - Running Phanotate.
2024-08-08 22:12:54,423 - INFO - Translating gene predicted fastas.
2024-08-08 22:12:54,455 - INFO - Starting tRNA-scanSE
2024-08-08 22:12:54,592 - INFO - 

2024-08-08 22:12:54,593 - INFO - tRNAscan-SE v.2.0.11 (Oct 2022) - scan sequences for transfer RNAs

2024-08-08 22:12:54,593 - INFO - Copyright (C) 2022 Patricia Chan and Todd Lowe

2024-08-08 22:12:54,593 - INFO -                    University of California Santa Cruz

2024-08-08 22:12:54,593 - INFO - Freely distributed under the GNU General Public License (GPLv3)

2024-08-08 22:12:54,593 - INFO - 

2024-08-08 22:12:54,593 - INFO - ------------------------------------------------------------

2024-08-08 22:12:54,593 - INFO - Sequence file(s) to search:        GCA_015343595.1_53_phages/GCA_015343595.1_1018_1_1144_prophage.fasta

2024-08-08 22:12:54,593 - INFO - Search Mode:                       General

2024-08-08 22:12:54,593 - INFO - Results written to:                Standard output

2024-08-08 22:12:54,593 - INFO - Output format:                     Tabular

2024-08-08 22:12:54,593 - INFO - Searching with:                    Infernal single-pass scan

2024-08-08 22:12:54,593 - INFO -                                    Fast mode

2024-08-08 22:12:54,593 - INFO - Covariance model:                  /gpfs/gsfs12/users/yangy34/softwares/mambaforge/envs/pharokka-env/lib/tRNAscan-SE/models/TRNAinf.cm

2024-08-08 22:12:54,593 - INFO - 

2024-08-08 22:12:54,593 - INFO - Temporary directory:               /tmp

2024-08-08 22:12:54,593 - INFO - tRNA predictions saved to:         phage_pharokka/GCA_015343595.1_1018|1-1144/trnascan_out.gff

2024-08-08 22:12:54,593 - INFO - ------------------------------------------------------------

2024-08-08 22:12:54,593 - INFO - 

2024-08-08 22:12:54,727 - INFO - No tRNAs found.

2024-08-08 22:12:54,727 - INFO - 

2024-08-08 22:12:54,740 - INFO - Running MinCED.
2024-08-08 22:12:54,868 - INFO - Running Aragorn.
2024-08-08 22:12:54,871 - INFO - Starting MMseqs2.
2024-08-08 22:12:54,871 - INFO - Running MMseqs2 on PHROGs Database.
2024-08-08 22:12:54,971 - INFO - createdb phage_pharokka/GCA_015343595.1_1018|1-1144/phanotate_aas_tmp.fasta phage_pharokka/GCA_015343595.1_1018|1-1144/target_dir/target_seqs 

2024-08-08 22:12:54,971 - INFO - 

2024-08-08 22:12:54,971 - INFO - MMseqs Version:       	13.45111

2024-08-08 22:12:54,971 - INFO - Database type         	0

2024-08-08 22:12:54,971 - INFO - Shuffle input database	true

2024-08-08 22:12:54,972 - INFO - Createdb mode         	0

2024-08-08 22:12:54,972 - INFO - Write lookup file     	1

2024-08-08 22:12:54,972 - INFO - Offset of numeric ids 	0

2024-08-08 22:12:54,972 - INFO - Compressed            	0

2024-08-08 22:12:54,972 - INFO - Verbosity             	3

2024-08-08 22:12:54,972 - INFO - 

2024-08-08 22:12:54,972 - INFO - Converting sequences

2024-08-08 22:12:54,972 - INFO - [

2024-08-08 22:12:54,972 - INFO - Time for merging to target_seqs_h: 0h 0m 0s 21ms

2024-08-08 22:12:54,973 - INFO - Time for merging to target_seqs: 0h 0m 0s 20ms

2024-08-08 22:12:54,973 - INFO - Database type: Aminoacid

2024-08-08 22:12:54,973 - INFO - Time for processing: 0h 0m 0s 90ms

2024-08-08 22:12:54,982 - INFO - Create directory phage_pharokka/GCA_015343595.1_1018|1-1144/tmp_dir/

2024-08-08 22:12:54,982 - INFO - search -e 1E-05 /data/yangy34/database/pharokka/phrogs_profile_db phage_pharokka/GCA_015343595.1_1018|1-1144/target_dir/target_seqs phage_pharokka/GCA_015343595.1_1018|1-1144/mmseqs/results_mmseqs phage_pharokka/GCA_015343595.1_1018|1-1144/tmp_dir/ -s 8.5 --threads 32 

2024-08-08 22:12:54,982 - INFO - 

2024-08-08 22:12:54,982 - INFO - MMseqs Version:                        	13.45111

2024-08-08 22:12:54,982 - INFO - Substitution matrix                    	nucl:nucleotide.out,aa:blosum62.out

2024-08-08 22:12:54,982 - INFO - Add backtrace                          	false

2024-08-08 22:12:54,982 - INFO - Alignment mode                         	2

2024-08-08 22:12:54,982 - INFO - Alignment mode                         	0

2024-08-08 22:12:54,982 - INFO - Allow wrapped scoring                  	false

2024-08-08 22:12:54,982 - INFO - E-value threshold                      	1e-05

2024-08-08 22:12:54,982 - INFO - Seq. id. threshold                     	0

2024-08-08 22:12:54,982 - INFO - Min alignment length                   	0

2024-08-08 22:12:54,983 - INFO - Seq. id. mode                          	0

2024-08-08 22:12:54,983 - INFO - Alternative alignments                 	0

2024-08-08 22:12:54,983 - INFO - Coverage threshold                     	0

2024-08-08 22:12:54,983 - INFO - Coverage mode                          	0

2024-08-08 22:12:54,983 - INFO - Max sequence length                    	65535

2024-08-08 22:12:54,983 - INFO - Compositional bias                     	1

2024-08-08 22:12:54,983 - INFO - Max reject                             	2147483647

2024-08-08 22:12:54,983 - INFO - Max accept                             	2147483647

2024-08-08 22:12:54,983 - INFO - Include identical seq. id.             	false

2024-08-08 22:12:54,983 - INFO - Preload mode                           	0

2024-08-08 22:12:54,983 - INFO - Pseudo count a                         	1

2024-08-08 22:12:54,983 - INFO - Pseudo count b                         	1.5

2024-08-08 22:12:54,983 - INFO - Score bias                             	0

2024-08-08 22:12:54,983 - INFO - Realign hits                           	false

2024-08-08 22:12:54,983 - INFO - Realign score bias                     	-0.2

2024-08-08 22:12:54,983 - INFO - Realign max seqs                       	2147483647

2024-08-08 22:12:54,983 - INFO - Gap open cost                          	nucl:5,aa:11

2024-08-08 22:12:54,983 - INFO - Gap extension cost                     	nucl:2,aa:1

2024-08-08 22:12:54,983 - INFO - Zdrop                                  	40

2024-08-08 22:12:54,983 - INFO - Threads                                	32

2024-08-08 22:12:54,983 - INFO - Compressed                             	0

2024-08-08 22:12:54,983 - INFO - Verbosity                              	3

2024-08-08 22:12:54,984 - INFO - Seed substitution matrix               	nucl:nucleotide.out,aa:VTML80.out

2024-08-08 22:12:54,984 - INFO - Sensitivity                            	8.5

2024-08-08 22:12:54,984 - INFO - k-mer length                           	0

2024-08-08 22:12:54,984 - INFO - k-score                                	2147483647

2024-08-08 22:12:54,984 - INFO - Alphabet size                          	nucl:5,aa:21

2024-08-08 22:12:54,984 - INFO - Max results per query                  	300

2024-08-08 22:12:54,984 - INFO - Split database                         	0

2024-08-08 22:12:54,984 - INFO - Split mode                             	2

2024-08-08 22:12:54,984 - INFO - Split memory limit                     	0

2024-08-08 22:12:54,984 - INFO - Diagonal scoring                       	true

2024-08-08 22:12:54,984 - INFO - Exact k-mer matching                   	0

2024-08-08 22:12:54,984 - INFO - Mask residues                          	1

2024-08-08 22:12:54,984 - INFO - Mask lower case residues               	0

2024-08-08 22:12:54,984 - INFO - Minimum diagonal score                 	15

2024-08-08 22:12:54,984 - INFO - Spaced k-mers                          	1

2024-08-08 22:12:54,984 - INFO - Spaced k-mer pattern                   	

2024-08-08 22:12:54,984 - INFO - Local temporary path                   	

2024-08-08 22:12:54,984 - INFO - Rescore mode                           	0

2024-08-08 22:12:54,984 - INFO - Remove hits by seq. id. and coverage   	false

2024-08-08 22:12:54,984 - INFO - Sort results                           	0

2024-08-08 22:12:54,984 - INFO - Mask profile                           	1

2024-08-08 22:12:54,984 - INFO - Profile E-value threshold              	0.1

2024-08-08 22:12:54,985 - INFO - Global sequence weighting              	false

2024-08-08 22:12:54,985 - INFO - Allow deletions                        	false

2024-08-08 22:12:54,985 - INFO - Filter MSA                             	1

2024-08-08 22:12:54,985 - INFO - Maximum seq. id. threshold             	0.9

2024-08-08 22:12:54,985 - INFO - Minimum seq. id.                       	0

2024-08-08 22:12:54,985 - INFO - Minimum score per column               	-20

2024-08-08 22:12:54,985 - INFO - Minimum coverage                       	0

2024-08-08 22:12:54,985 - INFO - Select N most diverse seqs             	1000

2024-08-08 22:12:54,985 - INFO - Min codons in orf                      	30

2024-08-08 22:12:54,985 - INFO - Max codons in length                   	32734

2024-08-08 22:12:54,985 - INFO - Max orf gaps                           	2147483647

2024-08-08 22:12:54,985 - INFO - Contig start mode                      	2

2024-08-08 22:12:54,985 - INFO - Contig end mode                        	2

2024-08-08 22:12:54,985 - INFO - Orf start mode                         	1

2024-08-08 22:12:54,985 - INFO - Forward frames                         	1,2,3

2024-08-08 22:12:54,985 - INFO - Reverse frames                         	1,2,3

2024-08-08 22:12:54,985 - INFO - Translation table                      	1

2024-08-08 22:12:54,985 - INFO - Translate orf                          	0

2024-08-08 22:12:54,985 - INFO - Use all table starts                   	false

2024-08-08 22:12:54,985 - INFO - Offset of numeric ids                  	0

2024-08-08 22:12:54,985 - INFO - Create lookup                          	0

2024-08-08 22:12:54,985 - INFO - Add orf stop                           	false

2024-08-08 22:12:54,986 - INFO - Overlap between sequences              	0

2024-08-08 22:12:54,986 - INFO - Sequence split mode                    	1

2024-08-08 22:12:54,986 - INFO - Header split mode                      	0

2024-08-08 22:12:54,986 - INFO - Chain overlapping alignments           	0

2024-08-08 22:12:54,986 - INFO - Merge query                            	1

2024-08-08 22:12:54,986 - INFO - Search type                            	0

2024-08-08 22:12:54,986 - INFO - Search iterations                      	1

2024-08-08 22:12:54,986 - INFO - Start sensitivity                      	4

2024-08-08 22:12:54,986 - INFO - Search steps                           	1

2024-08-08 22:12:54,986 - INFO - Exhaustive search mode                 	false

2024-08-08 22:12:54,986 - INFO - Filter results during exhaustive search	0

2024-08-08 22:12:54,986 - INFO - Strand selection                       	1

2024-08-08 22:12:54,986 - INFO - LCA search mode                        	false

2024-08-08 22:12:54,986 - INFO - Disk space limit                       	0

2024-08-08 22:12:54,986 - INFO - MPI runner                             	

2024-08-08 22:12:54,986 - INFO - Force restart with latest tmp          	false

2024-08-08 22:12:54,986 - INFO - Remove temporary files                 	false

2024-08-08 22:12:54,986 - INFO - 

2024-08-08 22:12:55,208 - INFO - prefilter /data/yangy34/database/pharokka/phrogs_profile_db phage_pharokka/GCA_015343595.1_1018|1-1144/target_dir/target_seqs phage_pharokka/GCA_015343595.1_1018|1-1144/tmp_dir//7253588503758583635/pref_0 --sub-mat nucl:nucleotide.out,aa:blosum62.out --seed-sub-mat nucl:nucleotide.out,aa:VTML80.out -k 0 --k-score 2147483647 --alph-size nucl:5,aa:21 --max-seq-len 65535 --max-seqs 300 --split 0 --split-mode 2 --split-memory-limit 0 -c 0 --cov-mode 0 --comp-bias-corr 1 --diag-score 1 --exact-kmer-matching 0 --mask 1 --mask-lower-case 0 --min-ungapped-score 15 --add-self-matches 0 --spaced-kmer-mode 1 --db-load-mode 0 --pca 1 --pcb 1.5 --threads 32 --compressed 0 -v 3 -s 8.5 

2024-08-08 22:12:55,209 - INFO - 

2024-08-08 22:12:55,209 - INFO - Query database size: 38880 type: Profile

2024-08-08 22:12:55,209 - INFO - Estimated memory consumption: 488M

2024-08-08 22:12:55,209 - INFO - Target database size: 2 type: Aminoacid

2024-08-08 22:12:55,209 - INFO - Index table k-mer threshold: 0 at k-mer size 6 

2024-08-08 22:12:55,209 - INFO - Index table: counting k-mers

2024-08-08 22:12:55,334 - INFO - [=================================================================] 2 0s 2ms

2024-08-08 22:12:55,334 - INFO - Index table: Masked residues: 0

2024-08-08 22:12:55,334 - INFO - Index table: fill

2024-08-08 22:12:56,546 - INFO - [=================================================================] 2 0s 0ms

2024-08-08 22:12:56,546 - INFO - Index statistics

2024-08-08 22:12:56,546 - INFO - Entries:          362

2024-08-08 22:12:56,546 - INFO - DB size:          488 MB

2024-08-08 22:12:56,546 - INFO - Avg k-mer size:   0.000006

2024-08-08 22:12:56,546 - INFO - Top 10 k-mers

2024-08-08 22:12:56,546 - INFO -     FPQDAA	1

2024-08-08 22:12:56,546 - INFO -     SFGHAA	1

2024-08-08 22:12:56,547 - INFO -     PHDLAA	1

2024-08-08 22:12:56,547 - INFO -     RTAGDA	1

2024-08-08 22:12:56,547 - INFO -     IRSLDA	1

2024-08-08 22:12:56,547 - INFO -     QTRNEA	1

2024-08-08 22:12:56,547 - INFO -     QPPREA	1

2024-08-08 22:12:56,547 - INFO -     DWSVEA	1

2024-08-08 22:12:56,547 - INFO -     AAINFA	1

2024-08-08 22:12:56,547 - INFO -     FNSAGA	1

2024-08-08 22:12:56,547 - INFO - Time for index table init: 0h 0m 0s 429ms

2024-08-08 22:12:56,547 - INFO - Process prefiltering step 1 of 1

2024-08-08 22:12:56,547 - INFO - 

2024-08-08 22:12:56,547 - INFO - k-mer similarity threshold: 81

2024-08-08 22:12:56,547 - INFO - Starting prefiltering scores calculation (step 1 of 1)

2024-08-08 22:12:56,547 - INFO - Query db start 1 to 38880

2024-08-08 22:12:56,547 - INFO - Target db start 1 to 2

2024-08-08 22:14:02,793 - INFO - [=================================================================] 38.88K 1m 7s 113ms

2024-08-08 22:14:02,793 - INFO - 

2024-08-08 22:14:02,794 - INFO - 5386.328443 k-mers per position

2024-08-08 22:14:02,794 - INFO - 5 DB matches per sequence

2024-08-08 22:14:02,794 - INFO - 0 overflows

2024-08-08 22:14:02,794 - INFO - 0 queries produce too many hits (truncated result)

2024-08-08 22:14:02,794 - INFO - 0 sequences passed prefiltering per query sequence

2024-08-08 22:14:02,794 - INFO - 0 median result list length

2024-08-08 22:14:02,794 - INFO - 34146 sequences with 0 size result lists

2024-08-08 22:14:02,794 - INFO - Time for merging to pref_0: 0h 0m 0s 27ms

2024-08-08 22:14:02,794 - INFO - Time for processing: 0h 1m 7s 803ms

2024-08-08 22:14:02,913 - INFO - align /data/yangy34/database/pharokka/phrogs_profile_db phage_pharokka/GCA_015343595.1_1018|1-1144/target_dir/target_seqs phage_pharokka/GCA_015343595.1_1018|1-1144/tmp_dir//7253588503758583635/pref_0 phage_pharokka/GCA_015343595.1_1018|1-1144/mmseqs/results_mmseqs --sub-mat nucl:nucleotide.out,aa:blosum62.out -a 0 --alignment-mode 2 --alignment-output-mode 0 --wrapped-scoring 0 -e 1e-05 --min-seq-id 0 --min-aln-len 0 --seq-id-mode 0 --alt-ali 0 -c 0 --cov-mode 0 --max-seq-len 65535 --comp-bias-corr 1 --max-rejected 2147483647 --max-accept 2147483647 --add-self-matches 0 --db-load-mode 0 --pca 1 --pcb 1.5 --score-bias 0 --realign 0 --realign-score-bias -0.2 --realign-max-seqs 2147483647 --gap-open nucl:5,aa:11 --gap-extend nucl:2,aa:1 --zdrop 40 --threads 32 --compressed 0 -v 3 

2024-08-08 22:14:02,913 - INFO - 

2024-08-08 22:14:02,913 - INFO - Compute score and coverage

2024-08-08 22:14:02,913 - INFO - Query database size: 38880 type: Profile

2024-08-08 22:14:02,913 - INFO - Target database size: 2 type: Aminoacid

2024-08-08 22:14:02,913 - INFO - Calculation of alignments

2024-08-08 22:14:03,115 - INFO - [=================================================================] 38.88K 0s 194ms

2024-08-08 22:14:03,115 - INFO - Time for merging to results_mmseqs: 0h 0m 0s 20ms

2024-08-08 22:14:03,115 - INFO - 5070 alignments calculated

2024-08-08 22:14:03,115 - INFO - 11 sequence pairs passed the thresholds (0.002170 of overall calculated)

2024-08-08 22:14:03,115 - INFO - 0.000283 hits per query sequence

2024-08-08 22:14:03,115 - INFO - Time for processing: 0h 0m 0s 315ms

2024-08-08 22:14:03,250 - INFO - createtsv /data/yangy34/database/pharokka/phrogs_profile_db phage_pharokka/GCA_015343595.1_1018|1-1144/target_dir/target_seqs phage_pharokka/GCA_015343595.1_1018|1-1144/mmseqs/results_mmseqs phage_pharokka/GCA_015343595.1_1018|1-1144/mmseqs_results.tsv --full-header --threads 32 

2024-08-08 22:14:03,250 - INFO - 

2024-08-08 22:14:03,250 - INFO - MMseqs Version:                 	13.45111

2024-08-08 22:14:03,250 - INFO - First sequence as representative	false

2024-08-08 22:14:03,250 - INFO - Target column                   	1

2024-08-08 22:14:03,250 - INFO - Add full header                 	true

2024-08-08 22:14:03,250 - INFO - Sequence source                 	0

2024-08-08 22:14:03,250 - INFO - Database output                 	false

2024-08-08 22:14:03,250 - INFO - Threads                         	32

2024-08-08 22:14:03,250 - INFO - Compressed                      	0

2024-08-08 22:14:03,250 - INFO - Verbosity                       	3

2024-08-08 22:14:03,250 - INFO - 

2024-08-08 22:14:03,250 - INFO - Time for merging to mmseqs_results.tsv: 0h 0m 0s 29ms

2024-08-08 22:14:03,251 - INFO - Time for processing: 0h 0m 0s 126ms

2024-08-08 22:14:03,273 - INFO - Running mmseqs2 on CARD.
2024-08-08 22:14:03,329 - INFO - createdb phage_pharokka/GCA_015343595.1_1018|1-1144/phanotate_aas_tmp.fasta phage_pharokka/GCA_015343595.1_1018|1-1144/CARD_target_dir/target_seqs 

2024-08-08 22:14:03,329 - INFO - 

2024-08-08 22:14:03,329 - INFO - MMseqs Version:       	13.45111

2024-08-08 22:14:03,329 - INFO - Database type         	0

2024-08-08 22:14:03,329 - INFO - Shuffle input database	true

2024-08-08 22:14:03,329 - INFO - Createdb mode         	0

2024-08-08 22:14:03,329 - INFO - Write lookup file     	1

2024-08-08 22:14:03,329 - INFO - Offset of numeric ids 	0

2024-08-08 22:14:03,329 - INFO - Compressed            	0

2024-08-08 22:14:03,329 - INFO - Verbosity             	3

2024-08-08 22:14:03,329 - INFO - 

2024-08-08 22:14:03,329 - INFO - Converting sequences

2024-08-08 22:14:03,329 - INFO - [

2024-08-08 22:14:03,330 - INFO - Time for merging to target_seqs_h: 0h 0m 0s 6ms

2024-08-08 22:14:03,330 - INFO - Time for merging to target_seqs: 0h 0m 0s 17ms

2024-08-08 22:14:03,330 - INFO - Database type: Aminoacid

2024-08-08 22:14:03,330 - INFO - Time for processing: 0h 0m 0s 50ms

2024-08-08 22:14:03,339 - INFO - Create directory phage_pharokka/GCA_015343595.1_1018|1-1144/CARD_tmp_dir/

2024-08-08 22:14:03,339 - INFO - search --min-seq-id 0.8 -c 0.4 /data/yangy34/database/pharokka/CARD phage_pharokka/GCA_015343595.1_1018|1-1144/CARD_target_dir/target_seqs phage_pharokka/GCA_015343595.1_1018|1-1144/CARD/results_CARD phage_pharokka/GCA_015343595.1_1018|1-1144/CARD_tmp_dir/ -s 8.5 --threads 32 

2024-08-08 22:14:03,339 - INFO - 

2024-08-08 22:14:03,339 - INFO - MMseqs Version:                        	13.45111

2024-08-08 22:14:03,339 - INFO - Substitution matrix                    	nucl:nucleotide.out,aa:blosum62.out

2024-08-08 22:14:03,339 - INFO - Add backtrace                          	false

2024-08-08 22:14:03,339 - INFO - Alignment mode                         	2

2024-08-08 22:14:03,339 - INFO - Alignment mode                         	0

2024-08-08 22:14:03,339 - INFO - Allow wrapped scoring                  	false

2024-08-08 22:14:03,339 - INFO - E-value threshold                      	0.001

2024-08-08 22:14:03,339 - INFO - Seq. id. threshold                     	0.8

2024-08-08 22:14:03,339 - INFO - Min alignment length                   	0

2024-08-08 22:14:03,339 - INFO - Seq. id. mode                          	0

2024-08-08 22:14:03,339 - INFO - Alternative alignments                 	0

2024-08-08 22:14:03,339 - INFO - Coverage threshold                     	0.4

2024-08-08 22:14:03,339 - INFO - Coverage mode                          	0

2024-08-08 22:14:03,339 - INFO - Max sequence length                    	65535

2024-08-08 22:14:03,339 - INFO - Compositional bias                     	1

2024-08-08 22:14:03,339 - INFO - Max reject                             	2147483647

2024-08-08 22:14:03,339 - INFO - Max accept                             	2147483647

2024-08-08 22:14:03,339 - INFO - Include identical seq. id.             	false

2024-08-08 22:14:03,339 - INFO - Preload mode                           	0

2024-08-08 22:14:03,339 - INFO - Pseudo count a                         	1

2024-08-08 22:14:03,340 - INFO - Pseudo count b                         	1.5

2024-08-08 22:14:03,340 - INFO - Score bias                             	0

2024-08-08 22:14:03,340 - INFO - Realign hits                           	false

2024-08-08 22:14:03,340 - INFO - Realign score bias                     	-0.2

2024-08-08 22:14:03,340 - INFO - Realign max seqs                       	2147483647

2024-08-08 22:14:03,340 - INFO - Gap open cost                          	nucl:5,aa:11

2024-08-08 22:14:03,340 - INFO - Gap extension cost                     	nucl:2,aa:1

2024-08-08 22:14:03,340 - INFO - Zdrop                                  	40

2024-08-08 22:14:03,340 - INFO - Threads                                	32

2024-08-08 22:14:03,340 - INFO - Compressed                             	0

2024-08-08 22:14:03,340 - INFO - Verbosity                              	3

2024-08-08 22:14:03,340 - INFO - Seed substitution matrix               	nucl:nucleotide.out,aa:VTML80.out

2024-08-08 22:14:03,340 - INFO - Sensitivity                            	8.5

2024-08-08 22:14:03,340 - INFO - k-mer length                           	0

2024-08-08 22:14:03,340 - INFO - k-score                                	2147483647

2024-08-08 22:14:03,340 - INFO - Alphabet size                          	nucl:5,aa:21

2024-08-08 22:14:03,340 - INFO - Max results per query                  	300

2024-08-08 22:14:03,340 - INFO - Split database                         	0

2024-08-08 22:14:03,340 - INFO - Split mode                             	2

2024-08-08 22:14:03,340 - INFO - Split memory limit                     	0

2024-08-08 22:14:03,340 - INFO - Diagonal scoring                       	true

2024-08-08 22:14:03,340 - INFO - Exact k-mer matching                   	0

2024-08-08 22:14:03,340 - INFO - Mask residues                          	1

2024-08-08 22:14:03,340 - INFO - Mask lower case residues               	0

2024-08-08 22:14:03,340 - INFO - Minimum diagonal score                 	15

2024-08-08 22:14:03,341 - INFO - Spaced k-mers                          	1

2024-08-08 22:14:03,341 - INFO - Spaced k-mer pattern                   	

2024-08-08 22:14:03,341 - INFO - Local temporary path                   	

2024-08-08 22:14:03,341 - INFO - Rescore mode                           	0

2024-08-08 22:14:03,341 - INFO - Remove hits by seq. id. and coverage   	false

2024-08-08 22:14:03,341 - INFO - Sort results                           	0

2024-08-08 22:14:03,341 - INFO - Mask profile                           	1

2024-08-08 22:14:03,341 - INFO - Profile E-value threshold              	0.1

2024-08-08 22:14:03,341 - INFO - Global sequence weighting              	false

2024-08-08 22:14:03,341 - INFO - Allow deletions                        	false

2024-08-08 22:14:03,341 - INFO - Filter MSA                             	1

2024-08-08 22:14:03,341 - INFO - Maximum seq. id. threshold             	0.9

2024-08-08 22:14:03,341 - INFO - Minimum seq. id.                       	0

2024-08-08 22:14:03,341 - INFO - Minimum score per column               	-20

2024-08-08 22:14:03,341 - INFO - Minimum coverage                       	0

2024-08-08 22:14:03,341 - INFO - Select N most diverse seqs             	1000

2024-08-08 22:14:03,341 - INFO - Min codons in orf                      	30

2024-08-08 22:14:03,341 - INFO - Max codons in length                   	32734

2024-08-08 22:14:03,341 - INFO - Max orf gaps                           	2147483647

2024-08-08 22:14:03,341 - INFO - Contig start mode                      	2

2024-08-08 22:14:03,341 - INFO - Contig end mode                        	2

2024-08-08 22:14:03,341 - INFO - Orf start mode                         	1

2024-08-08 22:14:03,341 - INFO - Forward frames                         	1,2,3

2024-08-08 22:14:03,341 - INFO - Reverse frames                         	1,2,3

2024-08-08 22:14:03,342 - INFO - Translation table                      	1

2024-08-08 22:14:03,342 - INFO - Translate orf                          	0

2024-08-08 22:14:03,342 - INFO - Use all table starts                   	false

2024-08-08 22:14:03,342 - INFO - Offset of numeric ids                  	0

2024-08-08 22:14:03,342 - INFO - Create lookup                          	0

2024-08-08 22:14:03,342 - INFO - Add orf stop                           	false

2024-08-08 22:14:03,342 - INFO - Overlap between sequences              	0

2024-08-08 22:14:03,342 - INFO - Sequence split mode                    	1

2024-08-08 22:14:03,342 - INFO - Header split mode                      	0

2024-08-08 22:14:03,342 - INFO - Chain overlapping alignments           	0

2024-08-08 22:14:03,342 - INFO - Merge query                            	1

2024-08-08 22:14:03,342 - INFO - Search type                            	0

2024-08-08 22:14:03,342 - INFO - Search iterations                      	1

2024-08-08 22:14:03,342 - INFO - Start sensitivity                      	4

2024-08-08 22:14:03,342 - INFO - Search steps                           	1

2024-08-08 22:14:03,342 - INFO - Exhaustive search mode                 	false

2024-08-08 22:14:03,342 - INFO - Filter results during exhaustive search	0

2024-08-08 22:14:03,342 - INFO - Strand selection                       	1

2024-08-08 22:14:03,342 - INFO - LCA search mode                        	false

2024-08-08 22:14:03,342 - INFO - Disk space limit                       	0

2024-08-08 22:14:03,342 - INFO - MPI runner                             	

2024-08-08 22:14:03,342 - INFO - Force restart with latest tmp          	false

2024-08-08 22:14:03,342 - INFO - Remove temporary files                 	false

2024-08-08 22:14:03,342 - INFO - 

2024-08-08 22:14:03,521 - INFO - prefilter /data/yangy34/database/pharokka/CARD phage_pharokka/GCA_015343595.1_1018|1-1144/CARD_target_dir/target_seqs phage_pharokka/GCA_015343595.1_1018|1-1144/CARD_tmp_dir//12866264141353762523/pref_0 --sub-mat nucl:nucleotide.out,aa:blosum62.out --seed-sub-mat nucl:nucleotide.out,aa:VTML80.out -k 0 --k-score 2147483647 --alph-size nucl:5,aa:21 --max-seq-len 65535 --max-seqs 300 --split 0 --split-mode 2 --split-memory-limit 0 -c 0.4 --cov-mode 0 --comp-bias-corr 1 --diag-score 1 --exact-kmer-matching 0 --mask 1 --mask-lower-case 0 --min-ungapped-score 15 --add-self-matches 0 --spaced-kmer-mode 1 --db-load-mode 0 --pca 1 --pcb 1.5 --threads 32 --compressed 0 -v 3 -s 8.5 

2024-08-08 22:14:03,521 - INFO - 

2024-08-08 22:14:03,521 - INFO - Query database size: 4641 type: Aminoacid

2024-08-08 22:14:03,521 - INFO - Estimated memory consumption: 977M

2024-08-08 22:14:03,521 - INFO - Target database size: 2 type: Aminoacid

2024-08-08 22:14:03,521 - INFO - Index table k-mer threshold: 87 at k-mer size 6 

2024-08-08 22:14:03,521 - INFO - Index table: counting k-mers

2024-08-08 22:14:03,647 - INFO - [=================================================================] 2 0s 6ms

2024-08-08 22:14:03,647 - INFO - Index table: Masked residues: 0

2024-08-08 22:14:03,647 - INFO - Index table: fill

2024-08-08 22:14:04,162 - INFO - [=================================================================] 2 0s 2ms

2024-08-08 22:14:04,162 - INFO - Index statistics

2024-08-08 22:14:04,162 - INFO - Entries:          362

2024-08-08 22:14:04,162 - INFO - DB size:          488 MB

2024-08-08 22:14:04,162 - INFO - Avg k-mer size:   0.000006

2024-08-08 22:14:04,162 - INFO - Top 10 k-mers

2024-08-08 22:14:04,162 - INFO -     FPQDAA	1

2024-08-08 22:14:04,162 - INFO -     SFGHAA	1

2024-08-08 22:14:04,162 - INFO -     PHDLAA	1

2024-08-08 22:14:04,162 - INFO -     RTAGDA	1

2024-08-08 22:14:04,162 - INFO -     IRSLDA	1

2024-08-08 22:14:04,162 - INFO -     QTRNEA	1

2024-08-08 22:14:04,163 - INFO -     QPPREA	1

2024-08-08 22:14:04,163 - INFO -     DWSVEA	1

2024-08-08 22:14:04,163 - INFO -     AAINFA	1

2024-08-08 22:14:04,163 - INFO -     FNSAGA	1

2024-08-08 22:14:04,163 - INFO - Time for index table init: 0h 0m 0s 431ms

2024-08-08 22:14:04,163 - INFO - Process prefiltering step 1 of 1

2024-08-08 22:14:04,163 - INFO - 

2024-08-08 22:14:04,163 - INFO - k-mer similarity threshold: 87

2024-08-08 22:14:04,163 - INFO - Starting prefiltering scores calculation (step 1 of 1)

2024-08-08 22:14:04,163 - INFO - Query db start 1 to 4641

2024-08-08 22:14:04,163 - INFO - Target db start 1 to 2

2024-08-08 22:14:13,346 - INFO - [=================================================================] 4.64K 9s 286ms

2024-08-08 22:14:13,346 - INFO - 

2024-08-08 22:14:13,347 - INFO - 3883.681631 k-mers per position

2024-08-08 22:14:13,347 - INFO - 8 DB matches per sequence

2024-08-08 22:14:13,347 - INFO - 0 overflows

2024-08-08 22:14:13,347 - INFO - 0 queries produce too many hits (truncated result)

2024-08-08 22:14:13,347 - INFO - 0 sequences passed prefiltering per query sequence

2024-08-08 22:14:13,347 - INFO - 0 median result list length

2024-08-08 22:14:13,347 - INFO - 3766 sequences with 0 size result lists

2024-08-08 22:14:13,347 - INFO - Time for merging to pref_0: 0h 0m 0s 9ms

2024-08-08 22:14:13,347 - INFO - Time for processing: 0h 0m 9s 998ms

2024-08-08 22:14:13,369 - INFO - align /data/yangy34/database/pharokka/CARD phage_pharokka/GCA_015343595.1_1018|1-1144/CARD_target_dir/target_seqs phage_pharokka/GCA_015343595.1_1018|1-1144/CARD_tmp_dir//12866264141353762523/pref_0 phage_pharokka/GCA_015343595.1_1018|1-1144/CARD/results_CARD --sub-mat nucl:nucleotide.out,aa:blosum62.out -a 0 --alignment-mode 2 --alignment-output-mode 0 --wrapped-scoring 0 -e 0.001 --min-seq-id 0.8 --min-aln-len 0 --seq-id-mode 0 --alt-ali 0 -c 0.4 --cov-mode 0 --max-seq-len 65535 --comp-bias-corr 1 --max-rejected 2147483647 --max-accept 2147483647 --add-self-matches 0 --db-load-mode 0 --pca 1 --pcb 1.5 --score-bias 0 --realign 0 --realign-score-bias -0.2 --realign-max-seqs 2147483647 --gap-open nucl:5,aa:11 --gap-extend nucl:2,aa:1 --zdrop 40 --threads 32 --compressed 0 -v 3 

2024-08-08 22:14:13,369 - INFO - 

2024-08-08 22:14:13,369 - INFO - Compute score and coverage

2024-08-08 22:14:13,369 - INFO - Query database size: 4641 type: Aminoacid

2024-08-08 22:14:13,369 - INFO - Target database size: 2 type: Aminoacid

2024-08-08 22:14:13,369 - INFO - Calculation of alignments

2024-08-08 22:14:13,389 - INFO - [=================================================================] 4.64K 0s 12ms

2024-08-08 22:14:13,390 - INFO - Time for merging to results_CARD: 0h 0m 0s 10ms

2024-08-08 22:14:13,390 - INFO - 724 alignments calculated

2024-08-08 22:14:13,390 - INFO - 0 sequence pairs passed the thresholds (0.000000 of overall calculated)

2024-08-08 22:14:13,390 - INFO - 0.000000 hits per query sequence

2024-08-08 22:14:13,390 - INFO - Time for processing: 0h 0m 0s 36ms

2024-08-08 22:14:13,489 - INFO - createtsv /data/yangy34/database/pharokka/CARD phage_pharokka/GCA_015343595.1_1018|1-1144/CARD_target_dir/target_seqs phage_pharokka/GCA_015343595.1_1018|1-1144/CARD/results_CARD phage_pharokka/GCA_015343595.1_1018|1-1144/CARD_results.tsv --full-header --threads 32 

2024-08-08 22:14:13,489 - INFO - 

2024-08-08 22:14:13,489 - INFO - MMseqs Version:                 	13.45111

2024-08-08 22:14:13,489 - INFO - First sequence as representative	false

2024-08-08 22:14:13,489 - INFO - Target column                   	1

2024-08-08 22:14:13,489 - INFO - Add full header                 	true

2024-08-08 22:14:13,490 - INFO - Sequence source                 	0

2024-08-08 22:14:13,490 - INFO - Database output                 	false

2024-08-08 22:14:13,490 - INFO - Threads                         	32

2024-08-08 22:14:13,490 - INFO - Compressed                      	0

2024-08-08 22:14:13,490 - INFO - Verbosity                       	3

2024-08-08 22:14:13,490 - INFO - 

2024-08-08 22:14:13,490 - INFO - Time for merging to CARD_results.tsv: 0h 0m 0s 13ms

2024-08-08 22:14:13,490 - INFO - Time for processing: 0h 0m 0s 92ms

2024-08-08 22:14:13,493 - INFO - Running mmseqs2 on vfdb.
2024-08-08 22:14:13,641 - INFO - createdb phage_pharokka/GCA_015343595.1_1018|1-1144/phanotate_aas_tmp.fasta phage_pharokka/GCA_015343595.1_1018|1-1144/vfdb_target_dir/target_seqs 

2024-08-08 22:14:13,641 - INFO - 

2024-08-08 22:14:13,641 - INFO - MMseqs Version:       	13.45111

2024-08-08 22:14:13,641 - INFO - Database type         	0

2024-08-08 22:14:13,641 - INFO - Shuffle input database	true

2024-08-08 22:14:13,641 - INFO - Createdb mode         	0

2024-08-08 22:14:13,641 - INFO - Write lookup file     	1

2024-08-08 22:14:13,641 - INFO - Offset of numeric ids 	0

2024-08-08 22:14:13,641 - INFO - Compressed            	0

2024-08-08 22:14:13,641 - INFO - Verbosity             	3

2024-08-08 22:14:13,641 - INFO - 

2024-08-08 22:14:13,641 - INFO - Converting sequences

2024-08-08 22:14:13,641 - INFO - [

2024-08-08 22:14:13,641 - INFO - Time for merging to target_seqs_h: 0h 0m 0s 7ms

2024-08-08 22:14:13,642 - INFO - Time for merging to target_seqs: 0h 0m 0s 20ms

2024-08-08 22:14:13,642 - INFO - Database type: Aminoacid

2024-08-08 22:14:13,642 - INFO - Time for processing: 0h 0m 0s 143ms

2024-08-08 22:14:13,651 - INFO - Create directory phage_pharokka/GCA_015343595.1_1018|1-1144/vfdb_tmp_dir/

2024-08-08 22:14:13,651 - INFO - search --min-seq-id 0.8 -c 0.4 /data/yangy34/database/pharokka/vfdb phage_pharokka/GCA_015343595.1_1018|1-1144/vfdb_target_dir/target_seqs phage_pharokka/GCA_015343595.1_1018|1-1144/vfdb/results_vfdb phage_pharokka/GCA_015343595.1_1018|1-1144/vfdb_tmp_dir/ -s 8.5 --threads 32 

2024-08-08 22:14:13,651 - INFO - 

2024-08-08 22:14:13,651 - INFO - MMseqs Version:                        	13.45111

2024-08-08 22:14:13,651 - INFO - Substitution matrix                    	nucl:nucleotide.out,aa:blosum62.out

2024-08-08 22:14:13,651 - INFO - Add backtrace                          	false

2024-08-08 22:14:13,651 - INFO - Alignment mode                         	2

2024-08-08 22:14:13,651 - INFO - Alignment mode                         	0

2024-08-08 22:14:13,651 - INFO - Allow wrapped scoring                  	false

2024-08-08 22:14:13,651 - INFO - E-value threshold                      	0.001

2024-08-08 22:14:13,651 - INFO - Seq. id. threshold                     	0.8

2024-08-08 22:14:13,651 - INFO - Min alignment length                   	0

2024-08-08 22:14:13,651 - INFO - Seq. id. mode                          	0

2024-08-08 22:14:13,651 - INFO - Alternative alignments                 	0

2024-08-08 22:14:13,651 - INFO - Coverage threshold                     	0.4

2024-08-08 22:14:13,651 - INFO - Coverage mode                          	0

2024-08-08 22:14:13,651 - INFO - Max sequence length                    	65535

2024-08-08 22:14:13,651 - INFO - Compositional bias                     	1

2024-08-08 22:14:13,651 - INFO - Max reject                             	2147483647

2024-08-08 22:14:13,651 - INFO - Max accept                             	2147483647

2024-08-08 22:14:13,651 - INFO - Include identical seq. id.             	false

2024-08-08 22:14:13,652 - INFO - Preload mode                           	0

2024-08-08 22:14:13,652 - INFO - Pseudo count a                         	1

2024-08-08 22:14:13,652 - INFO - Pseudo count b                         	1.5

2024-08-08 22:14:13,652 - INFO - Score bias                             	0

2024-08-08 22:14:13,652 - INFO - Realign hits                           	false

2024-08-08 22:14:13,652 - INFO - Realign score bias                     	-0.2

2024-08-08 22:14:13,652 - INFO - Realign max seqs                       	2147483647

2024-08-08 22:14:13,652 - INFO - Gap open cost                          	nucl:5,aa:11

2024-08-08 22:14:13,652 - INFO - Gap extension cost                     	nucl:2,aa:1

2024-08-08 22:14:13,652 - INFO - Zdrop                                  	40

2024-08-08 22:14:13,652 - INFO - Threads                                	32

2024-08-08 22:14:13,652 - INFO - Compressed                             	0

2024-08-08 22:14:13,652 - INFO - Verbosity                              	3

2024-08-08 22:14:13,652 - INFO - Seed substitution matrix               	nucl:nucleotide.out,aa:VTML80.out

2024-08-08 22:14:13,652 - INFO - Sensitivity                            	8.5

2024-08-08 22:14:13,652 - INFO - k-mer length                           	0

2024-08-08 22:14:13,652 - INFO - k-score                                	2147483647

2024-08-08 22:14:13,652 - INFO - Alphabet size                          	nucl:5,aa:21

2024-08-08 22:14:13,652 - INFO - Max results per query                  	300

2024-08-08 22:14:13,652 - INFO - Split database                         	0

2024-08-08 22:14:13,652 - INFO - Split mode                             	2

2024-08-08 22:14:13,652 - INFO - Split memory limit                     	0

2024-08-08 22:14:13,652 - INFO - Diagonal scoring                       	true

2024-08-08 22:14:13,652 - INFO - Exact k-mer matching                   	0

2024-08-08 22:14:13,652 - INFO - Mask residues                          	1

2024-08-08 22:14:13,653 - INFO - Mask lower case residues               	0

2024-08-08 22:14:13,653 - INFO - Minimum diagonal score                 	15

2024-08-08 22:14:13,653 - INFO - Spaced k-mers                          	1

2024-08-08 22:14:13,653 - INFO - Spaced k-mer pattern                   	

2024-08-08 22:14:13,653 - INFO - Local temporary path                   	

2024-08-08 22:14:13,653 - INFO - Rescore mode                           	0

2024-08-08 22:14:13,653 - INFO - Remove hits by seq. id. and coverage   	false

2024-08-08 22:14:13,653 - INFO - Sort results                           	0

2024-08-08 22:14:13,653 - INFO - Mask profile                           	1

2024-08-08 22:14:13,653 - INFO - Profile E-value threshold              	0.1

2024-08-08 22:14:13,653 - INFO - Global sequence weighting              	false

2024-08-08 22:14:13,653 - INFO - Allow deletions                        	false

2024-08-08 22:14:13,653 - INFO - Filter MSA                             	1

2024-08-08 22:14:13,653 - INFO - Maximum seq. id. threshold             	0.9

2024-08-08 22:14:13,653 - INFO - Minimum seq. id.                       	0

2024-08-08 22:14:13,653 - INFO - Minimum score per column               	-20

2024-08-08 22:14:13,653 - INFO - Minimum coverage                       	0

2024-08-08 22:14:13,653 - INFO - Select N most diverse seqs             	1000

2024-08-08 22:14:13,653 - INFO - Min codons in orf                      	30

2024-08-08 22:14:13,653 - INFO - Max codons in length                   	32734

2024-08-08 22:14:13,653 - INFO - Max orf gaps                           	2147483647

2024-08-08 22:14:13,653 - INFO - Contig start mode                      	2

2024-08-08 22:14:13,653 - INFO - Contig end mode                        	2

2024-08-08 22:14:13,653 - INFO - Orf start mode                         	1

2024-08-08 22:14:13,653 - INFO - Forward frames                         	1,2,3

2024-08-08 22:14:13,653 - INFO - Reverse frames                         	1,2,3

2024-08-08 22:14:13,654 - INFO - Translation table                      	1

2024-08-08 22:14:13,654 - INFO - Translate orf                          	0

2024-08-08 22:14:13,654 - INFO - Use all table starts                   	false

2024-08-08 22:14:13,654 - INFO - Offset of numeric ids                  	0

2024-08-08 22:14:13,654 - INFO - Create lookup                          	0

2024-08-08 22:14:13,654 - INFO - Add orf stop                           	false

2024-08-08 22:14:13,654 - INFO - Overlap between sequences              	0

2024-08-08 22:14:13,654 - INFO - Sequence split mode                    	1

2024-08-08 22:14:13,654 - INFO - Header split mode                      	0

2024-08-08 22:14:13,654 - INFO - Chain overlapping alignments           	0

2024-08-08 22:14:13,654 - INFO - Merge query                            	1

2024-08-08 22:14:13,654 - INFO - Search type                            	0

2024-08-08 22:14:13,654 - INFO - Search iterations                      	1

2024-08-08 22:14:13,654 - INFO - Start sensitivity                      	4

2024-08-08 22:14:13,654 - INFO - Search steps                           	1

2024-08-08 22:14:13,654 - INFO - Exhaustive search mode                 	false

2024-08-08 22:14:13,654 - INFO - Filter results during exhaustive search	0

2024-08-08 22:14:13,654 - INFO - Strand selection                       	1

2024-08-08 22:14:13,654 - INFO - LCA search mode                        	false

2024-08-08 22:14:13,654 - INFO - Disk space limit                       	0

2024-08-08 22:14:13,654 - INFO - MPI runner                             	

2024-08-08 22:14:13,654 - INFO - Force restart with latest tmp          	false

2024-08-08 22:14:13,654 - INFO - Remove temporary files                 	false

2024-08-08 22:14:13,654 - INFO - 

2024-08-08 22:14:13,830 - INFO - prefilter /data/yangy34/database/pharokka/vfdb phage_pharokka/GCA_015343595.1_1018|1-1144/vfdb_target_dir/target_seqs phage_pharokka/GCA_015343595.1_1018|1-1144/vfdb_tmp_dir//15196321359064287800/pref_0 --sub-mat nucl:nucleotide.out,aa:blosum62.out --seed-sub-mat nucl:nucleotide.out,aa:VTML80.out -k 0 --k-score 2147483647 --alph-size nucl:5,aa:21 --max-seq-len 65535 --max-seqs 300 --split 0 --split-mode 2 --split-memory-limit 0 -c 0.4 --cov-mode 0 --comp-bias-corr 1 --diag-score 1 --exact-kmer-matching 0 --mask 1 --mask-lower-case 0 --min-ungapped-score 15 --add-self-matches 0 --spaced-kmer-mode 1 --db-load-mode 0 --pca 1 --pcb 1.5 --threads 32 --compressed 0 -v 3 -s 8.5 

2024-08-08 22:14:13,830 - INFO - 

2024-08-08 22:14:13,830 - INFO - Query database size: 27504 type: Aminoacid

2024-08-08 22:14:13,830 - INFO - Estimated memory consumption: 977M

2024-08-08 22:14:13,830 - INFO - Target database size: 2 type: Aminoacid

2024-08-08 22:14:13,830 - INFO - Index table k-mer threshold: 87 at k-mer size 6 

2024-08-08 22:14:13,830 - INFO - Index table: counting k-mers

2024-08-08 22:14:14,000 - INFO - [=================================================================] 2 0s 5ms

2024-08-08 22:14:14,000 - INFO - Index table: Masked residues: 0

2024-08-08 22:14:14,000 - INFO - Index table: fill

2024-08-08 22:14:15,408 - INFO - [=================================================================] 2 0s 1ms

2024-08-08 22:14:15,408 - INFO - Index statistics

2024-08-08 22:14:15,408 - INFO - Entries:          362

2024-08-08 22:14:15,408 - INFO - DB size:          488 MB

2024-08-08 22:14:15,408 - INFO - Avg k-mer size:   0.000006

2024-08-08 22:14:15,408 - INFO - Top 10 k-mers

2024-08-08 22:14:15,408 - INFO -     FPQDAA	1

2024-08-08 22:14:15,409 - INFO -     SFGHAA	1

2024-08-08 22:14:15,409 - INFO -     PHDLAA	1

2024-08-08 22:14:15,409 - INFO -     RTAGDA	1

2024-08-08 22:14:15,409 - INFO -     IRSLDA	1

2024-08-08 22:14:15,409 - INFO -     QTRNEA	1

2024-08-08 22:14:15,409 - INFO -     QPPREA	1

2024-08-08 22:14:15,409 - INFO -     DWSVEA	1

2024-08-08 22:14:15,409 - INFO -     AAINFA	1

2024-08-08 22:14:15,409 - INFO -     FNSAGA	1

2024-08-08 22:14:15,409 - INFO - Time for index table init: 0h 0m 0s 511ms

2024-08-08 22:14:15,409 - INFO - Process prefiltering step 1 of 1

2024-08-08 22:14:15,409 - INFO - 

2024-08-08 22:14:15,409 - INFO - k-mer similarity threshold: 87

2024-08-08 22:14:15,409 - INFO - Starting prefiltering scores calculation (step 1 of 1)

2024-08-08 22:14:15,409 - INFO - Query db start 1 to 27504

2024-08-08 22:14:15,409 - INFO - Target db start 1 to 2

2024-08-08 22:15:23,079 - INFO - [=================================================================] 27.50K 1m 8s 195ms

2024-08-08 22:15:23,079 - INFO - 

2024-08-08 22:15:23,079 - INFO - 3159.764157 k-mers per position

2024-08-08 22:15:23,079 - INFO - 9 DB matches per sequence

2024-08-08 22:15:23,079 - INFO - 0 overflows

2024-08-08 22:15:23,079 - INFO - 0 queries produce too many hits (truncated result)

2024-08-08 22:15:23,079 - INFO - 0 sequences passed prefiltering per query sequence

2024-08-08 22:15:23,079 - INFO - 0 median result list length

2024-08-08 22:15:23,079 - INFO - 22659 sequences with 0 size result lists

2024-08-08 22:15:23,079 - INFO - Time for merging to pref_0: 0h 0m 0s 19ms

2024-08-08 22:15:23,079 - INFO - Time for processing: 0h 1m 9s 420ms

2024-08-08 22:15:23,129 - INFO - align /data/yangy34/database/pharokka/vfdb phage_pharokka/GCA_015343595.1_1018|1-1144/vfdb_target_dir/target_seqs phage_pharokka/GCA_015343595.1_1018|1-1144/vfdb_tmp_dir//15196321359064287800/pref_0 phage_pharokka/GCA_015343595.1_1018|1-1144/vfdb/results_vfdb --sub-mat nucl:nucleotide.out,aa:blosum62.out -a 0 --alignment-mode 2 --alignment-output-mode 0 --wrapped-scoring 0 -e 0.001 --min-seq-id 0.8 --min-aln-len 0 --seq-id-mode 0 --alt-ali 0 -c 0.4 --cov-mode 0 --max-seq-len 65535 --comp-bias-corr 1 --max-rejected 2147483647 --max-accept 2147483647 --add-self-matches 0 --db-load-mode 0 --pca 1 --pcb 1.5 --score-bias 0 --realign 0 --realign-score-bias -0.2 --realign-max-seqs 2147483647 --gap-open nucl:5,aa:11 --gap-extend nucl:2,aa:1 --zdrop 40 --threads 32 --compressed 0 -v 3 

2024-08-08 22:15:23,129 - INFO - 

2024-08-08 22:15:23,129 - INFO - Compute score and coverage

2024-08-08 22:15:23,129 - INFO - Query database size: 27504 type: Aminoacid

2024-08-08 22:15:23,129 - INFO - Target database size: 2 type: Aminoacid

2024-08-08 22:15:23,129 - INFO - Calculation of alignments

2024-08-08 22:15:23,171 - INFO - [=================================================================] 27.50K 0s 23ms

2024-08-08 22:15:23,171 - INFO - Time for merging to results_vfdb: 0h 0m 0s 16ms

2024-08-08 22:15:23,171 - INFO - 2378 alignments calculated

2024-08-08 22:15:23,171 - INFO - 0 sequence pairs passed the thresholds (0.000000 of overall calculated)

2024-08-08 22:15:23,171 - INFO - 0.000000 hits per query sequence

2024-08-08 22:15:23,171 - INFO - Time for processing: 0h 0m 0s 84ms

2024-08-08 22:15:23,338 - INFO - createtsv /data/yangy34/database/pharokka/vfdb phage_pharokka/GCA_015343595.1_1018|1-1144/vfdb_target_dir/target_seqs phage_pharokka/GCA_015343595.1_1018|1-1144/vfdb/results_vfdb phage_pharokka/GCA_015343595.1_1018|1-1144/vfdb_results.tsv --full-header --threads 32 

2024-08-08 22:15:23,338 - INFO - 

2024-08-08 22:15:23,338 - INFO - MMseqs Version:                 	13.45111

2024-08-08 22:15:23,339 - INFO - First sequence as representative	false

2024-08-08 22:15:23,339 - INFO - Target column                   	1

2024-08-08 22:15:23,339 - INFO - Add full header                 	true

2024-08-08 22:15:23,339 - INFO - Sequence source                 	0

2024-08-08 22:15:23,339 - INFO - Database output                 	false

2024-08-08 22:15:23,339 - INFO - Threads                         	32

2024-08-08 22:15:23,339 - INFO - Compressed                      	0

2024-08-08 22:15:23,339 - INFO - Verbosity                       	3

2024-08-08 22:15:23,339 - INFO - 

2024-08-08 22:15:23,339 - INFO - Time for merging to vfdb_results.tsv: 0h 0m 0s 22ms

2024-08-08 22:15:23,339 - INFO - Time for processing: 0h 0m 0s 160ms

2024-08-08 22:15:23,360 - INFO - Post Processing Output.
2024-08-08 22:15:23,712 - INFO - Converting gff to genbank.
2024-08-08 22:15:23,719 - WARNING - /gpfs/gsfs12/users/yangy34/softwares/mambaforge/envs/pharokka-env/lib/python3.10/site-packages/Bio/SeqIO/InsdcIO.py:728: BiopythonWarning: Increasing length of locus line to allow long name. This will result in fields that are not in usual positions.
  warnings.warn(

2024-08-08 22:15:23,733 - INFO - Finding the closest match for each contig in INPHARED using mash.
2024-08-08 22:15:23,773 - INFO - Sketching GCA_015343595.1_53_phages/GCA_015343595.1_1018_1_1144_prophage.fasta...

2024-08-08 22:15:23,773 - INFO - Writing to phage_pharokka/GCA_015343595.1_1018|1-1144/input_mash_sketch.msh...

2024-08-08 22:15:25,233 - INFO - pharokka has finished
2024-08-08 22:15:25,233 - INFO - Elapsed time: 155.02 seconds
2024-08-08 22:15:25,233 - INFO - If you use pharokka in your research, please cite:
2024-08-08 22:15:25,233 - INFO - George Bouras, Roshan Nepal, Ghais Houtak, Alkis James Psaltis, Peter-John Wormald, Sarah Vreugde.
2024-08-08 22:15:25,233 - INFO - Pharokka: a fast scalable bacteriophage annotation tool.
2024-08-08 22:15:25,233 - INFO - Bioinformatics, Volume 39, Issue 1, January 2023, btac776.
2024-08-08 22:15:25,233 - INFO - https://doi.org/10.1093/bioinformatics/btac776.
2024-08-08 22:15:25,233 - INFO - You should also cite the full list of tools pharokka uses, which can be found at https://github.com/gbouras13/pharokka#citation.
