22.566432 -111219.471027
26.122833 -111010.836521
35.862671 -110967.674645
56.394840 -110947.573305
91.034171 -110864.493103
143.982222 -110817.165413
146.228511 -110808.694856
169.259368 -110624.370008
186.440418 -110590.732721
201.335974 -110578.416436
209.946000 -110575.531828
219.341815 -110571.689440
244.842250 -110555.771273
264.001805 -110554.967544
282.148039 -110554.967535
304.683624 -110554.790686
327.459385 -110554.790677
353.629637 -110554.790668
413.373453 -110550.015126
436.765301 -110550.015116
471.162587 -110546.935095
498.726361 -110543.728639
518.149616 -110543.728629
540.546546 -110543.728620
598.462143 -110543.728610
674.336199 -110543.728610
