2024-08-08 22:25:54,030 - INFO - Starting pharokka v1.3.2
2024-08-08 22:25:54,031 - INFO - Input args: Namespace(infile='GCA_015343595.1_53_phages/GCA_015343595.1_896_3_2007_prophage.fasta', outdir='phage_pharokka/GCA_015343595.1_896|3-2007', database='/data/yangy34/database/pharokka', threads='32', force=False, prefix='Default', locustag='Default', gene_predictor='phanotate', meta=False, split=False, coding_table='11', evalue='1E-05', terminase=False, terminase_strand='nothing', terminase_start='nothing', citation=False)
2024-08-08 22:25:54,031 - INFO - Checking database installation.
2024-08-08 22:25:54,055 - INFO - All databases have been successfully checked.
2024-08-08 22:25:54,055 - INFO - Checking dependencies.
2024-08-08 22:25:55,360 - INFO - phan_out version found is v1.5.1.
2024-08-08 22:25:55,360 - INFO - Phanotate version is ok.
2024-08-08 22:25:55,437 - INFO - MMseqs2 version found is v13.45111.
2024-08-08 22:25:55,437 - INFO - MMseqs2 version is ok.
2024-08-08 22:25:56,374 - INFO - tRNAscan-SE version found is v2.45111.11.
2024-08-08 22:25:56,374 - INFO - tRNAscan-SE version is ok.
2024-08-08 22:25:56,936 - INFO - MinCED version found is v0.4.2.
2024-08-08 22:25:56,937 - INFO - MinCED version is ok.
2024-08-08 22:25:56,951 - INFO - ARAGORN version found is v1.2.41.
2024-08-08 22:25:56,951 - INFO - ARAGORN version is ok.
2024-08-08 22:25:57,041 - INFO - mash version found is v2.2.
2024-08-08 22:25:57,041 - INFO - mash version is ok.
2024-08-08 22:25:57,242 - INFO - Running Phanotate.
2024-08-08 22:26:00,475 - INFO - Translating gene predicted fastas.
2024-08-08 22:26:00,504 - INFO - Starting tRNA-scanSE
2024-08-08 22:26:00,658 - INFO - 

2024-08-08 22:26:00,659 - INFO - tRNAscan-SE v.2.0.11 (Oct 2022) - scan sequences for transfer RNAs

2024-08-08 22:26:00,659 - INFO - Copyright (C) 2022 Patricia Chan and Todd Lowe

2024-08-08 22:26:00,659 - INFO -                    University of California Santa Cruz

2024-08-08 22:26:00,659 - INFO - Freely distributed under the GNU General Public License (GPLv3)

2024-08-08 22:26:00,659 - INFO - 

2024-08-08 22:26:00,659 - INFO - ------------------------------------------------------------

2024-08-08 22:26:00,659 - INFO - Sequence file(s) to search:        GCA_015343595.1_53_phages/GCA_015343595.1_896_3_2007_prophage.fasta

2024-08-08 22:26:00,659 - INFO - Search Mode:                       General

2024-08-08 22:26:00,659 - INFO - Results written to:                Standard output

2024-08-08 22:26:00,659 - INFO - Output format:                     Tabular

2024-08-08 22:26:00,659 - INFO - Searching with:                    Infernal single-pass scan

2024-08-08 22:26:00,659 - INFO -                                    Fast mode

2024-08-08 22:26:00,659 - INFO - Covariance model:                  /gpfs/gsfs12/users/yangy34/softwares/mambaforge/envs/pharokka-env/lib/tRNAscan-SE/models/TRNAinf.cm

2024-08-08 22:26:00,659 - INFO - 

2024-08-08 22:26:00,659 - INFO - Temporary directory:               /tmp

2024-08-08 22:26:00,659 - INFO - tRNA predictions saved to:         phage_pharokka/GCA_015343595.1_896|3-2007/trnascan_out.gff

2024-08-08 22:26:00,659 - INFO - ------------------------------------------------------------

2024-08-08 22:26:00,659 - INFO - 

2024-08-08 22:26:00,793 - INFO - No tRNAs found.

2024-08-08 22:26:00,794 - INFO - 

2024-08-08 22:26:00,807 - INFO - Running MinCED.
2024-08-08 22:26:01,033 - INFO - Running Aragorn.
2024-08-08 22:26:01,037 - INFO - Starting MMseqs2.
2024-08-08 22:26:01,037 - INFO - Running MMseqs2 on PHROGs Database.
2024-08-08 22:26:01,168 - INFO - createdb phage_pharokka/GCA_015343595.1_896|3-2007/phanotate_aas_tmp.fasta phage_pharokka/GCA_015343595.1_896|3-2007/target_dir/target_seqs 

2024-08-08 22:26:01,168 - INFO - 

2024-08-08 22:26:01,168 - INFO - MMseqs Version:       	13.45111

2024-08-08 22:26:01,169 - INFO - Database type         	0

2024-08-08 22:26:01,169 - INFO - Shuffle input database	true

2024-08-08 22:26:01,169 - INFO - Createdb mode         	0

2024-08-08 22:26:01,170 - INFO - Write lookup file     	1

2024-08-08 22:26:01,170 - INFO - Offset of numeric ids 	0

2024-08-08 22:26:01,170 - INFO - Compressed            	0

2024-08-08 22:26:01,170 - INFO - Verbosity             	3

2024-08-08 22:26:01,170 - INFO - 

2024-08-08 22:26:01,170 - INFO - Converting sequences

2024-08-08 22:26:01,170 - INFO - [

2024-08-08 22:26:01,170 - INFO - Time for merging to target_seqs_h: 0h 0m 0s 22ms

2024-08-08 22:26:01,170 - INFO - Time for merging to target_seqs: 0h 0m 0s 22ms

2024-08-08 22:26:01,170 - INFO - Database type: Aminoacid

2024-08-08 22:26:01,170 - INFO - Time for processing: 0h 0m 0s 114ms

2024-08-08 22:26:01,181 - INFO - Create directory phage_pharokka/GCA_015343595.1_896|3-2007/tmp_dir/

2024-08-08 22:26:01,181 - INFO - search -e 1E-05 /data/yangy34/database/pharokka/phrogs_profile_db phage_pharokka/GCA_015343595.1_896|3-2007/target_dir/target_seqs phage_pharokka/GCA_015343595.1_896|3-2007/mmseqs/results_mmseqs phage_pharokka/GCA_015343595.1_896|3-2007/tmp_dir/ -s 8.5 --threads 32 

2024-08-08 22:26:01,181 - INFO - 

2024-08-08 22:26:01,181 - INFO - MMseqs Version:                        	13.45111

2024-08-08 22:26:01,181 - INFO - Substitution matrix                    	nucl:nucleotide.out,aa:blosum62.out

2024-08-08 22:26:01,181 - INFO - Add backtrace                          	false

2024-08-08 22:26:01,181 - INFO - Alignment mode                         	2

2024-08-08 22:26:01,181 - INFO - Alignment mode                         	0

2024-08-08 22:26:01,181 - INFO - Allow wrapped scoring                  	false

2024-08-08 22:26:01,181 - INFO - E-value threshold                      	1e-05

2024-08-08 22:26:01,181 - INFO - Seq. id. threshold                     	0

2024-08-08 22:26:01,181 - INFO - Min alignment length                   	0

2024-08-08 22:26:01,181 - INFO - Seq. id. mode                          	0

2024-08-08 22:26:01,182 - INFO - Alternative alignments                 	0

2024-08-08 22:26:01,182 - INFO - Coverage threshold                     	0

2024-08-08 22:26:01,182 - INFO - Coverage mode                          	0

2024-08-08 22:26:01,182 - INFO - Max sequence length                    	65535

2024-08-08 22:26:01,182 - INFO - Compositional bias                     	1

2024-08-08 22:26:01,182 - INFO - Max reject                             	2147483647

2024-08-08 22:26:01,182 - INFO - Max accept                             	2147483647

2024-08-08 22:26:01,182 - INFO - Include identical seq. id.             	false

2024-08-08 22:26:01,182 - INFO - Preload mode                           	0

2024-08-08 22:26:01,182 - INFO - Pseudo count a                         	1

2024-08-08 22:26:01,182 - INFO - Pseudo count b                         	1.5

2024-08-08 22:26:01,182 - INFO - Score bias                             	0

2024-08-08 22:26:01,182 - INFO - Realign hits                           	false

2024-08-08 22:26:01,182 - INFO - Realign score bias                     	-0.2

2024-08-08 22:26:01,182 - INFO - Realign max seqs                       	2147483647

2024-08-08 22:26:01,182 - INFO - Gap open cost                          	nucl:5,aa:11

2024-08-08 22:26:01,182 - INFO - Gap extension cost                     	nucl:2,aa:1

2024-08-08 22:26:01,182 - INFO - Zdrop                                  	40

2024-08-08 22:26:01,182 - INFO - Threads                                	32

2024-08-08 22:26:01,182 - INFO - Compressed                             	0

2024-08-08 22:26:01,182 - INFO - Verbosity                              	3

2024-08-08 22:26:01,182 - INFO - Seed substitution matrix               	nucl:nucleotide.out,aa:VTML80.out

2024-08-08 22:26:01,182 - INFO - Sensitivity                            	8.5

2024-08-08 22:26:01,182 - INFO - k-mer length                           	0

2024-08-08 22:26:01,183 - INFO - k-score                                	2147483647

2024-08-08 22:26:01,183 - INFO - Alphabet size                          	nucl:5,aa:21

2024-08-08 22:26:01,183 - INFO - Max results per query                  	300

2024-08-08 22:26:01,183 - INFO - Split database                         	0

2024-08-08 22:26:01,183 - INFO - Split mode                             	2

2024-08-08 22:26:01,183 - INFO - Split memory limit                     	0

2024-08-08 22:26:01,183 - INFO - Diagonal scoring                       	true

2024-08-08 22:26:01,183 - INFO - Exact k-mer matching                   	0

2024-08-08 22:26:01,183 - INFO - Mask residues                          	1

2024-08-08 22:26:01,183 - INFO - Mask lower case residues               	0

2024-08-08 22:26:01,183 - INFO - Minimum diagonal score                 	15

2024-08-08 22:26:01,183 - INFO - Spaced k-mers                          	1

2024-08-08 22:26:01,183 - INFO - Spaced k-mer pattern                   	

2024-08-08 22:26:01,183 - INFO - Local temporary path                   	

2024-08-08 22:26:01,183 - INFO - Rescore mode                           	0

2024-08-08 22:26:01,183 - INFO - Remove hits by seq. id. and coverage   	false

2024-08-08 22:26:01,183 - INFO - Sort results                           	0

2024-08-08 22:26:01,183 - INFO - Mask profile                           	1

2024-08-08 22:26:01,183 - INFO - Profile E-value threshold              	0.1

2024-08-08 22:26:01,183 - INFO - Global sequence weighting              	false

2024-08-08 22:26:01,183 - INFO - Allow deletions                        	false

2024-08-08 22:26:01,183 - INFO - Filter MSA                             	1

2024-08-08 22:26:01,183 - INFO - Maximum seq. id. threshold             	0.9

2024-08-08 22:26:01,183 - INFO - Minimum seq. id.                       	0

2024-08-08 22:26:01,184 - INFO - Minimum score per column               	-20

2024-08-08 22:26:01,184 - INFO - Minimum coverage                       	0

2024-08-08 22:26:01,184 - INFO - Select N most diverse seqs             	1000

2024-08-08 22:26:01,184 - INFO - Min codons in orf                      	30

2024-08-08 22:26:01,184 - INFO - Max codons in length                   	32734

2024-08-08 22:26:01,184 - INFO - Max orf gaps                           	2147483647

2024-08-08 22:26:01,184 - INFO - Contig start mode                      	2

2024-08-08 22:26:01,184 - INFO - Contig end mode                        	2

2024-08-08 22:26:01,184 - INFO - Orf start mode                         	1

2024-08-08 22:26:01,184 - INFO - Forward frames                         	1,2,3

2024-08-08 22:26:01,184 - INFO - Reverse frames                         	1,2,3

2024-08-08 22:26:01,184 - INFO - Translation table                      	1

2024-08-08 22:26:01,184 - INFO - Translate orf                          	0

2024-08-08 22:26:01,184 - INFO - Use all table starts                   	false

2024-08-08 22:26:01,184 - INFO - Offset of numeric ids                  	0

2024-08-08 22:26:01,184 - INFO - Create lookup                          	0

2024-08-08 22:26:01,184 - INFO - Add orf stop                           	false

2024-08-08 22:26:01,184 - INFO - Overlap between sequences              	0

2024-08-08 22:26:01,184 - INFO - Sequence split mode                    	1

2024-08-08 22:26:01,184 - INFO - Header split mode                      	0

2024-08-08 22:26:01,184 - INFO - Chain overlapping alignments           	0

2024-08-08 22:26:01,184 - INFO - Merge query                            	1

2024-08-08 22:26:01,184 - INFO - Search type                            	0

2024-08-08 22:26:01,184 - INFO - Search iterations                      	1

2024-08-08 22:26:01,184 - INFO - Start sensitivity                      	4

2024-08-08 22:26:01,185 - INFO - Search steps                           	1

2024-08-08 22:26:01,185 - INFO - Exhaustive search mode                 	false

2024-08-08 22:26:01,185 - INFO - Filter results during exhaustive search	0

2024-08-08 22:26:01,185 - INFO - Strand selection                       	1

2024-08-08 22:26:01,185 - INFO - LCA search mode                        	false

2024-08-08 22:26:01,185 - INFO - Disk space limit                       	0

2024-08-08 22:26:01,185 - INFO - MPI runner                             	

2024-08-08 22:26:01,185 - INFO - Force restart with latest tmp          	false

2024-08-08 22:26:01,185 - INFO - Remove temporary files                 	false

2024-08-08 22:26:01,185 - INFO - 

2024-08-08 22:26:01,379 - INFO - prefilter /data/yangy34/database/pharokka/phrogs_profile_db phage_pharokka/GCA_015343595.1_896|3-2007/target_dir/target_seqs phage_pharokka/GCA_015343595.1_896|3-2007/tmp_dir//86121289076974088/pref_0 --sub-mat nucl:nucleotide.out,aa:blosum62.out --seed-sub-mat nucl:nucleotide.out,aa:VTML80.out -k 0 --k-score 2147483647 --alph-size nucl:5,aa:21 --max-seq-len 65535 --max-seqs 300 --split 0 --split-mode 2 --split-memory-limit 0 -c 0 --cov-mode 0 --comp-bias-corr 1 --diag-score 1 --exact-kmer-matching 0 --mask 1 --mask-lower-case 0 --min-ungapped-score 15 --add-self-matches 0 --spaced-kmer-mode 1 --db-load-mode 0 --pca 1 --pcb 1.5 --threads 32 --compressed 0 -v 3 -s 8.5 

2024-08-08 22:26:01,379 - INFO - 

2024-08-08 22:26:01,379 - INFO - Query database size: 38880 type: Profile

2024-08-08 22:26:01,379 - INFO - Estimated memory consumption: 488M

2024-08-08 22:26:01,379 - INFO - Target database size: 3 type: Aminoacid

2024-08-08 22:26:01,379 - INFO - Index table k-mer threshold: 0 at k-mer size 6 

2024-08-08 22:26:01,380 - INFO - Index table: counting k-mers

2024-08-08 22:26:01,532 - INFO - [=================================================================] 3 0s 2ms

2024-08-08 22:26:01,532 - INFO - Index table: Masked residues: 0

2024-08-08 22:26:01,532 - INFO - Index table: fill

2024-08-08 22:26:02,902 - INFO - [=================================================================] 3 0s 2ms

2024-08-08 22:26:02,902 - INFO - Index statistics

2024-08-08 22:26:02,902 - INFO - Entries:          604

2024-08-08 22:26:02,902 - INFO - DB size:          488 MB

2024-08-08 22:26:02,902 - INFO - Avg k-mer size:   0.000009

2024-08-08 22:26:02,902 - INFO - Top 10 k-mers

2024-08-08 22:26:02,902 - INFO -     GIADAA	1

2024-08-08 22:26:02,903 - INFO -     NDDIAA	1

2024-08-08 22:26:02,903 - INFO -     DWALAA	1

2024-08-08 22:26:02,903 - INFO -     DNPWAA	1

2024-08-08 22:26:02,903 - INFO -     HIEGCA	1

2024-08-08 22:26:02,903 - INFO -     LNPADA	1

2024-08-08 22:26:02,903 - INFO -     YARNDA	1

2024-08-08 22:26:02,903 - INFO -     TQYHEA	1

2024-08-08 22:26:02,903 - INFO -     AIILEA	1

2024-08-08 22:26:02,903 - INFO -     GMEREA	1

2024-08-08 22:26:02,903 - INFO - Time for index table init: 0h 0m 0s 493ms

2024-08-08 22:26:02,904 - INFO - Process prefiltering step 1 of 1

2024-08-08 22:26:02,904 - INFO - 

2024-08-08 22:26:02,904 - INFO - k-mer similarity threshold: 81

2024-08-08 22:26:02,904 - INFO - Starting prefiltering scores calculation (step 1 of 1)

2024-08-08 22:26:02,904 - INFO - Query db start 1 to 38880

2024-08-08 22:26:02,904 - INFO - Target db start 1 to 3

2024-08-08 22:27:23,095 - INFO - [=================================================================] 38.88K 1m 21s 92ms

2024-08-08 22:27:23,096 - INFO - 

2024-08-08 22:27:23,096 - INFO - 5386.328443 k-mers per position

2024-08-08 22:27:23,096 - INFO - 7 DB matches per sequence

2024-08-08 22:27:23,096 - INFO - 0 overflows

2024-08-08 22:27:23,096 - INFO - 0 queries produce too many hits (truncated result)

2024-08-08 22:27:23,096 - INFO - 0 sequences passed prefiltering per query sequence

2024-08-08 22:27:23,096 - INFO - 0 median result list length

2024-08-08 22:27:23,096 - INFO - 32280 sequences with 0 size result lists

2024-08-08 22:27:23,096 - INFO - Time for merging to pref_0: 0h 0m 0s 27ms

2024-08-08 22:27:23,096 - INFO - Time for processing: 0h 1m 21s 906ms

2024-08-08 22:27:23,197 - INFO - align /data/yangy34/database/pharokka/phrogs_profile_db phage_pharokka/GCA_015343595.1_896|3-2007/target_dir/target_seqs phage_pharokka/GCA_015343595.1_896|3-2007/tmp_dir//86121289076974088/pref_0 phage_pharokka/GCA_015343595.1_896|3-2007/mmseqs/results_mmseqs --sub-mat nucl:nucleotide.out,aa:blosum62.out -a 0 --alignment-mode 2 --alignment-output-mode 0 --wrapped-scoring 0 -e 1e-05 --min-seq-id 0 --min-aln-len 0 --seq-id-mode 0 --alt-ali 0 -c 0 --cov-mode 0 --max-seq-len 65535 --comp-bias-corr 1 --max-rejected 2147483647 --max-accept 2147483647 --add-self-matches 0 --db-load-mode 0 --pca 1 --pcb 1.5 --score-bias 0 --realign 0 --realign-score-bias -0.2 --realign-max-seqs 2147483647 --gap-open nucl:5,aa:11 --gap-extend nucl:2,aa:1 --zdrop 40 --threads 32 --compressed 0 -v 3 

2024-08-08 22:27:23,197 - INFO - 

2024-08-08 22:27:23,197 - INFO - Compute score and coverage

2024-08-08 22:27:23,197 - INFO - Query database size: 38880 type: Profile

2024-08-08 22:27:23,197 - INFO - Target database size: 3 type: Aminoacid

2024-08-08 22:27:23,197 - INFO - Calculation of alignments

2024-08-08 22:27:23,427 - INFO - [=================================================================] 38.88K 0s 229ms

2024-08-08 22:27:23,427 - INFO - Time for merging to results_mmseqs: 0h 0m 0s 20ms

2024-08-08 22:27:23,427 - INFO - 7367 alignments calculated

2024-08-08 22:27:23,428 - INFO - 11 sequence pairs passed the thresholds (0.001493 of overall calculated)

2024-08-08 22:27:23,428 - INFO - 0.000283 hits per query sequence

2024-08-08 22:27:23,428 - INFO - Time for processing: 0h 0m 0s 325ms

2024-08-08 22:27:23,567 - INFO - createtsv /data/yangy34/database/pharokka/phrogs_profile_db phage_pharokka/GCA_015343595.1_896|3-2007/target_dir/target_seqs phage_pharokka/GCA_015343595.1_896|3-2007/mmseqs/results_mmseqs phage_pharokka/GCA_015343595.1_896|3-2007/mmseqs_results.tsv --full-header --threads 32 

2024-08-08 22:27:23,567 - INFO - 

2024-08-08 22:27:23,567 - INFO - MMseqs Version:                 	13.45111

2024-08-08 22:27:23,568 - INFO - First sequence as representative	false

2024-08-08 22:27:23,568 - INFO - Target column                   	1

2024-08-08 22:27:23,568 - INFO - Add full header                 	true

2024-08-08 22:27:23,568 - INFO - Sequence source                 	0

2024-08-08 22:27:23,568 - INFO - Database output                 	false

2024-08-08 22:27:23,568 - INFO - Threads                         	32

2024-08-08 22:27:23,568 - INFO - Compressed                      	0

2024-08-08 22:27:23,568 - INFO - Verbosity                       	3

2024-08-08 22:27:23,568 - INFO - 

2024-08-08 22:27:23,568 - INFO - Time for merging to mmseqs_results.tsv: 0h 0m 0s 28ms

2024-08-08 22:27:23,568 - INFO - Time for processing: 0h 0m 0s 131ms

2024-08-08 22:27:23,595 - INFO - Running mmseqs2 on CARD.
2024-08-08 22:27:23,654 - INFO - createdb phage_pharokka/GCA_015343595.1_896|3-2007/phanotate_aas_tmp.fasta phage_pharokka/GCA_015343595.1_896|3-2007/CARD_target_dir/target_seqs 

2024-08-08 22:27:23,654 - INFO - 

2024-08-08 22:27:23,654 - INFO - MMseqs Version:       	13.45111

2024-08-08 22:27:23,654 - INFO - Database type         	0

2024-08-08 22:27:23,654 - INFO - Shuffle input database	true

2024-08-08 22:27:23,654 - INFO - Createdb mode         	0

2024-08-08 22:27:23,654 - INFO - Write lookup file     	1

2024-08-08 22:27:23,655 - INFO - Offset of numeric ids 	0

2024-08-08 22:27:23,655 - INFO - Compressed            	0

2024-08-08 22:27:23,655 - INFO - Verbosity             	3

2024-08-08 22:27:23,655 - INFO - 

2024-08-08 22:27:23,655 - INFO - Converting sequences

2024-08-08 22:27:23,655 - INFO - [

2024-08-08 22:27:23,655 - INFO - Time for merging to target_seqs_h: 0h 0m 0s 7ms

2024-08-08 22:27:23,655 - INFO - Time for merging to target_seqs: 0h 0m 0s 18ms

2024-08-08 22:27:23,655 - INFO - Database type: Aminoacid

2024-08-08 22:27:23,655 - INFO - Time for processing: 0h 0m 0s 54ms

2024-08-08 22:27:23,664 - INFO - Create directory phage_pharokka/GCA_015343595.1_896|3-2007/CARD_tmp_dir/

2024-08-08 22:27:23,664 - INFO - search --min-seq-id 0.8 -c 0.4 /data/yangy34/database/pharokka/CARD phage_pharokka/GCA_015343595.1_896|3-2007/CARD_target_dir/target_seqs phage_pharokka/GCA_015343595.1_896|3-2007/CARD/results_CARD phage_pharokka/GCA_015343595.1_896|3-2007/CARD_tmp_dir/ -s 8.5 --threads 32 

2024-08-08 22:27:23,665 - INFO - 

2024-08-08 22:27:23,665 - INFO - MMseqs Version:                        	13.45111

2024-08-08 22:27:23,665 - INFO - Substitution matrix                    	nucl:nucleotide.out,aa:blosum62.out

2024-08-08 22:27:23,665 - INFO - Add backtrace                          	false

2024-08-08 22:27:23,665 - INFO - Alignment mode                         	2

2024-08-08 22:27:23,665 - INFO - Alignment mode                         	0

2024-08-08 22:27:23,665 - INFO - Allow wrapped scoring                  	false

2024-08-08 22:27:23,665 - INFO - E-value threshold                      	0.001

2024-08-08 22:27:23,665 - INFO - Seq. id. threshold                     	0.8

2024-08-08 22:27:23,665 - INFO - Min alignment length                   	0

2024-08-08 22:27:23,665 - INFO - Seq. id. mode                          	0

2024-08-08 22:27:23,665 - INFO - Alternative alignments                 	0

2024-08-08 22:27:23,665 - INFO - Coverage threshold                     	0.4

2024-08-08 22:27:23,665 - INFO - Coverage mode                          	0

2024-08-08 22:27:23,665 - INFO - Max sequence length                    	65535

2024-08-08 22:27:23,665 - INFO - Compositional bias                     	1

2024-08-08 22:27:23,665 - INFO - Max reject                             	2147483647

2024-08-08 22:27:23,665 - INFO - Max accept                             	2147483647

2024-08-08 22:27:23,665 - INFO - Include identical seq. id.             	false

2024-08-08 22:27:23,665 - INFO - Preload mode                           	0

2024-08-08 22:27:23,665 - INFO - Pseudo count a                         	1

2024-08-08 22:27:23,665 - INFO - Pseudo count b                         	1.5

2024-08-08 22:27:23,665 - INFO - Score bias                             	0

2024-08-08 22:27:23,666 - INFO - Realign hits                           	false

2024-08-08 22:27:23,666 - INFO - Realign score bias                     	-0.2

2024-08-08 22:27:23,666 - INFO - Realign max seqs                       	2147483647

2024-08-08 22:27:23,666 - INFO - Gap open cost                          	nucl:5,aa:11

2024-08-08 22:27:23,666 - INFO - Gap extension cost                     	nucl:2,aa:1

2024-08-08 22:27:23,666 - INFO - Zdrop                                  	40

2024-08-08 22:27:23,666 - INFO - Threads                                	32

2024-08-08 22:27:23,666 - INFO - Compressed                             	0

2024-08-08 22:27:23,666 - INFO - Verbosity                              	3

2024-08-08 22:27:23,666 - INFO - Seed substitution matrix               	nucl:nucleotide.out,aa:VTML80.out

2024-08-08 22:27:23,666 - INFO - Sensitivity                            	8.5

2024-08-08 22:27:23,666 - INFO - k-mer length                           	0

2024-08-08 22:27:23,666 - INFO - k-score                                	2147483647

2024-08-08 22:27:23,666 - INFO - Alphabet size                          	nucl:5,aa:21

2024-08-08 22:27:23,666 - INFO - Max results per query                  	300

2024-08-08 22:27:23,666 - INFO - Split database                         	0

2024-08-08 22:27:23,666 - INFO - Split mode                             	2

2024-08-08 22:27:23,666 - INFO - Split memory limit                     	0

2024-08-08 22:27:23,666 - INFO - Diagonal scoring                       	true

2024-08-08 22:27:23,666 - INFO - Exact k-mer matching                   	0

2024-08-08 22:27:23,666 - INFO - Mask residues                          	1

2024-08-08 22:27:23,666 - INFO - Mask lower case residues               	0

2024-08-08 22:27:23,666 - INFO - Minimum diagonal score                 	15

2024-08-08 22:27:23,666 - INFO - Spaced k-mers                          	1

2024-08-08 22:27:23,666 - INFO - Spaced k-mer pattern                   	

2024-08-08 22:27:23,667 - INFO - Local temporary path                   	

2024-08-08 22:27:23,667 - INFO - Rescore mode                           	0

2024-08-08 22:27:23,667 - INFO - Remove hits by seq. id. and coverage   	false

2024-08-08 22:27:23,667 - INFO - Sort results                           	0

2024-08-08 22:27:23,667 - INFO - Mask profile                           	1

2024-08-08 22:27:23,667 - INFO - Profile E-value threshold              	0.1

2024-08-08 22:27:23,667 - INFO - Global sequence weighting              	false

2024-08-08 22:27:23,667 - INFO - Allow deletions                        	false

2024-08-08 22:27:23,667 - INFO - Filter MSA                             	1

2024-08-08 22:27:23,667 - INFO - Maximum seq. id. threshold             	0.9

2024-08-08 22:27:23,667 - INFO - Minimum seq. id.                       	0

2024-08-08 22:27:23,667 - INFO - Minimum score per column               	-20

2024-08-08 22:27:23,667 - INFO - Minimum coverage                       	0

2024-08-08 22:27:23,667 - INFO - Select N most diverse seqs             	1000

2024-08-08 22:27:23,667 - INFO - Min codons in orf                      	30

2024-08-08 22:27:23,667 - INFO - Max codons in length                   	32734

2024-08-08 22:27:23,667 - INFO - Max orf gaps                           	2147483647

2024-08-08 22:27:23,667 - INFO - Contig start mode                      	2

2024-08-08 22:27:23,667 - INFO - Contig end mode                        	2

2024-08-08 22:27:23,667 - INFO - Orf start mode                         	1

2024-08-08 22:27:23,667 - INFO - Forward frames                         	1,2,3

2024-08-08 22:27:23,667 - INFO - Reverse frames                         	1,2,3

2024-08-08 22:27:23,667 - INFO - Translation table                      	1

2024-08-08 22:27:23,667 - INFO - Translate orf                          	0

2024-08-08 22:27:23,667 - INFO - Use all table starts                   	false

2024-08-08 22:27:23,668 - INFO - Offset of numeric ids                  	0

2024-08-08 22:27:23,668 - INFO - Create lookup                          	0

2024-08-08 22:27:23,668 - INFO - Add orf stop                           	false

2024-08-08 22:27:23,668 - INFO - Overlap between sequences              	0

2024-08-08 22:27:23,668 - INFO - Sequence split mode                    	1

2024-08-08 22:27:23,668 - INFO - Header split mode                      	0

2024-08-08 22:27:23,668 - INFO - Chain overlapping alignments           	0

2024-08-08 22:27:23,668 - INFO - Merge query                            	1

2024-08-08 22:27:23,668 - INFO - Search type                            	0

2024-08-08 22:27:23,668 - INFO - Search iterations                      	1

2024-08-08 22:27:23,668 - INFO - Start sensitivity                      	4

2024-08-08 22:27:23,668 - INFO - Search steps                           	1

2024-08-08 22:27:23,668 - INFO - Exhaustive search mode                 	false

2024-08-08 22:27:23,668 - INFO - Filter results during exhaustive search	0

2024-08-08 22:27:23,668 - INFO - Strand selection                       	1

2024-08-08 22:27:23,668 - INFO - LCA search mode                        	false

2024-08-08 22:27:23,668 - INFO - Disk space limit                       	0

2024-08-08 22:27:23,668 - INFO - MPI runner                             	

2024-08-08 22:27:23,668 - INFO - Force restart with latest tmp          	false

2024-08-08 22:27:23,668 - INFO - Remove temporary files                 	false

2024-08-08 22:27:23,668 - INFO - 

2024-08-08 22:27:23,847 - INFO - prefilter /data/yangy34/database/pharokka/CARD phage_pharokka/GCA_015343595.1_896|3-2007/CARD_target_dir/target_seqs phage_pharokka/GCA_015343595.1_896|3-2007/CARD_tmp_dir//8501451779949532004/pref_0 --sub-mat nucl:nucleotide.out,aa:blosum62.out --seed-sub-mat nucl:nucleotide.out,aa:VTML80.out -k 0 --k-score 2147483647 --alph-size nucl:5,aa:21 --max-seq-len 65535 --max-seqs 300 --split 0 --split-mode 2 --split-memory-limit 0 -c 0.4 --cov-mode 0 --comp-bias-corr 1 --diag-score 1 --exact-kmer-matching 0 --mask 1 --mask-lower-case 0 --min-ungapped-score 15 --add-self-matches 0 --spaced-kmer-mode 1 --db-load-mode 0 --pca 1 --pcb 1.5 --threads 32 --compressed 0 -v 3 -s 8.5 

2024-08-08 22:27:23,847 - INFO - 

2024-08-08 22:27:23,847 - INFO - Query database size: 4641 type: Aminoacid

2024-08-08 22:27:23,847 - INFO - Estimated memory consumption: 977M

2024-08-08 22:27:23,847 - INFO - Target database size: 3 type: Aminoacid

2024-08-08 22:27:23,847 - INFO - Index table k-mer threshold: 87 at k-mer size 6 

2024-08-08 22:27:23,847 - INFO - Index table: counting k-mers

2024-08-08 22:27:24,022 - INFO - [=================================================================] 3 0s 6ms

2024-08-08 22:27:24,022 - INFO - Index table: Masked residues: 0

2024-08-08 22:27:24,022 - INFO - Index table: fill

2024-08-08 22:27:24,564 - INFO - [=================================================================] 3 0s 3ms

2024-08-08 22:27:24,564 - INFO - Index statistics

2024-08-08 22:27:24,564 - INFO - Entries:          604

2024-08-08 22:27:24,564 - INFO - DB size:          488 MB

2024-08-08 22:27:24,564 - INFO - Avg k-mer size:   0.000009

2024-08-08 22:27:24,564 - INFO - Top 10 k-mers

2024-08-08 22:27:24,565 - INFO -     GIADAA	1

2024-08-08 22:27:24,565 - INFO -     NDDIAA	1

2024-08-08 22:27:24,565 - INFO -     DWALAA	1

2024-08-08 22:27:24,565 - INFO -     DNPWAA	1

2024-08-08 22:27:24,565 - INFO -     HIEGCA	1

2024-08-08 22:27:24,565 - INFO -     LNPADA	1

2024-08-08 22:27:24,565 - INFO -     YARNDA	1

2024-08-08 22:27:24,566 - INFO -     TQYHEA	1

2024-08-08 22:27:24,566 - INFO -     AIILEA	1

2024-08-08 22:27:24,566 - INFO -     GMEREA	1

2024-08-08 22:27:24,566 - INFO - Time for index table init: 0h 0m 0s 535ms

2024-08-08 22:27:24,566 - INFO - Process prefiltering step 1 of 1

2024-08-08 22:27:24,566 - INFO - 

2024-08-08 22:27:24,566 - INFO - k-mer similarity threshold: 87

2024-08-08 22:27:24,566 - INFO - Starting prefiltering scores calculation (step 1 of 1)

2024-08-08 22:27:24,567 - INFO - Query db start 1 to 4641

2024-08-08 22:27:24,567 - INFO - Target db start 1 to 3

2024-08-08 22:27:36,697 - INFO - [=================================================================] 4.64K 12s 172ms

2024-08-08 22:27:36,697 - INFO - 

2024-08-08 22:27:36,697 - INFO - 3883.681631 k-mers per position

2024-08-08 22:27:36,697 - INFO - 11 DB matches per sequence

2024-08-08 22:27:36,697 - INFO - 0 overflows

2024-08-08 22:27:36,697 - INFO - 0 queries produce too many hits (truncated result)

2024-08-08 22:27:36,697 - INFO - 0 sequences passed prefiltering per query sequence

2024-08-08 22:27:36,697 - INFO - 0 median result list length

2024-08-08 22:27:36,697 - INFO - 3190 sequences with 0 size result lists

2024-08-08 22:27:36,697 - INFO - Time for merging to pref_0: 0h 0m 0s 12ms

2024-08-08 22:27:36,697 - INFO - Time for processing: 0h 0m 13s 23ms

2024-08-08 22:27:36,723 - INFO - align /data/yangy34/database/pharokka/CARD phage_pharokka/GCA_015343595.1_896|3-2007/CARD_target_dir/target_seqs phage_pharokka/GCA_015343595.1_896|3-2007/CARD_tmp_dir//8501451779949532004/pref_0 phage_pharokka/GCA_015343595.1_896|3-2007/CARD/results_CARD --sub-mat nucl:nucleotide.out,aa:blosum62.out -a 0 --alignment-mode 2 --alignment-output-mode 0 --wrapped-scoring 0 -e 0.001 --min-seq-id 0.8 --min-aln-len 0 --seq-id-mode 0 --alt-ali 0 -c 0.4 --cov-mode 0 --max-seq-len 65535 --comp-bias-corr 1 --max-rejected 2147483647 --max-accept 2147483647 --add-self-matches 0 --db-load-mode 0 --pca 1 --pcb 1.5 --score-bias 0 --realign 0 --realign-score-bias -0.2 --realign-max-seqs 2147483647 --gap-open nucl:5,aa:11 --gap-extend nucl:2,aa:1 --zdrop 40 --threads 32 --compressed 0 -v 3 

2024-08-08 22:27:36,724 - INFO - 

2024-08-08 22:27:36,724 - INFO - Compute score and coverage

2024-08-08 22:27:36,724 - INFO - Query database size: 4641 type: Aminoacid

2024-08-08 22:27:36,724 - INFO - Target database size: 3 type: Aminoacid

2024-08-08 22:27:36,724 - INFO - Calculation of alignments

2024-08-08 22:27:36,752 - INFO - [=================================================================] 4.64K 0s 15ms

2024-08-08 22:27:36,752 - INFO - Time for merging to results_CARD: 0h 0m 0s 12ms

2024-08-08 22:27:36,752 - INFO - 836 alignments calculated

2024-08-08 22:27:36,753 - INFO - 0 sequence pairs passed the thresholds (0.000000 of overall calculated)

2024-08-08 22:27:36,753 - INFO - 0.000000 hits per query sequence

2024-08-08 22:27:36,753 - INFO - Time for processing: 0h 0m 0s 48ms

2024-08-08 22:27:36,859 - INFO - createtsv /data/yangy34/database/pharokka/CARD phage_pharokka/GCA_015343595.1_896|3-2007/CARD_target_dir/target_seqs phage_pharokka/GCA_015343595.1_896|3-2007/CARD/results_CARD phage_pharokka/GCA_015343595.1_896|3-2007/CARD_results.tsv --full-header --threads 32 

2024-08-08 22:27:36,859 - INFO - 

2024-08-08 22:27:36,859 - INFO - MMseqs Version:                 	13.45111

2024-08-08 22:27:36,859 - INFO - First sequence as representative	false

2024-08-08 22:27:36,859 - INFO - Target column                   	1

2024-08-08 22:27:36,859 - INFO - Add full header                 	true

2024-08-08 22:27:36,859 - INFO - Sequence source                 	0

2024-08-08 22:27:36,859 - INFO - Database output                 	false

2024-08-08 22:27:36,859 - INFO - Threads                         	32

2024-08-08 22:27:36,859 - INFO - Compressed                      	0

2024-08-08 22:27:36,860 - INFO - Verbosity                       	3

2024-08-08 22:27:36,860 - INFO - 

2024-08-08 22:27:36,860 - INFO - Time for merging to CARD_results.tsv: 0h 0m 0s 16ms

2024-08-08 22:27:36,860 - INFO - Time for processing: 0h 0m 0s 98ms

2024-08-08 22:27:36,864 - INFO - Running mmseqs2 on vfdb.
2024-08-08 22:27:36,933 - INFO - createdb phage_pharokka/GCA_015343595.1_896|3-2007/phanotate_aas_tmp.fasta phage_pharokka/GCA_015343595.1_896|3-2007/vfdb_target_dir/target_seqs 

2024-08-08 22:27:36,934 - INFO - 

2024-08-08 22:27:36,934 - INFO - MMseqs Version:       	13.45111

2024-08-08 22:27:36,934 - INFO - Database type         	0

2024-08-08 22:27:36,934 - INFO - Shuffle input database	true

2024-08-08 22:27:36,934 - INFO - Createdb mode         	0

2024-08-08 22:27:36,934 - INFO - Write lookup file     	1

2024-08-08 22:27:36,934 - INFO - Offset of numeric ids 	0

2024-08-08 22:27:36,934 - INFO - Compressed            	0

2024-08-08 22:27:36,934 - INFO - Verbosity             	3

2024-08-08 22:27:36,934 - INFO - 

2024-08-08 22:27:36,934 - INFO - Converting sequences

2024-08-08 22:27:36,934 - INFO - [

2024-08-08 22:27:36,934 - INFO - Time for merging to target_seqs_h: 0h 0m 0s 8ms

2024-08-08 22:27:36,934 - INFO - Time for merging to target_seqs: 0h 0m 0s 21ms

2024-08-08 22:27:36,934 - INFO - Database type: Aminoacid

2024-08-08 22:27:36,934 - INFO - Time for processing: 0h 0m 0s 63ms

2024-08-08 22:27:36,945 - INFO - Create directory phage_pharokka/GCA_015343595.1_896|3-2007/vfdb_tmp_dir/

2024-08-08 22:27:36,945 - INFO - search --min-seq-id 0.8 -c 0.4 /data/yangy34/database/pharokka/vfdb phage_pharokka/GCA_015343595.1_896|3-2007/vfdb_target_dir/target_seqs phage_pharokka/GCA_015343595.1_896|3-2007/vfdb/results_vfdb phage_pharokka/GCA_015343595.1_896|3-2007/vfdb_tmp_dir/ -s 8.5 --threads 32 

2024-08-08 22:27:36,946 - INFO - 

2024-08-08 22:27:36,946 - INFO - MMseqs Version:                        	13.45111

2024-08-08 22:27:36,946 - INFO - Substitution matrix                    	nucl:nucleotide.out,aa:blosum62.out

2024-08-08 22:27:36,946 - INFO - Add backtrace                          	false

2024-08-08 22:27:36,946 - INFO - Alignment mode                         	2

2024-08-08 22:27:36,946 - INFO - Alignment mode                         	0

2024-08-08 22:27:36,946 - INFO - Allow wrapped scoring                  	false

2024-08-08 22:27:36,946 - INFO - E-value threshold                      	0.001

2024-08-08 22:27:36,946 - INFO - Seq. id. threshold                     	0.8

2024-08-08 22:27:36,946 - INFO - Min alignment length                   	0

2024-08-08 22:27:36,946 - INFO - Seq. id. mode                          	0

2024-08-08 22:27:36,946 - INFO - Alternative alignments                 	0

2024-08-08 22:27:36,946 - INFO - Coverage threshold                     	0.4

2024-08-08 22:27:36,946 - INFO - Coverage mode                          	0

2024-08-08 22:27:36,946 - INFO - Max sequence length                    	65535

2024-08-08 22:27:36,946 - INFO - Compositional bias                     	1

2024-08-08 22:27:36,946 - INFO - Max reject                             	2147483647

2024-08-08 22:27:36,946 - INFO - Max accept                             	2147483647

2024-08-08 22:27:36,946 - INFO - Include identical seq. id.             	false

2024-08-08 22:27:36,946 - INFO - Preload mode                           	0

2024-08-08 22:27:36,946 - INFO - Pseudo count a                         	1

2024-08-08 22:27:36,947 - INFO - Pseudo count b                         	1.5

2024-08-08 22:27:36,947 - INFO - Score bias                             	0

2024-08-08 22:27:36,947 - INFO - Realign hits                           	false

2024-08-08 22:27:36,947 - INFO - Realign score bias                     	-0.2

2024-08-08 22:27:36,947 - INFO - Realign max seqs                       	2147483647

2024-08-08 22:27:36,947 - INFO - Gap open cost                          	nucl:5,aa:11

2024-08-08 22:27:36,947 - INFO - Gap extension cost                     	nucl:2,aa:1

2024-08-08 22:27:36,947 - INFO - Zdrop                                  	40

2024-08-08 22:27:36,947 - INFO - Threads                                	32

2024-08-08 22:27:36,947 - INFO - Compressed                             	0

2024-08-08 22:27:36,947 - INFO - Verbosity                              	3

2024-08-08 22:27:36,947 - INFO - Seed substitution matrix               	nucl:nucleotide.out,aa:VTML80.out

2024-08-08 22:27:36,947 - INFO - Sensitivity                            	8.5

2024-08-08 22:27:36,947 - INFO - k-mer length                           	0

2024-08-08 22:27:36,947 - INFO - k-score                                	2147483647

2024-08-08 22:27:36,947 - INFO - Alphabet size                          	nucl:5,aa:21

2024-08-08 22:27:36,947 - INFO - Max results per query                  	300

2024-08-08 22:27:36,947 - INFO - Split database                         	0

2024-08-08 22:27:36,947 - INFO - Split mode                             	2

2024-08-08 22:27:36,947 - INFO - Split memory limit                     	0

2024-08-08 22:27:36,947 - INFO - Diagonal scoring                       	true

2024-08-08 22:27:36,947 - INFO - Exact k-mer matching                   	0

2024-08-08 22:27:36,947 - INFO - Mask residues                          	1

2024-08-08 22:27:36,948 - INFO - Mask lower case residues               	0

2024-08-08 22:27:36,948 - INFO - Minimum diagonal score                 	15

2024-08-08 22:27:36,948 - INFO - Spaced k-mers                          	1

2024-08-08 22:27:36,948 - INFO - Spaced k-mer pattern                   	

2024-08-08 22:27:36,948 - INFO - Local temporary path                   	

2024-08-08 22:27:36,948 - INFO - Rescore mode                           	0

2024-08-08 22:27:36,948 - INFO - Remove hits by seq. id. and coverage   	false

2024-08-08 22:27:36,948 - INFO - Sort results                           	0

2024-08-08 22:27:36,948 - INFO - Mask profile                           	1

2024-08-08 22:27:36,948 - INFO - Profile E-value threshold              	0.1

2024-08-08 22:27:36,948 - INFO - Global sequence weighting              	false

2024-08-08 22:27:36,948 - INFO - Allow deletions                        	false

2024-08-08 22:27:36,948 - INFO - Filter MSA                             	1

2024-08-08 22:27:36,948 - INFO - Maximum seq. id. threshold             	0.9

2024-08-08 22:27:36,948 - INFO - Minimum seq. id.                       	0

2024-08-08 22:27:36,948 - INFO - Minimum score per column               	-20

2024-08-08 22:27:36,948 - INFO - Minimum coverage                       	0

2024-08-08 22:27:36,948 - INFO - Select N most diverse seqs             	1000

2024-08-08 22:27:36,948 - INFO - Min codons in orf                      	30

2024-08-08 22:27:36,948 - INFO - Max codons in length                   	32734

2024-08-08 22:27:36,948 - INFO - Max orf gaps                           	2147483647

2024-08-08 22:27:36,948 - INFO - Contig start mode                      	2

2024-08-08 22:27:36,948 - INFO - Contig end mode                        	2

2024-08-08 22:27:36,949 - INFO - Orf start mode                         	1

2024-08-08 22:27:36,949 - INFO - Forward frames                         	1,2,3

2024-08-08 22:27:36,949 - INFO - Reverse frames                         	1,2,3

2024-08-08 22:27:36,949 - INFO - Translation table                      	1

2024-08-08 22:27:36,949 - INFO - Translate orf                          	0

2024-08-08 22:27:36,949 - INFO - Use all table starts                   	false

2024-08-08 22:27:36,949 - INFO - Offset of numeric ids                  	0

2024-08-08 22:27:36,949 - INFO - Create lookup                          	0

2024-08-08 22:27:36,949 - INFO - Add orf stop                           	false

2024-08-08 22:27:36,949 - INFO - Overlap between sequences              	0

2024-08-08 22:27:36,949 - INFO - Sequence split mode                    	1

2024-08-08 22:27:36,949 - INFO - Header split mode                      	0

2024-08-08 22:27:36,949 - INFO - Chain overlapping alignments           	0

2024-08-08 22:27:36,949 - INFO - Merge query                            	1

2024-08-08 22:27:36,949 - INFO - Search type                            	0

2024-08-08 22:27:36,949 - INFO - Search iterations                      	1

2024-08-08 22:27:36,949 - INFO - Start sensitivity                      	4

2024-08-08 22:27:36,949 - INFO - Search steps                           	1

2024-08-08 22:27:36,949 - INFO - Exhaustive search mode                 	false

2024-08-08 22:27:36,949 - INFO - Filter results during exhaustive search	0

2024-08-08 22:27:36,949 - INFO - Strand selection                       	1

2024-08-08 22:27:36,949 - INFO - LCA search mode                        	false

2024-08-08 22:27:36,949 - INFO - Disk space limit                       	0

2024-08-08 22:27:36,950 - INFO - MPI runner                             	

2024-08-08 22:27:36,950 - INFO - Force restart with latest tmp          	false

2024-08-08 22:27:36,950 - INFO - Remove temporary files                 	false

2024-08-08 22:27:36,950 - INFO - 

2024-08-08 22:27:37,157 - INFO - prefilter /data/yangy34/database/pharokka/vfdb phage_pharokka/GCA_015343595.1_896|3-2007/vfdb_target_dir/target_seqs phage_pharokka/GCA_015343595.1_896|3-2007/vfdb_tmp_dir//17433519790877359368/pref_0 --sub-mat nucl:nucleotide.out,aa:blosum62.out --seed-sub-mat nucl:nucleotide.out,aa:VTML80.out -k 0 --k-score 2147483647 --alph-size nucl:5,aa:21 --max-seq-len 65535 --max-seqs 300 --split 0 --split-mode 2 --split-memory-limit 0 -c 0.4 --cov-mode 0 --comp-bias-corr 1 --diag-score 1 --exact-kmer-matching 0 --mask 1 --mask-lower-case 0 --min-ungapped-score 15 --add-self-matches 0 --spaced-kmer-mode 1 --db-load-mode 0 --pca 1 --pcb 1.5 --threads 32 --compressed 0 -v 3 -s 8.5 

2024-08-08 22:27:37,157 - INFO - 

2024-08-08 22:27:37,157 - INFO - Query database size: 27504 type: Aminoacid

2024-08-08 22:27:37,157 - INFO - Estimated memory consumption: 977M

2024-08-08 22:27:37,157 - INFO - Target database size: 3 type: Aminoacid

2024-08-08 22:27:37,157 - INFO - Index table k-mer threshold: 87 at k-mer size 6 

2024-08-08 22:27:37,157 - INFO - Index table: counting k-mers

2024-08-08 22:27:37,304 - INFO - [=================================================================] 3 0s 3ms

2024-08-08 22:27:37,305 - INFO - Index table: Masked residues: 0

2024-08-08 22:27:37,305 - INFO - Index table: fill

2024-08-08 22:27:39,101 - INFO - [=================================================================] 3 0s 1ms

2024-08-08 22:27:39,102 - INFO - Index statistics

2024-08-08 22:27:39,102 - INFO - Entries:          604

2024-08-08 22:27:39,102 - INFO - DB size:          488 MB

2024-08-08 22:27:39,102 - INFO - Avg k-mer size:   0.000009

2024-08-08 22:27:39,102 - INFO - Top 10 k-mers

2024-08-08 22:27:39,102 - INFO -     GIADAA	1

2024-08-08 22:27:39,102 - INFO -     NDDIAA	1

2024-08-08 22:27:39,102 - INFO -     DWALAA	1

2024-08-08 22:27:39,102 - INFO -     DNPWAA	1

2024-08-08 22:27:39,102 - INFO -     HIEGCA	1

2024-08-08 22:27:39,102 - INFO -     LNPADA	1

2024-08-08 22:27:39,102 - INFO -     YARNDA	1

2024-08-08 22:27:39,102 - INFO -     TQYHEA	1

2024-08-08 22:27:39,103 - INFO -     AIILEA	1

2024-08-08 22:27:39,103 - INFO -     GMEREA	1

2024-08-08 22:27:39,103 - INFO - Time for index table init: 0h 0m 0s 527ms

2024-08-08 22:27:39,103 - INFO - Process prefiltering step 1 of 1

2024-08-08 22:27:39,103 - INFO - 

2024-08-08 22:27:39,103 - INFO - k-mer similarity threshold: 87

2024-08-08 22:27:39,103 - INFO - Starting prefiltering scores calculation (step 1 of 1)

2024-08-08 22:27:39,103 - INFO - Query db start 1 to 27504

2024-08-08 22:27:39,103 - INFO - Target db start 1 to 3

2024-08-08 22:29:08,226 - INFO - [=================================================================] 27.50K 1m 29s 982ms

2024-08-08 22:29:08,226 - INFO - 

2024-08-08 22:29:08,226 - INFO - 3159.764157 k-mers per position

2024-08-08 22:29:08,226 - INFO - 15 DB matches per sequence

2024-08-08 22:29:08,226 - INFO - 0 overflows

2024-08-08 22:29:08,226 - INFO - 0 queries produce too many hits (truncated result)

2024-08-08 22:29:08,226 - INFO - 0 sequences passed prefiltering per query sequence

2024-08-08 22:29:08,226 - INFO - 0 median result list length

2024-08-08 22:29:08,226 - INFO - 20334 sequences with 0 size result lists

2024-08-08 22:29:08,226 - INFO - Time for merging to pref_0: 0h 0m 0s 24ms

2024-08-08 22:29:08,226 - INFO - Time for processing: 0h 1m 31s 271ms

2024-08-08 22:29:08,269 - INFO - align /data/yangy34/database/pharokka/vfdb phage_pharokka/GCA_015343595.1_896|3-2007/vfdb_target_dir/target_seqs phage_pharokka/GCA_015343595.1_896|3-2007/vfdb_tmp_dir//17433519790877359368/pref_0 phage_pharokka/GCA_015343595.1_896|3-2007/vfdb/results_vfdb --sub-mat nucl:nucleotide.out,aa:blosum62.out -a 0 --alignment-mode 2 --alignment-output-mode 0 --wrapped-scoring 0 -e 0.001 --min-seq-id 0.8 --min-aln-len 0 --seq-id-mode 0 --alt-ali 0 -c 0.4 --cov-mode 0 --max-seq-len 65535 --comp-bias-corr 1 --max-rejected 2147483647 --max-accept 2147483647 --add-self-matches 0 --db-load-mode 0 --pca 1 --pcb 1.5 --score-bias 0 --realign 0 --realign-score-bias -0.2 --realign-max-seqs 2147483647 --gap-open nucl:5,aa:11 --gap-extend nucl:2,aa:1 --zdrop 40 --threads 32 --compressed 0 -v 3 

2024-08-08 22:29:08,269 - INFO - 

2024-08-08 22:29:08,269 - INFO - Compute score and coverage

2024-08-08 22:29:08,269 - INFO - Query database size: 27504 type: Aminoacid

2024-08-08 22:29:08,269 - INFO - Target database size: 3 type: Aminoacid

2024-08-08 22:29:08,269 - INFO - Calculation of alignments

2024-08-08 22:29:08,335 - INFO - [=================================================================] 27.50K 0s 40ms

2024-08-08 22:29:08,335 - INFO - Time for merging to results_vfdb: 0h 0m 0s 19ms

2024-08-08 22:29:08,335 - INFO - 4591 alignments calculated

2024-08-08 22:29:08,335 - INFO - 0 sequence pairs passed the thresholds (0.000000 of overall calculated)

2024-08-08 22:29:08,335 - INFO - 0.000000 hits per query sequence

2024-08-08 22:29:08,335 - INFO - Time for processing: 0h 0m 0s 98ms

2024-08-08 22:29:08,489 - INFO - createtsv /data/yangy34/database/pharokka/vfdb phage_pharokka/GCA_015343595.1_896|3-2007/vfdb_target_dir/target_seqs phage_pharokka/GCA_015343595.1_896|3-2007/vfdb/results_vfdb phage_pharokka/GCA_015343595.1_896|3-2007/vfdb_results.tsv --full-header --threads 32 

2024-08-08 22:29:08,489 - INFO - 

2024-08-08 22:29:08,489 - INFO - MMseqs Version:                 	13.45111

2024-08-08 22:29:08,489 - INFO - First sequence as representative	false

2024-08-08 22:29:08,489 - INFO - Target column                   	1

2024-08-08 22:29:08,489 - INFO - Add full header                 	true

2024-08-08 22:29:08,489 - INFO - Sequence source                 	0

2024-08-08 22:29:08,490 - INFO - Database output                 	false

2024-08-08 22:29:08,490 - INFO - Threads                         	32

2024-08-08 22:29:08,490 - INFO - Compressed                      	0

2024-08-08 22:29:08,490 - INFO - Verbosity                       	3

2024-08-08 22:29:08,490 - INFO - 

2024-08-08 22:29:08,490 - INFO - Time for merging to vfdb_results.tsv: 0h 0m 0s 26ms

2024-08-08 22:29:08,490 - INFO - Time for processing: 0h 0m 0s 146ms

2024-08-08 22:29:08,508 - INFO - Post Processing Output.
2024-08-08 22:29:08,915 - INFO - Converting gff to genbank.
2024-08-08 22:29:08,932 - WARNING - /gpfs/gsfs12/users/yangy34/softwares/mambaforge/envs/pharokka-env/lib/python3.10/site-packages/Bio/SeqIO/InsdcIO.py:728: BiopythonWarning: Increasing length of locus line to allow long name. This will result in fields that are not in usual positions.
  warnings.warn(

2024-08-08 22:29:08,949 - INFO - Finding the closest match for each contig in INPHARED using mash.
2024-08-08 22:29:09,007 - INFO - Sketching GCA_015343595.1_53_phages/GCA_015343595.1_896_3_2007_prophage.fasta...

2024-08-08 22:29:09,018 - INFO - Writing to phage_pharokka/GCA_015343595.1_896|3-2007/input_mash_sketch.msh...

2024-08-08 22:29:10,786 - INFO - pharokka has finished
2024-08-08 22:29:10,787 - INFO - Elapsed time: 196.77 seconds
2024-08-08 22:29:10,787 - INFO - If you use pharokka in your research, please cite:
2024-08-08 22:29:10,787 - INFO - George Bouras, Roshan Nepal, Ghais Houtak, Alkis James Psaltis, Peter-John Wormald, Sarah Vreugde.
2024-08-08 22:29:10,787 - INFO - Pharokka: a fast scalable bacteriophage annotation tool.
2024-08-08 22:29:10,787 - INFO - Bioinformatics, Volume 39, Issue 1, January 2023, btac776.
2024-08-08 22:29:10,787 - INFO - https://doi.org/10.1093/bioinformatics/btac776.
2024-08-08 22:29:10,787 - INFO - You should also cite the full list of tools pharokka uses, which can be found at https://github.com/gbouras13/pharokka#citation.
