2024-08-08 22:30:20,505 - INFO - Starting pharokka v1.3.2
2024-08-08 22:30:20,505 - INFO - Input args: Namespace(infile='GCA_015343595.1_53_phages/GCA_015343595.1_966_2_1203_prophage.fasta', outdir='phage_pharokka/GCA_015343595.1_966|2-1203', database='/data/yangy34/database/pharokka', threads='32', force=False, prefix='Default', locustag='Default', gene_predictor='phanotate', meta=False, split=False, coding_table='11', evalue='1E-05', terminase=False, terminase_strand='nothing', terminase_start='nothing', citation=False)
2024-08-08 22:30:20,505 - INFO - Checking database installation.
2024-08-08 22:30:20,522 - INFO - All databases have been successfully checked.
2024-08-08 22:30:20,522 - INFO - Checking dependencies.
2024-08-08 22:30:21,884 - INFO - phan_out version found is v1.5.1.
2024-08-08 22:30:21,884 - INFO - Phanotate version is ok.
2024-08-08 22:30:22,006 - INFO - MMseqs2 version found is v13.45111.
2024-08-08 22:30:22,007 - INFO - MMseqs2 version is ok.
2024-08-08 22:30:22,897 - INFO - tRNAscan-SE version found is v2.45111.11.
2024-08-08 22:30:22,897 - INFO - tRNAscan-SE version is ok.
2024-08-08 22:30:23,394 - INFO - MinCED version found is v0.4.2.
2024-08-08 22:30:23,394 - INFO - MinCED version is ok.
2024-08-08 22:30:23,423 - INFO - ARAGORN version found is v1.2.41.
2024-08-08 22:30:23,423 - INFO - ARAGORN version is ok.
2024-08-08 22:30:23,508 - INFO - mash version found is v2.2.
2024-08-08 22:30:23,508 - INFO - mash version is ok.
2024-08-08 22:30:23,741 - INFO - Running Phanotate.
2024-08-08 22:30:25,952 - INFO - Translating gene predicted fastas.
2024-08-08 22:30:25,965 - INFO - Starting tRNA-scanSE
2024-08-08 22:30:26,104 - INFO - 

2024-08-08 22:30:26,105 - INFO - tRNAscan-SE v.2.0.11 (Oct 2022) - scan sequences for transfer RNAs

2024-08-08 22:30:26,105 - INFO - Copyright (C) 2022 Patricia Chan and Todd Lowe

2024-08-08 22:30:26,105 - INFO -                    University of California Santa Cruz

2024-08-08 22:30:26,105 - INFO - Freely distributed under the GNU General Public License (GPLv3)

2024-08-08 22:30:26,105 - INFO - 

2024-08-08 22:30:26,105 - INFO - ------------------------------------------------------------

2024-08-08 22:30:26,105 - INFO - Sequence file(s) to search:        GCA_015343595.1_53_phages/GCA_015343595.1_966_2_1203_prophage.fasta

2024-08-08 22:30:26,105 - INFO - Search Mode:                       General

2024-08-08 22:30:26,105 - INFO - Results written to:                Standard output

2024-08-08 22:30:26,105 - INFO - Output format:                     Tabular

2024-08-08 22:30:26,105 - INFO - Searching with:                    Infernal single-pass scan

2024-08-08 22:30:26,105 - INFO -                                    Fast mode

2024-08-08 22:30:26,105 - INFO - Covariance model:                  /gpfs/gsfs12/users/yangy34/softwares/mambaforge/envs/pharokka-env/lib/tRNAscan-SE/models/TRNAinf.cm

2024-08-08 22:30:26,105 - INFO - 

2024-08-08 22:30:26,105 - INFO - Temporary directory:               /tmp

2024-08-08 22:30:26,105 - INFO - tRNA predictions saved to:         phage_pharokka/GCA_015343595.1_966|2-1203/trnascan_out.gff

2024-08-08 22:30:26,105 - INFO - ------------------------------------------------------------

2024-08-08 22:30:26,105 - INFO - 

2024-08-08 22:30:26,238 - INFO - No tRNAs found.

2024-08-08 22:30:26,239 - INFO - 

2024-08-08 22:30:26,256 - INFO - Running MinCED.
2024-08-08 22:30:26,394 - INFO - Running Aragorn.
2024-08-08 22:30:26,398 - INFO - Starting MMseqs2.
2024-08-08 22:30:26,398 - INFO - Running MMseqs2 on PHROGs Database.
2024-08-08 22:30:26,485 - INFO - createdb phage_pharokka/GCA_015343595.1_966|2-1203/phanotate_aas_tmp.fasta phage_pharokka/GCA_015343595.1_966|2-1203/target_dir/target_seqs 

2024-08-08 22:30:26,485 - INFO - 

2024-08-08 22:30:26,485 - INFO - MMseqs Version:       	13.45111

2024-08-08 22:30:26,485 - INFO - Database type         	0

2024-08-08 22:30:26,485 - INFO - Shuffle input database	true

2024-08-08 22:30:26,485 - INFO - Createdb mode         	0

2024-08-08 22:30:26,486 - INFO - Write lookup file     	1

2024-08-08 22:30:26,486 - INFO - Offset of numeric ids 	0

2024-08-08 22:30:26,486 - INFO - Compressed            	0

2024-08-08 22:30:26,486 - INFO - Verbosity             	3

2024-08-08 22:30:26,486 - INFO - 

2024-08-08 22:30:26,486 - INFO - Converting sequences

2024-08-08 22:30:26,486 - INFO - [

2024-08-08 22:30:26,486 - INFO - Time for merging to target_seqs_h: 0h 0m 0s 19ms

2024-08-08 22:30:26,486 - INFO - Time for merging to target_seqs: 0h 0m 0s 18ms

2024-08-08 22:30:26,486 - INFO - Database type: Aminoacid

2024-08-08 22:30:26,486 - INFO - Time for processing: 0h 0m 0s 76ms

2024-08-08 22:30:26,496 - INFO - Create directory phage_pharokka/GCA_015343595.1_966|2-1203/tmp_dir/

2024-08-08 22:30:26,496 - INFO - search -e 1E-05 /data/yangy34/database/pharokka/phrogs_profile_db phage_pharokka/GCA_015343595.1_966|2-1203/target_dir/target_seqs phage_pharokka/GCA_015343595.1_966|2-1203/mmseqs/results_mmseqs phage_pharokka/GCA_015343595.1_966|2-1203/tmp_dir/ -s 8.5 --threads 32 

2024-08-08 22:30:26,496 - INFO - 

2024-08-08 22:30:26,496 - INFO - MMseqs Version:                        	13.45111

2024-08-08 22:30:26,496 - INFO - Substitution matrix                    	nucl:nucleotide.out,aa:blosum62.out

2024-08-08 22:30:26,496 - INFO - Add backtrace                          	false

2024-08-08 22:30:26,496 - INFO - Alignment mode                         	2

2024-08-08 22:30:26,496 - INFO - Alignment mode                         	0

2024-08-08 22:30:26,496 - INFO - Allow wrapped scoring                  	false

2024-08-08 22:30:26,497 - INFO - E-value threshold                      	1e-05

2024-08-08 22:30:26,497 - INFO - Seq. id. threshold                     	0

2024-08-08 22:30:26,497 - INFO - Min alignment length                   	0

2024-08-08 22:30:26,497 - INFO - Seq. id. mode                          	0

2024-08-08 22:30:26,497 - INFO - Alternative alignments                 	0

2024-08-08 22:30:26,497 - INFO - Coverage threshold                     	0

2024-08-08 22:30:26,497 - INFO - Coverage mode                          	0

2024-08-08 22:30:26,497 - INFO - Max sequence length                    	65535

2024-08-08 22:30:26,497 - INFO - Compositional bias                     	1

2024-08-08 22:30:26,497 - INFO - Max reject                             	2147483647

2024-08-08 22:30:26,497 - INFO - Max accept                             	2147483647

2024-08-08 22:30:26,497 - INFO - Include identical seq. id.             	false

2024-08-08 22:30:26,497 - INFO - Preload mode                           	0

2024-08-08 22:30:26,497 - INFO - Pseudo count a                         	1

2024-08-08 22:30:26,497 - INFO - Pseudo count b                         	1.5

2024-08-08 22:30:26,497 - INFO - Score bias                             	0

2024-08-08 22:30:26,497 - INFO - Realign hits                           	false

2024-08-08 22:30:26,497 - INFO - Realign score bias                     	-0.2

2024-08-08 22:30:26,497 - INFO - Realign max seqs                       	2147483647

2024-08-08 22:30:26,497 - INFO - Gap open cost                          	nucl:5,aa:11

2024-08-08 22:30:26,497 - INFO - Gap extension cost                     	nucl:2,aa:1

2024-08-08 22:30:26,497 - INFO - Zdrop                                  	40

2024-08-08 22:30:26,497 - INFO - Threads                                	32

2024-08-08 22:30:26,497 - INFO - Compressed                             	0

2024-08-08 22:30:26,497 - INFO - Verbosity                              	3

2024-08-08 22:30:26,497 - INFO - Seed substitution matrix               	nucl:nucleotide.out,aa:VTML80.out

2024-08-08 22:30:26,497 - INFO - Sensitivity                            	8.5

2024-08-08 22:30:26,497 - INFO - k-mer length                           	0

2024-08-08 22:30:26,497 - INFO - k-score                                	2147483647

2024-08-08 22:30:26,497 - INFO - Alphabet size                          	nucl:5,aa:21

2024-08-08 22:30:26,497 - INFO - Max results per query                  	300

2024-08-08 22:30:26,497 - INFO - Split database                         	0

2024-08-08 22:30:26,498 - INFO - Split mode                             	2

2024-08-08 22:30:26,498 - INFO - Split memory limit                     	0

2024-08-08 22:30:26,498 - INFO - Diagonal scoring                       	true

2024-08-08 22:30:26,498 - INFO - Exact k-mer matching                   	0

2024-08-08 22:30:26,498 - INFO - Mask residues                          	1

2024-08-08 22:30:26,498 - INFO - Mask lower case residues               	0

2024-08-08 22:30:26,498 - INFO - Minimum diagonal score                 	15

2024-08-08 22:30:26,498 - INFO - Spaced k-mers                          	1

2024-08-08 22:30:26,498 - INFO - Spaced k-mer pattern                   	

2024-08-08 22:30:26,498 - INFO - Local temporary path                   	

2024-08-08 22:30:26,498 - INFO - Rescore mode                           	0

2024-08-08 22:30:26,498 - INFO - Remove hits by seq. id. and coverage   	false

2024-08-08 22:30:26,498 - INFO - Sort results                           	0

2024-08-08 22:30:26,498 - INFO - Mask profile                           	1

2024-08-08 22:30:26,498 - INFO - Profile E-value threshold              	0.1

2024-08-08 22:30:26,498 - INFO - Global sequence weighting              	false

2024-08-08 22:30:26,498 - INFO - Allow deletions                        	false

2024-08-08 22:30:26,498 - INFO - Filter MSA                             	1

2024-08-08 22:30:26,498 - INFO - Maximum seq. id. threshold             	0.9

2024-08-08 22:30:26,498 - INFO - Minimum seq. id.                       	0

2024-08-08 22:30:26,498 - INFO - Minimum score per column               	-20

2024-08-08 22:30:26,498 - INFO - Minimum coverage                       	0

2024-08-08 22:30:26,498 - INFO - Select N most diverse seqs             	1000

2024-08-08 22:30:26,498 - INFO - Min codons in orf                      	30

2024-08-08 22:30:26,498 - INFO - Max codons in length                   	32734

2024-08-08 22:30:26,498 - INFO - Max orf gaps                           	2147483647

2024-08-08 22:30:26,498 - INFO - Contig start mode                      	2

2024-08-08 22:30:26,498 - INFO - Contig end mode                        	2

2024-08-08 22:30:26,498 - INFO - Orf start mode                         	1

2024-08-08 22:30:26,498 - INFO - Forward frames                         	1,2,3

2024-08-08 22:30:26,498 - INFO - Reverse frames                         	1,2,3

2024-08-08 22:30:26,498 - INFO - Translation table                      	1

2024-08-08 22:30:26,498 - INFO - Translate orf                          	0

2024-08-08 22:30:26,499 - INFO - Use all table starts                   	false

2024-08-08 22:30:26,499 - INFO - Offset of numeric ids                  	0

2024-08-08 22:30:26,499 - INFO - Create lookup                          	0

2024-08-08 22:30:26,499 - INFO - Add orf stop                           	false

2024-08-08 22:30:26,499 - INFO - Overlap between sequences              	0

2024-08-08 22:30:26,499 - INFO - Sequence split mode                    	1

2024-08-08 22:30:26,499 - INFO - Header split mode                      	0

2024-08-08 22:30:26,499 - INFO - Chain overlapping alignments           	0

2024-08-08 22:30:26,499 - INFO - Merge query                            	1

2024-08-08 22:30:26,499 - INFO - Search type                            	0

2024-08-08 22:30:26,499 - INFO - Search iterations                      	1

2024-08-08 22:30:26,499 - INFO - Start sensitivity                      	4

2024-08-08 22:30:26,499 - INFO - Search steps                           	1

2024-08-08 22:30:26,499 - INFO - Exhaustive search mode                 	false

2024-08-08 22:30:26,499 - INFO - Filter results during exhaustive search	0

2024-08-08 22:30:26,499 - INFO - Strand selection                       	1

2024-08-08 22:30:26,499 - INFO - LCA search mode                        	false

2024-08-08 22:30:26,499 - INFO - Disk space limit                       	0

2024-08-08 22:30:26,499 - INFO - MPI runner                             	

2024-08-08 22:30:26,499 - INFO - Force restart with latest tmp          	false

2024-08-08 22:30:26,499 - INFO - Remove temporary files                 	false

2024-08-08 22:30:26,499 - INFO - 

2024-08-08 22:30:26,643 - INFO - prefilter /data/yangy34/database/pharokka/phrogs_profile_db phage_pharokka/GCA_015343595.1_966|2-1203/target_dir/target_seqs phage_pharokka/GCA_015343595.1_966|2-1203/tmp_dir//17989888358094515119/pref_0 --sub-mat nucl:nucleotide.out,aa:blosum62.out --seed-sub-mat nucl:nucleotide.out,aa:VTML80.out -k 0 --k-score 2147483647 --alph-size nucl:5,aa:21 --max-seq-len 65535 --max-seqs 300 --split 0 --split-mode 2 --split-memory-limit 0 -c 0 --cov-mode 0 --comp-bias-corr 1 --diag-score 1 --exact-kmer-matching 0 --mask 1 --mask-lower-case 0 --min-ungapped-score 15 --add-self-matches 0 --spaced-kmer-mode 1 --db-load-mode 0 --pca 1 --pcb 1.5 --threads 32 --compressed 0 -v 3 -s 8.5 

2024-08-08 22:30:26,643 - INFO - 

2024-08-08 22:30:26,643 - INFO - Query database size: 38880 type: Profile

2024-08-08 22:30:26,643 - INFO - Estimated memory consumption: 488M

2024-08-08 22:30:26,643 - INFO - Target database size: 4 type: Aminoacid

2024-08-08 22:30:26,643 - INFO - Index table k-mer threshold: 0 at k-mer size 6 

2024-08-08 22:30:26,643 - INFO - Index table: counting k-mers

2024-08-08 22:30:26,778 - INFO - [=================================================================] 4 0s 2ms

2024-08-08 22:30:26,778 - INFO - Index table: Masked residues: 7

2024-08-08 22:30:26,779 - INFO - Index table: fill

2024-08-08 22:30:28,001 - INFO - [=================================================================] 4 0s 0ms

2024-08-08 22:30:28,001 - INFO - Index statistics

2024-08-08 22:30:28,001 - INFO - Entries:          320

2024-08-08 22:30:28,001 - INFO - DB size:          488 MB

2024-08-08 22:30:28,001 - INFO - Avg k-mer size:   0.000005

2024-08-08 22:30:28,001 - INFO - Top 10 k-mers

2024-08-08 22:30:28,001 - INFO -     RLIGAA	1

2024-08-08 22:30:28,001 - INFO -     NEMQAA	1

2024-08-08 22:30:28,002 - INFO -     SILFCA	1

2024-08-08 22:30:28,002 - INFO -     MRSVCA	1

2024-08-08 22:30:28,002 - INFO -     IHVAEA	1

2024-08-08 22:30:28,002 - INFO -     TCNSEA	1

2024-08-08 22:30:28,002 - INFO -     LSPPFA	1

2024-08-08 22:30:28,002 - INFO -     NGYSFA	1

2024-08-08 22:30:28,002 - INFO -     CETRHA	1

2024-08-08 22:30:28,002 - INFO -     LCVSIA	1

2024-08-08 22:30:28,002 - INFO - Time for index table init: 0h 0m 0s 434ms

2024-08-08 22:30:28,002 - INFO - Process prefiltering step 1 of 1

2024-08-08 22:30:28,002 - INFO - 

2024-08-08 22:30:28,002 - INFO - k-mer similarity threshold: 81

2024-08-08 22:30:28,002 - INFO - Starting prefiltering scores calculation (step 1 of 1)

2024-08-08 22:30:28,002 - INFO - Query db start 1 to 38880

2024-08-08 22:30:28,002 - INFO - Target db start 1 to 4

2024-08-08 22:31:28,577 - INFO - [=================================================================] 38.88K 1m 1s 368ms

2024-08-08 22:31:28,577 - INFO - 

2024-08-08 22:31:28,577 - INFO - 5386.328443 k-mers per position

2024-08-08 22:31:28,577 - INFO - 3 DB matches per sequence

2024-08-08 22:31:28,577 - INFO - 0 overflows

2024-08-08 22:31:28,578 - INFO - 0 queries produce too many hits (truncated result)

2024-08-08 22:31:28,578 - INFO - 0 sequences passed prefiltering per query sequence

2024-08-08 22:31:28,578 - INFO - 0 median result list length

2024-08-08 22:31:28,578 - INFO - 35329 sequences with 0 size result lists

2024-08-08 22:31:28,578 - INFO - Time for merging to pref_0: 0h 0m 0s 26ms

2024-08-08 22:31:28,578 - INFO - Time for processing: 0h 1m 2s 70ms

2024-08-08 22:31:28,836 - INFO - align /data/yangy34/database/pharokka/phrogs_profile_db phage_pharokka/GCA_015343595.1_966|2-1203/target_dir/target_seqs phage_pharokka/GCA_015343595.1_966|2-1203/tmp_dir//17989888358094515119/pref_0 phage_pharokka/GCA_015343595.1_966|2-1203/mmseqs/results_mmseqs --sub-mat nucl:nucleotide.out,aa:blosum62.out -a 0 --alignment-mode 2 --alignment-output-mode 0 --wrapped-scoring 0 -e 1e-05 --min-seq-id 0 --min-aln-len 0 --seq-id-mode 0 --alt-ali 0 -c 0 --cov-mode 0 --max-seq-len 65535 --comp-bias-corr 1 --max-rejected 2147483647 --max-accept 2147483647 --add-self-matches 0 --db-load-mode 0 --pca 1 --pcb 1.5 --score-bias 0 --realign 0 --realign-score-bias -0.2 --realign-max-seqs 2147483647 --gap-open nucl:5,aa:11 --gap-extend nucl:2,aa:1 --zdrop 40 --threads 32 --compressed 0 -v 3 

2024-08-08 22:31:28,836 - INFO - 

2024-08-08 22:31:28,836 - INFO - Compute score and coverage

2024-08-08 22:31:28,836 - INFO - Query database size: 38880 type: Profile

2024-08-08 22:31:28,836 - INFO - Target database size: 4 type: Aminoacid

2024-08-08 22:31:28,836 - INFO - Calculation of alignments

2024-08-08 22:31:29,062 - INFO - [=================================================================] 38.88K 0s 177ms

2024-08-08 22:31:29,062 - INFO - Time for merging to results_mmseqs: 0h 0m 0s 22ms

2024-08-08 22:31:29,062 - INFO - 3757 alignments calculated

2024-08-08 22:31:29,062 - INFO - 1 sequence pairs passed the thresholds (0.000266 of overall calculated)

2024-08-08 22:31:29,062 - INFO - 0.000026 hits per query sequence

2024-08-08 22:31:29,062 - INFO - Time for processing: 0h 0m 0s 476ms

2024-08-08 22:31:29,304 - INFO - createtsv /data/yangy34/database/pharokka/phrogs_profile_db phage_pharokka/GCA_015343595.1_966|2-1203/target_dir/target_seqs phage_pharokka/GCA_015343595.1_966|2-1203/mmseqs/results_mmseqs phage_pharokka/GCA_015343595.1_966|2-1203/mmseqs_results.tsv --full-header --threads 32 

2024-08-08 22:31:29,304 - INFO - 

2024-08-08 22:31:29,304 - INFO - MMseqs Version:                 	13.45111

2024-08-08 22:31:29,304 - INFO - First sequence as representative	false

2024-08-08 22:31:29,304 - INFO - Target column                   	1

2024-08-08 22:31:29,304 - INFO - Add full header                 	true

2024-08-08 22:31:29,304 - INFO - Sequence source                 	0

2024-08-08 22:31:29,304 - INFO - Database output                 	false

2024-08-08 22:31:29,305 - INFO - Threads                         	32

2024-08-08 22:31:29,305 - INFO - Compressed                      	0

2024-08-08 22:31:29,305 - INFO - Verbosity                       	3

2024-08-08 22:31:29,305 - INFO - 

2024-08-08 22:31:29,305 - INFO - Time for merging to mmseqs_results.tsv: 0h 0m 0s 30ms

2024-08-08 22:31:29,305 - INFO - Time for processing: 0h 0m 0s 228ms

2024-08-08 22:31:29,333 - INFO - Running mmseqs2 on CARD.
2024-08-08 22:31:29,390 - INFO - createdb phage_pharokka/GCA_015343595.1_966|2-1203/phanotate_aas_tmp.fasta phage_pharokka/GCA_015343595.1_966|2-1203/CARD_target_dir/target_seqs 

2024-08-08 22:31:29,390 - INFO - 

2024-08-08 22:31:29,390 - INFO - MMseqs Version:       	13.45111

2024-08-08 22:31:29,390 - INFO - Database type         	0

2024-08-08 22:31:29,390 - INFO - Shuffle input database	true

2024-08-08 22:31:29,390 - INFO - Createdb mode         	0

2024-08-08 22:31:29,390 - INFO - Write lookup file     	1

2024-08-08 22:31:29,390 - INFO - Offset of numeric ids 	0

2024-08-08 22:31:29,390 - INFO - Compressed            	0

2024-08-08 22:31:29,390 - INFO - Verbosity             	3

2024-08-08 22:31:29,390 - INFO - 

2024-08-08 22:31:29,390 - INFO - Converting sequences

2024-08-08 22:31:29,390 - INFO - [

2024-08-08 22:31:29,390 - INFO - Time for merging to target_seqs_h: 0h 0m 0s 8ms

2024-08-08 22:31:29,390 - INFO - Time for merging to target_seqs: 0h 0m 0s 17ms

2024-08-08 22:31:29,390 - INFO - Database type: Aminoacid

2024-08-08 22:31:29,390 - INFO - Time for processing: 0h 0m 0s 51ms

2024-08-08 22:31:29,399 - INFO - Create directory phage_pharokka/GCA_015343595.1_966|2-1203/CARD_tmp_dir/

2024-08-08 22:31:29,399 - INFO - search --min-seq-id 0.8 -c 0.4 /data/yangy34/database/pharokka/CARD phage_pharokka/GCA_015343595.1_966|2-1203/CARD_target_dir/target_seqs phage_pharokka/GCA_015343595.1_966|2-1203/CARD/results_CARD phage_pharokka/GCA_015343595.1_966|2-1203/CARD_tmp_dir/ -s 8.5 --threads 32 

2024-08-08 22:31:29,399 - INFO - 

2024-08-08 22:31:29,399 - INFO - MMseqs Version:                        	13.45111

2024-08-08 22:31:29,399 - INFO - Substitution matrix                    	nucl:nucleotide.out,aa:blosum62.out

2024-08-08 22:31:29,399 - INFO - Add backtrace                          	false

2024-08-08 22:31:29,399 - INFO - Alignment mode                         	2

2024-08-08 22:31:29,399 - INFO - Alignment mode                         	0

2024-08-08 22:31:29,399 - INFO - Allow wrapped scoring                  	false

2024-08-08 22:31:29,399 - INFO - E-value threshold                      	0.001

2024-08-08 22:31:29,399 - INFO - Seq. id. threshold                     	0.8

2024-08-08 22:31:29,399 - INFO - Min alignment length                   	0

2024-08-08 22:31:29,399 - INFO - Seq. id. mode                          	0

2024-08-08 22:31:29,399 - INFO - Alternative alignments                 	0

2024-08-08 22:31:29,399 - INFO - Coverage threshold                     	0.4

2024-08-08 22:31:29,399 - INFO - Coverage mode                          	0

2024-08-08 22:31:29,399 - INFO - Max sequence length                    	65535

2024-08-08 22:31:29,399 - INFO - Compositional bias                     	1

2024-08-08 22:31:29,400 - INFO - Max reject                             	2147483647

2024-08-08 22:31:29,400 - INFO - Max accept                             	2147483647

2024-08-08 22:31:29,400 - INFO - Include identical seq. id.             	false

2024-08-08 22:31:29,400 - INFO - Preload mode                           	0

2024-08-08 22:31:29,400 - INFO - Pseudo count a                         	1

2024-08-08 22:31:29,400 - INFO - Pseudo count b                         	1.5

2024-08-08 22:31:29,400 - INFO - Score bias                             	0

2024-08-08 22:31:29,400 - INFO - Realign hits                           	false

2024-08-08 22:31:29,400 - INFO - Realign score bias                     	-0.2

2024-08-08 22:31:29,400 - INFO - Realign max seqs                       	2147483647

2024-08-08 22:31:29,400 - INFO - Gap open cost                          	nucl:5,aa:11

2024-08-08 22:31:29,400 - INFO - Gap extension cost                     	nucl:2,aa:1

2024-08-08 22:31:29,400 - INFO - Zdrop                                  	40

2024-08-08 22:31:29,400 - INFO - Threads                                	32

2024-08-08 22:31:29,400 - INFO - Compressed                             	0

2024-08-08 22:31:29,400 - INFO - Verbosity                              	3

2024-08-08 22:31:29,400 - INFO - Seed substitution matrix               	nucl:nucleotide.out,aa:VTML80.out

2024-08-08 22:31:29,400 - INFO - Sensitivity                            	8.5

2024-08-08 22:31:29,400 - INFO - k-mer length                           	0

2024-08-08 22:31:29,400 - INFO - k-score                                	2147483647

2024-08-08 22:31:29,400 - INFO - Alphabet size                          	nucl:5,aa:21

2024-08-08 22:31:29,400 - INFO - Max results per query                  	300

2024-08-08 22:31:29,400 - INFO - Split database                         	0

2024-08-08 22:31:29,400 - INFO - Split mode                             	2

2024-08-08 22:31:29,400 - INFO - Split memory limit                     	0

2024-08-08 22:31:29,400 - INFO - Diagonal scoring                       	true

2024-08-08 22:31:29,400 - INFO - Exact k-mer matching                   	0

2024-08-08 22:31:29,400 - INFO - Mask residues                          	1

2024-08-08 22:31:29,400 - INFO - Mask lower case residues               	0

2024-08-08 22:31:29,400 - INFO - Minimum diagonal score                 	15

2024-08-08 22:31:29,400 - INFO - Spaced k-mers                          	1

2024-08-08 22:31:29,400 - INFO - Spaced k-mer pattern                   	

2024-08-08 22:31:29,400 - INFO - Local temporary path                   	

2024-08-08 22:31:29,401 - INFO - Rescore mode                           	0

2024-08-08 22:31:29,401 - INFO - Remove hits by seq. id. and coverage   	false

2024-08-08 22:31:29,401 - INFO - Sort results                           	0

2024-08-08 22:31:29,401 - INFO - Mask profile                           	1

2024-08-08 22:31:29,401 - INFO - Profile E-value threshold              	0.1

2024-08-08 22:31:29,401 - INFO - Global sequence weighting              	false

2024-08-08 22:31:29,401 - INFO - Allow deletions                        	false

2024-08-08 22:31:29,401 - INFO - Filter MSA                             	1

2024-08-08 22:31:29,401 - INFO - Maximum seq. id. threshold             	0.9

2024-08-08 22:31:29,401 - INFO - Minimum seq. id.                       	0

2024-08-08 22:31:29,401 - INFO - Minimum score per column               	-20

2024-08-08 22:31:29,401 - INFO - Minimum coverage                       	0

2024-08-08 22:31:29,401 - INFO - Select N most diverse seqs             	1000

2024-08-08 22:31:29,401 - INFO - Min codons in orf                      	30

2024-08-08 22:31:29,401 - INFO - Max codons in length                   	32734

2024-08-08 22:31:29,401 - INFO - Max orf gaps                           	2147483647

2024-08-08 22:31:29,401 - INFO - Contig start mode                      	2

2024-08-08 22:31:29,401 - INFO - Contig end mode                        	2

2024-08-08 22:31:29,401 - INFO - Orf start mode                         	1

2024-08-08 22:31:29,401 - INFO - Forward frames                         	1,2,3

2024-08-08 22:31:29,401 - INFO - Reverse frames                         	1,2,3

2024-08-08 22:31:29,401 - INFO - Translation table                      	1

2024-08-08 22:31:29,401 - INFO - Translate orf                          	0

2024-08-08 22:31:29,401 - INFO - Use all table starts                   	false

2024-08-08 22:31:29,401 - INFO - Offset of numeric ids                  	0

2024-08-08 22:31:29,401 - INFO - Create lookup                          	0

2024-08-08 22:31:29,401 - INFO - Add orf stop                           	false

2024-08-08 22:31:29,401 - INFO - Overlap between sequences              	0

2024-08-08 22:31:29,401 - INFO - Sequence split mode                    	1

2024-08-08 22:31:29,401 - INFO - Header split mode                      	0

2024-08-08 22:31:29,401 - INFO - Chain overlapping alignments           	0

2024-08-08 22:31:29,401 - INFO - Merge query                            	1

2024-08-08 22:31:29,401 - INFO - Search type                            	0

2024-08-08 22:31:29,402 - INFO - Search iterations                      	1

2024-08-08 22:31:29,402 - INFO - Start sensitivity                      	4

2024-08-08 22:31:29,402 - INFO - Search steps                           	1

2024-08-08 22:31:29,402 - INFO - Exhaustive search mode                 	false

2024-08-08 22:31:29,402 - INFO - Filter results during exhaustive search	0

2024-08-08 22:31:29,402 - INFO - Strand selection                       	1

2024-08-08 22:31:29,402 - INFO - LCA search mode                        	false

2024-08-08 22:31:29,402 - INFO - Disk space limit                       	0

2024-08-08 22:31:29,402 - INFO - MPI runner                             	

2024-08-08 22:31:29,402 - INFO - Force restart with latest tmp          	false

2024-08-08 22:31:29,402 - INFO - Remove temporary files                 	false

2024-08-08 22:31:29,402 - INFO - 

2024-08-08 22:31:29,565 - INFO - prefilter /data/yangy34/database/pharokka/CARD phage_pharokka/GCA_015343595.1_966|2-1203/CARD_target_dir/target_seqs phage_pharokka/GCA_015343595.1_966|2-1203/CARD_tmp_dir//17763776186703866269/pref_0 --sub-mat nucl:nucleotide.out,aa:blosum62.out --seed-sub-mat nucl:nucleotide.out,aa:VTML80.out -k 0 --k-score 2147483647 --alph-size nucl:5,aa:21 --max-seq-len 65535 --max-seqs 300 --split 0 --split-mode 2 --split-memory-limit 0 -c 0.4 --cov-mode 0 --comp-bias-corr 1 --diag-score 1 --exact-kmer-matching 0 --mask 1 --mask-lower-case 0 --min-ungapped-score 15 --add-self-matches 0 --spaced-kmer-mode 1 --db-load-mode 0 --pca 1 --pcb 1.5 --threads 32 --compressed 0 -v 3 -s 8.5 

2024-08-08 22:31:29,565 - INFO - 

2024-08-08 22:31:29,565 - INFO - Query database size: 4641 type: Aminoacid

2024-08-08 22:31:29,565 - INFO - Estimated memory consumption: 977M

2024-08-08 22:31:29,565 - INFO - Target database size: 4 type: Aminoacid

2024-08-08 22:31:29,565 - INFO - Index table k-mer threshold: 87 at k-mer size 6 

2024-08-08 22:31:29,565 - INFO - Index table: counting k-mers

2024-08-08 22:31:29,712 - INFO - [=================================================================] 4 0s 22ms

2024-08-08 22:31:29,712 - INFO - Index table: Masked residues: 0

2024-08-08 22:31:29,712 - INFO - Index table: fill

2024-08-08 22:31:30,232 - INFO - [=================================================================] 4 0s 14ms

2024-08-08 22:31:30,232 - INFO - Index statistics

2024-08-08 22:31:30,232 - INFO - Entries:          336

2024-08-08 22:31:30,232 - INFO - DB size:          488 MB

2024-08-08 22:31:30,232 - INFO - Avg k-mer size:   0.000005

2024-08-08 22:31:30,232 - INFO - Top 10 k-mers

2024-08-08 22:31:30,232 - INFO -     RLIGAA	1

2024-08-08 22:31:30,232 - INFO -     NEMQAA	1

2024-08-08 22:31:30,232 - INFO -     SILFCA	1

2024-08-08 22:31:30,232 - INFO -     MRSVCA	1

2024-08-08 22:31:30,232 - INFO -     IHVAEA	1

2024-08-08 22:31:30,232 - INFO -     TCNSEA	1

2024-08-08 22:31:30,232 - INFO -     ISPLFA	1

2024-08-08 22:31:30,232 - INFO -     LSPPFA	1

2024-08-08 22:31:30,232 - INFO -     NGYSFA	1

2024-08-08 22:31:30,232 - INFO -     CETRHA	1

2024-08-08 22:31:30,232 - INFO - Time for index table init: 0h 0m 0s 484ms

2024-08-08 22:31:30,232 - INFO - Process prefiltering step 1 of 1

2024-08-08 22:31:30,233 - INFO - 

2024-08-08 22:31:30,233 - INFO - k-mer similarity threshold: 87

2024-08-08 22:31:30,233 - INFO - Starting prefiltering scores calculation (step 1 of 1)

2024-08-08 22:31:30,233 - INFO - Query db start 1 to 4641

2024-08-08 22:31:30,233 - INFO - Target db start 1 to 4

2024-08-08 22:31:38,655 - INFO - [=================================================================] 4.64K 8s 413ms

2024-08-08 22:31:38,655 - INFO - 

2024-08-08 22:31:38,655 - INFO - 3883.681631 k-mers per position

2024-08-08 22:31:38,655 - INFO - 5 DB matches per sequence

2024-08-08 22:31:38,655 - INFO - 0 overflows

2024-08-08 22:31:38,655 - INFO - 0 queries produce too many hits (truncated result)

2024-08-08 22:31:38,655 - INFO - 0 sequences passed prefiltering per query sequence

2024-08-08 22:31:38,655 - INFO - 0 median result list length

2024-08-08 22:31:38,655 - INFO - 4138 sequences with 0 size result lists

2024-08-08 22:31:38,655 - INFO - Time for merging to pref_0: 0h 0m 0s 23ms

2024-08-08 22:31:38,655 - INFO - Time for processing: 0h 0m 9s 245ms

2024-08-08 22:31:38,692 - INFO - align /data/yangy34/database/pharokka/CARD phage_pharokka/GCA_015343595.1_966|2-1203/CARD_target_dir/target_seqs phage_pharokka/GCA_015343595.1_966|2-1203/CARD_tmp_dir//17763776186703866269/pref_0 phage_pharokka/GCA_015343595.1_966|2-1203/CARD/results_CARD --sub-mat nucl:nucleotide.out,aa:blosum62.out -a 0 --alignment-mode 2 --alignment-output-mode 0 --wrapped-scoring 0 -e 0.001 --min-seq-id 0.8 --min-aln-len 0 --seq-id-mode 0 --alt-ali 0 -c 0.4 --cov-mode 0 --max-seq-len 65535 --comp-bias-corr 1 --max-rejected 2147483647 --max-accept 2147483647 --add-self-matches 0 --db-load-mode 0 --pca 1 --pcb 1.5 --score-bias 0 --realign 0 --realign-score-bias -0.2 --realign-max-seqs 2147483647 --gap-open nucl:5,aa:11 --gap-extend nucl:2,aa:1 --zdrop 40 --threads 32 --compressed 0 -v 3 

2024-08-08 22:31:38,693 - INFO - 

2024-08-08 22:31:38,693 - INFO - Compute score and coverage

2024-08-08 22:31:38,693 - INFO - Query database size: 4641 type: Aminoacid

2024-08-08 22:31:38,693 - INFO - Target database size: 4 type: Aminoacid

2024-08-08 22:31:38,693 - INFO - Calculation of alignments

2024-08-08 22:31:38,737 - INFO - [=================================================================] 4.64K 0s 23ms

2024-08-08 22:31:38,738 - INFO - Time for merging to results_CARD: 0h 0m 0s 10ms

2024-08-08 22:31:38,738 - INFO - 305 alignments calculated

2024-08-08 22:31:38,738 - INFO - 0 sequence pairs passed the thresholds (0.000000 of overall calculated)

2024-08-08 22:31:38,738 - INFO - 0.000000 hits per query sequence

2024-08-08 22:31:38,738 - INFO - Time for processing: 0h 0m 0s 74ms

2024-08-08 22:31:38,977 - INFO - createtsv /data/yangy34/database/pharokka/CARD phage_pharokka/GCA_015343595.1_966|2-1203/CARD_target_dir/target_seqs phage_pharokka/GCA_015343595.1_966|2-1203/CARD/results_CARD phage_pharokka/GCA_015343595.1_966|2-1203/CARD_results.tsv --full-header --threads 32 

2024-08-08 22:31:38,977 - INFO - 

2024-08-08 22:31:38,977 - INFO - MMseqs Version:                 	13.45111

2024-08-08 22:31:38,977 - INFO - First sequence as representative	false

2024-08-08 22:31:38,977 - INFO - Target column                   	1

2024-08-08 22:31:38,977 - INFO - Add full header                 	true

2024-08-08 22:31:38,977 - INFO - Sequence source                 	0

2024-08-08 22:31:38,977 - INFO - Database output                 	false

2024-08-08 22:31:38,977 - INFO - Threads                         	32

2024-08-08 22:31:38,977 - INFO - Compressed                      	0

2024-08-08 22:31:38,977 - INFO - Verbosity                       	3

2024-08-08 22:31:38,977 - INFO - 

2024-08-08 22:31:38,977 - INFO - Time for merging to CARD_results.tsv: 0h 0m 0s 13ms

2024-08-08 22:31:38,977 - INFO - Time for processing: 0h 0m 0s 230ms

2024-08-08 22:31:38,985 - INFO - Running mmseqs2 on vfdb.
2024-08-08 22:31:39,042 - INFO - createdb phage_pharokka/GCA_015343595.1_966|2-1203/phanotate_aas_tmp.fasta phage_pharokka/GCA_015343595.1_966|2-1203/vfdb_target_dir/target_seqs 

2024-08-08 22:31:39,042 - INFO - 

2024-08-08 22:31:39,042 - INFO - MMseqs Version:       	13.45111

2024-08-08 22:31:39,042 - INFO - Database type         	0

2024-08-08 22:31:39,042 - INFO - Shuffle input database	true

2024-08-08 22:31:39,042 - INFO - Createdb mode         	0

2024-08-08 22:31:39,042 - INFO - Write lookup file     	1

2024-08-08 22:31:39,042 - INFO - Offset of numeric ids 	0

2024-08-08 22:31:39,042 - INFO - Compressed            	0

2024-08-08 22:31:39,042 - INFO - Verbosity             	3

2024-08-08 22:31:39,042 - INFO - 

2024-08-08 22:31:39,042 - INFO - Converting sequences

2024-08-08 22:31:39,042 - INFO - [

2024-08-08 22:31:39,042 - INFO - Time for merging to target_seqs_h: 0h 0m 0s 7ms

2024-08-08 22:31:39,042 - INFO - Time for merging to target_seqs: 0h 0m 0s 17ms

2024-08-08 22:31:39,042 - INFO - Database type: Aminoacid

2024-08-08 22:31:39,042 - INFO - Time for processing: 0h 0m 0s 50ms

2024-08-08 22:31:39,051 - INFO - Create directory phage_pharokka/GCA_015343595.1_966|2-1203/vfdb_tmp_dir/

2024-08-08 22:31:39,051 - INFO - search --min-seq-id 0.8 -c 0.4 /data/yangy34/database/pharokka/vfdb phage_pharokka/GCA_015343595.1_966|2-1203/vfdb_target_dir/target_seqs phage_pharokka/GCA_015343595.1_966|2-1203/vfdb/results_vfdb phage_pharokka/GCA_015343595.1_966|2-1203/vfdb_tmp_dir/ -s 8.5 --threads 32 

2024-08-08 22:31:39,051 - INFO - 

2024-08-08 22:31:39,051 - INFO - MMseqs Version:                        	13.45111

2024-08-08 22:31:39,051 - INFO - Substitution matrix                    	nucl:nucleotide.out,aa:blosum62.out

2024-08-08 22:31:39,051 - INFO - Add backtrace                          	false

2024-08-08 22:31:39,051 - INFO - Alignment mode                         	2

2024-08-08 22:31:39,051 - INFO - Alignment mode                         	0

2024-08-08 22:31:39,051 - INFO - Allow wrapped scoring                  	false

2024-08-08 22:31:39,051 - INFO - E-value threshold                      	0.001

2024-08-08 22:31:39,051 - INFO - Seq. id. threshold                     	0.8

2024-08-08 22:31:39,051 - INFO - Min alignment length                   	0

2024-08-08 22:31:39,051 - INFO - Seq. id. mode                          	0

2024-08-08 22:31:39,051 - INFO - Alternative alignments                 	0

2024-08-08 22:31:39,051 - INFO - Coverage threshold                     	0.4

2024-08-08 22:31:39,051 - INFO - Coverage mode                          	0

2024-08-08 22:31:39,051 - INFO - Max sequence length                    	65535

2024-08-08 22:31:39,051 - INFO - Compositional bias                     	1

2024-08-08 22:31:39,052 - INFO - Max reject                             	2147483647

2024-08-08 22:31:39,052 - INFO - Max accept                             	2147483647

2024-08-08 22:31:39,052 - INFO - Include identical seq. id.             	false

2024-08-08 22:31:39,052 - INFO - Preload mode                           	0

2024-08-08 22:31:39,052 - INFO - Pseudo count a                         	1

2024-08-08 22:31:39,052 - INFO - Pseudo count b                         	1.5

2024-08-08 22:31:39,052 - INFO - Score bias                             	0

2024-08-08 22:31:39,052 - INFO - Realign hits                           	false

2024-08-08 22:31:39,052 - INFO - Realign score bias                     	-0.2

2024-08-08 22:31:39,052 - INFO - Realign max seqs                       	2147483647

2024-08-08 22:31:39,052 - INFO - Gap open cost                          	nucl:5,aa:11

2024-08-08 22:31:39,052 - INFO - Gap extension cost                     	nucl:2,aa:1

2024-08-08 22:31:39,052 - INFO - Zdrop                                  	40

2024-08-08 22:31:39,052 - INFO - Threads                                	32

2024-08-08 22:31:39,052 - INFO - Compressed                             	0

2024-08-08 22:31:39,052 - INFO - Verbosity                              	3

2024-08-08 22:31:39,052 - INFO - Seed substitution matrix               	nucl:nucleotide.out,aa:VTML80.out

2024-08-08 22:31:39,052 - INFO - Sensitivity                            	8.5

2024-08-08 22:31:39,052 - INFO - k-mer length                           	0

2024-08-08 22:31:39,052 - INFO - k-score                                	2147483647

2024-08-08 22:31:39,052 - INFO - Alphabet size                          	nucl:5,aa:21

2024-08-08 22:31:39,052 - INFO - Max results per query                  	300

2024-08-08 22:31:39,052 - INFO - Split database                         	0

2024-08-08 22:31:39,052 - INFO - Split mode                             	2

2024-08-08 22:31:39,052 - INFO - Split memory limit                     	0

2024-08-08 22:31:39,052 - INFO - Diagonal scoring                       	true

2024-08-08 22:31:39,052 - INFO - Exact k-mer matching                   	0

2024-08-08 22:31:39,052 - INFO - Mask residues                          	1

2024-08-08 22:31:39,052 - INFO - Mask lower case residues               	0

2024-08-08 22:31:39,052 - INFO - Minimum diagonal score                 	15

2024-08-08 22:31:39,052 - INFO - Spaced k-mers                          	1

2024-08-08 22:31:39,052 - INFO - Spaced k-mer pattern                   	

2024-08-08 22:31:39,052 - INFO - Local temporary path                   	

2024-08-08 22:31:39,053 - INFO - Rescore mode                           	0

2024-08-08 22:31:39,053 - INFO - Remove hits by seq. id. and coverage   	false

2024-08-08 22:31:39,053 - INFO - Sort results                           	0

2024-08-08 22:31:39,053 - INFO - Mask profile                           	1

2024-08-08 22:31:39,053 - INFO - Profile E-value threshold              	0.1

2024-08-08 22:31:39,053 - INFO - Global sequence weighting              	false

2024-08-08 22:31:39,053 - INFO - Allow deletions                        	false

2024-08-08 22:31:39,053 - INFO - Filter MSA                             	1

2024-08-08 22:31:39,053 - INFO - Maximum seq. id. threshold             	0.9

2024-08-08 22:31:39,053 - INFO - Minimum seq. id.                       	0

2024-08-08 22:31:39,053 - INFO - Minimum score per column               	-20

2024-08-08 22:31:39,053 - INFO - Minimum coverage                       	0

2024-08-08 22:31:39,053 - INFO - Select N most diverse seqs             	1000

2024-08-08 22:31:39,053 - INFO - Min codons in orf                      	30

2024-08-08 22:31:39,053 - INFO - Max codons in length                   	32734

2024-08-08 22:31:39,053 - INFO - Max orf gaps                           	2147483647

2024-08-08 22:31:39,053 - INFO - Contig start mode                      	2

2024-08-08 22:31:39,053 - INFO - Contig end mode                        	2

2024-08-08 22:31:39,053 - INFO - Orf start mode                         	1

2024-08-08 22:31:39,053 - INFO - Forward frames                         	1,2,3

2024-08-08 22:31:39,053 - INFO - Reverse frames                         	1,2,3

2024-08-08 22:31:39,053 - INFO - Translation table                      	1

2024-08-08 22:31:39,053 - INFO - Translate orf                          	0

2024-08-08 22:31:39,053 - INFO - Use all table starts                   	false

2024-08-08 22:31:39,053 - INFO - Offset of numeric ids                  	0

2024-08-08 22:31:39,053 - INFO - Create lookup                          	0

2024-08-08 22:31:39,053 - INFO - Add orf stop                           	false

2024-08-08 22:31:39,053 - INFO - Overlap between sequences              	0

2024-08-08 22:31:39,053 - INFO - Sequence split mode                    	1

2024-08-08 22:31:39,053 - INFO - Header split mode                      	0

2024-08-08 22:31:39,053 - INFO - Chain overlapping alignments           	0

2024-08-08 22:31:39,053 - INFO - Merge query                            	1

2024-08-08 22:31:39,053 - INFO - Search type                            	0

2024-08-08 22:31:39,053 - INFO - Search iterations                      	1

2024-08-08 22:31:39,054 - INFO - Start sensitivity                      	4

2024-08-08 22:31:39,054 - INFO - Search steps                           	1

2024-08-08 22:31:39,054 - INFO - Exhaustive search mode                 	false

2024-08-08 22:31:39,054 - INFO - Filter results during exhaustive search	0

2024-08-08 22:31:39,054 - INFO - Strand selection                       	1

2024-08-08 22:31:39,054 - INFO - LCA search mode                        	false

2024-08-08 22:31:39,054 - INFO - Disk space limit                       	0

2024-08-08 22:31:39,054 - INFO - MPI runner                             	

2024-08-08 22:31:39,054 - INFO - Force restart with latest tmp          	false

2024-08-08 22:31:39,054 - INFO - Remove temporary files                 	false

2024-08-08 22:31:39,054 - INFO - 

2024-08-08 22:31:39,223 - INFO - prefilter /data/yangy34/database/pharokka/vfdb phage_pharokka/GCA_015343595.1_966|2-1203/vfdb_target_dir/target_seqs phage_pharokka/GCA_015343595.1_966|2-1203/vfdb_tmp_dir//3727782903603319038/pref_0 --sub-mat nucl:nucleotide.out,aa:blosum62.out --seed-sub-mat nucl:nucleotide.out,aa:VTML80.out -k 0 --k-score 2147483647 --alph-size nucl:5,aa:21 --max-seq-len 65535 --max-seqs 300 --split 0 --split-mode 2 --split-memory-limit 0 -c 0.4 --cov-mode 0 --comp-bias-corr 1 --diag-score 1 --exact-kmer-matching 0 --mask 1 --mask-lower-case 0 --min-ungapped-score 15 --add-self-matches 0 --spaced-kmer-mode 1 --db-load-mode 0 --pca 1 --pcb 1.5 --threads 32 --compressed 0 -v 3 -s 8.5 

2024-08-08 22:31:39,223 - INFO - 

2024-08-08 22:31:39,223 - INFO - Query database size: 27504 type: Aminoacid

2024-08-08 22:31:39,223 - INFO - Estimated memory consumption: 977M

2024-08-08 22:31:39,223 - INFO - Target database size: 4 type: Aminoacid

2024-08-08 22:31:39,223 - INFO - Index table k-mer threshold: 87 at k-mer size 6 

2024-08-08 22:31:39,223 - INFO - Index table: counting k-mers

2024-08-08 22:31:39,371 - INFO - [=================================================================] 4 0s 3ms

2024-08-08 22:31:39,371 - INFO - Index table: Masked residues: 0

2024-08-08 22:31:39,371 - INFO - Index table: fill

2024-08-08 22:31:40,730 - INFO - [=================================================================] 4 0s 1ms

2024-08-08 22:31:40,730 - INFO - Index statistics

2024-08-08 22:31:40,730 - INFO - Entries:          336

2024-08-08 22:31:40,730 - INFO - DB size:          488 MB

2024-08-08 22:31:40,730 - INFO - Avg k-mer size:   0.000005

2024-08-08 22:31:40,731 - INFO - Top 10 k-mers

2024-08-08 22:31:40,731 - INFO -     RLIGAA	1

2024-08-08 22:31:40,731 - INFO -     NEMQAA	1

2024-08-08 22:31:40,731 - INFO -     SILFCA	1

2024-08-08 22:31:40,731 - INFO -     MRSVCA	1

2024-08-08 22:31:40,731 - INFO -     IHVAEA	1

2024-08-08 22:31:40,731 - INFO -     TCNSEA	1

2024-08-08 22:31:40,731 - INFO -     ISPLFA	1

2024-08-08 22:31:40,731 - INFO -     LSPPFA	1

2024-08-08 22:31:40,731 - INFO -     NGYSFA	1

2024-08-08 22:31:40,731 - INFO -     CETRHA	1

2024-08-08 22:31:40,731 - INFO - Time for index table init: 0h 0m 0s 441ms

2024-08-08 22:31:40,731 - INFO - Process prefiltering step 1 of 1

2024-08-08 22:31:40,731 - INFO - 

2024-08-08 22:31:40,731 - INFO - k-mer similarity threshold: 87

2024-08-08 22:31:40,731 - INFO - Starting prefiltering scores calculation (step 1 of 1)

2024-08-08 22:31:40,731 - INFO - Query db start 1 to 27504

2024-08-08 22:31:40,731 - INFO - Target db start 1 to 4

2024-08-08 22:32:40,527 - INFO - [=================================================================] 27.50K 1m 0s 213ms

2024-08-08 22:32:40,527 - INFO - 

2024-08-08 22:32:40,527 - INFO - 3159.764157 k-mers per position

2024-08-08 22:32:40,527 - INFO - 8 DB matches per sequence

2024-08-08 22:32:40,527 - INFO - 0 overflows

2024-08-08 22:32:40,528 - INFO - 0 queries produce too many hits (truncated result)

2024-08-08 22:32:40,528 - INFO - 0 sequences passed prefiltering per query sequence

2024-08-08 22:32:40,528 - INFO - 0 median result list length

2024-08-08 22:32:40,528 - INFO - 23357 sequences with 0 size result lists

2024-08-08 22:32:40,528 - INFO - Time for merging to pref_0: 0h 0m 0s 19ms

2024-08-08 22:32:40,528 - INFO - Time for processing: 0h 1m 1s 466ms

2024-08-08 22:32:40,715 - INFO - align /data/yangy34/database/pharokka/vfdb phage_pharokka/GCA_015343595.1_966|2-1203/vfdb_target_dir/target_seqs phage_pharokka/GCA_015343595.1_966|2-1203/vfdb_tmp_dir//3727782903603319038/pref_0 phage_pharokka/GCA_015343595.1_966|2-1203/vfdb/results_vfdb --sub-mat nucl:nucleotide.out,aa:blosum62.out -a 0 --alignment-mode 2 --alignment-output-mode 0 --wrapped-scoring 0 -e 0.001 --min-seq-id 0.8 --min-aln-len 0 --seq-id-mode 0 --alt-ali 0 -c 0.4 --cov-mode 0 --max-seq-len 65535 --comp-bias-corr 1 --max-rejected 2147483647 --max-accept 2147483647 --add-self-matches 0 --db-load-mode 0 --pca 1 --pcb 1.5 --score-bias 0 --realign 0 --realign-score-bias -0.2 --realign-max-seqs 2147483647 --gap-open nucl:5,aa:11 --gap-extend nucl:2,aa:1 --zdrop 40 --threads 32 --compressed 0 -v 3 

2024-08-08 22:32:40,715 - INFO - 

2024-08-08 22:32:40,715 - INFO - Compute score and coverage

2024-08-08 22:32:40,715 - INFO - Query database size: 27504 type: Aminoacid

2024-08-08 22:32:40,716 - INFO - Target database size: 4 type: Aminoacid

2024-08-08 22:32:40,716 - INFO - Calculation of alignments

2024-08-08 22:32:40,758 - INFO - [=================================================================] 27.50K 0s 22ms

2024-08-08 22:32:40,758 - INFO - Time for merging to results_vfdb: 0h 0m 0s 20ms

2024-08-08 22:32:40,758 - INFO - 1151 alignments calculated

2024-08-08 22:32:40,758 - INFO - 0 sequence pairs passed the thresholds (0.000000 of overall calculated)

2024-08-08 22:32:40,758 - INFO - 0.000000 hits per query sequence

2024-08-08 22:32:40,758 - INFO - Time for processing: 0h 0m 0s 219ms

2024-08-08 22:32:40,955 - INFO - createtsv /data/yangy34/database/pharokka/vfdb phage_pharokka/GCA_015343595.1_966|2-1203/vfdb_target_dir/target_seqs phage_pharokka/GCA_015343595.1_966|2-1203/vfdb/results_vfdb phage_pharokka/GCA_015343595.1_966|2-1203/vfdb_results.tsv --full-header --threads 32 

2024-08-08 22:32:40,955 - INFO - 

2024-08-08 22:32:40,955 - INFO - MMseqs Version:                 	13.45111

2024-08-08 22:32:40,955 - INFO - First sequence as representative	false

2024-08-08 22:32:40,955 - INFO - Target column                   	1

2024-08-08 22:32:40,955 - INFO - Add full header                 	true

2024-08-08 22:32:40,955 - INFO - Sequence source                 	0

2024-08-08 22:32:40,955 - INFO - Database output                 	false

2024-08-08 22:32:40,955 - INFO - Threads                         	32

2024-08-08 22:32:40,955 - INFO - Compressed                      	0

2024-08-08 22:32:40,955 - INFO - Verbosity                       	3

2024-08-08 22:32:40,955 - INFO - 

2024-08-08 22:32:40,955 - INFO - Time for merging to vfdb_results.tsv: 0h 0m 0s 23ms

2024-08-08 22:32:40,955 - INFO - Time for processing: 0h 0m 0s 187ms

2024-08-08 22:32:40,981 - INFO - Post Processing Output.
2024-08-08 22:32:41,304 - INFO - Converting gff to genbank.
2024-08-08 22:32:41,373 - WARNING - /gpfs/gsfs12/users/yangy34/softwares/mambaforge/envs/pharokka-env/lib/python3.10/site-packages/Bio/SeqIO/InsdcIO.py:728: BiopythonWarning: Increasing length of locus line to allow long name. This will result in fields that are not in usual positions.
  warnings.warn(

2024-08-08 22:32:41,387 - INFO - Finding the closest match for each contig in INPHARED using mash.
2024-08-08 22:32:41,448 - INFO - Sketching GCA_015343595.1_53_phages/GCA_015343595.1_966_2_1203_prophage.fasta...

2024-08-08 22:32:41,449 - INFO - Writing to phage_pharokka/GCA_015343595.1_966|2-1203/input_mash_sketch.msh...

2024-08-08 22:32:43,126 - INFO - pharokka has finished
2024-08-08 22:32:43,126 - INFO - Elapsed time: 142.65 seconds
2024-08-08 22:32:43,126 - INFO - If you use pharokka in your research, please cite:
2024-08-08 22:32:43,126 - INFO - George Bouras, Roshan Nepal, Ghais Houtak, Alkis James Psaltis, Peter-John Wormald, Sarah Vreugde.
2024-08-08 22:32:43,126 - INFO - Pharokka: a fast scalable bacteriophage annotation tool.
2024-08-08 22:32:43,126 - INFO - Bioinformatics, Volume 39, Issue 1, January 2023, btac776.
2024-08-08 22:32:43,126 - INFO - https://doi.org/10.1093/bioinformatics/btac776.
2024-08-08 22:32:43,126 - INFO - You should also cite the full list of tools pharokka uses, which can be found at https://github.com/gbouras13/pharokka#citation.
