2024-08-08 22:05:52,053 - INFO - Starting pharokka v1.3.2
2024-08-08 22:05:52,053 - INFO - Input args: Namespace(infile='GCA_015343595.1_53_phages/GCA_015343595.1_142_77_1027_prophage.fasta', outdir='phage_pharokka/GCA_015343595.1_142|77-1027', database='/data/yangy34/database/pharokka', threads='32', force=False, prefix='Default', locustag='Default', gene_predictor='phanotate', meta=False, split=False, coding_table='11', evalue='1E-05', terminase=False, terminase_strand='nothing', terminase_start='nothing', citation=False)
2024-08-08 22:05:52,053 - INFO - Checking database installation.
2024-08-08 22:05:52,072 - INFO - All databases have been successfully checked.
2024-08-08 22:05:52,072 - INFO - Checking dependencies.
2024-08-08 22:05:53,316 - INFO - phan_out version found is v1.5.1.
2024-08-08 22:05:53,316 - INFO - Phanotate version is ok.
2024-08-08 22:05:53,389 - INFO - MMseqs2 version found is v13.45111.
2024-08-08 22:05:53,389 - INFO - MMseqs2 version is ok.
2024-08-08 22:05:54,236 - INFO - tRNAscan-SE version found is v2.45111.11.
2024-08-08 22:05:54,236 - INFO - tRNAscan-SE version is ok.
2024-08-08 22:05:54,876 - INFO - MinCED version found is v0.4.2.
2024-08-08 22:05:54,876 - INFO - MinCED version is ok.
2024-08-08 22:05:54,903 - INFO - ARAGORN version found is v1.2.41.
2024-08-08 22:05:54,903 - INFO - ARAGORN version is ok.
2024-08-08 22:05:54,962 - INFO - mash version found is v2.2.
2024-08-08 22:05:54,962 - INFO - mash version is ok.
2024-08-08 22:05:55,177 - INFO - Running Phanotate.
2024-08-08 22:05:56,379 - INFO - Translating gene predicted fastas.
2024-08-08 22:05:56,405 - INFO - Starting tRNA-scanSE
2024-08-08 22:05:56,574 - INFO - 

2024-08-08 22:05:56,574 - INFO - tRNAscan-SE v.2.0.11 (Oct 2022) - scan sequences for transfer RNAs

2024-08-08 22:05:56,574 - INFO - Copyright (C) 2022 Patricia Chan and Todd Lowe

2024-08-08 22:05:56,574 - INFO -                    University of California Santa Cruz

2024-08-08 22:05:56,575 - INFO - Freely distributed under the GNU General Public License (GPLv3)

2024-08-08 22:05:56,575 - INFO - 

2024-08-08 22:05:56,575 - INFO - ------------------------------------------------------------

2024-08-08 22:05:56,575 - INFO - Sequence file(s) to search:        GCA_015343595.1_53_phages/GCA_015343595.1_142_77_1027_prophage.fasta

2024-08-08 22:05:56,575 - INFO - Search Mode:                       General

2024-08-08 22:05:56,575 - INFO - Results written to:                Standard output

2024-08-08 22:05:56,575 - INFO - Output format:                     Tabular

2024-08-08 22:05:56,575 - INFO - Searching with:                    Infernal single-pass scan

2024-08-08 22:05:56,575 - INFO -                                    Fast mode

2024-08-08 22:05:56,575 - INFO - Covariance model:                  /gpfs/gsfs12/users/yangy34/softwares/mambaforge/envs/pharokka-env/lib/tRNAscan-SE/models/TRNAinf.cm

2024-08-08 22:05:56,575 - INFO - 

2024-08-08 22:05:56,575 - INFO - Temporary directory:               /tmp

2024-08-08 22:05:56,575 - INFO - tRNA predictions saved to:         phage_pharokka/GCA_015343595.1_142|77-1027/trnascan_out.gff

2024-08-08 22:05:56,575 - INFO - ------------------------------------------------------------

2024-08-08 22:05:56,575 - INFO - 

2024-08-08 22:05:56,705 - INFO - No tRNAs found.

2024-08-08 22:05:56,705 - INFO - 

2024-08-08 22:05:56,719 - INFO - Running MinCED.
2024-08-08 22:05:56,863 - INFO - Running Aragorn.
2024-08-08 22:05:56,866 - INFO - Starting MMseqs2.
2024-08-08 22:05:56,866 - INFO - Running MMseqs2 on PHROGs Database.
2024-08-08 22:05:56,958 - INFO - createdb phage_pharokka/GCA_015343595.1_142|77-1027/phanotate_aas_tmp.fasta phage_pharokka/GCA_015343595.1_142|77-1027/target_dir/target_seqs 

2024-08-08 22:05:56,958 - INFO - 

2024-08-08 22:05:56,958 - INFO - MMseqs Version:       	13.45111

2024-08-08 22:05:56,958 - INFO - Database type         	0

2024-08-08 22:05:56,958 - INFO - Shuffle input database	true

2024-08-08 22:05:56,959 - INFO - Createdb mode         	0

2024-08-08 22:05:56,959 - INFO - Write lookup file     	1

2024-08-08 22:05:56,959 - INFO - Offset of numeric ids 	0

2024-08-08 22:05:56,959 - INFO - Compressed            	0

2024-08-08 22:05:56,959 - INFO - Verbosity             	3

2024-08-08 22:05:56,959 - INFO - 

2024-08-08 22:05:56,959 - INFO - Converting sequences

2024-08-08 22:05:56,959 - INFO - [

2024-08-08 22:05:56,959 - INFO - Time for merging to target_seqs_h: 0h 0m 0s 21ms

2024-08-08 22:05:56,959 - INFO - Time for merging to target_seqs: 0h 0m 0s 21ms

2024-08-08 22:05:56,960 - INFO - Database type: Aminoacid

2024-08-08 22:05:56,960 - INFO - Time for processing: 0h 0m 0s 82ms

2024-08-08 22:05:56,968 - INFO - Create directory phage_pharokka/GCA_015343595.1_142|77-1027/tmp_dir/

2024-08-08 22:05:56,968 - INFO - search -e 1E-05 /data/yangy34/database/pharokka/phrogs_profile_db phage_pharokka/GCA_015343595.1_142|77-1027/target_dir/target_seqs phage_pharokka/GCA_015343595.1_142|77-1027/mmseqs/results_mmseqs phage_pharokka/GCA_015343595.1_142|77-1027/tmp_dir/ -s 8.5 --threads 32 

2024-08-08 22:05:56,968 - INFO - 

2024-08-08 22:05:56,968 - INFO - MMseqs Version:                        	13.45111

2024-08-08 22:05:56,968 - INFO - Substitution matrix                    	nucl:nucleotide.out,aa:blosum62.out

2024-08-08 22:05:56,968 - INFO - Add backtrace                          	false

2024-08-08 22:05:56,968 - INFO - Alignment mode                         	2

2024-08-08 22:05:56,968 - INFO - Alignment mode                         	0

2024-08-08 22:05:56,968 - INFO - Allow wrapped scoring                  	false

2024-08-08 22:05:56,968 - INFO - E-value threshold                      	1e-05

2024-08-08 22:05:56,969 - INFO - Seq. id. threshold                     	0

2024-08-08 22:05:56,969 - INFO - Min alignment length                   	0

2024-08-08 22:05:56,969 - INFO - Seq. id. mode                          	0

2024-08-08 22:05:56,969 - INFO - Alternative alignments                 	0

2024-08-08 22:05:56,969 - INFO - Coverage threshold                     	0

2024-08-08 22:05:56,969 - INFO - Coverage mode                          	0

2024-08-08 22:05:56,969 - INFO - Max sequence length                    	65535

2024-08-08 22:05:56,969 - INFO - Compositional bias                     	1

2024-08-08 22:05:56,969 - INFO - Max reject                             	2147483647

2024-08-08 22:05:56,969 - INFO - Max accept                             	2147483647

2024-08-08 22:05:56,969 - INFO - Include identical seq. id.             	false

2024-08-08 22:05:56,969 - INFO - Preload mode                           	0

2024-08-08 22:05:56,969 - INFO - Pseudo count a                         	1

2024-08-08 22:05:56,969 - INFO - Pseudo count b                         	1.5

2024-08-08 22:05:56,969 - INFO - Score bias                             	0

2024-08-08 22:05:56,969 - INFO - Realign hits                           	false

2024-08-08 22:05:56,969 - INFO - Realign score bias                     	-0.2

2024-08-08 22:05:56,969 - INFO - Realign max seqs                       	2147483647

2024-08-08 22:05:56,969 - INFO - Gap open cost                          	nucl:5,aa:11

2024-08-08 22:05:56,969 - INFO - Gap extension cost                     	nucl:2,aa:1

2024-08-08 22:05:56,969 - INFO - Zdrop                                  	40

2024-08-08 22:05:56,969 - INFO - Threads                                	32

2024-08-08 22:05:56,969 - INFO - Compressed                             	0

2024-08-08 22:05:56,970 - INFO - Verbosity                              	3

2024-08-08 22:05:56,970 - INFO - Seed substitution matrix               	nucl:nucleotide.out,aa:VTML80.out

2024-08-08 22:05:56,970 - INFO - Sensitivity                            	8.5

2024-08-08 22:05:56,970 - INFO - k-mer length                           	0

2024-08-08 22:05:56,970 - INFO - k-score                                	2147483647

2024-08-08 22:05:56,970 - INFO - Alphabet size                          	nucl:5,aa:21

2024-08-08 22:05:56,970 - INFO - Max results per query                  	300

2024-08-08 22:05:56,970 - INFO - Split database                         	0

2024-08-08 22:05:56,970 - INFO - Split mode                             	2

2024-08-08 22:05:56,970 - INFO - Split memory limit                     	0

2024-08-08 22:05:56,970 - INFO - Diagonal scoring                       	true

2024-08-08 22:05:56,970 - INFO - Exact k-mer matching                   	0

2024-08-08 22:05:56,970 - INFO - Mask residues                          	1

2024-08-08 22:05:56,970 - INFO - Mask lower case residues               	0

2024-08-08 22:05:56,970 - INFO - Minimum diagonal score                 	15

2024-08-08 22:05:56,970 - INFO - Spaced k-mers                          	1

2024-08-08 22:05:56,970 - INFO - Spaced k-mer pattern                   	

2024-08-08 22:05:56,970 - INFO - Local temporary path                   	

2024-08-08 22:05:56,970 - INFO - Rescore mode                           	0

2024-08-08 22:05:56,970 - INFO - Remove hits by seq. id. and coverage   	false

2024-08-08 22:05:56,970 - INFO - Sort results                           	0

2024-08-08 22:05:56,970 - INFO - Mask profile                           	1

2024-08-08 22:05:56,970 - INFO - Profile E-value threshold              	0.1

2024-08-08 22:05:56,970 - INFO - Global sequence weighting              	false

2024-08-08 22:05:56,971 - INFO - Allow deletions                        	false

2024-08-08 22:05:56,971 - INFO - Filter MSA                             	1

2024-08-08 22:05:56,971 - INFO - Maximum seq. id. threshold             	0.9

2024-08-08 22:05:56,971 - INFO - Minimum seq. id.                       	0

2024-08-08 22:05:56,971 - INFO - Minimum score per column               	-20

2024-08-08 22:05:56,971 - INFO - Minimum coverage                       	0

2024-08-08 22:05:56,971 - INFO - Select N most diverse seqs             	1000

2024-08-08 22:05:56,971 - INFO - Min codons in orf                      	30

2024-08-08 22:05:56,971 - INFO - Max codons in length                   	32734

2024-08-08 22:05:56,971 - INFO - Max orf gaps                           	2147483647

2024-08-08 22:05:56,971 - INFO - Contig start mode                      	2

2024-08-08 22:05:56,971 - INFO - Contig end mode                        	2

2024-08-08 22:05:56,971 - INFO - Orf start mode                         	1

2024-08-08 22:05:56,971 - INFO - Forward frames                         	1,2,3

2024-08-08 22:05:56,971 - INFO - Reverse frames                         	1,2,3

2024-08-08 22:05:56,971 - INFO - Translation table                      	1

2024-08-08 22:05:56,971 - INFO - Translate orf                          	0

2024-08-08 22:05:56,971 - INFO - Use all table starts                   	false

2024-08-08 22:05:56,971 - INFO - Offset of numeric ids                  	0

2024-08-08 22:05:56,971 - INFO - Create lookup                          	0

2024-08-08 22:05:56,971 - INFO - Add orf stop                           	false

2024-08-08 22:05:56,971 - INFO - Overlap between sequences              	0

2024-08-08 22:05:56,971 - INFO - Sequence split mode                    	1

2024-08-08 22:05:56,971 - INFO - Header split mode                      	0

2024-08-08 22:05:56,972 - INFO - Chain overlapping alignments           	0

2024-08-08 22:05:56,972 - INFO - Merge query                            	1

2024-08-08 22:05:56,972 - INFO - Search type                            	0

2024-08-08 22:05:56,972 - INFO - Search iterations                      	1

2024-08-08 22:05:56,972 - INFO - Start sensitivity                      	4

2024-08-08 22:05:56,972 - INFO - Search steps                           	1

2024-08-08 22:05:56,972 - INFO - Exhaustive search mode                 	false

2024-08-08 22:05:56,972 - INFO - Filter results during exhaustive search	0

2024-08-08 22:05:56,972 - INFO - Strand selection                       	1

2024-08-08 22:05:56,972 - INFO - LCA search mode                        	false

2024-08-08 22:05:56,972 - INFO - Disk space limit                       	0

2024-08-08 22:05:56,972 - INFO - MPI runner                             	

2024-08-08 22:05:56,972 - INFO - Force restart with latest tmp          	false

2024-08-08 22:05:56,972 - INFO - Remove temporary files                 	false

2024-08-08 22:05:56,972 - INFO - 

2024-08-08 22:05:57,381 - INFO - prefilter /data/yangy34/database/pharokka/phrogs_profile_db phage_pharokka/GCA_015343595.1_142|77-1027/target_dir/target_seqs phage_pharokka/GCA_015343595.1_142|77-1027/tmp_dir//3248945659917959071/pref_0 --sub-mat nucl:nucleotide.out,aa:blosum62.out --seed-sub-mat nucl:nucleotide.out,aa:VTML80.out -k 0 --k-score 2147483647 --alph-size nucl:5,aa:21 --max-seq-len 65535 --max-seqs 300 --split 0 --split-mode 2 --split-memory-limit 0 -c 0 --cov-mode 0 --comp-bias-corr 1 --diag-score 1 --exact-kmer-matching 0 --mask 1 --mask-lower-case 0 --min-ungapped-score 15 --add-self-matches 0 --spaced-kmer-mode 1 --db-load-mode 0 --pca 1 --pcb 1.5 --threads 32 --compressed 0 -v 3 -s 8.5 

2024-08-08 22:05:57,381 - INFO - 

2024-08-08 22:05:57,381 - INFO - Query database size: 38880 type: Profile

2024-08-08 22:05:57,381 - INFO - Estimated memory consumption: 488M

2024-08-08 22:05:57,381 - INFO - Target database size: 4 type: Aminoacid

2024-08-08 22:05:57,382 - INFO - Index table k-mer threshold: 0 at k-mer size 6 

2024-08-08 22:05:57,382 - INFO - Index table: counting k-mers

2024-08-08 22:05:57,520 - INFO - [=================================================================] 4 0s 3ms

2024-08-08 22:05:57,521 - INFO - Index table: Masked residues: 0

2024-08-08 22:05:57,521 - INFO - Index table: fill

2024-08-08 22:05:58,757 - INFO - [=================================================================] 4 0s 0ms

2024-08-08 22:05:58,757 - INFO - Index statistics

2024-08-08 22:05:58,757 - INFO - Entries:          228

2024-08-08 22:05:58,757 - INFO - DB size:          488 MB

2024-08-08 22:05:58,757 - INFO - Avg k-mer size:   0.000004

2024-08-08 22:05:58,757 - INFO - Top 10 k-mers

2024-08-08 22:05:58,757 - INFO -     LLAKDA	1

2024-08-08 22:05:58,757 - INFO -     YDVWEA	1

2024-08-08 22:05:58,757 - INFO -     RLASGA	1

2024-08-08 22:05:58,758 - INFO -     EPSTGA	1

2024-08-08 22:05:58,758 - INFO -     DLPYLA	1

2024-08-08 22:05:58,758 - INFO -     DFSNRA	1

2024-08-08 22:05:58,758 - INFO -     MKHASA	1

2024-08-08 22:05:58,758 - INFO -     MARGSA	1

2024-08-08 22:05:58,758 - INFO -     VPIKSA	1

2024-08-08 22:05:58,758 - INFO -     NTLPIC	1

2024-08-08 22:05:58,758 - INFO - Time for index table init: 0h 0m 0s 651ms

2024-08-08 22:05:58,758 - INFO - Process prefiltering step 1 of 1

2024-08-08 22:05:58,758 - INFO - 

2024-08-08 22:05:58,758 - INFO - k-mer similarity threshold: 81

2024-08-08 22:05:58,758 - INFO - Starting prefiltering scores calculation (step 1 of 1)

2024-08-08 22:05:58,758 - INFO - Query db start 1 to 38880

2024-08-08 22:05:58,758 - INFO - Target db start 1 to 4

2024-08-08 22:07:07,716 - INFO - [=================================================================] 38.88K 1m 9s 640ms

2024-08-08 22:07:07,717 - INFO - 

2024-08-08 22:07:07,717 - INFO - 5386.328443 k-mers per position

2024-08-08 22:07:07,717 - INFO - 3 DB matches per sequence

2024-08-08 22:07:07,717 - INFO - 0 overflows

2024-08-08 22:07:07,717 - INFO - 0 queries produce too many hits (truncated result)

2024-08-08 22:07:07,717 - INFO - 0 sequences passed prefiltering per query sequence

2024-08-08 22:07:07,717 - INFO - 0 median result list length

2024-08-08 22:07:07,717 - INFO - 35267 sequences with 0 size result lists

2024-08-08 22:07:07,717 - INFO - Time for merging to pref_0: 0h 0m 0s 24ms

2024-08-08 22:07:07,717 - INFO - Time for processing: 0h 1m 10s 740ms

2024-08-08 22:07:07,812 - INFO - align /data/yangy34/database/pharokka/phrogs_profile_db phage_pharokka/GCA_015343595.1_142|77-1027/target_dir/target_seqs phage_pharokka/GCA_015343595.1_142|77-1027/tmp_dir//3248945659917959071/pref_0 phage_pharokka/GCA_015343595.1_142|77-1027/mmseqs/results_mmseqs --sub-mat nucl:nucleotide.out,aa:blosum62.out -a 0 --alignment-mode 2 --alignment-output-mode 0 --wrapped-scoring 0 -e 1e-05 --min-seq-id 0 --min-aln-len 0 --seq-id-mode 0 --alt-ali 0 -c 0 --cov-mode 0 --max-seq-len 65535 --comp-bias-corr 1 --max-rejected 2147483647 --max-accept 2147483647 --add-self-matches 0 --db-load-mode 0 --pca 1 --pcb 1.5 --score-bias 0 --realign 0 --realign-score-bias -0.2 --realign-max-seqs 2147483647 --gap-open nucl:5,aa:11 --gap-extend nucl:2,aa:1 --zdrop 40 --threads 32 --compressed 0 -v 3 

2024-08-08 22:07:07,812 - INFO - 

2024-08-08 22:07:07,812 - INFO - Compute score and coverage

2024-08-08 22:07:07,812 - INFO - Query database size: 38880 type: Profile

2024-08-08 22:07:07,812 - INFO - Target database size: 4 type: Aminoacid

2024-08-08 22:07:07,812 - INFO - Calculation of alignments

2024-08-08 22:07:08,024 - INFO - [=================================================================] 38.88K 0s 156ms

2024-08-08 22:07:08,024 - INFO - Time for merging to results_mmseqs: 0h 0m 0s 21ms

2024-08-08 22:07:08,024 - INFO - 3860 alignments calculated

2024-08-08 22:07:08,024 - INFO - 1 sequence pairs passed the thresholds (0.000259 of overall calculated)

2024-08-08 22:07:08,024 - INFO - 0.000026 hits per query sequence

2024-08-08 22:07:08,024 - INFO - Time for processing: 0h 0m 0s 300ms

2024-08-08 22:07:08,180 - INFO - createtsv /data/yangy34/database/pharokka/phrogs_profile_db phage_pharokka/GCA_015343595.1_142|77-1027/target_dir/target_seqs phage_pharokka/GCA_015343595.1_142|77-1027/mmseqs/results_mmseqs phage_pharokka/GCA_015343595.1_142|77-1027/mmseqs_results.tsv --full-header --threads 32 

2024-08-08 22:07:08,180 - INFO - 

2024-08-08 22:07:08,180 - INFO - MMseqs Version:                 	13.45111

2024-08-08 22:07:08,180 - INFO - First sequence as representative	false

2024-08-08 22:07:08,180 - INFO - Target column                   	1

2024-08-08 22:07:08,181 - INFO - Add full header                 	true

2024-08-08 22:07:08,181 - INFO - Sequence source                 	0

2024-08-08 22:07:08,181 - INFO - Database output                 	false

2024-08-08 22:07:08,181 - INFO - Threads                         	32

2024-08-08 22:07:08,181 - INFO - Compressed                      	0

2024-08-08 22:07:08,181 - INFO - Verbosity                       	3

2024-08-08 22:07:08,181 - INFO - 

2024-08-08 22:07:08,181 - INFO - Time for merging to mmseqs_results.tsv: 0h 0m 0s 29ms

2024-08-08 22:07:08,181 - INFO - Time for processing: 0h 0m 0s 147ms

2024-08-08 22:07:08,208 - INFO - Running mmseqs2 on CARD.
2024-08-08 22:07:08,269 - INFO - createdb phage_pharokka/GCA_015343595.1_142|77-1027/phanotate_aas_tmp.fasta phage_pharokka/GCA_015343595.1_142|77-1027/CARD_target_dir/target_seqs 

2024-08-08 22:07:08,269 - INFO - 

2024-08-08 22:07:08,269 - INFO - MMseqs Version:       	13.45111

2024-08-08 22:07:08,269 - INFO - Database type         	0

2024-08-08 22:07:08,269 - INFO - Shuffle input database	true

2024-08-08 22:07:08,269 - INFO - Createdb mode         	0

2024-08-08 22:07:08,269 - INFO - Write lookup file     	1

2024-08-08 22:07:08,269 - INFO - Offset of numeric ids 	0

2024-08-08 22:07:08,269 - INFO - Compressed            	0

2024-08-08 22:07:08,269 - INFO - Verbosity             	3

2024-08-08 22:07:08,270 - INFO - 

2024-08-08 22:07:08,270 - INFO - Converting sequences

2024-08-08 22:07:08,270 - INFO - [

2024-08-08 22:07:08,270 - INFO - Time for merging to target_seqs_h: 0h 0m 0s 8ms

2024-08-08 22:07:08,270 - INFO - Time for merging to target_seqs: 0h 0m 0s 19ms

2024-08-08 22:07:08,270 - INFO - Database type: Aminoacid

2024-08-08 22:07:08,270 - INFO - Time for processing: 0h 0m 0s 56ms

2024-08-08 22:07:08,276 - INFO - Create directory phage_pharokka/GCA_015343595.1_142|77-1027/CARD_tmp_dir/

2024-08-08 22:07:08,276 - INFO - search --min-seq-id 0.8 -c 0.4 /data/yangy34/database/pharokka/CARD phage_pharokka/GCA_015343595.1_142|77-1027/CARD_target_dir/target_seqs phage_pharokka/GCA_015343595.1_142|77-1027/CARD/results_CARD phage_pharokka/GCA_015343595.1_142|77-1027/CARD_tmp_dir/ -s 8.5 --threads 32 

2024-08-08 22:07:08,276 - INFO - 

2024-08-08 22:07:08,277 - INFO - MMseqs Version:                        	13.45111

2024-08-08 22:07:08,277 - INFO - Substitution matrix                    	nucl:nucleotide.out,aa:blosum62.out

2024-08-08 22:07:08,277 - INFO - Add backtrace                          	false

2024-08-08 22:07:08,277 - INFO - Alignment mode                         	2

2024-08-08 22:07:08,277 - INFO - Alignment mode                         	0

2024-08-08 22:07:08,277 - INFO - Allow wrapped scoring                  	false

2024-08-08 22:07:08,277 - INFO - E-value threshold                      	0.001

2024-08-08 22:07:08,277 - INFO - Seq. id. threshold                     	0.8

2024-08-08 22:07:08,277 - INFO - Min alignment length                   	0

2024-08-08 22:07:08,277 - INFO - Seq. id. mode                          	0

2024-08-08 22:07:08,277 - INFO - Alternative alignments                 	0

2024-08-08 22:07:08,277 - INFO - Coverage threshold                     	0.4

2024-08-08 22:07:08,277 - INFO - Coverage mode                          	0

2024-08-08 22:07:08,277 - INFO - Max sequence length                    	65535

2024-08-08 22:07:08,277 - INFO - Compositional bias                     	1

2024-08-08 22:07:08,277 - INFO - Max reject                             	2147483647

2024-08-08 22:07:08,277 - INFO - Max accept                             	2147483647

2024-08-08 22:07:08,277 - INFO - Include identical seq. id.             	false

2024-08-08 22:07:08,277 - INFO - Preload mode                           	0

2024-08-08 22:07:08,277 - INFO - Pseudo count a                         	1

2024-08-08 22:07:08,277 - INFO - Pseudo count b                         	1.5

2024-08-08 22:07:08,277 - INFO - Score bias                             	0

2024-08-08 22:07:08,277 - INFO - Realign hits                           	false

2024-08-08 22:07:08,278 - INFO - Realign score bias                     	-0.2

2024-08-08 22:07:08,278 - INFO - Realign max seqs                       	2147483647

2024-08-08 22:07:08,278 - INFO - Gap open cost                          	nucl:5,aa:11

2024-08-08 22:07:08,278 - INFO - Gap extension cost                     	nucl:2,aa:1

2024-08-08 22:07:08,278 - INFO - Zdrop                                  	40

2024-08-08 22:07:08,278 - INFO - Threads                                	32

2024-08-08 22:07:08,278 - INFO - Compressed                             	0

2024-08-08 22:07:08,278 - INFO - Verbosity                              	3

2024-08-08 22:07:08,278 - INFO - Seed substitution matrix               	nucl:nucleotide.out,aa:VTML80.out

2024-08-08 22:07:08,278 - INFO - Sensitivity                            	8.5

2024-08-08 22:07:08,278 - INFO - k-mer length                           	0

2024-08-08 22:07:08,278 - INFO - k-score                                	2147483647

2024-08-08 22:07:08,278 - INFO - Alphabet size                          	nucl:5,aa:21

2024-08-08 22:07:08,278 - INFO - Max results per query                  	300

2024-08-08 22:07:08,278 - INFO - Split database                         	0

2024-08-08 22:07:08,278 - INFO - Split mode                             	2

2024-08-08 22:07:08,278 - INFO - Split memory limit                     	0

2024-08-08 22:07:08,278 - INFO - Diagonal scoring                       	true

2024-08-08 22:07:08,278 - INFO - Exact k-mer matching                   	0

2024-08-08 22:07:08,278 - INFO - Mask residues                          	1

2024-08-08 22:07:08,278 - INFO - Mask lower case residues               	0

2024-08-08 22:07:08,278 - INFO - Minimum diagonal score                 	15

2024-08-08 22:07:08,278 - INFO - Spaced k-mers                          	1

2024-08-08 22:07:08,279 - INFO - Spaced k-mer pattern                   	

2024-08-08 22:07:08,279 - INFO - Local temporary path                   	

2024-08-08 22:07:08,279 - INFO - Rescore mode                           	0

2024-08-08 22:07:08,279 - INFO - Remove hits by seq. id. and coverage   	false

2024-08-08 22:07:08,279 - INFO - Sort results                           	0

2024-08-08 22:07:08,279 - INFO - Mask profile                           	1

2024-08-08 22:07:08,279 - INFO - Profile E-value threshold              	0.1

2024-08-08 22:07:08,279 - INFO - Global sequence weighting              	false

2024-08-08 22:07:08,279 - INFO - Allow deletions                        	false

2024-08-08 22:07:08,279 - INFO - Filter MSA                             	1

2024-08-08 22:07:08,279 - INFO - Maximum seq. id. threshold             	0.9

2024-08-08 22:07:08,279 - INFO - Minimum seq. id.                       	0

2024-08-08 22:07:08,279 - INFO - Minimum score per column               	-20

2024-08-08 22:07:08,279 - INFO - Minimum coverage                       	0

2024-08-08 22:07:08,279 - INFO - Select N most diverse seqs             	1000

2024-08-08 22:07:08,279 - INFO - Min codons in orf                      	30

2024-08-08 22:07:08,279 - INFO - Max codons in length                   	32734

2024-08-08 22:07:08,279 - INFO - Max orf gaps                           	2147483647

2024-08-08 22:07:08,279 - INFO - Contig start mode                      	2

2024-08-08 22:07:08,279 - INFO - Contig end mode                        	2

2024-08-08 22:07:08,279 - INFO - Orf start mode                         	1

2024-08-08 22:07:08,279 - INFO - Forward frames                         	1,2,3

2024-08-08 22:07:08,279 - INFO - Reverse frames                         	1,2,3

2024-08-08 22:07:08,279 - INFO - Translation table                      	1

2024-08-08 22:07:08,280 - INFO - Translate orf                          	0

2024-08-08 22:07:08,280 - INFO - Use all table starts                   	false

2024-08-08 22:07:08,280 - INFO - Offset of numeric ids                  	0

2024-08-08 22:07:08,280 - INFO - Create lookup                          	0

2024-08-08 22:07:08,280 - INFO - Add orf stop                           	false

2024-08-08 22:07:08,280 - INFO - Overlap between sequences              	0

2024-08-08 22:07:08,280 - INFO - Sequence split mode                    	1

2024-08-08 22:07:08,280 - INFO - Header split mode                      	0

2024-08-08 22:07:08,280 - INFO - Chain overlapping alignments           	0

2024-08-08 22:07:08,280 - INFO - Merge query                            	1

2024-08-08 22:07:08,280 - INFO - Search type                            	0

2024-08-08 22:07:08,280 - INFO - Search iterations                      	1

2024-08-08 22:07:08,280 - INFO - Start sensitivity                      	4

2024-08-08 22:07:08,280 - INFO - Search steps                           	1

2024-08-08 22:07:08,280 - INFO - Exhaustive search mode                 	false

2024-08-08 22:07:08,280 - INFO - Filter results during exhaustive search	0

2024-08-08 22:07:08,280 - INFO - Strand selection                       	1

2024-08-08 22:07:08,280 - INFO - LCA search mode                        	false

2024-08-08 22:07:08,280 - INFO - Disk space limit                       	0

2024-08-08 22:07:08,280 - INFO - MPI runner                             	

2024-08-08 22:07:08,280 - INFO - Force restart with latest tmp          	false

2024-08-08 22:07:08,280 - INFO - Remove temporary files                 	false

2024-08-08 22:07:08,280 - INFO - 

2024-08-08 22:07:08,647 - INFO - prefilter /data/yangy34/database/pharokka/CARD phage_pharokka/GCA_015343595.1_142|77-1027/CARD_target_dir/target_seqs phage_pharokka/GCA_015343595.1_142|77-1027/CARD_tmp_dir//14769133726535669230/pref_0 --sub-mat nucl:nucleotide.out,aa:blosum62.out --seed-sub-mat nucl:nucleotide.out,aa:VTML80.out -k 0 --k-score 2147483647 --alph-size nucl:5,aa:21 --max-seq-len 65535 --max-seqs 300 --split 0 --split-mode 2 --split-memory-limit 0 -c 0.4 --cov-mode 0 --comp-bias-corr 1 --diag-score 1 --exact-kmer-matching 0 --mask 1 --mask-lower-case 0 --min-ungapped-score 15 --add-self-matches 0 --spaced-kmer-mode 1 --db-load-mode 0 --pca 1 --pcb 1.5 --threads 32 --compressed 0 -v 3 -s 8.5 

2024-08-08 22:07:08,648 - INFO - 

2024-08-08 22:07:08,648 - INFO - Query database size: 4641 type: Aminoacid

2024-08-08 22:07:08,648 - INFO - Estimated memory consumption: 977M

2024-08-08 22:07:08,648 - INFO - Target database size: 4 type: Aminoacid

2024-08-08 22:07:08,648 - INFO - Index table k-mer threshold: 87 at k-mer size 6 

2024-08-08 22:07:08,648 - INFO - Index table: counting k-mers

2024-08-08 22:07:08,788 - INFO - [=================================================================] 4 0s 5ms

2024-08-08 22:07:08,789 - INFO - Index table: Masked residues: 0

2024-08-08 22:07:08,789 - INFO - Index table: fill

2024-08-08 22:07:09,259 - INFO - [=================================================================] 4 0s 0ms

2024-08-08 22:07:09,259 - INFO - Index statistics

2024-08-08 22:07:09,259 - INFO - Entries:          228

2024-08-08 22:07:09,259 - INFO - DB size:          488 MB

2024-08-08 22:07:09,259 - INFO - Avg k-mer size:   0.000004

2024-08-08 22:07:09,259 - INFO - Top 10 k-mers

2024-08-08 22:07:09,259 - INFO -     LLAKDA	1

2024-08-08 22:07:09,259 - INFO -     YDVWEA	1

2024-08-08 22:07:09,259 - INFO -     RLASGA	1

2024-08-08 22:07:09,259 - INFO -     EPSTGA	1

2024-08-08 22:07:09,260 - INFO -     DLPYLA	1

2024-08-08 22:07:09,260 - INFO -     DFSNRA	1

2024-08-08 22:07:09,260 - INFO -     MKHASA	1

2024-08-08 22:07:09,260 - INFO -     MARGSA	1

2024-08-08 22:07:09,260 - INFO -     VPIKSA	1

2024-08-08 22:07:09,260 - INFO -     NTLPIC	1

2024-08-08 22:07:09,260 - INFO - Time for index table init: 0h 0m 0s 659ms

2024-08-08 22:07:09,260 - INFO - Process prefiltering step 1 of 1

2024-08-08 22:07:09,260 - INFO - 

2024-08-08 22:07:09,260 - INFO - k-mer similarity threshold: 87

2024-08-08 22:07:09,260 - INFO - Starting prefiltering scores calculation (step 1 of 1)

2024-08-08 22:07:09,260 - INFO - Query db start 1 to 4641

2024-08-08 22:07:09,260 - INFO - Target db start 1 to 4

2024-08-08 22:07:18,668 - INFO - [=================================================================] 4.64K 9s 377ms

2024-08-08 22:07:18,669 - INFO - 

2024-08-08 22:07:18,669 - INFO - 3883.681631 k-mers per position

2024-08-08 22:07:18,669 - INFO - 4 DB matches per sequence

2024-08-08 22:07:18,669 - INFO - 0 overflows

2024-08-08 22:07:18,669 - INFO - 0 queries produce too many hits (truncated result)

2024-08-08 22:07:18,669 - INFO - 0 sequences passed prefiltering per query sequence

2024-08-08 22:07:18,669 - INFO - 0 median result list length

2024-08-08 22:07:18,669 - INFO - 4026 sequences with 0 size result lists

2024-08-08 22:07:18,669 - INFO - Time for merging to pref_0: 0h 0m 0s 9ms

2024-08-08 22:07:18,669 - INFO - Time for processing: 0h 0m 10s 384ms

2024-08-08 22:07:18,692 - INFO - align /data/yangy34/database/pharokka/CARD phage_pharokka/GCA_015343595.1_142|77-1027/CARD_target_dir/target_seqs phage_pharokka/GCA_015343595.1_142|77-1027/CARD_tmp_dir//14769133726535669230/pref_0 phage_pharokka/GCA_015343595.1_142|77-1027/CARD/results_CARD --sub-mat nucl:nucleotide.out,aa:blosum62.out -a 0 --alignment-mode 2 --alignment-output-mode 0 --wrapped-scoring 0 -e 0.001 --min-seq-id 0.8 --min-aln-len 0 --seq-id-mode 0 --alt-ali 0 -c 0.4 --cov-mode 0 --max-seq-len 65535 --comp-bias-corr 1 --max-rejected 2147483647 --max-accept 2147483647 --add-self-matches 0 --db-load-mode 0 --pca 1 --pcb 1.5 --score-bias 0 --realign 0 --realign-score-bias -0.2 --realign-max-seqs 2147483647 --gap-open nucl:5,aa:11 --gap-extend nucl:2,aa:1 --zdrop 40 --threads 32 --compressed 0 -v 3 

2024-08-08 22:07:18,692 - INFO - 

2024-08-08 22:07:18,693 - INFO - Compute score and coverage

2024-08-08 22:07:18,693 - INFO - Query database size: 4641 type: Aminoacid

2024-08-08 22:07:18,693 - INFO - Target database size: 4 type: Aminoacid

2024-08-08 22:07:18,693 - INFO - Calculation of alignments

2024-08-08 22:07:18,710 - INFO - [=================================================================] 4.64K 0s 11ms

2024-08-08 22:07:18,710 - INFO - Time for merging to results_CARD: 0h 0m 0s 9ms

2024-08-08 22:07:18,710 - INFO - 16 alignments calculated

2024-08-08 22:07:18,710 - INFO - 0 sequence pairs passed the thresholds (0.000000 of overall calculated)

2024-08-08 22:07:18,710 - INFO - 0.000000 hits per query sequence

2024-08-08 22:07:18,710 - INFO - Time for processing: 0h 0m 0s 35ms

2024-08-08 22:07:18,797 - INFO - createtsv /data/yangy34/database/pharokka/CARD phage_pharokka/GCA_015343595.1_142|77-1027/CARD_target_dir/target_seqs phage_pharokka/GCA_015343595.1_142|77-1027/CARD/results_CARD phage_pharokka/GCA_015343595.1_142|77-1027/CARD_results.tsv --full-header --threads 32 

2024-08-08 22:07:18,797 - INFO - 

2024-08-08 22:07:18,797 - INFO - MMseqs Version:                 	13.45111

2024-08-08 22:07:18,797 - INFO - First sequence as representative	false

2024-08-08 22:07:18,797 - INFO - Target column                   	1

2024-08-08 22:07:18,797 - INFO - Add full header                 	true

2024-08-08 22:07:18,797 - INFO - Sequence source                 	0

2024-08-08 22:07:18,797 - INFO - Database output                 	false

2024-08-08 22:07:18,797 - INFO - Threads                         	32

2024-08-08 22:07:18,797 - INFO - Compressed                      	0

2024-08-08 22:07:18,797 - INFO - Verbosity                       	3

2024-08-08 22:07:18,797 - INFO - 

2024-08-08 22:07:18,797 - INFO - Time for merging to CARD_results.tsv: 0h 0m 0s 14ms

2024-08-08 22:07:18,797 - INFO - Time for processing: 0h 0m 0s 81ms

2024-08-08 22:07:18,800 - INFO - Running mmseqs2 on vfdb.
2024-08-08 22:07:18,860 - INFO - createdb phage_pharokka/GCA_015343595.1_142|77-1027/phanotate_aas_tmp.fasta phage_pharokka/GCA_015343595.1_142|77-1027/vfdb_target_dir/target_seqs 

2024-08-08 22:07:18,860 - INFO - 

2024-08-08 22:07:18,861 - INFO - MMseqs Version:       	13.45111

2024-08-08 22:07:18,861 - INFO - Database type         	0

2024-08-08 22:07:18,861 - INFO - Shuffle input database	true

2024-08-08 22:07:18,861 - INFO - Createdb mode         	0

2024-08-08 22:07:18,861 - INFO - Write lookup file     	1

2024-08-08 22:07:18,861 - INFO - Offset of numeric ids 	0

2024-08-08 22:07:18,861 - INFO - Compressed            	0

2024-08-08 22:07:18,861 - INFO - Verbosity             	3

2024-08-08 22:07:18,861 - INFO - 

2024-08-08 22:07:18,861 - INFO - Converting sequences

2024-08-08 22:07:18,861 - INFO - [

2024-08-08 22:07:18,861 - INFO - Time for merging to target_seqs_h: 0h 0m 0s 7ms

2024-08-08 22:07:18,861 - INFO - Time for merging to target_seqs: 0h 0m 0s 21ms

2024-08-08 22:07:18,861 - INFO - Database type: Aminoacid

2024-08-08 22:07:18,861 - INFO - Time for processing: 0h 0m 0s 56ms

2024-08-08 22:07:18,870 - INFO - Create directory phage_pharokka/GCA_015343595.1_142|77-1027/vfdb_tmp_dir/

2024-08-08 22:07:18,870 - INFO - search --min-seq-id 0.8 -c 0.4 /data/yangy34/database/pharokka/vfdb phage_pharokka/GCA_015343595.1_142|77-1027/vfdb_target_dir/target_seqs phage_pharokka/GCA_015343595.1_142|77-1027/vfdb/results_vfdb phage_pharokka/GCA_015343595.1_142|77-1027/vfdb_tmp_dir/ -s 8.5 --threads 32 

2024-08-08 22:07:18,870 - INFO - 

2024-08-08 22:07:18,870 - INFO - MMseqs Version:                        	13.45111

2024-08-08 22:07:18,870 - INFO - Substitution matrix                    	nucl:nucleotide.out,aa:blosum62.out

2024-08-08 22:07:18,870 - INFO - Add backtrace                          	false

2024-08-08 22:07:18,870 - INFO - Alignment mode                         	2

2024-08-08 22:07:18,870 - INFO - Alignment mode                         	0

2024-08-08 22:07:18,870 - INFO - Allow wrapped scoring                  	false

2024-08-08 22:07:18,870 - INFO - E-value threshold                      	0.001

2024-08-08 22:07:18,870 - INFO - Seq. id. threshold                     	0.8

2024-08-08 22:07:18,870 - INFO - Min alignment length                   	0

2024-08-08 22:07:18,870 - INFO - Seq. id. mode                          	0

2024-08-08 22:07:18,870 - INFO - Alternative alignments                 	0

2024-08-08 22:07:18,870 - INFO - Coverage threshold                     	0.4

2024-08-08 22:07:18,870 - INFO - Coverage mode                          	0

2024-08-08 22:07:18,870 - INFO - Max sequence length                    	65535

2024-08-08 22:07:18,870 - INFO - Compositional bias                     	1

2024-08-08 22:07:18,871 - INFO - Max reject                             	2147483647

2024-08-08 22:07:18,871 - INFO - Max accept                             	2147483647

2024-08-08 22:07:18,871 - INFO - Include identical seq. id.             	false

2024-08-08 22:07:18,871 - INFO - Preload mode                           	0

2024-08-08 22:07:18,871 - INFO - Pseudo count a                         	1

2024-08-08 22:07:18,871 - INFO - Pseudo count b                         	1.5

2024-08-08 22:07:18,871 - INFO - Score bias                             	0

2024-08-08 22:07:18,871 - INFO - Realign hits                           	false

2024-08-08 22:07:18,871 - INFO - Realign score bias                     	-0.2

2024-08-08 22:07:18,871 - INFO - Realign max seqs                       	2147483647

2024-08-08 22:07:18,871 - INFO - Gap open cost                          	nucl:5,aa:11

2024-08-08 22:07:18,871 - INFO - Gap extension cost                     	nucl:2,aa:1

2024-08-08 22:07:18,871 - INFO - Zdrop                                  	40

2024-08-08 22:07:18,871 - INFO - Threads                                	32

2024-08-08 22:07:18,871 - INFO - Compressed                             	0

2024-08-08 22:07:18,871 - INFO - Verbosity                              	3

2024-08-08 22:07:18,871 - INFO - Seed substitution matrix               	nucl:nucleotide.out,aa:VTML80.out

2024-08-08 22:07:18,871 - INFO - Sensitivity                            	8.5

2024-08-08 22:07:18,871 - INFO - k-mer length                           	0

2024-08-08 22:07:18,871 - INFO - k-score                                	2147483647

2024-08-08 22:07:18,871 - INFO - Alphabet size                          	nucl:5,aa:21

2024-08-08 22:07:18,871 - INFO - Max results per query                  	300

2024-08-08 22:07:18,872 - INFO - Split database                         	0

2024-08-08 22:07:18,872 - INFO - Split mode                             	2

2024-08-08 22:07:18,872 - INFO - Split memory limit                     	0

2024-08-08 22:07:18,872 - INFO - Diagonal scoring                       	true

2024-08-08 22:07:18,872 - INFO - Exact k-mer matching                   	0

2024-08-08 22:07:18,872 - INFO - Mask residues                          	1

2024-08-08 22:07:18,872 - INFO - Mask lower case residues               	0

2024-08-08 22:07:18,872 - INFO - Minimum diagonal score                 	15

2024-08-08 22:07:18,872 - INFO - Spaced k-mers                          	1

2024-08-08 22:07:18,872 - INFO - Spaced k-mer pattern                   	

2024-08-08 22:07:18,872 - INFO - Local temporary path                   	

2024-08-08 22:07:18,872 - INFO - Rescore mode                           	0

2024-08-08 22:07:18,872 - INFO - Remove hits by seq. id. and coverage   	false

2024-08-08 22:07:18,872 - INFO - Sort results                           	0

2024-08-08 22:07:18,872 - INFO - Mask profile                           	1

2024-08-08 22:07:18,872 - INFO - Profile E-value threshold              	0.1

2024-08-08 22:07:18,872 - INFO - Global sequence weighting              	false

2024-08-08 22:07:18,872 - INFO - Allow deletions                        	false

2024-08-08 22:07:18,872 - INFO - Filter MSA                             	1

2024-08-08 22:07:18,872 - INFO - Maximum seq. id. threshold             	0.9

2024-08-08 22:07:18,872 - INFO - Minimum seq. id.                       	0

2024-08-08 22:07:18,872 - INFO - Minimum score per column               	-20

2024-08-08 22:07:18,872 - INFO - Minimum coverage                       	0

2024-08-08 22:07:18,873 - INFO - Select N most diverse seqs             	1000

2024-08-08 22:07:18,873 - INFO - Min codons in orf                      	30

2024-08-08 22:07:18,873 - INFO - Max codons in length                   	32734

2024-08-08 22:07:18,873 - INFO - Max orf gaps                           	2147483647

2024-08-08 22:07:18,873 - INFO - Contig start mode                      	2

2024-08-08 22:07:18,873 - INFO - Contig end mode                        	2

2024-08-08 22:07:18,873 - INFO - Orf start mode                         	1

2024-08-08 22:07:18,873 - INFO - Forward frames                         	1,2,3

2024-08-08 22:07:18,873 - INFO - Reverse frames                         	1,2,3

2024-08-08 22:07:18,873 - INFO - Translation table                      	1

2024-08-08 22:07:18,873 - INFO - Translate orf                          	0

2024-08-08 22:07:18,873 - INFO - Use all table starts                   	false

2024-08-08 22:07:18,873 - INFO - Offset of numeric ids                  	0

2024-08-08 22:07:18,873 - INFO - Create lookup                          	0

2024-08-08 22:07:18,873 - INFO - Add orf stop                           	false

2024-08-08 22:07:18,873 - INFO - Overlap between sequences              	0

2024-08-08 22:07:18,873 - INFO - Sequence split mode                    	1

2024-08-08 22:07:18,873 - INFO - Header split mode                      	0

2024-08-08 22:07:18,873 - INFO - Chain overlapping alignments           	0

2024-08-08 22:07:18,873 - INFO - Merge query                            	1

2024-08-08 22:07:18,873 - INFO - Search type                            	0

2024-08-08 22:07:18,873 - INFO - Search iterations                      	1

2024-08-08 22:07:18,874 - INFO - Start sensitivity                      	4

2024-08-08 22:07:18,874 - INFO - Search steps                           	1

2024-08-08 22:07:18,874 - INFO - Exhaustive search mode                 	false

2024-08-08 22:07:18,874 - INFO - Filter results during exhaustive search	0

2024-08-08 22:07:18,874 - INFO - Strand selection                       	1

2024-08-08 22:07:18,874 - INFO - LCA search mode                        	false

2024-08-08 22:07:18,874 - INFO - Disk space limit                       	0

2024-08-08 22:07:18,874 - INFO - MPI runner                             	

2024-08-08 22:07:18,874 - INFO - Force restart with latest tmp          	false

2024-08-08 22:07:18,874 - INFO - Remove temporary files                 	false

2024-08-08 22:07:18,874 - INFO - 

2024-08-08 22:07:19,247 - INFO - prefilter /data/yangy34/database/pharokka/vfdb phage_pharokka/GCA_015343595.1_142|77-1027/vfdb_target_dir/target_seqs phage_pharokka/GCA_015343595.1_142|77-1027/vfdb_tmp_dir//17099190944246194507/pref_0 --sub-mat nucl:nucleotide.out,aa:blosum62.out --seed-sub-mat nucl:nucleotide.out,aa:VTML80.out -k 0 --k-score 2147483647 --alph-size nucl:5,aa:21 --max-seq-len 65535 --max-seqs 300 --split 0 --split-mode 2 --split-memory-limit 0 -c 0.4 --cov-mode 0 --comp-bias-corr 1 --diag-score 1 --exact-kmer-matching 0 --mask 1 --mask-lower-case 0 --min-ungapped-score 15 --add-self-matches 0 --spaced-kmer-mode 1 --db-load-mode 0 --pca 1 --pcb 1.5 --threads 32 --compressed 0 -v 3 -s 8.5 

2024-08-08 22:07:19,247 - INFO - 

2024-08-08 22:07:19,248 - INFO - Query database size: 27504 type: Aminoacid

2024-08-08 22:07:19,248 - INFO - Estimated memory consumption: 977M

2024-08-08 22:07:19,248 - INFO - Target database size: 4 type: Aminoacid

2024-08-08 22:07:19,248 - INFO - Index table k-mer threshold: 87 at k-mer size 6 

2024-08-08 22:07:19,248 - INFO - Index table: counting k-mers

2024-08-08 22:07:19,387 - INFO - [=================================================================] 4 0s 4ms

2024-08-08 22:07:19,388 - INFO - Index table: Masked residues: 0

2024-08-08 22:07:19,388 - INFO - Index table: fill

2024-08-08 22:07:20,720 - INFO - [=================================================================] 4 0s 1ms

2024-08-08 22:07:20,720 - INFO - Index statistics

2024-08-08 22:07:20,720 - INFO - Entries:          228

2024-08-08 22:07:20,720 - INFO - DB size:          488 MB

2024-08-08 22:07:20,720 - INFO - Avg k-mer size:   0.000004

2024-08-08 22:07:20,721 - INFO - Top 10 k-mers

2024-08-08 22:07:20,721 - INFO -     LLAKDA	1

2024-08-08 22:07:20,721 - INFO -     YDVWEA	1

2024-08-08 22:07:20,721 - INFO -     RLASGA	1

2024-08-08 22:07:20,721 - INFO -     EPSTGA	1

2024-08-08 22:07:20,721 - INFO -     DLPYLA	1

2024-08-08 22:07:20,721 - INFO -     DFSNRA	1

2024-08-08 22:07:20,721 - INFO -     MKHASA	1

2024-08-08 22:07:20,721 - INFO -     MARGSA	1

2024-08-08 22:07:20,722 - INFO -     VPIKSA	1

2024-08-08 22:07:20,722 - INFO -     NTLPIC	1

2024-08-08 22:07:20,722 - INFO - Time for index table init: 0h 0m 0s 656ms

2024-08-08 22:07:20,722 - INFO - Process prefiltering step 1 of 1

2024-08-08 22:07:20,722 - INFO - 

2024-08-08 22:07:20,722 - INFO - k-mer similarity threshold: 87

2024-08-08 22:07:20,722 - INFO - Starting prefiltering scores calculation (step 1 of 1)

2024-08-08 22:07:20,722 - INFO - Query db start 1 to 27504

2024-08-08 22:07:20,722 - INFO - Target db start 1 to 4

2024-08-08 22:08:29,264 - INFO - [=================================================================] 27.50K 1m 9s 26ms

2024-08-08 22:08:29,264 - INFO - 

2024-08-08 22:08:29,264 - INFO - 3159.764157 k-mers per position

2024-08-08 22:08:29,265 - INFO - 5 DB matches per sequence

2024-08-08 22:08:29,265 - INFO - 0 overflows

2024-08-08 22:08:29,265 - INFO - 0 queries produce too many hits (truncated result)

2024-08-08 22:08:29,265 - INFO - 0 sequences passed prefiltering per query sequence

2024-08-08 22:08:29,265 - INFO - 0 median result list length

2024-08-08 22:08:29,265 - INFO - 24586 sequences with 0 size result lists

2024-08-08 22:08:29,265 - INFO - Time for merging to pref_0: 0h 0m 0s 19ms

2024-08-08 22:08:29,265 - INFO - Time for processing: 0h 1m 10s 386ms

2024-08-08 22:08:29,303 - INFO - align /data/yangy34/database/pharokka/vfdb phage_pharokka/GCA_015343595.1_142|77-1027/vfdb_target_dir/target_seqs phage_pharokka/GCA_015343595.1_142|77-1027/vfdb_tmp_dir//17099190944246194507/pref_0 phage_pharokka/GCA_015343595.1_142|77-1027/vfdb/results_vfdb --sub-mat nucl:nucleotide.out,aa:blosum62.out -a 0 --alignment-mode 2 --alignment-output-mode 0 --wrapped-scoring 0 -e 0.001 --min-seq-id 0.8 --min-aln-len 0 --seq-id-mode 0 --alt-ali 0 -c 0.4 --cov-mode 0 --max-seq-len 65535 --comp-bias-corr 1 --max-rejected 2147483647 --max-accept 2147483647 --add-self-matches 0 --db-load-mode 0 --pca 1 --pcb 1.5 --score-bias 0 --realign 0 --realign-score-bias -0.2 --realign-max-seqs 2147483647 --gap-open nucl:5,aa:11 --gap-extend nucl:2,aa:1 --zdrop 40 --threads 32 --compressed 0 -v 3 

2024-08-08 22:08:29,303 - INFO - 

2024-08-08 22:08:29,303 - INFO - Compute score and coverage

2024-08-08 22:08:29,303 - INFO - Query database size: 27504 type: Aminoacid

2024-08-08 22:08:29,303 - INFO - Target database size: 4 type: Aminoacid

2024-08-08 22:08:29,303 - INFO - Calculation of alignments

2024-08-08 22:08:29,340 - INFO - [=================================================================] 27.50K 0s 16ms

2024-08-08 22:08:29,340 - INFO - Time for merging to results_vfdb: 0h 0m 0s 17ms

2024-08-08 22:08:29,340 - INFO - 204 alignments calculated

2024-08-08 22:08:29,340 - INFO - 0 sequence pairs passed the thresholds (0.000000 of overall calculated)

2024-08-08 22:08:29,340 - INFO - 0.000000 hits per query sequence

2024-08-08 22:08:29,340 - INFO - Time for processing: 0h 0m 0s 67ms

2024-08-08 22:08:29,681 - INFO - createtsv /data/yangy34/database/pharokka/vfdb phage_pharokka/GCA_015343595.1_142|77-1027/vfdb_target_dir/target_seqs phage_pharokka/GCA_015343595.1_142|77-1027/vfdb/results_vfdb phage_pharokka/GCA_015343595.1_142|77-1027/vfdb_results.tsv --full-header --threads 32 

2024-08-08 22:08:29,681 - INFO - 

2024-08-08 22:08:29,681 - INFO - MMseqs Version:                 	13.45111

2024-08-08 22:08:29,681 - INFO - First sequence as representative	false

2024-08-08 22:08:29,681 - INFO - Target column                   	1

2024-08-08 22:08:29,681 - INFO - Add full header                 	true

2024-08-08 22:08:29,681 - INFO - Sequence source                 	0

2024-08-08 22:08:29,681 - INFO - Database output                 	false

2024-08-08 22:08:29,681 - INFO - Threads                         	32

2024-08-08 22:08:29,681 - INFO - Compressed                      	0

2024-08-08 22:08:29,681 - INFO - Verbosity                       	3

2024-08-08 22:08:29,681 - INFO - 

2024-08-08 22:08:29,681 - INFO - Time for merging to vfdb_results.tsv: 0h 0m 0s 23ms

2024-08-08 22:08:29,681 - INFO - Time for processing: 0h 0m 0s 333ms

2024-08-08 22:08:29,712 - INFO - Post Processing Output.
2024-08-08 22:08:30,032 - INFO - Converting gff to genbank.
2024-08-08 22:08:30,046 - WARNING - /gpfs/gsfs12/users/yangy34/softwares/mambaforge/envs/pharokka-env/lib/python3.10/site-packages/Bio/SeqIO/InsdcIO.py:728: BiopythonWarning: Increasing length of locus line to allow long name. This will result in fields that are not in usual positions.
  warnings.warn(

2024-08-08 22:08:30,060 - INFO - Finding the closest match for each contig in INPHARED using mash.
2024-08-08 22:08:30,093 - INFO - Sketching GCA_015343595.1_53_phages/GCA_015343595.1_142_77_1027_prophage.fasta...

2024-08-08 22:08:30,103 - INFO - Writing to phage_pharokka/GCA_015343595.1_142|77-1027/input_mash_sketch.msh...

2024-08-08 22:08:32,386 - INFO - pharokka has finished
2024-08-08 22:08:32,386 - INFO - Elapsed time: 160.34 seconds
2024-08-08 22:08:32,387 - INFO - If you use pharokka in your research, please cite:
2024-08-08 22:08:32,387 - INFO - George Bouras, Roshan Nepal, Ghais Houtak, Alkis James Psaltis, Peter-John Wormald, Sarah Vreugde.
2024-08-08 22:08:32,387 - INFO - Pharokka: a fast scalable bacteriophage annotation tool.
2024-08-08 22:08:32,387 - INFO - Bioinformatics, Volume 39, Issue 1, January 2023, btac776.
2024-08-08 22:08:32,387 - INFO - https://doi.org/10.1093/bioinformatics/btac776.
2024-08-08 22:08:32,387 - INFO - You should also cite the full list of tools pharokka uses, which can be found at https://github.com/gbouras13/pharokka#citation.
