2024-08-08 22:20:22,952 - INFO - Starting pharokka v1.3.2
2024-08-08 22:20:22,952 - INFO - Input args: Namespace(infile='GCA_015343595.1_53_phages/GCA_015343595.1_798_16_3477_prophage.fasta', outdir='phage_pharokka/GCA_015343595.1_798|16-3477', database='/data/yangy34/database/pharokka', threads='32', force=False, prefix='Default', locustag='Default', gene_predictor='phanotate', meta=False, split=False, coding_table='11', evalue='1E-05', terminase=False, terminase_strand='nothing', terminase_start='nothing', citation=False)
2024-08-08 22:20:22,953 - INFO - Checking database installation.
2024-08-08 22:20:22,981 - INFO - All databases have been successfully checked.
2024-08-08 22:20:22,981 - INFO - Checking dependencies.
2024-08-08 22:20:24,008 - INFO - phan_out version found is v1.5.1.
2024-08-08 22:20:24,008 - INFO - Phanotate version is ok.
2024-08-08 22:20:24,079 - INFO - MMseqs2 version found is v13.45111.
2024-08-08 22:20:24,079 - INFO - MMseqs2 version is ok.
2024-08-08 22:20:24,938 - INFO - tRNAscan-SE version found is v2.45111.11.
2024-08-08 22:20:24,938 - INFO - tRNAscan-SE version is ok.
2024-08-08 22:20:25,571 - INFO - MinCED version found is v0.4.2.
2024-08-08 22:20:25,571 - INFO - MinCED version is ok.
2024-08-08 22:20:25,602 - INFO - ARAGORN version found is v1.2.41.
2024-08-08 22:20:25,602 - INFO - ARAGORN version is ok.
2024-08-08 22:20:25,623 - INFO - mash version found is v2.2.
2024-08-08 22:20:25,623 - INFO - mash version is ok.
2024-08-08 22:20:25,842 - INFO - Running Phanotate.
2024-08-08 22:20:28,034 - INFO - Translating gene predicted fastas.
2024-08-08 22:20:28,062 - INFO - Starting tRNA-scanSE
2024-08-08 22:20:28,201 - INFO - 

2024-08-08 22:20:28,201 - INFO - tRNAscan-SE v.2.0.11 (Oct 2022) - scan sequences for transfer RNAs

2024-08-08 22:20:28,201 - INFO - Copyright (C) 2022 Patricia Chan and Todd Lowe

2024-08-08 22:20:28,201 - INFO -                    University of California Santa Cruz

2024-08-08 22:20:28,201 - INFO - Freely distributed under the GNU General Public License (GPLv3)

2024-08-08 22:20:28,201 - INFO - 

2024-08-08 22:20:28,202 - INFO - ------------------------------------------------------------

2024-08-08 22:20:28,202 - INFO - Sequence file(s) to search:        GCA_015343595.1_53_phages/GCA_015343595.1_798_16_3477_prophage.fasta

2024-08-08 22:20:28,202 - INFO - Search Mode:                       General

2024-08-08 22:20:28,202 - INFO - Results written to:                Standard output

2024-08-08 22:20:28,202 - INFO - Output format:                     Tabular

2024-08-08 22:20:28,202 - INFO - Searching with:                    Infernal single-pass scan

2024-08-08 22:20:28,202 - INFO -                                    Fast mode

2024-08-08 22:20:28,202 - INFO - Covariance model:                  /gpfs/gsfs12/users/yangy34/softwares/mambaforge/envs/pharokka-env/lib/tRNAscan-SE/models/TRNAinf.cm

2024-08-08 22:20:28,202 - INFO - 

2024-08-08 22:20:28,202 - INFO - Temporary directory:               /tmp

2024-08-08 22:20:28,202 - INFO - tRNA predictions saved to:         phage_pharokka/GCA_015343595.1_798|16-3477/trnascan_out.gff

2024-08-08 22:20:28,202 - INFO - ------------------------------------------------------------

2024-08-08 22:20:28,202 - INFO - 

2024-08-08 22:20:28,318 - INFO - No tRNAs found.

2024-08-08 22:20:28,318 - INFO - 

2024-08-08 22:20:28,331 - INFO - Running MinCED.
2024-08-08 22:20:28,484 - INFO - Running Aragorn.
2024-08-08 22:20:28,488 - INFO - Starting MMseqs2.
2024-08-08 22:20:28,488 - INFO - Running MMseqs2 on PHROGs Database.
2024-08-08 22:20:28,575 - INFO - createdb phage_pharokka/GCA_015343595.1_798|16-3477/phanotate_aas_tmp.fasta phage_pharokka/GCA_015343595.1_798|16-3477/target_dir/target_seqs 

2024-08-08 22:20:28,575 - INFO - 

2024-08-08 22:20:28,575 - INFO - MMseqs Version:       	13.45111

2024-08-08 22:20:28,575 - INFO - Database type         	0

2024-08-08 22:20:28,575 - INFO - Shuffle input database	true

2024-08-08 22:20:28,577 - INFO - Createdb mode         	0

2024-08-08 22:20:28,577 - INFO - Write lookup file     	1

2024-08-08 22:20:28,577 - INFO - Offset of numeric ids 	0

2024-08-08 22:20:28,577 - INFO - Compressed            	0

2024-08-08 22:20:28,577 - INFO - Verbosity             	3

2024-08-08 22:20:28,577 - INFO - 

2024-08-08 22:20:28,577 - INFO - Converting sequences

2024-08-08 22:20:28,577 - INFO - [

2024-08-08 22:20:28,577 - INFO - Time for merging to target_seqs_h: 0h 0m 0s 21ms

2024-08-08 22:20:28,577 - INFO - Time for merging to target_seqs: 0h 0m 0s 21ms

2024-08-08 22:20:28,577 - INFO - Database type: Aminoacid

2024-08-08 22:20:28,577 - INFO - Time for processing: 0h 0m 0s 81ms

2024-08-08 22:20:28,587 - INFO - Create directory phage_pharokka/GCA_015343595.1_798|16-3477/tmp_dir/

2024-08-08 22:20:28,587 - INFO - search -e 1E-05 /data/yangy34/database/pharokka/phrogs_profile_db phage_pharokka/GCA_015343595.1_798|16-3477/target_dir/target_seqs phage_pharokka/GCA_015343595.1_798|16-3477/mmseqs/results_mmseqs phage_pharokka/GCA_015343595.1_798|16-3477/tmp_dir/ -s 8.5 --threads 32 

2024-08-08 22:20:28,587 - INFO - 

2024-08-08 22:20:28,587 - INFO - MMseqs Version:                        	13.45111

2024-08-08 22:20:28,587 - INFO - Substitution matrix                    	nucl:nucleotide.out,aa:blosum62.out

2024-08-08 22:20:28,587 - INFO - Add backtrace                          	false

2024-08-08 22:20:28,587 - INFO - Alignment mode                         	2

2024-08-08 22:20:28,587 - INFO - Alignment mode                         	0

2024-08-08 22:20:28,587 - INFO - Allow wrapped scoring                  	false

2024-08-08 22:20:28,587 - INFO - E-value threshold                      	1e-05

2024-08-08 22:20:28,587 - INFO - Seq. id. threshold                     	0

2024-08-08 22:20:28,587 - INFO - Min alignment length                   	0

2024-08-08 22:20:28,587 - INFO - Seq. id. mode                          	0

2024-08-08 22:20:28,587 - INFO - Alternative alignments                 	0

2024-08-08 22:20:28,587 - INFO - Coverage threshold                     	0

2024-08-08 22:20:28,587 - INFO - Coverage mode                          	0

2024-08-08 22:20:28,587 - INFO - Max sequence length                    	65535

2024-08-08 22:20:28,587 - INFO - Compositional bias                     	1

2024-08-08 22:20:28,587 - INFO - Max reject                             	2147483647

2024-08-08 22:20:28,587 - INFO - Max accept                             	2147483647

2024-08-08 22:20:28,587 - INFO - Include identical seq. id.             	false

2024-08-08 22:20:28,588 - INFO - Preload mode                           	0

2024-08-08 22:20:28,588 - INFO - Pseudo count a                         	1

2024-08-08 22:20:28,588 - INFO - Pseudo count b                         	1.5

2024-08-08 22:20:28,588 - INFO - Score bias                             	0

2024-08-08 22:20:28,588 - INFO - Realign hits                           	false

2024-08-08 22:20:28,588 - INFO - Realign score bias                     	-0.2

2024-08-08 22:20:28,588 - INFO - Realign max seqs                       	2147483647

2024-08-08 22:20:28,588 - INFO - Gap open cost                          	nucl:5,aa:11

2024-08-08 22:20:28,588 - INFO - Gap extension cost                     	nucl:2,aa:1

2024-08-08 22:20:28,588 - INFO - Zdrop                                  	40

2024-08-08 22:20:28,588 - INFO - Threads                                	32

2024-08-08 22:20:28,588 - INFO - Compressed                             	0

2024-08-08 22:20:28,588 - INFO - Verbosity                              	3

2024-08-08 22:20:28,588 - INFO - Seed substitution matrix               	nucl:nucleotide.out,aa:VTML80.out

2024-08-08 22:20:28,588 - INFO - Sensitivity                            	8.5

2024-08-08 22:20:28,588 - INFO - k-mer length                           	0

2024-08-08 22:20:28,588 - INFO - k-score                                	2147483647

2024-08-08 22:20:28,588 - INFO - Alphabet size                          	nucl:5,aa:21

2024-08-08 22:20:28,588 - INFO - Max results per query                  	300

2024-08-08 22:20:28,588 - INFO - Split database                         	0

2024-08-08 22:20:28,588 - INFO - Split mode                             	2

2024-08-08 22:20:28,588 - INFO - Split memory limit                     	0

2024-08-08 22:20:28,588 - INFO - Diagonal scoring                       	true

2024-08-08 22:20:28,588 - INFO - Exact k-mer matching                   	0

2024-08-08 22:20:28,589 - INFO - Mask residues                          	1

2024-08-08 22:20:28,589 - INFO - Mask lower case residues               	0

2024-08-08 22:20:28,589 - INFO - Minimum diagonal score                 	15

2024-08-08 22:20:28,589 - INFO - Spaced k-mers                          	1

2024-08-08 22:20:28,589 - INFO - Spaced k-mer pattern                   	

2024-08-08 22:20:28,589 - INFO - Local temporary path                   	

2024-08-08 22:20:28,589 - INFO - Rescore mode                           	0

2024-08-08 22:20:28,589 - INFO - Remove hits by seq. id. and coverage   	false

2024-08-08 22:20:28,589 - INFO - Sort results                           	0

2024-08-08 22:20:28,589 - INFO - Mask profile                           	1

2024-08-08 22:20:28,589 - INFO - Profile E-value threshold              	0.1

2024-08-08 22:20:28,589 - INFO - Global sequence weighting              	false

2024-08-08 22:20:28,589 - INFO - Allow deletions                        	false

2024-08-08 22:20:28,589 - INFO - Filter MSA                             	1

2024-08-08 22:20:28,589 - INFO - Maximum seq. id. threshold             	0.9

2024-08-08 22:20:28,589 - INFO - Minimum seq. id.                       	0

2024-08-08 22:20:28,589 - INFO - Minimum score per column               	-20

2024-08-08 22:20:28,589 - INFO - Minimum coverage                       	0

2024-08-08 22:20:28,589 - INFO - Select N most diverse seqs             	1000

2024-08-08 22:20:28,589 - INFO - Min codons in orf                      	30

2024-08-08 22:20:28,589 - INFO - Max codons in length                   	32734

2024-08-08 22:20:28,589 - INFO - Max orf gaps                           	2147483647

2024-08-08 22:20:28,589 - INFO - Contig start mode                      	2

2024-08-08 22:20:28,589 - INFO - Contig end mode                        	2

2024-08-08 22:20:28,589 - INFO - Orf start mode                         	1

2024-08-08 22:20:28,590 - INFO - Forward frames                         	1,2,3

2024-08-08 22:20:28,590 - INFO - Reverse frames                         	1,2,3

2024-08-08 22:20:28,590 - INFO - Translation table                      	1

2024-08-08 22:20:28,590 - INFO - Translate orf                          	0

2024-08-08 22:20:28,590 - INFO - Use all table starts                   	false

2024-08-08 22:20:28,590 - INFO - Offset of numeric ids                  	0

2024-08-08 22:20:28,590 - INFO - Create lookup                          	0

2024-08-08 22:20:28,590 - INFO - Add orf stop                           	false

2024-08-08 22:20:28,590 - INFO - Overlap between sequences              	0

2024-08-08 22:20:28,590 - INFO - Sequence split mode                    	1

2024-08-08 22:20:28,590 - INFO - Header split mode                      	0

2024-08-08 22:20:28,590 - INFO - Chain overlapping alignments           	0

2024-08-08 22:20:28,590 - INFO - Merge query                            	1

2024-08-08 22:20:28,590 - INFO - Search type                            	0

2024-08-08 22:20:28,590 - INFO - Search iterations                      	1

2024-08-08 22:20:28,590 - INFO - Start sensitivity                      	4

2024-08-08 22:20:28,590 - INFO - Search steps                           	1

2024-08-08 22:20:28,590 - INFO - Exhaustive search mode                 	false

2024-08-08 22:20:28,590 - INFO - Filter results during exhaustive search	0

2024-08-08 22:20:28,590 - INFO - Strand selection                       	1

2024-08-08 22:20:28,590 - INFO - LCA search mode                        	false

2024-08-08 22:20:28,590 - INFO - Disk space limit                       	0

2024-08-08 22:20:28,590 - INFO - MPI runner                             	

2024-08-08 22:20:28,590 - INFO - Force restart with latest tmp          	false

2024-08-08 22:20:28,591 - INFO - Remove temporary files                 	false

2024-08-08 22:20:28,591 - INFO - 

2024-08-08 22:20:28,782 - INFO - prefilter /data/yangy34/database/pharokka/phrogs_profile_db phage_pharokka/GCA_015343595.1_798|16-3477/target_dir/target_seqs phage_pharokka/GCA_015343595.1_798|16-3477/tmp_dir//12382619796745957255/pref_0 --sub-mat nucl:nucleotide.out,aa:blosum62.out --seed-sub-mat nucl:nucleotide.out,aa:VTML80.out -k 0 --k-score 2147483647 --alph-size nucl:5,aa:21 --max-seq-len 65535 --max-seqs 300 --split 0 --split-mode 2 --split-memory-limit 0 -c 0 --cov-mode 0 --comp-bias-corr 1 --diag-score 1 --exact-kmer-matching 0 --mask 1 --mask-lower-case 0 --min-ungapped-score 15 --add-self-matches 0 --spaced-kmer-mode 1 --db-load-mode 0 --pca 1 --pcb 1.5 --threads 32 --compressed 0 -v 3 -s 8.5 

2024-08-08 22:20:28,782 - INFO - 

2024-08-08 22:20:28,782 - INFO - Query database size: 38880 type: Profile

2024-08-08 22:20:28,782 - INFO - Estimated memory consumption: 488M

2024-08-08 22:20:28,783 - INFO - Target database size: 4 type: Aminoacid

2024-08-08 22:20:28,783 - INFO - Index table k-mer threshold: 0 at k-mer size 6 

2024-08-08 22:20:28,783 - INFO - Index table: counting k-mers

2024-08-08 22:20:28,907 - INFO - [=================================================================] 4 0s 2ms

2024-08-08 22:20:28,907 - INFO - Index table: Masked residues: 0

2024-08-08 22:20:28,908 - INFO - Index table: fill

2024-08-08 22:20:30,123 - INFO - [=================================================================] 4 0s 0ms

2024-08-08 22:20:30,123 - INFO - Index statistics

2024-08-08 22:20:30,123 - INFO - Entries:          1067

2024-08-08 22:20:30,124 - INFO - DB size:          488 MB

2024-08-08 22:20:30,124 - INFO - Avg k-mer size:   0.000017

2024-08-08 22:20:30,124 - INFO - Top 10 k-mers

2024-08-08 22:20:30,124 - INFO -     NYLVYF	2

2024-08-08 22:20:30,124 - INFO -     NECKAA	1

2024-08-08 22:20:30,124 - INFO -     ASFQAA	1

2024-08-08 22:20:30,124 - INFO -     FKIKDA	1

2024-08-08 22:20:30,124 - INFO -     RVGSDA	1

2024-08-08 22:20:30,124 - INFO -     SHEKEA	1

2024-08-08 22:20:30,124 - INFO -     HMTKEA	1

2024-08-08 22:20:30,124 - INFO -     GCVREA	1

2024-08-08 22:20:30,124 - INFO -     GLESEA	1

2024-08-08 22:20:30,124 - INFO -     THGDFA	1

2024-08-08 22:20:30,124 - INFO - Time for index table init: 0h 0m 0s 430ms

2024-08-08 22:20:30,124 - INFO - Process prefiltering step 1 of 1

2024-08-08 22:20:30,124 - INFO - 

2024-08-08 22:20:30,124 - INFO - k-mer similarity threshold: 81

2024-08-08 22:20:30,125 - INFO - Starting prefiltering scores calculation (step 1 of 1)

2024-08-08 22:20:30,125 - INFO - Query db start 1 to 38880

2024-08-08 22:20:30,125 - INFO - Target db start 1 to 4

2024-08-08 22:21:36,738 - INFO - [=================================================================] 38.88K 1m 7s 362ms

2024-08-08 22:21:36,738 - INFO - 

2024-08-08 22:21:36,738 - INFO - 5386.328443 k-mers per position

2024-08-08 22:21:36,738 - INFO - 14 DB matches per sequence

2024-08-08 22:21:36,738 - INFO - 0 overflows

2024-08-08 22:21:36,739 - INFO - 0 queries produce too many hits (truncated result)

2024-08-08 22:21:36,739 - INFO - 0 sequences passed prefiltering per query sequence

2024-08-08 22:21:36,739 - INFO - 0 median result list length

2024-08-08 22:21:36,739 - INFO - 29084 sequences with 0 size result lists

2024-08-08 22:21:36,739 - INFO - Time for merging to pref_0: 0h 0m 0s 23ms

2024-08-08 22:21:36,739 - INFO - Time for processing: 0h 1m 8s 143ms

2024-08-08 22:21:36,842 - INFO - align /data/yangy34/database/pharokka/phrogs_profile_db phage_pharokka/GCA_015343595.1_798|16-3477/target_dir/target_seqs phage_pharokka/GCA_015343595.1_798|16-3477/tmp_dir//12382619796745957255/pref_0 phage_pharokka/GCA_015343595.1_798|16-3477/mmseqs/results_mmseqs --sub-mat nucl:nucleotide.out,aa:blosum62.out -a 0 --alignment-mode 2 --alignment-output-mode 0 --wrapped-scoring 0 -e 1e-05 --min-seq-id 0 --min-aln-len 0 --seq-id-mode 0 --alt-ali 0 -c 0 --cov-mode 0 --max-seq-len 65535 --comp-bias-corr 1 --max-rejected 2147483647 --max-accept 2147483647 --add-self-matches 0 --db-load-mode 0 --pca 1 --pcb 1.5 --score-bias 0 --realign 0 --realign-score-bias -0.2 --realign-max-seqs 2147483647 --gap-open nucl:5,aa:11 --gap-extend nucl:2,aa:1 --zdrop 40 --threads 32 --compressed 0 -v 3 

2024-08-08 22:21:36,842 - INFO - 

2024-08-08 22:21:36,842 - INFO - Compute score and coverage

2024-08-08 22:21:36,842 - INFO - Query database size: 38880 type: Profile

2024-08-08 22:21:36,842 - INFO - Target database size: 4 type: Aminoacid

2024-08-08 22:21:36,842 - INFO - Calculation of alignments

2024-08-08 22:21:37,138 - INFO - [=================================================================] 38.88K 0s 289ms

2024-08-08 22:21:37,138 - INFO - Time for merging to results_mmseqs: 0h 0m 0s 21ms

2024-08-08 22:21:37,139 - INFO - 11952 alignments calculated

2024-08-08 22:21:37,139 - INFO - 8 sequence pairs passed the thresholds (0.000669 of overall calculated)

2024-08-08 22:21:37,139 - INFO - 0.000206 hits per query sequence

2024-08-08 22:21:37,139 - INFO - Time for processing: 0h 0m 0s 393ms

2024-08-08 22:21:37,249 - INFO - createtsv /data/yangy34/database/pharokka/phrogs_profile_db phage_pharokka/GCA_015343595.1_798|16-3477/target_dir/target_seqs phage_pharokka/GCA_015343595.1_798|16-3477/mmseqs/results_mmseqs phage_pharokka/GCA_015343595.1_798|16-3477/mmseqs_results.tsv --full-header --threads 32 

2024-08-08 22:21:37,249 - INFO - 

2024-08-08 22:21:37,249 - INFO - MMseqs Version:                 	13.45111

2024-08-08 22:21:37,249 - INFO - First sequence as representative	false

2024-08-08 22:21:37,249 - INFO - Target column                   	1

2024-08-08 22:21:37,249 - INFO - Add full header                 	true

2024-08-08 22:21:37,249 - INFO - Sequence source                 	0

2024-08-08 22:21:37,249 - INFO - Database output                 	false

2024-08-08 22:21:37,249 - INFO - Threads                         	32

2024-08-08 22:21:37,249 - INFO - Compressed                      	0

2024-08-08 22:21:37,249 - INFO - Verbosity                       	3

2024-08-08 22:21:37,249 - INFO - 

2024-08-08 22:21:37,249 - INFO - Time for merging to mmseqs_results.tsv: 0h 0m 0s 27ms

2024-08-08 22:21:37,249 - INFO - Time for processing: 0h 0m 0s 101ms

2024-08-08 22:21:37,279 - INFO - Running mmseqs2 on CARD.
2024-08-08 22:21:37,341 - INFO - createdb phage_pharokka/GCA_015343595.1_798|16-3477/phanotate_aas_tmp.fasta phage_pharokka/GCA_015343595.1_798|16-3477/CARD_target_dir/target_seqs 

2024-08-08 22:21:37,341 - INFO - 

2024-08-08 22:21:37,341 - INFO - MMseqs Version:       	13.45111

2024-08-08 22:21:37,341 - INFO - Database type         	0

2024-08-08 22:21:37,341 - INFO - Shuffle input database	true

2024-08-08 22:21:37,341 - INFO - Createdb mode         	0

2024-08-08 22:21:37,341 - INFO - Write lookup file     	1

2024-08-08 22:21:37,341 - INFO - Offset of numeric ids 	0

2024-08-08 22:21:37,341 - INFO - Compressed            	0

2024-08-08 22:21:37,341 - INFO - Verbosity             	3

2024-08-08 22:21:37,341 - INFO - 

2024-08-08 22:21:37,341 - INFO - Converting sequences

2024-08-08 22:21:37,341 - INFO - [

2024-08-08 22:21:37,342 - INFO - Time for merging to target_seqs_h: 0h 0m 0s 7ms

2024-08-08 22:21:37,342 - INFO - Time for merging to target_seqs: 0h 0m 0s 19ms

2024-08-08 22:21:37,342 - INFO - Database type: Aminoacid

2024-08-08 22:21:37,342 - INFO - Time for processing: 0h 0m 0s 57ms

2024-08-08 22:21:37,349 - INFO - Create directory phage_pharokka/GCA_015343595.1_798|16-3477/CARD_tmp_dir/

2024-08-08 22:21:37,349 - INFO - search --min-seq-id 0.8 -c 0.4 /data/yangy34/database/pharokka/CARD phage_pharokka/GCA_015343595.1_798|16-3477/CARD_target_dir/target_seqs phage_pharokka/GCA_015343595.1_798|16-3477/CARD/results_CARD phage_pharokka/GCA_015343595.1_798|16-3477/CARD_tmp_dir/ -s 8.5 --threads 32 

2024-08-08 22:21:37,349 - INFO - 

2024-08-08 22:21:37,349 - INFO - MMseqs Version:                        	13.45111

2024-08-08 22:21:37,349 - INFO - Substitution matrix                    	nucl:nucleotide.out,aa:blosum62.out

2024-08-08 22:21:37,349 - INFO - Add backtrace                          	false

2024-08-08 22:21:37,349 - INFO - Alignment mode                         	2

2024-08-08 22:21:37,349 - INFO - Alignment mode                         	0

2024-08-08 22:21:37,350 - INFO - Allow wrapped scoring                  	false

2024-08-08 22:21:37,350 - INFO - E-value threshold                      	0.001

2024-08-08 22:21:37,350 - INFO - Seq. id. threshold                     	0.8

2024-08-08 22:21:37,350 - INFO - Min alignment length                   	0

2024-08-08 22:21:37,350 - INFO - Seq. id. mode                          	0

2024-08-08 22:21:37,350 - INFO - Alternative alignments                 	0

2024-08-08 22:21:37,350 - INFO - Coverage threshold                     	0.4

2024-08-08 22:21:37,350 - INFO - Coverage mode                          	0

2024-08-08 22:21:37,350 - INFO - Max sequence length                    	65535

2024-08-08 22:21:37,350 - INFO - Compositional bias                     	1

2024-08-08 22:21:37,350 - INFO - Max reject                             	2147483647

2024-08-08 22:21:37,350 - INFO - Max accept                             	2147483647

2024-08-08 22:21:37,350 - INFO - Include identical seq. id.             	false

2024-08-08 22:21:37,350 - INFO - Preload mode                           	0

2024-08-08 22:21:37,350 - INFO - Pseudo count a                         	1

2024-08-08 22:21:37,350 - INFO - Pseudo count b                         	1.5

2024-08-08 22:21:37,350 - INFO - Score bias                             	0

2024-08-08 22:21:37,350 - INFO - Realign hits                           	false

2024-08-08 22:21:37,350 - INFO - Realign score bias                     	-0.2

2024-08-08 22:21:37,350 - INFO - Realign max seqs                       	2147483647

2024-08-08 22:21:37,350 - INFO - Gap open cost                          	nucl:5,aa:11

2024-08-08 22:21:37,350 - INFO - Gap extension cost                     	nucl:2,aa:1

2024-08-08 22:21:37,350 - INFO - Zdrop                                  	40

2024-08-08 22:21:37,350 - INFO - Threads                                	32

2024-08-08 22:21:37,351 - INFO - Compressed                             	0

2024-08-08 22:21:37,351 - INFO - Verbosity                              	3

2024-08-08 22:21:37,351 - INFO - Seed substitution matrix               	nucl:nucleotide.out,aa:VTML80.out

2024-08-08 22:21:37,351 - INFO - Sensitivity                            	8.5

2024-08-08 22:21:37,351 - INFO - k-mer length                           	0

2024-08-08 22:21:37,351 - INFO - k-score                                	2147483647

2024-08-08 22:21:37,351 - INFO - Alphabet size                          	nucl:5,aa:21

2024-08-08 22:21:37,351 - INFO - Max results per query                  	300

2024-08-08 22:21:37,351 - INFO - Split database                         	0

2024-08-08 22:21:37,351 - INFO - Split mode                             	2

2024-08-08 22:21:37,351 - INFO - Split memory limit                     	0

2024-08-08 22:21:37,351 - INFO - Diagonal scoring                       	true

2024-08-08 22:21:37,351 - INFO - Exact k-mer matching                   	0

2024-08-08 22:21:37,351 - INFO - Mask residues                          	1

2024-08-08 22:21:37,351 - INFO - Mask lower case residues               	0

2024-08-08 22:21:37,351 - INFO - Minimum diagonal score                 	15

2024-08-08 22:21:37,351 - INFO - Spaced k-mers                          	1

2024-08-08 22:21:37,351 - INFO - Spaced k-mer pattern                   	

2024-08-08 22:21:37,351 - INFO - Local temporary path                   	

2024-08-08 22:21:37,351 - INFO - Rescore mode                           	0

2024-08-08 22:21:37,351 - INFO - Remove hits by seq. id. and coverage   	false

2024-08-08 22:21:37,351 - INFO - Sort results                           	0

2024-08-08 22:21:37,351 - INFO - Mask profile                           	1

2024-08-08 22:21:37,351 - INFO - Profile E-value threshold              	0.1

2024-08-08 22:21:37,351 - INFO - Global sequence weighting              	false

2024-08-08 22:21:37,352 - INFO - Allow deletions                        	false

2024-08-08 22:21:37,352 - INFO - Filter MSA                             	1

2024-08-08 22:21:37,352 - INFO - Maximum seq. id. threshold             	0.9

2024-08-08 22:21:37,352 - INFO - Minimum seq. id.                       	0

2024-08-08 22:21:37,352 - INFO - Minimum score per column               	-20

2024-08-08 22:21:37,352 - INFO - Minimum coverage                       	0

2024-08-08 22:21:37,352 - INFO - Select N most diverse seqs             	1000

2024-08-08 22:21:37,352 - INFO - Min codons in orf                      	30

2024-08-08 22:21:37,352 - INFO - Max codons in length                   	32734

2024-08-08 22:21:37,352 - INFO - Max orf gaps                           	2147483647

2024-08-08 22:21:37,352 - INFO - Contig start mode                      	2

2024-08-08 22:21:37,352 - INFO - Contig end mode                        	2

2024-08-08 22:21:37,352 - INFO - Orf start mode                         	1

2024-08-08 22:21:37,352 - INFO - Forward frames                         	1,2,3

2024-08-08 22:21:37,352 - INFO - Reverse frames                         	1,2,3

2024-08-08 22:21:37,352 - INFO - Translation table                      	1

2024-08-08 22:21:37,352 - INFO - Translate orf                          	0

2024-08-08 22:21:37,352 - INFO - Use all table starts                   	false

2024-08-08 22:21:37,352 - INFO - Offset of numeric ids                  	0

2024-08-08 22:21:37,352 - INFO - Create lookup                          	0

2024-08-08 22:21:37,352 - INFO - Add orf stop                           	false

2024-08-08 22:21:37,352 - INFO - Overlap between sequences              	0

2024-08-08 22:21:37,352 - INFO - Sequence split mode                    	1

2024-08-08 22:21:37,352 - INFO - Header split mode                      	0

2024-08-08 22:21:37,352 - INFO - Chain overlapping alignments           	0

2024-08-08 22:21:37,353 - INFO - Merge query                            	1

2024-08-08 22:21:37,353 - INFO - Search type                            	0

2024-08-08 22:21:37,353 - INFO - Search iterations                      	1

2024-08-08 22:21:37,353 - INFO - Start sensitivity                      	4

2024-08-08 22:21:37,353 - INFO - Search steps                           	1

2024-08-08 22:21:37,353 - INFO - Exhaustive search mode                 	false

2024-08-08 22:21:37,353 - INFO - Filter results during exhaustive search	0

2024-08-08 22:21:37,353 - INFO - Strand selection                       	1

2024-08-08 22:21:37,353 - INFO - LCA search mode                        	false

2024-08-08 22:21:37,353 - INFO - Disk space limit                       	0

2024-08-08 22:21:37,353 - INFO - MPI runner                             	

2024-08-08 22:21:37,353 - INFO - Force restart with latest tmp          	false

2024-08-08 22:21:37,353 - INFO - Remove temporary files                 	false

2024-08-08 22:21:37,353 - INFO - 

2024-08-08 22:21:37,501 - INFO - prefilter /data/yangy34/database/pharokka/CARD phage_pharokka/GCA_015343595.1_798|16-3477/CARD_target_dir/target_seqs phage_pharokka/GCA_015343595.1_798|16-3477/CARD_tmp_dir//17028693179964321484/pref_0 --sub-mat nucl:nucleotide.out,aa:blosum62.out --seed-sub-mat nucl:nucleotide.out,aa:VTML80.out -k 0 --k-score 2147483647 --alph-size nucl:5,aa:21 --max-seq-len 65535 --max-seqs 300 --split 0 --split-mode 2 --split-memory-limit 0 -c 0.4 --cov-mode 0 --comp-bias-corr 1 --diag-score 1 --exact-kmer-matching 0 --mask 1 --mask-lower-case 0 --min-ungapped-score 15 --add-self-matches 0 --spaced-kmer-mode 1 --db-load-mode 0 --pca 1 --pcb 1.5 --threads 32 --compressed 0 -v 3 -s 8.5 

2024-08-08 22:21:37,501 - INFO - 

2024-08-08 22:21:37,501 - INFO - Query database size: 4641 type: Aminoacid

2024-08-08 22:21:37,501 - INFO - Estimated memory consumption: 977M

2024-08-08 22:21:37,501 - INFO - Target database size: 4 type: Aminoacid

2024-08-08 22:21:37,501 - INFO - Index table k-mer threshold: 87 at k-mer size 6 

2024-08-08 22:21:37,502 - INFO - Index table: counting k-mers

2024-08-08 22:21:37,668 - INFO - [=================================================================] 4 0s 6ms

2024-08-08 22:21:37,668 - INFO - Index table: Masked residues: 0

2024-08-08 22:21:37,668 - INFO - Index table: fill

2024-08-08 22:21:38,156 - INFO - [=================================================================] 4 0s 2ms

2024-08-08 22:21:38,156 - INFO - Index statistics

2024-08-08 22:21:38,156 - INFO - Entries:          1067

2024-08-08 22:21:38,156 - INFO - DB size:          488 MB

2024-08-08 22:21:38,156 - INFO - Avg k-mer size:   0.000017

2024-08-08 22:21:38,156 - INFO - Top 10 k-mers

2024-08-08 22:21:38,156 - INFO -     NYLVYF	2

2024-08-08 22:21:38,156 - INFO -     NECKAA	1

2024-08-08 22:21:38,156 - INFO -     ASFQAA	1

2024-08-08 22:21:38,156 - INFO -     FKIKDA	1

2024-08-08 22:21:38,156 - INFO -     RVGSDA	1

2024-08-08 22:21:38,156 - INFO -     SHEKEA	1

2024-08-08 22:21:38,156 - INFO -     HMTKEA	1

2024-08-08 22:21:38,157 - INFO -     GCVREA	1

2024-08-08 22:21:38,157 - INFO -     GLESEA	1

2024-08-08 22:21:38,157 - INFO -     THGDFA	1

2024-08-08 22:21:38,157 - INFO - Time for index table init: 0h 0m 0s 502ms

2024-08-08 22:21:38,157 - INFO - Process prefiltering step 1 of 1

2024-08-08 22:21:38,157 - INFO - 

2024-08-08 22:21:38,157 - INFO - k-mer similarity threshold: 87

2024-08-08 22:21:38,157 - INFO - Starting prefiltering scores calculation (step 1 of 1)

2024-08-08 22:21:38,157 - INFO - Query db start 1 to 4641

2024-08-08 22:21:38,157 - INFO - Target db start 1 to 4

2024-08-08 22:21:47,411 - INFO - [=================================================================] 4.64K 9s 277ms

2024-08-08 22:21:47,411 - INFO - 

2024-08-08 22:21:47,411 - INFO - 3883.681631 k-mers per position

2024-08-08 22:21:47,411 - INFO - 22 DB matches per sequence

2024-08-08 22:21:47,411 - INFO - 0 overflows

2024-08-08 22:21:47,411 - INFO - 0 queries produce too many hits (truncated result)

2024-08-08 22:21:47,411 - INFO - 0 sequences passed prefiltering per query sequence

2024-08-08 22:21:47,412 - INFO - 0 median result list length

2024-08-08 22:21:47,412 - INFO - 3598 sequences with 0 size result lists

2024-08-08 22:21:47,412 - INFO - Time for merging to pref_0: 0h 0m 0s 11ms

2024-08-08 22:21:47,412 - INFO - Time for processing: 0h 0m 10s 54ms

2024-08-08 22:21:47,435 - INFO - align /data/yangy34/database/pharokka/CARD phage_pharokka/GCA_015343595.1_798|16-3477/CARD_target_dir/target_seqs phage_pharokka/GCA_015343595.1_798|16-3477/CARD_tmp_dir//17028693179964321484/pref_0 phage_pharokka/GCA_015343595.1_798|16-3477/CARD/results_CARD --sub-mat nucl:nucleotide.out,aa:blosum62.out -a 0 --alignment-mode 2 --alignment-output-mode 0 --wrapped-scoring 0 -e 0.001 --min-seq-id 0.8 --min-aln-len 0 --seq-id-mode 0 --alt-ali 0 -c 0.4 --cov-mode 0 --max-seq-len 65535 --comp-bias-corr 1 --max-rejected 2147483647 --max-accept 2147483647 --add-self-matches 0 --db-load-mode 0 --pca 1 --pcb 1.5 --score-bias 0 --realign 0 --realign-score-bias -0.2 --realign-max-seqs 2147483647 --gap-open nucl:5,aa:11 --gap-extend nucl:2,aa:1 --zdrop 40 --threads 32 --compressed 0 -v 3 

2024-08-08 22:21:47,435 - INFO - 

2024-08-08 22:21:47,435 - INFO - Compute score and coverage

2024-08-08 22:21:47,435 - INFO - Query database size: 4641 type: Aminoacid

2024-08-08 22:21:47,435 - INFO - Target database size: 4 type: Aminoacid

2024-08-08 22:21:47,436 - INFO - Calculation of alignments

2024-08-08 22:21:47,461 - INFO - [=================================================================] 4.64K 0s 16ms

2024-08-08 22:21:47,462 - INFO - Time for merging to results_CARD: 0h 0m 0s 9ms

2024-08-08 22:21:47,462 - INFO - 1019 alignments calculated

2024-08-08 22:21:47,462 - INFO - 0 sequence pairs passed the thresholds (0.000000 of overall calculated)

2024-08-08 22:21:47,462 - INFO - 0.000000 hits per query sequence

2024-08-08 22:21:47,462 - INFO - Time for processing: 0h 0m 0s 43ms

2024-08-08 22:21:47,527 - INFO - createtsv /data/yangy34/database/pharokka/CARD phage_pharokka/GCA_015343595.1_798|16-3477/CARD_target_dir/target_seqs phage_pharokka/GCA_015343595.1_798|16-3477/CARD/results_CARD phage_pharokka/GCA_015343595.1_798|16-3477/CARD_results.tsv --full-header --threads 32 

2024-08-08 22:21:47,528 - INFO - 

2024-08-08 22:21:47,528 - INFO - MMseqs Version:                 	13.45111

2024-08-08 22:21:47,528 - INFO - First sequence as representative	false

2024-08-08 22:21:47,528 - INFO - Target column                   	1

2024-08-08 22:21:47,528 - INFO - Add full header                 	true

2024-08-08 22:21:47,528 - INFO - Sequence source                 	0

2024-08-08 22:21:47,528 - INFO - Database output                 	false

2024-08-08 22:21:47,528 - INFO - Threads                         	32

2024-08-08 22:21:47,528 - INFO - Compressed                      	0

2024-08-08 22:21:47,528 - INFO - Verbosity                       	3

2024-08-08 22:21:47,528 - INFO - 

2024-08-08 22:21:47,528 - INFO - Time for merging to CARD_results.tsv: 0h 0m 0s 13ms

2024-08-08 22:21:47,528 - INFO - Time for processing: 0h 0m 0s 59ms

2024-08-08 22:21:47,531 - INFO - Running mmseqs2 on vfdb.
2024-08-08 22:21:47,590 - INFO - createdb phage_pharokka/GCA_015343595.1_798|16-3477/phanotate_aas_tmp.fasta phage_pharokka/GCA_015343595.1_798|16-3477/vfdb_target_dir/target_seqs 

2024-08-08 22:21:47,590 - INFO - 

2024-08-08 22:21:47,590 - INFO - MMseqs Version:       	13.45111

2024-08-08 22:21:47,590 - INFO - Database type         	0

2024-08-08 22:21:47,590 - INFO - Shuffle input database	true

2024-08-08 22:21:47,590 - INFO - Createdb mode         	0

2024-08-08 22:21:47,590 - INFO - Write lookup file     	1

2024-08-08 22:21:47,590 - INFO - Offset of numeric ids 	0

2024-08-08 22:21:47,590 - INFO - Compressed            	0

2024-08-08 22:21:47,590 - INFO - Verbosity             	3

2024-08-08 22:21:47,590 - INFO - 

2024-08-08 22:21:47,590 - INFO - Converting sequences

2024-08-08 22:21:47,590 - INFO - [

2024-08-08 22:21:47,590 - INFO - Time for merging to target_seqs_h: 0h 0m 0s 6ms

2024-08-08 22:21:47,590 - INFO - Time for merging to target_seqs: 0h 0m 0s 19ms

2024-08-08 22:21:47,590 - INFO - Database type: Aminoacid

2024-08-08 22:21:47,590 - INFO - Time for processing: 0h 0m 0s 53ms

2024-08-08 22:21:47,598 - INFO - Create directory phage_pharokka/GCA_015343595.1_798|16-3477/vfdb_tmp_dir/

2024-08-08 22:21:47,598 - INFO - search --min-seq-id 0.8 -c 0.4 /data/yangy34/database/pharokka/vfdb phage_pharokka/GCA_015343595.1_798|16-3477/vfdb_target_dir/target_seqs phage_pharokka/GCA_015343595.1_798|16-3477/vfdb/results_vfdb phage_pharokka/GCA_015343595.1_798|16-3477/vfdb_tmp_dir/ -s 8.5 --threads 32 

2024-08-08 22:21:47,598 - INFO - 

2024-08-08 22:21:47,598 - INFO - MMseqs Version:                        	13.45111

2024-08-08 22:21:47,598 - INFO - Substitution matrix                    	nucl:nucleotide.out,aa:blosum62.out

2024-08-08 22:21:47,598 - INFO - Add backtrace                          	false

2024-08-08 22:21:47,598 - INFO - Alignment mode                         	2

2024-08-08 22:21:47,598 - INFO - Alignment mode                         	0

2024-08-08 22:21:47,598 - INFO - Allow wrapped scoring                  	false

2024-08-08 22:21:47,598 - INFO - E-value threshold                      	0.001

2024-08-08 22:21:47,598 - INFO - Seq. id. threshold                     	0.8

2024-08-08 22:21:47,598 - INFO - Min alignment length                   	0

2024-08-08 22:21:47,598 - INFO - Seq. id. mode                          	0

2024-08-08 22:21:47,599 - INFO - Alternative alignments                 	0

2024-08-08 22:21:47,599 - INFO - Coverage threshold                     	0.4

2024-08-08 22:21:47,599 - INFO - Coverage mode                          	0

2024-08-08 22:21:47,599 - INFO - Max sequence length                    	65535

2024-08-08 22:21:47,599 - INFO - Compositional bias                     	1

2024-08-08 22:21:47,599 - INFO - Max reject                             	2147483647

2024-08-08 22:21:47,599 - INFO - Max accept                             	2147483647

2024-08-08 22:21:47,599 - INFO - Include identical seq. id.             	false

2024-08-08 22:21:47,599 - INFO - Preload mode                           	0

2024-08-08 22:21:47,599 - INFO - Pseudo count a                         	1

2024-08-08 22:21:47,599 - INFO - Pseudo count b                         	1.5

2024-08-08 22:21:47,599 - INFO - Score bias                             	0

2024-08-08 22:21:47,599 - INFO - Realign hits                           	false

2024-08-08 22:21:47,599 - INFO - Realign score bias                     	-0.2

2024-08-08 22:21:47,599 - INFO - Realign max seqs                       	2147483647

2024-08-08 22:21:47,599 - INFO - Gap open cost                          	nucl:5,aa:11

2024-08-08 22:21:47,599 - INFO - Gap extension cost                     	nucl:2,aa:1

2024-08-08 22:21:47,599 - INFO - Zdrop                                  	40

2024-08-08 22:21:47,599 - INFO - Threads                                	32

2024-08-08 22:21:47,599 - INFO - Compressed                             	0

2024-08-08 22:21:47,599 - INFO - Verbosity                              	3

2024-08-08 22:21:47,599 - INFO - Seed substitution matrix               	nucl:nucleotide.out,aa:VTML80.out

2024-08-08 22:21:47,599 - INFO - Sensitivity                            	8.5

2024-08-08 22:21:47,599 - INFO - k-mer length                           	0

2024-08-08 22:21:47,599 - INFO - k-score                                	2147483647

2024-08-08 22:21:47,600 - INFO - Alphabet size                          	nucl:5,aa:21

2024-08-08 22:21:47,600 - INFO - Max results per query                  	300

2024-08-08 22:21:47,600 - INFO - Split database                         	0

2024-08-08 22:21:47,600 - INFO - Split mode                             	2

2024-08-08 22:21:47,600 - INFO - Split memory limit                     	0

2024-08-08 22:21:47,600 - INFO - Diagonal scoring                       	true

2024-08-08 22:21:47,600 - INFO - Exact k-mer matching                   	0

2024-08-08 22:21:47,600 - INFO - Mask residues                          	1

2024-08-08 22:21:47,600 - INFO - Mask lower case residues               	0

2024-08-08 22:21:47,600 - INFO - Minimum diagonal score                 	15

2024-08-08 22:21:47,600 - INFO - Spaced k-mers                          	1

2024-08-08 22:21:47,600 - INFO - Spaced k-mer pattern                   	

2024-08-08 22:21:47,600 - INFO - Local temporary path                   	

2024-08-08 22:21:47,600 - INFO - Rescore mode                           	0

2024-08-08 22:21:47,600 - INFO - Remove hits by seq. id. and coverage   	false

2024-08-08 22:21:47,600 - INFO - Sort results                           	0

2024-08-08 22:21:47,600 - INFO - Mask profile                           	1

2024-08-08 22:21:47,600 - INFO - Profile E-value threshold              	0.1

2024-08-08 22:21:47,600 - INFO - Global sequence weighting              	false

2024-08-08 22:21:47,600 - INFO - Allow deletions                        	false

2024-08-08 22:21:47,600 - INFO - Filter MSA                             	1

2024-08-08 22:21:47,600 - INFO - Maximum seq. id. threshold             	0.9

2024-08-08 22:21:47,600 - INFO - Minimum seq. id.                       	0

2024-08-08 22:21:47,600 - INFO - Minimum score per column               	-20

2024-08-08 22:21:47,600 - INFO - Minimum coverage                       	0

2024-08-08 22:21:47,601 - INFO - Select N most diverse seqs             	1000

2024-08-08 22:21:47,601 - INFO - Min codons in orf                      	30

2024-08-08 22:21:47,601 - INFO - Max codons in length                   	32734

2024-08-08 22:21:47,601 - INFO - Max orf gaps                           	2147483647

2024-08-08 22:21:47,601 - INFO - Contig start mode                      	2

2024-08-08 22:21:47,601 - INFO - Contig end mode                        	2

2024-08-08 22:21:47,601 - INFO - Orf start mode                         	1

2024-08-08 22:21:47,601 - INFO - Forward frames                         	1,2,3

2024-08-08 22:21:47,601 - INFO - Reverse frames                         	1,2,3

2024-08-08 22:21:47,601 - INFO - Translation table                      	1

2024-08-08 22:21:47,601 - INFO - Translate orf                          	0

2024-08-08 22:21:47,601 - INFO - Use all table starts                   	false

2024-08-08 22:21:47,601 - INFO - Offset of numeric ids                  	0

2024-08-08 22:21:47,601 - INFO - Create lookup                          	0

2024-08-08 22:21:47,601 - INFO - Add orf stop                           	false

2024-08-08 22:21:47,601 - INFO - Overlap between sequences              	0

2024-08-08 22:21:47,601 - INFO - Sequence split mode                    	1

2024-08-08 22:21:47,601 - INFO - Header split mode                      	0

2024-08-08 22:21:47,601 - INFO - Chain overlapping alignments           	0

2024-08-08 22:21:47,601 - INFO - Merge query                            	1

2024-08-08 22:21:47,601 - INFO - Search type                            	0

2024-08-08 22:21:47,601 - INFO - Search iterations                      	1

2024-08-08 22:21:47,601 - INFO - Start sensitivity                      	4

2024-08-08 22:21:47,601 - INFO - Search steps                           	1

2024-08-08 22:21:47,601 - INFO - Exhaustive search mode                 	false

2024-08-08 22:21:47,602 - INFO - Filter results during exhaustive search	0

2024-08-08 22:21:47,602 - INFO - Strand selection                       	1

2024-08-08 22:21:47,602 - INFO - LCA search mode                        	false

2024-08-08 22:21:47,602 - INFO - Disk space limit                       	0

2024-08-08 22:21:47,602 - INFO - MPI runner                             	

2024-08-08 22:21:47,602 - INFO - Force restart with latest tmp          	false

2024-08-08 22:21:47,602 - INFO - Remove temporary files                 	false

2024-08-08 22:21:47,602 - INFO - 

2024-08-08 22:21:47,756 - INFO - prefilter /data/yangy34/database/pharokka/vfdb phage_pharokka/GCA_015343595.1_798|16-3477/vfdb_target_dir/target_seqs phage_pharokka/GCA_015343595.1_798|16-3477/vfdb_tmp_dir//13511907926046974716/pref_0 --sub-mat nucl:nucleotide.out,aa:blosum62.out --seed-sub-mat nucl:nucleotide.out,aa:VTML80.out -k 0 --k-score 2147483647 --alph-size nucl:5,aa:21 --max-seq-len 65535 --max-seqs 300 --split 0 --split-mode 2 --split-memory-limit 0 -c 0.4 --cov-mode 0 --comp-bias-corr 1 --diag-score 1 --exact-kmer-matching 0 --mask 1 --mask-lower-case 0 --min-ungapped-score 15 --add-self-matches 0 --spaced-kmer-mode 1 --db-load-mode 0 --pca 1 --pcb 1.5 --threads 32 --compressed 0 -v 3 -s 8.5 

2024-08-08 22:21:47,756 - INFO - 

2024-08-08 22:21:47,756 - INFO - Query database size: 27504 type: Aminoacid

2024-08-08 22:21:47,756 - INFO - Estimated memory consumption: 977M

2024-08-08 22:21:47,757 - INFO - Target database size: 4 type: Aminoacid

2024-08-08 22:21:47,757 - INFO - Index table k-mer threshold: 87 at k-mer size 6 

2024-08-08 22:21:47,757 - INFO - Index table: counting k-mers

2024-08-08 22:21:47,885 - INFO - [=================================================================] 4 0s 7ms

2024-08-08 22:21:47,885 - INFO - Index table: Masked residues: 0

2024-08-08 22:21:47,885 - INFO - Index table: fill

2024-08-08 22:21:49,227 - INFO - [=================================================================] 4 0s 2ms

2024-08-08 22:21:49,227 - INFO - Index statistics

2024-08-08 22:21:49,227 - INFO - Entries:          1067

2024-08-08 22:21:49,227 - INFO - DB size:          488 MB

2024-08-08 22:21:49,227 - INFO - Avg k-mer size:   0.000017

2024-08-08 22:21:49,227 - INFO - Top 10 k-mers

2024-08-08 22:21:49,227 - INFO -     NYLVYF	2

2024-08-08 22:21:49,227 - INFO -     NECKAA	1

2024-08-08 22:21:49,227 - INFO -     ASFQAA	1

2024-08-08 22:21:49,228 - INFO -     FKIKDA	1

2024-08-08 22:21:49,228 - INFO -     RVGSDA	1

2024-08-08 22:21:49,228 - INFO -     SHEKEA	1

2024-08-08 22:21:49,228 - INFO -     HMTKEA	1

2024-08-08 22:21:49,228 - INFO -     GCVREA	1

2024-08-08 22:21:49,228 - INFO -     GLESEA	1

2024-08-08 22:21:49,228 - INFO -     THGDFA	1

2024-08-08 22:21:49,228 - INFO - Time for index table init: 0h 0m 0s 437ms

2024-08-08 22:21:49,228 - INFO - Process prefiltering step 1 of 1

2024-08-08 22:21:49,228 - INFO - 

2024-08-08 22:21:49,228 - INFO - k-mer similarity threshold: 87

2024-08-08 22:21:49,228 - INFO - Starting prefiltering scores calculation (step 1 of 1)

2024-08-08 22:21:49,228 - INFO - Query db start 1 to 27504

2024-08-08 22:21:49,228 - INFO - Target db start 1 to 4

2024-08-08 22:22:56,338 - INFO - [=================================================================] 27.50K 1m 7s 674ms

2024-08-08 22:22:56,338 - INFO - 

2024-08-08 22:22:56,338 - INFO - 3159.764157 k-mers per position

2024-08-08 22:22:56,339 - INFO - 28 DB matches per sequence

2024-08-08 22:22:56,339 - INFO - 0 overflows

2024-08-08 22:22:56,339 - INFO - 0 queries produce too many hits (truncated result)

2024-08-08 22:22:56,339 - INFO - 0 sequences passed prefiltering per query sequence

2024-08-08 22:22:56,339 - INFO - 0 median result list length

2024-08-08 22:22:56,339 - INFO - 16860 sequences with 0 size result lists

2024-08-08 22:22:56,339 - INFO - Time for merging to pref_0: 0h 0m 0s 18ms

2024-08-08 22:22:56,339 - INFO - Time for processing: 0h 1m 8s 732ms

2024-08-08 22:22:56,400 - INFO - align /data/yangy34/database/pharokka/vfdb phage_pharokka/GCA_015343595.1_798|16-3477/vfdb_target_dir/target_seqs phage_pharokka/GCA_015343595.1_798|16-3477/vfdb_tmp_dir//13511907926046974716/pref_0 phage_pharokka/GCA_015343595.1_798|16-3477/vfdb/results_vfdb --sub-mat nucl:nucleotide.out,aa:blosum62.out -a 0 --alignment-mode 2 --alignment-output-mode 0 --wrapped-scoring 0 -e 0.001 --min-seq-id 0.8 --min-aln-len 0 --seq-id-mode 0 --alt-ali 0 -c 0.4 --cov-mode 0 --max-seq-len 65535 --comp-bias-corr 1 --max-rejected 2147483647 --max-accept 2147483647 --add-self-matches 0 --db-load-mode 0 --pca 1 --pcb 1.5 --score-bias 0 --realign 0 --realign-score-bias -0.2 --realign-max-seqs 2147483647 --gap-open nucl:5,aa:11 --gap-extend nucl:2,aa:1 --zdrop 40 --threads 32 --compressed 0 -v 3 

2024-08-08 22:22:56,401 - INFO - 

2024-08-08 22:22:56,401 - INFO - Compute score and coverage

2024-08-08 22:22:56,401 - INFO - Query database size: 27504 type: Aminoacid

2024-08-08 22:22:56,401 - INFO - Target database size: 4 type: Aminoacid

2024-08-08 22:22:56,401 - INFO - Calculation of alignments

2024-08-08 22:22:56,494 - INFO - [=================================================================] 27.50K 0s 72ms

2024-08-08 22:22:56,495 - INFO - Time for merging to results_vfdb: 0h 0m 0s 17ms

2024-08-08 22:22:56,495 - INFO - 8830 alignments calculated

2024-08-08 22:22:56,495 - INFO - 0 sequence pairs passed the thresholds (0.000000 of overall calculated)

2024-08-08 22:22:56,495 - INFO - 0.000000 hits per query sequence

2024-08-08 22:22:56,495 - INFO - Time for processing: 0h 0m 0s 148ms

2024-08-08 22:22:56,595 - INFO - createtsv /data/yangy34/database/pharokka/vfdb phage_pharokka/GCA_015343595.1_798|16-3477/vfdb_target_dir/target_seqs phage_pharokka/GCA_015343595.1_798|16-3477/vfdb/results_vfdb phage_pharokka/GCA_015343595.1_798|16-3477/vfdb_results.tsv --full-header --threads 32 

2024-08-08 22:22:56,595 - INFO - 

2024-08-08 22:22:56,595 - INFO - MMseqs Version:                 	13.45111

2024-08-08 22:22:56,595 - INFO - First sequence as representative	false

2024-08-08 22:22:56,595 - INFO - Target column                   	1

2024-08-08 22:22:56,595 - INFO - Add full header                 	true

2024-08-08 22:22:56,595 - INFO - Sequence source                 	0

2024-08-08 22:22:56,595 - INFO - Database output                 	false

2024-08-08 22:22:56,595 - INFO - Threads                         	32

2024-08-08 22:22:56,595 - INFO - Compressed                      	0

2024-08-08 22:22:56,595 - INFO - Verbosity                       	3

2024-08-08 22:22:56,595 - INFO - 

2024-08-08 22:22:56,595 - INFO - Time for merging to vfdb_results.tsv: 0h 0m 0s 22ms

2024-08-08 22:22:56,595 - INFO - Time for processing: 0h 0m 0s 93ms

2024-08-08 22:22:56,608 - INFO - Post Processing Output.
2024-08-08 22:22:56,929 - INFO - Converting gff to genbank.
2024-08-08 22:22:56,935 - WARNING - /gpfs/gsfs12/users/yangy34/softwares/mambaforge/envs/pharokka-env/lib/python3.10/site-packages/Bio/SeqIO/InsdcIO.py:728: BiopythonWarning: Increasing length of locus line to allow long name. This will result in fields that are not in usual positions.
  warnings.warn(

2024-08-08 22:22:56,950 - INFO - Finding the closest match for each contig in INPHARED using mash.
2024-08-08 22:22:56,974 - INFO - Sketching GCA_015343595.1_53_phages/GCA_015343595.1_798_16_3477_prophage.fasta...

2024-08-08 22:22:56,976 - INFO - Writing to phage_pharokka/GCA_015343595.1_798|16-3477/input_mash_sketch.msh...

2024-08-08 22:22:58,358 - INFO - pharokka has finished
2024-08-08 22:22:58,358 - INFO - Elapsed time: 155.43 seconds
2024-08-08 22:22:58,358 - INFO - If you use pharokka in your research, please cite:
2024-08-08 22:22:58,358 - INFO - George Bouras, Roshan Nepal, Ghais Houtak, Alkis James Psaltis, Peter-John Wormald, Sarah Vreugde.
2024-08-08 22:22:58,358 - INFO - Pharokka: a fast scalable bacteriophage annotation tool.
2024-08-08 22:22:58,358 - INFO - Bioinformatics, Volume 39, Issue 1, January 2023, btac776.
2024-08-08 22:22:58,358 - INFO - https://doi.org/10.1093/bioinformatics/btac776.
2024-08-08 22:22:58,358 - INFO - You should also cite the full list of tools pharokka uses, which can be found at https://github.com/gbouras13/pharokka#citation.
