2024-08-08 22:21:42,415 - INFO - Starting pharokka v1.3.2
2024-08-08 22:21:42,415 - INFO - Input args: Namespace(infile='GCA_015343595.1_53_phages/GCA_015343595.1_732_40_2353_prophage.fasta', outdir='phage_pharokka/GCA_015343595.1_732|40-2353', database='/data/yangy34/database/pharokka', threads='32', force=False, prefix='Default', locustag='Default', gene_predictor='phanotate', meta=False, split=False, coding_table='11', evalue='1E-05', terminase=False, terminase_strand='nothing', terminase_start='nothing', citation=False)
2024-08-08 22:21:42,415 - INFO - Checking database installation.
2024-08-08 22:21:42,447 - INFO - All databases have been successfully checked.
2024-08-08 22:21:42,447 - INFO - Checking dependencies.
2024-08-08 22:21:43,650 - INFO - phan_out version found is v1.5.1.
2024-08-08 22:21:43,650 - INFO - Phanotate version is ok.
2024-08-08 22:21:43,756 - INFO - MMseqs2 version found is v13.45111.
2024-08-08 22:21:43,756 - INFO - MMseqs2 version is ok.
2024-08-08 22:21:44,565 - INFO - tRNAscan-SE version found is v2.45111.11.
2024-08-08 22:21:44,565 - INFO - tRNAscan-SE version is ok.
2024-08-08 22:21:45,137 - INFO - MinCED version found is v0.4.2.
2024-08-08 22:21:45,137 - INFO - MinCED version is ok.
2024-08-08 22:21:45,157 - INFO - ARAGORN version found is v1.2.41.
2024-08-08 22:21:45,157 - INFO - ARAGORN version is ok.
2024-08-08 22:21:45,245 - INFO - mash version found is v2.2.
2024-08-08 22:21:45,245 - INFO - mash version is ok.
2024-08-08 22:21:45,468 - INFO - Running Phanotate.
2024-08-08 22:21:48,376 - INFO - Translating gene predicted fastas.
2024-08-08 22:21:48,404 - INFO - Starting tRNA-scanSE
2024-08-08 22:21:48,556 - INFO - 

2024-08-08 22:21:48,556 - INFO - tRNAscan-SE v.2.0.11 (Oct 2022) - scan sequences for transfer RNAs

2024-08-08 22:21:48,556 - INFO - Copyright (C) 2022 Patricia Chan and Todd Lowe

2024-08-08 22:21:48,556 - INFO -                    University of California Santa Cruz

2024-08-08 22:21:48,556 - INFO - Freely distributed under the GNU General Public License (GPLv3)

2024-08-08 22:21:48,556 - INFO - 

2024-08-08 22:21:48,556 - INFO - ------------------------------------------------------------

2024-08-08 22:21:48,556 - INFO - Sequence file(s) to search:        GCA_015343595.1_53_phages/GCA_015343595.1_732_40_2353_prophage.fasta

2024-08-08 22:21:48,556 - INFO - Search Mode:                       General

2024-08-08 22:21:48,556 - INFO - Results written to:                Standard output

2024-08-08 22:21:48,556 - INFO - Output format:                     Tabular

2024-08-08 22:21:48,556 - INFO - Searching with:                    Infernal single-pass scan

2024-08-08 22:21:48,557 - INFO -                                    Fast mode

2024-08-08 22:21:48,557 - INFO - Covariance model:                  /gpfs/gsfs12/users/yangy34/softwares/mambaforge/envs/pharokka-env/lib/tRNAscan-SE/models/TRNAinf.cm

2024-08-08 22:21:48,557 - INFO - 

2024-08-08 22:21:48,557 - INFO - Temporary directory:               /tmp

2024-08-08 22:21:48,557 - INFO - tRNA predictions saved to:         phage_pharokka/GCA_015343595.1_732|40-2353/trnascan_out.gff

2024-08-08 22:21:48,557 - INFO - ------------------------------------------------------------

2024-08-08 22:21:48,557 - INFO - 

2024-08-08 22:21:48,683 - INFO - No tRNAs found.

2024-08-08 22:21:48,683 - INFO - 

2024-08-08 22:21:48,696 - INFO - Running MinCED.
2024-08-08 22:21:48,957 - INFO - Running Aragorn.
2024-08-08 22:21:48,961 - INFO - Starting MMseqs2.
2024-08-08 22:21:48,961 - INFO - Running MMseqs2 on PHROGs Database.
2024-08-08 22:21:49,085 - INFO - createdb phage_pharokka/GCA_015343595.1_732|40-2353/phanotate_aas_tmp.fasta phage_pharokka/GCA_015343595.1_732|40-2353/target_dir/target_seqs 

2024-08-08 22:21:49,085 - INFO - 

2024-08-08 22:21:49,085 - INFO - MMseqs Version:       	13.45111

2024-08-08 22:21:49,085 - INFO - Database type         	0

2024-08-08 22:21:49,085 - INFO - Shuffle input database	true

2024-08-08 22:21:49,086 - INFO - Createdb mode         	0

2024-08-08 22:21:49,086 - INFO - Write lookup file     	1

2024-08-08 22:21:49,086 - INFO - Offset of numeric ids 	0

2024-08-08 22:21:49,086 - INFO - Compressed            	0

2024-08-08 22:21:49,086 - INFO - Verbosity             	3

2024-08-08 22:21:49,086 - INFO - 

2024-08-08 22:21:49,087 - INFO - Converting sequences

2024-08-08 22:21:49,087 - INFO - [

2024-08-08 22:21:49,087 - INFO - Time for merging to target_seqs_h: 0h 0m 0s 20ms

2024-08-08 22:21:49,087 - INFO - Time for merging to target_seqs: 0h 0m 0s 21ms

2024-08-08 22:21:49,087 - INFO - Database type: Aminoacid

2024-08-08 22:21:49,087 - INFO - Time for processing: 0h 0m 0s 108ms

2024-08-08 22:21:49,098 - INFO - Create directory phage_pharokka/GCA_015343595.1_732|40-2353/tmp_dir/

2024-08-08 22:21:49,098 - INFO - search -e 1E-05 /data/yangy34/database/pharokka/phrogs_profile_db phage_pharokka/GCA_015343595.1_732|40-2353/target_dir/target_seqs phage_pharokka/GCA_015343595.1_732|40-2353/mmseqs/results_mmseqs phage_pharokka/GCA_015343595.1_732|40-2353/tmp_dir/ -s 8.5 --threads 32 

2024-08-08 22:21:49,098 - INFO - 

2024-08-08 22:21:49,098 - INFO - MMseqs Version:                        	13.45111

2024-08-08 22:21:49,098 - INFO - Substitution matrix                    	nucl:nucleotide.out,aa:blosum62.out

2024-08-08 22:21:49,098 - INFO - Add backtrace                          	false

2024-08-08 22:21:49,098 - INFO - Alignment mode                         	2

2024-08-08 22:21:49,098 - INFO - Alignment mode                         	0

2024-08-08 22:21:49,098 - INFO - Allow wrapped scoring                  	false

2024-08-08 22:21:49,098 - INFO - E-value threshold                      	1e-05

2024-08-08 22:21:49,098 - INFO - Seq. id. threshold                     	0

2024-08-08 22:21:49,098 - INFO - Min alignment length                   	0

2024-08-08 22:21:49,098 - INFO - Seq. id. mode                          	0

2024-08-08 22:21:49,098 - INFO - Alternative alignments                 	0

2024-08-08 22:21:49,098 - INFO - Coverage threshold                     	0

2024-08-08 22:21:49,098 - INFO - Coverage mode                          	0

2024-08-08 22:21:49,098 - INFO - Max sequence length                    	65535

2024-08-08 22:21:49,098 - INFO - Compositional bias                     	1

2024-08-08 22:21:49,099 - INFO - Max reject                             	2147483647

2024-08-08 22:21:49,099 - INFO - Max accept                             	2147483647

2024-08-08 22:21:49,099 - INFO - Include identical seq. id.             	false

2024-08-08 22:21:49,099 - INFO - Preload mode                           	0

2024-08-08 22:21:49,099 - INFO - Pseudo count a                         	1

2024-08-08 22:21:49,099 - INFO - Pseudo count b                         	1.5

2024-08-08 22:21:49,099 - INFO - Score bias                             	0

2024-08-08 22:21:49,099 - INFO - Realign hits                           	false

2024-08-08 22:21:49,099 - INFO - Realign score bias                     	-0.2

2024-08-08 22:21:49,099 - INFO - Realign max seqs                       	2147483647

2024-08-08 22:21:49,099 - INFO - Gap open cost                          	nucl:5,aa:11

2024-08-08 22:21:49,099 - INFO - Gap extension cost                     	nucl:2,aa:1

2024-08-08 22:21:49,099 - INFO - Zdrop                                  	40

2024-08-08 22:21:49,099 - INFO - Threads                                	32

2024-08-08 22:21:49,099 - INFO - Compressed                             	0

2024-08-08 22:21:49,099 - INFO - Verbosity                              	3

2024-08-08 22:21:49,099 - INFO - Seed substitution matrix               	nucl:nucleotide.out,aa:VTML80.out

2024-08-08 22:21:49,099 - INFO - Sensitivity                            	8.5

2024-08-08 22:21:49,099 - INFO - k-mer length                           	0

2024-08-08 22:21:49,099 - INFO - k-score                                	2147483647

2024-08-08 22:21:49,099 - INFO - Alphabet size                          	nucl:5,aa:21

2024-08-08 22:21:49,099 - INFO - Max results per query                  	300

2024-08-08 22:21:49,099 - INFO - Split database                         	0

2024-08-08 22:21:49,099 - INFO - Split mode                             	2

2024-08-08 22:21:49,100 - INFO - Split memory limit                     	0

2024-08-08 22:21:49,100 - INFO - Diagonal scoring                       	true

2024-08-08 22:21:49,100 - INFO - Exact k-mer matching                   	0

2024-08-08 22:21:49,100 - INFO - Mask residues                          	1

2024-08-08 22:21:49,100 - INFO - Mask lower case residues               	0

2024-08-08 22:21:49,100 - INFO - Minimum diagonal score                 	15

2024-08-08 22:21:49,100 - INFO - Spaced k-mers                          	1

2024-08-08 22:21:49,100 - INFO - Spaced k-mer pattern                   	

2024-08-08 22:21:49,100 - INFO - Local temporary path                   	

2024-08-08 22:21:49,100 - INFO - Rescore mode                           	0

2024-08-08 22:21:49,100 - INFO - Remove hits by seq. id. and coverage   	false

2024-08-08 22:21:49,100 - INFO - Sort results                           	0

2024-08-08 22:21:49,100 - INFO - Mask profile                           	1

2024-08-08 22:21:49,100 - INFO - Profile E-value threshold              	0.1

2024-08-08 22:21:49,100 - INFO - Global sequence weighting              	false

2024-08-08 22:21:49,100 - INFO - Allow deletions                        	false

2024-08-08 22:21:49,100 - INFO - Filter MSA                             	1

2024-08-08 22:21:49,100 - INFO - Maximum seq. id. threshold             	0.9

2024-08-08 22:21:49,100 - INFO - Minimum seq. id.                       	0

2024-08-08 22:21:49,100 - INFO - Minimum score per column               	-20

2024-08-08 22:21:49,100 - INFO - Minimum coverage                       	0

2024-08-08 22:21:49,100 - INFO - Select N most diverse seqs             	1000

2024-08-08 22:21:49,100 - INFO - Min codons in orf                      	30

2024-08-08 22:21:49,100 - INFO - Max codons in length                   	32734

2024-08-08 22:21:49,100 - INFO - Max orf gaps                           	2147483647

2024-08-08 22:21:49,101 - INFO - Contig start mode                      	2

2024-08-08 22:21:49,101 - INFO - Contig end mode                        	2

2024-08-08 22:21:49,101 - INFO - Orf start mode                         	1

2024-08-08 22:21:49,101 - INFO - Forward frames                         	1,2,3

2024-08-08 22:21:49,101 - INFO - Reverse frames                         	1,2,3

2024-08-08 22:21:49,101 - INFO - Translation table                      	1

2024-08-08 22:21:49,101 - INFO - Translate orf                          	0

2024-08-08 22:21:49,101 - INFO - Use all table starts                   	false

2024-08-08 22:21:49,101 - INFO - Offset of numeric ids                  	0

2024-08-08 22:21:49,101 - INFO - Create lookup                          	0

2024-08-08 22:21:49,101 - INFO - Add orf stop                           	false

2024-08-08 22:21:49,101 - INFO - Overlap between sequences              	0

2024-08-08 22:21:49,101 - INFO - Sequence split mode                    	1

2024-08-08 22:21:49,101 - INFO - Header split mode                      	0

2024-08-08 22:21:49,101 - INFO - Chain overlapping alignments           	0

2024-08-08 22:21:49,101 - INFO - Merge query                            	1

2024-08-08 22:21:49,101 - INFO - Search type                            	0

2024-08-08 22:21:49,101 - INFO - Search iterations                      	1

2024-08-08 22:21:49,101 - INFO - Start sensitivity                      	4

2024-08-08 22:21:49,101 - INFO - Search steps                           	1

2024-08-08 22:21:49,101 - INFO - Exhaustive search mode                 	false

2024-08-08 22:21:49,101 - INFO - Filter results during exhaustive search	0

2024-08-08 22:21:49,101 - INFO - Strand selection                       	1

2024-08-08 22:21:49,101 - INFO - LCA search mode                        	false

2024-08-08 22:21:49,101 - INFO - Disk space limit                       	0

2024-08-08 22:21:49,102 - INFO - MPI runner                             	

2024-08-08 22:21:49,102 - INFO - Force restart with latest tmp          	false

2024-08-08 22:21:49,102 - INFO - Remove temporary files                 	false

2024-08-08 22:21:49,102 - INFO - 

2024-08-08 22:21:49,471 - INFO - prefilter /data/yangy34/database/pharokka/phrogs_profile_db phage_pharokka/GCA_015343595.1_732|40-2353/target_dir/target_seqs phage_pharokka/GCA_015343595.1_732|40-2353/tmp_dir//17469705479009441770/pref_0 --sub-mat nucl:nucleotide.out,aa:blosum62.out --seed-sub-mat nucl:nucleotide.out,aa:VTML80.out -k 0 --k-score 2147483647 --alph-size nucl:5,aa:21 --max-seq-len 65535 --max-seqs 300 --split 0 --split-mode 2 --split-memory-limit 0 -c 0 --cov-mode 0 --comp-bias-corr 1 --diag-score 1 --exact-kmer-matching 0 --mask 1 --mask-lower-case 0 --min-ungapped-score 15 --add-self-matches 0 --spaced-kmer-mode 1 --db-load-mode 0 --pca 1 --pcb 1.5 --threads 32 --compressed 0 -v 3 -s 8.5 

2024-08-08 22:21:49,471 - INFO - 

2024-08-08 22:21:49,471 - INFO - Query database size: 38880 type: Profile

2024-08-08 22:21:49,471 - INFO - Estimated memory consumption: 488M

2024-08-08 22:21:49,471 - INFO - Target database size: 6 type: Aminoacid

2024-08-08 22:21:49,471 - INFO - Index table k-mer threshold: 0 at k-mer size 6 

2024-08-08 22:21:49,471 - INFO - Index table: counting k-mers

2024-08-08 22:21:49,639 - INFO - [=================================================================] 6 0s 3ms

2024-08-08 22:21:49,640 - INFO - Index table: Masked residues: 28

2024-08-08 22:21:49,640 - INFO - Index table: fill

2024-08-08 22:21:51,066 - INFO - [=================================================================] 6 0s 0ms

2024-08-08 22:21:51,066 - INFO - Index statistics

2024-08-08 22:21:51,066 - INFO - Entries:          604

2024-08-08 22:21:51,066 - INFO - DB size:          488 MB

2024-08-08 22:21:51,066 - INFO - Avg k-mer size:   0.000009

2024-08-08 22:21:51,066 - INFO - Top 10 k-mers

2024-08-08 22:21:51,066 - INFO -     TKAGAA	1

2024-08-08 22:21:51,066 - INFO -     VVGIAA	1

2024-08-08 22:21:51,066 - INFO -     FIQNAA	1

2024-08-08 22:21:51,067 - INFO -     VTPSAA	1

2024-08-08 22:21:51,067 - INFO -     QTTVAA	1

2024-08-08 22:21:51,067 - INFO -     ASCDDA	1

2024-08-08 22:21:51,067 - INFO -     SQRTDA	1

2024-08-08 22:21:51,067 - INFO -     AAAAFA	1

2024-08-08 22:21:51,067 - INFO -     GFLMGA	1

2024-08-08 22:21:51,067 - INFO -     VLASGA	1

2024-08-08 22:21:51,067 - INFO - Time for index table init: 0h 0m 0s 674ms

2024-08-08 22:21:51,067 - INFO - Process prefiltering step 1 of 1

2024-08-08 22:21:51,067 - INFO - 

2024-08-08 22:21:51,067 - INFO - k-mer similarity threshold: 81

2024-08-08 22:21:51,067 - INFO - Starting prefiltering scores calculation (step 1 of 1)

2024-08-08 22:21:51,067 - INFO - Query db start 1 to 38880

2024-08-08 22:21:51,067 - INFO - Target db start 1 to 6

2024-08-08 22:23:10,718 - INFO - [=================================================================] 38.88K 1m 20s 543ms

2024-08-08 22:23:10,718 - INFO - 

2024-08-08 22:23:10,718 - INFO - 5386.328443 k-mers per position

2024-08-08 22:23:10,718 - INFO - 7 DB matches per sequence

2024-08-08 22:23:10,718 - INFO - 0 overflows

2024-08-08 22:23:10,718 - INFO - 0 queries produce too many hits (truncated result)

2024-08-08 22:23:10,718 - INFO - 0 sequences passed prefiltering per query sequence

2024-08-08 22:23:10,718 - INFO - 0 median result list length

2024-08-08 22:23:10,718 - INFO - 32501 sequences with 0 size result lists

2024-08-08 22:23:10,718 - INFO - Time for merging to pref_0: 0h 0m 0s 24ms

2024-08-08 22:23:10,718 - INFO - Time for processing: 0h 1m 21s 610ms

2024-08-08 22:23:10,818 - INFO - align /data/yangy34/database/pharokka/phrogs_profile_db phage_pharokka/GCA_015343595.1_732|40-2353/target_dir/target_seqs phage_pharokka/GCA_015343595.1_732|40-2353/tmp_dir//17469705479009441770/pref_0 phage_pharokka/GCA_015343595.1_732|40-2353/mmseqs/results_mmseqs --sub-mat nucl:nucleotide.out,aa:blosum62.out -a 0 --alignment-mode 2 --alignment-output-mode 0 --wrapped-scoring 0 -e 1e-05 --min-seq-id 0 --min-aln-len 0 --seq-id-mode 0 --alt-ali 0 -c 0 --cov-mode 0 --max-seq-len 65535 --comp-bias-corr 1 --max-rejected 2147483647 --max-accept 2147483647 --add-self-matches 0 --db-load-mode 0 --pca 1 --pcb 1.5 --score-bias 0 --realign 0 --realign-score-bias -0.2 --realign-max-seqs 2147483647 --gap-open nucl:5,aa:11 --gap-extend nucl:2,aa:1 --zdrop 40 --threads 32 --compressed 0 -v 3 

2024-08-08 22:23:10,818 - INFO - 

2024-08-08 22:23:10,818 - INFO - Compute score and coverage

2024-08-08 22:23:10,818 - INFO - Query database size: 38880 type: Profile

2024-08-08 22:23:10,818 - INFO - Target database size: 6 type: Aminoacid

2024-08-08 22:23:10,818 - INFO - Calculation of alignments

2024-08-08 22:23:11,090 - INFO - [=================================================================] 38.88K 0s 248ms

2024-08-08 22:23:11,090 - INFO - Time for merging to results_mmseqs: 0h 0m 0s 27ms

2024-08-08 22:23:11,090 - INFO - 7389 alignments calculated

2024-08-08 22:23:11,090 - INFO - 4 sequence pairs passed the thresholds (0.000541 of overall calculated)

2024-08-08 22:23:11,090 - INFO - 0.000103 hits per query sequence

2024-08-08 22:23:11,091 - INFO - Time for processing: 0h 0m 0s 365ms

2024-08-08 22:23:11,263 - INFO - createtsv /data/yangy34/database/pharokka/phrogs_profile_db phage_pharokka/GCA_015343595.1_732|40-2353/target_dir/target_seqs phage_pharokka/GCA_015343595.1_732|40-2353/mmseqs/results_mmseqs phage_pharokka/GCA_015343595.1_732|40-2353/mmseqs_results.tsv --full-header --threads 32 

2024-08-08 22:23:11,263 - INFO - 

2024-08-08 22:23:11,263 - INFO - MMseqs Version:                 	13.45111

2024-08-08 22:23:11,263 - INFO - First sequence as representative	false

2024-08-08 22:23:11,263 - INFO - Target column                   	1

2024-08-08 22:23:11,263 - INFO - Add full header                 	true

2024-08-08 22:23:11,263 - INFO - Sequence source                 	0

2024-08-08 22:23:11,263 - INFO - Database output                 	false

2024-08-08 22:23:11,263 - INFO - Threads                         	32

2024-08-08 22:23:11,263 - INFO - Compressed                      	0

2024-08-08 22:23:11,263 - INFO - Verbosity                       	3

2024-08-08 22:23:11,263 - INFO - 

2024-08-08 22:23:11,263 - INFO - Time for merging to mmseqs_results.tsv: 0h 0m 0s 33ms

2024-08-08 22:23:11,263 - INFO - Time for processing: 0h 0m 0s 162ms

2024-08-08 22:23:11,287 - INFO - Running mmseqs2 on CARD.
2024-08-08 22:23:11,357 - INFO - createdb phage_pharokka/GCA_015343595.1_732|40-2353/phanotate_aas_tmp.fasta phage_pharokka/GCA_015343595.1_732|40-2353/CARD_target_dir/target_seqs 

2024-08-08 22:23:11,357 - INFO - 

2024-08-08 22:23:11,357 - INFO - MMseqs Version:       	13.45111

2024-08-08 22:23:11,358 - INFO - Database type         	0

2024-08-08 22:23:11,358 - INFO - Shuffle input database	true

2024-08-08 22:23:11,358 - INFO - Createdb mode         	0

2024-08-08 22:23:11,358 - INFO - Write lookup file     	1

2024-08-08 22:23:11,358 - INFO - Offset of numeric ids 	0

2024-08-08 22:23:11,358 - INFO - Compressed            	0

2024-08-08 22:23:11,358 - INFO - Verbosity             	3

2024-08-08 22:23:11,358 - INFO - 

2024-08-08 22:23:11,358 - INFO - Converting sequences

2024-08-08 22:23:11,358 - INFO - [

2024-08-08 22:23:11,358 - INFO - Time for merging to target_seqs_h: 0h 0m 0s 8ms

2024-08-08 22:23:11,358 - INFO - Time for merging to target_seqs: 0h 0m 0s 22ms

2024-08-08 22:23:11,358 - INFO - Database type: Aminoacid

2024-08-08 22:23:11,358 - INFO - Time for processing: 0h 0m 0s 65ms

2024-08-08 22:23:11,371 - INFO - Create directory phage_pharokka/GCA_015343595.1_732|40-2353/CARD_tmp_dir/

2024-08-08 22:23:11,371 - INFO - search --min-seq-id 0.8 -c 0.4 /data/yangy34/database/pharokka/CARD phage_pharokka/GCA_015343595.1_732|40-2353/CARD_target_dir/target_seqs phage_pharokka/GCA_015343595.1_732|40-2353/CARD/results_CARD phage_pharokka/GCA_015343595.1_732|40-2353/CARD_tmp_dir/ -s 8.5 --threads 32 

2024-08-08 22:23:11,371 - INFO - 

2024-08-08 22:23:11,371 - INFO - MMseqs Version:                        	13.45111

2024-08-08 22:23:11,372 - INFO - Substitution matrix                    	nucl:nucleotide.out,aa:blosum62.out

2024-08-08 22:23:11,372 - INFO - Add backtrace                          	false

2024-08-08 22:23:11,372 - INFO - Alignment mode                         	2

2024-08-08 22:23:11,372 - INFO - Alignment mode                         	0

2024-08-08 22:23:11,372 - INFO - Allow wrapped scoring                  	false

2024-08-08 22:23:11,372 - INFO - E-value threshold                      	0.001

2024-08-08 22:23:11,372 - INFO - Seq. id. threshold                     	0.8

2024-08-08 22:23:11,372 - INFO - Min alignment length                   	0

2024-08-08 22:23:11,372 - INFO - Seq. id. mode                          	0

2024-08-08 22:23:11,372 - INFO - Alternative alignments                 	0

2024-08-08 22:23:11,372 - INFO - Coverage threshold                     	0.4

2024-08-08 22:23:11,372 - INFO - Coverage mode                          	0

2024-08-08 22:23:11,372 - INFO - Max sequence length                    	65535

2024-08-08 22:23:11,372 - INFO - Compositional bias                     	1

2024-08-08 22:23:11,372 - INFO - Max reject                             	2147483647

2024-08-08 22:23:11,372 - INFO - Max accept                             	2147483647

2024-08-08 22:23:11,372 - INFO - Include identical seq. id.             	false

2024-08-08 22:23:11,372 - INFO - Preload mode                           	0

2024-08-08 22:23:11,372 - INFO - Pseudo count a                         	1

2024-08-08 22:23:11,372 - INFO - Pseudo count b                         	1.5

2024-08-08 22:23:11,372 - INFO - Score bias                             	0

2024-08-08 22:23:11,372 - INFO - Realign hits                           	false

2024-08-08 22:23:11,372 - INFO - Realign score bias                     	-0.2

2024-08-08 22:23:11,373 - INFO - Realign max seqs                       	2147483647

2024-08-08 22:23:11,373 - INFO - Gap open cost                          	nucl:5,aa:11

2024-08-08 22:23:11,373 - INFO - Gap extension cost                     	nucl:2,aa:1

2024-08-08 22:23:11,373 - INFO - Zdrop                                  	40

2024-08-08 22:23:11,373 - INFO - Threads                                	32

2024-08-08 22:23:11,373 - INFO - Compressed                             	0

2024-08-08 22:23:11,373 - INFO - Verbosity                              	3

2024-08-08 22:23:11,373 - INFO - Seed substitution matrix               	nucl:nucleotide.out,aa:VTML80.out

2024-08-08 22:23:11,373 - INFO - Sensitivity                            	8.5

2024-08-08 22:23:11,373 - INFO - k-mer length                           	0

2024-08-08 22:23:11,373 - INFO - k-score                                	2147483647

2024-08-08 22:23:11,373 - INFO - Alphabet size                          	nucl:5,aa:21

2024-08-08 22:23:11,373 - INFO - Max results per query                  	300

2024-08-08 22:23:11,373 - INFO - Split database                         	0

2024-08-08 22:23:11,373 - INFO - Split mode                             	2

2024-08-08 22:23:11,373 - INFO - Split memory limit                     	0

2024-08-08 22:23:11,373 - INFO - Diagonal scoring                       	true

2024-08-08 22:23:11,373 - INFO - Exact k-mer matching                   	0

2024-08-08 22:23:11,373 - INFO - Mask residues                          	1

2024-08-08 22:23:11,373 - INFO - Mask lower case residues               	0

2024-08-08 22:23:11,373 - INFO - Minimum diagonal score                 	15

2024-08-08 22:23:11,373 - INFO - Spaced k-mers                          	1

2024-08-08 22:23:11,374 - INFO - Spaced k-mer pattern                   	

2024-08-08 22:23:11,374 - INFO - Local temporary path                   	

2024-08-08 22:23:11,374 - INFO - Rescore mode                           	0

2024-08-08 22:23:11,374 - INFO - Remove hits by seq. id. and coverage   	false

2024-08-08 22:23:11,374 - INFO - Sort results                           	0

2024-08-08 22:23:11,374 - INFO - Mask profile                           	1

2024-08-08 22:23:11,374 - INFO - Profile E-value threshold              	0.1

2024-08-08 22:23:11,374 - INFO - Global sequence weighting              	false

2024-08-08 22:23:11,374 - INFO - Allow deletions                        	false

2024-08-08 22:23:11,374 - INFO - Filter MSA                             	1

2024-08-08 22:23:11,374 - INFO - Maximum seq. id. threshold             	0.9

2024-08-08 22:23:11,374 - INFO - Minimum seq. id.                       	0

2024-08-08 22:23:11,374 - INFO - Minimum score per column               	-20

2024-08-08 22:23:11,374 - INFO - Minimum coverage                       	0

2024-08-08 22:23:11,374 - INFO - Select N most diverse seqs             	1000

2024-08-08 22:23:11,374 - INFO - Min codons in orf                      	30

2024-08-08 22:23:11,374 - INFO - Max codons in length                   	32734

2024-08-08 22:23:11,374 - INFO - Max orf gaps                           	2147483647

2024-08-08 22:23:11,374 - INFO - Contig start mode                      	2

2024-08-08 22:23:11,374 - INFO - Contig end mode                        	2

2024-08-08 22:23:11,374 - INFO - Orf start mode                         	1

2024-08-08 22:23:11,374 - INFO - Forward frames                         	1,2,3

2024-08-08 22:23:11,374 - INFO - Reverse frames                         	1,2,3

2024-08-08 22:23:11,375 - INFO - Translation table                      	1

2024-08-08 22:23:11,375 - INFO - Translate orf                          	0

2024-08-08 22:23:11,375 - INFO - Use all table starts                   	false

2024-08-08 22:23:11,375 - INFO - Offset of numeric ids                  	0

2024-08-08 22:23:11,375 - INFO - Create lookup                          	0

2024-08-08 22:23:11,375 - INFO - Add orf stop                           	false

2024-08-08 22:23:11,375 - INFO - Overlap between sequences              	0

2024-08-08 22:23:11,375 - INFO - Sequence split mode                    	1

2024-08-08 22:23:11,375 - INFO - Header split mode                      	0

2024-08-08 22:23:11,375 - INFO - Chain overlapping alignments           	0

2024-08-08 22:23:11,375 - INFO - Merge query                            	1

2024-08-08 22:23:11,375 - INFO - Search type                            	0

2024-08-08 22:23:11,375 - INFO - Search iterations                      	1

2024-08-08 22:23:11,375 - INFO - Start sensitivity                      	4

2024-08-08 22:23:11,375 - INFO - Search steps                           	1

2024-08-08 22:23:11,375 - INFO - Exhaustive search mode                 	false

2024-08-08 22:23:11,375 - INFO - Filter results during exhaustive search	0

2024-08-08 22:23:11,375 - INFO - Strand selection                       	1

2024-08-08 22:23:11,375 - INFO - LCA search mode                        	false

2024-08-08 22:23:11,375 - INFO - Disk space limit                       	0

2024-08-08 22:23:11,375 - INFO - MPI runner                             	

2024-08-08 22:23:11,375 - INFO - Force restart with latest tmp          	false

2024-08-08 22:23:11,375 - INFO - Remove temporary files                 	false

2024-08-08 22:23:11,376 - INFO - 

2024-08-08 22:23:11,550 - INFO - prefilter /data/yangy34/database/pharokka/CARD phage_pharokka/GCA_015343595.1_732|40-2353/CARD_target_dir/target_seqs phage_pharokka/GCA_015343595.1_732|40-2353/CARD_tmp_dir//12616222273844519136/pref_0 --sub-mat nucl:nucleotide.out,aa:blosum62.out --seed-sub-mat nucl:nucleotide.out,aa:VTML80.out -k 0 --k-score 2147483647 --alph-size nucl:5,aa:21 --max-seq-len 65535 --max-seqs 300 --split 0 --split-mode 2 --split-memory-limit 0 -c 0.4 --cov-mode 0 --comp-bias-corr 1 --diag-score 1 --exact-kmer-matching 0 --mask 1 --mask-lower-case 0 --min-ungapped-score 15 --add-self-matches 0 --spaced-kmer-mode 1 --db-load-mode 0 --pca 1 --pcb 1.5 --threads 32 --compressed 0 -v 3 -s 8.5 

2024-08-08 22:23:11,550 - INFO - 

2024-08-08 22:23:11,551 - INFO - Query database size: 4641 type: Aminoacid

2024-08-08 22:23:11,551 - INFO - Estimated memory consumption: 977M

2024-08-08 22:23:11,551 - INFO - Target database size: 6 type: Aminoacid

2024-08-08 22:23:11,551 - INFO - Index table k-mer threshold: 87 at k-mer size 6 

2024-08-08 22:23:11,551 - INFO - Index table: counting k-mers

2024-08-08 22:23:11,747 - INFO - [=================================================================] 6 0s 7ms

2024-08-08 22:23:11,747 - INFO - Index table: Masked residues: 12

2024-08-08 22:23:11,747 - INFO - Index table: fill

2024-08-08 22:23:12,322 - INFO - [=================================================================] 6 0s 0ms

2024-08-08 22:23:12,322 - INFO - Index statistics

2024-08-08 22:23:12,323 - INFO - Entries:          620

2024-08-08 22:23:12,323 - INFO - DB size:          488 MB

2024-08-08 22:23:12,323 - INFO - Avg k-mer size:   0.000010

2024-08-08 22:23:12,323 - INFO - Top 10 k-mers

2024-08-08 22:23:12,323 - INFO -     TKAGAA	1

2024-08-08 22:23:12,323 - INFO -     VVGIAA	1

2024-08-08 22:23:12,323 - INFO -     FIQNAA	1

2024-08-08 22:23:12,323 - INFO -     VTPSAA	1

2024-08-08 22:23:12,323 - INFO -     QTTVAA	1

2024-08-08 22:23:12,323 - INFO -     ASCDDA	1

2024-08-08 22:23:12,323 - INFO -     SQRTDA	1

2024-08-08 22:23:12,323 - INFO -     AAAAFA	1

2024-08-08 22:23:12,324 - INFO -     GFLMGA	1

2024-08-08 22:23:12,324 - INFO -     VLASGA	1

2024-08-08 22:23:12,324 - INFO - Time for index table init: 0h 0m 0s 550ms

2024-08-08 22:23:12,324 - INFO - Process prefiltering step 1 of 1

2024-08-08 22:23:12,324 - INFO - 

2024-08-08 22:23:12,324 - INFO - k-mer similarity threshold: 87

2024-08-08 22:23:12,324 - INFO - Starting prefiltering scores calculation (step 1 of 1)

2024-08-08 22:23:12,324 - INFO - Query db start 1 to 4641

2024-08-08 22:23:12,324 - INFO - Target db start 1 to 6

2024-08-08 22:23:22,924 - INFO - [=================================================================] 4.64K 10s 632ms

2024-08-08 22:23:22,924 - INFO - 

2024-08-08 22:23:22,925 - INFO - 3883.681631 k-mers per position

2024-08-08 22:23:22,925 - INFO - 11 DB matches per sequence

2024-08-08 22:23:22,925 - INFO - 0 overflows

2024-08-08 22:23:22,925 - INFO - 0 queries produce too many hits (truncated result)

2024-08-08 22:23:22,925 - INFO - 0 sequences passed prefiltering per query sequence

2024-08-08 22:23:22,925 - INFO - 0 median result list length

2024-08-08 22:23:22,925 - INFO - 3534 sequences with 0 size result lists

2024-08-08 22:23:22,925 - INFO - Time for merging to pref_0: 0h 0m 0s 11ms

2024-08-08 22:23:22,925 - INFO - Time for processing: 0h 0m 11s 543ms

2024-08-08 22:23:22,953 - INFO - align /data/yangy34/database/pharokka/CARD phage_pharokka/GCA_015343595.1_732|40-2353/CARD_target_dir/target_seqs phage_pharokka/GCA_015343595.1_732|40-2353/CARD_tmp_dir//12616222273844519136/pref_0 phage_pharokka/GCA_015343595.1_732|40-2353/CARD/results_CARD --sub-mat nucl:nucleotide.out,aa:blosum62.out -a 0 --alignment-mode 2 --alignment-output-mode 0 --wrapped-scoring 0 -e 0.001 --min-seq-id 0.8 --min-aln-len 0 --seq-id-mode 0 --alt-ali 0 -c 0.4 --cov-mode 0 --max-seq-len 65535 --comp-bias-corr 1 --max-rejected 2147483647 --max-accept 2147483647 --add-self-matches 0 --db-load-mode 0 --pca 1 --pcb 1.5 --score-bias 0 --realign 0 --realign-score-bias -0.2 --realign-max-seqs 2147483647 --gap-open nucl:5,aa:11 --gap-extend nucl:2,aa:1 --zdrop 40 --threads 32 --compressed 0 -v 3 

2024-08-08 22:23:22,953 - INFO - 

2024-08-08 22:23:22,954 - INFO - Compute score and coverage

2024-08-08 22:23:22,954 - INFO - Query database size: 4641 type: Aminoacid

2024-08-08 22:23:22,954 - INFO - Target database size: 6 type: Aminoacid

2024-08-08 22:23:22,954 - INFO - Calculation of alignments

2024-08-08 22:23:22,981 - INFO - [=================================================================] 4.64K 0s 14ms

2024-08-08 22:23:22,981 - INFO - Time for merging to results_CARD: 0h 0m 0s 10ms

2024-08-08 22:23:22,981 - INFO - 447 alignments calculated

2024-08-08 22:23:22,981 - INFO - 0 sequence pairs passed the thresholds (0.000000 of overall calculated)

2024-08-08 22:23:22,982 - INFO - 0.000000 hits per query sequence

2024-08-08 22:23:22,982 - INFO - Time for processing: 0h 0m 0s 48ms

2024-08-08 22:23:23,084 - INFO - createtsv /data/yangy34/database/pharokka/CARD phage_pharokka/GCA_015343595.1_732|40-2353/CARD_target_dir/target_seqs phage_pharokka/GCA_015343595.1_732|40-2353/CARD/results_CARD phage_pharokka/GCA_015343595.1_732|40-2353/CARD_results.tsv --full-header --threads 32 

2024-08-08 22:23:23,084 - INFO - 

2024-08-08 22:23:23,084 - INFO - MMseqs Version:                 	13.45111

2024-08-08 22:23:23,084 - INFO - First sequence as representative	false

2024-08-08 22:23:23,085 - INFO - Target column                   	1

2024-08-08 22:23:23,085 - INFO - Add full header                 	true

2024-08-08 22:23:23,085 - INFO - Sequence source                 	0

2024-08-08 22:23:23,085 - INFO - Database output                 	false

2024-08-08 22:23:23,085 - INFO - Threads                         	32

2024-08-08 22:23:23,085 - INFO - Compressed                      	0

2024-08-08 22:23:23,085 - INFO - Verbosity                       	3

2024-08-08 22:23:23,085 - INFO - 

2024-08-08 22:23:23,085 - INFO - Time for merging to CARD_results.tsv: 0h 0m 0s 15ms

2024-08-08 22:23:23,085 - INFO - Time for processing: 0h 0m 0s 94ms

2024-08-08 22:23:23,102 - INFO - Running mmseqs2 on vfdb.
2024-08-08 22:23:23,174 - INFO - createdb phage_pharokka/GCA_015343595.1_732|40-2353/phanotate_aas_tmp.fasta phage_pharokka/GCA_015343595.1_732|40-2353/vfdb_target_dir/target_seqs 

2024-08-08 22:23:23,175 - INFO - 

2024-08-08 22:23:23,175 - INFO - MMseqs Version:       	13.45111

2024-08-08 22:23:23,175 - INFO - Database type         	0

2024-08-08 22:23:23,175 - INFO - Shuffle input database	true

2024-08-08 22:23:23,175 - INFO - Createdb mode         	0

2024-08-08 22:23:23,175 - INFO - Write lookup file     	1

2024-08-08 22:23:23,175 - INFO - Offset of numeric ids 	0

2024-08-08 22:23:23,175 - INFO - Compressed            	0

2024-08-08 22:23:23,175 - INFO - Verbosity             	3

2024-08-08 22:23:23,175 - INFO - 

2024-08-08 22:23:23,175 - INFO - Converting sequences

2024-08-08 22:23:23,175 - INFO - [

2024-08-08 22:23:23,175 - INFO - Time for merging to target_seqs_h: 0h 0m 0s 8ms

2024-08-08 22:23:23,175 - INFO - Time for merging to target_seqs: 0h 0m 0s 23ms

2024-08-08 22:23:23,175 - INFO - Database type: Aminoacid

2024-08-08 22:23:23,175 - INFO - Time for processing: 0h 0m 0s 67ms

2024-08-08 22:23:23,185 - INFO - Create directory phage_pharokka/GCA_015343595.1_732|40-2353/vfdb_tmp_dir/

2024-08-08 22:23:23,185 - INFO - search --min-seq-id 0.8 -c 0.4 /data/yangy34/database/pharokka/vfdb phage_pharokka/GCA_015343595.1_732|40-2353/vfdb_target_dir/target_seqs phage_pharokka/GCA_015343595.1_732|40-2353/vfdb/results_vfdb phage_pharokka/GCA_015343595.1_732|40-2353/vfdb_tmp_dir/ -s 8.5 --threads 32 

2024-08-08 22:23:23,185 - INFO - 

2024-08-08 22:23:23,185 - INFO - MMseqs Version:                        	13.45111

2024-08-08 22:23:23,185 - INFO - Substitution matrix                    	nucl:nucleotide.out,aa:blosum62.out

2024-08-08 22:23:23,185 - INFO - Add backtrace                          	false

2024-08-08 22:23:23,185 - INFO - Alignment mode                         	2

2024-08-08 22:23:23,185 - INFO - Alignment mode                         	0

2024-08-08 22:23:23,185 - INFO - Allow wrapped scoring                  	false

2024-08-08 22:23:23,185 - INFO - E-value threshold                      	0.001

2024-08-08 22:23:23,185 - INFO - Seq. id. threshold                     	0.8

2024-08-08 22:23:23,185 - INFO - Min alignment length                   	0

2024-08-08 22:23:23,185 - INFO - Seq. id. mode                          	0

2024-08-08 22:23:23,185 - INFO - Alternative alignments                 	0

2024-08-08 22:23:23,186 - INFO - Coverage threshold                     	0.4

2024-08-08 22:23:23,186 - INFO - Coverage mode                          	0

2024-08-08 22:23:23,186 - INFO - Max sequence length                    	65535

2024-08-08 22:23:23,186 - INFO - Compositional bias                     	1

2024-08-08 22:23:23,186 - INFO - Max reject                             	2147483647

2024-08-08 22:23:23,186 - INFO - Max accept                             	2147483647

2024-08-08 22:23:23,186 - INFO - Include identical seq. id.             	false

2024-08-08 22:23:23,186 - INFO - Preload mode                           	0

2024-08-08 22:23:23,186 - INFO - Pseudo count a                         	1

2024-08-08 22:23:23,186 - INFO - Pseudo count b                         	1.5

2024-08-08 22:23:23,186 - INFO - Score bias                             	0

2024-08-08 22:23:23,186 - INFO - Realign hits                           	false

2024-08-08 22:23:23,186 - INFO - Realign score bias                     	-0.2

2024-08-08 22:23:23,186 - INFO - Realign max seqs                       	2147483647

2024-08-08 22:23:23,186 - INFO - Gap open cost                          	nucl:5,aa:11

2024-08-08 22:23:23,186 - INFO - Gap extension cost                     	nucl:2,aa:1

2024-08-08 22:23:23,186 - INFO - Zdrop                                  	40

2024-08-08 22:23:23,186 - INFO - Threads                                	32

2024-08-08 22:23:23,186 - INFO - Compressed                             	0

2024-08-08 22:23:23,186 - INFO - Verbosity                              	3

2024-08-08 22:23:23,186 - INFO - Seed substitution matrix               	nucl:nucleotide.out,aa:VTML80.out

2024-08-08 22:23:23,186 - INFO - Sensitivity                            	8.5

2024-08-08 22:23:23,186 - INFO - k-mer length                           	0

2024-08-08 22:23:23,187 - INFO - k-score                                	2147483647

2024-08-08 22:23:23,187 - INFO - Alphabet size                          	nucl:5,aa:21

2024-08-08 22:23:23,187 - INFO - Max results per query                  	300

2024-08-08 22:23:23,187 - INFO - Split database                         	0

2024-08-08 22:23:23,187 - INFO - Split mode                             	2

2024-08-08 22:23:23,187 - INFO - Split memory limit                     	0

2024-08-08 22:23:23,187 - INFO - Diagonal scoring                       	true

2024-08-08 22:23:23,187 - INFO - Exact k-mer matching                   	0

2024-08-08 22:23:23,187 - INFO - Mask residues                          	1

2024-08-08 22:23:23,187 - INFO - Mask lower case residues               	0

2024-08-08 22:23:23,187 - INFO - Minimum diagonal score                 	15

2024-08-08 22:23:23,187 - INFO - Spaced k-mers                          	1

2024-08-08 22:23:23,187 - INFO - Spaced k-mer pattern                   	

2024-08-08 22:23:23,187 - INFO - Local temporary path                   	

2024-08-08 22:23:23,187 - INFO - Rescore mode                           	0

2024-08-08 22:23:23,187 - INFO - Remove hits by seq. id. and coverage   	false

2024-08-08 22:23:23,187 - INFO - Sort results                           	0

2024-08-08 22:23:23,187 - INFO - Mask profile                           	1

2024-08-08 22:23:23,187 - INFO - Profile E-value threshold              	0.1

2024-08-08 22:23:23,187 - INFO - Global sequence weighting              	false

2024-08-08 22:23:23,187 - INFO - Allow deletions                        	false

2024-08-08 22:23:23,187 - INFO - Filter MSA                             	1

2024-08-08 22:23:23,187 - INFO - Maximum seq. id. threshold             	0.9

2024-08-08 22:23:23,188 - INFO - Minimum seq. id.                       	0

2024-08-08 22:23:23,188 - INFO - Minimum score per column               	-20

2024-08-08 22:23:23,188 - INFO - Minimum coverage                       	0

2024-08-08 22:23:23,188 - INFO - Select N most diverse seqs             	1000

2024-08-08 22:23:23,188 - INFO - Min codons in orf                      	30

2024-08-08 22:23:23,188 - INFO - Max codons in length                   	32734

2024-08-08 22:23:23,188 - INFO - Max orf gaps                           	2147483647

2024-08-08 22:23:23,188 - INFO - Contig start mode                      	2

2024-08-08 22:23:23,188 - INFO - Contig end mode                        	2

2024-08-08 22:23:23,188 - INFO - Orf start mode                         	1

2024-08-08 22:23:23,188 - INFO - Forward frames                         	1,2,3

2024-08-08 22:23:23,188 - INFO - Reverse frames                         	1,2,3

2024-08-08 22:23:23,188 - INFO - Translation table                      	1

2024-08-08 22:23:23,188 - INFO - Translate orf                          	0

2024-08-08 22:23:23,188 - INFO - Use all table starts                   	false

2024-08-08 22:23:23,188 - INFO - Offset of numeric ids                  	0

2024-08-08 22:23:23,188 - INFO - Create lookup                          	0

2024-08-08 22:23:23,188 - INFO - Add orf stop                           	false

2024-08-08 22:23:23,188 - INFO - Overlap between sequences              	0

2024-08-08 22:23:23,188 - INFO - Sequence split mode                    	1

2024-08-08 22:23:23,188 - INFO - Header split mode                      	0

2024-08-08 22:23:23,188 - INFO - Chain overlapping alignments           	0

2024-08-08 22:23:23,188 - INFO - Merge query                            	1

2024-08-08 22:23:23,189 - INFO - Search type                            	0

2024-08-08 22:23:23,189 - INFO - Search iterations                      	1

2024-08-08 22:23:23,189 - INFO - Start sensitivity                      	4

2024-08-08 22:23:23,189 - INFO - Search steps                           	1

2024-08-08 22:23:23,189 - INFO - Exhaustive search mode                 	false

2024-08-08 22:23:23,189 - INFO - Filter results during exhaustive search	0

2024-08-08 22:23:23,189 - INFO - Strand selection                       	1

2024-08-08 22:23:23,189 - INFO - LCA search mode                        	false

2024-08-08 22:23:23,189 - INFO - Disk space limit                       	0

2024-08-08 22:23:23,189 - INFO - MPI runner                             	

2024-08-08 22:23:23,189 - INFO - Force restart with latest tmp          	false

2024-08-08 22:23:23,189 - INFO - Remove temporary files                 	false

2024-08-08 22:23:23,189 - INFO - 

2024-08-08 22:23:23,361 - INFO - prefilter /data/yangy34/database/pharokka/vfdb phage_pharokka/GCA_015343595.1_732|40-2353/vfdb_target_dir/target_seqs phage_pharokka/GCA_015343595.1_732|40-2353/vfdb_tmp_dir//15112941204727036234/pref_0 --sub-mat nucl:nucleotide.out,aa:blosum62.out --seed-sub-mat nucl:nucleotide.out,aa:VTML80.out -k 0 --k-score 2147483647 --alph-size nucl:5,aa:21 --max-seq-len 65535 --max-seqs 300 --split 0 --split-mode 2 --split-memory-limit 0 -c 0.4 --cov-mode 0 --comp-bias-corr 1 --diag-score 1 --exact-kmer-matching 0 --mask 1 --mask-lower-case 0 --min-ungapped-score 15 --add-self-matches 0 --spaced-kmer-mode 1 --db-load-mode 0 --pca 1 --pcb 1.5 --threads 32 --compressed 0 -v 3 -s 8.5 

2024-08-08 22:23:23,362 - INFO - 

2024-08-08 22:23:23,362 - INFO - Query database size: 27504 type: Aminoacid

2024-08-08 22:23:23,362 - INFO - Estimated memory consumption: 977M

2024-08-08 22:23:23,362 - INFO - Target database size: 6 type: Aminoacid

2024-08-08 22:23:23,362 - INFO - Index table k-mer threshold: 87 at k-mer size 6 

2024-08-08 22:23:23,362 - INFO - Index table: counting k-mers

2024-08-08 22:23:23,491 - INFO - [=================================================================] 6 0s 5ms

2024-08-08 22:23:23,491 - INFO - Index table: Masked residues: 12

2024-08-08 22:23:23,491 - INFO - Index table: fill

2024-08-08 22:23:24,997 - INFO - [=================================================================] 6 0s 1ms

2024-08-08 22:23:24,997 - INFO - Index statistics

2024-08-08 22:23:24,997 - INFO - Entries:          620

2024-08-08 22:23:24,997 - INFO - DB size:          488 MB

2024-08-08 22:23:24,998 - INFO - Avg k-mer size:   0.000010

2024-08-08 22:23:24,998 - INFO - Top 10 k-mers

2024-08-08 22:23:24,998 - INFO -     TKAGAA	1

2024-08-08 22:23:24,998 - INFO -     VVGIAA	1

2024-08-08 22:23:24,998 - INFO -     FIQNAA	1

2024-08-08 22:23:24,998 - INFO -     VTPSAA	1

2024-08-08 22:23:24,998 - INFO -     QTTVAA	1

2024-08-08 22:23:24,998 - INFO -     ASCDDA	1

2024-08-08 22:23:24,998 - INFO -     SQRTDA	1

2024-08-08 22:23:24,998 - INFO -     AAAAFA	1

2024-08-08 22:23:24,998 - INFO -     GFLMGA	1

2024-08-08 22:23:24,998 - INFO -     VLASGA	1

2024-08-08 22:23:24,999 - INFO - Time for index table init: 0h 0m 0s 447ms

2024-08-08 22:23:24,999 - INFO - Process prefiltering step 1 of 1

2024-08-08 22:23:24,999 - INFO - 

2024-08-08 22:23:24,999 - INFO - k-mer similarity threshold: 87

2024-08-08 22:23:24,999 - INFO - Starting prefiltering scores calculation (step 1 of 1)

2024-08-08 22:23:24,999 - INFO - Query db start 1 to 27504

2024-08-08 22:23:24,999 - INFO - Target db start 1 to 6

2024-08-08 22:24:40,900 - INFO - [=================================================================] 27.50K 1m 16s 559ms

2024-08-08 22:24:40,900 - INFO - 

2024-08-08 22:24:40,900 - INFO - 3159.764157 k-mers per position

2024-08-08 22:24:40,900 - INFO - 16 DB matches per sequence

2024-08-08 22:24:40,900 - INFO - 0 overflows

2024-08-08 22:24:40,901 - INFO - 0 queries produce too many hits (truncated result)

2024-08-08 22:24:40,901 - INFO - 0 sequences passed prefiltering per query sequence

2024-08-08 22:24:40,901 - INFO - 0 median result list length

2024-08-08 22:24:40,901 - INFO - 20146 sequences with 0 size result lists

2024-08-08 22:24:40,901 - INFO - Time for merging to pref_0: 0h 0m 0s 23ms

2024-08-08 22:24:40,901 - INFO - Time for processing: 0h 1m 17s 704ms

2024-08-08 22:24:40,949 - INFO - align /data/yangy34/database/pharokka/vfdb phage_pharokka/GCA_015343595.1_732|40-2353/vfdb_target_dir/target_seqs phage_pharokka/GCA_015343595.1_732|40-2353/vfdb_tmp_dir//15112941204727036234/pref_0 phage_pharokka/GCA_015343595.1_732|40-2353/vfdb/results_vfdb --sub-mat nucl:nucleotide.out,aa:blosum62.out -a 0 --alignment-mode 2 --alignment-output-mode 0 --wrapped-scoring 0 -e 0.001 --min-seq-id 0.8 --min-aln-len 0 --seq-id-mode 0 --alt-ali 0 -c 0.4 --cov-mode 0 --max-seq-len 65535 --comp-bias-corr 1 --max-rejected 2147483647 --max-accept 2147483647 --add-self-matches 0 --db-load-mode 0 --pca 1 --pcb 1.5 --score-bias 0 --realign 0 --realign-score-bias -0.2 --realign-max-seqs 2147483647 --gap-open nucl:5,aa:11 --gap-extend nucl:2,aa:1 --zdrop 40 --threads 32 --compressed 0 -v 3 

2024-08-08 22:24:40,949 - INFO - 

2024-08-08 22:24:40,949 - INFO - Compute score and coverage

2024-08-08 22:24:40,949 - INFO - Query database size: 27504 type: Aminoacid

2024-08-08 22:24:40,949 - INFO - Target database size: 6 type: Aminoacid

2024-08-08 22:24:40,949 - INFO - Calculation of alignments

2024-08-08 22:24:41,000 - INFO - [=================================================================] 27.50K 0s 27ms

2024-08-08 22:24:41,000 - INFO - Time for merging to results_vfdb: 0h 0m 0s 19ms

2024-08-08 22:24:41,001 - INFO - 2967 alignments calculated

2024-08-08 22:24:41,001 - INFO - 0 sequence pairs passed the thresholds (0.000000 of overall calculated)

2024-08-08 22:24:41,001 - INFO - 0.000000 hits per query sequence

2024-08-08 22:24:41,001 - INFO - Time for processing: 0h 0m 0s 91ms

2024-08-08 22:24:41,244 - INFO - createtsv /data/yangy34/database/pharokka/vfdb phage_pharokka/GCA_015343595.1_732|40-2353/vfdb_target_dir/target_seqs phage_pharokka/GCA_015343595.1_732|40-2353/vfdb/results_vfdb phage_pharokka/GCA_015343595.1_732|40-2353/vfdb_results.tsv --full-header --threads 32 

2024-08-08 22:24:41,244 - INFO - 

2024-08-08 22:24:41,244 - INFO - MMseqs Version:                 	13.45111

2024-08-08 22:24:41,244 - INFO - First sequence as representative	false

2024-08-08 22:24:41,244 - INFO - Target column                   	1

2024-08-08 22:24:41,244 - INFO - Add full header                 	true

2024-08-08 22:24:41,244 - INFO - Sequence source                 	0

2024-08-08 22:24:41,244 - INFO - Database output                 	false

2024-08-08 22:24:41,244 - INFO - Threads                         	32

2024-08-08 22:24:41,244 - INFO - Compressed                      	0

2024-08-08 22:24:41,244 - INFO - Verbosity                       	3

2024-08-08 22:24:41,244 - INFO - 

2024-08-08 22:24:41,245 - INFO - Time for merging to vfdb_results.tsv: 0h 0m 0s 29ms

2024-08-08 22:24:41,245 - INFO - Time for processing: 0h 0m 0s 236ms

2024-08-08 22:24:41,268 - INFO - Post Processing Output.
2024-08-08 22:24:41,676 - INFO - Converting gff to genbank.
2024-08-08 22:24:41,692 - WARNING - /gpfs/gsfs12/users/yangy34/softwares/mambaforge/envs/pharokka-env/lib/python3.10/site-packages/Bio/SeqIO/InsdcIO.py:728: BiopythonWarning: Increasing length of locus line to allow long name. This will result in fields that are not in usual positions.
  warnings.warn(

2024-08-08 22:24:41,709 - INFO - Finding the closest match for each contig in INPHARED using mash.
2024-08-08 22:24:41,775 - INFO - Sketching GCA_015343595.1_53_phages/GCA_015343595.1_732_40_2353_prophage.fasta...

2024-08-08 22:24:41,785 - INFO - Writing to phage_pharokka/GCA_015343595.1_732|40-2353/input_mash_sketch.msh...

2024-08-08 22:24:43,443 - INFO - pharokka has finished
2024-08-08 22:24:43,443 - INFO - Elapsed time: 181.04 seconds
2024-08-08 22:24:43,443 - INFO - If you use pharokka in your research, please cite:
2024-08-08 22:24:43,443 - INFO - George Bouras, Roshan Nepal, Ghais Houtak, Alkis James Psaltis, Peter-John Wormald, Sarah Vreugde.
2024-08-08 22:24:43,443 - INFO - Pharokka: a fast scalable bacteriophage annotation tool.
2024-08-08 22:24:43,443 - INFO - Bioinformatics, Volume 39, Issue 1, January 2023, btac776.
2024-08-08 22:24:43,443 - INFO - https://doi.org/10.1093/bioinformatics/btac776.
2024-08-08 22:24:43,443 - INFO - You should also cite the full list of tools pharokka uses, which can be found at https://github.com/gbouras13/pharokka#citation.
