2024-08-08 22:24:45,747 - INFO - Starting pharokka v1.3.2
2024-08-08 22:24:45,747 - INFO - Input args: Namespace(infile='GCA_015343595.1_53_phages/GCA_015343595.1_908_35_1598_prophage.fasta', outdir='phage_pharokka/GCA_015343595.1_908|35-1598', database='/data/yangy34/database/pharokka', threads='32', force=False, prefix='Default', locustag='Default', gene_predictor='phanotate', meta=False, split=False, coding_table='11', evalue='1E-05', terminase=False, terminase_strand='nothing', terminase_start='nothing', citation=False)
2024-08-08 22:24:45,747 - INFO - Checking database installation.
2024-08-08 22:24:45,786 - INFO - All databases have been successfully checked.
2024-08-08 22:24:45,786 - INFO - Checking dependencies.
2024-08-08 22:24:46,706 - INFO - phan_out version found is v1.5.1.
2024-08-08 22:24:46,706 - INFO - Phanotate version is ok.
2024-08-08 22:24:46,819 - INFO - MMseqs2 version found is v13.45111.
2024-08-08 22:24:46,819 - INFO - MMseqs2 version is ok.
2024-08-08 22:24:47,631 - INFO - tRNAscan-SE version found is v2.45111.11.
2024-08-08 22:24:47,631 - INFO - tRNAscan-SE version is ok.
2024-08-08 22:24:48,183 - INFO - MinCED version found is v0.4.2.
2024-08-08 22:24:48,183 - INFO - MinCED version is ok.
2024-08-08 22:24:48,201 - INFO - ARAGORN version found is v1.2.41.
2024-08-08 22:24:48,201 - INFO - ARAGORN version is ok.
2024-08-08 22:24:48,225 - INFO - mash version found is v2.2.
2024-08-08 22:24:48,225 - INFO - mash version is ok.
2024-08-08 22:24:48,458 - INFO - Running Phanotate.
2024-08-08 22:24:49,743 - INFO - Translating gene predicted fastas.
2024-08-08 22:24:49,769 - INFO - Starting tRNA-scanSE
2024-08-08 22:24:49,939 - INFO - 

2024-08-08 22:24:49,939 - INFO - tRNAscan-SE v.2.0.11 (Oct 2022) - scan sequences for transfer RNAs

2024-08-08 22:24:49,939 - INFO - Copyright (C) 2022 Patricia Chan and Todd Lowe

2024-08-08 22:24:49,939 - INFO -                    University of California Santa Cruz

2024-08-08 22:24:49,939 - INFO - Freely distributed under the GNU General Public License (GPLv3)

2024-08-08 22:24:49,939 - INFO - 

2024-08-08 22:24:49,939 - INFO - ------------------------------------------------------------

2024-08-08 22:24:49,939 - INFO - Sequence file(s) to search:        GCA_015343595.1_53_phages/GCA_015343595.1_908_35_1598_prophage.fasta

2024-08-08 22:24:49,939 - INFO - Search Mode:                       General

2024-08-08 22:24:49,939 - INFO - Results written to:                Standard output

2024-08-08 22:24:49,939 - INFO - Output format:                     Tabular

2024-08-08 22:24:49,939 - INFO - Searching with:                    Infernal single-pass scan

2024-08-08 22:24:49,939 - INFO -                                    Fast mode

2024-08-08 22:24:49,939 - INFO - Covariance model:                  /gpfs/gsfs12/users/yangy34/softwares/mambaforge/envs/pharokka-env/lib/tRNAscan-SE/models/TRNAinf.cm

2024-08-08 22:24:49,939 - INFO - 

2024-08-08 22:24:49,939 - INFO - Temporary directory:               /tmp

2024-08-08 22:24:49,939 - INFO - tRNA predictions saved to:         phage_pharokka/GCA_015343595.1_908|35-1598/trnascan_out.gff

2024-08-08 22:24:49,939 - INFO - ------------------------------------------------------------

2024-08-08 22:24:49,940 - INFO - 

2024-08-08 22:24:50,071 - INFO - No tRNAs found.

2024-08-08 22:24:50,071 - INFO - 

2024-08-08 22:24:50,085 - INFO - Running MinCED.
2024-08-08 22:24:50,348 - INFO - Running Aragorn.
2024-08-08 22:24:50,351 - INFO - Starting MMseqs2.
2024-08-08 22:24:50,351 - INFO - Running MMseqs2 on PHROGs Database.
2024-08-08 22:24:50,449 - INFO - createdb phage_pharokka/GCA_015343595.1_908|35-1598/phanotate_aas_tmp.fasta phage_pharokka/GCA_015343595.1_908|35-1598/target_dir/target_seqs 

2024-08-08 22:24:50,449 - INFO - 

2024-08-08 22:24:50,449 - INFO - MMseqs Version:       	13.45111

2024-08-08 22:24:50,449 - INFO - Database type         	0

2024-08-08 22:24:50,449 - INFO - Shuffle input database	true

2024-08-08 22:24:50,450 - INFO - Createdb mode         	0

2024-08-08 22:24:50,450 - INFO - Write lookup file     	1

2024-08-08 22:24:50,450 - INFO - Offset of numeric ids 	0

2024-08-08 22:24:50,450 - INFO - Compressed            	0

2024-08-08 22:24:50,450 - INFO - Verbosity             	3

2024-08-08 22:24:50,450 - INFO - 

2024-08-08 22:24:50,451 - INFO - Converting sequences

2024-08-08 22:24:50,451 - INFO - [

2024-08-08 22:24:50,451 - INFO - Time for merging to target_seqs_h: 0h 0m 0s 22ms

2024-08-08 22:24:50,451 - INFO - Time for merging to target_seqs: 0h 0m 0s 22ms

2024-08-08 22:24:50,451 - INFO - Database type: Aminoacid

2024-08-08 22:24:50,451 - INFO - Time for processing: 0h 0m 0s 90ms

2024-08-08 22:24:50,458 - INFO - Create directory phage_pharokka/GCA_015343595.1_908|35-1598/tmp_dir/

2024-08-08 22:24:50,458 - INFO - search -e 1E-05 /data/yangy34/database/pharokka/phrogs_profile_db phage_pharokka/GCA_015343595.1_908|35-1598/target_dir/target_seqs phage_pharokka/GCA_015343595.1_908|35-1598/mmseqs/results_mmseqs phage_pharokka/GCA_015343595.1_908|35-1598/tmp_dir/ -s 8.5 --threads 32 

2024-08-08 22:24:50,458 - INFO - 

2024-08-08 22:24:50,458 - INFO - MMseqs Version:                        	13.45111

2024-08-08 22:24:50,458 - INFO - Substitution matrix                    	nucl:nucleotide.out,aa:blosum62.out

2024-08-08 22:24:50,458 - INFO - Add backtrace                          	false

2024-08-08 22:24:50,458 - INFO - Alignment mode                         	2

2024-08-08 22:24:50,458 - INFO - Alignment mode                         	0

2024-08-08 22:24:50,458 - INFO - Allow wrapped scoring                  	false

2024-08-08 22:24:50,458 - INFO - E-value threshold                      	1e-05

2024-08-08 22:24:50,459 - INFO - Seq. id. threshold                     	0

2024-08-08 22:24:50,459 - INFO - Min alignment length                   	0

2024-08-08 22:24:50,459 - INFO - Seq. id. mode                          	0

2024-08-08 22:24:50,459 - INFO - Alternative alignments                 	0

2024-08-08 22:24:50,459 - INFO - Coverage threshold                     	0

2024-08-08 22:24:50,459 - INFO - Coverage mode                          	0

2024-08-08 22:24:50,459 - INFO - Max sequence length                    	65535

2024-08-08 22:24:50,459 - INFO - Compositional bias                     	1

2024-08-08 22:24:50,459 - INFO - Max reject                             	2147483647

2024-08-08 22:24:50,459 - INFO - Max accept                             	2147483647

2024-08-08 22:24:50,459 - INFO - Include identical seq. id.             	false

2024-08-08 22:24:50,459 - INFO - Preload mode                           	0

2024-08-08 22:24:50,459 - INFO - Pseudo count a                         	1

2024-08-08 22:24:50,459 - INFO - Pseudo count b                         	1.5

2024-08-08 22:24:50,459 - INFO - Score bias                             	0

2024-08-08 22:24:50,459 - INFO - Realign hits                           	false

2024-08-08 22:24:50,459 - INFO - Realign score bias                     	-0.2

2024-08-08 22:24:50,459 - INFO - Realign max seqs                       	2147483647

2024-08-08 22:24:50,459 - INFO - Gap open cost                          	nucl:5,aa:11

2024-08-08 22:24:50,459 - INFO - Gap extension cost                     	nucl:2,aa:1

2024-08-08 22:24:50,459 - INFO - Zdrop                                  	40

2024-08-08 22:24:50,459 - INFO - Threads                                	32

2024-08-08 22:24:50,460 - INFO - Compressed                             	0

2024-08-08 22:24:50,460 - INFO - Verbosity                              	3

2024-08-08 22:24:50,460 - INFO - Seed substitution matrix               	nucl:nucleotide.out,aa:VTML80.out

2024-08-08 22:24:50,460 - INFO - Sensitivity                            	8.5

2024-08-08 22:24:50,460 - INFO - k-mer length                           	0

2024-08-08 22:24:50,460 - INFO - k-score                                	2147483647

2024-08-08 22:24:50,460 - INFO - Alphabet size                          	nucl:5,aa:21

2024-08-08 22:24:50,460 - INFO - Max results per query                  	300

2024-08-08 22:24:50,460 - INFO - Split database                         	0

2024-08-08 22:24:50,460 - INFO - Split mode                             	2

2024-08-08 22:24:50,460 - INFO - Split memory limit                     	0

2024-08-08 22:24:50,460 - INFO - Diagonal scoring                       	true

2024-08-08 22:24:50,460 - INFO - Exact k-mer matching                   	0

2024-08-08 22:24:50,460 - INFO - Mask residues                          	1

2024-08-08 22:24:50,460 - INFO - Mask lower case residues               	0

2024-08-08 22:24:50,460 - INFO - Minimum diagonal score                 	15

2024-08-08 22:24:50,460 - INFO - Spaced k-mers                          	1

2024-08-08 22:24:50,460 - INFO - Spaced k-mer pattern                   	

2024-08-08 22:24:50,460 - INFO - Local temporary path                   	

2024-08-08 22:24:50,460 - INFO - Rescore mode                           	0

2024-08-08 22:24:50,460 - INFO - Remove hits by seq. id. and coverage   	false

2024-08-08 22:24:50,460 - INFO - Sort results                           	0

2024-08-08 22:24:50,460 - INFO - Mask profile                           	1

2024-08-08 22:24:50,461 - INFO - Profile E-value threshold              	0.1

2024-08-08 22:24:50,461 - INFO - Global sequence weighting              	false

2024-08-08 22:24:50,461 - INFO - Allow deletions                        	false

2024-08-08 22:24:50,461 - INFO - Filter MSA                             	1

2024-08-08 22:24:50,461 - INFO - Maximum seq. id. threshold             	0.9

2024-08-08 22:24:50,461 - INFO - Minimum seq. id.                       	0

2024-08-08 22:24:50,461 - INFO - Minimum score per column               	-20

2024-08-08 22:24:50,461 - INFO - Minimum coverage                       	0

2024-08-08 22:24:50,461 - INFO - Select N most diverse seqs             	1000

2024-08-08 22:24:50,461 - INFO - Min codons in orf                      	30

2024-08-08 22:24:50,461 - INFO - Max codons in length                   	32734

2024-08-08 22:24:50,461 - INFO - Max orf gaps                           	2147483647

2024-08-08 22:24:50,461 - INFO - Contig start mode                      	2

2024-08-08 22:24:50,461 - INFO - Contig end mode                        	2

2024-08-08 22:24:50,461 - INFO - Orf start mode                         	1

2024-08-08 22:24:50,461 - INFO - Forward frames                         	1,2,3

2024-08-08 22:24:50,461 - INFO - Reverse frames                         	1,2,3

2024-08-08 22:24:50,461 - INFO - Translation table                      	1

2024-08-08 22:24:50,461 - INFO - Translate orf                          	0

2024-08-08 22:24:50,461 - INFO - Use all table starts                   	false

2024-08-08 22:24:50,461 - INFO - Offset of numeric ids                  	0

2024-08-08 22:24:50,461 - INFO - Create lookup                          	0

2024-08-08 22:24:50,461 - INFO - Add orf stop                           	false

2024-08-08 22:24:50,461 - INFO - Overlap between sequences              	0

2024-08-08 22:24:50,462 - INFO - Sequence split mode                    	1

2024-08-08 22:24:50,462 - INFO - Header split mode                      	0

2024-08-08 22:24:50,462 - INFO - Chain overlapping alignments           	0

2024-08-08 22:24:50,462 - INFO - Merge query                            	1

2024-08-08 22:24:50,462 - INFO - Search type                            	0

2024-08-08 22:24:50,462 - INFO - Search iterations                      	1

2024-08-08 22:24:50,462 - INFO - Start sensitivity                      	4

2024-08-08 22:24:50,462 - INFO - Search steps                           	1

2024-08-08 22:24:50,462 - INFO - Exhaustive search mode                 	false

2024-08-08 22:24:50,462 - INFO - Filter results during exhaustive search	0

2024-08-08 22:24:50,462 - INFO - Strand selection                       	1

2024-08-08 22:24:50,462 - INFO - LCA search mode                        	false

2024-08-08 22:24:50,462 - INFO - Disk space limit                       	0

2024-08-08 22:24:50,462 - INFO - MPI runner                             	

2024-08-08 22:24:50,462 - INFO - Force restart with latest tmp          	false

2024-08-08 22:24:50,462 - INFO - Remove temporary files                 	false

2024-08-08 22:24:50,462 - INFO - 

2024-08-08 22:24:50,850 - INFO - prefilter /data/yangy34/database/pharokka/phrogs_profile_db phage_pharokka/GCA_015343595.1_908|35-1598/target_dir/target_seqs phage_pharokka/GCA_015343595.1_908|35-1598/tmp_dir//6703788811744979883/pref_0 --sub-mat nucl:nucleotide.out,aa:blosum62.out --seed-sub-mat nucl:nucleotide.out,aa:VTML80.out -k 0 --k-score 2147483647 --alph-size nucl:5,aa:21 --max-seq-len 65535 --max-seqs 300 --split 0 --split-mode 2 --split-memory-limit 0 -c 0 --cov-mode 0 --comp-bias-corr 1 --diag-score 1 --exact-kmer-matching 0 --mask 1 --mask-lower-case 0 --min-ungapped-score 15 --add-self-matches 0 --spaced-kmer-mode 1 --db-load-mode 0 --pca 1 --pcb 1.5 --threads 32 --compressed 0 -v 3 -s 8.5 

2024-08-08 22:24:50,851 - INFO - 

2024-08-08 22:24:50,851 - INFO - Query database size: 38880 type: Profile

2024-08-08 22:24:50,851 - INFO - Estimated memory consumption: 488M

2024-08-08 22:24:50,851 - INFO - Target database size: 5 type: Aminoacid

2024-08-08 22:24:50,851 - INFO - Index table k-mer threshold: 0 at k-mer size 6 

2024-08-08 22:24:50,851 - INFO - Index table: counting k-mers

2024-08-08 22:24:50,994 - INFO - [=================================================================] 5 0s 2ms

2024-08-08 22:24:50,995 - INFO - Index table: Masked residues: 0

2024-08-08 22:24:50,995 - INFO - Index table: fill

2024-08-08 22:24:52,230 - INFO - [=================================================================] 5 0s 2ms

2024-08-08 22:24:52,230 - INFO - Index statistics

2024-08-08 22:24:52,230 - INFO - Entries:          443

2024-08-08 22:24:52,230 - INFO - DB size:          488 MB

2024-08-08 22:24:52,230 - INFO - Avg k-mer size:   0.000007

2024-08-08 22:24:52,230 - INFO - Top 10 k-mers

2024-08-08 22:24:52,230 - INFO -     CLNIAA	1

2024-08-08 22:24:52,230 - INFO -     HQIADA	1

2024-08-08 22:24:52,230 - INFO -     KAGTDA	1

2024-08-08 22:24:52,230 - INFO -     VDISEA	1

2024-08-08 22:24:52,230 - INFO -     KQGVGA	1

2024-08-08 22:24:52,231 - INFO -     NKGCHA	1

2024-08-08 22:24:52,231 - INFO -     GYDHHA	1

2024-08-08 22:24:52,231 - INFO -     INLGIA	1

2024-08-08 22:24:52,231 - INFO -     KDESIA	1

2024-08-08 22:24:52,231 - INFO -     RDDIKA	1

2024-08-08 22:24:52,231 - INFO - Time for index table init: 0h 0m 0s 653ms

2024-08-08 22:24:52,231 - INFO - Process prefiltering step 1 of 1

2024-08-08 22:24:52,231 - INFO - 

2024-08-08 22:24:52,231 - INFO - k-mer similarity threshold: 81

2024-08-08 22:24:52,231 - INFO - Starting prefiltering scores calculation (step 1 of 1)

2024-08-08 22:24:52,231 - INFO - Query db start 1 to 38880

2024-08-08 22:24:52,231 - INFO - Target db start 1 to 5

2024-08-08 22:26:01,110 - INFO - [=================================================================] 38.88K 1m 9s 570ms

2024-08-08 22:26:01,110 - INFO - 

2024-08-08 22:26:01,110 - INFO - 5386.328443 k-mers per position

2024-08-08 22:26:01,110 - INFO - 6 DB matches per sequence

2024-08-08 22:26:01,110 - INFO - 0 overflows

2024-08-08 22:26:01,110 - INFO - 0 queries produce too many hits (truncated result)

2024-08-08 22:26:01,110 - INFO - 0 sequences passed prefiltering per query sequence

2024-08-08 22:26:01,110 - INFO - 0 median result list length

2024-08-08 22:26:01,110 - INFO - 33140 sequences with 0 size result lists

2024-08-08 22:26:01,110 - INFO - Time for merging to pref_0: 0h 0m 0s 27ms

2024-08-08 22:26:01,110 - INFO - Time for processing: 0h 1m 10s 643ms

2024-08-08 22:26:01,192 - INFO - align /data/yangy34/database/pharokka/phrogs_profile_db phage_pharokka/GCA_015343595.1_908|35-1598/target_dir/target_seqs phage_pharokka/GCA_015343595.1_908|35-1598/tmp_dir//6703788811744979883/pref_0 phage_pharokka/GCA_015343595.1_908|35-1598/mmseqs/results_mmseqs --sub-mat nucl:nucleotide.out,aa:blosum62.out -a 0 --alignment-mode 2 --alignment-output-mode 0 --wrapped-scoring 0 -e 1e-05 --min-seq-id 0 --min-aln-len 0 --seq-id-mode 0 --alt-ali 0 -c 0 --cov-mode 0 --max-seq-len 65535 --comp-bias-corr 1 --max-rejected 2147483647 --max-accept 2147483647 --add-self-matches 0 --db-load-mode 0 --pca 1 --pcb 1.5 --score-bias 0 --realign 0 --realign-score-bias -0.2 --realign-max-seqs 2147483647 --gap-open nucl:5,aa:11 --gap-extend nucl:2,aa:1 --zdrop 40 --threads 32 --compressed 0 -v 3 

2024-08-08 22:26:01,192 - INFO - 

2024-08-08 22:26:01,192 - INFO - Compute score and coverage

2024-08-08 22:26:01,192 - INFO - Query database size: 38880 type: Profile

2024-08-08 22:26:01,192 - INFO - Target database size: 5 type: Aminoacid

2024-08-08 22:26:01,192 - INFO - Calculation of alignments

2024-08-08 22:26:01,447 - INFO - [=================================================================] 38.88K 0s 204ms

2024-08-08 22:26:01,447 - INFO - Time for merging to results_mmseqs: 0h 0m 0s 21ms

2024-08-08 22:26:01,447 - INFO - 6512 alignments calculated

2024-08-08 22:26:01,447 - INFO - 18 sequence pairs passed the thresholds (0.002764 of overall calculated)

2024-08-08 22:26:01,447 - INFO - 0.000463 hits per query sequence

2024-08-08 22:26:01,447 - INFO - Time for processing: 0h 0m 0s 330ms

2024-08-08 22:26:01,578 - INFO - createtsv /data/yangy34/database/pharokka/phrogs_profile_db phage_pharokka/GCA_015343595.1_908|35-1598/target_dir/target_seqs phage_pharokka/GCA_015343595.1_908|35-1598/mmseqs/results_mmseqs phage_pharokka/GCA_015343595.1_908|35-1598/mmseqs_results.tsv --full-header --threads 32 

2024-08-08 22:26:01,578 - INFO - 

2024-08-08 22:26:01,578 - INFO - MMseqs Version:                 	13.45111

2024-08-08 22:26:01,578 - INFO - First sequence as representative	false

2024-08-08 22:26:01,578 - INFO - Target column                   	1

2024-08-08 22:26:01,578 - INFO - Add full header                 	true

2024-08-08 22:26:01,578 - INFO - Sequence source                 	0

2024-08-08 22:26:01,578 - INFO - Database output                 	false

2024-08-08 22:26:01,579 - INFO - Threads                         	32

2024-08-08 22:26:01,579 - INFO - Compressed                      	0

2024-08-08 22:26:01,579 - INFO - Verbosity                       	3

2024-08-08 22:26:01,579 - INFO - 

2024-08-08 22:26:01,579 - INFO - Time for merging to mmseqs_results.tsv: 0h 0m 0s 28ms

2024-08-08 22:26:01,579 - INFO - Time for processing: 0h 0m 0s 122ms

2024-08-08 22:26:01,602 - INFO - Running mmseqs2 on CARD.
2024-08-08 22:26:01,660 - INFO - createdb phage_pharokka/GCA_015343595.1_908|35-1598/phanotate_aas_tmp.fasta phage_pharokka/GCA_015343595.1_908|35-1598/CARD_target_dir/target_seqs 

2024-08-08 22:26:01,660 - INFO - 

2024-08-08 22:26:01,660 - INFO - MMseqs Version:       	13.45111

2024-08-08 22:26:01,660 - INFO - Database type         	0

2024-08-08 22:26:01,660 - INFO - Shuffle input database	true

2024-08-08 22:26:01,660 - INFO - Createdb mode         	0

2024-08-08 22:26:01,660 - INFO - Write lookup file     	1

2024-08-08 22:26:01,660 - INFO - Offset of numeric ids 	0

2024-08-08 22:26:01,660 - INFO - Compressed            	0

2024-08-08 22:26:01,660 - INFO - Verbosity             	3

2024-08-08 22:26:01,661 - INFO - 

2024-08-08 22:26:01,661 - INFO - Converting sequences

2024-08-08 22:26:01,661 - INFO - [

2024-08-08 22:26:01,661 - INFO - Time for merging to target_seqs_h: 0h 0m 0s 8ms

2024-08-08 22:26:01,661 - INFO - Time for merging to target_seqs: 0h 0m 0s 19ms

2024-08-08 22:26:01,661 - INFO - Database type: Aminoacid

2024-08-08 22:26:01,661 - INFO - Time for processing: 0h 0m 0s 53ms

2024-08-08 22:26:01,671 - INFO - Create directory phage_pharokka/GCA_015343595.1_908|35-1598/CARD_tmp_dir/

2024-08-08 22:26:01,671 - INFO - search --min-seq-id 0.8 -c 0.4 /data/yangy34/database/pharokka/CARD phage_pharokka/GCA_015343595.1_908|35-1598/CARD_target_dir/target_seqs phage_pharokka/GCA_015343595.1_908|35-1598/CARD/results_CARD phage_pharokka/GCA_015343595.1_908|35-1598/CARD_tmp_dir/ -s 8.5 --threads 32 

2024-08-08 22:26:01,671 - INFO - 

2024-08-08 22:26:01,671 - INFO - MMseqs Version:                        	13.45111

2024-08-08 22:26:01,671 - INFO - Substitution matrix                    	nucl:nucleotide.out,aa:blosum62.out

2024-08-08 22:26:01,671 - INFO - Add backtrace                          	false

2024-08-08 22:26:01,671 - INFO - Alignment mode                         	2

2024-08-08 22:26:01,671 - INFO - Alignment mode                         	0

2024-08-08 22:26:01,671 - INFO - Allow wrapped scoring                  	false

2024-08-08 22:26:01,671 - INFO - E-value threshold                      	0.001

2024-08-08 22:26:01,671 - INFO - Seq. id. threshold                     	0.8

2024-08-08 22:26:01,671 - INFO - Min alignment length                   	0

2024-08-08 22:26:01,672 - INFO - Seq. id. mode                          	0

2024-08-08 22:26:01,672 - INFO - Alternative alignments                 	0

2024-08-08 22:26:01,672 - INFO - Coverage threshold                     	0.4

2024-08-08 22:26:01,672 - INFO - Coverage mode                          	0

2024-08-08 22:26:01,672 - INFO - Max sequence length                    	65535

2024-08-08 22:26:01,672 - INFO - Compositional bias                     	1

2024-08-08 22:26:01,672 - INFO - Max reject                             	2147483647

2024-08-08 22:26:01,672 - INFO - Max accept                             	2147483647

2024-08-08 22:26:01,672 - INFO - Include identical seq. id.             	false

2024-08-08 22:26:01,672 - INFO - Preload mode                           	0

2024-08-08 22:26:01,672 - INFO - Pseudo count a                         	1

2024-08-08 22:26:01,672 - INFO - Pseudo count b                         	1.5

2024-08-08 22:26:01,672 - INFO - Score bias                             	0

2024-08-08 22:26:01,672 - INFO - Realign hits                           	false

2024-08-08 22:26:01,672 - INFO - Realign score bias                     	-0.2

2024-08-08 22:26:01,672 - INFO - Realign max seqs                       	2147483647

2024-08-08 22:26:01,672 - INFO - Gap open cost                          	nucl:5,aa:11

2024-08-08 22:26:01,672 - INFO - Gap extension cost                     	nucl:2,aa:1

2024-08-08 22:26:01,672 - INFO - Zdrop                                  	40

2024-08-08 22:26:01,672 - INFO - Threads                                	32

2024-08-08 22:26:01,672 - INFO - Compressed                             	0

2024-08-08 22:26:01,672 - INFO - Verbosity                              	3

2024-08-08 22:26:01,673 - INFO - Seed substitution matrix               	nucl:nucleotide.out,aa:VTML80.out

2024-08-08 22:26:01,673 - INFO - Sensitivity                            	8.5

2024-08-08 22:26:01,673 - INFO - k-mer length                           	0

2024-08-08 22:26:01,673 - INFO - k-score                                	2147483647

2024-08-08 22:26:01,673 - INFO - Alphabet size                          	nucl:5,aa:21

2024-08-08 22:26:01,673 - INFO - Max results per query                  	300

2024-08-08 22:26:01,673 - INFO - Split database                         	0

2024-08-08 22:26:01,673 - INFO - Split mode                             	2

2024-08-08 22:26:01,673 - INFO - Split memory limit                     	0

2024-08-08 22:26:01,673 - INFO - Diagonal scoring                       	true

2024-08-08 22:26:01,673 - INFO - Exact k-mer matching                   	0

2024-08-08 22:26:01,673 - INFO - Mask residues                          	1

2024-08-08 22:26:01,673 - INFO - Mask lower case residues               	0

2024-08-08 22:26:01,673 - INFO - Minimum diagonal score                 	15

2024-08-08 22:26:01,673 - INFO - Spaced k-mers                          	1

2024-08-08 22:26:01,673 - INFO - Spaced k-mer pattern                   	

2024-08-08 22:26:01,673 - INFO - Local temporary path                   	

2024-08-08 22:26:01,673 - INFO - Rescore mode                           	0

2024-08-08 22:26:01,673 - INFO - Remove hits by seq. id. and coverage   	false

2024-08-08 22:26:01,673 - INFO - Sort results                           	0

2024-08-08 22:26:01,673 - INFO - Mask profile                           	1

2024-08-08 22:26:01,673 - INFO - Profile E-value threshold              	0.1

2024-08-08 22:26:01,674 - INFO - Global sequence weighting              	false

2024-08-08 22:26:01,674 - INFO - Allow deletions                        	false

2024-08-08 22:26:01,674 - INFO - Filter MSA                             	1

2024-08-08 22:26:01,674 - INFO - Maximum seq. id. threshold             	0.9

2024-08-08 22:26:01,674 - INFO - Minimum seq. id.                       	0

2024-08-08 22:26:01,674 - INFO - Minimum score per column               	-20

2024-08-08 22:26:01,674 - INFO - Minimum coverage                       	0

2024-08-08 22:26:01,674 - INFO - Select N most diverse seqs             	1000

2024-08-08 22:26:01,674 - INFO - Min codons in orf                      	30

2024-08-08 22:26:01,674 - INFO - Max codons in length                   	32734

2024-08-08 22:26:01,674 - INFO - Max orf gaps                           	2147483647

2024-08-08 22:26:01,674 - INFO - Contig start mode                      	2

2024-08-08 22:26:01,674 - INFO - Contig end mode                        	2

2024-08-08 22:26:01,674 - INFO - Orf start mode                         	1

2024-08-08 22:26:01,674 - INFO - Forward frames                         	1,2,3

2024-08-08 22:26:01,674 - INFO - Reverse frames                         	1,2,3

2024-08-08 22:26:01,674 - INFO - Translation table                      	1

2024-08-08 22:26:01,674 - INFO - Translate orf                          	0

2024-08-08 22:26:01,674 - INFO - Use all table starts                   	false

2024-08-08 22:26:01,674 - INFO - Offset of numeric ids                  	0

2024-08-08 22:26:01,675 - INFO - Create lookup                          	0

2024-08-08 22:26:01,675 - INFO - Add orf stop                           	false

2024-08-08 22:26:01,675 - INFO - Overlap between sequences              	0

2024-08-08 22:26:01,675 - INFO - Sequence split mode                    	1

2024-08-08 22:26:01,675 - INFO - Header split mode                      	0

2024-08-08 22:26:01,675 - INFO - Chain overlapping alignments           	0

2024-08-08 22:26:01,675 - INFO - Merge query                            	1

2024-08-08 22:26:01,675 - INFO - Search type                            	0

2024-08-08 22:26:01,675 - INFO - Search iterations                      	1

2024-08-08 22:26:01,675 - INFO - Start sensitivity                      	4

2024-08-08 22:26:01,675 - INFO - Search steps                           	1

2024-08-08 22:26:01,675 - INFO - Exhaustive search mode                 	false

2024-08-08 22:26:01,675 - INFO - Filter results during exhaustive search	0

2024-08-08 22:26:01,675 - INFO - Strand selection                       	1

2024-08-08 22:26:01,675 - INFO - LCA search mode                        	false

2024-08-08 22:26:01,675 - INFO - Disk space limit                       	0

2024-08-08 22:26:01,675 - INFO - MPI runner                             	

2024-08-08 22:26:01,675 - INFO - Force restart with latest tmp          	false

2024-08-08 22:26:01,675 - INFO - Remove temporary files                 	false

2024-08-08 22:26:01,675 - INFO - 

2024-08-08 22:26:02,047 - INFO - prefilter /data/yangy34/database/pharokka/CARD phage_pharokka/GCA_015343595.1_908|35-1598/CARD_target_dir/target_seqs phage_pharokka/GCA_015343595.1_908|35-1598/CARD_tmp_dir//15548013095389976803/pref_0 --sub-mat nucl:nucleotide.out,aa:blosum62.out --seed-sub-mat nucl:nucleotide.out,aa:VTML80.out -k 0 --k-score 2147483647 --alph-size nucl:5,aa:21 --max-seq-len 65535 --max-seqs 300 --split 0 --split-mode 2 --split-memory-limit 0 -c 0.4 --cov-mode 0 --comp-bias-corr 1 --diag-score 1 --exact-kmer-matching 0 --mask 1 --mask-lower-case 0 --min-ungapped-score 15 --add-self-matches 0 --spaced-kmer-mode 1 --db-load-mode 0 --pca 1 --pcb 1.5 --threads 32 --compressed 0 -v 3 -s 8.5 

2024-08-08 22:26:02,048 - INFO - 

2024-08-08 22:26:02,048 - INFO - Query database size: 4641 type: Aminoacid

2024-08-08 22:26:02,048 - INFO - Estimated memory consumption: 977M

2024-08-08 22:26:02,048 - INFO - Target database size: 5 type: Aminoacid

2024-08-08 22:26:02,048 - INFO - Index table k-mer threshold: 87 at k-mer size 6 

2024-08-08 22:26:02,048 - INFO - Index table: counting k-mers

2024-08-08 22:26:02,193 - INFO - [=================================================================] 5 0s 6ms

2024-08-08 22:26:02,193 - INFO - Index table: Masked residues: 0

2024-08-08 22:26:02,193 - INFO - Index table: fill

2024-08-08 22:26:02,664 - INFO - [=================================================================] 5 0s 0ms

2024-08-08 22:26:02,664 - INFO - Index statistics

2024-08-08 22:26:02,664 - INFO - Entries:          443

2024-08-08 22:26:02,664 - INFO - DB size:          488 MB

2024-08-08 22:26:02,664 - INFO - Avg k-mer size:   0.000007

2024-08-08 22:26:02,664 - INFO - Top 10 k-mers

2024-08-08 22:26:02,664 - INFO -     CLNIAA	1

2024-08-08 22:26:02,664 - INFO -     HQIADA	1

2024-08-08 22:26:02,664 - INFO -     KAGTDA	1

2024-08-08 22:26:02,664 - INFO -     VDISEA	1

2024-08-08 22:26:02,665 - INFO -     KQGVGA	1

2024-08-08 22:26:02,665 - INFO -     NKGCHA	1

2024-08-08 22:26:02,665 - INFO -     GYDHHA	1

2024-08-08 22:26:02,665 - INFO -     INLGIA	1

2024-08-08 22:26:02,665 - INFO -     KDESIA	1

2024-08-08 22:26:02,665 - INFO -     RDDIKA	1

2024-08-08 22:26:02,665 - INFO - Time for index table init: 0h 0m 0s 658ms

2024-08-08 22:26:02,665 - INFO - Process prefiltering step 1 of 1

2024-08-08 22:26:02,665 - INFO - 

2024-08-08 22:26:02,665 - INFO - k-mer similarity threshold: 87

2024-08-08 22:26:02,665 - INFO - Starting prefiltering scores calculation (step 1 of 1)

2024-08-08 22:26:02,665 - INFO - Query db start 1 to 4641

2024-08-08 22:26:02,665 - INFO - Target db start 1 to 5

2024-08-08 22:26:12,066 - INFO - [=================================================================] 4.64K 9s 375ms

2024-08-08 22:26:12,066 - INFO - 

2024-08-08 22:26:12,067 - INFO - 3883.681631 k-mers per position

2024-08-08 22:26:12,067 - INFO - 8 DB matches per sequence

2024-08-08 22:26:12,067 - INFO - 0 overflows

2024-08-08 22:26:12,067 - INFO - 0 queries produce too many hits (truncated result)

2024-08-08 22:26:12,067 - INFO - 0 sequences passed prefiltering per query sequence

2024-08-08 22:26:12,067 - INFO - 0 median result list length

2024-08-08 22:26:12,067 - INFO - 4255 sequences with 0 size result lists

2024-08-08 22:26:12,067 - INFO - Time for merging to pref_0: 0h 0m 0s 9ms

2024-08-08 22:26:12,067 - INFO - Time for processing: 0h 0m 10s 386ms

2024-08-08 22:26:12,090 - INFO - align /data/yangy34/database/pharokka/CARD phage_pharokka/GCA_015343595.1_908|35-1598/CARD_target_dir/target_seqs phage_pharokka/GCA_015343595.1_908|35-1598/CARD_tmp_dir//15548013095389976803/pref_0 phage_pharokka/GCA_015343595.1_908|35-1598/CARD/results_CARD --sub-mat nucl:nucleotide.out,aa:blosum62.out -a 0 --alignment-mode 2 --alignment-output-mode 0 --wrapped-scoring 0 -e 0.001 --min-seq-id 0.8 --min-aln-len 0 --seq-id-mode 0 --alt-ali 0 -c 0.4 --cov-mode 0 --max-seq-len 65535 --comp-bias-corr 1 --max-rejected 2147483647 --max-accept 2147483647 --add-self-matches 0 --db-load-mode 0 --pca 1 --pcb 1.5 --score-bias 0 --realign 0 --realign-score-bias -0.2 --realign-max-seqs 2147483647 --gap-open nucl:5,aa:11 --gap-extend nucl:2,aa:1 --zdrop 40 --threads 32 --compressed 0 -v 3 

2024-08-08 22:26:12,090 - INFO - 

2024-08-08 22:26:12,090 - INFO - Compute score and coverage

2024-08-08 22:26:12,090 - INFO - Query database size: 4641 type: Aminoacid

2024-08-08 22:26:12,090 - INFO - Target database size: 5 type: Aminoacid

2024-08-08 22:26:12,090 - INFO - Calculation of alignments

2024-08-08 22:26:12,114 - INFO - [=================================================================] 4.64K 0s 12ms

2024-08-08 22:26:12,114 - INFO - Time for merging to results_CARD: 0h 0m 0s 9ms

2024-08-08 22:26:12,114 - INFO - 84 alignments calculated

2024-08-08 22:26:12,114 - INFO - 0 sequence pairs passed the thresholds (0.000000 of overall calculated)

2024-08-08 22:26:12,114 - INFO - 0.000000 hits per query sequence

2024-08-08 22:26:12,114 - INFO - Time for processing: 0h 0m 0s 41ms

2024-08-08 22:26:12,199 - INFO - createtsv /data/yangy34/database/pharokka/CARD phage_pharokka/GCA_015343595.1_908|35-1598/CARD_target_dir/target_seqs phage_pharokka/GCA_015343595.1_908|35-1598/CARD/results_CARD phage_pharokka/GCA_015343595.1_908|35-1598/CARD_results.tsv --full-header --threads 32 

2024-08-08 22:26:12,199 - INFO - 

2024-08-08 22:26:12,199 - INFO - MMseqs Version:                 	13.45111

2024-08-08 22:26:12,199 - INFO - First sequence as representative	false

2024-08-08 22:26:12,200 - INFO - Target column                   	1

2024-08-08 22:26:12,200 - INFO - Add full header                 	true

2024-08-08 22:26:12,200 - INFO - Sequence source                 	0

2024-08-08 22:26:12,200 - INFO - Database output                 	false

2024-08-08 22:26:12,200 - INFO - Threads                         	32

2024-08-08 22:26:12,200 - INFO - Compressed                      	0

2024-08-08 22:26:12,200 - INFO - Verbosity                       	3

2024-08-08 22:26:12,200 - INFO - 

2024-08-08 22:26:12,200 - INFO - Time for merging to CARD_results.tsv: 0h 0m 0s 12ms

2024-08-08 22:26:12,200 - INFO - Time for processing: 0h 0m 0s 79ms

2024-08-08 22:26:12,203 - INFO - Running mmseqs2 on vfdb.
2024-08-08 22:26:12,260 - INFO - createdb phage_pharokka/GCA_015343595.1_908|35-1598/phanotate_aas_tmp.fasta phage_pharokka/GCA_015343595.1_908|35-1598/vfdb_target_dir/target_seqs 

2024-08-08 22:26:12,261 - INFO - 

2024-08-08 22:26:12,261 - INFO - MMseqs Version:       	13.45111

2024-08-08 22:26:12,261 - INFO - Database type         	0

2024-08-08 22:26:12,261 - INFO - Shuffle input database	true

2024-08-08 22:26:12,261 - INFO - Createdb mode         	0

2024-08-08 22:26:12,261 - INFO - Write lookup file     	1

2024-08-08 22:26:12,261 - INFO - Offset of numeric ids 	0

2024-08-08 22:26:12,261 - INFO - Compressed            	0

2024-08-08 22:26:12,261 - INFO - Verbosity             	3

2024-08-08 22:26:12,261 - INFO - 

2024-08-08 22:26:12,261 - INFO - Converting sequences

2024-08-08 22:26:12,261 - INFO - [

2024-08-08 22:26:12,261 - INFO - Time for merging to target_seqs_h: 0h 0m 0s 7ms

2024-08-08 22:26:12,261 - INFO - Time for merging to target_seqs: 0h 0m 0s 19ms

2024-08-08 22:26:12,261 - INFO - Database type: Aminoacid

2024-08-08 22:26:12,261 - INFO - Time for processing: 0h 0m 0s 53ms

2024-08-08 22:26:12,269 - INFO - Create directory phage_pharokka/GCA_015343595.1_908|35-1598/vfdb_tmp_dir/

2024-08-08 22:26:12,269 - INFO - search --min-seq-id 0.8 -c 0.4 /data/yangy34/database/pharokka/vfdb phage_pharokka/GCA_015343595.1_908|35-1598/vfdb_target_dir/target_seqs phage_pharokka/GCA_015343595.1_908|35-1598/vfdb/results_vfdb phage_pharokka/GCA_015343595.1_908|35-1598/vfdb_tmp_dir/ -s 8.5 --threads 32 

2024-08-08 22:26:12,269 - INFO - 

2024-08-08 22:26:12,269 - INFO - MMseqs Version:                        	13.45111

2024-08-08 22:26:12,269 - INFO - Substitution matrix                    	nucl:nucleotide.out,aa:blosum62.out

2024-08-08 22:26:12,269 - INFO - Add backtrace                          	false

2024-08-08 22:26:12,269 - INFO - Alignment mode                         	2

2024-08-08 22:26:12,269 - INFO - Alignment mode                         	0

2024-08-08 22:26:12,269 - INFO - Allow wrapped scoring                  	false

2024-08-08 22:26:12,269 - INFO - E-value threshold                      	0.001

2024-08-08 22:26:12,269 - INFO - Seq. id. threshold                     	0.8

2024-08-08 22:26:12,269 - INFO - Min alignment length                   	0

2024-08-08 22:26:12,270 - INFO - Seq. id. mode                          	0

2024-08-08 22:26:12,270 - INFO - Alternative alignments                 	0

2024-08-08 22:26:12,270 - INFO - Coverage threshold                     	0.4

2024-08-08 22:26:12,270 - INFO - Coverage mode                          	0

2024-08-08 22:26:12,270 - INFO - Max sequence length                    	65535

2024-08-08 22:26:12,270 - INFO - Compositional bias                     	1

2024-08-08 22:26:12,270 - INFO - Max reject                             	2147483647

2024-08-08 22:26:12,270 - INFO - Max accept                             	2147483647

2024-08-08 22:26:12,270 - INFO - Include identical seq. id.             	false

2024-08-08 22:26:12,270 - INFO - Preload mode                           	0

2024-08-08 22:26:12,270 - INFO - Pseudo count a                         	1

2024-08-08 22:26:12,270 - INFO - Pseudo count b                         	1.5

2024-08-08 22:26:12,270 - INFO - Score bias                             	0

2024-08-08 22:26:12,270 - INFO - Realign hits                           	false

2024-08-08 22:26:12,270 - INFO - Realign score bias                     	-0.2

2024-08-08 22:26:12,270 - INFO - Realign max seqs                       	2147483647

2024-08-08 22:26:12,270 - INFO - Gap open cost                          	nucl:5,aa:11

2024-08-08 22:26:12,270 - INFO - Gap extension cost                     	nucl:2,aa:1

2024-08-08 22:26:12,270 - INFO - Zdrop                                  	40

2024-08-08 22:26:12,270 - INFO - Threads                                	32

2024-08-08 22:26:12,270 - INFO - Compressed                             	0

2024-08-08 22:26:12,270 - INFO - Verbosity                              	3

2024-08-08 22:26:12,270 - INFO - Seed substitution matrix               	nucl:nucleotide.out,aa:VTML80.out

2024-08-08 22:26:12,271 - INFO - Sensitivity                            	8.5

2024-08-08 22:26:12,271 - INFO - k-mer length                           	0

2024-08-08 22:26:12,271 - INFO - k-score                                	2147483647

2024-08-08 22:26:12,271 - INFO - Alphabet size                          	nucl:5,aa:21

2024-08-08 22:26:12,271 - INFO - Max results per query                  	300

2024-08-08 22:26:12,271 - INFO - Split database                         	0

2024-08-08 22:26:12,271 - INFO - Split mode                             	2

2024-08-08 22:26:12,271 - INFO - Split memory limit                     	0

2024-08-08 22:26:12,271 - INFO - Diagonal scoring                       	true

2024-08-08 22:26:12,271 - INFO - Exact k-mer matching                   	0

2024-08-08 22:26:12,271 - INFO - Mask residues                          	1

2024-08-08 22:26:12,271 - INFO - Mask lower case residues               	0

2024-08-08 22:26:12,271 - INFO - Minimum diagonal score                 	15

2024-08-08 22:26:12,271 - INFO - Spaced k-mers                          	1

2024-08-08 22:26:12,271 - INFO - Spaced k-mer pattern                   	

2024-08-08 22:26:12,271 - INFO - Local temporary path                   	

2024-08-08 22:26:12,271 - INFO - Rescore mode                           	0

2024-08-08 22:26:12,271 - INFO - Remove hits by seq. id. and coverage   	false

2024-08-08 22:26:12,271 - INFO - Sort results                           	0

2024-08-08 22:26:12,271 - INFO - Mask profile                           	1

2024-08-08 22:26:12,271 - INFO - Profile E-value threshold              	0.1

2024-08-08 22:26:12,271 - INFO - Global sequence weighting              	false

2024-08-08 22:26:12,271 - INFO - Allow deletions                        	false

2024-08-08 22:26:12,272 - INFO - Filter MSA                             	1

2024-08-08 22:26:12,272 - INFO - Maximum seq. id. threshold             	0.9

2024-08-08 22:26:12,272 - INFO - Minimum seq. id.                       	0

2024-08-08 22:26:12,272 - INFO - Minimum score per column               	-20

2024-08-08 22:26:12,272 - INFO - Minimum coverage                       	0

2024-08-08 22:26:12,272 - INFO - Select N most diverse seqs             	1000

2024-08-08 22:26:12,272 - INFO - Min codons in orf                      	30

2024-08-08 22:26:12,272 - INFO - Max codons in length                   	32734

2024-08-08 22:26:12,272 - INFO - Max orf gaps                           	2147483647

2024-08-08 22:26:12,272 - INFO - Contig start mode                      	2

2024-08-08 22:26:12,272 - INFO - Contig end mode                        	2

2024-08-08 22:26:12,272 - INFO - Orf start mode                         	1

2024-08-08 22:26:12,272 - INFO - Forward frames                         	1,2,3

2024-08-08 22:26:12,272 - INFO - Reverse frames                         	1,2,3

2024-08-08 22:26:12,272 - INFO - Translation table                      	1

2024-08-08 22:26:12,272 - INFO - Translate orf                          	0

2024-08-08 22:26:12,273 - INFO - Use all table starts                   	false

2024-08-08 22:26:12,273 - INFO - Offset of numeric ids                  	0

2024-08-08 22:26:12,273 - INFO - Create lookup                          	0

2024-08-08 22:26:12,273 - INFO - Add orf stop                           	false

2024-08-08 22:26:12,273 - INFO - Overlap between sequences              	0

2024-08-08 22:26:12,273 - INFO - Sequence split mode                    	1

2024-08-08 22:26:12,273 - INFO - Header split mode                      	0

2024-08-08 22:26:12,273 - INFO - Chain overlapping alignments           	0

2024-08-08 22:26:12,273 - INFO - Merge query                            	1

2024-08-08 22:26:12,273 - INFO - Search type                            	0

2024-08-08 22:26:12,273 - INFO - Search iterations                      	1

2024-08-08 22:26:12,273 - INFO - Start sensitivity                      	4

2024-08-08 22:26:12,273 - INFO - Search steps                           	1

2024-08-08 22:26:12,273 - INFO - Exhaustive search mode                 	false

2024-08-08 22:26:12,273 - INFO - Filter results during exhaustive search	0

2024-08-08 22:26:12,273 - INFO - Strand selection                       	1

2024-08-08 22:26:12,273 - INFO - LCA search mode                        	false

2024-08-08 22:26:12,273 - INFO - Disk space limit                       	0

2024-08-08 22:26:12,273 - INFO - MPI runner                             	

2024-08-08 22:26:12,273 - INFO - Force restart with latest tmp          	false

2024-08-08 22:26:12,273 - INFO - Remove temporary files                 	false

2024-08-08 22:26:12,273 - INFO - 

2024-08-08 22:26:12,691 - INFO - prefilter /data/yangy34/database/pharokka/vfdb phage_pharokka/GCA_015343595.1_908|35-1598/vfdb_target_dir/target_seqs phage_pharokka/GCA_015343595.1_908|35-1598/vfdb_tmp_dir//2764990040939034817/pref_0 --sub-mat nucl:nucleotide.out,aa:blosum62.out --seed-sub-mat nucl:nucleotide.out,aa:VTML80.out -k 0 --k-score 2147483647 --alph-size nucl:5,aa:21 --max-seq-len 65535 --max-seqs 300 --split 0 --split-mode 2 --split-memory-limit 0 -c 0.4 --cov-mode 0 --comp-bias-corr 1 --diag-score 1 --exact-kmer-matching 0 --mask 1 --mask-lower-case 0 --min-ungapped-score 15 --add-self-matches 0 --spaced-kmer-mode 1 --db-load-mode 0 --pca 1 --pcb 1.5 --threads 32 --compressed 0 -v 3 -s 8.5 

2024-08-08 22:26:12,691 - INFO - 

2024-08-08 22:26:12,691 - INFO - Query database size: 27504 type: Aminoacid

2024-08-08 22:26:12,691 - INFO - Estimated memory consumption: 977M

2024-08-08 22:26:12,691 - INFO - Target database size: 5 type: Aminoacid

2024-08-08 22:26:12,691 - INFO - Index table k-mer threshold: 87 at k-mer size 6 

2024-08-08 22:26:12,691 - INFO - Index table: counting k-mers

2024-08-08 22:26:12,837 - INFO - [=================================================================] 5 0s 5ms

2024-08-08 22:26:12,837 - INFO - Index table: Masked residues: 0

2024-08-08 22:26:12,837 - INFO - Index table: fill

2024-08-08 22:26:14,197 - INFO - [=================================================================] 5 0s 0ms

2024-08-08 22:26:14,197 - INFO - Index statistics

2024-08-08 22:26:14,197 - INFO - Entries:          443

2024-08-08 22:26:14,197 - INFO - DB size:          488 MB

2024-08-08 22:26:14,197 - INFO - Avg k-mer size:   0.000007

2024-08-08 22:26:14,197 - INFO - Top 10 k-mers

2024-08-08 22:26:14,197 - INFO -     CLNIAA	1

2024-08-08 22:26:14,197 - INFO -     HQIADA	1

2024-08-08 22:26:14,198 - INFO -     KAGTDA	1

2024-08-08 22:26:14,198 - INFO -     VDISEA	1

2024-08-08 22:26:14,198 - INFO -     KQGVGA	1

2024-08-08 22:26:14,198 - INFO -     NKGCHA	1

2024-08-08 22:26:14,198 - INFO -     GYDHHA	1

2024-08-08 22:26:14,198 - INFO -     INLGIA	1

2024-08-08 22:26:14,198 - INFO -     KDESIA	1

2024-08-08 22:26:14,198 - INFO -     RDDIKA	1

2024-08-08 22:26:14,198 - INFO - Time for index table init: 0h 0m 0s 661ms

2024-08-08 22:26:14,198 - INFO - Process prefiltering step 1 of 1

2024-08-08 22:26:14,198 - INFO - 

2024-08-08 22:26:14,198 - INFO - k-mer similarity threshold: 87

2024-08-08 22:26:14,198 - INFO - Starting prefiltering scores calculation (step 1 of 1)

2024-08-08 22:26:14,198 - INFO - Query db start 1 to 27504

2024-08-08 22:26:14,198 - INFO - Target db start 1 to 5

2024-08-08 22:27:22,895 - INFO - [=================================================================] 27.50K 1m 9s 224ms

2024-08-08 22:27:22,895 - INFO - 

2024-08-08 22:27:22,895 - INFO - 3159.764157 k-mers per position

2024-08-08 22:27:22,895 - INFO - 11 DB matches per sequence

2024-08-08 22:27:22,895 - INFO - 0 overflows

2024-08-08 22:27:22,895 - INFO - 0 queries produce too many hits (truncated result)

2024-08-08 22:27:22,895 - INFO - 0 sequences passed prefiltering per query sequence

2024-08-08 22:27:22,895 - INFO - 0 median result list length

2024-08-08 22:27:22,895 - INFO - 21984 sequences with 0 size result lists

2024-08-08 22:27:22,895 - INFO - Time for merging to pref_0: 0h 0m 0s 25ms

2024-08-08 22:27:22,895 - INFO - Time for processing: 0h 1m 10s 617ms

2024-08-08 22:27:22,932 - INFO - align /data/yangy34/database/pharokka/vfdb phage_pharokka/GCA_015343595.1_908|35-1598/vfdb_target_dir/target_seqs phage_pharokka/GCA_015343595.1_908|35-1598/vfdb_tmp_dir//2764990040939034817/pref_0 phage_pharokka/GCA_015343595.1_908|35-1598/vfdb/results_vfdb --sub-mat nucl:nucleotide.out,aa:blosum62.out -a 0 --alignment-mode 2 --alignment-output-mode 0 --wrapped-scoring 0 -e 0.001 --min-seq-id 0.8 --min-aln-len 0 --seq-id-mode 0 --alt-ali 0 -c 0.4 --cov-mode 0 --max-seq-len 65535 --comp-bias-corr 1 --max-rejected 2147483647 --max-accept 2147483647 --add-self-matches 0 --db-load-mode 0 --pca 1 --pcb 1.5 --score-bias 0 --realign 0 --realign-score-bias -0.2 --realign-max-seqs 2147483647 --gap-open nucl:5,aa:11 --gap-extend nucl:2,aa:1 --zdrop 40 --threads 32 --compressed 0 -v 3 

2024-08-08 22:27:22,933 - INFO - 

2024-08-08 22:27:22,933 - INFO - Compute score and coverage

2024-08-08 22:27:22,933 - INFO - Query database size: 27504 type: Aminoacid

2024-08-08 22:27:22,933 - INFO - Target database size: 5 type: Aminoacid

2024-08-08 22:27:22,933 - INFO - Calculation of alignments

2024-08-08 22:27:22,969 - INFO - [=================================================================] 27.50K 0s 16ms

2024-08-08 22:27:22,969 - INFO - Time for merging to results_vfdb: 0h 0m 0s 16ms

2024-08-08 22:27:22,970 - INFO - 820 alignments calculated

2024-08-08 22:27:22,970 - INFO - 0 sequence pairs passed the thresholds (0.000000 of overall calculated)

2024-08-08 22:27:22,970 - INFO - 0.000000 hits per query sequence

2024-08-08 22:27:22,970 - INFO - Time for processing: 0h 0m 0s 66ms

2024-08-08 22:27:23,133 - INFO - createtsv /data/yangy34/database/pharokka/vfdb phage_pharokka/GCA_015343595.1_908|35-1598/vfdb_target_dir/target_seqs phage_pharokka/GCA_015343595.1_908|35-1598/vfdb/results_vfdb phage_pharokka/GCA_015343595.1_908|35-1598/vfdb_results.tsv --full-header --threads 32 

2024-08-08 22:27:23,134 - INFO - 

2024-08-08 22:27:23,134 - INFO - MMseqs Version:                 	13.45111

2024-08-08 22:27:23,134 - INFO - First sequence as representative	false

2024-08-08 22:27:23,134 - INFO - Target column                   	1

2024-08-08 22:27:23,134 - INFO - Add full header                 	true

2024-08-08 22:27:23,134 - INFO - Sequence source                 	0

2024-08-08 22:27:23,134 - INFO - Database output                 	false

2024-08-08 22:27:23,134 - INFO - Threads                         	32

2024-08-08 22:27:23,134 - INFO - Compressed                      	0

2024-08-08 22:27:23,134 - INFO - Verbosity                       	3

2024-08-08 22:27:23,134 - INFO - 

2024-08-08 22:27:23,134 - INFO - Time for merging to vfdb_results.tsv: 0h 0m 0s 21ms

2024-08-08 22:27:23,134 - INFO - Time for processing: 0h 0m 0s 157ms

2024-08-08 22:27:23,156 - INFO - Post Processing Output.
2024-08-08 22:27:23,488 - INFO - Converting gff to genbank.
2024-08-08 22:27:23,508 - WARNING - /gpfs/gsfs12/users/yangy34/softwares/mambaforge/envs/pharokka-env/lib/python3.10/site-packages/Bio/SeqIO/InsdcIO.py:728: BiopythonWarning: Increasing length of locus line to allow long name. This will result in fields that are not in usual positions.
  warnings.warn(

2024-08-08 22:27:23,522 - INFO - Finding the closest match for each contig in INPHARED using mash.
2024-08-08 22:27:23,558 - INFO - Sketching GCA_015343595.1_53_phages/GCA_015343595.1_908_35_1598_prophage.fasta...

2024-08-08 22:27:23,560 - INFO - Writing to phage_pharokka/GCA_015343595.1_908|35-1598/input_mash_sketch.msh...

2024-08-08 22:27:25,160 - INFO - pharokka has finished
2024-08-08 22:27:25,160 - INFO - Elapsed time: 159.43 seconds
2024-08-08 22:27:25,160 - INFO - If you use pharokka in your research, please cite:
2024-08-08 22:27:25,160 - INFO - George Bouras, Roshan Nepal, Ghais Houtak, Alkis James Psaltis, Peter-John Wormald, Sarah Vreugde.
2024-08-08 22:27:25,160 - INFO - Pharokka: a fast scalable bacteriophage annotation tool.
2024-08-08 22:27:25,160 - INFO - Bioinformatics, Volume 39, Issue 1, January 2023, btac776.
2024-08-08 22:27:25,160 - INFO - https://doi.org/10.1093/bioinformatics/btac776.
2024-08-08 22:27:25,160 - INFO - You should also cite the full list of tools pharokka uses, which can be found at https://github.com/gbouras13/pharokka#citation.
