2024-08-08 22:17:15,578 - INFO - Starting pharokka v1.3.2
2024-08-08 22:17:15,578 - INFO - Input args: Namespace(infile='GCA_015343595.1_53_phages/GCA_015343595.1_277_221_7371_prophage.fasta', outdir='phage_pharokka/GCA_015343595.1_277|221-7371', database='/data/yangy34/database/pharokka', threads='32', force=False, prefix='Default', locustag='Default', gene_predictor='phanotate', meta=False, split=False, coding_table='11', evalue='1E-05', terminase=False, terminase_strand='nothing', terminase_start='nothing', citation=False)
2024-08-08 22:17:15,579 - INFO - Checking database installation.
2024-08-08 22:17:15,610 - INFO - All databases have been successfully checked.
2024-08-08 22:17:15,610 - INFO - Checking dependencies.
2024-08-08 22:17:16,592 - INFO - phan_out version found is v1.5.1.
2024-08-08 22:17:16,592 - INFO - Phanotate version is ok.
2024-08-08 22:17:16,652 - INFO - MMseqs2 version found is v13.45111.
2024-08-08 22:17:16,652 - INFO - MMseqs2 version is ok.
2024-08-08 22:17:17,523 - INFO - tRNAscan-SE version found is v2.45111.11.
2024-08-08 22:17:17,523 - INFO - tRNAscan-SE version is ok.
2024-08-08 22:17:18,197 - INFO - MinCED version found is v0.4.2.
2024-08-08 22:17:18,197 - INFO - MinCED version is ok.
2024-08-08 22:17:18,211 - INFO - ARAGORN version found is v1.2.41.
2024-08-08 22:17:18,211 - INFO - ARAGORN version is ok.
2024-08-08 22:17:18,299 - INFO - mash version found is v2.2.
2024-08-08 22:17:18,299 - INFO - mash version is ok.
2024-08-08 22:17:18,527 - INFO - Running Phanotate.
2024-08-08 22:17:23,315 - INFO - Translating gene predicted fastas.
2024-08-08 22:17:23,332 - INFO - Starting tRNA-scanSE
2024-08-08 22:17:23,469 - INFO - 

2024-08-08 22:17:23,469 - INFO - tRNAscan-SE v.2.0.11 (Oct 2022) - scan sequences for transfer RNAs

2024-08-08 22:17:23,469 - INFO - Copyright (C) 2022 Patricia Chan and Todd Lowe

2024-08-08 22:17:23,469 - INFO -                    University of California Santa Cruz

2024-08-08 22:17:23,469 - INFO - Freely distributed under the GNU General Public License (GPLv3)

2024-08-08 22:17:23,469 - INFO - 

2024-08-08 22:17:23,469 - INFO - ------------------------------------------------------------

2024-08-08 22:17:23,469 - INFO - Sequence file(s) to search:        GCA_015343595.1_53_phages/GCA_015343595.1_277_221_7371_prophage.fasta

2024-08-08 22:17:23,469 - INFO - Search Mode:                       General

2024-08-08 22:17:23,470 - INFO - Results written to:                Standard output

2024-08-08 22:17:23,470 - INFO - Output format:                     Tabular

2024-08-08 22:17:23,470 - INFO - Searching with:                    Infernal single-pass scan

2024-08-08 22:17:23,470 - INFO -                                    Fast mode

2024-08-08 22:17:23,470 - INFO - Covariance model:                  /gpfs/gsfs12/users/yangy34/softwares/mambaforge/envs/pharokka-env/lib/tRNAscan-SE/models/TRNAinf.cm

2024-08-08 22:17:23,470 - INFO - 

2024-08-08 22:17:23,470 - INFO - Temporary directory:               /tmp

2024-08-08 22:17:23,470 - INFO - tRNA predictions saved to:         phage_pharokka/GCA_015343595.1_277|221-7371/trnascan_out.gff

2024-08-08 22:17:23,470 - INFO - ------------------------------------------------------------

2024-08-08 22:17:23,470 - INFO - 

2024-08-08 22:17:23,585 - INFO - No tRNAs found.

2024-08-08 22:17:23,585 - INFO - 

2024-08-08 22:17:23,598 - INFO - Running MinCED.
2024-08-08 22:17:23,775 - INFO - Running Aragorn.
2024-08-08 22:17:23,780 - INFO - Starting MMseqs2.
2024-08-08 22:17:23,780 - INFO - Running MMseqs2 on PHROGs Database.
2024-08-08 22:17:24,105 - INFO - createdb phage_pharokka/GCA_015343595.1_277|221-7371/phanotate_aas_tmp.fasta phage_pharokka/GCA_015343595.1_277|221-7371/target_dir/target_seqs 

2024-08-08 22:17:24,105 - INFO - 

2024-08-08 22:17:24,105 - INFO - MMseqs Version:       	13.45111

2024-08-08 22:17:24,105 - INFO - Database type         	0

2024-08-08 22:17:24,105 - INFO - Shuffle input database	true

2024-08-08 22:17:24,107 - INFO - Createdb mode         	0

2024-08-08 22:17:24,107 - INFO - Write lookup file     	1

2024-08-08 22:17:24,107 - INFO - Offset of numeric ids 	0

2024-08-08 22:17:24,107 - INFO - Compressed            	0

2024-08-08 22:17:24,107 - INFO - Verbosity             	3

2024-08-08 22:17:24,107 - INFO - 

2024-08-08 22:17:24,107 - INFO - Converting sequences

2024-08-08 22:17:24,107 - INFO - [

2024-08-08 22:17:24,107 - INFO - Time for merging to target_seqs_h: 0h 0m 0s 25ms

2024-08-08 22:17:24,107 - INFO - Time for merging to target_seqs: 0h 0m 0s 23ms

2024-08-08 22:17:24,108 - INFO - Database type: Aminoacid

2024-08-08 22:17:24,108 - INFO - Time for processing: 0h 0m 0s 308ms

2024-08-08 22:17:24,117 - INFO - Create directory phage_pharokka/GCA_015343595.1_277|221-7371/tmp_dir/

2024-08-08 22:17:24,117 - INFO - search -e 1E-05 /data/yangy34/database/pharokka/phrogs_profile_db phage_pharokka/GCA_015343595.1_277|221-7371/target_dir/target_seqs phage_pharokka/GCA_015343595.1_277|221-7371/mmseqs/results_mmseqs phage_pharokka/GCA_015343595.1_277|221-7371/tmp_dir/ -s 8.5 --threads 32 

2024-08-08 22:17:24,117 - INFO - 

2024-08-08 22:17:24,117 - INFO - MMseqs Version:                        	13.45111

2024-08-08 22:17:24,117 - INFO - Substitution matrix                    	nucl:nucleotide.out,aa:blosum62.out

2024-08-08 22:17:24,118 - INFO - Add backtrace                          	false

2024-08-08 22:17:24,118 - INFO - Alignment mode                         	2

2024-08-08 22:17:24,118 - INFO - Alignment mode                         	0

2024-08-08 22:17:24,118 - INFO - Allow wrapped scoring                  	false

2024-08-08 22:17:24,118 - INFO - E-value threshold                      	1e-05

2024-08-08 22:17:24,118 - INFO - Seq. id. threshold                     	0

2024-08-08 22:17:24,118 - INFO - Min alignment length                   	0

2024-08-08 22:17:24,118 - INFO - Seq. id. mode                          	0

2024-08-08 22:17:24,118 - INFO - Alternative alignments                 	0

2024-08-08 22:17:24,118 - INFO - Coverage threshold                     	0

2024-08-08 22:17:24,118 - INFO - Coverage mode                          	0

2024-08-08 22:17:24,118 - INFO - Max sequence length                    	65535

2024-08-08 22:17:24,118 - INFO - Compositional bias                     	1

2024-08-08 22:17:24,118 - INFO - Max reject                             	2147483647

2024-08-08 22:17:24,118 - INFO - Max accept                             	2147483647

2024-08-08 22:17:24,118 - INFO - Include identical seq. id.             	false

2024-08-08 22:17:24,118 - INFO - Preload mode                           	0

2024-08-08 22:17:24,118 - INFO - Pseudo count a                         	1

2024-08-08 22:17:24,118 - INFO - Pseudo count b                         	1.5

2024-08-08 22:17:24,118 - INFO - Score bias                             	0

2024-08-08 22:17:24,118 - INFO - Realign hits                           	false

2024-08-08 22:17:24,118 - INFO - Realign score bias                     	-0.2

2024-08-08 22:17:24,118 - INFO - Realign max seqs                       	2147483647

2024-08-08 22:17:24,119 - INFO - Gap open cost                          	nucl:5,aa:11

2024-08-08 22:17:24,119 - INFO - Gap extension cost                     	nucl:2,aa:1

2024-08-08 22:17:24,119 - INFO - Zdrop                                  	40

2024-08-08 22:17:24,119 - INFO - Threads                                	32

2024-08-08 22:17:24,119 - INFO - Compressed                             	0

2024-08-08 22:17:24,119 - INFO - Verbosity                              	3

2024-08-08 22:17:24,119 - INFO - Seed substitution matrix               	nucl:nucleotide.out,aa:VTML80.out

2024-08-08 22:17:24,119 - INFO - Sensitivity                            	8.5

2024-08-08 22:17:24,119 - INFO - k-mer length                           	0

2024-08-08 22:17:24,119 - INFO - k-score                                	2147483647

2024-08-08 22:17:24,119 - INFO - Alphabet size                          	nucl:5,aa:21

2024-08-08 22:17:24,119 - INFO - Max results per query                  	300

2024-08-08 22:17:24,119 - INFO - Split database                         	0

2024-08-08 22:17:24,119 - INFO - Split mode                             	2

2024-08-08 22:17:24,119 - INFO - Split memory limit                     	0

2024-08-08 22:17:24,119 - INFO - Diagonal scoring                       	true

2024-08-08 22:17:24,119 - INFO - Exact k-mer matching                   	0

2024-08-08 22:17:24,119 - INFO - Mask residues                          	1

2024-08-08 22:17:24,119 - INFO - Mask lower case residues               	0

2024-08-08 22:17:24,119 - INFO - Minimum diagonal score                 	15

2024-08-08 22:17:24,119 - INFO - Spaced k-mers                          	1

2024-08-08 22:17:24,119 - INFO - Spaced k-mer pattern                   	

2024-08-08 22:17:24,120 - INFO - Local temporary path                   	

2024-08-08 22:17:24,120 - INFO - Rescore mode                           	0

2024-08-08 22:17:24,120 - INFO - Remove hits by seq. id. and coverage   	false

2024-08-08 22:17:24,120 - INFO - Sort results                           	0

2024-08-08 22:17:24,120 - INFO - Mask profile                           	1

2024-08-08 22:17:24,120 - INFO - Profile E-value threshold              	0.1

2024-08-08 22:17:24,120 - INFO - Global sequence weighting              	false

2024-08-08 22:17:24,120 - INFO - Allow deletions                        	false

2024-08-08 22:17:24,120 - INFO - Filter MSA                             	1

2024-08-08 22:17:24,120 - INFO - Maximum seq. id. threshold             	0.9

2024-08-08 22:17:24,120 - INFO - Minimum seq. id.                       	0

2024-08-08 22:17:24,120 - INFO - Minimum score per column               	-20

2024-08-08 22:17:24,120 - INFO - Minimum coverage                       	0

2024-08-08 22:17:24,120 - INFO - Select N most diverse seqs             	1000

2024-08-08 22:17:24,120 - INFO - Min codons in orf                      	30

2024-08-08 22:17:24,120 - INFO - Max codons in length                   	32734

2024-08-08 22:17:24,120 - INFO - Max orf gaps                           	2147483647

2024-08-08 22:17:24,120 - INFO - Contig start mode                      	2

2024-08-08 22:17:24,120 - INFO - Contig end mode                        	2

2024-08-08 22:17:24,120 - INFO - Orf start mode                         	1

2024-08-08 22:17:24,120 - INFO - Forward frames                         	1,2,3

2024-08-08 22:17:24,120 - INFO - Reverse frames                         	1,2,3

2024-08-08 22:17:24,120 - INFO - Translation table                      	1

2024-08-08 22:17:24,121 - INFO - Translate orf                          	0

2024-08-08 22:17:24,121 - INFO - Use all table starts                   	false

2024-08-08 22:17:24,121 - INFO - Offset of numeric ids                  	0

2024-08-08 22:17:24,121 - INFO - Create lookup                          	0

2024-08-08 22:17:24,121 - INFO - Add orf stop                           	false

2024-08-08 22:17:24,121 - INFO - Overlap between sequences              	0

2024-08-08 22:17:24,121 - INFO - Sequence split mode                    	1

2024-08-08 22:17:24,121 - INFO - Header split mode                      	0

2024-08-08 22:17:24,121 - INFO - Chain overlapping alignments           	0

2024-08-08 22:17:24,121 - INFO - Merge query                            	1

2024-08-08 22:17:24,121 - INFO - Search type                            	0

2024-08-08 22:17:24,121 - INFO - Search iterations                      	1

2024-08-08 22:17:24,121 - INFO - Start sensitivity                      	4

2024-08-08 22:17:24,121 - INFO - Search steps                           	1

2024-08-08 22:17:24,121 - INFO - Exhaustive search mode                 	false

2024-08-08 22:17:24,121 - INFO - Filter results during exhaustive search	0

2024-08-08 22:17:24,121 - INFO - Strand selection                       	1

2024-08-08 22:17:24,121 - INFO - LCA search mode                        	false

2024-08-08 22:17:24,121 - INFO - Disk space limit                       	0

2024-08-08 22:17:24,121 - INFO - MPI runner                             	

2024-08-08 22:17:24,121 - INFO - Force restart with latest tmp          	false

2024-08-08 22:17:24,121 - INFO - Remove temporary files                 	false

2024-08-08 22:17:24,121 - INFO - 

2024-08-08 22:17:24,280 - INFO - prefilter /data/yangy34/database/pharokka/phrogs_profile_db phage_pharokka/GCA_015343595.1_277|221-7371/target_dir/target_seqs phage_pharokka/GCA_015343595.1_277|221-7371/tmp_dir//6544360526826279451/pref_0 --sub-mat nucl:nucleotide.out,aa:blosum62.out --seed-sub-mat nucl:nucleotide.out,aa:VTML80.out -k 0 --k-score 2147483647 --alph-size nucl:5,aa:21 --max-seq-len 65535 --max-seqs 300 --split 0 --split-mode 2 --split-memory-limit 0 -c 0 --cov-mode 0 --comp-bias-corr 1 --diag-score 1 --exact-kmer-matching 0 --mask 1 --mask-lower-case 0 --min-ungapped-score 15 --add-self-matches 0 --spaced-kmer-mode 1 --db-load-mode 0 --pca 1 --pcb 1.5 --threads 32 --compressed 0 -v 3 -s 8.5 

2024-08-08 22:17:24,280 - INFO - 

2024-08-08 22:17:24,280 - INFO - Query database size: 38880 type: Profile

2024-08-08 22:17:24,281 - INFO - Estimated memory consumption: 488M

2024-08-08 22:17:24,281 - INFO - Target database size: 9 type: Aminoacid

2024-08-08 22:17:24,281 - INFO - Index table k-mer threshold: 0 at k-mer size 6 

2024-08-08 22:17:24,281 - INFO - Index table: counting k-mers

2024-08-08 22:17:24,405 - INFO - [=================================================================] 9 0s 2ms

2024-08-08 22:17:24,405 - INFO - Index table: Masked residues: 0

2024-08-08 22:17:24,406 - INFO - Index table: fill

2024-08-08 22:17:25,536 - INFO - [=================================================================] 9 0s 2ms

2024-08-08 22:17:25,536 - INFO - Index statistics

2024-08-08 22:17:25,536 - INFO - Entries:          2205

2024-08-08 22:17:25,537 - INFO - DB size:          488 MB

2024-08-08 22:17:25,537 - INFO - Avg k-mer size:   0.000034

2024-08-08 22:17:25,537 - INFO - Top 10 k-mers

2024-08-08 22:17:25,537 - INFO -     EGDAAA	1

2024-08-08 22:17:25,537 - INFO -     VSLAAA	1

2024-08-08 22:17:25,537 - INFO -     THMAAA	1

2024-08-08 22:17:25,537 - INFO -     PKQAAA	1

2024-08-08 22:17:25,537 - INFO -     ASLEAA	1

2024-08-08 22:17:25,537 - INFO -     NANEAA	1

2024-08-08 22:17:25,537 - INFO -     LLLGAA	1

2024-08-08 22:17:25,537 - INFO -     QLLGAA	1

2024-08-08 22:17:25,537 - INFO -     PMYGAA	1

2024-08-08 22:17:25,537 - INFO -     GGLHAA	1

2024-08-08 22:17:25,537 - INFO - Time for index table init: 0h 0m 0s 417ms

2024-08-08 22:17:25,537 - INFO - Process prefiltering step 1 of 1

2024-08-08 22:17:25,537 - INFO - 

2024-08-08 22:17:25,538 - INFO - k-mer similarity threshold: 81

2024-08-08 22:17:25,538 - INFO - Starting prefiltering scores calculation (step 1 of 1)

2024-08-08 22:17:25,538 - INFO - Query db start 1 to 38880

2024-08-08 22:17:25,538 - INFO - Target db start 1 to 9

2024-08-08 22:18:28,304 - INFO - [=================================================================] 38.88K 1m 3s 514ms

2024-08-08 22:18:28,304 - INFO - 

2024-08-08 22:18:28,304 - INFO - 5386.328443 k-mers per position

2024-08-08 22:18:28,305 - INFO - 28 DB matches per sequence

2024-08-08 22:18:28,305 - INFO - 0 overflows

2024-08-08 22:18:28,305 - INFO - 0 queries produce too many hits (truncated result)

2024-08-08 22:18:28,305 - INFO - 0 sequences passed prefiltering per query sequence

2024-08-08 22:18:28,305 - INFO - 0 median result list length

2024-08-08 22:18:28,305 - INFO - 23388 sequences with 0 size result lists

2024-08-08 22:18:28,305 - INFO - Time for merging to pref_0: 0h 0m 0s 26ms

2024-08-08 22:18:28,305 - INFO - Time for processing: 0h 1m 4s 178ms

2024-08-08 22:18:28,417 - INFO - align /data/yangy34/database/pharokka/phrogs_profile_db phage_pharokka/GCA_015343595.1_277|221-7371/target_dir/target_seqs phage_pharokka/GCA_015343595.1_277|221-7371/tmp_dir//6544360526826279451/pref_0 phage_pharokka/GCA_015343595.1_277|221-7371/mmseqs/results_mmseqs --sub-mat nucl:nucleotide.out,aa:blosum62.out -a 0 --alignment-mode 2 --alignment-output-mode 0 --wrapped-scoring 0 -e 1e-05 --min-seq-id 0 --min-aln-len 0 --seq-id-mode 0 --alt-ali 0 -c 0 --cov-mode 0 --max-seq-len 65535 --comp-bias-corr 1 --max-rejected 2147483647 --max-accept 2147483647 --add-self-matches 0 --db-load-mode 0 --pca 1 --pcb 1.5 --score-bias 0 --realign 0 --realign-score-bias -0.2 --realign-max-seqs 2147483647 --gap-open nucl:5,aa:11 --gap-extend nucl:2,aa:1 --zdrop 40 --threads 32 --compressed 0 -v 3 

2024-08-08 22:18:28,417 - INFO - 

2024-08-08 22:18:28,417 - INFO - Compute score and coverage

2024-08-08 22:18:28,417 - INFO - Query database size: 38880 type: Profile

2024-08-08 22:18:28,417 - INFO - Target database size: 9 type: Aminoacid

2024-08-08 22:18:28,417 - INFO - Calculation of alignments

2024-08-08 22:18:28,824 - INFO - [=================================================================] 38.88K 0s 401ms

2024-08-08 22:18:28,824 - INFO - Time for merging to results_mmseqs: 0h 0m 0s 25ms

2024-08-08 22:18:28,824 - INFO - 22096 alignments calculated

2024-08-08 22:18:28,825 - INFO - 5 sequence pairs passed the thresholds (0.000226 of overall calculated)

2024-08-08 22:18:28,825 - INFO - 0.000129 hits per query sequence

2024-08-08 22:18:28,825 - INFO - Time for processing: 0h 0m 0s 513ms

2024-08-08 22:18:28,978 - INFO - createtsv /data/yangy34/database/pharokka/phrogs_profile_db phage_pharokka/GCA_015343595.1_277|221-7371/target_dir/target_seqs phage_pharokka/GCA_015343595.1_277|221-7371/mmseqs/results_mmseqs phage_pharokka/GCA_015343595.1_277|221-7371/mmseqs_results.tsv --full-header --threads 32 

2024-08-08 22:18:28,978 - INFO - 

2024-08-08 22:18:28,978 - INFO - MMseqs Version:                 	13.45111

2024-08-08 22:18:28,979 - INFO - First sequence as representative	false

2024-08-08 22:18:28,979 - INFO - Target column                   	1

2024-08-08 22:18:28,979 - INFO - Add full header                 	true

2024-08-08 22:18:28,979 - INFO - Sequence source                 	0

2024-08-08 22:18:28,979 - INFO - Database output                 	false

2024-08-08 22:18:28,979 - INFO - Threads                         	32

2024-08-08 22:18:28,979 - INFO - Compressed                      	0

2024-08-08 22:18:28,979 - INFO - Verbosity                       	3

2024-08-08 22:18:28,979 - INFO - 

2024-08-08 22:18:28,979 - INFO - Time for merging to mmseqs_results.tsv: 0h 0m 0s 29ms

2024-08-08 22:18:28,979 - INFO - Time for processing: 0h 0m 0s 144ms

2024-08-08 22:18:29,001 - INFO - Running mmseqs2 on CARD.
2024-08-08 22:18:29,153 - INFO - createdb phage_pharokka/GCA_015343595.1_277|221-7371/phanotate_aas_tmp.fasta phage_pharokka/GCA_015343595.1_277|221-7371/CARD_target_dir/target_seqs 

2024-08-08 22:18:29,153 - INFO - 

2024-08-08 22:18:29,154 - INFO - MMseqs Version:       	13.45111

2024-08-08 22:18:29,154 - INFO - Database type         	0

2024-08-08 22:18:29,154 - INFO - Shuffle input database	true

2024-08-08 22:18:29,154 - INFO - Createdb mode         	0

2024-08-08 22:18:29,154 - INFO - Write lookup file     	1

2024-08-08 22:18:29,154 - INFO - Offset of numeric ids 	0

2024-08-08 22:18:29,154 - INFO - Compressed            	0

2024-08-08 22:18:29,154 - INFO - Verbosity             	3

2024-08-08 22:18:29,154 - INFO - 

2024-08-08 22:18:29,154 - INFO - Converting sequences

2024-08-08 22:18:29,154 - INFO - [

2024-08-08 22:18:29,154 - INFO - Time for merging to target_seqs_h: 0h 0m 0s 8ms

2024-08-08 22:18:29,154 - INFO - Time for merging to target_seqs: 0h 0m 0s 18ms

2024-08-08 22:18:29,154 - INFO - Database type: Aminoacid

2024-08-08 22:18:29,154 - INFO - Time for processing: 0h 0m 0s 147ms

2024-08-08 22:18:29,164 - INFO - Create directory phage_pharokka/GCA_015343595.1_277|221-7371/CARD_tmp_dir/

2024-08-08 22:18:29,164 - INFO - search --min-seq-id 0.8 -c 0.4 /data/yangy34/database/pharokka/CARD phage_pharokka/GCA_015343595.1_277|221-7371/CARD_target_dir/target_seqs phage_pharokka/GCA_015343595.1_277|221-7371/CARD/results_CARD phage_pharokka/GCA_015343595.1_277|221-7371/CARD_tmp_dir/ -s 8.5 --threads 32 

2024-08-08 22:18:29,164 - INFO - 

2024-08-08 22:18:29,164 - INFO - MMseqs Version:                        	13.45111

2024-08-08 22:18:29,164 - INFO - Substitution matrix                    	nucl:nucleotide.out,aa:blosum62.out

2024-08-08 22:18:29,165 - INFO - Add backtrace                          	false

2024-08-08 22:18:29,165 - INFO - Alignment mode                         	2

2024-08-08 22:18:29,165 - INFO - Alignment mode                         	0

2024-08-08 22:18:29,165 - INFO - Allow wrapped scoring                  	false

2024-08-08 22:18:29,165 - INFO - E-value threshold                      	0.001

2024-08-08 22:18:29,165 - INFO - Seq. id. threshold                     	0.8

2024-08-08 22:18:29,165 - INFO - Min alignment length                   	0

2024-08-08 22:18:29,165 - INFO - Seq. id. mode                          	0

2024-08-08 22:18:29,165 - INFO - Alternative alignments                 	0

2024-08-08 22:18:29,165 - INFO - Coverage threshold                     	0.4

2024-08-08 22:18:29,165 - INFO - Coverage mode                          	0

2024-08-08 22:18:29,165 - INFO - Max sequence length                    	65535

2024-08-08 22:18:29,165 - INFO - Compositional bias                     	1

2024-08-08 22:18:29,165 - INFO - Max reject                             	2147483647

2024-08-08 22:18:29,165 - INFO - Max accept                             	2147483647

2024-08-08 22:18:29,165 - INFO - Include identical seq. id.             	false

2024-08-08 22:18:29,165 - INFO - Preload mode                           	0

2024-08-08 22:18:29,165 - INFO - Pseudo count a                         	1

2024-08-08 22:18:29,165 - INFO - Pseudo count b                         	1.5

2024-08-08 22:18:29,165 - INFO - Score bias                             	0

2024-08-08 22:18:29,165 - INFO - Realign hits                           	false

2024-08-08 22:18:29,165 - INFO - Realign score bias                     	-0.2

2024-08-08 22:18:29,165 - INFO - Realign max seqs                       	2147483647

2024-08-08 22:18:29,166 - INFO - Gap open cost                          	nucl:5,aa:11

2024-08-08 22:18:29,166 - INFO - Gap extension cost                     	nucl:2,aa:1

2024-08-08 22:18:29,166 - INFO - Zdrop                                  	40

2024-08-08 22:18:29,166 - INFO - Threads                                	32

2024-08-08 22:18:29,166 - INFO - Compressed                             	0

2024-08-08 22:18:29,166 - INFO - Verbosity                              	3

2024-08-08 22:18:29,166 - INFO - Seed substitution matrix               	nucl:nucleotide.out,aa:VTML80.out

2024-08-08 22:18:29,166 - INFO - Sensitivity                            	8.5

2024-08-08 22:18:29,166 - INFO - k-mer length                           	0

2024-08-08 22:18:29,166 - INFO - k-score                                	2147483647

2024-08-08 22:18:29,166 - INFO - Alphabet size                          	nucl:5,aa:21

2024-08-08 22:18:29,166 - INFO - Max results per query                  	300

2024-08-08 22:18:29,166 - INFO - Split database                         	0

2024-08-08 22:18:29,166 - INFO - Split mode                             	2

2024-08-08 22:18:29,166 - INFO - Split memory limit                     	0

2024-08-08 22:18:29,166 - INFO - Diagonal scoring                       	true

2024-08-08 22:18:29,166 - INFO - Exact k-mer matching                   	0

2024-08-08 22:18:29,166 - INFO - Mask residues                          	1

2024-08-08 22:18:29,166 - INFO - Mask lower case residues               	0

2024-08-08 22:18:29,166 - INFO - Minimum diagonal score                 	15

2024-08-08 22:18:29,166 - INFO - Spaced k-mers                          	1

2024-08-08 22:18:29,166 - INFO - Spaced k-mer pattern                   	

2024-08-08 22:18:29,166 - INFO - Local temporary path                   	

2024-08-08 22:18:29,166 - INFO - Rescore mode                           	0

2024-08-08 22:18:29,167 - INFO - Remove hits by seq. id. and coverage   	false

2024-08-08 22:18:29,167 - INFO - Sort results                           	0

2024-08-08 22:18:29,167 - INFO - Mask profile                           	1

2024-08-08 22:18:29,167 - INFO - Profile E-value threshold              	0.1

2024-08-08 22:18:29,167 - INFO - Global sequence weighting              	false

2024-08-08 22:18:29,167 - INFO - Allow deletions                        	false

2024-08-08 22:18:29,167 - INFO - Filter MSA                             	1

2024-08-08 22:18:29,167 - INFO - Maximum seq. id. threshold             	0.9

2024-08-08 22:18:29,167 - INFO - Minimum seq. id.                       	0

2024-08-08 22:18:29,167 - INFO - Minimum score per column               	-20

2024-08-08 22:18:29,167 - INFO - Minimum coverage                       	0

2024-08-08 22:18:29,167 - INFO - Select N most diverse seqs             	1000

2024-08-08 22:18:29,167 - INFO - Min codons in orf                      	30

2024-08-08 22:18:29,167 - INFO - Max codons in length                   	32734

2024-08-08 22:18:29,167 - INFO - Max orf gaps                           	2147483647

2024-08-08 22:18:29,167 - INFO - Contig start mode                      	2

2024-08-08 22:18:29,167 - INFO - Contig end mode                        	2

2024-08-08 22:18:29,167 - INFO - Orf start mode                         	1

2024-08-08 22:18:29,167 - INFO - Forward frames                         	1,2,3

2024-08-08 22:18:29,167 - INFO - Reverse frames                         	1,2,3

2024-08-08 22:18:29,167 - INFO - Translation table                      	1

2024-08-08 22:18:29,167 - INFO - Translate orf                          	0

2024-08-08 22:18:29,167 - INFO - Use all table starts                   	false

2024-08-08 22:18:29,167 - INFO - Offset of numeric ids                  	0

2024-08-08 22:18:29,167 - INFO - Create lookup                          	0

2024-08-08 22:18:29,168 - INFO - Add orf stop                           	false

2024-08-08 22:18:29,168 - INFO - Overlap between sequences              	0

2024-08-08 22:18:29,168 - INFO - Sequence split mode                    	1

2024-08-08 22:18:29,168 - INFO - Header split mode                      	0

2024-08-08 22:18:29,168 - INFO - Chain overlapping alignments           	0

2024-08-08 22:18:29,168 - INFO - Merge query                            	1

2024-08-08 22:18:29,168 - INFO - Search type                            	0

2024-08-08 22:18:29,168 - INFO - Search iterations                      	1

2024-08-08 22:18:29,168 - INFO - Start sensitivity                      	4

2024-08-08 22:18:29,168 - INFO - Search steps                           	1

2024-08-08 22:18:29,168 - INFO - Exhaustive search mode                 	false

2024-08-08 22:18:29,168 - INFO - Filter results during exhaustive search	0

2024-08-08 22:18:29,168 - INFO - Strand selection                       	1

2024-08-08 22:18:29,168 - INFO - LCA search mode                        	false

2024-08-08 22:18:29,168 - INFO - Disk space limit                       	0

2024-08-08 22:18:29,168 - INFO - MPI runner                             	

2024-08-08 22:18:29,168 - INFO - Force restart with latest tmp          	false

2024-08-08 22:18:29,168 - INFO - Remove temporary files                 	false

2024-08-08 22:18:29,168 - INFO - 

2024-08-08 22:18:29,317 - INFO - prefilter /data/yangy34/database/pharokka/CARD phage_pharokka/GCA_015343595.1_277|221-7371/CARD_target_dir/target_seqs phage_pharokka/GCA_015343595.1_277|221-7371/CARD_tmp_dir//8420985498358762264/pref_0 --sub-mat nucl:nucleotide.out,aa:blosum62.out --seed-sub-mat nucl:nucleotide.out,aa:VTML80.out -k 0 --k-score 2147483647 --alph-size nucl:5,aa:21 --max-seq-len 65535 --max-seqs 300 --split 0 --split-mode 2 --split-memory-limit 0 -c 0.4 --cov-mode 0 --comp-bias-corr 1 --diag-score 1 --exact-kmer-matching 0 --mask 1 --mask-lower-case 0 --min-ungapped-score 15 --add-self-matches 0 --spaced-kmer-mode 1 --db-load-mode 0 --pca 1 --pcb 1.5 --threads 32 --compressed 0 -v 3 -s 8.5 

2024-08-08 22:18:29,317 - INFO - 

2024-08-08 22:18:29,317 - INFO - Query database size: 4641 type: Aminoacid

2024-08-08 22:18:29,317 - INFO - Estimated memory consumption: 977M

2024-08-08 22:18:29,317 - INFO - Target database size: 9 type: Aminoacid

2024-08-08 22:18:29,317 - INFO - Index table k-mer threshold: 87 at k-mer size 6 

2024-08-08 22:18:29,317 - INFO - Index table: counting k-mers

2024-08-08 22:18:29,445 - INFO - [=================================================================] 9 0s 4ms

2024-08-08 22:18:29,445 - INFO - Index table: Masked residues: 0

2024-08-08 22:18:29,445 - INFO - Index table: fill

2024-08-08 22:18:29,891 - INFO - [=================================================================] 9 0s 2ms

2024-08-08 22:18:29,891 - INFO - Index statistics

2024-08-08 22:18:29,892 - INFO - Entries:          2205

2024-08-08 22:18:29,892 - INFO - DB size:          488 MB

2024-08-08 22:18:29,892 - INFO - Avg k-mer size:   0.000034

2024-08-08 22:18:29,892 - INFO - Top 10 k-mers

2024-08-08 22:18:29,892 - INFO -     EGDAAA	1

2024-08-08 22:18:29,892 - INFO -     VSLAAA	1

2024-08-08 22:18:29,892 - INFO -     THMAAA	1

2024-08-08 22:18:29,892 - INFO -     PKQAAA	1

2024-08-08 22:18:29,892 - INFO -     ASLEAA	1

2024-08-08 22:18:29,892 - INFO -     NANEAA	1

2024-08-08 22:18:29,892 - INFO -     LLLGAA	1

2024-08-08 22:18:29,892 - INFO -     QLLGAA	1

2024-08-08 22:18:29,892 - INFO -     PMYGAA	1

2024-08-08 22:18:29,892 - INFO -     GGLHAA	1

2024-08-08 22:18:29,892 - INFO - Time for index table init: 0h 0m 0s 422ms

2024-08-08 22:18:29,892 - INFO - Process prefiltering step 1 of 1

2024-08-08 22:18:29,892 - INFO - 

2024-08-08 22:18:29,893 - INFO - k-mer similarity threshold: 87

2024-08-08 22:18:29,893 - INFO - Starting prefiltering scores calculation (step 1 of 1)

2024-08-08 22:18:29,893 - INFO - Query db start 1 to 4641

2024-08-08 22:18:29,893 - INFO - Target db start 1 to 9

2024-08-08 22:18:38,456 - INFO - [=================================================================] 4.64K 8s 591ms

2024-08-08 22:18:38,457 - INFO - 

2024-08-08 22:18:38,457 - INFO - 3883.681631 k-mers per position

2024-08-08 22:18:38,457 - INFO - 43 DB matches per sequence

2024-08-08 22:18:38,457 - INFO - 0 overflows

2024-08-08 22:18:38,457 - INFO - 0 queries produce too many hits (truncated result)

2024-08-08 22:18:38,457 - INFO - 0 sequences passed prefiltering per query sequence

2024-08-08 22:18:38,457 - INFO - 1 median result list length

2024-08-08 22:18:38,457 - INFO - 1388 sequences with 0 size result lists

2024-08-08 22:18:38,457 - INFO - Time for merging to pref_0: 0h 0m 0s 9ms

2024-08-08 22:18:38,457 - INFO - Time for processing: 0h 0m 9s 282ms

2024-08-08 22:18:38,481 - INFO - align /data/yangy34/database/pharokka/CARD phage_pharokka/GCA_015343595.1_277|221-7371/CARD_target_dir/target_seqs phage_pharokka/GCA_015343595.1_277|221-7371/CARD_tmp_dir//8420985498358762264/pref_0 phage_pharokka/GCA_015343595.1_277|221-7371/CARD/results_CARD --sub-mat nucl:nucleotide.out,aa:blosum62.out -a 0 --alignment-mode 2 --alignment-output-mode 0 --wrapped-scoring 0 -e 0.001 --min-seq-id 0.8 --min-aln-len 0 --seq-id-mode 0 --alt-ali 0 -c 0.4 --cov-mode 0 --max-seq-len 65535 --comp-bias-corr 1 --max-rejected 2147483647 --max-accept 2147483647 --add-self-matches 0 --db-load-mode 0 --pca 1 --pcb 1.5 --score-bias 0 --realign 0 --realign-score-bias -0.2 --realign-max-seqs 2147483647 --gap-open nucl:5,aa:11 --gap-extend nucl:2,aa:1 --zdrop 40 --threads 32 --compressed 0 -v 3 

2024-08-08 22:18:38,481 - INFO - 

2024-08-08 22:18:38,481 - INFO - Compute score and coverage

2024-08-08 22:18:38,481 - INFO - Query database size: 4641 type: Aminoacid

2024-08-08 22:18:38,481 - INFO - Target database size: 9 type: Aminoacid

2024-08-08 22:18:38,481 - INFO - Calculation of alignments

2024-08-08 22:18:38,515 - INFO - [=================================================================] 4.64K 0s 27ms

2024-08-08 22:18:38,515 - INFO - Time for merging to results_CARD: 0h 0m 0s 10ms

2024-08-08 22:18:38,515 - INFO - 2730 alignments calculated

2024-08-08 22:18:38,515 - INFO - 0 sequence pairs passed the thresholds (0.000000 of overall calculated)

2024-08-08 22:18:38,515 - INFO - 0.000000 hits per query sequence

2024-08-08 22:18:38,515 - INFO - Time for processing: 0h 0m 0s 52ms

2024-08-08 22:18:38,572 - INFO - createtsv /data/yangy34/database/pharokka/CARD phage_pharokka/GCA_015343595.1_277|221-7371/CARD_target_dir/target_seqs phage_pharokka/GCA_015343595.1_277|221-7371/CARD/results_CARD phage_pharokka/GCA_015343595.1_277|221-7371/CARD_results.tsv --full-header --threads 32 

2024-08-08 22:18:38,572 - INFO - 

2024-08-08 22:18:38,572 - INFO - MMseqs Version:                 	13.45111

2024-08-08 22:18:38,572 - INFO - First sequence as representative	false

2024-08-08 22:18:38,572 - INFO - Target column                   	1

2024-08-08 22:18:38,572 - INFO - Add full header                 	true

2024-08-08 22:18:38,573 - INFO - Sequence source                 	0

2024-08-08 22:18:38,573 - INFO - Database output                 	false

2024-08-08 22:18:38,573 - INFO - Threads                         	32

2024-08-08 22:18:38,573 - INFO - Compressed                      	0

2024-08-08 22:18:38,573 - INFO - Verbosity                       	3

2024-08-08 22:18:38,573 - INFO - 

2024-08-08 22:18:38,573 - INFO - Time for merging to CARD_results.tsv: 0h 0m 0s 13ms

2024-08-08 22:18:38,573 - INFO - Time for processing: 0h 0m 0s 51ms

2024-08-08 22:18:38,577 - INFO - Running mmseqs2 on vfdb.
2024-08-08 22:18:38,723 - INFO - createdb phage_pharokka/GCA_015343595.1_277|221-7371/phanotate_aas_tmp.fasta phage_pharokka/GCA_015343595.1_277|221-7371/vfdb_target_dir/target_seqs 

2024-08-08 22:18:38,723 - INFO - 

2024-08-08 22:18:38,724 - INFO - MMseqs Version:       	13.45111

2024-08-08 22:18:38,724 - INFO - Database type         	0

2024-08-08 22:18:38,724 - INFO - Shuffle input database	true

2024-08-08 22:18:38,724 - INFO - Createdb mode         	0

2024-08-08 22:18:38,724 - INFO - Write lookup file     	1

2024-08-08 22:18:38,724 - INFO - Offset of numeric ids 	0

2024-08-08 22:18:38,724 - INFO - Compressed            	0

2024-08-08 22:18:38,724 - INFO - Verbosity             	3

2024-08-08 22:18:38,724 - INFO - 

2024-08-08 22:18:38,724 - INFO - Converting sequences

2024-08-08 22:18:38,724 - INFO - [

2024-08-08 22:18:38,724 - INFO - Time for merging to target_seqs_h: 0h 0m 0s 7ms

2024-08-08 22:18:38,724 - INFO - Time for merging to target_seqs: 0h 0m 0s 18ms

2024-08-08 22:18:38,724 - INFO - Database type: Aminoacid

2024-08-08 22:18:38,724 - INFO - Time for processing: 0h 0m 0s 141ms

2024-08-08 22:18:38,734 - INFO - Create directory phage_pharokka/GCA_015343595.1_277|221-7371/vfdb_tmp_dir/

2024-08-08 22:18:38,734 - INFO - search --min-seq-id 0.8 -c 0.4 /data/yangy34/database/pharokka/vfdb phage_pharokka/GCA_015343595.1_277|221-7371/vfdb_target_dir/target_seqs phage_pharokka/GCA_015343595.1_277|221-7371/vfdb/results_vfdb phage_pharokka/GCA_015343595.1_277|221-7371/vfdb_tmp_dir/ -s 8.5 --threads 32 

2024-08-08 22:18:38,734 - INFO - 

2024-08-08 22:18:38,734 - INFO - MMseqs Version:                        	13.45111

2024-08-08 22:18:38,734 - INFO - Substitution matrix                    	nucl:nucleotide.out,aa:blosum62.out

2024-08-08 22:18:38,734 - INFO - Add backtrace                          	false

2024-08-08 22:18:38,734 - INFO - Alignment mode                         	2

2024-08-08 22:18:38,734 - INFO - Alignment mode                         	0

2024-08-08 22:18:38,734 - INFO - Allow wrapped scoring                  	false

2024-08-08 22:18:38,734 - INFO - E-value threshold                      	0.001

2024-08-08 22:18:38,734 - INFO - Seq. id. threshold                     	0.8

2024-08-08 22:18:38,734 - INFO - Min alignment length                   	0

2024-08-08 22:18:38,734 - INFO - Seq. id. mode                          	0

2024-08-08 22:18:38,734 - INFO - Alternative alignments                 	0

2024-08-08 22:18:38,734 - INFO - Coverage threshold                     	0.4

2024-08-08 22:18:38,734 - INFO - Coverage mode                          	0

2024-08-08 22:18:38,735 - INFO - Max sequence length                    	65535

2024-08-08 22:18:38,735 - INFO - Compositional bias                     	1

2024-08-08 22:18:38,735 - INFO - Max reject                             	2147483647

2024-08-08 22:18:38,735 - INFO - Max accept                             	2147483647

2024-08-08 22:18:38,735 - INFO - Include identical seq. id.             	false

2024-08-08 22:18:38,735 - INFO - Preload mode                           	0

2024-08-08 22:18:38,735 - INFO - Pseudo count a                         	1

2024-08-08 22:18:38,735 - INFO - Pseudo count b                         	1.5

2024-08-08 22:18:38,735 - INFO - Score bias                             	0

2024-08-08 22:18:38,735 - INFO - Realign hits                           	false

2024-08-08 22:18:38,735 - INFO - Realign score bias                     	-0.2

2024-08-08 22:18:38,735 - INFO - Realign max seqs                       	2147483647

2024-08-08 22:18:38,735 - INFO - Gap open cost                          	nucl:5,aa:11

2024-08-08 22:18:38,735 - INFO - Gap extension cost                     	nucl:2,aa:1

2024-08-08 22:18:38,735 - INFO - Zdrop                                  	40

2024-08-08 22:18:38,735 - INFO - Threads                                	32

2024-08-08 22:18:38,735 - INFO - Compressed                             	0

2024-08-08 22:18:38,735 - INFO - Verbosity                              	3

2024-08-08 22:18:38,735 - INFO - Seed substitution matrix               	nucl:nucleotide.out,aa:VTML80.out

2024-08-08 22:18:38,735 - INFO - Sensitivity                            	8.5

2024-08-08 22:18:38,735 - INFO - k-mer length                           	0

2024-08-08 22:18:38,735 - INFO - k-score                                	2147483647

2024-08-08 22:18:38,735 - INFO - Alphabet size                          	nucl:5,aa:21

2024-08-08 22:18:38,735 - INFO - Max results per query                  	300

2024-08-08 22:18:38,736 - INFO - Split database                         	0

2024-08-08 22:18:38,736 - INFO - Split mode                             	2

2024-08-08 22:18:38,736 - INFO - Split memory limit                     	0

2024-08-08 22:18:38,736 - INFO - Diagonal scoring                       	true

2024-08-08 22:18:38,736 - INFO - Exact k-mer matching                   	0

2024-08-08 22:18:38,736 - INFO - Mask residues                          	1

2024-08-08 22:18:38,736 - INFO - Mask lower case residues               	0

2024-08-08 22:18:38,736 - INFO - Minimum diagonal score                 	15

2024-08-08 22:18:38,736 - INFO - Spaced k-mers                          	1

2024-08-08 22:18:38,736 - INFO - Spaced k-mer pattern                   	

2024-08-08 22:18:38,736 - INFO - Local temporary path                   	

2024-08-08 22:18:38,736 - INFO - Rescore mode                           	0

2024-08-08 22:18:38,736 - INFO - Remove hits by seq. id. and coverage   	false

2024-08-08 22:18:38,736 - INFO - Sort results                           	0

2024-08-08 22:18:38,736 - INFO - Mask profile                           	1

2024-08-08 22:18:38,736 - INFO - Profile E-value threshold              	0.1

2024-08-08 22:18:38,736 - INFO - Global sequence weighting              	false

2024-08-08 22:18:38,736 - INFO - Allow deletions                        	false

2024-08-08 22:18:38,736 - INFO - Filter MSA                             	1

2024-08-08 22:18:38,736 - INFO - Maximum seq. id. threshold             	0.9

2024-08-08 22:18:38,736 - INFO - Minimum seq. id.                       	0

2024-08-08 22:18:38,736 - INFO - Minimum score per column               	-20

2024-08-08 22:18:38,736 - INFO - Minimum coverage                       	0

2024-08-08 22:18:38,736 - INFO - Select N most diverse seqs             	1000

2024-08-08 22:18:38,737 - INFO - Min codons in orf                      	30

2024-08-08 22:18:38,737 - INFO - Max codons in length                   	32734

2024-08-08 22:18:38,737 - INFO - Max orf gaps                           	2147483647

2024-08-08 22:18:38,737 - INFO - Contig start mode                      	2

2024-08-08 22:18:38,737 - INFO - Contig end mode                        	2

2024-08-08 22:18:38,737 - INFO - Orf start mode                         	1

2024-08-08 22:18:38,737 - INFO - Forward frames                         	1,2,3

2024-08-08 22:18:38,737 - INFO - Reverse frames                         	1,2,3

2024-08-08 22:18:38,737 - INFO - Translation table                      	1

2024-08-08 22:18:38,737 - INFO - Translate orf                          	0

2024-08-08 22:18:38,737 - INFO - Use all table starts                   	false

2024-08-08 22:18:38,737 - INFO - Offset of numeric ids                  	0

2024-08-08 22:18:38,737 - INFO - Create lookup                          	0

2024-08-08 22:18:38,737 - INFO - Add orf stop                           	false

2024-08-08 22:18:38,737 - INFO - Overlap between sequences              	0

2024-08-08 22:18:38,737 - INFO - Sequence split mode                    	1

2024-08-08 22:18:38,737 - INFO - Header split mode                      	0

2024-08-08 22:18:38,737 - INFO - Chain overlapping alignments           	0

2024-08-08 22:18:38,737 - INFO - Merge query                            	1

2024-08-08 22:18:38,737 - INFO - Search type                            	0

2024-08-08 22:18:38,737 - INFO - Search iterations                      	1

2024-08-08 22:18:38,737 - INFO - Start sensitivity                      	4

2024-08-08 22:18:38,737 - INFO - Search steps                           	1

2024-08-08 22:18:38,737 - INFO - Exhaustive search mode                 	false

2024-08-08 22:18:38,738 - INFO - Filter results during exhaustive search	0

2024-08-08 22:18:38,738 - INFO - Strand selection                       	1

2024-08-08 22:18:38,738 - INFO - LCA search mode                        	false

2024-08-08 22:18:38,738 - INFO - Disk space limit                       	0

2024-08-08 22:18:38,738 - INFO - MPI runner                             	

2024-08-08 22:18:38,738 - INFO - Force restart with latest tmp          	false

2024-08-08 22:18:38,738 - INFO - Remove temporary files                 	false

2024-08-08 22:18:38,738 - INFO - 

2024-08-08 22:18:38,889 - INFO - prefilter /data/yangy34/database/pharokka/vfdb phage_pharokka/GCA_015343595.1_277|221-7371/vfdb_target_dir/target_seqs phage_pharokka/GCA_015343595.1_277|221-7371/vfdb_tmp_dir//5631511869607789816/pref_0 --sub-mat nucl:nucleotide.out,aa:blosum62.out --seed-sub-mat nucl:nucleotide.out,aa:VTML80.out -k 0 --k-score 2147483647 --alph-size nucl:5,aa:21 --max-seq-len 65535 --max-seqs 300 --split 0 --split-mode 2 --split-memory-limit 0 -c 0.4 --cov-mode 0 --comp-bias-corr 1 --diag-score 1 --exact-kmer-matching 0 --mask 1 --mask-lower-case 0 --min-ungapped-score 15 --add-self-matches 0 --spaced-kmer-mode 1 --db-load-mode 0 --pca 1 --pcb 1.5 --threads 32 --compressed 0 -v 3 -s 8.5 

2024-08-08 22:18:38,890 - INFO - 

2024-08-08 22:18:38,890 - INFO - Query database size: 27504 type: Aminoacid

2024-08-08 22:18:38,890 - INFO - Estimated memory consumption: 977M

2024-08-08 22:18:38,890 - INFO - Target database size: 9 type: Aminoacid

2024-08-08 22:18:38,890 - INFO - Index table k-mer threshold: 87 at k-mer size 6 

2024-08-08 22:18:38,890 - INFO - Index table: counting k-mers

2024-08-08 22:18:39,016 - INFO - [=================================================================] 9 0s 5ms

2024-08-08 22:18:39,016 - INFO - Index table: Masked residues: 0

2024-08-08 22:18:39,016 - INFO - Index table: fill

2024-08-08 22:18:40,261 - INFO - [=================================================================] 9 0s 2ms

2024-08-08 22:18:40,261 - INFO - Index statistics

2024-08-08 22:18:40,261 - INFO - Entries:          2205

2024-08-08 22:18:40,261 - INFO - DB size:          488 MB

2024-08-08 22:18:40,261 - INFO - Avg k-mer size:   0.000034

2024-08-08 22:18:40,261 - INFO - Top 10 k-mers

2024-08-08 22:18:40,261 - INFO -     EGDAAA	1

2024-08-08 22:18:40,261 - INFO -     VSLAAA	1

2024-08-08 22:18:40,262 - INFO -     THMAAA	1

2024-08-08 22:18:40,262 - INFO -     PKQAAA	1

2024-08-08 22:18:40,262 - INFO -     ASLEAA	1

2024-08-08 22:18:40,262 - INFO -     NANEAA	1

2024-08-08 22:18:40,262 - INFO -     LLLGAA	1

2024-08-08 22:18:40,262 - INFO -     QLLGAA	1

2024-08-08 22:18:40,262 - INFO -     PMYGAA	1

2024-08-08 22:18:40,262 - INFO -     GGLHAA	1

2024-08-08 22:18:40,262 - INFO - Time for index table init: 0h 0m 0s 421ms

2024-08-08 22:18:40,262 - INFO - Process prefiltering step 1 of 1

2024-08-08 22:18:40,262 - INFO - 

2024-08-08 22:18:40,262 - INFO - k-mer similarity threshold: 87

2024-08-08 22:18:40,262 - INFO - Starting prefiltering scores calculation (step 1 of 1)

2024-08-08 22:18:40,262 - INFO - Query db start 1 to 27504

2024-08-08 22:18:40,262 - INFO - Target db start 1 to 9

2024-08-08 22:19:43,237 - INFO - [=================================================================] 27.50K 1m 3s 396ms

2024-08-08 22:19:43,237 - INFO - 

2024-08-08 22:19:43,237 - INFO - 3159.764157 k-mers per position

2024-08-08 22:19:43,237 - INFO - 58 DB matches per sequence

2024-08-08 22:19:43,237 - INFO - 0 overflows

2024-08-08 22:19:43,237 - INFO - 0 queries produce too many hits (truncated result)

2024-08-08 22:19:43,237 - INFO - 0 sequences passed prefiltering per query sequence

2024-08-08 22:19:43,237 - INFO - 1 median result list length

2024-08-08 22:19:43,237 - INFO - 11801 sequences with 0 size result lists

2024-08-08 22:19:43,238 - INFO - Time for merging to pref_0: 0h 0m 0s 24ms

2024-08-08 22:19:43,238 - INFO - Time for processing: 0h 1m 4s 495ms

2024-08-08 22:19:43,280 - INFO - align /data/yangy34/database/pharokka/vfdb phage_pharokka/GCA_015343595.1_277|221-7371/vfdb_target_dir/target_seqs phage_pharokka/GCA_015343595.1_277|221-7371/vfdb_tmp_dir//5631511869607789816/pref_0 phage_pharokka/GCA_015343595.1_277|221-7371/vfdb/results_vfdb --sub-mat nucl:nucleotide.out,aa:blosum62.out -a 0 --alignment-mode 2 --alignment-output-mode 0 --wrapped-scoring 0 -e 0.001 --min-seq-id 0.8 --min-aln-len 0 --seq-id-mode 0 --alt-ali 0 -c 0.4 --cov-mode 0 --max-seq-len 65535 --comp-bias-corr 1 --max-rejected 2147483647 --max-accept 2147483647 --add-self-matches 0 --db-load-mode 0 --pca 1 --pcb 1.5 --score-bias 0 --realign 0 --realign-score-bias -0.2 --realign-max-seqs 2147483647 --gap-open nucl:5,aa:11 --gap-extend nucl:2,aa:1 --zdrop 40 --threads 32 --compressed 0 -v 3 

2024-08-08 22:19:43,280 - INFO - 

2024-08-08 22:19:43,281 - INFO - Compute score and coverage

2024-08-08 22:19:43,281 - INFO - Query database size: 27504 type: Aminoacid

2024-08-08 22:19:43,281 - INFO - Target database size: 9 type: Aminoacid

2024-08-08 22:19:43,281 - INFO - Calculation of alignments

2024-08-08 22:19:43,450 - INFO - [=================================================================] 27.50K 0s 146ms

2024-08-08 22:19:43,450 - INFO - Time for merging to results_vfdb: 0h 0m 0s 19ms

2024-08-08 22:19:43,450 - INFO - 15251 alignments calculated

2024-08-08 22:19:43,450 - INFO - 0 sequence pairs passed the thresholds (0.000000 of overall calculated)

2024-08-08 22:19:43,450 - INFO - 0.000000 hits per query sequence

2024-08-08 22:19:43,450 - INFO - Time for processing: 0h 0m 0s 204ms

2024-08-08 22:19:43,629 - INFO - createtsv /data/yangy34/database/pharokka/vfdb phage_pharokka/GCA_015343595.1_277|221-7371/vfdb_target_dir/target_seqs phage_pharokka/GCA_015343595.1_277|221-7371/vfdb/results_vfdb phage_pharokka/GCA_015343595.1_277|221-7371/vfdb_results.tsv --full-header --threads 32 

2024-08-08 22:19:43,629 - INFO - 

2024-08-08 22:19:43,629 - INFO - MMseqs Version:                 	13.45111

2024-08-08 22:19:43,629 - INFO - First sequence as representative	false

2024-08-08 22:19:43,629 - INFO - Target column                   	1

2024-08-08 22:19:43,629 - INFO - Add full header                 	true

2024-08-08 22:19:43,629 - INFO - Sequence source                 	0

2024-08-08 22:19:43,629 - INFO - Database output                 	false

2024-08-08 22:19:43,629 - INFO - Threads                         	32

2024-08-08 22:19:43,629 - INFO - Compressed                      	0

2024-08-08 22:19:43,630 - INFO - Verbosity                       	3

2024-08-08 22:19:43,630 - INFO - 

2024-08-08 22:19:43,630 - INFO - Time for merging to vfdb_results.tsv: 0h 0m 0s 24ms

2024-08-08 22:19:43,630 - INFO - Time for processing: 0h 0m 0s 172ms

2024-08-08 22:19:43,650 - INFO - Post Processing Output.
2024-08-08 22:19:43,970 - INFO - Converting gff to genbank.
2024-08-08 22:19:43,985 - WARNING - /gpfs/gsfs12/users/yangy34/softwares/mambaforge/envs/pharokka-env/lib/python3.10/site-packages/Bio/SeqIO/InsdcIO.py:728: BiopythonWarning: Increasing length of locus line to allow long name. This will result in fields that are not in usual positions.
  warnings.warn(

2024-08-08 22:19:44,003 - INFO - Finding the closest match for each contig in INPHARED using mash.
2024-08-08 22:19:44,026 - INFO - Sketching GCA_015343595.1_53_phages/GCA_015343595.1_277_221_7371_prophage.fasta...

2024-08-08 22:19:44,030 - INFO - Writing to phage_pharokka/GCA_015343595.1_277|221-7371/input_mash_sketch.msh...

2024-08-08 22:19:45,606 - INFO - pharokka has finished
2024-08-08 22:19:45,606 - INFO - Elapsed time: 150.06 seconds
2024-08-08 22:19:45,606 - INFO - If you use pharokka in your research, please cite:
2024-08-08 22:19:45,606 - INFO - George Bouras, Roshan Nepal, Ghais Houtak, Alkis James Psaltis, Peter-John Wormald, Sarah Vreugde.
2024-08-08 22:19:45,606 - INFO - Pharokka: a fast scalable bacteriophage annotation tool.
2024-08-08 22:19:45,606 - INFO - Bioinformatics, Volume 39, Issue 1, January 2023, btac776.
2024-08-08 22:19:45,606 - INFO - https://doi.org/10.1093/bioinformatics/btac776.
2024-08-08 22:19:45,607 - INFO - You should also cite the full list of tools pharokka uses, which can be found at https://github.com/gbouras13/pharokka#citation.
