2024-08-08 21:38:12,928 - INFO - Starting pharokka v1.3.2
2024-08-08 21:38:12,928 - INFO - Input args: Namespace(infile='GCA_015343595.1_53_phages/GCA_015343595.1_1248_3_1629_prophage.fasta', outdir='phage_pharokka/GCA_015343595.1_1248|3-1629', database='/data/yangy34/database/pharokka', threads='32', force=False, prefix='Default', locustag='Default', gene_predictor='phanotate', meta=False, split=False, coding_table='11', evalue='1E-05', terminase=False, terminase_strand='nothing', terminase_start='nothing', citation=False)
2024-08-08 21:38:12,928 - INFO - Checking database installation.
2024-08-08 21:38:13,237 - INFO - All databases have been successfully checked.
2024-08-08 21:38:13,237 - INFO - Checking dependencies.
2024-08-08 21:38:21,379 - INFO - phan_out version found is v1.5.1.
2024-08-08 21:38:21,380 - INFO - Phanotate version is ok.
2024-08-08 21:38:21,490 - INFO - MMseqs2 version found is v13.45111.
2024-08-08 21:38:21,490 - INFO - MMseqs2 version is ok.
2024-08-08 21:38:24,525 - INFO - tRNAscan-SE version found is v2.45111.11.
2024-08-08 21:38:24,525 - INFO - tRNAscan-SE version is ok.
2024-08-08 21:38:26,036 - INFO - MinCED version found is v0.4.2.
2024-08-08 21:38:26,036 - INFO - MinCED version is ok.
2024-08-08 21:38:26,065 - INFO - ARAGORN version found is v1.2.41.
2024-08-08 21:38:26,065 - INFO - ARAGORN version is ok.
2024-08-08 21:38:26,205 - INFO - mash version found is v2.2.
2024-08-08 21:38:26,205 - INFO - mash version is ok.
2024-08-08 21:38:26,957 - INFO - Running Phanotate.
2024-08-08 21:38:41,815 - INFO - Translating gene predicted fastas.
2024-08-08 21:38:41,963 - INFO - Starting tRNA-scanSE
2024-08-08 21:38:44,845 - INFO - 

2024-08-08 21:38:44,845 - INFO - tRNAscan-SE v.2.0.11 (Oct 2022) - scan sequences for transfer RNAs

2024-08-08 21:38:44,845 - INFO - Copyright (C) 2022 Patricia Chan and Todd Lowe

2024-08-08 21:38:44,845 - INFO -                    University of California Santa Cruz

2024-08-08 21:38:44,845 - INFO - Freely distributed under the GNU General Public License (GPLv3)

2024-08-08 21:38:44,845 - INFO - 

2024-08-08 21:38:44,845 - INFO - ------------------------------------------------------------

2024-08-08 21:38:44,845 - INFO - Sequence file(s) to search:        GCA_015343595.1_53_phages/GCA_015343595.1_1248_3_1629_prophage.fasta

2024-08-08 21:38:44,845 - INFO - Search Mode:                       General

2024-08-08 21:38:44,845 - INFO - Results written to:                Standard output

2024-08-08 21:38:44,846 - INFO - Output format:                     Tabular

2024-08-08 21:38:44,846 - INFO - Searching with:                    Infernal single-pass scan

2024-08-08 21:38:44,846 - INFO -                                    Fast mode

2024-08-08 21:38:44,846 - INFO - Covariance model:                  /gpfs/gsfs12/users/yangy34/softwares/mambaforge/envs/pharokka-env/lib/tRNAscan-SE/models/TRNAinf.cm

2024-08-08 21:38:44,846 - INFO - 

2024-08-08 21:38:44,846 - INFO - Temporary directory:               /tmp

2024-08-08 21:38:44,846 - INFO - tRNA predictions saved to:         phage_pharokka/GCA_015343595.1_1248|3-1629/trnascan_out.gff

2024-08-08 21:38:44,846 - INFO - ------------------------------------------------------------

2024-08-08 21:38:44,846 - INFO - 

2024-08-08 21:38:45,156 - INFO - No tRNAs found.

2024-08-08 21:38:45,157 - INFO - 

2024-08-08 21:38:45,677 - INFO - Running MinCED.
2024-08-08 21:38:47,232 - INFO - Running Aragorn.
2024-08-08 21:38:47,303 - INFO - Starting MMseqs2.
2024-08-08 21:38:47,303 - INFO - Running MMseqs2 on PHROGs Database.
2024-08-08 21:38:54,530 - INFO - createdb phage_pharokka/GCA_015343595.1_1248|3-1629/phanotate_aas_tmp.fasta phage_pharokka/GCA_015343595.1_1248|3-1629/target_dir/target_seqs 

2024-08-08 21:38:54,530 - INFO - 

2024-08-08 21:38:54,530 - INFO - MMseqs Version:       	13.45111

2024-08-08 21:38:54,530 - INFO - Database type         	0

2024-08-08 21:38:54,530 - INFO - Shuffle input database	true

2024-08-08 21:38:54,532 - INFO - Createdb mode         	0

2024-08-08 21:38:54,532 - INFO - Write lookup file     	1

2024-08-08 21:38:54,532 - INFO - Offset of numeric ids 	0

2024-08-08 21:38:54,532 - INFO - Compressed            	0

2024-08-08 21:38:54,532 - INFO - Verbosity             	3

2024-08-08 21:38:54,532 - INFO - 

2024-08-08 21:38:54,532 - INFO - Converting sequences

2024-08-08 21:38:54,532 - INFO - [

2024-08-08 21:38:54,532 - INFO - Time for merging to target_seqs_h: 0h 0m 1s 999ms

2024-08-08 21:38:54,532 - INFO - Time for merging to target_seqs: 0h 0m 1s 907ms

2024-08-08 21:38:54,532 - INFO - Database type: Aminoacid

2024-08-08 21:38:54,532 - INFO - Time for processing: 0h 0m 7s 82ms

2024-08-08 21:38:54,779 - INFO - Create directory phage_pharokka/GCA_015343595.1_1248|3-1629/tmp_dir/

2024-08-08 21:38:54,779 - INFO - search -e 1E-05 /data/yangy34/database/pharokka/phrogs_profile_db phage_pharokka/GCA_015343595.1_1248|3-1629/target_dir/target_seqs phage_pharokka/GCA_015343595.1_1248|3-1629/mmseqs/results_mmseqs phage_pharokka/GCA_015343595.1_1248|3-1629/tmp_dir/ -s 8.5 --threads 32 

2024-08-08 21:38:54,779 - INFO - 

2024-08-08 21:38:54,779 - INFO - MMseqs Version:                        	13.45111

2024-08-08 21:38:54,779 - INFO - Substitution matrix                    	nucl:nucleotide.out,aa:blosum62.out

2024-08-08 21:38:54,779 - INFO - Add backtrace                          	false

2024-08-08 21:38:54,779 - INFO - Alignment mode                         	2

2024-08-08 21:38:54,779 - INFO - Alignment mode                         	0

2024-08-08 21:38:54,779 - INFO - Allow wrapped scoring                  	false

2024-08-08 21:38:54,779 - INFO - E-value threshold                      	1e-05

2024-08-08 21:38:54,779 - INFO - Seq. id. threshold                     	0

2024-08-08 21:38:54,779 - INFO - Min alignment length                   	0

2024-08-08 21:38:54,779 - INFO - Seq. id. mode                          	0

2024-08-08 21:38:54,779 - INFO - Alternative alignments                 	0

2024-08-08 21:38:54,779 - INFO - Coverage threshold                     	0

2024-08-08 21:38:54,779 - INFO - Coverage mode                          	0

2024-08-08 21:38:54,779 - INFO - Max sequence length                    	65535

2024-08-08 21:38:54,779 - INFO - Compositional bias                     	1

2024-08-08 21:38:54,779 - INFO - Max reject                             	2147483647

2024-08-08 21:38:54,779 - INFO - Max accept                             	2147483647

2024-08-08 21:38:54,779 - INFO - Include identical seq. id.             	false

2024-08-08 21:38:54,779 - INFO - Preload mode                           	0

2024-08-08 21:38:54,779 - INFO - Pseudo count a                         	1

2024-08-08 21:38:54,779 - INFO - Pseudo count b                         	1.5

2024-08-08 21:38:54,780 - INFO - Score bias                             	0

2024-08-08 21:38:54,780 - INFO - Realign hits                           	false

2024-08-08 21:38:54,780 - INFO - Realign score bias                     	-0.2

2024-08-08 21:38:54,780 - INFO - Realign max seqs                       	2147483647

2024-08-08 21:38:54,780 - INFO - Gap open cost                          	nucl:5,aa:11

2024-08-08 21:38:54,780 - INFO - Gap extension cost                     	nucl:2,aa:1

2024-08-08 21:38:54,780 - INFO - Zdrop                                  	40

2024-08-08 21:38:54,780 - INFO - Threads                                	32

2024-08-08 21:38:54,780 - INFO - Compressed                             	0

2024-08-08 21:38:54,780 - INFO - Verbosity                              	3

2024-08-08 21:38:54,780 - INFO - Seed substitution matrix               	nucl:nucleotide.out,aa:VTML80.out

2024-08-08 21:38:54,780 - INFO - Sensitivity                            	8.5

2024-08-08 21:38:54,780 - INFO - k-mer length                           	0

2024-08-08 21:38:54,780 - INFO - k-score                                	2147483647

2024-08-08 21:38:54,780 - INFO - Alphabet size                          	nucl:5,aa:21

2024-08-08 21:38:54,780 - INFO - Max results per query                  	300

2024-08-08 21:38:54,780 - INFO - Split database                         	0

2024-08-08 21:38:54,780 - INFO - Split mode                             	2

2024-08-08 21:38:54,780 - INFO - Split memory limit                     	0

2024-08-08 21:38:54,780 - INFO - Diagonal scoring                       	true

2024-08-08 21:38:54,780 - INFO - Exact k-mer matching                   	0

2024-08-08 21:38:54,780 - INFO - Mask residues                          	1

2024-08-08 21:38:54,780 - INFO - Mask lower case residues               	0

2024-08-08 21:38:54,780 - INFO - Minimum diagonal score                 	15

2024-08-08 21:38:54,780 - INFO - Spaced k-mers                          	1

2024-08-08 21:38:54,780 - INFO - Spaced k-mer pattern                   	

2024-08-08 21:38:54,780 - INFO - Local temporary path                   	

2024-08-08 21:38:54,780 - INFO - Rescore mode                           	0

2024-08-08 21:38:54,780 - INFO - Remove hits by seq. id. and coverage   	false

2024-08-08 21:38:54,780 - INFO - Sort results                           	0

2024-08-08 21:38:54,780 - INFO - Mask profile                           	1

2024-08-08 21:38:54,780 - INFO - Profile E-value threshold              	0.1

2024-08-08 21:38:54,780 - INFO - Global sequence weighting              	false

2024-08-08 21:38:54,780 - INFO - Allow deletions                        	false

2024-08-08 21:38:54,780 - INFO - Filter MSA                             	1

2024-08-08 21:38:54,780 - INFO - Maximum seq. id. threshold             	0.9

2024-08-08 21:38:54,780 - INFO - Minimum seq. id.                       	0

2024-08-08 21:38:54,780 - INFO - Minimum score per column               	-20

2024-08-08 21:38:54,780 - INFO - Minimum coverage                       	0

2024-08-08 21:38:54,780 - INFO - Select N most diverse seqs             	1000

2024-08-08 21:38:54,780 - INFO - Min codons in orf                      	30

2024-08-08 21:38:54,780 - INFO - Max codons in length                   	32734

2024-08-08 21:38:54,780 - INFO - Max orf gaps                           	2147483647

2024-08-08 21:38:54,780 - INFO - Contig start mode                      	2

2024-08-08 21:38:54,780 - INFO - Contig end mode                        	2

2024-08-08 21:38:54,780 - INFO - Orf start mode                         	1

2024-08-08 21:38:54,780 - INFO - Forward frames                         	1,2,3

2024-08-08 21:38:54,780 - INFO - Reverse frames                         	1,2,3

2024-08-08 21:38:54,780 - INFO - Translation table                      	1

2024-08-08 21:38:54,780 - INFO - Translate orf                          	0

2024-08-08 21:38:54,780 - INFO - Use all table starts                   	false

2024-08-08 21:38:54,780 - INFO - Offset of numeric ids                  	0

2024-08-08 21:38:54,780 - INFO - Create lookup                          	0

2024-08-08 21:38:54,780 - INFO - Add orf stop                           	false

2024-08-08 21:38:54,780 - INFO - Overlap between sequences              	0

2024-08-08 21:38:54,781 - INFO - Sequence split mode                    	1

2024-08-08 21:38:54,781 - INFO - Header split mode                      	0

2024-08-08 21:38:54,781 - INFO - Chain overlapping alignments           	0

2024-08-08 21:38:54,781 - INFO - Merge query                            	1

2024-08-08 21:38:54,781 - INFO - Search type                            	0

2024-08-08 21:38:54,781 - INFO - Search iterations                      	1

2024-08-08 21:38:54,781 - INFO - Start sensitivity                      	4

2024-08-08 21:38:54,892 - INFO - Search steps                           	1

2024-08-08 21:38:54,892 - INFO - Exhaustive search mode                 	false

2024-08-08 21:38:54,892 - INFO - Filter results during exhaustive search	0

2024-08-08 21:38:54,892 - INFO - Strand selection                       	1

2024-08-08 21:38:54,892 - INFO - LCA search mode                        	false

2024-08-08 21:38:54,892 - INFO - Disk space limit                       	0

2024-08-08 21:38:54,892 - INFO - MPI runner                             	

2024-08-08 21:38:54,892 - INFO - Force restart with latest tmp          	false

2024-08-08 21:38:54,892 - INFO - Remove temporary files                 	false

2024-08-08 21:38:54,892 - INFO - 

2024-08-08 21:38:55,445 - INFO - prefilter /data/yangy34/database/pharokka/phrogs_profile_db phage_pharokka/GCA_015343595.1_1248|3-1629/target_dir/target_seqs phage_pharokka/GCA_015343595.1_1248|3-1629/tmp_dir//5326860221533196839/pref_0 --sub-mat nucl:nucleotide.out,aa:blosum62.out --seed-sub-mat nucl:nucleotide.out,aa:VTML80.out -k 0 --k-score 2147483647 --alph-size nucl:5,aa:21 --max-seq-len 65535 --max-seqs 300 --split 0 --split-mode 2 --split-memory-limit 0 -c 0 --cov-mode 0 --comp-bias-corr 1 --diag-score 1 --exact-kmer-matching 0 --mask 1 --mask-lower-case 0 --min-ungapped-score 15 --add-self-matches 0 --spaced-kmer-mode 1 --db-load-mode 0 --pca 1 --pcb 1.5 --threads 32 --compressed 0 -v 3 -s 8.5 

2024-08-08 21:38:55,445 - INFO - 

2024-08-08 21:38:55,445 - INFO - Query database size: 38880 type: Profile

2024-08-08 21:38:55,445 - INFO - Estimated memory consumption: 488M

2024-08-08 21:38:55,445 - INFO - Target database size: 3 type: Aminoacid

2024-08-08 21:38:55,445 - INFO - Index table k-mer threshold: 0 at k-mer size 6 

2024-08-08 21:38:55,445 - INFO - Index table: counting k-mers

2024-08-08 21:38:55,516 - INFO - [=================================================================] 3 0s 6ms

2024-08-08 21:38:55,516 - INFO - Index table: Masked residues: 0

2024-08-08 21:38:55,516 - INFO - Index table: fill

2024-08-08 21:38:59,483 - INFO - [=================================================================] 3 0s 0ms

2024-08-08 21:38:59,484 - INFO - Index statistics

2024-08-08 21:38:59,484 - INFO - Entries:          468

2024-08-08 21:38:59,484 - INFO - DB size:          488 MB

2024-08-08 21:38:59,484 - INFO - Avg k-mer size:   0.000007

2024-08-08 21:38:59,484 - INFO - Top 10 k-mers

2024-08-08 21:38:59,485 - INFO -     HVIEAA	1

2024-08-08 21:38:59,485 - INFO -     RHLTAA	1

2024-08-08 21:38:59,485 - INFO -     MEGVCA	1

2024-08-08 21:38:59,485 - INFO -     KVNPFA	1

2024-08-08 21:38:59,485 - INFO -     GKIPHA	1

2024-08-08 21:38:59,485 - INFO -     KDVRHA	1

2024-08-08 21:38:59,485 - INFO -     ALKVHA	1

2024-08-08 21:38:59,485 - INFO -     AKVLIA	1

2024-08-08 21:38:59,485 - INFO -     EVEDKA	1

2024-08-08 21:38:59,485 - INFO -     SLMDKA	1

2024-08-08 21:38:59,485 - INFO - Time for index table init: 0h 0m 0s 243ms

2024-08-08 21:38:59,485 - INFO - Process prefiltering step 1 of 1

2024-08-08 21:38:59,486 - INFO - 

2024-08-08 21:38:59,486 - INFO - k-mer similarity threshold: 81

2024-08-08 21:38:59,486 - INFO - Starting prefiltering scores calculation (step 1 of 1)

2024-08-08 21:38:59,486 - INFO - Query db start 1 to 38880

2024-08-08 21:38:59,486 - INFO - Target db start 1 to 3

2024-08-08 21:40:55,230 - INFO - [=================================================================] 38.88K 1m 56s 644ms

2024-08-08 21:40:55,230 - INFO - 

2024-08-08 21:40:55,231 - INFO - 5386.328443 k-mers per position

2024-08-08 21:40:55,231 - INFO - 6 DB matches per sequence

2024-08-08 21:40:55,231 - INFO - 0 overflows

2024-08-08 21:40:55,231 - INFO - 0 queries produce too many hits (truncated result)

2024-08-08 21:40:55,231 - INFO - 0 sequences passed prefiltering per query sequence

2024-08-08 21:40:55,231 - INFO - 0 median result list length

2024-08-08 21:40:55,231 - INFO - 33426 sequences with 0 size result lists

2024-08-08 21:40:55,231 - INFO - Time for merging to pref_0: 0h 0m 1s 397ms

2024-08-08 21:40:55,231 - INFO - Time for processing: 0h 2m 0s 172ms

2024-08-08 21:40:58,135 - INFO - align /data/yangy34/database/pharokka/phrogs_profile_db phage_pharokka/GCA_015343595.1_1248|3-1629/target_dir/target_seqs phage_pharokka/GCA_015343595.1_1248|3-1629/tmp_dir//5326860221533196839/pref_0 phage_pharokka/GCA_015343595.1_1248|3-1629/mmseqs/results_mmseqs --sub-mat nucl:nucleotide.out,aa:blosum62.out -a 0 --alignment-mode 2 --alignment-output-mode 0 --wrapped-scoring 0 -e 1e-05 --min-seq-id 0 --min-aln-len 0 --seq-id-mode 0 --alt-ali 0 -c 0 --cov-mode 0 --max-seq-len 65535 --comp-bias-corr 1 --max-rejected 2147483647 --max-accept 2147483647 --add-self-matches 0 --db-load-mode 0 --pca 1 --pcb 1.5 --score-bias 0 --realign 0 --realign-score-bias -0.2 --realign-max-seqs 2147483647 --gap-open nucl:5,aa:11 --gap-extend nucl:2,aa:1 --zdrop 40 --threads 32 --compressed 0 -v 3 

2024-08-08 21:40:58,135 - INFO - 

2024-08-08 21:40:58,135 - INFO - Compute score and coverage

2024-08-08 21:40:58,135 - INFO - Query database size: 38880 type: Profile

2024-08-08 21:40:58,135 - INFO - Target database size: 3 type: Aminoacid

2024-08-08 21:40:58,135 - INFO - Calculation of alignments

2024-08-08 21:41:00,314 - INFO - [=================================================================] 38.88K 1s 122ms

2024-08-08 21:41:00,314 - INFO - Time for merging to results_mmseqs: 0h 0m 1s 438ms

2024-08-08 21:41:00,315 - INFO - 5920 alignments calculated

2024-08-08 21:41:00,315 - INFO - 4 sequence pairs passed the thresholds (0.000676 of overall calculated)

2024-08-08 21:41:00,315 - INFO - 0.000103 hits per query sequence

2024-08-08 21:41:00,315 - INFO - Time for processing: 0h 0m 4s 997ms

2024-08-08 21:41:04,938 - INFO - createtsv /data/yangy34/database/pharokka/phrogs_profile_db phage_pharokka/GCA_015343595.1_1248|3-1629/target_dir/target_seqs phage_pharokka/GCA_015343595.1_1248|3-1629/mmseqs/results_mmseqs phage_pharokka/GCA_015343595.1_1248|3-1629/mmseqs_results.tsv --full-header --threads 32 

2024-08-08 21:41:04,938 - INFO - 

2024-08-08 21:41:04,938 - INFO - MMseqs Version:                 	13.45111

2024-08-08 21:41:04,938 - INFO - First sequence as representative	false

2024-08-08 21:41:04,938 - INFO - Target column                   	1

2024-08-08 21:41:04,938 - INFO - Add full header                 	true

2024-08-08 21:41:04,938 - INFO - Sequence source                 	0

2024-08-08 21:41:04,938 - INFO - Database output                 	false

2024-08-08 21:41:04,938 - INFO - Threads                         	32

2024-08-08 21:41:04,938 - INFO - Compressed                      	0

2024-08-08 21:41:04,938 - INFO - Verbosity                       	3

2024-08-08 21:41:04,938 - INFO - 

2024-08-08 21:41:04,939 - INFO - Time for merging to mmseqs_results.tsv: 0h 0m 2s 106ms

2024-08-08 21:41:04,939 - INFO - Time for processing: 0h 0m 4s 570ms

2024-08-08 21:41:05,261 - INFO - Running mmseqs2 on CARD.
2024-08-08 21:41:10,991 - INFO - createdb phage_pharokka/GCA_015343595.1_1248|3-1629/phanotate_aas_tmp.fasta phage_pharokka/GCA_015343595.1_1248|3-1629/CARD_target_dir/target_seqs 

2024-08-08 21:41:10,991 - INFO - 

2024-08-08 21:41:10,991 - INFO - MMseqs Version:       	13.45111

2024-08-08 21:41:10,991 - INFO - Database type         	0

2024-08-08 21:41:10,991 - INFO - Shuffle input database	true

2024-08-08 21:41:10,991 - INFO - Createdb mode         	0

2024-08-08 21:41:10,991 - INFO - Write lookup file     	1

2024-08-08 21:41:10,991 - INFO - Offset of numeric ids 	0

2024-08-08 21:41:10,991 - INFO - Compressed            	0

2024-08-08 21:41:10,991 - INFO - Verbosity             	3

2024-08-08 21:41:10,991 - INFO - 

2024-08-08 21:41:10,991 - INFO - Converting sequences

2024-08-08 21:41:10,991 - INFO - [

2024-08-08 21:41:10,991 - INFO - Time for merging to target_seqs_h: 0h 0m 1s 306ms

2024-08-08 21:41:10,991 - INFO - Time for merging to target_seqs: 0h 0m 1s 407ms

2024-08-08 21:41:10,992 - INFO - Database type: Aminoacid

2024-08-08 21:41:10,992 - INFO - Time for processing: 0h 0m 5s 596ms

2024-08-08 21:41:11,222 - INFO - Create directory phage_pharokka/GCA_015343595.1_1248|3-1629/CARD_tmp_dir/

2024-08-08 21:41:11,223 - INFO - search --min-seq-id 0.8 -c 0.4 /data/yangy34/database/pharokka/CARD phage_pharokka/GCA_015343595.1_1248|3-1629/CARD_target_dir/target_seqs phage_pharokka/GCA_015343595.1_1248|3-1629/CARD/results_CARD phage_pharokka/GCA_015343595.1_1248|3-1629/CARD_tmp_dir/ -s 8.5 --threads 32 

2024-08-08 21:41:11,223 - INFO - 

2024-08-08 21:41:11,223 - INFO - MMseqs Version:                        	13.45111

2024-08-08 21:41:11,223 - INFO - Substitution matrix                    	nucl:nucleotide.out,aa:blosum62.out

2024-08-08 21:41:11,223 - INFO - Add backtrace                          	false

2024-08-08 21:41:11,223 - INFO - Alignment mode                         	2

2024-08-08 21:41:11,223 - INFO - Alignment mode                         	0

2024-08-08 21:41:11,223 - INFO - Allow wrapped scoring                  	false

2024-08-08 21:41:11,223 - INFO - E-value threshold                      	0.001

2024-08-08 21:41:11,223 - INFO - Seq. id. threshold                     	0.8

2024-08-08 21:41:11,223 - INFO - Min alignment length                   	0

2024-08-08 21:41:11,223 - INFO - Seq. id. mode                          	0

2024-08-08 21:41:11,223 - INFO - Alternative alignments                 	0

2024-08-08 21:41:11,223 - INFO - Coverage threshold                     	0.4

2024-08-08 21:41:11,223 - INFO - Coverage mode                          	0

2024-08-08 21:41:11,223 - INFO - Max sequence length                    	65535

2024-08-08 21:41:11,223 - INFO - Compositional bias                     	1

2024-08-08 21:41:11,223 - INFO - Max reject                             	2147483647

2024-08-08 21:41:11,223 - INFO - Max accept                             	2147483647

2024-08-08 21:41:11,223 - INFO - Include identical seq. id.             	false

2024-08-08 21:41:11,223 - INFO - Preload mode                           	0

2024-08-08 21:41:11,223 - INFO - Pseudo count a                         	1

2024-08-08 21:41:11,223 - INFO - Pseudo count b                         	1.5

2024-08-08 21:41:11,223 - INFO - Score bias                             	0

2024-08-08 21:41:11,223 - INFO - Realign hits                           	false

2024-08-08 21:41:11,223 - INFO - Realign score bias                     	-0.2

2024-08-08 21:41:11,223 - INFO - Realign max seqs                       	2147483647

2024-08-08 21:41:11,223 - INFO - Gap open cost                          	nucl:5,aa:11

2024-08-08 21:41:11,223 - INFO - Gap extension cost                     	nucl:2,aa:1

2024-08-08 21:41:11,223 - INFO - Zdrop                                  	40

2024-08-08 21:41:11,223 - INFO - Threads                                	32

2024-08-08 21:41:11,223 - INFO - Compressed                             	0

2024-08-08 21:41:11,223 - INFO - Verbosity                              	3

2024-08-08 21:41:11,223 - INFO - Seed substitution matrix               	nucl:nucleotide.out,aa:VTML80.out

2024-08-08 21:41:11,223 - INFO - Sensitivity                            	8.5

2024-08-08 21:41:11,223 - INFO - k-mer length                           	0

2024-08-08 21:41:11,224 - INFO - k-score                                	2147483647

2024-08-08 21:41:11,224 - INFO - Alphabet size                          	nucl:5,aa:21

2024-08-08 21:41:11,224 - INFO - Max results per query                  	300

2024-08-08 21:41:11,224 - INFO - Split database                         	0

2024-08-08 21:41:11,224 - INFO - Split mode                             	2

2024-08-08 21:41:11,224 - INFO - Split memory limit                     	0

2024-08-08 21:41:11,224 - INFO - Diagonal scoring                       	true

2024-08-08 21:41:11,224 - INFO - Exact k-mer matching                   	0

2024-08-08 21:41:11,224 - INFO - Mask residues                          	1

2024-08-08 21:41:11,224 - INFO - Mask lower case residues               	0

2024-08-08 21:41:11,224 - INFO - Minimum diagonal score                 	15

2024-08-08 21:41:11,224 - INFO - Spaced k-mers                          	1

2024-08-08 21:41:11,224 - INFO - Spaced k-mer pattern                   	

2024-08-08 21:41:11,224 - INFO - Local temporary path                   	

2024-08-08 21:41:11,224 - INFO - Rescore mode                           	0

2024-08-08 21:41:11,224 - INFO - Remove hits by seq. id. and coverage   	false

2024-08-08 21:41:11,224 - INFO - Sort results                           	0

2024-08-08 21:41:11,224 - INFO - Mask profile                           	1

2024-08-08 21:41:11,224 - INFO - Profile E-value threshold              	0.1

2024-08-08 21:41:11,224 - INFO - Global sequence weighting              	false

2024-08-08 21:41:11,224 - INFO - Allow deletions                        	false

2024-08-08 21:41:11,224 - INFO - Filter MSA                             	1

2024-08-08 21:41:11,224 - INFO - Maximum seq. id. threshold             	0.9

2024-08-08 21:41:11,224 - INFO - Minimum seq. id.                       	0

2024-08-08 21:41:11,224 - INFO - Minimum score per column               	-20

2024-08-08 21:41:11,224 - INFO - Minimum coverage                       	0

2024-08-08 21:41:11,224 - INFO - Select N most diverse seqs             	1000

2024-08-08 21:41:11,224 - INFO - Min codons in orf                      	30

2024-08-08 21:41:11,224 - INFO - Max codons in length                   	32734

2024-08-08 21:41:11,224 - INFO - Max orf gaps                           	2147483647

2024-08-08 21:41:11,224 - INFO - Contig start mode                      	2

2024-08-08 21:41:11,224 - INFO - Contig end mode                        	2

2024-08-08 21:41:11,224 - INFO - Orf start mode                         	1

2024-08-08 21:41:11,224 - INFO - Forward frames                         	1,2,3

2024-08-08 21:41:11,224 - INFO - Reverse frames                         	1,2,3

2024-08-08 21:41:11,224 - INFO - Translation table                      	1

2024-08-08 21:41:11,224 - INFO - Translate orf                          	0

2024-08-08 21:41:11,224 - INFO - Use all table starts                   	false

2024-08-08 21:41:11,224 - INFO - Offset of numeric ids                  	0

2024-08-08 21:41:11,224 - INFO - Create lookup                          	0

2024-08-08 21:41:11,224 - INFO - Add orf stop                           	false

2024-08-08 21:41:11,224 - INFO - Overlap between sequences              	0

2024-08-08 21:41:11,224 - INFO - Sequence split mode                    	1

2024-08-08 21:41:11,224 - INFO - Header split mode                      	0

2024-08-08 21:41:11,224 - INFO - Chain overlapping alignments           	0

2024-08-08 21:41:11,224 - INFO - Merge query                            	1

2024-08-08 21:41:11,224 - INFO - Search type                            	0

2024-08-08 21:41:11,224 - INFO - Search iterations                      	1

2024-08-08 21:41:11,224 - INFO - Start sensitivity                      	4

2024-08-08 21:41:11,328 - INFO - Search steps                           	1

2024-08-08 21:41:11,328 - INFO - Exhaustive search mode                 	false

2024-08-08 21:41:11,328 - INFO - Filter results during exhaustive search	0

2024-08-08 21:41:11,328 - INFO - Strand selection                       	1

2024-08-08 21:41:11,328 - INFO - LCA search mode                        	false

2024-08-08 21:41:11,328 - INFO - Disk space limit                       	0

2024-08-08 21:41:11,328 - INFO - MPI runner                             	

2024-08-08 21:41:11,328 - INFO - Force restart with latest tmp          	false

2024-08-08 21:41:11,328 - INFO - Remove temporary files                 	false

2024-08-08 21:41:11,328 - INFO - 

2024-08-08 21:41:11,742 - INFO - prefilter /data/yangy34/database/pharokka/CARD phage_pharokka/GCA_015343595.1_1248|3-1629/CARD_target_dir/target_seqs phage_pharokka/GCA_015343595.1_1248|3-1629/CARD_tmp_dir//16775863666731765139/pref_0 --sub-mat nucl:nucleotide.out,aa:blosum62.out --seed-sub-mat nucl:nucleotide.out,aa:VTML80.out -k 0 --k-score 2147483647 --alph-size nucl:5,aa:21 --max-seq-len 65535 --max-seqs 300 --split 0 --split-mode 2 --split-memory-limit 0 -c 0.4 --cov-mode 0 --comp-bias-corr 1 --diag-score 1 --exact-kmer-matching 0 --mask 1 --mask-lower-case 0 --min-ungapped-score 15 --add-self-matches 0 --spaced-kmer-mode 1 --db-load-mode 0 --pca 1 --pcb 1.5 --threads 32 --compressed 0 -v 3 -s 8.5 

2024-08-08 21:41:11,742 - INFO - 

2024-08-08 21:41:11,742 - INFO - Query database size: 4641 type: Aminoacid

2024-08-08 21:41:11,742 - INFO - Estimated memory consumption: 977M

2024-08-08 21:41:11,743 - INFO - Target database size: 3 type: Aminoacid

2024-08-08 21:41:11,743 - INFO - Index table k-mer threshold: 87 at k-mer size 6 

2024-08-08 21:41:11,743 - INFO - Index table: counting k-mers

2024-08-08 21:41:11,815 - INFO - [=================================================================] 3 0s 30ms

2024-08-08 21:41:11,815 - INFO - Index table: Masked residues: 0

2024-08-08 21:41:11,815 - INFO - Index table: fill

2024-08-08 21:41:13,831 - INFO - [=================================================================] 3 0s 1ms

2024-08-08 21:41:13,832 - INFO - Index statistics

2024-08-08 21:41:13,832 - INFO - Entries:          468

2024-08-08 21:41:13,832 - INFO - DB size:          488 MB

2024-08-08 21:41:13,832 - INFO - Avg k-mer size:   0.000007

2024-08-08 21:41:13,832 - INFO - Top 10 k-mers

2024-08-08 21:41:13,832 - INFO -     HVIEAA	1

2024-08-08 21:41:13,832 - INFO -     RHLTAA	1

2024-08-08 21:41:13,832 - INFO -     MEGVCA	1

2024-08-08 21:41:13,832 - INFO -     KVNPFA	1

2024-08-08 21:41:13,832 - INFO -     GKIPHA	1

2024-08-08 21:41:13,832 - INFO -     KDVRHA	1

2024-08-08 21:41:13,832 - INFO -     ALKVHA	1

2024-08-08 21:41:13,832 - INFO -     AKVLIA	1

2024-08-08 21:41:13,832 - INFO -     EVEDKA	1

2024-08-08 21:41:13,832 - INFO -     SLMDKA	1

2024-08-08 21:41:13,832 - INFO - Time for index table init: 0h 0m 0s 262ms

2024-08-08 21:41:13,832 - INFO - Process prefiltering step 1 of 1

2024-08-08 21:41:13,832 - INFO - 

2024-08-08 21:41:13,832 - INFO - k-mer similarity threshold: 87

2024-08-08 21:41:13,832 - INFO - Starting prefiltering scores calculation (step 1 of 1)

2024-08-08 21:41:13,832 - INFO - Query db start 1 to 4641

2024-08-08 21:41:13,832 - INFO - Target db start 1 to 3

2024-08-08 21:41:34,396 - INFO - [=================================================================] 4.64K 19s 396ms

2024-08-08 21:41:34,396 - INFO - 

2024-08-08 21:41:34,396 - INFO - 3883.681631 k-mers per position

2024-08-08 21:41:34,396 - INFO - 8 DB matches per sequence

2024-08-08 21:41:34,396 - INFO - 0 overflows

2024-08-08 21:41:34,396 - INFO - 0 queries produce too many hits (truncated result)

2024-08-08 21:41:34,396 - INFO - 0 sequences passed prefiltering per query sequence

2024-08-08 21:41:34,396 - INFO - 0 median result list length

2024-08-08 21:41:34,396 - INFO - 3973 sequences with 0 size result lists

2024-08-08 21:41:34,396 - INFO - Time for merging to pref_0: 0h 0m 1s 363ms

2024-08-08 21:41:34,396 - INFO - Time for processing: 0h 0m 22s 921ms

2024-08-08 21:41:36,817 - INFO - align /data/yangy34/database/pharokka/CARD phage_pharokka/GCA_015343595.1_1248|3-1629/CARD_target_dir/target_seqs phage_pharokka/GCA_015343595.1_1248|3-1629/CARD_tmp_dir//16775863666731765139/pref_0 phage_pharokka/GCA_015343595.1_1248|3-1629/CARD/results_CARD --sub-mat nucl:nucleotide.out,aa:blosum62.out -a 0 --alignment-mode 2 --alignment-output-mode 0 --wrapped-scoring 0 -e 0.001 --min-seq-id 0.8 --min-aln-len 0 --seq-id-mode 0 --alt-ali 0 -c 0.4 --cov-mode 0 --max-seq-len 65535 --comp-bias-corr 1 --max-rejected 2147483647 --max-accept 2147483647 --add-self-matches 0 --db-load-mode 0 --pca 1 --pcb 1.5 --score-bias 0 --realign 0 --realign-score-bias -0.2 --realign-max-seqs 2147483647 --gap-open nucl:5,aa:11 --gap-extend nucl:2,aa:1 --zdrop 40 --threads 32 --compressed 0 -v 3 

2024-08-08 21:41:36,818 - INFO - 

2024-08-08 21:41:36,818 - INFO - Compute score and coverage

2024-08-08 21:41:36,818 - INFO - Query database size: 4641 type: Aminoacid

2024-08-08 21:41:36,818 - INFO - Target database size: 3 type: Aminoacid

2024-08-08 21:41:36,818 - INFO - Calculation of alignments

2024-08-08 21:41:38,093 - INFO - [=================================================================] 4.64K 0s 82ms

2024-08-08 21:41:38,093 - INFO - Time for merging to results_CARD: 0h 0m 1s 215ms

2024-08-08 21:41:38,093 - INFO - 594 alignments calculated

2024-08-08 21:41:38,093 - INFO - 0 sequence pairs passed the thresholds (0.000000 of overall calculated)

2024-08-08 21:41:38,093 - INFO - 0.000000 hits per query sequence

2024-08-08 21:41:38,094 - INFO - Time for processing: 0h 0m 3s 574ms

2024-08-08 21:41:42,558 - INFO - createtsv /data/yangy34/database/pharokka/CARD phage_pharokka/GCA_015343595.1_1248|3-1629/CARD_target_dir/target_seqs phage_pharokka/GCA_015343595.1_1248|3-1629/CARD/results_CARD phage_pharokka/GCA_015343595.1_1248|3-1629/CARD_results.tsv --full-header --threads 32 

2024-08-08 21:41:42,558 - INFO - 

2024-08-08 21:41:42,558 - INFO - MMseqs Version:                 	13.45111

2024-08-08 21:41:42,558 - INFO - First sequence as representative	false

2024-08-08 21:41:42,558 - INFO - Target column                   	1

2024-08-08 21:41:42,558 - INFO - Add full header                 	true

2024-08-08 21:41:42,558 - INFO - Sequence source                 	0

2024-08-08 21:41:42,558 - INFO - Database output                 	false

2024-08-08 21:41:42,558 - INFO - Threads                         	32

2024-08-08 21:41:42,558 - INFO - Compressed                      	0

2024-08-08 21:41:42,558 - INFO - Verbosity                       	3

2024-08-08 21:41:42,559 - INFO - 

2024-08-08 21:41:42,559 - INFO - Time for merging to CARD_results.tsv: 0h 0m 2s 66ms

2024-08-08 21:41:42,559 - INFO - Time for processing: 0h 0m 4s 408ms

2024-08-08 21:41:42,831 - INFO - Running mmseqs2 on vfdb.
2024-08-08 21:41:49,084 - INFO - createdb phage_pharokka/GCA_015343595.1_1248|3-1629/phanotate_aas_tmp.fasta phage_pharokka/GCA_015343595.1_1248|3-1629/vfdb_target_dir/target_seqs 

2024-08-08 21:41:49,084 - INFO - 

2024-08-08 21:41:49,084 - INFO - MMseqs Version:       	13.45111

2024-08-08 21:41:49,084 - INFO - Database type         	0

2024-08-08 21:41:49,084 - INFO - Shuffle input database	true

2024-08-08 21:41:49,084 - INFO - Createdb mode         	0

2024-08-08 21:41:49,084 - INFO - Write lookup file     	1

2024-08-08 21:41:49,084 - INFO - Offset of numeric ids 	0

2024-08-08 21:41:49,084 - INFO - Compressed            	0

2024-08-08 21:41:49,084 - INFO - Verbosity             	3

2024-08-08 21:41:49,084 - INFO - 

2024-08-08 21:41:49,084 - INFO - Converting sequences

2024-08-08 21:41:49,084 - INFO - [

2024-08-08 21:41:49,084 - INFO - Time for merging to target_seqs_h: 0h 0m 1s 387ms

2024-08-08 21:41:49,084 - INFO - Time for merging to target_seqs: 0h 0m 1s 535ms

2024-08-08 21:41:49,084 - INFO - Database type: Aminoacid

2024-08-08 21:41:49,084 - INFO - Time for processing: 0h 0m 6s 113ms

2024-08-08 21:41:49,294 - INFO - Create directory phage_pharokka/GCA_015343595.1_1248|3-1629/vfdb_tmp_dir/

2024-08-08 21:41:49,294 - INFO - search --min-seq-id 0.8 -c 0.4 /data/yangy34/database/pharokka/vfdb phage_pharokka/GCA_015343595.1_1248|3-1629/vfdb_target_dir/target_seqs phage_pharokka/GCA_015343595.1_1248|3-1629/vfdb/results_vfdb phage_pharokka/GCA_015343595.1_1248|3-1629/vfdb_tmp_dir/ -s 8.5 --threads 32 

2024-08-08 21:41:49,294 - INFO - 

2024-08-08 21:41:49,294 - INFO - MMseqs Version:                        	13.45111

2024-08-08 21:41:49,294 - INFO - Substitution matrix                    	nucl:nucleotide.out,aa:blosum62.out

2024-08-08 21:41:49,294 - INFO - Add backtrace                          	false

2024-08-08 21:41:49,294 - INFO - Alignment mode                         	2

2024-08-08 21:41:49,294 - INFO - Alignment mode                         	0

2024-08-08 21:41:49,294 - INFO - Allow wrapped scoring                  	false

2024-08-08 21:41:49,294 - INFO - E-value threshold                      	0.001

2024-08-08 21:41:49,294 - INFO - Seq. id. threshold                     	0.8

2024-08-08 21:41:49,294 - INFO - Min alignment length                   	0

2024-08-08 21:41:49,294 - INFO - Seq. id. mode                          	0

2024-08-08 21:41:49,294 - INFO - Alternative alignments                 	0

2024-08-08 21:41:49,294 - INFO - Coverage threshold                     	0.4

2024-08-08 21:41:49,294 - INFO - Coverage mode                          	0

2024-08-08 21:41:49,294 - INFO - Max sequence length                    	65535

2024-08-08 21:41:49,294 - INFO - Compositional bias                     	1

2024-08-08 21:41:49,294 - INFO - Max reject                             	2147483647

2024-08-08 21:41:49,294 - INFO - Max accept                             	2147483647

2024-08-08 21:41:49,295 - INFO - Include identical seq. id.             	false

2024-08-08 21:41:49,295 - INFO - Preload mode                           	0

2024-08-08 21:41:49,295 - INFO - Pseudo count a                         	1

2024-08-08 21:41:49,295 - INFO - Pseudo count b                         	1.5

2024-08-08 21:41:49,295 - INFO - Score bias                             	0

2024-08-08 21:41:49,295 - INFO - Realign hits                           	false

2024-08-08 21:41:49,295 - INFO - Realign score bias                     	-0.2

2024-08-08 21:41:49,295 - INFO - Realign max seqs                       	2147483647

2024-08-08 21:41:49,295 - INFO - Gap open cost                          	nucl:5,aa:11

2024-08-08 21:41:49,295 - INFO - Gap extension cost                     	nucl:2,aa:1

2024-08-08 21:41:49,295 - INFO - Zdrop                                  	40

2024-08-08 21:41:49,295 - INFO - Threads                                	32

2024-08-08 21:41:49,295 - INFO - Compressed                             	0

2024-08-08 21:41:49,295 - INFO - Verbosity                              	3

2024-08-08 21:41:49,295 - INFO - Seed substitution matrix               	nucl:nucleotide.out,aa:VTML80.out

2024-08-08 21:41:49,295 - INFO - Sensitivity                            	8.5

2024-08-08 21:41:49,295 - INFO - k-mer length                           	0

2024-08-08 21:41:49,295 - INFO - k-score                                	2147483647

2024-08-08 21:41:49,295 - INFO - Alphabet size                          	nucl:5,aa:21

2024-08-08 21:41:49,295 - INFO - Max results per query                  	300

2024-08-08 21:41:49,295 - INFO - Split database                         	0

2024-08-08 21:41:49,295 - INFO - Split mode                             	2

2024-08-08 21:41:49,295 - INFO - Split memory limit                     	0

2024-08-08 21:41:49,295 - INFO - Diagonal scoring                       	true

2024-08-08 21:41:49,295 - INFO - Exact k-mer matching                   	0

2024-08-08 21:41:49,295 - INFO - Mask residues                          	1

2024-08-08 21:41:49,295 - INFO - Mask lower case residues               	0

2024-08-08 21:41:49,295 - INFO - Minimum diagonal score                 	15

2024-08-08 21:41:49,295 - INFO - Spaced k-mers                          	1

2024-08-08 21:41:49,295 - INFO - Spaced k-mer pattern                   	

2024-08-08 21:41:49,295 - INFO - Local temporary path                   	

2024-08-08 21:41:49,295 - INFO - Rescore mode                           	0

2024-08-08 21:41:49,295 - INFO - Remove hits by seq. id. and coverage   	false

2024-08-08 21:41:49,295 - INFO - Sort results                           	0

2024-08-08 21:41:49,295 - INFO - Mask profile                           	1

2024-08-08 21:41:49,295 - INFO - Profile E-value threshold              	0.1

2024-08-08 21:41:49,295 - INFO - Global sequence weighting              	false

2024-08-08 21:41:49,295 - INFO - Allow deletions                        	false

2024-08-08 21:41:49,295 - INFO - Filter MSA                             	1

2024-08-08 21:41:49,295 - INFO - Maximum seq. id. threshold             	0.9

2024-08-08 21:41:49,295 - INFO - Minimum seq. id.                       	0

2024-08-08 21:41:49,295 - INFO - Minimum score per column               	-20

2024-08-08 21:41:49,295 - INFO - Minimum coverage                       	0

2024-08-08 21:41:49,295 - INFO - Select N most diverse seqs             	1000

2024-08-08 21:41:49,295 - INFO - Min codons in orf                      	30

2024-08-08 21:41:49,295 - INFO - Max codons in length                   	32734

2024-08-08 21:41:49,295 - INFO - Max orf gaps                           	2147483647

2024-08-08 21:41:49,295 - INFO - Contig start mode                      	2

2024-08-08 21:41:49,295 - INFO - Contig end mode                        	2

2024-08-08 21:41:49,295 - INFO - Orf start mode                         	1

2024-08-08 21:41:49,295 - INFO - Forward frames                         	1,2,3

2024-08-08 21:41:49,295 - INFO - Reverse frames                         	1,2,3

2024-08-08 21:41:49,295 - INFO - Translation table                      	1

2024-08-08 21:41:49,296 - INFO - Translate orf                          	0

2024-08-08 21:41:49,296 - INFO - Use all table starts                   	false

2024-08-08 21:41:49,296 - INFO - Offset of numeric ids                  	0

2024-08-08 21:41:49,296 - INFO - Create lookup                          	0

2024-08-08 21:41:49,296 - INFO - Add orf stop                           	false

2024-08-08 21:41:49,296 - INFO - Overlap between sequences              	0

2024-08-08 21:41:49,296 - INFO - Sequence split mode                    	1

2024-08-08 21:41:49,296 - INFO - Header split mode                      	0

2024-08-08 21:41:49,296 - INFO - Chain overlapping alignments           	0

2024-08-08 21:41:49,296 - INFO - Merge query                            	1

2024-08-08 21:41:49,296 - INFO - Search type                            	0

2024-08-08 21:41:49,296 - INFO - Search iterations                      	1

2024-08-08 21:41:49,296 - INFO - Start sensitivity                      	4

2024-08-08 21:41:49,413 - INFO - Search steps                           	1

2024-08-08 21:41:49,413 - INFO - Exhaustive search mode                 	false

2024-08-08 21:41:49,413 - INFO - Filter results during exhaustive search	0

2024-08-08 21:41:49,413 - INFO - Strand selection                       	1

2024-08-08 21:41:49,413 - INFO - LCA search mode                        	false

2024-08-08 21:41:49,413 - INFO - Disk space limit                       	0

2024-08-08 21:41:49,413 - INFO - MPI runner                             	

2024-08-08 21:41:49,413 - INFO - Force restart with latest tmp          	false

2024-08-08 21:41:49,413 - INFO - Remove temporary files                 	false

2024-08-08 21:41:49,413 - INFO - 

2024-08-08 21:41:49,872 - INFO - prefilter /data/yangy34/database/pharokka/vfdb phage_pharokka/GCA_015343595.1_1248|3-1629/vfdb_target_dir/target_seqs phage_pharokka/GCA_015343595.1_1248|3-1629/vfdb_tmp_dir//2374011682331412182/pref_0 --sub-mat nucl:nucleotide.out,aa:blosum62.out --seed-sub-mat nucl:nucleotide.out,aa:VTML80.out -k 0 --k-score 2147483647 --alph-size nucl:5,aa:21 --max-seq-len 65535 --max-seqs 300 --split 0 --split-mode 2 --split-memory-limit 0 -c 0.4 --cov-mode 0 --comp-bias-corr 1 --diag-score 1 --exact-kmer-matching 0 --mask 1 --mask-lower-case 0 --min-ungapped-score 15 --add-self-matches 0 --spaced-kmer-mode 1 --db-load-mode 0 --pca 1 --pcb 1.5 --threads 32 --compressed 0 -v 3 -s 8.5 

2024-08-08 21:41:49,872 - INFO - 

2024-08-08 21:41:49,872 - INFO - Query database size: 27504 type: Aminoacid

2024-08-08 21:41:49,872 - INFO - Estimated memory consumption: 977M

2024-08-08 21:41:49,872 - INFO - Target database size: 3 type: Aminoacid

2024-08-08 21:41:49,872 - INFO - Index table k-mer threshold: 87 at k-mer size 6 

2024-08-08 21:41:49,872 - INFO - Index table: counting k-mers

2024-08-08 21:41:49,953 - INFO - [=================================================================] 3 0s 20ms

2024-08-08 21:41:49,954 - INFO - Index table: Masked residues: 0

2024-08-08 21:41:49,954 - INFO - Index table: fill

2024-08-08 21:41:54,794 - INFO - [=================================================================] 3 0s 7ms

2024-08-08 21:41:54,795 - INFO - Index statistics

2024-08-08 21:41:54,795 - INFO - Entries:          468

2024-08-08 21:41:54,795 - INFO - DB size:          488 MB

2024-08-08 21:41:54,795 - INFO - Avg k-mer size:   0.000007

2024-08-08 21:41:54,795 - INFO - Top 10 k-mers

2024-08-08 21:41:54,795 - INFO -     HVIEAA	1

2024-08-08 21:41:54,795 - INFO -     RHLTAA	1

2024-08-08 21:41:54,795 - INFO -     MEGVCA	1

2024-08-08 21:41:54,795 - INFO -     KVNPFA	1

2024-08-08 21:41:54,795 - INFO -     GKIPHA	1

2024-08-08 21:41:54,795 - INFO -     KDVRHA	1

2024-08-08 21:41:54,795 - INFO -     ALKVHA	1

2024-08-08 21:41:54,795 - INFO -     AKVLIA	1

2024-08-08 21:41:54,795 - INFO -     EVEDKA	1

2024-08-08 21:41:54,795 - INFO -     SLMDKA	1

2024-08-08 21:41:54,795 - INFO - Time for index table init: 0h 0m 0s 255ms

2024-08-08 21:41:54,795 - INFO - Process prefiltering step 1 of 1

2024-08-08 21:41:54,795 - INFO - 

2024-08-08 21:41:54,795 - INFO - k-mer similarity threshold: 87

2024-08-08 21:41:54,795 - INFO - Starting prefiltering scores calculation (step 1 of 1)

2024-08-08 21:41:54,795 - INFO - Query db start 1 to 27504

2024-08-08 21:41:54,795 - INFO - Target db start 1 to 3

2024-08-08 21:44:23,900 - INFO - [=================================================================] 27.50K 2m 29s 955ms

2024-08-08 21:44:23,901 - INFO - 

2024-08-08 21:44:23,901 - INFO - 3159.764157 k-mers per position

2024-08-08 21:44:23,901 - INFO - 12 DB matches per sequence

2024-08-08 21:44:23,901 - INFO - 0 overflows

2024-08-08 21:44:23,901 - INFO - 0 queries produce too many hits (truncated result)

2024-08-08 21:44:23,901 - INFO - 0 sequences passed prefiltering per query sequence

2024-08-08 21:44:23,901 - INFO - 0 median result list length

2024-08-08 21:44:23,901 - INFO - 21685 sequences with 0 size result lists

2024-08-08 21:44:23,901 - INFO - Time for merging to pref_0: 0h 0m 1s 465ms

2024-08-08 21:44:23,901 - INFO - Time for processing: 0h 2m 34s 322ms

2024-08-08 21:44:26,520 - INFO - align /data/yangy34/database/pharokka/vfdb phage_pharokka/GCA_015343595.1_1248|3-1629/vfdb_target_dir/target_seqs phage_pharokka/GCA_015343595.1_1248|3-1629/vfdb_tmp_dir//2374011682331412182/pref_0 phage_pharokka/GCA_015343595.1_1248|3-1629/vfdb/results_vfdb --sub-mat nucl:nucleotide.out,aa:blosum62.out -a 0 --alignment-mode 2 --alignment-output-mode 0 --wrapped-scoring 0 -e 0.001 --min-seq-id 0.8 --min-aln-len 0 --seq-id-mode 0 --alt-ali 0 -c 0.4 --cov-mode 0 --max-seq-len 65535 --comp-bias-corr 1 --max-rejected 2147483647 --max-accept 2147483647 --add-self-matches 0 --db-load-mode 0 --pca 1 --pcb 1.5 --score-bias 0 --realign 0 --realign-score-bias -0.2 --realign-max-seqs 2147483647 --gap-open nucl:5,aa:11 --gap-extend nucl:2,aa:1 --zdrop 40 --threads 32 --compressed 0 -v 3 

2024-08-08 21:44:26,520 - INFO - 

2024-08-08 21:44:26,520 - INFO - Compute score and coverage

2024-08-08 21:44:26,520 - INFO - Query database size: 27504 type: Aminoacid

2024-08-08 21:44:26,520 - INFO - Target database size: 3 type: Aminoacid

2024-08-08 21:44:26,520 - INFO - Calculation of alignments

2024-08-08 21:44:28,021 - INFO - [=================================================================] 27.50K 0s 152ms

2024-08-08 21:44:28,021 - INFO - Time for merging to results_vfdb: 0h 0m 1s 349ms

2024-08-08 21:44:28,021 - INFO - 3125 alignments calculated

2024-08-08 21:44:28,021 - INFO - 0 sequence pairs passed the thresholds (0.000000 of overall calculated)

2024-08-08 21:44:28,021 - INFO - 0.000000 hits per query sequence

2024-08-08 21:44:28,022 - INFO - Time for processing: 0h 0m 3s 949ms

2024-08-08 21:44:32,391 - INFO - createtsv /data/yangy34/database/pharokka/vfdb phage_pharokka/GCA_015343595.1_1248|3-1629/vfdb_target_dir/target_seqs phage_pharokka/GCA_015343595.1_1248|3-1629/vfdb/results_vfdb phage_pharokka/GCA_015343595.1_1248|3-1629/vfdb_results.tsv --full-header --threads 32 

2024-08-08 21:44:32,391 - INFO - 

2024-08-08 21:44:32,391 - INFO - MMseqs Version:                 	13.45111

2024-08-08 21:44:32,391 - INFO - First sequence as representative	false

2024-08-08 21:44:32,391 - INFO - Target column                   	1

2024-08-08 21:44:32,391 - INFO - Add full header                 	true

2024-08-08 21:44:32,391 - INFO - Sequence source                 	0

2024-08-08 21:44:32,391 - INFO - Database output                 	false

2024-08-08 21:44:32,391 - INFO - Threads                         	32

2024-08-08 21:44:32,391 - INFO - Compressed                      	0

2024-08-08 21:44:32,391 - INFO - Verbosity                       	3

2024-08-08 21:44:32,391 - INFO - 

2024-08-08 21:44:32,391 - INFO - Time for merging to vfdb_results.tsv: 0h 0m 1s 884ms

2024-08-08 21:44:32,391 - INFO - Time for processing: 0h 0m 4s 311ms

2024-08-08 21:44:32,721 - INFO - Post Processing Output.
2024-08-08 21:44:33,314 - INFO - Converting gff to genbank.
2024-08-08 21:44:33,427 - WARNING - /gpfs/gsfs12/users/yangy34/softwares/mambaforge/envs/pharokka-env/lib/python3.10/site-packages/Bio/SeqIO/InsdcIO.py:728: BiopythonWarning: Increasing length of locus line to allow long name. This will result in fields that are not in usual positions.
  warnings.warn(

2024-08-08 21:44:33,574 - INFO - Finding the closest match for each contig in INPHARED using mash.
2024-08-08 21:44:33,713 - INFO - Sketching GCA_015343595.1_53_phages/GCA_015343595.1_1248_3_1629_prophage.fasta...

2024-08-08 21:44:33,735 - INFO - Writing to phage_pharokka/GCA_015343595.1_1248|3-1629/input_mash_sketch.msh...

2024-08-08 21:44:42,452 - INFO - pharokka has finished
2024-08-08 21:44:42,452 - INFO - Elapsed time: 389.72 seconds
2024-08-08 21:44:42,452 - INFO - If you use pharokka in your research, please cite:
2024-08-08 21:44:42,452 - INFO - George Bouras, Roshan Nepal, Ghais Houtak, Alkis James Psaltis, Peter-John Wormald, Sarah Vreugde.
2024-08-08 21:44:42,452 - INFO - Pharokka: a fast scalable bacteriophage annotation tool.
2024-08-08 21:44:42,452 - INFO - Bioinformatics, Volume 39, Issue 1, January 2023, btac776.
2024-08-08 21:44:42,452 - INFO - https://doi.org/10.1093/bioinformatics/btac776.
2024-08-08 21:44:42,452 - INFO - You should also cite the full list of tools pharokka uses, which can be found at https://github.com/gbouras13/pharokka#citation.
