2024-08-08 22:23:31,410 - INFO - Starting pharokka v1.3.2
2024-08-08 22:23:31,410 - INFO - Input args: Namespace(infile='GCA_015343595.1_53_phages/GCA_015343595.1_910_87_1423_prophage.fasta', outdir='phage_pharokka/GCA_015343595.1_910|87-1423', database='/data/yangy34/database/pharokka', threads='32', force=False, prefix='Default', locustag='Default', gene_predictor='phanotate', meta=False, split=False, coding_table='11', evalue='1E-05', terminase=False, terminase_strand='nothing', terminase_start='nothing', citation=False)
2024-08-08 22:23:31,411 - INFO - Checking database installation.
2024-08-08 22:23:31,424 - INFO - All databases have been successfully checked.
2024-08-08 22:23:31,425 - INFO - Checking dependencies.
2024-08-08 22:23:32,399 - INFO - phan_out version found is v1.5.1.
2024-08-08 22:23:32,399 - INFO - Phanotate version is ok.
2024-08-08 22:23:32,481 - INFO - MMseqs2 version found is v13.45111.
2024-08-08 22:23:32,481 - INFO - MMseqs2 version is ok.
2024-08-08 22:23:33,339 - INFO - tRNAscan-SE version found is v2.45111.11.
2024-08-08 22:23:33,339 - INFO - tRNAscan-SE version is ok.
2024-08-08 22:23:33,992 - INFO - MinCED version found is v0.4.2.
2024-08-08 22:23:33,992 - INFO - MinCED version is ok.
2024-08-08 22:23:34,068 - INFO - ARAGORN version found is v1.2.41.
2024-08-08 22:23:34,068 - INFO - ARAGORN version is ok.
2024-08-08 22:23:34,158 - INFO - mash version found is v2.2.
2024-08-08 22:23:34,158 - INFO - mash version is ok.
2024-08-08 22:23:34,383 - INFO - Running Phanotate.
2024-08-08 22:23:35,494 - INFO - Translating gene predicted fastas.
2024-08-08 22:23:35,519 - INFO - Starting tRNA-scanSE
2024-08-08 22:23:35,668 - INFO - 

2024-08-08 22:23:35,669 - INFO - tRNAscan-SE v.2.0.11 (Oct 2022) - scan sequences for transfer RNAs

2024-08-08 22:23:35,669 - INFO - Copyright (C) 2022 Patricia Chan and Todd Lowe

2024-08-08 22:23:35,669 - INFO -                    University of California Santa Cruz

2024-08-08 22:23:35,669 - INFO - Freely distributed under the GNU General Public License (GPLv3)

2024-08-08 22:23:35,669 - INFO - 

2024-08-08 22:23:35,669 - INFO - ------------------------------------------------------------

2024-08-08 22:23:35,669 - INFO - Sequence file(s) to search:        GCA_015343595.1_53_phages/GCA_015343595.1_910_87_1423_prophage.fasta

2024-08-08 22:23:35,669 - INFO - Search Mode:                       General

2024-08-08 22:23:35,669 - INFO - Results written to:                Standard output

2024-08-08 22:23:35,669 - INFO - Output format:                     Tabular

2024-08-08 22:23:35,669 - INFO - Searching with:                    Infernal single-pass scan

2024-08-08 22:23:35,669 - INFO -                                    Fast mode

2024-08-08 22:23:35,669 - INFO - Covariance model:                  /gpfs/gsfs12/users/yangy34/softwares/mambaforge/envs/pharokka-env/lib/tRNAscan-SE/models/TRNAinf.cm

2024-08-08 22:23:35,669 - INFO - 

2024-08-08 22:23:35,669 - INFO - Temporary directory:               /tmp

2024-08-08 22:23:35,669 - INFO - tRNA predictions saved to:         phage_pharokka/GCA_015343595.1_910|87-1423/trnascan_out.gff

2024-08-08 22:23:35,669 - INFO - ------------------------------------------------------------

2024-08-08 22:23:35,669 - INFO - 

2024-08-08 22:23:35,789 - INFO - No tRNAs found.

2024-08-08 22:23:35,789 - INFO - 

2024-08-08 22:23:35,802 - INFO - Running MinCED.
2024-08-08 22:23:35,973 - INFO - Running Aragorn.
2024-08-08 22:23:35,976 - INFO - Starting MMseqs2.
2024-08-08 22:23:35,976 - INFO - Running MMseqs2 on PHROGs Database.
2024-08-08 22:23:36,068 - INFO - createdb phage_pharokka/GCA_015343595.1_910|87-1423/phanotate_aas_tmp.fasta phage_pharokka/GCA_015343595.1_910|87-1423/target_dir/target_seqs 

2024-08-08 22:23:36,069 - INFO - 

2024-08-08 22:23:36,069 - INFO - MMseqs Version:       	13.45111

2024-08-08 22:23:36,069 - INFO - Database type         	0

2024-08-08 22:23:36,069 - INFO - Shuffle input database	true

2024-08-08 22:23:36,070 - INFO - Createdb mode         	0

2024-08-08 22:23:36,070 - INFO - Write lookup file     	1

2024-08-08 22:23:36,070 - INFO - Offset of numeric ids 	0

2024-08-08 22:23:36,070 - INFO - Compressed            	0

2024-08-08 22:23:36,070 - INFO - Verbosity             	3

2024-08-08 22:23:36,070 - INFO - 

2024-08-08 22:23:36,070 - INFO - Converting sequences

2024-08-08 22:23:36,070 - INFO - [

2024-08-08 22:23:36,070 - INFO - Time for merging to target_seqs_h: 0h 0m 0s 21ms

2024-08-08 22:23:36,070 - INFO - Time for merging to target_seqs: 0h 0m 0s 21ms

2024-08-08 22:23:36,070 - INFO - Database type: Aminoacid

2024-08-08 22:23:36,071 - INFO - Time for processing: 0h 0m 0s 82ms

2024-08-08 22:23:36,079 - INFO - Create directory phage_pharokka/GCA_015343595.1_910|87-1423/tmp_dir/

2024-08-08 22:23:36,079 - INFO - search -e 1E-05 /data/yangy34/database/pharokka/phrogs_profile_db phage_pharokka/GCA_015343595.1_910|87-1423/target_dir/target_seqs phage_pharokka/GCA_015343595.1_910|87-1423/mmseqs/results_mmseqs phage_pharokka/GCA_015343595.1_910|87-1423/tmp_dir/ -s 8.5 --threads 32 

2024-08-08 22:23:36,079 - INFO - 

2024-08-08 22:23:36,080 - INFO - MMseqs Version:                        	13.45111

2024-08-08 22:23:36,080 - INFO - Substitution matrix                    	nucl:nucleotide.out,aa:blosum62.out

2024-08-08 22:23:36,080 - INFO - Add backtrace                          	false

2024-08-08 22:23:36,080 - INFO - Alignment mode                         	2

2024-08-08 22:23:36,080 - INFO - Alignment mode                         	0

2024-08-08 22:23:36,080 - INFO - Allow wrapped scoring                  	false

2024-08-08 22:23:36,080 - INFO - E-value threshold                      	1e-05

2024-08-08 22:23:36,080 - INFO - Seq. id. threshold                     	0

2024-08-08 22:23:36,080 - INFO - Min alignment length                   	0

2024-08-08 22:23:36,080 - INFO - Seq. id. mode                          	0

2024-08-08 22:23:36,080 - INFO - Alternative alignments                 	0

2024-08-08 22:23:36,080 - INFO - Coverage threshold                     	0

2024-08-08 22:23:36,080 - INFO - Coverage mode                          	0

2024-08-08 22:23:36,080 - INFO - Max sequence length                    	65535

2024-08-08 22:23:36,080 - INFO - Compositional bias                     	1

2024-08-08 22:23:36,080 - INFO - Max reject                             	2147483647

2024-08-08 22:23:36,080 - INFO - Max accept                             	2147483647

2024-08-08 22:23:36,080 - INFO - Include identical seq. id.             	false

2024-08-08 22:23:36,080 - INFO - Preload mode                           	0

2024-08-08 22:23:36,080 - INFO - Pseudo count a                         	1

2024-08-08 22:23:36,080 - INFO - Pseudo count b                         	1.5

2024-08-08 22:23:36,080 - INFO - Score bias                             	0

2024-08-08 22:23:36,080 - INFO - Realign hits                           	false

2024-08-08 22:23:36,080 - INFO - Realign score bias                     	-0.2

2024-08-08 22:23:36,080 - INFO - Realign max seqs                       	2147483647

2024-08-08 22:23:36,081 - INFO - Gap open cost                          	nucl:5,aa:11

2024-08-08 22:23:36,081 - INFO - Gap extension cost                     	nucl:2,aa:1

2024-08-08 22:23:36,081 - INFO - Zdrop                                  	40

2024-08-08 22:23:36,081 - INFO - Threads                                	32

2024-08-08 22:23:36,081 - INFO - Compressed                             	0

2024-08-08 22:23:36,081 - INFO - Verbosity                              	3

2024-08-08 22:23:36,081 - INFO - Seed substitution matrix               	nucl:nucleotide.out,aa:VTML80.out

2024-08-08 22:23:36,081 - INFO - Sensitivity                            	8.5

2024-08-08 22:23:36,081 - INFO - k-mer length                           	0

2024-08-08 22:23:36,081 - INFO - k-score                                	2147483647

2024-08-08 22:23:36,081 - INFO - Alphabet size                          	nucl:5,aa:21

2024-08-08 22:23:36,081 - INFO - Max results per query                  	300

2024-08-08 22:23:36,081 - INFO - Split database                         	0

2024-08-08 22:23:36,081 - INFO - Split mode                             	2

2024-08-08 22:23:36,081 - INFO - Split memory limit                     	0

2024-08-08 22:23:36,081 - INFO - Diagonal scoring                       	true

2024-08-08 22:23:36,081 - INFO - Exact k-mer matching                   	0

2024-08-08 22:23:36,081 - INFO - Mask residues                          	1

2024-08-08 22:23:36,081 - INFO - Mask lower case residues               	0

2024-08-08 22:23:36,081 - INFO - Minimum diagonal score                 	15

2024-08-08 22:23:36,081 - INFO - Spaced k-mers                          	1

2024-08-08 22:23:36,081 - INFO - Spaced k-mer pattern                   	

2024-08-08 22:23:36,081 - INFO - Local temporary path                   	

2024-08-08 22:23:36,081 - INFO - Rescore mode                           	0

2024-08-08 22:23:36,081 - INFO - Remove hits by seq. id. and coverage   	false

2024-08-08 22:23:36,082 - INFO - Sort results                           	0

2024-08-08 22:23:36,082 - INFO - Mask profile                           	1

2024-08-08 22:23:36,082 - INFO - Profile E-value threshold              	0.1

2024-08-08 22:23:36,082 - INFO - Global sequence weighting              	false

2024-08-08 22:23:36,082 - INFO - Allow deletions                        	false

2024-08-08 22:23:36,082 - INFO - Filter MSA                             	1

2024-08-08 22:23:36,082 - INFO - Maximum seq. id. threshold             	0.9

2024-08-08 22:23:36,082 - INFO - Minimum seq. id.                       	0

2024-08-08 22:23:36,082 - INFO - Minimum score per column               	-20

2024-08-08 22:23:36,082 - INFO - Minimum coverage                       	0

2024-08-08 22:23:36,082 - INFO - Select N most diverse seqs             	1000

2024-08-08 22:23:36,082 - INFO - Min codons in orf                      	30

2024-08-08 22:23:36,082 - INFO - Max codons in length                   	32734

2024-08-08 22:23:36,082 - INFO - Max orf gaps                           	2147483647

2024-08-08 22:23:36,082 - INFO - Contig start mode                      	2

2024-08-08 22:23:36,082 - INFO - Contig end mode                        	2

2024-08-08 22:23:36,082 - INFO - Orf start mode                         	1

2024-08-08 22:23:36,082 - INFO - Forward frames                         	1,2,3

2024-08-08 22:23:36,082 - INFO - Reverse frames                         	1,2,3

2024-08-08 22:23:36,082 - INFO - Translation table                      	1

2024-08-08 22:23:36,082 - INFO - Translate orf                          	0

2024-08-08 22:23:36,082 - INFO - Use all table starts                   	false

2024-08-08 22:23:36,082 - INFO - Offset of numeric ids                  	0

2024-08-08 22:23:36,082 - INFO - Create lookup                          	0

2024-08-08 22:23:36,082 - INFO - Add orf stop                           	false

2024-08-08 22:23:36,083 - INFO - Overlap between sequences              	0

2024-08-08 22:23:36,083 - INFO - Sequence split mode                    	1

2024-08-08 22:23:36,083 - INFO - Header split mode                      	0

2024-08-08 22:23:36,083 - INFO - Chain overlapping alignments           	0

2024-08-08 22:23:36,083 - INFO - Merge query                            	1

2024-08-08 22:23:36,083 - INFO - Search type                            	0

2024-08-08 22:23:36,083 - INFO - Search iterations                      	1

2024-08-08 22:23:36,083 - INFO - Start sensitivity                      	4

2024-08-08 22:23:36,083 - INFO - Search steps                           	1

2024-08-08 22:23:36,083 - INFO - Exhaustive search mode                 	false

2024-08-08 22:23:36,083 - INFO - Filter results during exhaustive search	0

2024-08-08 22:23:36,083 - INFO - Strand selection                       	1

2024-08-08 22:23:36,083 - INFO - LCA search mode                        	false

2024-08-08 22:23:36,083 - INFO - Disk space limit                       	0

2024-08-08 22:23:36,083 - INFO - MPI runner                             	

2024-08-08 22:23:36,083 - INFO - Force restart with latest tmp          	false

2024-08-08 22:23:36,083 - INFO - Remove temporary files                 	false

2024-08-08 22:23:36,083 - INFO - 

2024-08-08 22:23:36,254 - INFO - prefilter /data/yangy34/database/pharokka/phrogs_profile_db phage_pharokka/GCA_015343595.1_910|87-1423/target_dir/target_seqs phage_pharokka/GCA_015343595.1_910|87-1423/tmp_dir//2802189778123671209/pref_0 --sub-mat nucl:nucleotide.out,aa:blosum62.out --seed-sub-mat nucl:nucleotide.out,aa:VTML80.out -k 0 --k-score 2147483647 --alph-size nucl:5,aa:21 --max-seq-len 65535 --max-seqs 300 --split 0 --split-mode 2 --split-memory-limit 0 -c 0 --cov-mode 0 --comp-bias-corr 1 --diag-score 1 --exact-kmer-matching 0 --mask 1 --mask-lower-case 0 --min-ungapped-score 15 --add-self-matches 0 --spaced-kmer-mode 1 --db-load-mode 0 --pca 1 --pcb 1.5 --threads 32 --compressed 0 -v 3 -s 8.5 

2024-08-08 22:23:36,254 - INFO - 

2024-08-08 22:23:36,254 - INFO - Query database size: 38880 type: Profile

2024-08-08 22:23:36,254 - INFO - Estimated memory consumption: 488M

2024-08-08 22:23:36,254 - INFO - Target database size: 4 type: Aminoacid

2024-08-08 22:23:36,254 - INFO - Index table k-mer threshold: 0 at k-mer size 6 

2024-08-08 22:23:36,254 - INFO - Index table: counting k-mers

2024-08-08 22:23:36,382 - INFO - [=================================================================] 4 0s 2ms

2024-08-08 22:23:36,383 - INFO - Index table: Masked residues: 0

2024-08-08 22:23:36,383 - INFO - Index table: fill

2024-08-08 22:23:37,629 - INFO - [=================================================================] 4 0s 0ms

2024-08-08 22:23:37,629 - INFO - Index statistics

2024-08-08 22:23:37,629 - INFO - Entries:          413

2024-08-08 22:23:37,629 - INFO - DB size:          488 MB

2024-08-08 22:23:37,630 - INFO - Avg k-mer size:   0.000006

2024-08-08 22:23:37,630 - INFO - Top 10 k-mers

2024-08-08 22:23:37,630 - INFO -     NGEFAA	1

2024-08-08 22:23:37,630 - INFO -     YLESAA	1

2024-08-08 22:23:37,630 - INFO -     MTRWAA	1

2024-08-08 22:23:37,630 - INFO -     LTGYAA	1

2024-08-08 22:23:37,630 - INFO -     TGTEDA	1

2024-08-08 22:23:37,630 - INFO -     VSGFDA	1

2024-08-08 22:23:37,630 - INFO -     NWPTDA	1

2024-08-08 22:23:37,630 - INFO -     KNGNEA	1

2024-08-08 22:23:37,630 - INFO -     FINFFA	1

2024-08-08 22:23:37,630 - INFO -     GVQRFA	1

2024-08-08 22:23:37,630 - INFO - Time for index table init: 0h 0m 0s 440ms

2024-08-08 22:23:37,631 - INFO - Process prefiltering step 1 of 1

2024-08-08 22:23:37,631 - INFO - 

2024-08-08 22:23:37,631 - INFO - k-mer similarity threshold: 81

2024-08-08 22:23:37,631 - INFO - Starting prefiltering scores calculation (step 1 of 1)

2024-08-08 22:23:37,631 - INFO - Query db start 1 to 38880

2024-08-08 22:23:37,631 - INFO - Target db start 1 to 4

2024-08-08 22:24:45,499 - INFO - [=================================================================] 38.88K 1m 8s 676ms

2024-08-08 22:24:45,500 - INFO - 

2024-08-08 22:24:45,500 - INFO - 5386.328443 k-mers per position

2024-08-08 22:24:45,500 - INFO - 5 DB matches per sequence

2024-08-08 22:24:45,500 - INFO - 0 overflows

2024-08-08 22:24:45,500 - INFO - 0 queries produce too many hits (truncated result)

2024-08-08 22:24:45,500 - INFO - 0 sequences passed prefiltering per query sequence

2024-08-08 22:24:45,500 - INFO - 0 median result list length

2024-08-08 22:24:45,500 - INFO - 33064 sequences with 0 size result lists

2024-08-08 22:24:45,500 - INFO - Time for merging to pref_0: 0h 0m 0s 25ms

2024-08-08 22:24:45,500 - INFO - Time for processing: 0h 1m 9s 412ms

2024-08-08 22:24:45,600 - INFO - align /data/yangy34/database/pharokka/phrogs_profile_db phage_pharokka/GCA_015343595.1_910|87-1423/target_dir/target_seqs phage_pharokka/GCA_015343595.1_910|87-1423/tmp_dir//2802189778123671209/pref_0 phage_pharokka/GCA_015343595.1_910|87-1423/mmseqs/results_mmseqs --sub-mat nucl:nucleotide.out,aa:blosum62.out -a 0 --alignment-mode 2 --alignment-output-mode 0 --wrapped-scoring 0 -e 1e-05 --min-seq-id 0 --min-aln-len 0 --seq-id-mode 0 --alt-ali 0 -c 0 --cov-mode 0 --max-seq-len 65535 --comp-bias-corr 1 --max-rejected 2147483647 --max-accept 2147483647 --add-self-matches 0 --db-load-mode 0 --pca 1 --pcb 1.5 --score-bias 0 --realign 0 --realign-score-bias -0.2 --realign-max-seqs 2147483647 --gap-open nucl:5,aa:11 --gap-extend nucl:2,aa:1 --zdrop 40 --threads 32 --compressed 0 -v 3 

2024-08-08 22:24:45,600 - INFO - 

2024-08-08 22:24:45,600 - INFO - Compute score and coverage

2024-08-08 22:24:45,600 - INFO - Query database size: 38880 type: Profile

2024-08-08 22:24:45,600 - INFO - Target database size: 4 type: Aminoacid

2024-08-08 22:24:45,600 - INFO - Calculation of alignments

2024-08-08 22:24:45,815 - INFO - [=================================================================] 38.88K 0s 199ms

2024-08-08 22:24:45,815 - INFO - Time for merging to results_mmseqs: 0h 0m 0s 23ms

2024-08-08 22:24:45,815 - INFO - 6481 alignments calculated

2024-08-08 22:24:45,815 - INFO - 8 sequence pairs passed the thresholds (0.001234 of overall calculated)

2024-08-08 22:24:45,815 - INFO - 0.000206 hits per query sequence

2024-08-08 22:24:45,815 - INFO - Time for processing: 0h 0m 0s 308ms

2024-08-08 22:24:45,957 - INFO - createtsv /data/yangy34/database/pharokka/phrogs_profile_db phage_pharokka/GCA_015343595.1_910|87-1423/target_dir/target_seqs phage_pharokka/GCA_015343595.1_910|87-1423/mmseqs/results_mmseqs phage_pharokka/GCA_015343595.1_910|87-1423/mmseqs_results.tsv --full-header --threads 32 

2024-08-08 22:24:45,957 - INFO - 

2024-08-08 22:24:45,957 - INFO - MMseqs Version:                 	13.45111

2024-08-08 22:24:45,957 - INFO - First sequence as representative	false

2024-08-08 22:24:45,957 - INFO - Target column                   	1

2024-08-08 22:24:45,957 - INFO - Add full header                 	true

2024-08-08 22:24:45,957 - INFO - Sequence source                 	0

2024-08-08 22:24:45,957 - INFO - Database output                 	false

2024-08-08 22:24:45,957 - INFO - Threads                         	32

2024-08-08 22:24:45,957 - INFO - Compressed                      	0

2024-08-08 22:24:45,958 - INFO - Verbosity                       	3

2024-08-08 22:24:45,958 - INFO - 

2024-08-08 22:24:45,958 - INFO - Time for merging to mmseqs_results.tsv: 0h 0m 0s 27ms

2024-08-08 22:24:45,958 - INFO - Time for processing: 0h 0m 0s 133ms

2024-08-08 22:24:45,969 - INFO - Running mmseqs2 on CARD.
2024-08-08 22:24:46,026 - INFO - createdb phage_pharokka/GCA_015343595.1_910|87-1423/phanotate_aas_tmp.fasta phage_pharokka/GCA_015343595.1_910|87-1423/CARD_target_dir/target_seqs 

2024-08-08 22:24:46,026 - INFO - 

2024-08-08 22:24:46,026 - INFO - MMseqs Version:       	13.45111

2024-08-08 22:24:46,026 - INFO - Database type         	0

2024-08-08 22:24:46,026 - INFO - Shuffle input database	true

2024-08-08 22:24:46,026 - INFO - Createdb mode         	0

2024-08-08 22:24:46,026 - INFO - Write lookup file     	1

2024-08-08 22:24:46,026 - INFO - Offset of numeric ids 	0

2024-08-08 22:24:46,026 - INFO - Compressed            	0

2024-08-08 22:24:46,026 - INFO - Verbosity             	3

2024-08-08 22:24:46,026 - INFO - 

2024-08-08 22:24:46,026 - INFO - Converting sequences

2024-08-08 22:24:46,026 - INFO - [

2024-08-08 22:24:46,026 - INFO - Time for merging to target_seqs_h: 0h 0m 0s 7ms

2024-08-08 22:24:46,026 - INFO - Time for merging to target_seqs: 0h 0m 0s 18ms

2024-08-08 22:24:46,026 - INFO - Database type: Aminoacid

2024-08-08 22:24:46,026 - INFO - Time for processing: 0h 0m 0s 51ms

2024-08-08 22:24:46,036 - INFO - Create directory phage_pharokka/GCA_015343595.1_910|87-1423/CARD_tmp_dir/

2024-08-08 22:24:46,036 - INFO - search --min-seq-id 0.8 -c 0.4 /data/yangy34/database/pharokka/CARD phage_pharokka/GCA_015343595.1_910|87-1423/CARD_target_dir/target_seqs phage_pharokka/GCA_015343595.1_910|87-1423/CARD/results_CARD phage_pharokka/GCA_015343595.1_910|87-1423/CARD_tmp_dir/ -s 8.5 --threads 32 

2024-08-08 22:24:46,036 - INFO - 

2024-08-08 22:24:46,036 - INFO - MMseqs Version:                        	13.45111

2024-08-08 22:24:46,036 - INFO - Substitution matrix                    	nucl:nucleotide.out,aa:blosum62.out

2024-08-08 22:24:46,036 - INFO - Add backtrace                          	false

2024-08-08 22:24:46,036 - INFO - Alignment mode                         	2

2024-08-08 22:24:46,036 - INFO - Alignment mode                         	0

2024-08-08 22:24:46,036 - INFO - Allow wrapped scoring                  	false

2024-08-08 22:24:46,036 - INFO - E-value threshold                      	0.001

2024-08-08 22:24:46,037 - INFO - Seq. id. threshold                     	0.8

2024-08-08 22:24:46,037 - INFO - Min alignment length                   	0

2024-08-08 22:24:46,037 - INFO - Seq. id. mode                          	0

2024-08-08 22:24:46,037 - INFO - Alternative alignments                 	0

2024-08-08 22:24:46,037 - INFO - Coverage threshold                     	0.4

2024-08-08 22:24:46,037 - INFO - Coverage mode                          	0

2024-08-08 22:24:46,037 - INFO - Max sequence length                    	65535

2024-08-08 22:24:46,037 - INFO - Compositional bias                     	1

2024-08-08 22:24:46,037 - INFO - Max reject                             	2147483647

2024-08-08 22:24:46,037 - INFO - Max accept                             	2147483647

2024-08-08 22:24:46,037 - INFO - Include identical seq. id.             	false

2024-08-08 22:24:46,037 - INFO - Preload mode                           	0

2024-08-08 22:24:46,037 - INFO - Pseudo count a                         	1

2024-08-08 22:24:46,037 - INFO - Pseudo count b                         	1.5

2024-08-08 22:24:46,037 - INFO - Score bias                             	0

2024-08-08 22:24:46,037 - INFO - Realign hits                           	false

2024-08-08 22:24:46,037 - INFO - Realign score bias                     	-0.2

2024-08-08 22:24:46,037 - INFO - Realign max seqs                       	2147483647

2024-08-08 22:24:46,037 - INFO - Gap open cost                          	nucl:5,aa:11

2024-08-08 22:24:46,037 - INFO - Gap extension cost                     	nucl:2,aa:1

2024-08-08 22:24:46,037 - INFO - Zdrop                                  	40

2024-08-08 22:24:46,037 - INFO - Threads                                	32

2024-08-08 22:24:46,038 - INFO - Compressed                             	0

2024-08-08 22:24:46,038 - INFO - Verbosity                              	3

2024-08-08 22:24:46,038 - INFO - Seed substitution matrix               	nucl:nucleotide.out,aa:VTML80.out

2024-08-08 22:24:46,038 - INFO - Sensitivity                            	8.5

2024-08-08 22:24:46,038 - INFO - k-mer length                           	0

2024-08-08 22:24:46,038 - INFO - k-score                                	2147483647

2024-08-08 22:24:46,038 - INFO - Alphabet size                          	nucl:5,aa:21

2024-08-08 22:24:46,038 - INFO - Max results per query                  	300

2024-08-08 22:24:46,038 - INFO - Split database                         	0

2024-08-08 22:24:46,038 - INFO - Split mode                             	2

2024-08-08 22:24:46,038 - INFO - Split memory limit                     	0

2024-08-08 22:24:46,038 - INFO - Diagonal scoring                       	true

2024-08-08 22:24:46,038 - INFO - Exact k-mer matching                   	0

2024-08-08 22:24:46,038 - INFO - Mask residues                          	1

2024-08-08 22:24:46,038 - INFO - Mask lower case residues               	0

2024-08-08 22:24:46,038 - INFO - Minimum diagonal score                 	15

2024-08-08 22:24:46,038 - INFO - Spaced k-mers                          	1

2024-08-08 22:24:46,038 - INFO - Spaced k-mer pattern                   	

2024-08-08 22:24:46,038 - INFO - Local temporary path                   	

2024-08-08 22:24:46,038 - INFO - Rescore mode                           	0

2024-08-08 22:24:46,038 - INFO - Remove hits by seq. id. and coverage   	false

2024-08-08 22:24:46,038 - INFO - Sort results                           	0

2024-08-08 22:24:46,039 - INFO - Mask profile                           	1

2024-08-08 22:24:46,039 - INFO - Profile E-value threshold              	0.1

2024-08-08 22:24:46,039 - INFO - Global sequence weighting              	false

2024-08-08 22:24:46,039 - INFO - Allow deletions                        	false

2024-08-08 22:24:46,039 - INFO - Filter MSA                             	1

2024-08-08 22:24:46,039 - INFO - Maximum seq. id. threshold             	0.9

2024-08-08 22:24:46,039 - INFO - Minimum seq. id.                       	0

2024-08-08 22:24:46,039 - INFO - Minimum score per column               	-20

2024-08-08 22:24:46,039 - INFO - Minimum coverage                       	0

2024-08-08 22:24:46,039 - INFO - Select N most diverse seqs             	1000

2024-08-08 22:24:46,039 - INFO - Min codons in orf                      	30

2024-08-08 22:24:46,039 - INFO - Max codons in length                   	32734

2024-08-08 22:24:46,039 - INFO - Max orf gaps                           	2147483647

2024-08-08 22:24:46,039 - INFO - Contig start mode                      	2

2024-08-08 22:24:46,039 - INFO - Contig end mode                        	2

2024-08-08 22:24:46,039 - INFO - Orf start mode                         	1

2024-08-08 22:24:46,039 - INFO - Forward frames                         	1,2,3

2024-08-08 22:24:46,039 - INFO - Reverse frames                         	1,2,3

2024-08-08 22:24:46,039 - INFO - Translation table                      	1

2024-08-08 22:24:46,039 - INFO - Translate orf                          	0

2024-08-08 22:24:46,039 - INFO - Use all table starts                   	false

2024-08-08 22:24:46,039 - INFO - Offset of numeric ids                  	0

2024-08-08 22:24:46,039 - INFO - Create lookup                          	0

2024-08-08 22:24:46,040 - INFO - Add orf stop                           	false

2024-08-08 22:24:46,040 - INFO - Overlap between sequences              	0

2024-08-08 22:24:46,040 - INFO - Sequence split mode                    	1

2024-08-08 22:24:46,040 - INFO - Header split mode                      	0

2024-08-08 22:24:46,040 - INFO - Chain overlapping alignments           	0

2024-08-08 22:24:46,040 - INFO - Merge query                            	1

2024-08-08 22:24:46,040 - INFO - Search type                            	0

2024-08-08 22:24:46,040 - INFO - Search iterations                      	1

2024-08-08 22:24:46,040 - INFO - Start sensitivity                      	4

2024-08-08 22:24:46,040 - INFO - Search steps                           	1

2024-08-08 22:24:46,040 - INFO - Exhaustive search mode                 	false

2024-08-08 22:24:46,040 - INFO - Filter results during exhaustive search	0

2024-08-08 22:24:46,040 - INFO - Strand selection                       	1

2024-08-08 22:24:46,040 - INFO - LCA search mode                        	false

2024-08-08 22:24:46,040 - INFO - Disk space limit                       	0

2024-08-08 22:24:46,040 - INFO - MPI runner                             	

2024-08-08 22:24:46,040 - INFO - Force restart with latest tmp          	false

2024-08-08 22:24:46,040 - INFO - Remove temporary files                 	false

2024-08-08 22:24:46,040 - INFO - 

2024-08-08 22:24:46,187 - INFO - prefilter /data/yangy34/database/pharokka/CARD phage_pharokka/GCA_015343595.1_910|87-1423/CARD_target_dir/target_seqs phage_pharokka/GCA_015343595.1_910|87-1423/CARD_tmp_dir//14663143919703103363/pref_0 --sub-mat nucl:nucleotide.out,aa:blosum62.out --seed-sub-mat nucl:nucleotide.out,aa:VTML80.out -k 0 --k-score 2147483647 --alph-size nucl:5,aa:21 --max-seq-len 65535 --max-seqs 300 --split 0 --split-mode 2 --split-memory-limit 0 -c 0.4 --cov-mode 0 --comp-bias-corr 1 --diag-score 1 --exact-kmer-matching 0 --mask 1 --mask-lower-case 0 --min-ungapped-score 15 --add-self-matches 0 --spaced-kmer-mode 1 --db-load-mode 0 --pca 1 --pcb 1.5 --threads 32 --compressed 0 -v 3 -s 8.5 

2024-08-08 22:24:46,187 - INFO - 

2024-08-08 22:24:46,187 - INFO - Query database size: 4641 type: Aminoacid

2024-08-08 22:24:46,187 - INFO - Estimated memory consumption: 977M

2024-08-08 22:24:46,187 - INFO - Target database size: 4 type: Aminoacid

2024-08-08 22:24:46,188 - INFO - Index table k-mer threshold: 87 at k-mer size 6 

2024-08-08 22:24:46,188 - INFO - Index table: counting k-mers

2024-08-08 22:24:46,313 - INFO - [=================================================================] 4 0s 5ms

2024-08-08 22:24:46,313 - INFO - Index table: Masked residues: 0

2024-08-08 22:24:46,313 - INFO - Index table: fill

2024-08-08 22:24:46,774 - INFO - [=================================================================] 4 0s 1ms

2024-08-08 22:24:46,774 - INFO - Index statistics

2024-08-08 22:24:46,774 - INFO - Entries:          413

2024-08-08 22:24:46,774 - INFO - DB size:          488 MB

2024-08-08 22:24:46,774 - INFO - Avg k-mer size:   0.000006

2024-08-08 22:24:46,774 - INFO - Top 10 k-mers

2024-08-08 22:24:46,774 - INFO -     NGEFAA	1

2024-08-08 22:24:46,774 - INFO -     YLESAA	1

2024-08-08 22:24:46,774 - INFO -     MTRWAA	1

2024-08-08 22:24:46,775 - INFO -     LTGYAA	1

2024-08-08 22:24:46,775 - INFO -     TGTEDA	1

2024-08-08 22:24:46,775 - INFO -     VSGFDA	1

2024-08-08 22:24:46,775 - INFO -     NWPTDA	1

2024-08-08 22:24:46,775 - INFO -     KNGNEA	1

2024-08-08 22:24:46,775 - INFO -     FINFFA	1

2024-08-08 22:24:46,775 - INFO -     GVQRFA	1

2024-08-08 22:24:46,775 - INFO - Time for index table init: 0h 0m 0s 431ms

2024-08-08 22:24:46,775 - INFO - Process prefiltering step 1 of 1

2024-08-08 22:24:46,775 - INFO - 

2024-08-08 22:24:46,775 - INFO - k-mer similarity threshold: 87

2024-08-08 22:24:46,775 - INFO - Starting prefiltering scores calculation (step 1 of 1)

2024-08-08 22:24:46,775 - INFO - Query db start 1 to 4641

2024-08-08 22:24:46,775 - INFO - Target db start 1 to 4

2024-08-08 22:24:55,960 - INFO - [=================================================================] 4.64K 9s 240ms

2024-08-08 22:24:55,960 - INFO - 

2024-08-08 22:24:55,960 - INFO - 3883.681631 k-mers per position

2024-08-08 22:24:55,960 - INFO - 7 DB matches per sequence

2024-08-08 22:24:55,960 - INFO - 0 overflows

2024-08-08 22:24:55,960 - INFO - 0 queries produce too many hits (truncated result)

2024-08-08 22:24:55,960 - INFO - 0 sequences passed prefiltering per query sequence

2024-08-08 22:24:55,960 - INFO - 0 median result list length

2024-08-08 22:24:55,960 - INFO - 3965 sequences with 0 size result lists

2024-08-08 22:24:55,960 - INFO - Time for merging to pref_0: 0h 0m 0s 9ms

2024-08-08 22:24:55,960 - INFO - Time for processing: 0h 0m 9s 915ms

2024-08-08 22:24:55,984 - INFO - align /data/yangy34/database/pharokka/CARD phage_pharokka/GCA_015343595.1_910|87-1423/CARD_target_dir/target_seqs phage_pharokka/GCA_015343595.1_910|87-1423/CARD_tmp_dir//14663143919703103363/pref_0 phage_pharokka/GCA_015343595.1_910|87-1423/CARD/results_CARD --sub-mat nucl:nucleotide.out,aa:blosum62.out -a 0 --alignment-mode 2 --alignment-output-mode 0 --wrapped-scoring 0 -e 0.001 --min-seq-id 0.8 --min-aln-len 0 --seq-id-mode 0 --alt-ali 0 -c 0.4 --cov-mode 0 --max-seq-len 65535 --comp-bias-corr 1 --max-rejected 2147483647 --max-accept 2147483647 --add-self-matches 0 --db-load-mode 0 --pca 1 --pcb 1.5 --score-bias 0 --realign 0 --realign-score-bias -0.2 --realign-max-seqs 2147483647 --gap-open nucl:5,aa:11 --gap-extend nucl:2,aa:1 --zdrop 40 --threads 32 --compressed 0 -v 3 

2024-08-08 22:24:55,985 - INFO - 

2024-08-08 22:24:55,985 - INFO - Compute score and coverage

2024-08-08 22:24:55,985 - INFO - Query database size: 4641 type: Aminoacid

2024-08-08 22:24:55,985 - INFO - Target database size: 4 type: Aminoacid

2024-08-08 22:24:55,985 - INFO - Calculation of alignments

2024-08-08 22:24:56,006 - INFO - =[================================================================] 4.64K 0s 16ms

2024-08-08 22:24:56,006 - INFO - Time for merging to results_CARD: 0h 0m 0s 8ms

2024-08-08 22:24:56,006 - INFO - 259 alignments calculated

2024-08-08 22:24:56,006 - INFO - 0 sequence pairs passed the thresholds (0.000000 of overall calculated)

2024-08-08 22:24:56,006 - INFO - 0.000000 hits per query sequence

2024-08-08 22:24:56,006 - INFO - Time for processing: 0h 0m 0s 40ms

2024-08-08 22:24:56,071 - INFO - createtsv /data/yangy34/database/pharokka/CARD phage_pharokka/GCA_015343595.1_910|87-1423/CARD_target_dir/target_seqs phage_pharokka/GCA_015343595.1_910|87-1423/CARD/results_CARD phage_pharokka/GCA_015343595.1_910|87-1423/CARD_results.tsv --full-header --threads 32 

2024-08-08 22:24:56,071 - INFO - 

2024-08-08 22:24:56,071 - INFO - MMseqs Version:                 	13.45111

2024-08-08 22:24:56,071 - INFO - First sequence as representative	false

2024-08-08 22:24:56,071 - INFO - Target column                   	1

2024-08-08 22:24:56,071 - INFO - Add full header                 	true

2024-08-08 22:24:56,071 - INFO - Sequence source                 	0

2024-08-08 22:24:56,071 - INFO - Database output                 	false

2024-08-08 22:24:56,071 - INFO - Threads                         	32

2024-08-08 22:24:56,071 - INFO - Compressed                      	0

2024-08-08 22:24:56,071 - INFO - Verbosity                       	3

2024-08-08 22:24:56,071 - INFO - 

2024-08-08 22:24:56,071 - INFO - Time for merging to CARD_results.tsv: 0h 0m 0s 12ms

2024-08-08 22:24:56,072 - INFO - Time for processing: 0h 0m 0s 58ms

2024-08-08 22:24:56,095 - INFO - Running mmseqs2 on vfdb.
2024-08-08 22:24:56,198 - INFO - createdb phage_pharokka/GCA_015343595.1_910|87-1423/phanotate_aas_tmp.fasta phage_pharokka/GCA_015343595.1_910|87-1423/vfdb_target_dir/target_seqs 

2024-08-08 22:24:56,198 - INFO - 

2024-08-08 22:24:56,198 - INFO - MMseqs Version:       	13.45111

2024-08-08 22:24:56,199 - INFO - Database type         	0

2024-08-08 22:24:56,199 - INFO - Shuffle input database	true

2024-08-08 22:24:56,199 - INFO - Createdb mode         	0

2024-08-08 22:24:56,199 - INFO - Write lookup file     	1

2024-08-08 22:24:56,199 - INFO - Offset of numeric ids 	0

2024-08-08 22:24:56,199 - INFO - Compressed            	0

2024-08-08 22:24:56,199 - INFO - Verbosity             	3

2024-08-08 22:24:56,199 - INFO - 

2024-08-08 22:24:56,199 - INFO - Converting sequences

2024-08-08 22:24:56,199 - INFO - [

2024-08-08 22:24:56,199 - INFO - Time for merging to target_seqs_h: 0h 0m 0s 6ms

2024-08-08 22:24:56,199 - INFO - Time for merging to target_seqs: 0h 0m 0s 18ms

2024-08-08 22:24:56,199 - INFO - Database type: Aminoacid

2024-08-08 22:24:56,199 - INFO - Time for processing: 0h 0m 0s 98ms

2024-08-08 22:24:56,206 - INFO - Create directory phage_pharokka/GCA_015343595.1_910|87-1423/vfdb_tmp_dir/

2024-08-08 22:24:56,206 - INFO - search --min-seq-id 0.8 -c 0.4 /data/yangy34/database/pharokka/vfdb phage_pharokka/GCA_015343595.1_910|87-1423/vfdb_target_dir/target_seqs phage_pharokka/GCA_015343595.1_910|87-1423/vfdb/results_vfdb phage_pharokka/GCA_015343595.1_910|87-1423/vfdb_tmp_dir/ -s 8.5 --threads 32 

2024-08-08 22:24:56,206 - INFO - 

2024-08-08 22:24:56,206 - INFO - MMseqs Version:                        	13.45111

2024-08-08 22:24:56,207 - INFO - Substitution matrix                    	nucl:nucleotide.out,aa:blosum62.out

2024-08-08 22:24:56,207 - INFO - Add backtrace                          	false

2024-08-08 22:24:56,207 - INFO - Alignment mode                         	2

2024-08-08 22:24:56,207 - INFO - Alignment mode                         	0

2024-08-08 22:24:56,207 - INFO - Allow wrapped scoring                  	false

2024-08-08 22:24:56,207 - INFO - E-value threshold                      	0.001

2024-08-08 22:24:56,207 - INFO - Seq. id. threshold                     	0.8

2024-08-08 22:24:56,207 - INFO - Min alignment length                   	0

2024-08-08 22:24:56,207 - INFO - Seq. id. mode                          	0

2024-08-08 22:24:56,207 - INFO - Alternative alignments                 	0

2024-08-08 22:24:56,207 - INFO - Coverage threshold                     	0.4

2024-08-08 22:24:56,207 - INFO - Coverage mode                          	0

2024-08-08 22:24:56,207 - INFO - Max sequence length                    	65535

2024-08-08 22:24:56,207 - INFO - Compositional bias                     	1

2024-08-08 22:24:56,207 - INFO - Max reject                             	2147483647

2024-08-08 22:24:56,207 - INFO - Max accept                             	2147483647

2024-08-08 22:24:56,207 - INFO - Include identical seq. id.             	false

2024-08-08 22:24:56,207 - INFO - Preload mode                           	0

2024-08-08 22:24:56,207 - INFO - Pseudo count a                         	1

2024-08-08 22:24:56,207 - INFO - Pseudo count b                         	1.5

2024-08-08 22:24:56,207 - INFO - Score bias                             	0

2024-08-08 22:24:56,207 - INFO - Realign hits                           	false

2024-08-08 22:24:56,207 - INFO - Realign score bias                     	-0.2

2024-08-08 22:24:56,207 - INFO - Realign max seqs                       	2147483647

2024-08-08 22:24:56,207 - INFO - Gap open cost                          	nucl:5,aa:11

2024-08-08 22:24:56,208 - INFO - Gap extension cost                     	nucl:2,aa:1

2024-08-08 22:24:56,208 - INFO - Zdrop                                  	40

2024-08-08 22:24:56,208 - INFO - Threads                                	32

2024-08-08 22:24:56,208 - INFO - Compressed                             	0

2024-08-08 22:24:56,208 - INFO - Verbosity                              	3

2024-08-08 22:24:56,208 - INFO - Seed substitution matrix               	nucl:nucleotide.out,aa:VTML80.out

2024-08-08 22:24:56,208 - INFO - Sensitivity                            	8.5

2024-08-08 22:24:56,208 - INFO - k-mer length                           	0

2024-08-08 22:24:56,208 - INFO - k-score                                	2147483647

2024-08-08 22:24:56,208 - INFO - Alphabet size                          	nucl:5,aa:21

2024-08-08 22:24:56,208 - INFO - Max results per query                  	300

2024-08-08 22:24:56,208 - INFO - Split database                         	0

2024-08-08 22:24:56,208 - INFO - Split mode                             	2

2024-08-08 22:24:56,208 - INFO - Split memory limit                     	0

2024-08-08 22:24:56,208 - INFO - Diagonal scoring                       	true

2024-08-08 22:24:56,208 - INFO - Exact k-mer matching                   	0

2024-08-08 22:24:56,208 - INFO - Mask residues                          	1

2024-08-08 22:24:56,208 - INFO - Mask lower case residues               	0

2024-08-08 22:24:56,208 - INFO - Minimum diagonal score                 	15

2024-08-08 22:24:56,208 - INFO - Spaced k-mers                          	1

2024-08-08 22:24:56,208 - INFO - Spaced k-mer pattern                   	

2024-08-08 22:24:56,208 - INFO - Local temporary path                   	

2024-08-08 22:24:56,208 - INFO - Rescore mode                           	0

2024-08-08 22:24:56,208 - INFO - Remove hits by seq. id. and coverage   	false

2024-08-08 22:24:56,208 - INFO - Sort results                           	0

2024-08-08 22:24:56,208 - INFO - Mask profile                           	1

2024-08-08 22:24:56,209 - INFO - Profile E-value threshold              	0.1

2024-08-08 22:24:56,209 - INFO - Global sequence weighting              	false

2024-08-08 22:24:56,209 - INFO - Allow deletions                        	false

2024-08-08 22:24:56,209 - INFO - Filter MSA                             	1

2024-08-08 22:24:56,209 - INFO - Maximum seq. id. threshold             	0.9

2024-08-08 22:24:56,209 - INFO - Minimum seq. id.                       	0

2024-08-08 22:24:56,209 - INFO - Minimum score per column               	-20

2024-08-08 22:24:56,209 - INFO - Minimum coverage                       	0

2024-08-08 22:24:56,209 - INFO - Select N most diverse seqs             	1000

2024-08-08 22:24:56,209 - INFO - Min codons in orf                      	30

2024-08-08 22:24:56,209 - INFO - Max codons in length                   	32734

2024-08-08 22:24:56,209 - INFO - Max orf gaps                           	2147483647

2024-08-08 22:24:56,209 - INFO - Contig start mode                      	2

2024-08-08 22:24:56,209 - INFO - Contig end mode                        	2

2024-08-08 22:24:56,209 - INFO - Orf start mode                         	1

2024-08-08 22:24:56,209 - INFO - Forward frames                         	1,2,3

2024-08-08 22:24:56,209 - INFO - Reverse frames                         	1,2,3

2024-08-08 22:24:56,209 - INFO - Translation table                      	1

2024-08-08 22:24:56,209 - INFO - Translate orf                          	0

2024-08-08 22:24:56,209 - INFO - Use all table starts                   	false

2024-08-08 22:24:56,209 - INFO - Offset of numeric ids                  	0

2024-08-08 22:24:56,209 - INFO - Create lookup                          	0

2024-08-08 22:24:56,209 - INFO - Add orf stop                           	false

2024-08-08 22:24:56,209 - INFO - Overlap between sequences              	0

2024-08-08 22:24:56,209 - INFO - Sequence split mode                    	1

2024-08-08 22:24:56,210 - INFO - Header split mode                      	0

2024-08-08 22:24:56,210 - INFO - Chain overlapping alignments           	0

2024-08-08 22:24:56,210 - INFO - Merge query                            	1

2024-08-08 22:24:56,210 - INFO - Search type                            	0

2024-08-08 22:24:56,210 - INFO - Search iterations                      	1

2024-08-08 22:24:56,210 - INFO - Start sensitivity                      	4

2024-08-08 22:24:56,210 - INFO - Search steps                           	1

2024-08-08 22:24:56,210 - INFO - Exhaustive search mode                 	false

2024-08-08 22:24:56,210 - INFO - Filter results during exhaustive search	0

2024-08-08 22:24:56,210 - INFO - Strand selection                       	1

2024-08-08 22:24:56,210 - INFO - LCA search mode                        	false

2024-08-08 22:24:56,210 - INFO - Disk space limit                       	0

2024-08-08 22:24:56,210 - INFO - MPI runner                             	

2024-08-08 22:24:56,210 - INFO - Force restart with latest tmp          	false

2024-08-08 22:24:56,210 - INFO - Remove temporary files                 	false

2024-08-08 22:24:56,210 - INFO - 

2024-08-08 22:24:56,361 - INFO - prefilter /data/yangy34/database/pharokka/vfdb phage_pharokka/GCA_015343595.1_910|87-1423/vfdb_target_dir/target_seqs phage_pharokka/GCA_015343595.1_910|87-1423/vfdb_tmp_dir//16993201137413628640/pref_0 --sub-mat nucl:nucleotide.out,aa:blosum62.out --seed-sub-mat nucl:nucleotide.out,aa:VTML80.out -k 0 --k-score 2147483647 --alph-size nucl:5,aa:21 --max-seq-len 65535 --max-seqs 300 --split 0 --split-mode 2 --split-memory-limit 0 -c 0.4 --cov-mode 0 --comp-bias-corr 1 --diag-score 1 --exact-kmer-matching 0 --mask 1 --mask-lower-case 0 --min-ungapped-score 15 --add-self-matches 0 --spaced-kmer-mode 1 --db-load-mode 0 --pca 1 --pcb 1.5 --threads 32 --compressed 0 -v 3 -s 8.5 

2024-08-08 22:24:56,362 - INFO - 

2024-08-08 22:24:56,362 - INFO - Query database size: 27504 type: Aminoacid

2024-08-08 22:24:56,362 - INFO - Estimated memory consumption: 977M

2024-08-08 22:24:56,362 - INFO - Target database size: 4 type: Aminoacid

2024-08-08 22:24:56,362 - INFO - Index table k-mer threshold: 87 at k-mer size 6 

2024-08-08 22:24:56,362 - INFO - Index table: counting k-mers

2024-08-08 22:24:56,487 - INFO - [=================================================================] 4 0s 5ms

2024-08-08 22:24:56,488 - INFO - Index table: Masked residues: 0

2024-08-08 22:24:56,488 - INFO - Index table: fill

2024-08-08 22:24:57,822 - INFO - [=================================================================] 4 0s 1ms

2024-08-08 22:24:57,822 - INFO - Index statistics

2024-08-08 22:24:57,822 - INFO - Entries:          413

2024-08-08 22:24:57,822 - INFO - DB size:          488 MB

2024-08-08 22:24:57,822 - INFO - Avg k-mer size:   0.000006

2024-08-08 22:24:57,822 - INFO - Top 10 k-mers

2024-08-08 22:24:57,822 - INFO -     NGEFAA	1

2024-08-08 22:24:57,822 - INFO -     YLESAA	1

2024-08-08 22:24:57,822 - INFO -     MTRWAA	1

2024-08-08 22:24:57,823 - INFO -     LTGYAA	1

2024-08-08 22:24:57,823 - INFO -     TGTEDA	1

2024-08-08 22:24:57,823 - INFO -     VSGFDA	1

2024-08-08 22:24:57,823 - INFO -     NWPTDA	1

2024-08-08 22:24:57,823 - INFO -     KNGNEA	1

2024-08-08 22:24:57,823 - INFO -     FINFFA	1

2024-08-08 22:24:57,823 - INFO -     GVQRFA	1

2024-08-08 22:24:57,823 - INFO - Time for index table init: 0h 0m 0s 437ms

2024-08-08 22:24:57,823 - INFO - Process prefiltering step 1 of 1

2024-08-08 22:24:57,823 - INFO - 

2024-08-08 22:24:57,823 - INFO - k-mer similarity threshold: 87

2024-08-08 22:24:57,823 - INFO - Starting prefiltering scores calculation (step 1 of 1)

2024-08-08 22:24:57,823 - INFO - Query db start 1 to 27504

2024-08-08 22:24:57,823 - INFO - Target db start 1 to 4

2024-08-08 22:26:05,325 - INFO - [=================================================================] 27.50K 1m 7s 983ms

2024-08-08 22:26:05,325 - INFO - 

2024-08-08 22:26:05,325 - INFO - 3159.764157 k-mers per position

2024-08-08 22:26:05,325 - INFO - 10 DB matches per sequence

2024-08-08 22:26:05,326 - INFO - 0 overflows

2024-08-08 22:26:05,326 - INFO - 0 queries produce too many hits (truncated result)

2024-08-08 22:26:05,326 - INFO - 0 sequences passed prefiltering per query sequence

2024-08-08 22:26:05,326 - INFO - 0 median result list length

2024-08-08 22:26:05,326 - INFO - 21897 sequences with 0 size result lists

2024-08-08 22:26:05,326 - INFO - Time for merging to pref_0: 0h 0m 0s 23ms

2024-08-08 22:26:05,326 - INFO - Time for processing: 0h 1m 9s 111ms

2024-08-08 22:26:05,363 - INFO - align /data/yangy34/database/pharokka/vfdb phage_pharokka/GCA_015343595.1_910|87-1423/vfdb_target_dir/target_seqs phage_pharokka/GCA_015343595.1_910|87-1423/vfdb_tmp_dir//16993201137413628640/pref_0 phage_pharokka/GCA_015343595.1_910|87-1423/vfdb/results_vfdb --sub-mat nucl:nucleotide.out,aa:blosum62.out -a 0 --alignment-mode 2 --alignment-output-mode 0 --wrapped-scoring 0 -e 0.001 --min-seq-id 0.8 --min-aln-len 0 --seq-id-mode 0 --alt-ali 0 -c 0.4 --cov-mode 0 --max-seq-len 65535 --comp-bias-corr 1 --max-rejected 2147483647 --max-accept 2147483647 --add-self-matches 0 --db-load-mode 0 --pca 1 --pcb 1.5 --score-bias 0 --realign 0 --realign-score-bias -0.2 --realign-max-seqs 2147483647 --gap-open nucl:5,aa:11 --gap-extend nucl:2,aa:1 --zdrop 40 --threads 32 --compressed 0 -v 3 

2024-08-08 22:26:05,364 - INFO - 

2024-08-08 22:26:05,364 - INFO - Compute score and coverage

2024-08-08 22:26:05,364 - INFO - Query database size: 27504 type: Aminoacid

2024-08-08 22:26:05,364 - INFO - Target database size: 4 type: Aminoacid

2024-08-08 22:26:05,364 - INFO - Calculation of alignments

2024-08-08 22:26:05,401 - INFO - [=================================================================] 27.50K 0s 17ms

2024-08-08 22:26:05,401 - INFO - Time for merging to results_vfdb: 0h 0m 0s 16ms

2024-08-08 22:26:05,401 - INFO - 1230 alignments calculated

2024-08-08 22:26:05,401 - INFO - 0 sequence pairs passed the thresholds (0.000000 of overall calculated)

2024-08-08 22:26:05,401 - INFO - 0.000000 hits per query sequence

2024-08-08 22:26:05,401 - INFO - Time for processing: 0h 0m 0s 66ms

2024-08-08 22:26:05,527 - INFO - createtsv /data/yangy34/database/pharokka/vfdb phage_pharokka/GCA_015343595.1_910|87-1423/vfdb_target_dir/target_seqs phage_pharokka/GCA_015343595.1_910|87-1423/vfdb/results_vfdb phage_pharokka/GCA_015343595.1_910|87-1423/vfdb_results.tsv --full-header --threads 32 

2024-08-08 22:26:05,527 - INFO - 

2024-08-08 22:26:05,527 - INFO - MMseqs Version:                 	13.45111

2024-08-08 22:26:05,527 - INFO - First sequence as representative	false

2024-08-08 22:26:05,527 - INFO - Target column                   	1

2024-08-08 22:26:05,527 - INFO - Add full header                 	true

2024-08-08 22:26:05,527 - INFO - Sequence source                 	0

2024-08-08 22:26:05,527 - INFO - Database output                 	false

2024-08-08 22:26:05,527 - INFO - Threads                         	32

2024-08-08 22:26:05,527 - INFO - Compressed                      	0

2024-08-08 22:26:05,527 - INFO - Verbosity                       	3

2024-08-08 22:26:05,527 - INFO - 

2024-08-08 22:26:05,527 - INFO - Time for merging to vfdb_results.tsv: 0h 0m 0s 22ms

2024-08-08 22:26:05,527 - INFO - Time for processing: 0h 0m 0s 119ms

2024-08-08 22:26:05,562 - INFO - Post Processing Output.
2024-08-08 22:26:05,876 - INFO - Converting gff to genbank.
2024-08-08 22:26:05,882 - WARNING - /gpfs/gsfs12/users/yangy34/softwares/mambaforge/envs/pharokka-env/lib/python3.10/site-packages/Bio/SeqIO/InsdcIO.py:728: BiopythonWarning: Increasing length of locus line to allow long name. This will result in fields that are not in usual positions.
  warnings.warn(

2024-08-08 22:26:05,896 - INFO - Finding the closest match for each contig in INPHARED using mash.
2024-08-08 22:26:05,913 - INFO - Sketching GCA_015343595.1_53_phages/GCA_015343595.1_910_87_1423_prophage.fasta...

2024-08-08 22:26:05,914 - INFO - Writing to phage_pharokka/GCA_015343595.1_910|87-1423/input_mash_sketch.msh...

2024-08-08 22:26:07,288 - INFO - pharokka has finished
2024-08-08 22:26:07,288 - INFO - Elapsed time: 155.91 seconds
2024-08-08 22:26:07,288 - INFO - If you use pharokka in your research, please cite:
2024-08-08 22:26:07,288 - INFO - George Bouras, Roshan Nepal, Ghais Houtak, Alkis James Psaltis, Peter-John Wormald, Sarah Vreugde.
2024-08-08 22:26:07,288 - INFO - Pharokka: a fast scalable bacteriophage annotation tool.
2024-08-08 22:26:07,288 - INFO - Bioinformatics, Volume 39, Issue 1, January 2023, btac776.
2024-08-08 22:26:07,288 - INFO - https://doi.org/10.1093/bioinformatics/btac776.
2024-08-08 22:26:07,288 - INFO - You should also cite the full list of tools pharokka uses, which can be found at https://github.com/gbouras13/pharokka#citation.
