2024-08-08 22:30:20,505 - INFO - Starting pharokka v1.3.2
2024-08-08 22:30:20,505 - INFO - Input args: Namespace(infile='GCA_015343595.1_53_phages/GCA_015343595.1_707_467_47381_prophage.fasta', outdir='phage_pharokka/GCA_015343595.1_707|467-47381', database='/data/yangy34/database/pharokka', threads='32', force=False, prefix='Default', locustag='Default', gene_predictor='phanotate', meta=False, split=False, coding_table='11', evalue='1E-05', terminase=False, terminase_strand='nothing', terminase_start='nothing', citation=False)
2024-08-08 22:30:20,506 - INFO - Checking database installation.
2024-08-08 22:30:20,526 - INFO - All databases have been successfully checked.
2024-08-08 22:30:20,527 - INFO - Checking dependencies.
2024-08-08 22:30:21,883 - INFO - phan_out version found is v1.5.1.
2024-08-08 22:30:21,883 - INFO - Phanotate version is ok.
2024-08-08 22:30:22,006 - INFO - MMseqs2 version found is v13.45111.
2024-08-08 22:30:22,006 - INFO - MMseqs2 version is ok.
2024-08-08 22:30:22,899 - INFO - tRNAscan-SE version found is v2.45111.11.
2024-08-08 22:30:22,900 - INFO - tRNAscan-SE version is ok.
2024-08-08 22:30:23,394 - INFO - MinCED version found is v0.4.2.
2024-08-08 22:30:23,395 - INFO - MinCED version is ok.
2024-08-08 22:30:23,423 - INFO - ARAGORN version found is v1.2.41.
2024-08-08 22:30:23,423 - INFO - ARAGORN version is ok.
2024-08-08 22:30:23,506 - INFO - mash version found is v2.2.
2024-08-08 22:30:23,506 - INFO - mash version is ok.
2024-08-08 22:30:23,742 - INFO - Running Phanotate.
2024-08-08 22:30:42,838 - INFO - Translating gene predicted fastas.
2024-08-08 22:30:42,869 - INFO - Starting tRNA-scanSE
2024-08-08 22:30:43,008 - INFO - 

2024-08-08 22:30:43,008 - INFO - tRNAscan-SE v.2.0.11 (Oct 2022) - scan sequences for transfer RNAs

2024-08-08 22:30:43,008 - INFO - Copyright (C) 2022 Patricia Chan and Todd Lowe

2024-08-08 22:30:43,008 - INFO -                    University of California Santa Cruz

2024-08-08 22:30:43,008 - INFO - Freely distributed under the GNU General Public License (GPLv3)

2024-08-08 22:30:43,008 - INFO - 

2024-08-08 22:30:43,009 - INFO - ------------------------------------------------------------

2024-08-08 22:30:43,009 - INFO - Sequence file(s) to search:        GCA_015343595.1_53_phages/GCA_015343595.1_707_467_47381_prophage.fasta

2024-08-08 22:30:43,009 - INFO - Search Mode:                       General

2024-08-08 22:30:43,009 - INFO - Results written to:                Standard output

2024-08-08 22:30:43,009 - INFO - Output format:                     Tabular

2024-08-08 22:30:43,009 - INFO - Searching with:                    Infernal single-pass scan

2024-08-08 22:30:43,009 - INFO -                                    Fast mode

2024-08-08 22:30:43,009 - INFO - Covariance model:                  /gpfs/gsfs12/users/yangy34/softwares/mambaforge/envs/pharokka-env/lib/tRNAscan-SE/models/TRNAinf.cm

2024-08-08 22:30:43,009 - INFO - 

2024-08-08 22:30:43,009 - INFO - Temporary directory:               /tmp

2024-08-08 22:30:43,009 - INFO - tRNA predictions saved to:         phage_pharokka/GCA_015343595.1_707|467-47381/trnascan_out.gff

2024-08-08 22:30:43,009 - INFO - ------------------------------------------------------------

2024-08-08 22:30:43,009 - INFO - 

2024-08-08 22:30:43,203 - INFO - No tRNAs found.

2024-08-08 22:30:43,203 - INFO - 

2024-08-08 22:30:43,216 - INFO - Running MinCED.
2024-08-08 22:30:43,761 - INFO - Running Aragorn.
2024-08-08 22:30:43,778 - INFO - Starting MMseqs2.
2024-08-08 22:30:43,779 - INFO - Running MMseqs2 on PHROGs Database.
2024-08-08 22:30:43,961 - INFO - createdb phage_pharokka/GCA_015343595.1_707|467-47381/phanotate_aas_tmp.fasta phage_pharokka/GCA_015343595.1_707|467-47381/target_dir/target_seqs 

2024-08-08 22:30:43,961 - INFO - 

2024-08-08 22:30:43,961 - INFO - MMseqs Version:       	13.45111

2024-08-08 22:30:43,961 - INFO - Database type         	0

2024-08-08 22:30:43,961 - INFO - Shuffle input database	true

2024-08-08 22:30:43,962 - INFO - Createdb mode         	0

2024-08-08 22:30:43,962 - INFO - Write lookup file     	1

2024-08-08 22:30:43,962 - INFO - Offset of numeric ids 	0

2024-08-08 22:30:43,962 - INFO - Compressed            	0

2024-08-08 22:30:43,962 - INFO - Verbosity             	3

2024-08-08 22:30:43,962 - INFO - 

2024-08-08 22:30:43,962 - INFO - Converting sequences

2024-08-08 22:30:43,962 - INFO - [

2024-08-08 22:30:43,963 - INFO - Time for merging to target_seqs_h: 0h 0m 0s 24ms

2024-08-08 22:30:43,963 - INFO - Time for merging to target_seqs: 0h 0m 0s 24ms

2024-08-08 22:30:43,963 - INFO - Database type: Aminoacid

2024-08-08 22:30:43,963 - INFO - Time for processing: 0h 0m 0s 98ms

2024-08-08 22:30:43,973 - INFO - Create directory phage_pharokka/GCA_015343595.1_707|467-47381/tmp_dir/

2024-08-08 22:30:43,973 - INFO - search -e 1E-05 /data/yangy34/database/pharokka/phrogs_profile_db phage_pharokka/GCA_015343595.1_707|467-47381/target_dir/target_seqs phage_pharokka/GCA_015343595.1_707|467-47381/mmseqs/results_mmseqs phage_pharokka/GCA_015343595.1_707|467-47381/tmp_dir/ -s 8.5 --threads 32 

2024-08-08 22:30:43,973 - INFO - 

2024-08-08 22:30:43,973 - INFO - MMseqs Version:                        	13.45111

2024-08-08 22:30:43,973 - INFO - Substitution matrix                    	nucl:nucleotide.out,aa:blosum62.out

2024-08-08 22:30:43,973 - INFO - Add backtrace                          	false

2024-08-08 22:30:43,973 - INFO - Alignment mode                         	2

2024-08-08 22:30:43,973 - INFO - Alignment mode                         	0

2024-08-08 22:30:43,973 - INFO - Allow wrapped scoring                  	false

2024-08-08 22:30:43,973 - INFO - E-value threshold                      	1e-05

2024-08-08 22:30:43,973 - INFO - Seq. id. threshold                     	0

2024-08-08 22:30:43,973 - INFO - Min alignment length                   	0

2024-08-08 22:30:43,973 - INFO - Seq. id. mode                          	0

2024-08-08 22:30:43,973 - INFO - Alternative alignments                 	0

2024-08-08 22:30:43,973 - INFO - Coverage threshold                     	0

2024-08-08 22:30:43,974 - INFO - Coverage mode                          	0

2024-08-08 22:30:43,974 - INFO - Max sequence length                    	65535

2024-08-08 22:30:43,974 - INFO - Compositional bias                     	1

2024-08-08 22:30:43,974 - INFO - Max reject                             	2147483647

2024-08-08 22:30:43,974 - INFO - Max accept                             	2147483647

2024-08-08 22:30:43,974 - INFO - Include identical seq. id.             	false

2024-08-08 22:30:43,974 - INFO - Preload mode                           	0

2024-08-08 22:30:43,974 - INFO - Pseudo count a                         	1

2024-08-08 22:30:43,974 - INFO - Pseudo count b                         	1.5

2024-08-08 22:30:43,974 - INFO - Score bias                             	0

2024-08-08 22:30:43,974 - INFO - Realign hits                           	false

2024-08-08 22:30:43,974 - INFO - Realign score bias                     	-0.2

2024-08-08 22:30:43,974 - INFO - Realign max seqs                       	2147483647

2024-08-08 22:30:43,974 - INFO - Gap open cost                          	nucl:5,aa:11

2024-08-08 22:30:43,974 - INFO - Gap extension cost                     	nucl:2,aa:1

2024-08-08 22:30:43,974 - INFO - Zdrop                                  	40

2024-08-08 22:30:43,974 - INFO - Threads                                	32

2024-08-08 22:30:43,974 - INFO - Compressed                             	0

2024-08-08 22:30:43,974 - INFO - Verbosity                              	3

2024-08-08 22:30:43,974 - INFO - Seed substitution matrix               	nucl:nucleotide.out,aa:VTML80.out

2024-08-08 22:30:43,974 - INFO - Sensitivity                            	8.5

2024-08-08 22:30:43,974 - INFO - k-mer length                           	0

2024-08-08 22:30:43,975 - INFO - k-score                                	2147483647

2024-08-08 22:30:43,975 - INFO - Alphabet size                          	nucl:5,aa:21

2024-08-08 22:30:43,975 - INFO - Max results per query                  	300

2024-08-08 22:30:43,975 - INFO - Split database                         	0

2024-08-08 22:30:43,975 - INFO - Split mode                             	2

2024-08-08 22:30:43,975 - INFO - Split memory limit                     	0

2024-08-08 22:30:43,975 - INFO - Diagonal scoring                       	true

2024-08-08 22:30:43,975 - INFO - Exact k-mer matching                   	0

2024-08-08 22:30:43,975 - INFO - Mask residues                          	1

2024-08-08 22:30:43,975 - INFO - Mask lower case residues               	0

2024-08-08 22:30:43,975 - INFO - Minimum diagonal score                 	15

2024-08-08 22:30:43,975 - INFO - Spaced k-mers                          	1

2024-08-08 22:30:43,975 - INFO - Spaced k-mer pattern                   	

2024-08-08 22:30:43,975 - INFO - Local temporary path                   	

2024-08-08 22:30:43,975 - INFO - Rescore mode                           	0

2024-08-08 22:30:43,975 - INFO - Remove hits by seq. id. and coverage   	false

2024-08-08 22:30:43,975 - INFO - Sort results                           	0

2024-08-08 22:30:43,975 - INFO - Mask profile                           	1

2024-08-08 22:30:43,975 - INFO - Profile E-value threshold              	0.1

2024-08-08 22:30:43,975 - INFO - Global sequence weighting              	false

2024-08-08 22:30:43,975 - INFO - Allow deletions                        	false

2024-08-08 22:30:43,975 - INFO - Filter MSA                             	1

2024-08-08 22:30:43,975 - INFO - Maximum seq. id. threshold             	0.9

2024-08-08 22:30:43,976 - INFO - Minimum seq. id.                       	0

2024-08-08 22:30:43,976 - INFO - Minimum score per column               	-20

2024-08-08 22:30:43,976 - INFO - Minimum coverage                       	0

2024-08-08 22:30:43,976 - INFO - Select N most diverse seqs             	1000

2024-08-08 22:30:43,976 - INFO - Min codons in orf                      	30

2024-08-08 22:30:43,976 - INFO - Max codons in length                   	32734

2024-08-08 22:30:43,976 - INFO - Max orf gaps                           	2147483647

2024-08-08 22:30:43,976 - INFO - Contig start mode                      	2

2024-08-08 22:30:43,976 - INFO - Contig end mode                        	2

2024-08-08 22:30:43,976 - INFO - Orf start mode                         	1

2024-08-08 22:30:43,976 - INFO - Forward frames                         	1,2,3

2024-08-08 22:30:43,976 - INFO - Reverse frames                         	1,2,3

2024-08-08 22:30:43,976 - INFO - Translation table                      	1

2024-08-08 22:30:43,976 - INFO - Translate orf                          	0

2024-08-08 22:30:43,976 - INFO - Use all table starts                   	false

2024-08-08 22:30:43,976 - INFO - Offset of numeric ids                  	0

2024-08-08 22:30:43,976 - INFO - Create lookup                          	0

2024-08-08 22:30:43,976 - INFO - Add orf stop                           	false

2024-08-08 22:30:43,976 - INFO - Overlap between sequences              	0

2024-08-08 22:30:43,976 - INFO - Sequence split mode                    	1

2024-08-08 22:30:43,976 - INFO - Header split mode                      	0

2024-08-08 22:30:43,976 - INFO - Chain overlapping alignments           	0

2024-08-08 22:30:43,976 - INFO - Merge query                            	1

2024-08-08 22:30:43,977 - INFO - Search type                            	0

2024-08-08 22:30:43,977 - INFO - Search iterations                      	1

2024-08-08 22:30:43,977 - INFO - Start sensitivity                      	4

2024-08-08 22:30:43,977 - INFO - Search steps                           	1

2024-08-08 22:30:43,977 - INFO - Exhaustive search mode                 	false

2024-08-08 22:30:43,977 - INFO - Filter results during exhaustive search	0

2024-08-08 22:30:43,977 - INFO - Strand selection                       	1

2024-08-08 22:30:43,977 - INFO - LCA search mode                        	false

2024-08-08 22:30:43,977 - INFO - Disk space limit                       	0

2024-08-08 22:30:43,977 - INFO - MPI runner                             	

2024-08-08 22:30:43,977 - INFO - Force restart with latest tmp          	false

2024-08-08 22:30:43,977 - INFO - Remove temporary files                 	false

2024-08-08 22:30:43,977 - INFO - 

2024-08-08 22:30:44,148 - INFO - prefilter /data/yangy34/database/pharokka/phrogs_profile_db phage_pharokka/GCA_015343595.1_707|467-47381/target_dir/target_seqs phage_pharokka/GCA_015343595.1_707|467-47381/tmp_dir//4096228383092970152/pref_0 --sub-mat nucl:nucleotide.out,aa:blosum62.out --seed-sub-mat nucl:nucleotide.out,aa:VTML80.out -k 0 --k-score 2147483647 --alph-size nucl:5,aa:21 --max-seq-len 65535 --max-seqs 300 --split 0 --split-mode 2 --split-memory-limit 0 -c 0 --cov-mode 0 --comp-bias-corr 1 --diag-score 1 --exact-kmer-matching 0 --mask 1 --mask-lower-case 0 --min-ungapped-score 15 --add-self-matches 0 --spaced-kmer-mode 1 --db-load-mode 0 --pca 1 --pcb 1.5 --threads 32 --compressed 0 -v 3 -s 8.5 

2024-08-08 22:30:44,148 - INFO - 

2024-08-08 22:30:44,148 - INFO - Query database size: 38880 type: Profile

2024-08-08 22:30:44,148 - INFO - Estimated memory consumption: 488M

2024-08-08 22:30:44,148 - INFO - Target database size: 73 type: Aminoacid

2024-08-08 22:30:44,148 - INFO - Index table k-mer threshold: 0 at k-mer size 6 

2024-08-08 22:30:44,148 - INFO - Index table: counting k-mers

2024-08-08 22:30:44,278 - INFO - [=================================================================] 73 0s 6ms

2024-08-08 22:30:44,278 - INFO - Index table: Masked residues: 197

2024-08-08 22:30:44,278 - INFO - Index table: fill

2024-08-08 22:30:45,468 - INFO - [=================================================================] 73 0s 4ms

2024-08-08 22:30:45,468 - INFO - Index statistics

2024-08-08 22:30:45,468 - INFO - Entries:          14131

2024-08-08 22:30:45,468 - INFO - DB size:          488 MB

2024-08-08 22:30:45,469 - INFO - Avg k-mer size:   0.000221

2024-08-08 22:30:45,469 - INFO - Top 10 k-mers

2024-08-08 22:30:45,469 - INFO -     LGETDA	2

2024-08-08 22:30:45,469 - INFO -     ESFDKA	2

2024-08-08 22:30:45,469 - INFO -     AFLLRD	2

2024-08-08 22:30:45,469 - INFO -     PVVEGE	2

2024-08-08 22:30:45,469 - INFO -     ERLEIP	2

2024-08-08 22:30:45,469 - INFO -     AVGGLS	2

2024-08-08 22:30:45,469 - INFO -     ELNAAA	1

2024-08-08 22:30:45,469 - INFO -     PESAAA	1

2024-08-08 22:30:45,470 - INFO -     FKTAAA	1

2024-08-08 22:30:45,470 - INFO -     KAVAAA	1

2024-08-08 22:30:45,470 - INFO - Time for index table init: 0h 0m 0s 424ms

2024-08-08 22:30:45,470 - INFO - Process prefiltering step 1 of 1

2024-08-08 22:30:45,470 - INFO - 

2024-08-08 22:30:45,470 - INFO - k-mer similarity threshold: 81

2024-08-08 22:30:45,470 - INFO - Starting prefiltering scores calculation (step 1 of 1)

2024-08-08 22:30:45,470 - INFO - Query db start 1 to 38880

2024-08-08 22:30:45,470 - INFO - Target db start 1 to 73

2024-08-08 22:31:49,804 - INFO - [=================================================================] 38.88K 1m 5s 124ms

2024-08-08 22:31:49,805 - INFO - 

2024-08-08 22:31:49,805 - INFO - 5386.328443 k-mers per position

2024-08-08 22:31:49,805 - INFO - 195 DB matches per sequence

2024-08-08 22:31:49,805 - INFO - 0 overflows

2024-08-08 22:31:49,805 - INFO - 0 queries produce too many hits (truncated result)

2024-08-08 22:31:49,805 - INFO - 4 sequences passed prefiltering per query sequence

2024-08-08 22:31:49,805 - INFO - 3 median result list length

2024-08-08 22:31:49,805 - INFO - 3466 sequences with 0 size result lists

2024-08-08 22:31:49,805 - INFO - Time for merging to pref_0: 0h 0m 0s 23ms

2024-08-08 22:31:49,805 - INFO - Time for processing: 0h 1m 5s 824ms

2024-08-08 22:31:49,922 - INFO - align /data/yangy34/database/pharokka/phrogs_profile_db phage_pharokka/GCA_015343595.1_707|467-47381/target_dir/target_seqs phage_pharokka/GCA_015343595.1_707|467-47381/tmp_dir//4096228383092970152/pref_0 phage_pharokka/GCA_015343595.1_707|467-47381/mmseqs/results_mmseqs --sub-mat nucl:nucleotide.out,aa:blosum62.out -a 0 --alignment-mode 2 --alignment-output-mode 0 --wrapped-scoring 0 -e 1e-05 --min-seq-id 0 --min-aln-len 0 --seq-id-mode 0 --alt-ali 0 -c 0 --cov-mode 0 --max-seq-len 65535 --comp-bias-corr 1 --max-rejected 2147483647 --max-accept 2147483647 --add-self-matches 0 --db-load-mode 0 --pca 1 --pcb 1.5 --score-bias 0 --realign 0 --realign-score-bias -0.2 --realign-max-seqs 2147483647 --gap-open nucl:5,aa:11 --gap-extend nucl:2,aa:1 --zdrop 40 --threads 32 --compressed 0 -v 3 

2024-08-08 22:31:49,922 - INFO - 

2024-08-08 22:31:49,922 - INFO - Compute score and coverage

2024-08-08 22:31:49,922 - INFO - Query database size: 38880 type: Profile

2024-08-08 22:31:49,922 - INFO - Target database size: 73 type: Aminoacid

2024-08-08 22:31:49,922 - INFO - Calculation of alignments

2024-08-08 22:31:50,689 - INFO - [=================================================================] 38.88K 0s 778ms

2024-08-08 22:31:50,689 - INFO - Time for merging to results_mmseqs: 0h 0m 0s 20ms

2024-08-08 22:31:50,689 - INFO - 171123 alignments calculated

2024-08-08 22:31:50,689 - INFO - 129 sequence pairs passed the thresholds (0.000754 of overall calculated)

2024-08-08 22:31:50,689 - INFO - 0.003318 hits per query sequence

2024-08-08 22:31:50,689 - INFO - Time for processing: 0h 0m 0s 875ms

2024-08-08 22:31:50,801 - INFO - createtsv /data/yangy34/database/pharokka/phrogs_profile_db phage_pharokka/GCA_015343595.1_707|467-47381/target_dir/target_seqs phage_pharokka/GCA_015343595.1_707|467-47381/mmseqs/results_mmseqs phage_pharokka/GCA_015343595.1_707|467-47381/mmseqs_results.tsv --full-header --threads 32 

2024-08-08 22:31:50,801 - INFO - 

2024-08-08 22:31:50,801 - INFO - MMseqs Version:                 	13.45111

2024-08-08 22:31:50,801 - INFO - First sequence as representative	false

2024-08-08 22:31:50,801 - INFO - Target column                   	1

2024-08-08 22:31:50,801 - INFO - Add full header                 	true

2024-08-08 22:31:50,801 - INFO - Sequence source                 	0

2024-08-08 22:31:50,801 - INFO - Database output                 	false

2024-08-08 22:31:50,801 - INFO - Threads                         	32

2024-08-08 22:31:50,801 - INFO - Compressed                      	0

2024-08-08 22:31:50,801 - INFO - Verbosity                       	3

2024-08-08 22:31:50,801 - INFO - 

2024-08-08 22:31:50,801 - INFO - Time for merging to mmseqs_results.tsv: 0h 0m 0s 29ms

2024-08-08 22:31:50,801 - INFO - Time for processing: 0h 0m 0s 102ms

2024-08-08 22:31:50,822 - INFO - Running mmseqs2 on CARD.
2024-08-08 22:31:50,886 - INFO - createdb phage_pharokka/GCA_015343595.1_707|467-47381/phanotate_aas_tmp.fasta phage_pharokka/GCA_015343595.1_707|467-47381/CARD_target_dir/target_seqs 

2024-08-08 22:31:50,886 - INFO - 

2024-08-08 22:31:50,886 - INFO - MMseqs Version:       	13.45111

2024-08-08 22:31:50,886 - INFO - Database type         	0

2024-08-08 22:31:50,886 - INFO - Shuffle input database	true

2024-08-08 22:31:50,886 - INFO - Createdb mode         	0

2024-08-08 22:31:50,886 - INFO - Write lookup file     	1

2024-08-08 22:31:50,886 - INFO - Offset of numeric ids 	0

2024-08-08 22:31:50,886 - INFO - Compressed            	0

2024-08-08 22:31:50,886 - INFO - Verbosity             	3

2024-08-08 22:31:50,886 - INFO - 

2024-08-08 22:31:50,886 - INFO - Converting sequences

2024-08-08 22:31:50,886 - INFO - [

2024-08-08 22:31:50,886 - INFO - Time for merging to target_seqs_h: 0h 0m 0s 8ms

2024-08-08 22:31:50,886 - INFO - Time for merging to target_seqs: 0h 0m 0s 22ms

2024-08-08 22:31:50,886 - INFO - Database type: Aminoacid

2024-08-08 22:31:50,886 - INFO - Time for processing: 0h 0m 0s 59ms

2024-08-08 22:31:50,895 - INFO - Create directory phage_pharokka/GCA_015343595.1_707|467-47381/CARD_tmp_dir/

2024-08-08 22:31:50,895 - INFO - search --min-seq-id 0.8 -c 0.4 /data/yangy34/database/pharokka/CARD phage_pharokka/GCA_015343595.1_707|467-47381/CARD_target_dir/target_seqs phage_pharokka/GCA_015343595.1_707|467-47381/CARD/results_CARD phage_pharokka/GCA_015343595.1_707|467-47381/CARD_tmp_dir/ -s 8.5 --threads 32 

2024-08-08 22:31:50,895 - INFO - 

2024-08-08 22:31:50,895 - INFO - MMseqs Version:                        	13.45111

2024-08-08 22:31:50,895 - INFO - Substitution matrix                    	nucl:nucleotide.out,aa:blosum62.out

2024-08-08 22:31:50,896 - INFO - Add backtrace                          	false

2024-08-08 22:31:50,896 - INFO - Alignment mode                         	2

2024-08-08 22:31:50,896 - INFO - Alignment mode                         	0

2024-08-08 22:31:50,896 - INFO - Allow wrapped scoring                  	false

2024-08-08 22:31:50,896 - INFO - E-value threshold                      	0.001

2024-08-08 22:31:50,896 - INFO - Seq. id. threshold                     	0.8

2024-08-08 22:31:50,896 - INFO - Min alignment length                   	0

2024-08-08 22:31:50,896 - INFO - Seq. id. mode                          	0

2024-08-08 22:31:50,896 - INFO - Alternative alignments                 	0

2024-08-08 22:31:50,896 - INFO - Coverage threshold                     	0.4

2024-08-08 22:31:50,896 - INFO - Coverage mode                          	0

2024-08-08 22:31:50,896 - INFO - Max sequence length                    	65535

2024-08-08 22:31:50,896 - INFO - Compositional bias                     	1

2024-08-08 22:31:50,896 - INFO - Max reject                             	2147483647

2024-08-08 22:31:50,896 - INFO - Max accept                             	2147483647

2024-08-08 22:31:50,896 - INFO - Include identical seq. id.             	false

2024-08-08 22:31:50,896 - INFO - Preload mode                           	0

2024-08-08 22:31:50,896 - INFO - Pseudo count a                         	1

2024-08-08 22:31:50,896 - INFO - Pseudo count b                         	1.5

2024-08-08 22:31:50,896 - INFO - Score bias                             	0

2024-08-08 22:31:50,896 - INFO - Realign hits                           	false

2024-08-08 22:31:50,896 - INFO - Realign score bias                     	-0.2

2024-08-08 22:31:50,896 - INFO - Realign max seqs                       	2147483647

2024-08-08 22:31:50,896 - INFO - Gap open cost                          	nucl:5,aa:11

2024-08-08 22:31:50,896 - INFO - Gap extension cost                     	nucl:2,aa:1

2024-08-08 22:31:50,896 - INFO - Zdrop                                  	40

2024-08-08 22:31:50,896 - INFO - Threads                                	32

2024-08-08 22:31:50,897 - INFO - Compressed                             	0

2024-08-08 22:31:50,897 - INFO - Verbosity                              	3

2024-08-08 22:31:50,897 - INFO - Seed substitution matrix               	nucl:nucleotide.out,aa:VTML80.out

2024-08-08 22:31:50,897 - INFO - Sensitivity                            	8.5

2024-08-08 22:31:50,897 - INFO - k-mer length                           	0

2024-08-08 22:31:50,897 - INFO - k-score                                	2147483647

2024-08-08 22:31:50,897 - INFO - Alphabet size                          	nucl:5,aa:21

2024-08-08 22:31:50,897 - INFO - Max results per query                  	300

2024-08-08 22:31:50,897 - INFO - Split database                         	0

2024-08-08 22:31:50,897 - INFO - Split mode                             	2

2024-08-08 22:31:50,897 - INFO - Split memory limit                     	0

2024-08-08 22:31:50,897 - INFO - Diagonal scoring                       	true

2024-08-08 22:31:50,897 - INFO - Exact k-mer matching                   	0

2024-08-08 22:31:50,897 - INFO - Mask residues                          	1

2024-08-08 22:31:50,897 - INFO - Mask lower case residues               	0

2024-08-08 22:31:50,897 - INFO - Minimum diagonal score                 	15

2024-08-08 22:31:50,897 - INFO - Spaced k-mers                          	1

2024-08-08 22:31:50,897 - INFO - Spaced k-mer pattern                   	

2024-08-08 22:31:50,897 - INFO - Local temporary path                   	

2024-08-08 22:31:50,897 - INFO - Rescore mode                           	0

2024-08-08 22:31:50,897 - INFO - Remove hits by seq. id. and coverage   	false

2024-08-08 22:31:50,897 - INFO - Sort results                           	0

2024-08-08 22:31:50,897 - INFO - Mask profile                           	1

2024-08-08 22:31:50,897 - INFO - Profile E-value threshold              	0.1

2024-08-08 22:31:50,897 - INFO - Global sequence weighting              	false

2024-08-08 22:31:50,897 - INFO - Allow deletions                        	false

2024-08-08 22:31:50,897 - INFO - Filter MSA                             	1

2024-08-08 22:31:50,898 - INFO - Maximum seq. id. threshold             	0.9

2024-08-08 22:31:50,898 - INFO - Minimum seq. id.                       	0

2024-08-08 22:31:50,898 - INFO - Minimum score per column               	-20

2024-08-08 22:31:50,898 - INFO - Minimum coverage                       	0

2024-08-08 22:31:50,898 - INFO - Select N most diverse seqs             	1000

2024-08-08 22:31:50,898 - INFO - Min codons in orf                      	30

2024-08-08 22:31:50,898 - INFO - Max codons in length                   	32734

2024-08-08 22:31:50,898 - INFO - Max orf gaps                           	2147483647

2024-08-08 22:31:50,898 - INFO - Contig start mode                      	2

2024-08-08 22:31:50,898 - INFO - Contig end mode                        	2

2024-08-08 22:31:50,898 - INFO - Orf start mode                         	1

2024-08-08 22:31:50,898 - INFO - Forward frames                         	1,2,3

2024-08-08 22:31:50,898 - INFO - Reverse frames                         	1,2,3

2024-08-08 22:31:50,898 - INFO - Translation table                      	1

2024-08-08 22:31:50,898 - INFO - Translate orf                          	0

2024-08-08 22:31:50,898 - INFO - Use all table starts                   	false

2024-08-08 22:31:50,898 - INFO - Offset of numeric ids                  	0

2024-08-08 22:31:50,898 - INFO - Create lookup                          	0

2024-08-08 22:31:50,898 - INFO - Add orf stop                           	false

2024-08-08 22:31:50,898 - INFO - Overlap between sequences              	0

2024-08-08 22:31:50,898 - INFO - Sequence split mode                    	1

2024-08-08 22:31:50,898 - INFO - Header split mode                      	0

2024-08-08 22:31:50,898 - INFO - Chain overlapping alignments           	0

2024-08-08 22:31:50,898 - INFO - Merge query                            	1

2024-08-08 22:31:50,898 - INFO - Search type                            	0

2024-08-08 22:31:50,898 - INFO - Search iterations                      	1

2024-08-08 22:31:50,898 - INFO - Start sensitivity                      	4

2024-08-08 22:31:50,899 - INFO - Search steps                           	1

2024-08-08 22:31:50,899 - INFO - Exhaustive search mode                 	false

2024-08-08 22:31:50,899 - INFO - Filter results during exhaustive search	0

2024-08-08 22:31:50,899 - INFO - Strand selection                       	1

2024-08-08 22:31:50,899 - INFO - LCA search mode                        	false

2024-08-08 22:31:50,899 - INFO - Disk space limit                       	0

2024-08-08 22:31:50,899 - INFO - MPI runner                             	

2024-08-08 22:31:50,899 - INFO - Force restart with latest tmp          	false

2024-08-08 22:31:50,899 - INFO - Remove temporary files                 	false

2024-08-08 22:31:50,899 - INFO - 

2024-08-08 22:31:51,053 - INFO - prefilter /data/yangy34/database/pharokka/CARD phage_pharokka/GCA_015343595.1_707|467-47381/CARD_target_dir/target_seqs phage_pharokka/GCA_015343595.1_707|467-47381/CARD_tmp_dir//8507521012961682946/pref_0 --sub-mat nucl:nucleotide.out,aa:blosum62.out --seed-sub-mat nucl:nucleotide.out,aa:VTML80.out -k 0 --k-score 2147483647 --alph-size nucl:5,aa:21 --max-seq-len 65535 --max-seqs 300 --split 0 --split-mode 2 --split-memory-limit 0 -c 0.4 --cov-mode 0 --comp-bias-corr 1 --diag-score 1 --exact-kmer-matching 0 --mask 1 --mask-lower-case 0 --min-ungapped-score 15 --add-self-matches 0 --spaced-kmer-mode 1 --db-load-mode 0 --pca 1 --pcb 1.5 --threads 32 --compressed 0 -v 3 -s 8.5 

2024-08-08 22:31:51,053 - INFO - 

2024-08-08 22:31:51,053 - INFO - Query database size: 4641 type: Aminoacid

2024-08-08 22:31:51,053 - INFO - Estimated memory consumption: 978M

2024-08-08 22:31:51,053 - INFO - Target database size: 73 type: Aminoacid

2024-08-08 22:31:51,053 - INFO - Index table k-mer threshold: 87 at k-mer size 6 

2024-08-08 22:31:51,053 - INFO - Index table: counting k-mers

2024-08-08 22:31:51,186 - INFO - [=================================================================] 73 0s 8ms

2024-08-08 22:31:51,187 - INFO - Index table: Masked residues: 123

2024-08-08 22:31:51,187 - INFO - Index table: fill

2024-08-08 22:31:51,659 - INFO - [=================================================================] 73 0s 6ms

2024-08-08 22:31:51,659 - INFO - Index statistics

2024-08-08 22:31:51,659 - INFO - Entries:          14194

2024-08-08 22:31:51,659 - INFO - DB size:          488 MB

2024-08-08 22:31:51,659 - INFO - Avg k-mer size:   0.000222

2024-08-08 22:31:51,659 - INFO - Top 10 k-mers

2024-08-08 22:31:51,659 - INFO -     LGETDA	2

2024-08-08 22:31:51,659 - INFO -     ESFDKA	2

2024-08-08 22:31:51,659 - INFO -     LLGGYA	2

2024-08-08 22:31:51,659 - INFO -     AFLLRD	2

2024-08-08 22:31:51,660 - INFO -     PVVEGE	2

2024-08-08 22:31:51,660 - INFO -     ERLEIP	2

2024-08-08 22:31:51,660 - INFO -     AVGGLS	2

2024-08-08 22:31:51,660 - INFO -     PESAAA	1

2024-08-08 22:31:51,660 - INFO -     FKTAAA	1

2024-08-08 22:31:51,660 - INFO -     KAVAAA	1

2024-08-08 22:31:51,660 - INFO - Time for index table init: 0h 0m 0s 435ms

2024-08-08 22:31:51,660 - INFO - Process prefiltering step 1 of 1

2024-08-08 22:31:51,660 - INFO - 

2024-08-08 22:31:51,660 - INFO - k-mer similarity threshold: 87

2024-08-08 22:31:51,660 - INFO - Starting prefiltering scores calculation (step 1 of 1)

2024-08-08 22:31:51,660 - INFO - Query db start 1 to 4641

2024-08-08 22:31:51,660 - INFO - Target db start 1 to 73

2024-08-08 22:32:00,424 - INFO - [=================================================================] 4.64K 8s 817ms

2024-08-08 22:32:00,424 - INFO - 

2024-08-08 22:32:00,424 - INFO - 3883.681631 k-mers per position

2024-08-08 22:32:00,424 - INFO - 293 DB matches per sequence

2024-08-08 22:32:00,425 - INFO - 0 overflows

2024-08-08 22:32:00,425 - INFO - 0 queries produce too many hits (truncated result)

2024-08-08 22:32:00,425 - INFO - 6 sequences passed prefiltering per query sequence

2024-08-08 22:32:00,425 - INFO - 7 median result list length

2024-08-08 22:32:00,425 - INFO - 27 sequences with 0 size result lists

2024-08-08 22:32:00,425 - INFO - Time for merging to pref_0: 0h 0m 0s 8ms

2024-08-08 22:32:00,425 - INFO - Time for processing: 0h 0m 9s 521ms

2024-08-08 22:32:00,447 - INFO - align /data/yangy34/database/pharokka/CARD phage_pharokka/GCA_015343595.1_707|467-47381/CARD_target_dir/target_seqs phage_pharokka/GCA_015343595.1_707|467-47381/CARD_tmp_dir//8507521012961682946/pref_0 phage_pharokka/GCA_015343595.1_707|467-47381/CARD/results_CARD --sub-mat nucl:nucleotide.out,aa:blosum62.out -a 0 --alignment-mode 2 --alignment-output-mode 0 --wrapped-scoring 0 -e 0.001 --min-seq-id 0.8 --min-aln-len 0 --seq-id-mode 0 --alt-ali 0 -c 0.4 --cov-mode 0 --max-seq-len 65535 --comp-bias-corr 1 --max-rejected 2147483647 --max-accept 2147483647 --add-self-matches 0 --db-load-mode 0 --pca 1 --pcb 1.5 --score-bias 0 --realign 0 --realign-score-bias -0.2 --realign-max-seqs 2147483647 --gap-open nucl:5,aa:11 --gap-extend nucl:2,aa:1 --zdrop 40 --threads 32 --compressed 0 -v 3 

2024-08-08 22:32:00,447 - INFO - 

2024-08-08 22:32:00,447 - INFO - Compute score and coverage

2024-08-08 22:32:00,447 - INFO - Query database size: 4641 type: Aminoacid

2024-08-08 22:32:00,447 - INFO - Target database size: 73 type: Aminoacid

2024-08-08 22:32:00,447 - INFO - Calculation of alignments

2024-08-08 22:32:00,514 - INFO - [=================================================================] 4.64K 0s 60ms

2024-08-08 22:32:00,514 - INFO - Time for merging to results_CARD: 0h 0m 0s 9ms

2024-08-08 22:32:00,514 - INFO - 22277 alignments calculated

2024-08-08 22:32:00,514 - INFO - 0 sequence pairs passed the thresholds (0.000000 of overall calculated)

2024-08-08 22:32:00,514 - INFO - 0.000000 hits per query sequence

2024-08-08 22:32:00,514 - INFO - Time for processing: 0h 0m 0s 83ms

2024-08-08 22:32:00,608 - INFO - createtsv /data/yangy34/database/pharokka/CARD phage_pharokka/GCA_015343595.1_707|467-47381/CARD_target_dir/target_seqs phage_pharokka/GCA_015343595.1_707|467-47381/CARD/results_CARD phage_pharokka/GCA_015343595.1_707|467-47381/CARD_results.tsv --full-header --threads 32 

2024-08-08 22:32:00,608 - INFO - 

2024-08-08 22:32:00,608 - INFO - MMseqs Version:                 	13.45111

2024-08-08 22:32:00,608 - INFO - First sequence as representative	false

2024-08-08 22:32:00,608 - INFO - Target column                   	1

2024-08-08 22:32:00,608 - INFO - Add full header                 	true

2024-08-08 22:32:00,608 - INFO - Sequence source                 	0

2024-08-08 22:32:00,608 - INFO - Database output                 	false

2024-08-08 22:32:00,608 - INFO - Threads                         	32

2024-08-08 22:32:00,608 - INFO - Compressed                      	0

2024-08-08 22:32:00,608 - INFO - Verbosity                       	3

2024-08-08 22:32:00,608 - INFO - 

2024-08-08 22:32:00,608 - INFO - Time for merging to CARD_results.tsv: 0h 0m 0s 11ms

2024-08-08 22:32:00,608 - INFO - Time for processing: 0h 0m 0s 88ms

2024-08-08 22:32:00,611 - INFO - Running mmseqs2 on vfdb.
2024-08-08 22:32:00,674 - INFO - createdb phage_pharokka/GCA_015343595.1_707|467-47381/phanotate_aas_tmp.fasta phage_pharokka/GCA_015343595.1_707|467-47381/vfdb_target_dir/target_seqs 

2024-08-08 22:32:00,674 - INFO - 

2024-08-08 22:32:00,674 - INFO - MMseqs Version:       	13.45111

2024-08-08 22:32:00,674 - INFO - Database type         	0

2024-08-08 22:32:00,674 - INFO - Shuffle input database	true

2024-08-08 22:32:00,674 - INFO - Createdb mode         	0

2024-08-08 22:32:00,674 - INFO - Write lookup file     	1

2024-08-08 22:32:00,674 - INFO - Offset of numeric ids 	0

2024-08-08 22:32:00,674 - INFO - Compressed            	0

2024-08-08 22:32:00,675 - INFO - Verbosity             	3

2024-08-08 22:32:00,675 - INFO - 

2024-08-08 22:32:00,675 - INFO - Converting sequences

2024-08-08 22:32:00,675 - INFO - [

2024-08-08 22:32:00,675 - INFO - Time for merging to target_seqs_h: 0h 0m 0s 8ms

2024-08-08 22:32:00,675 - INFO - Time for merging to target_seqs: 0h 0m 0s 21ms

2024-08-08 22:32:00,675 - INFO - Database type: Aminoacid

2024-08-08 22:32:00,675 - INFO - Time for processing: 0h 0m 0s 59ms

2024-08-08 22:32:00,682 - INFO - Create directory phage_pharokka/GCA_015343595.1_707|467-47381/vfdb_tmp_dir/

2024-08-08 22:32:00,682 - INFO - search --min-seq-id 0.8 -c 0.4 /data/yangy34/database/pharokka/vfdb phage_pharokka/GCA_015343595.1_707|467-47381/vfdb_target_dir/target_seqs phage_pharokka/GCA_015343595.1_707|467-47381/vfdb/results_vfdb phage_pharokka/GCA_015343595.1_707|467-47381/vfdb_tmp_dir/ -s 8.5 --threads 32 

2024-08-08 22:32:00,682 - INFO - 

2024-08-08 22:32:00,682 - INFO - MMseqs Version:                        	13.45111

2024-08-08 22:32:00,683 - INFO - Substitution matrix                    	nucl:nucleotide.out,aa:blosum62.out

2024-08-08 22:32:00,683 - INFO - Add backtrace                          	false

2024-08-08 22:32:00,683 - INFO - Alignment mode                         	2

2024-08-08 22:32:00,683 - INFO - Alignment mode                         	0

2024-08-08 22:32:00,683 - INFO - Allow wrapped scoring                  	false

2024-08-08 22:32:00,683 - INFO - E-value threshold                      	0.001

2024-08-08 22:32:00,683 - INFO - Seq. id. threshold                     	0.8

2024-08-08 22:32:00,683 - INFO - Min alignment length                   	0

2024-08-08 22:32:00,683 - INFO - Seq. id. mode                          	0

2024-08-08 22:32:00,683 - INFO - Alternative alignments                 	0

2024-08-08 22:32:00,683 - INFO - Coverage threshold                     	0.4

2024-08-08 22:32:00,683 - INFO - Coverage mode                          	0

2024-08-08 22:32:00,683 - INFO - Max sequence length                    	65535

2024-08-08 22:32:00,683 - INFO - Compositional bias                     	1

2024-08-08 22:32:00,683 - INFO - Max reject                             	2147483647

2024-08-08 22:32:00,683 - INFO - Max accept                             	2147483647

2024-08-08 22:32:00,683 - INFO - Include identical seq. id.             	false

2024-08-08 22:32:00,683 - INFO - Preload mode                           	0

2024-08-08 22:32:00,683 - INFO - Pseudo count a                         	1

2024-08-08 22:32:00,683 - INFO - Pseudo count b                         	1.5

2024-08-08 22:32:00,683 - INFO - Score bias                             	0

2024-08-08 22:32:00,683 - INFO - Realign hits                           	false

2024-08-08 22:32:00,683 - INFO - Realign score bias                     	-0.2

2024-08-08 22:32:00,683 - INFO - Realign max seqs                       	2147483647

2024-08-08 22:32:00,683 - INFO - Gap open cost                          	nucl:5,aa:11

2024-08-08 22:32:00,683 - INFO - Gap extension cost                     	nucl:2,aa:1

2024-08-08 22:32:00,683 - INFO - Zdrop                                  	40

2024-08-08 22:32:00,684 - INFO - Threads                                	32

2024-08-08 22:32:00,684 - INFO - Compressed                             	0

2024-08-08 22:32:00,684 - INFO - Verbosity                              	3

2024-08-08 22:32:00,684 - INFO - Seed substitution matrix               	nucl:nucleotide.out,aa:VTML80.out

2024-08-08 22:32:00,684 - INFO - Sensitivity                            	8.5

2024-08-08 22:32:00,684 - INFO - k-mer length                           	0

2024-08-08 22:32:00,684 - INFO - k-score                                	2147483647

2024-08-08 22:32:00,684 - INFO - Alphabet size                          	nucl:5,aa:21

2024-08-08 22:32:00,684 - INFO - Max results per query                  	300

2024-08-08 22:32:00,684 - INFO - Split database                         	0

2024-08-08 22:32:00,684 - INFO - Split mode                             	2

2024-08-08 22:32:00,684 - INFO - Split memory limit                     	0

2024-08-08 22:32:00,684 - INFO - Diagonal scoring                       	true

2024-08-08 22:32:00,684 - INFO - Exact k-mer matching                   	0

2024-08-08 22:32:00,684 - INFO - Mask residues                          	1

2024-08-08 22:32:00,684 - INFO - Mask lower case residues               	0

2024-08-08 22:32:00,684 - INFO - Minimum diagonal score                 	15

2024-08-08 22:32:00,684 - INFO - Spaced k-mers                          	1

2024-08-08 22:32:00,684 - INFO - Spaced k-mer pattern                   	

2024-08-08 22:32:00,684 - INFO - Local temporary path                   	

2024-08-08 22:32:00,684 - INFO - Rescore mode                           	0

2024-08-08 22:32:00,684 - INFO - Remove hits by seq. id. and coverage   	false

2024-08-08 22:32:00,684 - INFO - Sort results                           	0

2024-08-08 22:32:00,684 - INFO - Mask profile                           	1

2024-08-08 22:32:00,684 - INFO - Profile E-value threshold              	0.1

2024-08-08 22:32:00,684 - INFO - Global sequence weighting              	false

2024-08-08 22:32:00,684 - INFO - Allow deletions                        	false

2024-08-08 22:32:00,684 - INFO - Filter MSA                             	1

2024-08-08 22:32:00,685 - INFO - Maximum seq. id. threshold             	0.9

2024-08-08 22:32:00,685 - INFO - Minimum seq. id.                       	0

2024-08-08 22:32:00,685 - INFO - Minimum score per column               	-20

2024-08-08 22:32:00,685 - INFO - Minimum coverage                       	0

2024-08-08 22:32:00,685 - INFO - Select N most diverse seqs             	1000

2024-08-08 22:32:00,685 - INFO - Min codons in orf                      	30

2024-08-08 22:32:00,685 - INFO - Max codons in length                   	32734

2024-08-08 22:32:00,685 - INFO - Max orf gaps                           	2147483647

2024-08-08 22:32:00,685 - INFO - Contig start mode                      	2

2024-08-08 22:32:00,685 - INFO - Contig end mode                        	2

2024-08-08 22:32:00,685 - INFO - Orf start mode                         	1

2024-08-08 22:32:00,685 - INFO - Forward frames                         	1,2,3

2024-08-08 22:32:00,685 - INFO - Reverse frames                         	1,2,3

2024-08-08 22:32:00,685 - INFO - Translation table                      	1

2024-08-08 22:32:00,685 - INFO - Translate orf                          	0

2024-08-08 22:32:00,685 - INFO - Use all table starts                   	false

2024-08-08 22:32:00,685 - INFO - Offset of numeric ids                  	0

2024-08-08 22:32:00,685 - INFO - Create lookup                          	0

2024-08-08 22:32:00,685 - INFO - Add orf stop                           	false

2024-08-08 22:32:00,685 - INFO - Overlap between sequences              	0

2024-08-08 22:32:00,685 - INFO - Sequence split mode                    	1

2024-08-08 22:32:00,685 - INFO - Header split mode                      	0

2024-08-08 22:32:00,685 - INFO - Chain overlapping alignments           	0

2024-08-08 22:32:00,685 - INFO - Merge query                            	1

2024-08-08 22:32:00,685 - INFO - Search type                            	0

2024-08-08 22:32:00,685 - INFO - Search iterations                      	1

2024-08-08 22:32:00,685 - INFO - Start sensitivity                      	4

2024-08-08 22:32:00,686 - INFO - Search steps                           	1

2024-08-08 22:32:00,686 - INFO - Exhaustive search mode                 	false

2024-08-08 22:32:00,686 - INFO - Filter results during exhaustive search	0

2024-08-08 22:32:00,686 - INFO - Strand selection                       	1

2024-08-08 22:32:00,686 - INFO - LCA search mode                        	false

2024-08-08 22:32:00,686 - INFO - Disk space limit                       	0

2024-08-08 22:32:00,686 - INFO - MPI runner                             	

2024-08-08 22:32:00,686 - INFO - Force restart with latest tmp          	false

2024-08-08 22:32:00,686 - INFO - Remove temporary files                 	false

2024-08-08 22:32:00,686 - INFO - 

2024-08-08 22:32:00,836 - INFO - prefilter /data/yangy34/database/pharokka/vfdb phage_pharokka/GCA_015343595.1_707|467-47381/vfdb_target_dir/target_seqs phage_pharokka/GCA_015343595.1_707|467-47381/vfdb_tmp_dir//8116517877505650015/pref_0 --sub-mat nucl:nucleotide.out,aa:blosum62.out --seed-sub-mat nucl:nucleotide.out,aa:VTML80.out -k 0 --k-score 2147483647 --alph-size nucl:5,aa:21 --max-seq-len 65535 --max-seqs 300 --split 0 --split-mode 2 --split-memory-limit 0 -c 0.4 --cov-mode 0 --comp-bias-corr 1 --diag-score 1 --exact-kmer-matching 0 --mask 1 --mask-lower-case 0 --min-ungapped-score 15 --add-self-matches 0 --spaced-kmer-mode 1 --db-load-mode 0 --pca 1 --pcb 1.5 --threads 32 --compressed 0 -v 3 -s 8.5 

2024-08-08 22:32:00,836 - INFO - 

2024-08-08 22:32:00,836 - INFO - Query database size: 27504 type: Aminoacid

2024-08-08 22:32:00,836 - INFO - Estimated memory consumption: 978M

2024-08-08 22:32:00,836 - INFO - Target database size: 73 type: Aminoacid

2024-08-08 22:32:00,836 - INFO - Index table k-mer threshold: 87 at k-mer size 6 

2024-08-08 22:32:00,836 - INFO - Index table: counting k-mers

2024-08-08 22:32:00,965 - INFO - [=================================================================] 73 0s 9ms

2024-08-08 22:32:00,966 - INFO - Index table: Masked residues: 123

2024-08-08 22:32:00,966 - INFO - Index table: fill

2024-08-08 22:32:02,272 - INFO - [=================================================================] 73 0s 4ms

2024-08-08 22:32:02,272 - INFO - Index statistics

2024-08-08 22:32:02,272 - INFO - Entries:          14194

2024-08-08 22:32:02,272 - INFO - DB size:          488 MB

2024-08-08 22:32:02,272 - INFO - Avg k-mer size:   0.000222

2024-08-08 22:32:02,272 - INFO - Top 10 k-mers

2024-08-08 22:32:02,272 - INFO -     LGETDA	2

2024-08-08 22:32:02,273 - INFO -     ESFDKA	2

2024-08-08 22:32:02,273 - INFO -     LLGGYA	2

2024-08-08 22:32:02,273 - INFO -     AFLLRD	2

2024-08-08 22:32:02,273 - INFO -     PVVEGE	2

2024-08-08 22:32:02,273 - INFO -     ERLEIP	2

2024-08-08 22:32:02,273 - INFO -     AVGGLS	2

2024-08-08 22:32:02,273 - INFO -     PESAAA	1

2024-08-08 22:32:02,273 - INFO -     FKTAAA	1

2024-08-08 22:32:02,273 - INFO -     KAVAAA	1

2024-08-08 22:32:02,273 - INFO - Time for index table init: 0h 0m 0s 430ms

2024-08-08 22:32:02,273 - INFO - Process prefiltering step 1 of 1

2024-08-08 22:32:02,273 - INFO - 

2024-08-08 22:32:02,273 - INFO - k-mer similarity threshold: 87

2024-08-08 22:32:02,273 - INFO - Starting prefiltering scores calculation (step 1 of 1)

2024-08-08 22:32:02,273 - INFO - Query db start 1 to 27504

2024-08-08 22:32:02,273 - INFO - Target db start 1 to 73

2024-08-08 22:33:07,662 - INFO - [=================================================================] 27.50K 1m 5s 908ms

2024-08-08 22:33:07,662 - INFO - 

2024-08-08 22:33:07,662 - INFO - 3159.764157 k-mers per position

2024-08-08 22:33:07,662 - INFO - 371 DB matches per sequence

2024-08-08 22:33:07,662 - INFO - 0 overflows

2024-08-08 22:33:07,662 - INFO - 0 queries produce too many hits (truncated result)

2024-08-08 22:33:07,662 - INFO - 6 sequences passed prefiltering per query sequence

2024-08-08 22:33:07,662 - INFO - 5 median result list length

2024-08-08 22:33:07,662 - INFO - 1398 sequences with 0 size result lists

2024-08-08 22:33:07,662 - INFO - Time for merging to pref_0: 0h 0m 0s 20ms

2024-08-08 22:33:07,662 - INFO - Time for processing: 0h 1m 6s 972ms

2024-08-08 22:33:07,720 - INFO - align /data/yangy34/database/pharokka/vfdb phage_pharokka/GCA_015343595.1_707|467-47381/vfdb_target_dir/target_seqs phage_pharokka/GCA_015343595.1_707|467-47381/vfdb_tmp_dir//8116517877505650015/pref_0 phage_pharokka/GCA_015343595.1_707|467-47381/vfdb/results_vfdb --sub-mat nucl:nucleotide.out,aa:blosum62.out -a 0 --alignment-mode 2 --alignment-output-mode 0 --wrapped-scoring 0 -e 0.001 --min-seq-id 0.8 --min-aln-len 0 --seq-id-mode 0 --alt-ali 0 -c 0.4 --cov-mode 0 --max-seq-len 65535 --comp-bias-corr 1 --max-rejected 2147483647 --max-accept 2147483647 --add-self-matches 0 --db-load-mode 0 --pca 1 --pcb 1.5 --score-bias 0 --realign 0 --realign-score-bias -0.2 --realign-max-seqs 2147483647 --gap-open nucl:5,aa:11 --gap-extend nucl:2,aa:1 --zdrop 40 --threads 32 --compressed 0 -v 3 

2024-08-08 22:33:07,720 - INFO - 

2024-08-08 22:33:07,720 - INFO - Compute score and coverage

2024-08-08 22:33:07,720 - INFO - Query database size: 27504 type: Aminoacid

2024-08-08 22:33:07,720 - INFO - Target database size: 73 type: Aminoacid

2024-08-08 22:33:07,720 - INFO - Calculation of alignments

2024-08-08 22:33:08,153 - INFO - [=================================================================] 27.50K 0s 418ms

2024-08-08 22:33:08,153 - INFO - Time for merging to results_vfdb: 0h 0m 0s 16ms

2024-08-08 22:33:08,153 - INFO - 96614 alignments calculated

2024-08-08 22:33:08,153 - INFO - 0 sequence pairs passed the thresholds (0.000000 of overall calculated)

2024-08-08 22:33:08,153 - INFO - 0.000000 hits per query sequence

2024-08-08 22:33:08,153 - INFO - Time for processing: 0h 0m 0s 478ms

2024-08-08 22:33:08,327 - INFO - createtsv /data/yangy34/database/pharokka/vfdb phage_pharokka/GCA_015343595.1_707|467-47381/vfdb_target_dir/target_seqs phage_pharokka/GCA_015343595.1_707|467-47381/vfdb/results_vfdb phage_pharokka/GCA_015343595.1_707|467-47381/vfdb_results.tsv --full-header --threads 32 

2024-08-08 22:33:08,327 - INFO - 

2024-08-08 22:33:08,327 - INFO - MMseqs Version:                 	13.45111

2024-08-08 22:33:08,327 - INFO - First sequence as representative	false

2024-08-08 22:33:08,327 - INFO - Target column                   	1

2024-08-08 22:33:08,327 - INFO - Add full header                 	true

2024-08-08 22:33:08,327 - INFO - Sequence source                 	0

2024-08-08 22:33:08,327 - INFO - Database output                 	false

2024-08-08 22:33:08,327 - INFO - Threads                         	32

2024-08-08 22:33:08,327 - INFO - Compressed                      	0

2024-08-08 22:33:08,327 - INFO - Verbosity                       	3

2024-08-08 22:33:08,327 - INFO - 

2024-08-08 22:33:08,328 - INFO - Time for merging to vfdb_results.tsv: 0h 0m 0s 20ms

2024-08-08 22:33:08,328 - INFO - Time for processing: 0h 0m 0s 167ms

2024-08-08 22:33:08,350 - INFO - Post Processing Output.
2024-08-08 22:33:08,724 - INFO - Converting gff to genbank.
2024-08-08 22:33:08,748 - WARNING - /gpfs/gsfs12/users/yangy34/softwares/mambaforge/envs/pharokka-env/lib/python3.10/site-packages/Bio/SeqIO/InsdcIO.py:728: BiopythonWarning: Increasing length of locus line to allow long name. This will result in fields that are not in usual positions.
  warnings.warn(

2024-08-08 22:33:08,779 - INFO - Terminase large subunit found.
2024-08-08 22:33:08,784 - INFO - Finding the closest match for each contig in INPHARED using mash.
2024-08-08 22:33:08,836 - INFO - Sketching GCA_015343595.1_53_phages/GCA_015343595.1_707_467_47381_prophage.fasta...

2024-08-08 22:33:08,844 - INFO - Writing to phage_pharokka/GCA_015343595.1_707|467-47381/input_mash_sketch.msh...

2024-08-08 22:33:10,337 - INFO - pharokka has finished
2024-08-08 22:33:10,337 - INFO - Elapsed time: 169.86 seconds
2024-08-08 22:33:10,337 - INFO - If you use pharokka in your research, please cite:
2024-08-08 22:33:10,337 - INFO - George Bouras, Roshan Nepal, Ghais Houtak, Alkis James Psaltis, Peter-John Wormald, Sarah Vreugde.
2024-08-08 22:33:10,337 - INFO - Pharokka: a fast scalable bacteriophage annotation tool.
2024-08-08 22:33:10,337 - INFO - Bioinformatics, Volume 39, Issue 1, January 2023, btac776.
2024-08-08 22:33:10,337 - INFO - https://doi.org/10.1093/bioinformatics/btac776.
2024-08-08 22:33:10,337 - INFO - You should also cite the full list of tools pharokka uses, which can be found at https://github.com/gbouras13/pharokka#citation.
