2024-08-08 22:30:20,500 - INFO - Starting pharokka v1.3.2
2024-08-08 22:30:20,500 - INFO - Input args: Namespace(infile='GCA_015343595.1_53_phages/GCA_015343595.1_880_113_1659_prophage.fasta', outdir='phage_pharokka/GCA_015343595.1_880|113-1659', database='/data/yangy34/database/pharokka', threads='32', force=False, prefix='Default', locustag='Default', gene_predictor='phanotate', meta=False, split=False, coding_table='11', evalue='1E-05', terminase=False, terminase_strand='nothing', terminase_start='nothing', citation=False)
2024-08-08 22:30:20,501 - INFO - Checking database installation.
2024-08-08 22:30:20,524 - INFO - All databases have been successfully checked.
2024-08-08 22:30:20,524 - INFO - Checking dependencies.
2024-08-08 22:30:21,883 - INFO - phan_out version found is v1.5.1.
2024-08-08 22:30:21,883 - INFO - Phanotate version is ok.
2024-08-08 22:30:22,008 - INFO - MMseqs2 version found is v13.45111.
2024-08-08 22:30:22,008 - INFO - MMseqs2 version is ok.
2024-08-08 22:30:22,899 - INFO - tRNAscan-SE version found is v2.45111.11.
2024-08-08 22:30:22,899 - INFO - tRNAscan-SE version is ok.
2024-08-08 22:30:23,395 - INFO - MinCED version found is v0.4.2.
2024-08-08 22:30:23,395 - INFO - MinCED version is ok.
2024-08-08 22:30:23,423 - INFO - ARAGORN version found is v1.2.41.
2024-08-08 22:30:23,423 - INFO - ARAGORN version is ok.
2024-08-08 22:30:23,511 - INFO - mash version found is v2.2.
2024-08-08 22:30:23,512 - INFO - mash version is ok.
2024-08-08 22:30:23,740 - INFO - Running Phanotate.
2024-08-08 22:30:25,754 - INFO - Translating gene predicted fastas.
2024-08-08 22:30:25,784 - INFO - Starting tRNA-scanSE
2024-08-08 22:30:25,921 - INFO - 

2024-08-08 22:30:25,921 - INFO - tRNAscan-SE v.2.0.11 (Oct 2022) - scan sequences for transfer RNAs

2024-08-08 22:30:25,921 - INFO - Copyright (C) 2022 Patricia Chan and Todd Lowe

2024-08-08 22:30:25,921 - INFO -                    University of California Santa Cruz

2024-08-08 22:30:25,922 - INFO - Freely distributed under the GNU General Public License (GPLv3)

2024-08-08 22:30:25,922 - INFO - 

2024-08-08 22:30:25,922 - INFO - ------------------------------------------------------------

2024-08-08 22:30:25,922 - INFO - Sequence file(s) to search:        GCA_015343595.1_53_phages/GCA_015343595.1_880_113_1659_prophage.fasta

2024-08-08 22:30:25,922 - INFO - Search Mode:                       General

2024-08-08 22:30:25,922 - INFO - Results written to:                Standard output

2024-08-08 22:30:25,922 - INFO - Output format:                     Tabular

2024-08-08 22:30:25,922 - INFO - Searching with:                    Infernal single-pass scan

2024-08-08 22:30:25,922 - INFO -                                    Fast mode

2024-08-08 22:30:25,922 - INFO - Covariance model:                  /gpfs/gsfs12/users/yangy34/softwares/mambaforge/envs/pharokka-env/lib/tRNAscan-SE/models/TRNAinf.cm

2024-08-08 22:30:25,922 - INFO - 

2024-08-08 22:30:25,922 - INFO - Temporary directory:               /tmp

2024-08-08 22:30:25,922 - INFO - tRNA predictions saved to:         phage_pharokka/GCA_015343595.1_880|113-1659/trnascan_out.gff

2024-08-08 22:30:25,922 - INFO - ------------------------------------------------------------

2024-08-08 22:30:25,922 - INFO - 

2024-08-08 22:30:26,041 - INFO - No tRNAs found.

2024-08-08 22:30:26,041 - INFO - 

2024-08-08 22:30:26,054 - INFO - Running MinCED.
2024-08-08 22:30:26,229 - INFO - Running Aragorn.
2024-08-08 22:30:26,233 - INFO - Starting MMseqs2.
2024-08-08 22:30:26,233 - INFO - Running MMseqs2 on PHROGs Database.
2024-08-08 22:30:26,354 - INFO - createdb phage_pharokka/GCA_015343595.1_880|113-1659/phanotate_aas_tmp.fasta phage_pharokka/GCA_015343595.1_880|113-1659/target_dir/target_seqs 

2024-08-08 22:30:26,354 - INFO - 

2024-08-08 22:30:26,354 - INFO - MMseqs Version:       	13.45111

2024-08-08 22:30:26,354 - INFO - Database type         	0

2024-08-08 22:30:26,354 - INFO - Shuffle input database	true

2024-08-08 22:30:26,355 - INFO - Createdb mode         	0

2024-08-08 22:30:26,355 - INFO - Write lookup file     	1

2024-08-08 22:30:26,355 - INFO - Offset of numeric ids 	0

2024-08-08 22:30:26,355 - INFO - Compressed            	0

2024-08-08 22:30:26,355 - INFO - Verbosity             	3

2024-08-08 22:30:26,356 - INFO - 

2024-08-08 22:30:26,356 - INFO - Converting sequences

2024-08-08 22:30:26,356 - INFO - [

2024-08-08 22:30:26,356 - INFO - Time for merging to target_seqs_h: 0h 0m 0s 19ms

2024-08-08 22:30:26,356 - INFO - Time for merging to target_seqs: 0h 0m 0s 19ms

2024-08-08 22:30:26,356 - INFO - Database type: Aminoacid

2024-08-08 22:30:26,356 - INFO - Time for processing: 0h 0m 0s 105ms

2024-08-08 22:30:26,366 - INFO - Create directory phage_pharokka/GCA_015343595.1_880|113-1659/tmp_dir/

2024-08-08 22:30:26,366 - INFO - search -e 1E-05 /data/yangy34/database/pharokka/phrogs_profile_db phage_pharokka/GCA_015343595.1_880|113-1659/target_dir/target_seqs phage_pharokka/GCA_015343595.1_880|113-1659/mmseqs/results_mmseqs phage_pharokka/GCA_015343595.1_880|113-1659/tmp_dir/ -s 8.5 --threads 32 

2024-08-08 22:30:26,366 - INFO - 

2024-08-08 22:30:26,366 - INFO - MMseqs Version:                        	13.45111

2024-08-08 22:30:26,366 - INFO - Substitution matrix                    	nucl:nucleotide.out,aa:blosum62.out

2024-08-08 22:30:26,366 - INFO - Add backtrace                          	false

2024-08-08 22:30:26,366 - INFO - Alignment mode                         	2

2024-08-08 22:30:26,366 - INFO - Alignment mode                         	0

2024-08-08 22:30:26,366 - INFO - Allow wrapped scoring                  	false

2024-08-08 22:30:26,366 - INFO - E-value threshold                      	1e-05

2024-08-08 22:30:26,366 - INFO - Seq. id. threshold                     	0

2024-08-08 22:30:26,366 - INFO - Min alignment length                   	0

2024-08-08 22:30:26,366 - INFO - Seq. id. mode                          	0

2024-08-08 22:30:26,366 - INFO - Alternative alignments                 	0

2024-08-08 22:30:26,366 - INFO - Coverage threshold                     	0

2024-08-08 22:30:26,366 - INFO - Coverage mode                          	0

2024-08-08 22:30:26,366 - INFO - Max sequence length                    	65535

2024-08-08 22:30:26,366 - INFO - Compositional bias                     	1

2024-08-08 22:30:26,366 - INFO - Max reject                             	2147483647

2024-08-08 22:30:26,367 - INFO - Max accept                             	2147483647

2024-08-08 22:30:26,367 - INFO - Include identical seq. id.             	false

2024-08-08 22:30:26,367 - INFO - Preload mode                           	0

2024-08-08 22:30:26,367 - INFO - Pseudo count a                         	1

2024-08-08 22:30:26,367 - INFO - Pseudo count b                         	1.5

2024-08-08 22:30:26,367 - INFO - Score bias                             	0

2024-08-08 22:30:26,367 - INFO - Realign hits                           	false

2024-08-08 22:30:26,367 - INFO - Realign score bias                     	-0.2

2024-08-08 22:30:26,367 - INFO - Realign max seqs                       	2147483647

2024-08-08 22:30:26,367 - INFO - Gap open cost                          	nucl:5,aa:11

2024-08-08 22:30:26,367 - INFO - Gap extension cost                     	nucl:2,aa:1

2024-08-08 22:30:26,367 - INFO - Zdrop                                  	40

2024-08-08 22:30:26,367 - INFO - Threads                                	32

2024-08-08 22:30:26,367 - INFO - Compressed                             	0

2024-08-08 22:30:26,367 - INFO - Verbosity                              	3

2024-08-08 22:30:26,367 - INFO - Seed substitution matrix               	nucl:nucleotide.out,aa:VTML80.out

2024-08-08 22:30:26,367 - INFO - Sensitivity                            	8.5

2024-08-08 22:30:26,367 - INFO - k-mer length                           	0

2024-08-08 22:30:26,367 - INFO - k-score                                	2147483647

2024-08-08 22:30:26,367 - INFO - Alphabet size                          	nucl:5,aa:21

2024-08-08 22:30:26,367 - INFO - Max results per query                  	300

2024-08-08 22:30:26,367 - INFO - Split database                         	0

2024-08-08 22:30:26,367 - INFO - Split mode                             	2

2024-08-08 22:30:26,368 - INFO - Split memory limit                     	0

2024-08-08 22:30:26,368 - INFO - Diagonal scoring                       	true

2024-08-08 22:30:26,368 - INFO - Exact k-mer matching                   	0

2024-08-08 22:30:26,368 - INFO - Mask residues                          	1

2024-08-08 22:30:26,368 - INFO - Mask lower case residues               	0

2024-08-08 22:30:26,368 - INFO - Minimum diagonal score                 	15

2024-08-08 22:30:26,368 - INFO - Spaced k-mers                          	1

2024-08-08 22:30:26,368 - INFO - Spaced k-mer pattern                   	

2024-08-08 22:30:26,368 - INFO - Local temporary path                   	

2024-08-08 22:30:26,368 - INFO - Rescore mode                           	0

2024-08-08 22:30:26,368 - INFO - Remove hits by seq. id. and coverage   	false

2024-08-08 22:30:26,368 - INFO - Sort results                           	0

2024-08-08 22:30:26,368 - INFO - Mask profile                           	1

2024-08-08 22:30:26,368 - INFO - Profile E-value threshold              	0.1

2024-08-08 22:30:26,368 - INFO - Global sequence weighting              	false

2024-08-08 22:30:26,368 - INFO - Allow deletions                        	false

2024-08-08 22:30:26,368 - INFO - Filter MSA                             	1

2024-08-08 22:30:26,368 - INFO - Maximum seq. id. threshold             	0.9

2024-08-08 22:30:26,368 - INFO - Minimum seq. id.                       	0

2024-08-08 22:30:26,368 - INFO - Minimum score per column               	-20

2024-08-08 22:30:26,368 - INFO - Minimum coverage                       	0

2024-08-08 22:30:26,368 - INFO - Select N most diverse seqs             	1000

2024-08-08 22:30:26,368 - INFO - Min codons in orf                      	30

2024-08-08 22:30:26,368 - INFO - Max codons in length                   	32734

2024-08-08 22:30:26,369 - INFO - Max orf gaps                           	2147483647

2024-08-08 22:30:26,369 - INFO - Contig start mode                      	2

2024-08-08 22:30:26,369 - INFO - Contig end mode                        	2

2024-08-08 22:30:26,369 - INFO - Orf start mode                         	1

2024-08-08 22:30:26,369 - INFO - Forward frames                         	1,2,3

2024-08-08 22:30:26,369 - INFO - Reverse frames                         	1,2,3

2024-08-08 22:30:26,369 - INFO - Translation table                      	1

2024-08-08 22:30:26,369 - INFO - Translate orf                          	0

2024-08-08 22:30:26,369 - INFO - Use all table starts                   	false

2024-08-08 22:30:26,369 - INFO - Offset of numeric ids                  	0

2024-08-08 22:30:26,369 - INFO - Create lookup                          	0

2024-08-08 22:30:26,369 - INFO - Add orf stop                           	false

2024-08-08 22:30:26,369 - INFO - Overlap between sequences              	0

2024-08-08 22:30:26,369 - INFO - Sequence split mode                    	1

2024-08-08 22:30:26,369 - INFO - Header split mode                      	0

2024-08-08 22:30:26,369 - INFO - Chain overlapping alignments           	0

2024-08-08 22:30:26,369 - INFO - Merge query                            	1

2024-08-08 22:30:26,369 - INFO - Search type                            	0

2024-08-08 22:30:26,369 - INFO - Search iterations                      	1

2024-08-08 22:30:26,369 - INFO - Start sensitivity                      	4

2024-08-08 22:30:26,369 - INFO - Search steps                           	1

2024-08-08 22:30:26,369 - INFO - Exhaustive search mode                 	false

2024-08-08 22:30:26,369 - INFO - Filter results during exhaustive search	0

2024-08-08 22:30:26,369 - INFO - Strand selection                       	1

2024-08-08 22:30:26,370 - INFO - LCA search mode                        	false

2024-08-08 22:30:26,370 - INFO - Disk space limit                       	0

2024-08-08 22:30:26,370 - INFO - MPI runner                             	

2024-08-08 22:30:26,370 - INFO - Force restart with latest tmp          	false

2024-08-08 22:30:26,370 - INFO - Remove temporary files                 	false

2024-08-08 22:30:26,370 - INFO - 

2024-08-08 22:30:26,546 - INFO - prefilter /data/yangy34/database/pharokka/phrogs_profile_db phage_pharokka/GCA_015343595.1_880|113-1659/target_dir/target_seqs phage_pharokka/GCA_015343595.1_880|113-1659/tmp_dir//8379373999081394330/pref_0 --sub-mat nucl:nucleotide.out,aa:blosum62.out --seed-sub-mat nucl:nucleotide.out,aa:VTML80.out -k 0 --k-score 2147483647 --alph-size nucl:5,aa:21 --max-seq-len 65535 --max-seqs 300 --split 0 --split-mode 2 --split-memory-limit 0 -c 0 --cov-mode 0 --comp-bias-corr 1 --diag-score 1 --exact-kmer-matching 0 --mask 1 --mask-lower-case 0 --min-ungapped-score 15 --add-self-matches 0 --spaced-kmer-mode 1 --db-load-mode 0 --pca 1 --pcb 1.5 --threads 32 --compressed 0 -v 3 -s 8.5 

2024-08-08 22:30:26,547 - INFO - 

2024-08-08 22:30:26,547 - INFO - Query database size: 38880 type: Profile

2024-08-08 22:30:26,547 - INFO - Estimated memory consumption: 488M

2024-08-08 22:30:26,547 - INFO - Target database size: 2 type: Aminoacid

2024-08-08 22:30:26,547 - INFO - Index table k-mer threshold: 0 at k-mer size 6 

2024-08-08 22:30:26,547 - INFO - Index table: counting k-mers

2024-08-08 22:30:26,670 - INFO - [=================================================================] 2 0s 2ms

2024-08-08 22:30:26,671 - INFO - Index table: Masked residues: 0

2024-08-08 22:30:26,671 - INFO - Index table: fill

2024-08-08 22:30:27,813 - INFO - [=================================================================] 2 0s 1ms

2024-08-08 22:30:27,813 - INFO - Index statistics

2024-08-08 22:30:27,813 - INFO - Entries:          498

2024-08-08 22:30:27,813 - INFO - DB size:          488 MB

2024-08-08 22:30:27,813 - INFO - Avg k-mer size:   0.000008

2024-08-08 22:30:27,813 - INFO - Top 10 k-mers

2024-08-08 22:30:27,813 - INFO -     KRNEAA	1

2024-08-08 22:30:27,813 - INFO -     NYVIAA	1

2024-08-08 22:30:27,814 - INFO -     FRDLAA	1

2024-08-08 22:30:27,814 - INFO -     HVKYAA	1

2024-08-08 22:30:27,814 - INFO -     QREADA	1

2024-08-08 22:30:27,814 - INFO -     LLHPDA	1

2024-08-08 22:30:27,814 - INFO -     VMDIEA	1

2024-08-08 22:30:27,814 - INFO -     IQGREA	1

2024-08-08 22:30:27,814 - INFO -     LSQLFA	1

2024-08-08 22:30:27,814 - INFO -     TKSLFA	1

2024-08-08 22:30:27,814 - INFO - Time for index table init: 0h 0m 0s 418ms

2024-08-08 22:30:27,814 - INFO - Process prefiltering step 1 of 1

2024-08-08 22:30:27,814 - INFO - 

2024-08-08 22:30:27,814 - INFO - k-mer similarity threshold: 81

2024-08-08 22:30:27,814 - INFO - Starting prefiltering scores calculation (step 1 of 1)

2024-08-08 22:30:27,814 - INFO - Query db start 1 to 38880

2024-08-08 22:30:27,814 - INFO - Target db start 1 to 2

2024-08-08 22:31:30,220 - INFO - [=================================================================] 38.88K 1m 3s 172ms

2024-08-08 22:31:30,220 - INFO - 

2024-08-08 22:31:30,220 - INFO - 5386.328443 k-mers per position

2024-08-08 22:31:30,220 - INFO - 6 DB matches per sequence

2024-08-08 22:31:30,221 - INFO - 0 overflows

2024-08-08 22:31:30,221 - INFO - 0 queries produce too many hits (truncated result)

2024-08-08 22:31:30,221 - INFO - 0 sequences passed prefiltering per query sequence

2024-08-08 22:31:30,221 - INFO - 0 median result list length

2024-08-08 22:31:30,221 - INFO - 33206 sequences with 0 size result lists

2024-08-08 22:31:30,221 - INFO - Time for merging to pref_0: 0h 0m 0s 23ms

2024-08-08 22:31:30,221 - INFO - Time for processing: 0h 1m 3s 846ms

2024-08-08 22:31:30,321 - INFO - align /data/yangy34/database/pharokka/phrogs_profile_db phage_pharokka/GCA_015343595.1_880|113-1659/target_dir/target_seqs phage_pharokka/GCA_015343595.1_880|113-1659/tmp_dir//8379373999081394330/pref_0 phage_pharokka/GCA_015343595.1_880|113-1659/mmseqs/results_mmseqs --sub-mat nucl:nucleotide.out,aa:blosum62.out -a 0 --alignment-mode 2 --alignment-output-mode 0 --wrapped-scoring 0 -e 1e-05 --min-seq-id 0 --min-aln-len 0 --seq-id-mode 0 --alt-ali 0 -c 0 --cov-mode 0 --max-seq-len 65535 --comp-bias-corr 1 --max-rejected 2147483647 --max-accept 2147483647 --add-self-matches 0 --db-load-mode 0 --pca 1 --pcb 1.5 --score-bias 0 --realign 0 --realign-score-bias -0.2 --realign-max-seqs 2147483647 --gap-open nucl:5,aa:11 --gap-extend nucl:2,aa:1 --zdrop 40 --threads 32 --compressed 0 -v 3 

2024-08-08 22:31:30,321 - INFO - 

2024-08-08 22:31:30,322 - INFO - Compute score and coverage

2024-08-08 22:31:30,322 - INFO - Query database size: 38880 type: Profile

2024-08-08 22:31:30,322 - INFO - Target database size: 2 type: Aminoacid

2024-08-08 22:31:30,322 - INFO - Calculation of alignments

2024-08-08 22:31:30,549 - INFO - [=================================================================] 38.88K 0s 214ms

2024-08-08 22:31:30,549 - INFO - Time for merging to results_mmseqs: 0h 0m 0s 22ms

2024-08-08 22:31:30,549 - INFO - 6042 alignments calculated

2024-08-08 22:31:30,549 - INFO - 1 sequence pairs passed the thresholds (0.000166 of overall calculated)

2024-08-08 22:31:30,549 - INFO - 0.000026 hits per query sequence

2024-08-08 22:31:30,550 - INFO - Time for processing: 0h 0m 0s 318ms

2024-08-08 22:31:30,650 - INFO - createtsv /data/yangy34/database/pharokka/phrogs_profile_db phage_pharokka/GCA_015343595.1_880|113-1659/target_dir/target_seqs phage_pharokka/GCA_015343595.1_880|113-1659/mmseqs/results_mmseqs phage_pharokka/GCA_015343595.1_880|113-1659/mmseqs_results.tsv --full-header --threads 32 

2024-08-08 22:31:30,650 - INFO - 

2024-08-08 22:31:30,650 - INFO - MMseqs Version:                 	13.45111

2024-08-08 22:31:30,650 - INFO - First sequence as representative	false

2024-08-08 22:31:30,650 - INFO - Target column                   	1

2024-08-08 22:31:30,650 - INFO - Add full header                 	true

2024-08-08 22:31:30,650 - INFO - Sequence source                 	0

2024-08-08 22:31:30,650 - INFO - Database output                 	false

2024-08-08 22:31:30,650 - INFO - Threads                         	32

2024-08-08 22:31:30,650 - INFO - Compressed                      	0

2024-08-08 22:31:30,650 - INFO - Verbosity                       	3

2024-08-08 22:31:30,650 - INFO - 

2024-08-08 22:31:30,650 - INFO - Time for merging to mmseqs_results.tsv: 0h 0m 0s 29ms

2024-08-08 22:31:30,651 - INFO - Time for processing: 0h 0m 0s 92ms

2024-08-08 22:31:30,672 - INFO - Running mmseqs2 on CARD.
2024-08-08 22:31:30,728 - INFO - createdb phage_pharokka/GCA_015343595.1_880|113-1659/phanotate_aas_tmp.fasta phage_pharokka/GCA_015343595.1_880|113-1659/CARD_target_dir/target_seqs 

2024-08-08 22:31:30,728 - INFO - 

2024-08-08 22:31:30,728 - INFO - MMseqs Version:       	13.45111

2024-08-08 22:31:30,728 - INFO - Database type         	0

2024-08-08 22:31:30,728 - INFO - Shuffle input database	true

2024-08-08 22:31:30,728 - INFO - Createdb mode         	0

2024-08-08 22:31:30,728 - INFO - Write lookup file     	1

2024-08-08 22:31:30,728 - INFO - Offset of numeric ids 	0

2024-08-08 22:31:30,729 - INFO - Compressed            	0

2024-08-08 22:31:30,729 - INFO - Verbosity             	3

2024-08-08 22:31:30,729 - INFO - 

2024-08-08 22:31:30,729 - INFO - Converting sequences

2024-08-08 22:31:30,729 - INFO - [

2024-08-08 22:31:30,729 - INFO - Time for merging to target_seqs_h: 0h 0m 0s 7ms

2024-08-08 22:31:30,729 - INFO - Time for merging to target_seqs: 0h 0m 0s 16ms

2024-08-08 22:31:30,729 - INFO - Database type: Aminoacid

2024-08-08 22:31:30,729 - INFO - Time for processing: 0h 0m 0s 51ms

2024-08-08 22:31:30,736 - INFO - Create directory phage_pharokka/GCA_015343595.1_880|113-1659/CARD_tmp_dir/

2024-08-08 22:31:30,736 - INFO - search --min-seq-id 0.8 -c 0.4 /data/yangy34/database/pharokka/CARD phage_pharokka/GCA_015343595.1_880|113-1659/CARD_target_dir/target_seqs phage_pharokka/GCA_015343595.1_880|113-1659/CARD/results_CARD phage_pharokka/GCA_015343595.1_880|113-1659/CARD_tmp_dir/ -s 8.5 --threads 32 

2024-08-08 22:31:30,736 - INFO - 

2024-08-08 22:31:30,736 - INFO - MMseqs Version:                        	13.45111

2024-08-08 22:31:30,736 - INFO - Substitution matrix                    	nucl:nucleotide.out,aa:blosum62.out

2024-08-08 22:31:30,736 - INFO - Add backtrace                          	false

2024-08-08 22:31:30,736 - INFO - Alignment mode                         	2

2024-08-08 22:31:30,736 - INFO - Alignment mode                         	0

2024-08-08 22:31:30,736 - INFO - Allow wrapped scoring                  	false

2024-08-08 22:31:30,736 - INFO - E-value threshold                      	0.001

2024-08-08 22:31:30,736 - INFO - Seq. id. threshold                     	0.8

2024-08-08 22:31:30,736 - INFO - Min alignment length                   	0

2024-08-08 22:31:30,736 - INFO - Seq. id. mode                          	0

2024-08-08 22:31:30,736 - INFO - Alternative alignments                 	0

2024-08-08 22:31:30,736 - INFO - Coverage threshold                     	0.4

2024-08-08 22:31:30,736 - INFO - Coverage mode                          	0

2024-08-08 22:31:30,736 - INFO - Max sequence length                    	65535

2024-08-08 22:31:30,736 - INFO - Compositional bias                     	1

2024-08-08 22:31:30,736 - INFO - Max reject                             	2147483647

2024-08-08 22:31:30,737 - INFO - Max accept                             	2147483647

2024-08-08 22:31:30,737 - INFO - Include identical seq. id.             	false

2024-08-08 22:31:30,737 - INFO - Preload mode                           	0

2024-08-08 22:31:30,737 - INFO - Pseudo count a                         	1

2024-08-08 22:31:30,737 - INFO - Pseudo count b                         	1.5

2024-08-08 22:31:30,737 - INFO - Score bias                             	0

2024-08-08 22:31:30,737 - INFO - Realign hits                           	false

2024-08-08 22:31:30,737 - INFO - Realign score bias                     	-0.2

2024-08-08 22:31:30,737 - INFO - Realign max seqs                       	2147483647

2024-08-08 22:31:30,737 - INFO - Gap open cost                          	nucl:5,aa:11

2024-08-08 22:31:30,737 - INFO - Gap extension cost                     	nucl:2,aa:1

2024-08-08 22:31:30,737 - INFO - Zdrop                                  	40

2024-08-08 22:31:30,737 - INFO - Threads                                	32

2024-08-08 22:31:30,737 - INFO - Compressed                             	0

2024-08-08 22:31:30,737 - INFO - Verbosity                              	3

2024-08-08 22:31:30,737 - INFO - Seed substitution matrix               	nucl:nucleotide.out,aa:VTML80.out

2024-08-08 22:31:30,737 - INFO - Sensitivity                            	8.5

2024-08-08 22:31:30,737 - INFO - k-mer length                           	0

2024-08-08 22:31:30,737 - INFO - k-score                                	2147483647

2024-08-08 22:31:30,737 - INFO - Alphabet size                          	nucl:5,aa:21

2024-08-08 22:31:30,737 - INFO - Max results per query                  	300

2024-08-08 22:31:30,737 - INFO - Split database                         	0

2024-08-08 22:31:30,737 - INFO - Split mode                             	2

2024-08-08 22:31:30,737 - INFO - Split memory limit                     	0

2024-08-08 22:31:30,738 - INFO - Diagonal scoring                       	true

2024-08-08 22:31:30,738 - INFO - Exact k-mer matching                   	0

2024-08-08 22:31:30,738 - INFO - Mask residues                          	1

2024-08-08 22:31:30,738 - INFO - Mask lower case residues               	0

2024-08-08 22:31:30,738 - INFO - Minimum diagonal score                 	15

2024-08-08 22:31:30,738 - INFO - Spaced k-mers                          	1

2024-08-08 22:31:30,738 - INFO - Spaced k-mer pattern                   	

2024-08-08 22:31:30,738 - INFO - Local temporary path                   	

2024-08-08 22:31:30,738 - INFO - Rescore mode                           	0

2024-08-08 22:31:30,738 - INFO - Remove hits by seq. id. and coverage   	false

2024-08-08 22:31:30,738 - INFO - Sort results                           	0

2024-08-08 22:31:30,738 - INFO - Mask profile                           	1

2024-08-08 22:31:30,738 - INFO - Profile E-value threshold              	0.1

2024-08-08 22:31:30,738 - INFO - Global sequence weighting              	false

2024-08-08 22:31:30,738 - INFO - Allow deletions                        	false

2024-08-08 22:31:30,738 - INFO - Filter MSA                             	1

2024-08-08 22:31:30,738 - INFO - Maximum seq. id. threshold             	0.9

2024-08-08 22:31:30,738 - INFO - Minimum seq. id.                       	0

2024-08-08 22:31:30,738 - INFO - Minimum score per column               	-20

2024-08-08 22:31:30,738 - INFO - Minimum coverage                       	0

2024-08-08 22:31:30,738 - INFO - Select N most diverse seqs             	1000

2024-08-08 22:31:30,738 - INFO - Min codons in orf                      	30

2024-08-08 22:31:30,738 - INFO - Max codons in length                   	32734

2024-08-08 22:31:30,738 - INFO - Max orf gaps                           	2147483647

2024-08-08 22:31:30,739 - INFO - Contig start mode                      	2

2024-08-08 22:31:30,739 - INFO - Contig end mode                        	2

2024-08-08 22:31:30,739 - INFO - Orf start mode                         	1

2024-08-08 22:31:30,739 - INFO - Forward frames                         	1,2,3

2024-08-08 22:31:30,739 - INFO - Reverse frames                         	1,2,3

2024-08-08 22:31:30,739 - INFO - Translation table                      	1

2024-08-08 22:31:30,739 - INFO - Translate orf                          	0

2024-08-08 22:31:30,739 - INFO - Use all table starts                   	false

2024-08-08 22:31:30,739 - INFO - Offset of numeric ids                  	0

2024-08-08 22:31:30,739 - INFO - Create lookup                          	0

2024-08-08 22:31:30,739 - INFO - Add orf stop                           	false

2024-08-08 22:31:30,739 - INFO - Overlap between sequences              	0

2024-08-08 22:31:30,739 - INFO - Sequence split mode                    	1

2024-08-08 22:31:30,739 - INFO - Header split mode                      	0

2024-08-08 22:31:30,739 - INFO - Chain overlapping alignments           	0

2024-08-08 22:31:30,739 - INFO - Merge query                            	1

2024-08-08 22:31:30,739 - INFO - Search type                            	0

2024-08-08 22:31:30,739 - INFO - Search iterations                      	1

2024-08-08 22:31:30,739 - INFO - Start sensitivity                      	4

2024-08-08 22:31:30,739 - INFO - Search steps                           	1

2024-08-08 22:31:30,739 - INFO - Exhaustive search mode                 	false

2024-08-08 22:31:30,739 - INFO - Filter results during exhaustive search	0

2024-08-08 22:31:30,739 - INFO - Strand selection                       	1

2024-08-08 22:31:30,739 - INFO - LCA search mode                        	false

2024-08-08 22:31:30,740 - INFO - Disk space limit                       	0

2024-08-08 22:31:30,740 - INFO - MPI runner                             	

2024-08-08 22:31:30,740 - INFO - Force restart with latest tmp          	false

2024-08-08 22:31:30,740 - INFO - Remove temporary files                 	false

2024-08-08 22:31:30,740 - INFO - 

2024-08-08 22:31:30,887 - INFO - prefilter /data/yangy34/database/pharokka/CARD phage_pharokka/GCA_015343595.1_880|113-1659/CARD_target_dir/target_seqs phage_pharokka/GCA_015343595.1_880|113-1659/CARD_tmp_dir//8705852058084900270/pref_0 --sub-mat nucl:nucleotide.out,aa:blosum62.out --seed-sub-mat nucl:nucleotide.out,aa:VTML80.out -k 0 --k-score 2147483647 --alph-size nucl:5,aa:21 --max-seq-len 65535 --max-seqs 300 --split 0 --split-mode 2 --split-memory-limit 0 -c 0.4 --cov-mode 0 --comp-bias-corr 1 --diag-score 1 --exact-kmer-matching 0 --mask 1 --mask-lower-case 0 --min-ungapped-score 15 --add-self-matches 0 --spaced-kmer-mode 1 --db-load-mode 0 --pca 1 --pcb 1.5 --threads 32 --compressed 0 -v 3 -s 8.5 

2024-08-08 22:31:30,887 - INFO - 

2024-08-08 22:31:30,887 - INFO - Query database size: 4641 type: Aminoacid

2024-08-08 22:31:30,887 - INFO - Estimated memory consumption: 977M

2024-08-08 22:31:30,887 - INFO - Target database size: 2 type: Aminoacid

2024-08-08 22:31:30,887 - INFO - Index table k-mer threshold: 87 at k-mer size 6 

2024-08-08 22:31:30,887 - INFO - Index table: counting k-mers

2024-08-08 22:31:31,011 - INFO - [=================================================================] 2 0s 4ms

2024-08-08 22:31:31,012 - INFO - Index table: Masked residues: 0

2024-08-08 22:31:31,012 - INFO - Index table: fill

2024-08-08 22:31:31,461 - INFO - [=================================================================] 2 0s 1ms

2024-08-08 22:31:31,461 - INFO - Index statistics

2024-08-08 22:31:31,461 - INFO - Entries:          498

2024-08-08 22:31:31,461 - INFO - DB size:          488 MB

2024-08-08 22:31:31,461 - INFO - Avg k-mer size:   0.000008

2024-08-08 22:31:31,461 - INFO - Top 10 k-mers

2024-08-08 22:31:31,462 - INFO -     KRNEAA	1

2024-08-08 22:31:31,462 - INFO -     NYVIAA	1

2024-08-08 22:31:31,462 - INFO -     FRDLAA	1

2024-08-08 22:31:31,462 - INFO -     HVKYAA	1

2024-08-08 22:31:31,462 - INFO -     QREADA	1

2024-08-08 22:31:31,462 - INFO -     LLHPDA	1

2024-08-08 22:31:31,462 - INFO -     VMDIEA	1

2024-08-08 22:31:31,462 - INFO -     IQGREA	1

2024-08-08 22:31:31,462 - INFO -     LSQLFA	1

2024-08-08 22:31:31,462 - INFO -     TKSLFA	1

2024-08-08 22:31:31,462 - INFO - Time for index table init: 0h 0m 0s 422ms

2024-08-08 22:31:31,462 - INFO - Process prefiltering step 1 of 1

2024-08-08 22:31:31,462 - INFO - 

2024-08-08 22:31:31,462 - INFO - k-mer similarity threshold: 87

2024-08-08 22:31:31,462 - INFO - Starting prefiltering scores calculation (step 1 of 1)

2024-08-08 22:31:31,462 - INFO - Query db start 1 to 4641

2024-08-08 22:31:31,463 - INFO - Target db start 1 to 2

2024-08-08 22:31:40,018 - INFO - [=================================================================] 4.64K 8s 612ms

2024-08-08 22:31:40,019 - INFO - 

2024-08-08 22:31:40,019 - INFO - 3883.681631 k-mers per position

2024-08-08 22:31:40,019 - INFO - 9 DB matches per sequence

2024-08-08 22:31:40,019 - INFO - 0 overflows

2024-08-08 22:31:40,019 - INFO - 0 queries produce too many hits (truncated result)

2024-08-08 22:31:40,019 - INFO - 0 sequences passed prefiltering per query sequence

2024-08-08 22:31:40,019 - INFO - 0 median result list length

2024-08-08 22:31:40,019 - INFO - 3670 sequences with 0 size result lists

2024-08-08 22:31:40,019 - INFO - Time for merging to pref_0: 0h 0m 0s 11ms

2024-08-08 22:31:40,019 - INFO - Time for processing: 0h 0m 9s 274ms

2024-08-08 22:31:40,040 - INFO - align /data/yangy34/database/pharokka/CARD phage_pharokka/GCA_015343595.1_880|113-1659/CARD_target_dir/target_seqs phage_pharokka/GCA_015343595.1_880|113-1659/CARD_tmp_dir//8705852058084900270/pref_0 phage_pharokka/GCA_015343595.1_880|113-1659/CARD/results_CARD --sub-mat nucl:nucleotide.out,aa:blosum62.out -a 0 --alignment-mode 2 --alignment-output-mode 0 --wrapped-scoring 0 -e 0.001 --min-seq-id 0.8 --min-aln-len 0 --seq-id-mode 0 --alt-ali 0 -c 0.4 --cov-mode 0 --max-seq-len 65535 --comp-bias-corr 1 --max-rejected 2147483647 --max-accept 2147483647 --add-self-matches 0 --db-load-mode 0 --pca 1 --pcb 1.5 --score-bias 0 --realign 0 --realign-score-bias -0.2 --realign-max-seqs 2147483647 --gap-open nucl:5,aa:11 --gap-extend nucl:2,aa:1 --zdrop 40 --threads 32 --compressed 0 -v 3 

2024-08-08 22:31:40,040 - INFO - 

2024-08-08 22:31:40,040 - INFO - Compute score and coverage

2024-08-08 22:31:40,040 - INFO - Query database size: 4641 type: Aminoacid

2024-08-08 22:31:40,041 - INFO - Target database size: 2 type: Aminoacid

2024-08-08 22:31:40,041 - INFO - Calculation of alignments

2024-08-08 22:31:40,059 - INFO - [=================================================================] 4.64K 0s 9ms

2024-08-08 22:31:40,059 - INFO - Time for merging to results_CARD: 0h 0m 0s 10ms

2024-08-08 22:31:40,059 - INFO - 337 alignments calculated

2024-08-08 22:31:40,059 - INFO - 0 sequence pairs passed the thresholds (0.000000 of overall calculated)

2024-08-08 22:31:40,059 - INFO - 0.000000 hits per query sequence

2024-08-08 22:31:40,059 - INFO - Time for processing: 0h 0m 0s 33ms

2024-08-08 22:31:40,114 - INFO - createtsv /data/yangy34/database/pharokka/CARD phage_pharokka/GCA_015343595.1_880|113-1659/CARD_target_dir/target_seqs phage_pharokka/GCA_015343595.1_880|113-1659/CARD/results_CARD phage_pharokka/GCA_015343595.1_880|113-1659/CARD_results.tsv --full-header --threads 32 

2024-08-08 22:31:40,114 - INFO - 

2024-08-08 22:31:40,114 - INFO - MMseqs Version:                 	13.45111

2024-08-08 22:31:40,115 - INFO - First sequence as representative	false

2024-08-08 22:31:40,115 - INFO - Target column                   	1

2024-08-08 22:31:40,115 - INFO - Add full header                 	true

2024-08-08 22:31:40,115 - INFO - Sequence source                 	0

2024-08-08 22:31:40,115 - INFO - Database output                 	false

2024-08-08 22:31:40,115 - INFO - Threads                         	32

2024-08-08 22:31:40,115 - INFO - Compressed                      	0

2024-08-08 22:31:40,115 - INFO - Verbosity                       	3

2024-08-08 22:31:40,115 - INFO - 

2024-08-08 22:31:40,115 - INFO - Time for merging to CARD_results.tsv: 0h 0m 0s 11ms

2024-08-08 22:31:40,115 - INFO - Time for processing: 0h 0m 0s 50ms

2024-08-08 22:31:40,119 - INFO - Running mmseqs2 on vfdb.
2024-08-08 22:31:40,216 - INFO - createdb phage_pharokka/GCA_015343595.1_880|113-1659/phanotate_aas_tmp.fasta phage_pharokka/GCA_015343595.1_880|113-1659/vfdb_target_dir/target_seqs 

2024-08-08 22:31:40,216 - INFO - 

2024-08-08 22:31:40,217 - INFO - MMseqs Version:       	13.45111

2024-08-08 22:31:40,217 - INFO - Database type         	0

2024-08-08 22:31:40,217 - INFO - Shuffle input database	true

2024-08-08 22:31:40,217 - INFO - Createdb mode         	0

2024-08-08 22:31:40,217 - INFO - Write lookup file     	1

2024-08-08 22:31:40,217 - INFO - Offset of numeric ids 	0

2024-08-08 22:31:40,217 - INFO - Compressed            	0

2024-08-08 22:31:40,217 - INFO - Verbosity             	3

2024-08-08 22:31:40,217 - INFO - 

2024-08-08 22:31:40,217 - INFO - Converting sequences

2024-08-08 22:31:40,217 - INFO - [

2024-08-08 22:31:40,217 - INFO - Time for merging to target_seqs_h: 0h 0m 0s 6ms

2024-08-08 22:31:40,217 - INFO - Time for merging to target_seqs: 0h 0m 0s 17ms

2024-08-08 22:31:40,217 - INFO - Database type: Aminoacid

2024-08-08 22:31:40,217 - INFO - Time for processing: 0h 0m 0s 92ms

2024-08-08 22:31:40,227 - INFO - Create directory phage_pharokka/GCA_015343595.1_880|113-1659/vfdb_tmp_dir/

2024-08-08 22:31:40,227 - INFO - search --min-seq-id 0.8 -c 0.4 /data/yangy34/database/pharokka/vfdb phage_pharokka/GCA_015343595.1_880|113-1659/vfdb_target_dir/target_seqs phage_pharokka/GCA_015343595.1_880|113-1659/vfdb/results_vfdb phage_pharokka/GCA_015343595.1_880|113-1659/vfdb_tmp_dir/ -s 8.5 --threads 32 

2024-08-08 22:31:40,227 - INFO - 

2024-08-08 22:31:40,227 - INFO - MMseqs Version:                        	13.45111

2024-08-08 22:31:40,227 - INFO - Substitution matrix                    	nucl:nucleotide.out,aa:blosum62.out

2024-08-08 22:31:40,227 - INFO - Add backtrace                          	false

2024-08-08 22:31:40,227 - INFO - Alignment mode                         	2

2024-08-08 22:31:40,227 - INFO - Alignment mode                         	0

2024-08-08 22:31:40,227 - INFO - Allow wrapped scoring                  	false

2024-08-08 22:31:40,227 - INFO - E-value threshold                      	0.001

2024-08-08 22:31:40,227 - INFO - Seq. id. threshold                     	0.8

2024-08-08 22:31:40,227 - INFO - Min alignment length                   	0

2024-08-08 22:31:40,227 - INFO - Seq. id. mode                          	0

2024-08-08 22:31:40,227 - INFO - Alternative alignments                 	0

2024-08-08 22:31:40,227 - INFO - Coverage threshold                     	0.4

2024-08-08 22:31:40,227 - INFO - Coverage mode                          	0

2024-08-08 22:31:40,227 - INFO - Max sequence length                    	65535

2024-08-08 22:31:40,227 - INFO - Compositional bias                     	1

2024-08-08 22:31:40,228 - INFO - Max reject                             	2147483647

2024-08-08 22:31:40,228 - INFO - Max accept                             	2147483647

2024-08-08 22:31:40,228 - INFO - Include identical seq. id.             	false

2024-08-08 22:31:40,228 - INFO - Preload mode                           	0

2024-08-08 22:31:40,228 - INFO - Pseudo count a                         	1

2024-08-08 22:31:40,228 - INFO - Pseudo count b                         	1.5

2024-08-08 22:31:40,228 - INFO - Score bias                             	0

2024-08-08 22:31:40,228 - INFO - Realign hits                           	false

2024-08-08 22:31:40,228 - INFO - Realign score bias                     	-0.2

2024-08-08 22:31:40,228 - INFO - Realign max seqs                       	2147483647

2024-08-08 22:31:40,228 - INFO - Gap open cost                          	nucl:5,aa:11

2024-08-08 22:31:40,228 - INFO - Gap extension cost                     	nucl:2,aa:1

2024-08-08 22:31:40,228 - INFO - Zdrop                                  	40

2024-08-08 22:31:40,228 - INFO - Threads                                	32

2024-08-08 22:31:40,228 - INFO - Compressed                             	0

2024-08-08 22:31:40,228 - INFO - Verbosity                              	3

2024-08-08 22:31:40,228 - INFO - Seed substitution matrix               	nucl:nucleotide.out,aa:VTML80.out

2024-08-08 22:31:40,228 - INFO - Sensitivity                            	8.5

2024-08-08 22:31:40,228 - INFO - k-mer length                           	0

2024-08-08 22:31:40,228 - INFO - k-score                                	2147483647

2024-08-08 22:31:40,228 - INFO - Alphabet size                          	nucl:5,aa:21

2024-08-08 22:31:40,228 - INFO - Max results per query                  	300

2024-08-08 22:31:40,228 - INFO - Split database                         	0

2024-08-08 22:31:40,229 - INFO - Split mode                             	2

2024-08-08 22:31:40,229 - INFO - Split memory limit                     	0

2024-08-08 22:31:40,229 - INFO - Diagonal scoring                       	true

2024-08-08 22:31:40,229 - INFO - Exact k-mer matching                   	0

2024-08-08 22:31:40,229 - INFO - Mask residues                          	1

2024-08-08 22:31:40,229 - INFO - Mask lower case residues               	0

2024-08-08 22:31:40,229 - INFO - Minimum diagonal score                 	15

2024-08-08 22:31:40,229 - INFO - Spaced k-mers                          	1

2024-08-08 22:31:40,229 - INFO - Spaced k-mer pattern                   	

2024-08-08 22:31:40,229 - INFO - Local temporary path                   	

2024-08-08 22:31:40,229 - INFO - Rescore mode                           	0

2024-08-08 22:31:40,229 - INFO - Remove hits by seq. id. and coverage   	false

2024-08-08 22:31:40,229 - INFO - Sort results                           	0

2024-08-08 22:31:40,229 - INFO - Mask profile                           	1

2024-08-08 22:31:40,229 - INFO - Profile E-value threshold              	0.1

2024-08-08 22:31:40,229 - INFO - Global sequence weighting              	false

2024-08-08 22:31:40,229 - INFO - Allow deletions                        	false

2024-08-08 22:31:40,229 - INFO - Filter MSA                             	1

2024-08-08 22:31:40,229 - INFO - Maximum seq. id. threshold             	0.9

2024-08-08 22:31:40,229 - INFO - Minimum seq. id.                       	0

2024-08-08 22:31:40,229 - INFO - Minimum score per column               	-20

2024-08-08 22:31:40,229 - INFO - Minimum coverage                       	0

2024-08-08 22:31:40,229 - INFO - Select N most diverse seqs             	1000

2024-08-08 22:31:40,229 - INFO - Min codons in orf                      	30

2024-08-08 22:31:40,229 - INFO - Max codons in length                   	32734

2024-08-08 22:31:40,230 - INFO - Max orf gaps                           	2147483647

2024-08-08 22:31:40,230 - INFO - Contig start mode                      	2

2024-08-08 22:31:40,230 - INFO - Contig end mode                        	2

2024-08-08 22:31:40,230 - INFO - Orf start mode                         	1

2024-08-08 22:31:40,230 - INFO - Forward frames                         	1,2,3

2024-08-08 22:31:40,230 - INFO - Reverse frames                         	1,2,3

2024-08-08 22:31:40,230 - INFO - Translation table                      	1

2024-08-08 22:31:40,230 - INFO - Translate orf                          	0

2024-08-08 22:31:40,230 - INFO - Use all table starts                   	false

2024-08-08 22:31:40,230 - INFO - Offset of numeric ids                  	0

2024-08-08 22:31:40,230 - INFO - Create lookup                          	0

2024-08-08 22:31:40,230 - INFO - Add orf stop                           	false

2024-08-08 22:31:40,230 - INFO - Overlap between sequences              	0

2024-08-08 22:31:40,230 - INFO - Sequence split mode                    	1

2024-08-08 22:31:40,230 - INFO - Header split mode                      	0

2024-08-08 22:31:40,230 - INFO - Chain overlapping alignments           	0

2024-08-08 22:31:40,230 - INFO - Merge query                            	1

2024-08-08 22:31:40,230 - INFO - Search type                            	0

2024-08-08 22:31:40,230 - INFO - Search iterations                      	1

2024-08-08 22:31:40,230 - INFO - Start sensitivity                      	4

2024-08-08 22:31:40,230 - INFO - Search steps                           	1

2024-08-08 22:31:40,230 - INFO - Exhaustive search mode                 	false

2024-08-08 22:31:40,230 - INFO - Filter results during exhaustive search	0

2024-08-08 22:31:40,230 - INFO - Strand selection                       	1

2024-08-08 22:31:40,231 - INFO - LCA search mode                        	false

2024-08-08 22:31:40,231 - INFO - Disk space limit                       	0

2024-08-08 22:31:40,231 - INFO - MPI runner                             	

2024-08-08 22:31:40,231 - INFO - Force restart with latest tmp          	false

2024-08-08 22:31:40,231 - INFO - Remove temporary files                 	false

2024-08-08 22:31:40,231 - INFO - 

2024-08-08 22:31:40,380 - INFO - prefilter /data/yangy34/database/pharokka/vfdb phage_pharokka/GCA_015343595.1_880|113-1659/vfdb_target_dir/target_seqs phage_pharokka/GCA_015343595.1_880|113-1659/vfdb_tmp_dir//6923775880094347866/pref_0 --sub-mat nucl:nucleotide.out,aa:blosum62.out --seed-sub-mat nucl:nucleotide.out,aa:VTML80.out -k 0 --k-score 2147483647 --alph-size nucl:5,aa:21 --max-seq-len 65535 --max-seqs 300 --split 0 --split-mode 2 --split-memory-limit 0 -c 0.4 --cov-mode 0 --comp-bias-corr 1 --diag-score 1 --exact-kmer-matching 0 --mask 1 --mask-lower-case 0 --min-ungapped-score 15 --add-self-matches 0 --spaced-kmer-mode 1 --db-load-mode 0 --pca 1 --pcb 1.5 --threads 32 --compressed 0 -v 3 -s 8.5 

2024-08-08 22:31:40,380 - INFO - 

2024-08-08 22:31:40,380 - INFO - Query database size: 27504 type: Aminoacid

2024-08-08 22:31:40,380 - INFO - Estimated memory consumption: 977M

2024-08-08 22:31:40,380 - INFO - Target database size: 2 type: Aminoacid

2024-08-08 22:31:40,380 - INFO - Index table k-mer threshold: 87 at k-mer size 6 

2024-08-08 22:31:40,380 - INFO - Index table: counting k-mers

2024-08-08 22:31:40,506 - INFO - [=================================================================] 2 0s 3ms

2024-08-08 22:31:40,506 - INFO - Index table: Masked residues: 0

2024-08-08 22:31:40,506 - INFO - Index table: fill

2024-08-08 22:31:41,768 - INFO - [=================================================================] 2 0s 2ms

2024-08-08 22:31:41,768 - INFO - Index statistics

2024-08-08 22:31:41,769 - INFO - Entries:          498

2024-08-08 22:31:41,769 - INFO - DB size:          488 MB

2024-08-08 22:31:41,769 - INFO - Avg k-mer size:   0.000008

2024-08-08 22:31:41,769 - INFO - Top 10 k-mers

2024-08-08 22:31:41,769 - INFO -     KRNEAA	1

2024-08-08 22:31:41,769 - INFO -     NYVIAA	1

2024-08-08 22:31:41,769 - INFO -     FRDLAA	1

2024-08-08 22:31:41,769 - INFO -     HVKYAA	1

2024-08-08 22:31:41,769 - INFO -     QREADA	1

2024-08-08 22:31:41,769 - INFO -     LLHPDA	1

2024-08-08 22:31:41,769 - INFO -     VMDIEA	1

2024-08-08 22:31:41,769 - INFO -     IQGREA	1

2024-08-08 22:31:41,769 - INFO -     LSQLFA	1

2024-08-08 22:31:41,769 - INFO -     TKSLFA	1

2024-08-08 22:31:41,769 - INFO - Time for index table init: 0h 0m 0s 422ms

2024-08-08 22:31:41,770 - INFO - Process prefiltering step 1 of 1

2024-08-08 22:31:41,770 - INFO - 

2024-08-08 22:31:41,770 - INFO - k-mer similarity threshold: 87

2024-08-08 22:31:41,770 - INFO - Starting prefiltering scores calculation (step 1 of 1)

2024-08-08 22:31:41,770 - INFO - Query db start 1 to 27504

2024-08-08 22:31:41,770 - INFO - Target db start 1 to 2

2024-08-08 22:32:44,684 - INFO - [=================================================================] 27.50K 1m 3s 406ms

2024-08-08 22:32:44,685 - INFO - 

2024-08-08 22:32:44,685 - INFO - 3159.764157 k-mers per position

2024-08-08 22:32:44,685 - INFO - 13 DB matches per sequence

2024-08-08 22:32:44,685 - INFO - 0 overflows

2024-08-08 22:32:44,685 - INFO - 0 queries produce too many hits (truncated result)

2024-08-08 22:32:44,685 - INFO - 0 sequences passed prefiltering per query sequence

2024-08-08 22:32:44,685 - INFO - 0 median result list length

2024-08-08 22:32:44,685 - INFO - 21460 sequences with 0 size result lists

2024-08-08 22:32:44,685 - INFO - Time for merging to pref_0: 0h 0m 0s 19ms

2024-08-08 22:32:44,685 - INFO - Time for processing: 0h 1m 4s 450ms

2024-08-08 22:32:44,726 - INFO - align /data/yangy34/database/pharokka/vfdb phage_pharokka/GCA_015343595.1_880|113-1659/vfdb_target_dir/target_seqs phage_pharokka/GCA_015343595.1_880|113-1659/vfdb_tmp_dir//6923775880094347866/pref_0 phage_pharokka/GCA_015343595.1_880|113-1659/vfdb/results_vfdb --sub-mat nucl:nucleotide.out,aa:blosum62.out -a 0 --alignment-mode 2 --alignment-output-mode 0 --wrapped-scoring 0 -e 0.001 --min-seq-id 0.8 --min-aln-len 0 --seq-id-mode 0 --alt-ali 0 -c 0.4 --cov-mode 0 --max-seq-len 65535 --comp-bias-corr 1 --max-rejected 2147483647 --max-accept 2147483647 --add-self-matches 0 --db-load-mode 0 --pca 1 --pcb 1.5 --score-bias 0 --realign 0 --realign-score-bias -0.2 --realign-max-seqs 2147483647 --gap-open nucl:5,aa:11 --gap-extend nucl:2,aa:1 --zdrop 40 --threads 32 --compressed 0 -v 3 

2024-08-08 22:32:44,726 - INFO - 

2024-08-08 22:32:44,726 - INFO - Compute score and coverage

2024-08-08 22:32:44,726 - INFO - Query database size: 27504 type: Aminoacid

2024-08-08 22:32:44,726 - INFO - Target database size: 2 type: Aminoacid

2024-08-08 22:32:44,726 - INFO - Calculation of alignments

2024-08-08 22:32:44,794 - INFO - [=================================================================] 27.50K 0s 41ms

2024-08-08 22:32:44,794 - INFO - Time for merging to results_vfdb: 0h 0m 0s 20ms

2024-08-08 22:32:44,794 - INFO - 4106 alignments calculated

2024-08-08 22:32:44,794 - INFO - 0 sequence pairs passed the thresholds (0.000000 of overall calculated)

2024-08-08 22:32:44,795 - INFO - 0.000000 hits per query sequence

2024-08-08 22:32:44,795 - INFO - Time for processing: 0h 0m 0s 102ms

2024-08-08 22:32:44,910 - INFO - createtsv /data/yangy34/database/pharokka/vfdb phage_pharokka/GCA_015343595.1_880|113-1659/vfdb_target_dir/target_seqs phage_pharokka/GCA_015343595.1_880|113-1659/vfdb/results_vfdb phage_pharokka/GCA_015343595.1_880|113-1659/vfdb_results.tsv --full-header --threads 32 

2024-08-08 22:32:44,910 - INFO - 

2024-08-08 22:32:44,910 - INFO - MMseqs Version:                 	13.45111

2024-08-08 22:32:44,910 - INFO - First sequence as representative	false

2024-08-08 22:32:44,910 - INFO - Target column                   	1

2024-08-08 22:32:44,910 - INFO - Add full header                 	true

2024-08-08 22:32:44,910 - INFO - Sequence source                 	0

2024-08-08 22:32:44,910 - INFO - Database output                 	false

2024-08-08 22:32:44,910 - INFO - Threads                         	32

2024-08-08 22:32:44,911 - INFO - Compressed                      	0

2024-08-08 22:32:44,911 - INFO - Verbosity                       	3

2024-08-08 22:32:44,911 - INFO - 

2024-08-08 22:32:44,911 - INFO - Time for merging to vfdb_results.tsv: 0h 0m 0s 38ms

2024-08-08 22:32:44,911 - INFO - Time for processing: 0h 0m 0s 108ms

2024-08-08 22:32:44,933 - INFO - Post Processing Output.
2024-08-08 22:32:45,225 - INFO - Converting gff to genbank.
2024-08-08 22:32:45,231 - WARNING - /gpfs/gsfs12/users/yangy34/softwares/mambaforge/envs/pharokka-env/lib/python3.10/site-packages/Bio/SeqIO/InsdcIO.py:728: BiopythonWarning: Increasing length of locus line to allow long name. This will result in fields that are not in usual positions.
  warnings.warn(

2024-08-08 22:32:45,245 - INFO - Finding the closest match for each contig in INPHARED using mash.
2024-08-08 22:32:45,267 - INFO - Sketching GCA_015343595.1_53_phages/GCA_015343595.1_880_113_1659_prophage.fasta...

2024-08-08 22:32:45,278 - INFO - Writing to phage_pharokka/GCA_015343595.1_880|113-1659/input_mash_sketch.msh...

2024-08-08 22:32:46,801 - INFO - pharokka has finished
2024-08-08 22:32:46,801 - INFO - Elapsed time: 146.32 seconds
2024-08-08 22:32:46,801 - INFO - If you use pharokka in your research, please cite:
2024-08-08 22:32:46,801 - INFO - George Bouras, Roshan Nepal, Ghais Houtak, Alkis James Psaltis, Peter-John Wormald, Sarah Vreugde.
2024-08-08 22:32:46,801 - INFO - Pharokka: a fast scalable bacteriophage annotation tool.
2024-08-08 22:32:46,802 - INFO - Bioinformatics, Volume 39, Issue 1, January 2023, btac776.
2024-08-08 22:32:46,802 - INFO - https://doi.org/10.1093/bioinformatics/btac776.
2024-08-08 22:32:46,802 - INFO - You should also cite the full list of tools pharokka uses, which can be found at https://github.com/gbouras13/pharokka#citation.
