2024-08-09 20:07:33,969 - INFO - Starting pharokka v1.3.2
2024-08-09 20:07:33,969 - INFO - Input args: Namespace(infile='GCA_013114135_5_phages/GCA_013114135.1_2_316589_363522_prophage.fasta', outdir='phage_pharokka/GCA_013114135.1_2|316589-363522', database='/data/yangy34/database/pharokka', threads='32', force=False, prefix='Default', locustag='Default', gene_predictor='phanotate', meta=False, split=False, coding_table='11', evalue='1E-05', terminase=False, terminase_strand='nothing', terminase_start='nothing', citation=False)
2024-08-09 20:07:33,969 - INFO - Checking database installation.
2024-08-09 20:07:33,998 - INFO - All databases have been successfully checked.
2024-08-09 20:07:33,998 - INFO - Checking dependencies.
2024-08-09 20:07:34,816 - INFO - phan_out version found is v1.5.1.
2024-08-09 20:07:34,817 - INFO - Phanotate version is ok.
2024-08-09 20:07:34,880 - INFO - MMseqs2 version found is v13.45111.
2024-08-09 20:07:34,880 - INFO - MMseqs2 version is ok.
2024-08-09 20:07:35,726 - INFO - tRNAscan-SE version found is v2.45111.11.
2024-08-09 20:07:35,726 - INFO - tRNAscan-SE version is ok.
2024-08-09 20:07:36,244 - INFO - MinCED version found is v0.4.2.
2024-08-09 20:07:36,244 - INFO - MinCED version is ok.
2024-08-09 20:07:36,264 - INFO - ARAGORN version found is v1.2.41.
2024-08-09 20:07:36,264 - INFO - ARAGORN version is ok.
2024-08-09 20:07:36,341 - INFO - mash version found is v2.2.
2024-08-09 20:07:36,342 - INFO - mash version is ok.
2024-08-09 20:07:36,549 - INFO - Running Phanotate.
2024-08-09 20:07:45,540 - INFO - Translating gene predicted fastas.
2024-08-09 20:07:45,557 - INFO - Starting tRNA-scanSE
2024-08-09 20:07:45,644 - INFO - 

2024-08-09 20:07:45,644 - INFO - tRNAscan-SE v.2.0.11 (Oct 2022) - scan sequences for transfer RNAs

2024-08-09 20:07:45,644 - INFO - Copyright (C) 2022 Patricia Chan and Todd Lowe

2024-08-09 20:07:45,644 - INFO -                    University of California Santa Cruz

2024-08-09 20:07:45,644 - INFO - Freely distributed under the GNU General Public License (GPLv3)

2024-08-09 20:07:45,644 - INFO - 

2024-08-09 20:07:45,644 - INFO - ------------------------------------------------------------

2024-08-09 20:07:45,644 - INFO - Sequence file(s) to search:        GCA_013114135_5_phages/GCA_013114135.1_2_316589_363522_prophage.fasta

2024-08-09 20:07:45,644 - INFO - Search Mode:                       General

2024-08-09 20:07:45,644 - INFO - Results written to:                Standard output

2024-08-09 20:07:45,644 - INFO - Output format:                     Tabular

2024-08-09 20:07:45,644 - INFO - Searching with:                    Infernal single-pass scan

2024-08-09 20:07:45,644 - INFO -                                    Fast mode

2024-08-09 20:07:45,644 - INFO - Covariance model:                  /gpfs/gsfs12/users/yangy34/softwares/mambaforge/envs/pharokka-env/lib/tRNAscan-SE/models/TRNAinf.cm

2024-08-09 20:07:45,644 - INFO - 

2024-08-09 20:07:45,645 - INFO - Temporary directory:               /tmp

2024-08-09 20:07:45,645 - INFO - tRNA predictions saved to:         phage_pharokka/GCA_013114135.1_2|316589-363522/trnascan_out.gff

2024-08-09 20:07:45,645 - INFO - ------------------------------------------------------------

2024-08-09 20:07:45,645 - INFO - 

2024-08-09 20:07:45,734 - INFO - No tRNAs found.

2024-08-09 20:07:45,734 - INFO - 

2024-08-09 20:07:45,749 - INFO - Running MinCED.
2024-08-09 20:07:45,862 - INFO - Running Aragorn.
2024-08-09 20:07:45,874 - INFO - Starting MMseqs2.
2024-08-09 20:07:45,874 - INFO - Running MMseqs2 on PHROGs Database.
2024-08-09 20:07:45,942 - INFO - createdb phage_pharokka/GCA_013114135.1_2|316589-363522/phanotate_aas_tmp.fasta phage_pharokka/GCA_013114135.1_2|316589-363522/target_dir/target_seqs 

2024-08-09 20:07:45,942 - INFO - 

2024-08-09 20:07:45,942 - INFO - MMseqs Version:       	13.45111

2024-08-09 20:07:45,942 - INFO - Database type         	0

2024-08-09 20:07:45,942 - INFO - Shuffle input database	true

2024-08-09 20:07:45,942 - INFO - Createdb mode         	0

2024-08-09 20:07:45,942 - INFO - Write lookup file     	1

2024-08-09 20:07:45,942 - INFO - Offset of numeric ids 	0

2024-08-09 20:07:45,942 - INFO - Compressed            	0

2024-08-09 20:07:45,942 - INFO - Verbosity             	3

2024-08-09 20:07:45,942 - INFO - 

2024-08-09 20:07:45,942 - INFO - Converting sequences

2024-08-09 20:07:45,942 - INFO - [

2024-08-09 20:07:45,942 - INFO - Time for merging to target_seqs_h: 0h 0m 0s 14ms

2024-08-09 20:07:45,942 - INFO - Time for merging to target_seqs: 0h 0m 0s 20ms

2024-08-09 20:07:45,942 - INFO - Database type: Aminoacid

2024-08-09 20:07:45,942 - INFO - Time for processing: 0h 0m 0s 64ms

2024-08-09 20:07:45,947 - INFO - Create directory phage_pharokka/GCA_013114135.1_2|316589-363522/tmp_dir/

2024-08-09 20:07:45,947 - INFO - search -e 1E-05 /data/yangy34/database/pharokka/phrogs_profile_db phage_pharokka/GCA_013114135.1_2|316589-363522/target_dir/target_seqs phage_pharokka/GCA_013114135.1_2|316589-363522/mmseqs/results_mmseqs phage_pharokka/GCA_013114135.1_2|316589-363522/tmp_dir/ -s 8.5 --threads 32 

2024-08-09 20:07:45,947 - INFO - 

2024-08-09 20:07:45,947 - INFO - MMseqs Version:                        	13.45111

2024-08-09 20:07:45,947 - INFO - Substitution matrix                    	nucl:nucleotide.out,aa:blosum62.out

2024-08-09 20:07:45,947 - INFO - Add backtrace                          	false

2024-08-09 20:07:45,947 - INFO - Alignment mode                         	2

2024-08-09 20:07:45,947 - INFO - Alignment mode                         	0

2024-08-09 20:07:45,947 - INFO - Allow wrapped scoring                  	false

2024-08-09 20:07:45,947 - INFO - E-value threshold                      	1e-05

2024-08-09 20:07:45,947 - INFO - Seq. id. threshold                     	0

2024-08-09 20:07:45,947 - INFO - Min alignment length                   	0

2024-08-09 20:07:45,947 - INFO - Seq. id. mode                          	0

2024-08-09 20:07:45,947 - INFO - Alternative alignments                 	0

2024-08-09 20:07:45,947 - INFO - Coverage threshold                     	0

2024-08-09 20:07:45,947 - INFO - Coverage mode                          	0

2024-08-09 20:07:45,947 - INFO - Max sequence length                    	65535

2024-08-09 20:07:45,947 - INFO - Compositional bias                     	1

2024-08-09 20:07:45,947 - INFO - Max reject                             	2147483647

2024-08-09 20:07:45,947 - INFO - Max accept                             	2147483647

2024-08-09 20:07:45,947 - INFO - Include identical seq. id.             	false

2024-08-09 20:07:45,947 - INFO - Preload mode                           	0

2024-08-09 20:07:45,947 - INFO - Pseudo count a                         	1

2024-08-09 20:07:45,947 - INFO - Pseudo count b                         	1.5

2024-08-09 20:07:45,947 - INFO - Score bias                             	0

2024-08-09 20:07:45,947 - INFO - Realign hits                           	false

2024-08-09 20:07:45,948 - INFO - Realign score bias                     	-0.2

2024-08-09 20:07:45,948 - INFO - Realign max seqs                       	2147483647

2024-08-09 20:07:45,948 - INFO - Gap open cost                          	nucl:5,aa:11

2024-08-09 20:07:45,948 - INFO - Gap extension cost                     	nucl:2,aa:1

2024-08-09 20:07:45,948 - INFO - Zdrop                                  	40

2024-08-09 20:07:45,948 - INFO - Threads                                	32

2024-08-09 20:07:45,948 - INFO - Compressed                             	0

2024-08-09 20:07:45,948 - INFO - Verbosity                              	3

2024-08-09 20:07:45,948 - INFO - Seed substitution matrix               	nucl:nucleotide.out,aa:VTML80.out

2024-08-09 20:07:45,948 - INFO - Sensitivity                            	8.5

2024-08-09 20:07:45,948 - INFO - k-mer length                           	0

2024-08-09 20:07:45,948 - INFO - k-score                                	2147483647

2024-08-09 20:07:45,948 - INFO - Alphabet size                          	nucl:5,aa:21

2024-08-09 20:07:45,948 - INFO - Max results per query                  	300

2024-08-09 20:07:45,948 - INFO - Split database                         	0

2024-08-09 20:07:45,948 - INFO - Split mode                             	2

2024-08-09 20:07:45,948 - INFO - Split memory limit                     	0

2024-08-09 20:07:45,948 - INFO - Diagonal scoring                       	true

2024-08-09 20:07:45,948 - INFO - Exact k-mer matching                   	0

2024-08-09 20:07:45,948 - INFO - Mask residues                          	1

2024-08-09 20:07:45,948 - INFO - Mask lower case residues               	0

2024-08-09 20:07:45,948 - INFO - Minimum diagonal score                 	15

2024-08-09 20:07:45,948 - INFO - Spaced k-mers                          	1

2024-08-09 20:07:45,948 - INFO - Spaced k-mer pattern                   	

2024-08-09 20:07:45,948 - INFO - Local temporary path                   	

2024-08-09 20:07:45,948 - INFO - Rescore mode                           	0

2024-08-09 20:07:45,948 - INFO - Remove hits by seq. id. and coverage   	false

2024-08-09 20:07:45,948 - INFO - Sort results                           	0

2024-08-09 20:07:45,948 - INFO - Mask profile                           	1

2024-08-09 20:07:45,948 - INFO - Profile E-value threshold              	0.1

2024-08-09 20:07:45,948 - INFO - Global sequence weighting              	false

2024-08-09 20:07:45,948 - INFO - Allow deletions                        	false

2024-08-09 20:07:45,948 - INFO - Filter MSA                             	1

2024-08-09 20:07:45,948 - INFO - Maximum seq. id. threshold             	0.9

2024-08-09 20:07:45,948 - INFO - Minimum seq. id.                       	0

2024-08-09 20:07:45,948 - INFO - Minimum score per column               	-20

2024-08-09 20:07:45,948 - INFO - Minimum coverage                       	0

2024-08-09 20:07:45,948 - INFO - Select N most diverse seqs             	1000

2024-08-09 20:07:45,948 - INFO - Min codons in orf                      	30

2024-08-09 20:07:45,948 - INFO - Max codons in length                   	32734

2024-08-09 20:07:45,948 - INFO - Max orf gaps                           	2147483647

2024-08-09 20:07:45,948 - INFO - Contig start mode                      	2

2024-08-09 20:07:45,948 - INFO - Contig end mode                        	2

2024-08-09 20:07:45,948 - INFO - Orf start mode                         	1

2024-08-09 20:07:45,949 - INFO - Forward frames                         	1,2,3

2024-08-09 20:07:45,949 - INFO - Reverse frames                         	1,2,3

2024-08-09 20:07:45,949 - INFO - Translation table                      	1

2024-08-09 20:07:45,949 - INFO - Translate orf                          	0

2024-08-09 20:07:45,949 - INFO - Use all table starts                   	false

2024-08-09 20:07:45,949 - INFO - Offset of numeric ids                  	0

2024-08-09 20:07:45,949 - INFO - Create lookup                          	0

2024-08-09 20:07:45,949 - INFO - Add orf stop                           	false

2024-08-09 20:07:45,949 - INFO - Overlap between sequences              	0

2024-08-09 20:07:45,949 - INFO - Sequence split mode                    	1

2024-08-09 20:07:45,949 - INFO - Header split mode                      	0

2024-08-09 20:07:45,949 - INFO - Chain overlapping alignments           	0

2024-08-09 20:07:45,949 - INFO - Merge query                            	1

2024-08-09 20:07:45,949 - INFO - Search type                            	0

2024-08-09 20:07:45,949 - INFO - Search iterations                      	1

2024-08-09 20:07:45,949 - INFO - Start sensitivity                      	4

2024-08-09 20:07:45,949 - INFO - Search steps                           	1

2024-08-09 20:07:45,949 - INFO - Exhaustive search mode                 	false

2024-08-09 20:07:45,949 - INFO - Filter results during exhaustive search	0

2024-08-09 20:07:45,949 - INFO - Strand selection                       	1

2024-08-09 20:07:45,949 - INFO - LCA search mode                        	false

2024-08-09 20:07:45,949 - INFO - Disk space limit                       	0

2024-08-09 20:07:45,949 - INFO - MPI runner                             	

2024-08-09 20:07:45,949 - INFO - Force restart with latest tmp          	false

2024-08-09 20:07:45,949 - INFO - Remove temporary files                 	false

2024-08-09 20:07:45,949 - INFO - 

2024-08-09 20:07:46,159 - INFO - prefilter /data/yangy34/database/pharokka/phrogs_profile_db phage_pharokka/GCA_013114135.1_2|316589-363522/target_dir/target_seqs phage_pharokka/GCA_013114135.1_2|316589-363522/tmp_dir//2920887657026386291/pref_0 --sub-mat nucl:nucleotide.out,aa:blosum62.out --seed-sub-mat nucl:nucleotide.out,aa:VTML80.out -k 0 --k-score 2147483647 --alph-size nucl:5,aa:21 --max-seq-len 65535 --max-seqs 300 --split 0 --split-mode 2 --split-memory-limit 0 -c 0 --cov-mode 0 --comp-bias-corr 1 --diag-score 1 --exact-kmer-matching 0 --mask 1 --mask-lower-case 0 --min-ungapped-score 15 --add-self-matches 0 --spaced-kmer-mode 1 --db-load-mode 0 --pca 1 --pcb 1.5 --threads 32 --compressed 0 -v 3 -s 8.5 

2024-08-09 20:07:46,159 - INFO - 

2024-08-09 20:07:46,159 - INFO - Query database size: 38880 type: Profile

2024-08-09 20:07:46,159 - INFO - Estimated memory consumption: 488M

2024-08-09 20:07:46,159 - INFO - Target database size: 76 type: Aminoacid

2024-08-09 20:07:46,159 - INFO - Index table k-mer threshold: 0 at k-mer size 6 

2024-08-09 20:07:46,159 - INFO - Index table: counting k-mers

2024-08-09 20:07:46,240 - INFO - [=================================================================] 76 0s 9ms

2024-08-09 20:07:46,240 - INFO - Index table: Masked residues: 170

2024-08-09 20:07:46,240 - INFO - Index table: fill

2024-08-09 20:07:48,820 - INFO - [=================================================================] 76 0s 10ms

2024-08-09 20:07:48,820 - INFO - Index statistics

2024-08-09 20:07:48,820 - INFO - Entries:          13813

2024-08-09 20:07:48,820 - INFO - DB size:          488 MB

2024-08-09 20:07:48,821 - INFO - Avg k-mer size:   0.000216

2024-08-09 20:07:48,821 - INFO - Top 10 k-mers

2024-08-09 20:07:48,821 - INFO -     SGVKAA	2

2024-08-09 20:07:48,821 - INFO -     RSCYAA	2

2024-08-09 20:07:48,821 - INFO -     VRTTGA	2

2024-08-09 20:07:48,821 - INFO -     HSGARA	2

2024-08-09 20:07:48,821 - INFO -     AMKSVA	2

2024-08-09 20:07:48,821 - INFO -     DIGVTC	2

2024-08-09 20:07:48,821 - INFO -     ALNIGD	2

2024-08-09 20:07:48,821 - INFO -     LLFGHD	2

2024-08-09 20:07:48,821 - INFO -     EFLEID	2

2024-08-09 20:07:48,821 - INFO -     RGVDSD	2

2024-08-09 20:07:48,821 - INFO - Time for index table init: 0h 0m 0s 311ms

2024-08-09 20:07:48,821 - INFO - Process prefiltering step 1 of 1

2024-08-09 20:07:48,821 - INFO - 

2024-08-09 20:07:48,821 - INFO - k-mer similarity threshold: 81

2024-08-09 20:07:48,821 - INFO - Starting prefiltering scores calculation (step 1 of 1)

2024-08-09 20:07:48,821 - INFO - Query db start 1 to 38880

2024-08-09 20:07:48,821 - INFO - Target db start 1 to 76

2024-08-09 20:09:59,391 - INFO - [=================================================================] 38.88K 2m 12s 532ms

2024-08-09 20:09:59,391 - INFO - 

2024-08-09 20:09:59,391 - INFO - 5386.328443 k-mers per position

2024-08-09 20:09:59,391 - INFO - 186 DB matches per sequence

2024-08-09 20:09:59,391 - INFO - 0 overflows

2024-08-09 20:09:59,391 - INFO - 0 queries produce too many hits (truncated result)

2024-08-09 20:09:59,391 - INFO - 4 sequences passed prefiltering per query sequence

2024-08-09 20:09:59,391 - INFO - 3 median result list length

2024-08-09 20:09:59,391 - INFO - 3854 sequences with 0 size result lists

2024-08-09 20:09:59,391 - INFO - Time for merging to pref_0: 0h 0m 0s 17ms

2024-08-09 20:09:59,391 - INFO - Time for processing: 0h 2m 13s 437ms

2024-08-09 20:09:59,668 - INFO - align /data/yangy34/database/pharokka/phrogs_profile_db phage_pharokka/GCA_013114135.1_2|316589-363522/target_dir/target_seqs phage_pharokka/GCA_013114135.1_2|316589-363522/tmp_dir//2920887657026386291/pref_0 phage_pharokka/GCA_013114135.1_2|316589-363522/mmseqs/results_mmseqs --sub-mat nucl:nucleotide.out,aa:blosum62.out -a 0 --alignment-mode 2 --alignment-output-mode 0 --wrapped-scoring 0 -e 1e-05 --min-seq-id 0 --min-aln-len 0 --seq-id-mode 0 --alt-ali 0 -c 0 --cov-mode 0 --max-seq-len 65535 --comp-bias-corr 1 --max-rejected 2147483647 --max-accept 2147483647 --add-self-matches 0 --db-load-mode 0 --pca 1 --pcb 1.5 --score-bias 0 --realign 0 --realign-score-bias -0.2 --realign-max-seqs 2147483647 --gap-open nucl:5,aa:11 --gap-extend nucl:2,aa:1 --zdrop 40 --threads 32 --compressed 0 -v 3 

2024-08-09 20:09:59,668 - INFO - 

2024-08-09 20:09:59,668 - INFO - Compute score and coverage

2024-08-09 20:09:59,668 - INFO - Query database size: 38880 type: Profile

2024-08-09 20:09:59,668 - INFO - Target database size: 76 type: Aminoacid

2024-08-09 20:09:59,668 - INFO - Calculation of alignments

2024-08-09 20:10:00,211 - INFO - [=================================================================] 38.88K 0s 617ms

2024-08-09 20:10:00,211 - INFO - Time for merging to results_mmseqs: 0h 0m 0s 13ms

2024-08-09 20:10:00,211 - INFO - 159091 alignments calculated

2024-08-09 20:10:00,211 - INFO - 94 sequence pairs passed the thresholds (0.000591 of overall calculated)

2024-08-09 20:10:00,211 - INFO - 0.002418 hits per query sequence

2024-08-09 20:10:00,211 - INFO - Time for processing: 0h 0m 0s 811ms

2024-08-09 20:10:00,408 - INFO - createtsv /data/yangy34/database/pharokka/phrogs_profile_db phage_pharokka/GCA_013114135.1_2|316589-363522/target_dir/target_seqs phage_pharokka/GCA_013114135.1_2|316589-363522/mmseqs/results_mmseqs phage_pharokka/GCA_013114135.1_2|316589-363522/mmseqs_results.tsv --full-header --threads 32 

2024-08-09 20:10:00,408 - INFO - 

2024-08-09 20:10:00,409 - INFO - MMseqs Version:                 	13.45111

2024-08-09 20:10:00,409 - INFO - First sequence as representative	false

2024-08-09 20:10:00,409 - INFO - Target column                   	1

2024-08-09 20:10:00,409 - INFO - Add full header                 	true

2024-08-09 20:10:00,409 - INFO - Sequence source                 	0

2024-08-09 20:10:00,409 - INFO - Database output                 	false

2024-08-09 20:10:00,409 - INFO - Threads                         	32

2024-08-09 20:10:00,409 - INFO - Compressed                      	0

2024-08-09 20:10:00,409 - INFO - Verbosity                       	3

2024-08-09 20:10:00,409 - INFO - 

2024-08-09 20:10:00,409 - INFO - Time for merging to mmseqs_results.tsv: 0h 0m 0s 20ms

2024-08-09 20:10:00,409 - INFO - Time for processing: 0h 0m 0s 187ms

2024-08-09 20:10:00,416 - INFO - Running mmseqs2 on CARD.
2024-08-09 20:10:00,468 - INFO - createdb phage_pharokka/GCA_013114135.1_2|316589-363522/phanotate_aas_tmp.fasta phage_pharokka/GCA_013114135.1_2|316589-363522/CARD_target_dir/target_seqs 

2024-08-09 20:10:00,468 - INFO - 

2024-08-09 20:10:00,468 - INFO - MMseqs Version:       	13.45111

2024-08-09 20:10:00,468 - INFO - Database type         	0

2024-08-09 20:10:00,468 - INFO - Shuffle input database	true

2024-08-09 20:10:00,468 - INFO - Createdb mode         	0

2024-08-09 20:10:00,468 - INFO - Write lookup file     	1

2024-08-09 20:10:00,468 - INFO - Offset of numeric ids 	0

2024-08-09 20:10:00,468 - INFO - Compressed            	0

2024-08-09 20:10:00,468 - INFO - Verbosity             	3

2024-08-09 20:10:00,469 - INFO - 

2024-08-09 20:10:00,469 - INFO - Converting sequences

2024-08-09 20:10:00,469 - INFO - [

2024-08-09 20:10:00,469 - INFO - Time for merging to target_seqs_h: 0h 0m 0s 8ms

2024-08-09 20:10:00,469 - INFO - Time for merging to target_seqs: 0h 0m 0s 15ms

2024-08-09 20:10:00,469 - INFO - Database type: Aminoacid

2024-08-09 20:10:00,469 - INFO - Time for processing: 0h 0m 0s 48ms

2024-08-09 20:10:00,477 - INFO - Create directory phage_pharokka/GCA_013114135.1_2|316589-363522/CARD_tmp_dir/

2024-08-09 20:10:00,478 - INFO - search --min-seq-id 0.8 -c 0.4 /data/yangy34/database/pharokka/CARD phage_pharokka/GCA_013114135.1_2|316589-363522/CARD_target_dir/target_seqs phage_pharokka/GCA_013114135.1_2|316589-363522/CARD/results_CARD phage_pharokka/GCA_013114135.1_2|316589-363522/CARD_tmp_dir/ -s 8.5 --threads 32 

2024-08-09 20:10:00,478 - INFO - 

2024-08-09 20:10:00,478 - INFO - MMseqs Version:                        	13.45111

2024-08-09 20:10:00,478 - INFO - Substitution matrix                    	nucl:nucleotide.out,aa:blosum62.out

2024-08-09 20:10:00,478 - INFO - Add backtrace                          	false

2024-08-09 20:10:00,478 - INFO - Alignment mode                         	2

2024-08-09 20:10:00,478 - INFO - Alignment mode                         	0

2024-08-09 20:10:00,478 - INFO - Allow wrapped scoring                  	false

2024-08-09 20:10:00,478 - INFO - E-value threshold                      	0.001

2024-08-09 20:10:00,478 - INFO - Seq. id. threshold                     	0.8

2024-08-09 20:10:00,478 - INFO - Min alignment length                   	0

2024-08-09 20:10:00,478 - INFO - Seq. id. mode                          	0

2024-08-09 20:10:00,478 - INFO - Alternative alignments                 	0

2024-08-09 20:10:00,478 - INFO - Coverage threshold                     	0.4

2024-08-09 20:10:00,478 - INFO - Coverage mode                          	0

2024-08-09 20:10:00,478 - INFO - Max sequence length                    	65535

2024-08-09 20:10:00,478 - INFO - Compositional bias                     	1

2024-08-09 20:10:00,478 - INFO - Max reject                             	2147483647

2024-08-09 20:10:00,478 - INFO - Max accept                             	2147483647

2024-08-09 20:10:00,478 - INFO - Include identical seq. id.             	false

2024-08-09 20:10:00,478 - INFO - Preload mode                           	0

2024-08-09 20:10:00,478 - INFO - Pseudo count a                         	1

2024-08-09 20:10:00,478 - INFO - Pseudo count b                         	1.5

2024-08-09 20:10:00,478 - INFO - Score bias                             	0

2024-08-09 20:10:00,478 - INFO - Realign hits                           	false

2024-08-09 20:10:00,478 - INFO - Realign score bias                     	-0.2

2024-08-09 20:10:00,478 - INFO - Realign max seqs                       	2147483647

2024-08-09 20:10:00,478 - INFO - Gap open cost                          	nucl:5,aa:11

2024-08-09 20:10:00,478 - INFO - Gap extension cost                     	nucl:2,aa:1

2024-08-09 20:10:00,478 - INFO - Zdrop                                  	40

2024-08-09 20:10:00,478 - INFO - Threads                                	32

2024-08-09 20:10:00,478 - INFO - Compressed                             	0

2024-08-09 20:10:00,478 - INFO - Verbosity                              	3

2024-08-09 20:10:00,478 - INFO - Seed substitution matrix               	nucl:nucleotide.out,aa:VTML80.out

2024-08-09 20:10:00,478 - INFO - Sensitivity                            	8.5

2024-08-09 20:10:00,478 - INFO - k-mer length                           	0

2024-08-09 20:10:00,478 - INFO - k-score                                	2147483647

2024-08-09 20:10:00,478 - INFO - Alphabet size                          	nucl:5,aa:21

2024-08-09 20:10:00,478 - INFO - Max results per query                  	300

2024-08-09 20:10:00,478 - INFO - Split database                         	0

2024-08-09 20:10:00,478 - INFO - Split mode                             	2

2024-08-09 20:10:00,478 - INFO - Split memory limit                     	0

2024-08-09 20:10:00,478 - INFO - Diagonal scoring                       	true

2024-08-09 20:10:00,478 - INFO - Exact k-mer matching                   	0

2024-08-09 20:10:00,478 - INFO - Mask residues                          	1

2024-08-09 20:10:00,478 - INFO - Mask lower case residues               	0

2024-08-09 20:10:00,478 - INFO - Minimum diagonal score                 	15

2024-08-09 20:10:00,478 - INFO - Spaced k-mers                          	1

2024-08-09 20:10:00,478 - INFO - Spaced k-mer pattern                   	

2024-08-09 20:10:00,478 - INFO - Local temporary path                   	

2024-08-09 20:10:00,479 - INFO - Rescore mode                           	0

2024-08-09 20:10:00,479 - INFO - Remove hits by seq. id. and coverage   	false

2024-08-09 20:10:00,479 - INFO - Sort results                           	0

2024-08-09 20:10:00,479 - INFO - Mask profile                           	1

2024-08-09 20:10:00,479 - INFO - Profile E-value threshold              	0.1

2024-08-09 20:10:00,479 - INFO - Global sequence weighting              	false

2024-08-09 20:10:00,479 - INFO - Allow deletions                        	false

2024-08-09 20:10:00,479 - INFO - Filter MSA                             	1

2024-08-09 20:10:00,479 - INFO - Maximum seq. id. threshold             	0.9

2024-08-09 20:10:00,479 - INFO - Minimum seq. id.                       	0

2024-08-09 20:10:00,479 - INFO - Minimum score per column               	-20

2024-08-09 20:10:00,479 - INFO - Minimum coverage                       	0

2024-08-09 20:10:00,479 - INFO - Select N most diverse seqs             	1000

2024-08-09 20:10:00,479 - INFO - Min codons in orf                      	30

2024-08-09 20:10:00,479 - INFO - Max codons in length                   	32734

2024-08-09 20:10:00,479 - INFO - Max orf gaps                           	2147483647

2024-08-09 20:10:00,479 - INFO - Contig start mode                      	2

2024-08-09 20:10:00,479 - INFO - Contig end mode                        	2

2024-08-09 20:10:00,479 - INFO - Orf start mode                         	1

2024-08-09 20:10:00,479 - INFO - Forward frames                         	1,2,3

2024-08-09 20:10:00,479 - INFO - Reverse frames                         	1,2,3

2024-08-09 20:10:00,479 - INFO - Translation table                      	1

2024-08-09 20:10:00,479 - INFO - Translate orf                          	0

2024-08-09 20:10:00,479 - INFO - Use all table starts                   	false

2024-08-09 20:10:00,479 - INFO - Offset of numeric ids                  	0

2024-08-09 20:10:00,479 - INFO - Create lookup                          	0

2024-08-09 20:10:00,479 - INFO - Add orf stop                           	false

2024-08-09 20:10:00,479 - INFO - Overlap between sequences              	0

2024-08-09 20:10:00,479 - INFO - Sequence split mode                    	1

2024-08-09 20:10:00,479 - INFO - Header split mode                      	0

2024-08-09 20:10:00,479 - INFO - Chain overlapping alignments           	0

2024-08-09 20:10:00,479 - INFO - Merge query                            	1

2024-08-09 20:10:00,479 - INFO - Search type                            	0

2024-08-09 20:10:00,479 - INFO - Search iterations                      	1

2024-08-09 20:10:00,479 - INFO - Start sensitivity                      	4

2024-08-09 20:10:00,479 - INFO - Search steps                           	1

2024-08-09 20:10:00,479 - INFO - Exhaustive search mode                 	false

2024-08-09 20:10:00,479 - INFO - Filter results during exhaustive search	0

2024-08-09 20:10:00,479 - INFO - Strand selection                       	1

2024-08-09 20:10:00,479 - INFO - LCA search mode                        	false

2024-08-09 20:10:00,479 - INFO - Disk space limit                       	0

2024-08-09 20:10:00,479 - INFO - MPI runner                             	

2024-08-09 20:10:00,479 - INFO - Force restart with latest tmp          	false

2024-08-09 20:10:00,479 - INFO - Remove temporary files                 	false

2024-08-09 20:10:00,479 - INFO - 

2024-08-09 20:10:00,633 - INFO - prefilter /data/yangy34/database/pharokka/CARD phage_pharokka/GCA_013114135.1_2|316589-363522/CARD_target_dir/target_seqs phage_pharokka/GCA_013114135.1_2|316589-363522/CARD_tmp_dir//12118049727045414063/pref_0 --sub-mat nucl:nucleotide.out,aa:blosum62.out --seed-sub-mat nucl:nucleotide.out,aa:VTML80.out -k 0 --k-score 2147483647 --alph-size nucl:5,aa:21 --max-seq-len 65535 --max-seqs 300 --split 0 --split-mode 2 --split-memory-limit 0 -c 0.4 --cov-mode 0 --comp-bias-corr 1 --diag-score 1 --exact-kmer-matching 0 --mask 1 --mask-lower-case 0 --min-ungapped-score 15 --add-self-matches 0 --spaced-kmer-mode 1 --db-load-mode 0 --pca 1 --pcb 1.5 --threads 32 --compressed 0 -v 3 -s 8.5 

2024-08-09 20:10:00,633 - INFO - 

2024-08-09 20:10:00,633 - INFO - Query database size: 4641 type: Aminoacid

2024-08-09 20:10:00,633 - INFO - Estimated memory consumption: 978M

2024-08-09 20:10:00,633 - INFO - Target database size: 76 type: Aminoacid

2024-08-09 20:10:00,633 - INFO - Index table k-mer threshold: 87 at k-mer size 6 

2024-08-09 20:10:00,633 - INFO - Index table: counting k-mers

2024-08-09 20:10:00,709 - INFO - [=================================================================] 76 0s 17ms

2024-08-09 20:10:00,709 - INFO - Index table: Masked residues: 65

2024-08-09 20:10:00,709 - INFO - Index table: fill

2024-08-09 20:10:01,388 - INFO - [=================================================================] 76 0s 8ms

2024-08-09 20:10:01,389 - INFO - Index statistics

2024-08-09 20:10:01,389 - INFO - Entries:          13940

2024-08-09 20:10:01,389 - INFO - DB size:          488 MB

2024-08-09 20:10:01,389 - INFO - Avg k-mer size:   0.000218

2024-08-09 20:10:01,389 - INFO - Top 10 k-mers

2024-08-09 20:10:01,389 - INFO -     SGVKAA	2

2024-08-09 20:10:01,389 - INFO -     RSCYAA	2

2024-08-09 20:10:01,389 - INFO -     VRTTGA	2

2024-08-09 20:10:01,389 - INFO -     HSGARA	2

2024-08-09 20:10:01,389 - INFO -     AMKSVA	2

2024-08-09 20:10:01,389 - INFO -     DIGVTC	2

2024-08-09 20:10:01,389 - INFO -     ALNIGD	2

2024-08-09 20:10:01,389 - INFO -     LLFGHD	2

2024-08-09 20:10:01,389 - INFO -     EFLEID	2

2024-08-09 20:10:01,389 - INFO -     RGVDSD	2

2024-08-09 20:10:01,389 - INFO - Time for index table init: 0h 0m 0s 318ms

2024-08-09 20:10:01,389 - INFO - Process prefiltering step 1 of 1

2024-08-09 20:10:01,389 - INFO - 

2024-08-09 20:10:01,389 - INFO - k-mer similarity threshold: 87

2024-08-09 20:10:01,389 - INFO - Starting prefiltering scores calculation (step 1 of 1)

2024-08-09 20:10:01,389 - INFO - Query db start 1 to 4641

2024-08-09 20:10:01,389 - INFO - Target db start 1 to 76

2024-08-09 20:10:27,638 - INFO - [=================================================================] 4.64K 26s 415ms

2024-08-09 20:10:27,638 - INFO - 

2024-08-09 20:10:27,638 - INFO - 3883.681631 k-mers per position

2024-08-09 20:10:27,638 - INFO - 289 DB matches per sequence

2024-08-09 20:10:27,638 - INFO - 0 overflows

2024-08-09 20:10:27,638 - INFO - 0 queries produce too many hits (truncated result)

2024-08-09 20:10:27,638 - INFO - 6 sequences passed prefiltering per query sequence

2024-08-09 20:10:27,638 - INFO - 6 median result list length

2024-08-09 20:10:27,638 - INFO - 20 sequences with 0 size result lists

2024-08-09 20:10:27,638 - INFO - Time for merging to pref_0: 0h 0m 0s 6ms

2024-08-09 20:10:27,638 - INFO - Time for processing: 0h 0m 27s 154ms

2024-08-09 20:10:27,676 - INFO - align /data/yangy34/database/pharokka/CARD phage_pharokka/GCA_013114135.1_2|316589-363522/CARD_target_dir/target_seqs phage_pharokka/GCA_013114135.1_2|316589-363522/CARD_tmp_dir//12118049727045414063/pref_0 phage_pharokka/GCA_013114135.1_2|316589-363522/CARD/results_CARD --sub-mat nucl:nucleotide.out,aa:blosum62.out -a 0 --alignment-mode 2 --alignment-output-mode 0 --wrapped-scoring 0 -e 0.001 --min-seq-id 0.8 --min-aln-len 0 --seq-id-mode 0 --alt-ali 0 -c 0.4 --cov-mode 0 --max-seq-len 65535 --comp-bias-corr 1 --max-rejected 2147483647 --max-accept 2147483647 --add-self-matches 0 --db-load-mode 0 --pca 1 --pcb 1.5 --score-bias 0 --realign 0 --realign-score-bias -0.2 --realign-max-seqs 2147483647 --gap-open nucl:5,aa:11 --gap-extend nucl:2,aa:1 --zdrop 40 --threads 32 --compressed 0 -v 3 

2024-08-09 20:10:27,676 - INFO - 

2024-08-09 20:10:27,676 - INFO - Compute score and coverage

2024-08-09 20:10:27,676 - INFO - Query database size: 4641 type: Aminoacid

2024-08-09 20:10:27,676 - INFO - Target database size: 76 type: Aminoacid

2024-08-09 20:10:27,676 - INFO - Calculation of alignments

2024-08-09 20:10:27,749 - INFO - [=================================================================] 4.64K 0s 71ms

2024-08-09 20:10:27,749 - INFO - Time for merging to results_CARD: 0h 0m 0s 7ms

2024-08-09 20:10:27,749 - INFO - 20847 alignments calculated

2024-08-09 20:10:27,749 - INFO - 0 sequence pairs passed the thresholds (0.000000 of overall calculated)

2024-08-09 20:10:27,749 - INFO - 0.000000 hits per query sequence

2024-08-09 20:10:27,749 - INFO - Time for processing: 0h 0m 0s 104ms

2024-08-09 20:10:27,910 - INFO - createtsv /data/yangy34/database/pharokka/CARD phage_pharokka/GCA_013114135.1_2|316589-363522/CARD_target_dir/target_seqs phage_pharokka/GCA_013114135.1_2|316589-363522/CARD/results_CARD phage_pharokka/GCA_013114135.1_2|316589-363522/CARD_results.tsv --full-header --threads 32 

2024-08-09 20:10:27,910 - INFO - 

2024-08-09 20:10:27,911 - INFO - MMseqs Version:                 	13.45111

2024-08-09 20:10:27,911 - INFO - First sequence as representative	false

2024-08-09 20:10:27,911 - INFO - Target column                   	1

2024-08-09 20:10:27,911 - INFO - Add full header                 	true

2024-08-09 20:10:27,911 - INFO - Sequence source                 	0

2024-08-09 20:10:27,911 - INFO - Database output                 	false

2024-08-09 20:10:27,911 - INFO - Threads                         	32

2024-08-09 20:10:27,911 - INFO - Compressed                      	0

2024-08-09 20:10:27,911 - INFO - Verbosity                       	3

2024-08-09 20:10:27,911 - INFO - 

2024-08-09 20:10:27,911 - INFO - Time for merging to CARD_results.tsv: 0h 0m 0s 11ms

2024-08-09 20:10:27,911 - INFO - Time for processing: 0h 0m 0s 149ms

2024-08-09 20:10:27,932 - INFO - Running mmseqs2 on vfdb.
2024-08-09 20:10:28,006 - INFO - createdb phage_pharokka/GCA_013114135.1_2|316589-363522/phanotate_aas_tmp.fasta phage_pharokka/GCA_013114135.1_2|316589-363522/vfdb_target_dir/target_seqs 

2024-08-09 20:10:28,007 - INFO - 

2024-08-09 20:10:28,007 - INFO - MMseqs Version:       	13.45111

2024-08-09 20:10:28,007 - INFO - Database type         	0

2024-08-09 20:10:28,007 - INFO - Shuffle input database	true

2024-08-09 20:10:28,007 - INFO - Createdb mode         	0

2024-08-09 20:10:28,007 - INFO - Write lookup file     	1

2024-08-09 20:10:28,007 - INFO - Offset of numeric ids 	0

2024-08-09 20:10:28,007 - INFO - Compressed            	0

2024-08-09 20:10:28,007 - INFO - Verbosity             	3

2024-08-09 20:10:28,007 - INFO - 

2024-08-09 20:10:28,007 - INFO - Converting sequences

2024-08-09 20:10:28,007 - INFO - [

2024-08-09 20:10:28,007 - INFO - Time for merging to target_seqs_h: 0h 0m 0s 10ms

2024-08-09 20:10:28,008 - INFO - Time for merging to target_seqs: 0h 0m 0s 19ms

2024-08-09 20:10:28,008 - INFO - Database type: Aminoacid

2024-08-09 20:10:28,008 - INFO - Time for processing: 0h 0m 0s 66ms

2024-08-09 20:10:28,017 - INFO - Create directory phage_pharokka/GCA_013114135.1_2|316589-363522/vfdb_tmp_dir/

2024-08-09 20:10:28,018 - INFO - search --min-seq-id 0.8 -c 0.4 /data/yangy34/database/pharokka/vfdb phage_pharokka/GCA_013114135.1_2|316589-363522/vfdb_target_dir/target_seqs phage_pharokka/GCA_013114135.1_2|316589-363522/vfdb/results_vfdb phage_pharokka/GCA_013114135.1_2|316589-363522/vfdb_tmp_dir/ -s 8.5 --threads 32 

2024-08-09 20:10:28,018 - INFO - 

2024-08-09 20:10:28,018 - INFO - MMseqs Version:                        	13.45111

2024-08-09 20:10:28,018 - INFO - Substitution matrix                    	nucl:nucleotide.out,aa:blosum62.out

2024-08-09 20:10:28,018 - INFO - Add backtrace                          	false

2024-08-09 20:10:28,018 - INFO - Alignment mode                         	2

2024-08-09 20:10:28,018 - INFO - Alignment mode                         	0

2024-08-09 20:10:28,018 - INFO - Allow wrapped scoring                  	false

2024-08-09 20:10:28,018 - INFO - E-value threshold                      	0.001

2024-08-09 20:10:28,018 - INFO - Seq. id. threshold                     	0.8

2024-08-09 20:10:28,018 - INFO - Min alignment length                   	0

2024-08-09 20:10:28,018 - INFO - Seq. id. mode                          	0

2024-08-09 20:10:28,018 - INFO - Alternative alignments                 	0

2024-08-09 20:10:28,018 - INFO - Coverage threshold                     	0.4

2024-08-09 20:10:28,018 - INFO - Coverage mode                          	0

2024-08-09 20:10:28,018 - INFO - Max sequence length                    	65535

2024-08-09 20:10:28,018 - INFO - Compositional bias                     	1

2024-08-09 20:10:28,018 - INFO - Max reject                             	2147483647

2024-08-09 20:10:28,018 - INFO - Max accept                             	2147483647

2024-08-09 20:10:28,018 - INFO - Include identical seq. id.             	false

2024-08-09 20:10:28,018 - INFO - Preload mode                           	0

2024-08-09 20:10:28,018 - INFO - Pseudo count a                         	1

2024-08-09 20:10:28,018 - INFO - Pseudo count b                         	1.5

2024-08-09 20:10:28,018 - INFO - Score bias                             	0

2024-08-09 20:10:28,018 - INFO - Realign hits                           	false

2024-08-09 20:10:28,019 - INFO - Realign score bias                     	-0.2

2024-08-09 20:10:28,019 - INFO - Realign max seqs                       	2147483647

2024-08-09 20:10:28,019 - INFO - Gap open cost                          	nucl:5,aa:11

2024-08-09 20:10:28,019 - INFO - Gap extension cost                     	nucl:2,aa:1

2024-08-09 20:10:28,019 - INFO - Zdrop                                  	40

2024-08-09 20:10:28,019 - INFO - Threads                                	32

2024-08-09 20:10:28,019 - INFO - Compressed                             	0

2024-08-09 20:10:28,019 - INFO - Verbosity                              	3

2024-08-09 20:10:28,019 - INFO - Seed substitution matrix               	nucl:nucleotide.out,aa:VTML80.out

2024-08-09 20:10:28,019 - INFO - Sensitivity                            	8.5

2024-08-09 20:10:28,019 - INFO - k-mer length                           	0

2024-08-09 20:10:28,019 - INFO - k-score                                	2147483647

2024-08-09 20:10:28,020 - INFO - Alphabet size                          	nucl:5,aa:21

2024-08-09 20:10:28,020 - INFO - Max results per query                  	300

2024-08-09 20:10:28,020 - INFO - Split database                         	0

2024-08-09 20:10:28,020 - INFO - Split mode                             	2

2024-08-09 20:10:28,020 - INFO - Split memory limit                     	0

2024-08-09 20:10:28,020 - INFO - Diagonal scoring                       	true

2024-08-09 20:10:28,020 - INFO - Exact k-mer matching                   	0

2024-08-09 20:10:28,020 - INFO - Mask residues                          	1

2024-08-09 20:10:28,020 - INFO - Mask lower case residues               	0

2024-08-09 20:10:28,020 - INFO - Minimum diagonal score                 	15

2024-08-09 20:10:28,020 - INFO - Spaced k-mers                          	1

2024-08-09 20:10:28,020 - INFO - Spaced k-mer pattern                   	

2024-08-09 20:10:28,020 - INFO - Local temporary path                   	

2024-08-09 20:10:28,020 - INFO - Rescore mode                           	0

2024-08-09 20:10:28,020 - INFO - Remove hits by seq. id. and coverage   	false

2024-08-09 20:10:28,020 - INFO - Sort results                           	0

2024-08-09 20:10:28,020 - INFO - Mask profile                           	1

2024-08-09 20:10:28,020 - INFO - Profile E-value threshold              	0.1

2024-08-09 20:10:28,020 - INFO - Global sequence weighting              	false

2024-08-09 20:10:28,020 - INFO - Allow deletions                        	false

2024-08-09 20:10:28,020 - INFO - Filter MSA                             	1

2024-08-09 20:10:28,020 - INFO - Maximum seq. id. threshold             	0.9

2024-08-09 20:10:28,020 - INFO - Minimum seq. id.                       	0

2024-08-09 20:10:28,020 - INFO - Minimum score per column               	-20

2024-08-09 20:10:28,020 - INFO - Minimum coverage                       	0

2024-08-09 20:10:28,020 - INFO - Select N most diverse seqs             	1000

2024-08-09 20:10:28,020 - INFO - Min codons in orf                      	30

2024-08-09 20:10:28,020 - INFO - Max codons in length                   	32734

2024-08-09 20:10:28,020 - INFO - Max orf gaps                           	2147483647

2024-08-09 20:10:28,020 - INFO - Contig start mode                      	2

2024-08-09 20:10:28,020 - INFO - Contig end mode                        	2

2024-08-09 20:10:28,020 - INFO - Orf start mode                         	1

2024-08-09 20:10:28,020 - INFO - Forward frames                         	1,2,3

2024-08-09 20:10:28,020 - INFO - Reverse frames                         	1,2,3

2024-08-09 20:10:28,020 - INFO - Translation table                      	1

2024-08-09 20:10:28,020 - INFO - Translate orf                          	0

2024-08-09 20:10:28,020 - INFO - Use all table starts                   	false

2024-08-09 20:10:28,021 - INFO - Offset of numeric ids                  	0

2024-08-09 20:10:28,021 - INFO - Create lookup                          	0

2024-08-09 20:10:28,021 - INFO - Add orf stop                           	false

2024-08-09 20:10:28,021 - INFO - Overlap between sequences              	0

2024-08-09 20:10:28,021 - INFO - Sequence split mode                    	1

2024-08-09 20:10:28,021 - INFO - Header split mode                      	0

2024-08-09 20:10:28,021 - INFO - Chain overlapping alignments           	0

2024-08-09 20:10:28,021 - INFO - Merge query                            	1

2024-08-09 20:10:28,021 - INFO - Search type                            	0

2024-08-09 20:10:28,021 - INFO - Search iterations                      	1

2024-08-09 20:10:28,021 - INFO - Start sensitivity                      	4

2024-08-09 20:10:28,021 - INFO - Search steps                           	1

2024-08-09 20:10:28,021 - INFO - Exhaustive search mode                 	false

2024-08-09 20:10:28,021 - INFO - Filter results during exhaustive search	0

2024-08-09 20:10:28,021 - INFO - Strand selection                       	1

2024-08-09 20:10:28,021 - INFO - LCA search mode                        	false

2024-08-09 20:10:28,021 - INFO - Disk space limit                       	0

2024-08-09 20:10:28,021 - INFO - MPI runner                             	

2024-08-09 20:10:28,021 - INFO - Force restart with latest tmp          	false

2024-08-09 20:10:28,021 - INFO - Remove temporary files                 	false

2024-08-09 20:10:28,021 - INFO - 

2024-08-09 20:10:28,182 - INFO - prefilter /data/yangy34/database/pharokka/vfdb phage_pharokka/GCA_013114135.1_2|316589-363522/vfdb_target_dir/target_seqs phage_pharokka/GCA_013114135.1_2|316589-363522/vfdb_tmp_dir//17328153958998195250/pref_0 --sub-mat nucl:nucleotide.out,aa:blosum62.out --seed-sub-mat nucl:nucleotide.out,aa:VTML80.out -k 0 --k-score 2147483647 --alph-size nucl:5,aa:21 --max-seq-len 65535 --max-seqs 300 --split 0 --split-mode 2 --split-memory-limit 0 -c 0.4 --cov-mode 0 --comp-bias-corr 1 --diag-score 1 --exact-kmer-matching 0 --mask 1 --mask-lower-case 0 --min-ungapped-score 15 --add-self-matches 0 --spaced-kmer-mode 1 --db-load-mode 0 --pca 1 --pcb 1.5 --threads 32 --compressed 0 -v 3 -s 8.5 

2024-08-09 20:10:28,182 - INFO - 

2024-08-09 20:10:28,182 - INFO - Query database size: 27504 type: Aminoacid

2024-08-09 20:10:28,182 - INFO - Estimated memory consumption: 978M

2024-08-09 20:10:28,182 - INFO - Target database size: 76 type: Aminoacid

2024-08-09 20:10:28,182 - INFO - Index table k-mer threshold: 87 at k-mer size 6 

2024-08-09 20:10:28,182 - INFO - Index table: counting k-mers

2024-08-09 20:10:28,283 - INFO - [=================================================================] 76 0s 18ms

2024-08-09 20:10:28,284 - INFO - Index table: Masked residues: 65

2024-08-09 20:10:28,284 - INFO - Index table: fill

2024-08-09 20:10:31,506 - INFO - [=================================================================] 76 0s 10ms

2024-08-09 20:10:31,507 - INFO - Index statistics

2024-08-09 20:10:31,507 - INFO - Entries:          13940

2024-08-09 20:10:31,507 - INFO - DB size:          488 MB

2024-08-09 20:10:31,507 - INFO - Avg k-mer size:   0.000218

2024-08-09 20:10:31,507 - INFO - Top 10 k-mers

2024-08-09 20:10:31,507 - INFO -     SGVKAA	2

2024-08-09 20:10:31,507 - INFO -     RSCYAA	2

2024-08-09 20:10:31,507 - INFO -     VRTTGA	2

2024-08-09 20:10:31,507 - INFO -     HSGARA	2

2024-08-09 20:10:31,507 - INFO -     AMKSVA	2

2024-08-09 20:10:31,507 - INFO -     DIGVTC	2

2024-08-09 20:10:31,507 - INFO -     ALNIGD	2

2024-08-09 20:10:31,507 - INFO -     LLFGHD	2

2024-08-09 20:10:31,507 - INFO -     EFLEID	2

2024-08-09 20:10:31,507 - INFO -     RGVDSD	2

2024-08-09 20:10:31,507 - INFO - Time for index table init: 0h 0m 0s 333ms

2024-08-09 20:10:31,507 - INFO - Process prefiltering step 1 of 1

2024-08-09 20:10:31,507 - INFO - 

2024-08-09 20:10:31,507 - INFO - k-mer similarity threshold: 87

2024-08-09 20:10:31,507 - INFO - Starting prefiltering scores calculation (step 1 of 1)

2024-08-09 20:10:31,507 - INFO - Query db start 1 to 27504

2024-08-09 20:10:31,507 - INFO - Target db start 1 to 76

2024-08-09 20:13:11,397 - INFO - [=================================================================] 27.50K 2m 42s 351ms

2024-08-09 20:13:11,397 - INFO - 

2024-08-09 20:13:11,397 - INFO - 3159.764157 k-mers per position

2024-08-09 20:13:11,397 - INFO - 362 DB matches per sequence

2024-08-09 20:13:11,398 - INFO - 0 overflows

2024-08-09 20:13:11,398 - INFO - 0 queries produce too many hits (truncated result)

2024-08-09 20:13:11,398 - INFO - 6 sequences passed prefiltering per query sequence

2024-08-09 20:13:11,398 - INFO - 5 median result list length

2024-08-09 20:13:11,398 - INFO - 1404 sequences with 0 size result lists

2024-08-09 20:13:11,398 - INFO - Time for merging to pref_0: 0h 0m 0s 13ms

2024-08-09 20:13:11,398 - INFO - Time for processing: 0h 2m 43s 368ms

2024-08-09 20:13:11,531 - INFO - align /data/yangy34/database/pharokka/vfdb phage_pharokka/GCA_013114135.1_2|316589-363522/vfdb_target_dir/target_seqs phage_pharokka/GCA_013114135.1_2|316589-363522/vfdb_tmp_dir//17328153958998195250/pref_0 phage_pharokka/GCA_013114135.1_2|316589-363522/vfdb/results_vfdb --sub-mat nucl:nucleotide.out,aa:blosum62.out -a 0 --alignment-mode 2 --alignment-output-mode 0 --wrapped-scoring 0 -e 0.001 --min-seq-id 0.8 --min-aln-len 0 --seq-id-mode 0 --alt-ali 0 -c 0.4 --cov-mode 0 --max-seq-len 65535 --comp-bias-corr 1 --max-rejected 2147483647 --max-accept 2147483647 --add-self-matches 0 --db-load-mode 0 --pca 1 --pcb 1.5 --score-bias 0 --realign 0 --realign-score-bias -0.2 --realign-max-seqs 2147483647 --gap-open nucl:5,aa:11 --gap-extend nucl:2,aa:1 --zdrop 40 --threads 32 --compressed 0 -v 3 

2024-08-09 20:13:11,531 - INFO - 

2024-08-09 20:13:11,531 - INFO - Compute score and coverage

2024-08-09 20:13:11,531 - INFO - Query database size: 27504 type: Aminoacid

2024-08-09 20:13:11,531 - INFO - Target database size: 76 type: Aminoacid

2024-08-09 20:13:11,531 - INFO - Calculation of alignments

2024-08-09 20:13:11,784 - INFO - [=================================================================] 27.50K 0s 235ms

2024-08-09 20:13:11,784 - INFO - Time for merging to results_vfdb: 0h 0m 0s 14ms

2024-08-09 20:13:11,785 - INFO - 98370 alignments calculated

2024-08-09 20:13:11,785 - INFO - 0 sequence pairs passed the thresholds (0.000000 of overall calculated)

2024-08-09 20:13:11,785 - INFO - 0.000000 hits per query sequence

2024-08-09 20:13:11,785 - INFO - Time for processing: 0h 0m 0s 378ms

2024-08-09 20:13:11,983 - INFO - createtsv /data/yangy34/database/pharokka/vfdb phage_pharokka/GCA_013114135.1_2|316589-363522/vfdb_target_dir/target_seqs phage_pharokka/GCA_013114135.1_2|316589-363522/vfdb/results_vfdb phage_pharokka/GCA_013114135.1_2|316589-363522/vfdb_results.tsv --full-header --threads 32 

2024-08-09 20:13:11,983 - INFO - 

2024-08-09 20:13:11,983 - INFO - MMseqs Version:                 	13.45111

2024-08-09 20:13:11,983 - INFO - First sequence as representative	false

2024-08-09 20:13:11,983 - INFO - Target column                   	1

2024-08-09 20:13:11,983 - INFO - Add full header                 	true

2024-08-09 20:13:11,983 - INFO - Sequence source                 	0

2024-08-09 20:13:11,983 - INFO - Database output                 	false

2024-08-09 20:13:11,983 - INFO - Threads                         	32

2024-08-09 20:13:11,983 - INFO - Compressed                      	0

2024-08-09 20:13:11,983 - INFO - Verbosity                       	3

2024-08-09 20:13:11,983 - INFO - 

2024-08-09 20:13:11,983 - INFO - Time for merging to vfdb_results.tsv: 0h 0m 0s 19ms

2024-08-09 20:13:11,983 - INFO - Time for processing: 0h 0m 0s 191ms

2024-08-09 20:13:11,994 - INFO - Post Processing Output.
2024-08-09 20:13:12,187 - INFO - Converting gff to genbank.
2024-08-09 20:13:12,204 - WARNING - /gpfs/gsfs12/users/yangy34/softwares/mambaforge/envs/pharokka-env/lib/python3.10/site-packages/Bio/SeqIO/InsdcIO.py:728: BiopythonWarning: Increasing length of locus line to allow long name. This will result in fields that are not in usual positions.
  warnings.warn(

2024-08-09 20:13:12,222 - INFO - Terminase large subunit found.
2024-08-09 20:13:12,225 - INFO - Finding the closest match for each contig in INPHARED using mash.
2024-08-09 20:13:12,272 - INFO - Sketching GCA_013114135_5_phages/GCA_013114135.1_2_316589_363522_prophage.fasta...

2024-08-09 20:13:12,285 - INFO - Writing to phage_pharokka/GCA_013114135.1_2|316589-363522/input_mash_sketch.msh...

2024-08-09 20:13:13,316 - INFO - pharokka has finished
2024-08-09 20:13:13,316 - INFO - Elapsed time: 339.37 seconds
2024-08-09 20:13:13,316 - INFO - If you use pharokka in your research, please cite:
2024-08-09 20:13:13,316 - INFO - George Bouras, Roshan Nepal, Ghais Houtak, Alkis James Psaltis, Peter-John Wormald, Sarah Vreugde.
2024-08-09 20:13:13,316 - INFO - Pharokka: a fast scalable bacteriophage annotation tool.
2024-08-09 20:13:13,316 - INFO - Bioinformatics, Volume 39, Issue 1, January 2023, btac776.
2024-08-09 20:13:13,316 - INFO - https://doi.org/10.1093/bioinformatics/btac776.
2024-08-09 20:13:13,316 - INFO - You should also cite the full list of tools pharokka uses, which can be found at https://github.com/gbouras13/pharokka#citation.
