2024-08-08 22:20:22,952 - INFO - Starting pharokka v1.3.2
2024-08-08 22:20:22,952 - INFO - Input args: Namespace(infile='GCA_015343595.1_53_phages/GCA_015343595.1_1034_133_3293_prophage.fasta', outdir='phage_pharokka/GCA_015343595.1_1034|133-3293', database='/data/yangy34/database/pharokka', threads='32', force=False, prefix='Default', locustag='Default', gene_predictor='phanotate', meta=False, split=False, coding_table='11', evalue='1E-05', terminase=False, terminase_strand='nothing', terminase_start='nothing', citation=False)
2024-08-08 22:20:22,952 - INFO - Checking database installation.
2024-08-08 22:20:22,981 - INFO - All databases have been successfully checked.
2024-08-08 22:20:22,981 - INFO - Checking dependencies.
2024-08-08 22:20:24,009 - INFO - phan_out version found is v1.5.1.
2024-08-08 22:20:24,009 - INFO - Phanotate version is ok.
2024-08-08 22:20:24,080 - INFO - MMseqs2 version found is v13.45111.
2024-08-08 22:20:24,080 - INFO - MMseqs2 version is ok.
2024-08-08 22:20:24,939 - INFO - tRNAscan-SE version found is v2.45111.11.
2024-08-08 22:20:24,939 - INFO - tRNAscan-SE version is ok.
2024-08-08 22:20:25,572 - INFO - MinCED version found is v0.4.2.
2024-08-08 22:20:25,572 - INFO - MinCED version is ok.
2024-08-08 22:20:25,602 - INFO - ARAGORN version found is v1.2.41.
2024-08-08 22:20:25,602 - INFO - ARAGORN version is ok.
2024-08-08 22:20:25,624 - INFO - mash version found is v2.2.
2024-08-08 22:20:25,624 - INFO - mash version is ok.
2024-08-08 22:20:25,842 - INFO - Running Phanotate.
2024-08-08 22:20:28,112 - INFO - Translating gene predicted fastas.
2024-08-08 22:20:28,127 - INFO - Starting tRNA-scanSE
2024-08-08 22:20:28,262 - INFO - 

2024-08-08 22:20:28,262 - INFO - tRNAscan-SE v.2.0.11 (Oct 2022) - scan sequences for transfer RNAs

2024-08-08 22:20:28,262 - INFO - Copyright (C) 2022 Patricia Chan and Todd Lowe

2024-08-08 22:20:28,262 - INFO -                    University of California Santa Cruz

2024-08-08 22:20:28,262 - INFO - Freely distributed under the GNU General Public License (GPLv3)

2024-08-08 22:20:28,263 - INFO - 

2024-08-08 22:20:28,263 - INFO - ------------------------------------------------------------

2024-08-08 22:20:28,263 - INFO - Sequence file(s) to search:        GCA_015343595.1_53_phages/GCA_015343595.1_1034_133_3293_prophage.fasta

2024-08-08 22:20:28,263 - INFO - Search Mode:                       General

2024-08-08 22:20:28,263 - INFO - Results written to:                Standard output

2024-08-08 22:20:28,263 - INFO - Output format:                     Tabular

2024-08-08 22:20:28,263 - INFO - Searching with:                    Infernal single-pass scan

2024-08-08 22:20:28,263 - INFO -                                    Fast mode

2024-08-08 22:20:28,263 - INFO - Covariance model:                  /gpfs/gsfs12/users/yangy34/softwares/mambaforge/envs/pharokka-env/lib/tRNAscan-SE/models/TRNAinf.cm

2024-08-08 22:20:28,263 - INFO - 

2024-08-08 22:20:28,263 - INFO - Temporary directory:               /tmp

2024-08-08 22:20:28,263 - INFO - tRNA predictions saved to:         phage_pharokka/GCA_015343595.1_1034|133-3293/trnascan_out.gff

2024-08-08 22:20:28,263 - INFO - ------------------------------------------------------------

2024-08-08 22:20:28,263 - INFO - 

2024-08-08 22:20:28,375 - INFO - No tRNAs found.

2024-08-08 22:20:28,375 - INFO - 

2024-08-08 22:20:28,388 - INFO - Running MinCED.
2024-08-08 22:20:28,531 - INFO - Running Aragorn.
2024-08-08 22:20:28,534 - INFO - Starting MMseqs2.
2024-08-08 22:20:28,534 - INFO - Running MMseqs2 on PHROGs Database.
2024-08-08 22:20:28,641 - INFO - createdb phage_pharokka/GCA_015343595.1_1034|133-3293/phanotate_aas_tmp.fasta phage_pharokka/GCA_015343595.1_1034|133-3293/target_dir/target_seqs 

2024-08-08 22:20:28,641 - INFO - 

2024-08-08 22:20:28,641 - INFO - MMseqs Version:       	13.45111

2024-08-08 22:20:28,641 - INFO - Database type         	0

2024-08-08 22:20:28,642 - INFO - Shuffle input database	true

2024-08-08 22:20:28,643 - INFO - Createdb mode         	0

2024-08-08 22:20:28,643 - INFO - Write lookup file     	1

2024-08-08 22:20:28,643 - INFO - Offset of numeric ids 	0

2024-08-08 22:20:28,643 - INFO - Compressed            	0

2024-08-08 22:20:28,643 - INFO - Verbosity             	3

2024-08-08 22:20:28,643 - INFO - 

2024-08-08 22:20:28,643 - INFO - Converting sequences

2024-08-08 22:20:28,643 - INFO - [

2024-08-08 22:20:28,643 - INFO - Time for merging to target_seqs_h: 0h 0m 0s 22ms

2024-08-08 22:20:28,643 - INFO - Time for merging to target_seqs: 0h 0m 0s 20ms

2024-08-08 22:20:28,643 - INFO - Database type: Aminoacid

2024-08-08 22:20:28,643 - INFO - Time for processing: 0h 0m 0s 96ms

2024-08-08 22:20:28,651 - INFO - Create directory phage_pharokka/GCA_015343595.1_1034|133-3293/tmp_dir/

2024-08-08 22:20:28,651 - INFO - search -e 1E-05 /data/yangy34/database/pharokka/phrogs_profile_db phage_pharokka/GCA_015343595.1_1034|133-3293/target_dir/target_seqs phage_pharokka/GCA_015343595.1_1034|133-3293/mmseqs/results_mmseqs phage_pharokka/GCA_015343595.1_1034|133-3293/tmp_dir/ -s 8.5 --threads 32 

2024-08-08 22:20:28,652 - INFO - 

2024-08-08 22:20:28,652 - INFO - MMseqs Version:                        	13.45111

2024-08-08 22:20:28,652 - INFO - Substitution matrix                    	nucl:nucleotide.out,aa:blosum62.out

2024-08-08 22:20:28,652 - INFO - Add backtrace                          	false

2024-08-08 22:20:28,652 - INFO - Alignment mode                         	2

2024-08-08 22:20:28,652 - INFO - Alignment mode                         	0

2024-08-08 22:20:28,652 - INFO - Allow wrapped scoring                  	false

2024-08-08 22:20:28,652 - INFO - E-value threshold                      	1e-05

2024-08-08 22:20:28,652 - INFO - Seq. id. threshold                     	0

2024-08-08 22:20:28,652 - INFO - Min alignment length                   	0

2024-08-08 22:20:28,652 - INFO - Seq. id. mode                          	0

2024-08-08 22:20:28,652 - INFO - Alternative alignments                 	0

2024-08-08 22:20:28,652 - INFO - Coverage threshold                     	0

2024-08-08 22:20:28,652 - INFO - Coverage mode                          	0

2024-08-08 22:20:28,652 - INFO - Max sequence length                    	65535

2024-08-08 22:20:28,652 - INFO - Compositional bias                     	1

2024-08-08 22:20:28,652 - INFO - Max reject                             	2147483647

2024-08-08 22:20:28,652 - INFO - Max accept                             	2147483647

2024-08-08 22:20:28,652 - INFO - Include identical seq. id.             	false

2024-08-08 22:20:28,652 - INFO - Preload mode                           	0

2024-08-08 22:20:28,652 - INFO - Pseudo count a                         	1

2024-08-08 22:20:28,652 - INFO - Pseudo count b                         	1.5

2024-08-08 22:20:28,652 - INFO - Score bias                             	0

2024-08-08 22:20:28,652 - INFO - Realign hits                           	false

2024-08-08 22:20:28,652 - INFO - Realign score bias                     	-0.2

2024-08-08 22:20:28,652 - INFO - Realign max seqs                       	2147483647

2024-08-08 22:20:28,652 - INFO - Gap open cost                          	nucl:5,aa:11

2024-08-08 22:20:28,652 - INFO - Gap extension cost                     	nucl:2,aa:1

2024-08-08 22:20:28,653 - INFO - Zdrop                                  	40

2024-08-08 22:20:28,653 - INFO - Threads                                	32

2024-08-08 22:20:28,653 - INFO - Compressed                             	0

2024-08-08 22:20:28,653 - INFO - Verbosity                              	3

2024-08-08 22:20:28,653 - INFO - Seed substitution matrix               	nucl:nucleotide.out,aa:VTML80.out

2024-08-08 22:20:28,653 - INFO - Sensitivity                            	8.5

2024-08-08 22:20:28,653 - INFO - k-mer length                           	0

2024-08-08 22:20:28,653 - INFO - k-score                                	2147483647

2024-08-08 22:20:28,653 - INFO - Alphabet size                          	nucl:5,aa:21

2024-08-08 22:20:28,653 - INFO - Max results per query                  	300

2024-08-08 22:20:28,653 - INFO - Split database                         	0

2024-08-08 22:20:28,653 - INFO - Split mode                             	2

2024-08-08 22:20:28,653 - INFO - Split memory limit                     	0

2024-08-08 22:20:28,653 - INFO - Diagonal scoring                       	true

2024-08-08 22:20:28,653 - INFO - Exact k-mer matching                   	0

2024-08-08 22:20:28,653 - INFO - Mask residues                          	1

2024-08-08 22:20:28,653 - INFO - Mask lower case residues               	0

2024-08-08 22:20:28,653 - INFO - Minimum diagonal score                 	15

2024-08-08 22:20:28,653 - INFO - Spaced k-mers                          	1

2024-08-08 22:20:28,653 - INFO - Spaced k-mer pattern                   	

2024-08-08 22:20:28,653 - INFO - Local temporary path                   	

2024-08-08 22:20:28,653 - INFO - Rescore mode                           	0

2024-08-08 22:20:28,653 - INFO - Remove hits by seq. id. and coverage   	false

2024-08-08 22:20:28,653 - INFO - Sort results                           	0

2024-08-08 22:20:28,653 - INFO - Mask profile                           	1

2024-08-08 22:20:28,653 - INFO - Profile E-value threshold              	0.1

2024-08-08 22:20:28,653 - INFO - Global sequence weighting              	false

2024-08-08 22:20:28,653 - INFO - Allow deletions                        	false

2024-08-08 22:20:28,654 - INFO - Filter MSA                             	1

2024-08-08 22:20:28,654 - INFO - Maximum seq. id. threshold             	0.9

2024-08-08 22:20:28,654 - INFO - Minimum seq. id.                       	0

2024-08-08 22:20:28,654 - INFO - Minimum score per column               	-20

2024-08-08 22:20:28,654 - INFO - Minimum coverage                       	0

2024-08-08 22:20:28,654 - INFO - Select N most diverse seqs             	1000

2024-08-08 22:20:28,654 - INFO - Min codons in orf                      	30

2024-08-08 22:20:28,654 - INFO - Max codons in length                   	32734

2024-08-08 22:20:28,654 - INFO - Max orf gaps                           	2147483647

2024-08-08 22:20:28,654 - INFO - Contig start mode                      	2

2024-08-08 22:20:28,654 - INFO - Contig end mode                        	2

2024-08-08 22:20:28,654 - INFO - Orf start mode                         	1

2024-08-08 22:20:28,654 - INFO - Forward frames                         	1,2,3

2024-08-08 22:20:28,654 - INFO - Reverse frames                         	1,2,3

2024-08-08 22:20:28,654 - INFO - Translation table                      	1

2024-08-08 22:20:28,654 - INFO - Translate orf                          	0

2024-08-08 22:20:28,654 - INFO - Use all table starts                   	false

2024-08-08 22:20:28,654 - INFO - Offset of numeric ids                  	0

2024-08-08 22:20:28,654 - INFO - Create lookup                          	0

2024-08-08 22:20:28,654 - INFO - Add orf stop                           	false

2024-08-08 22:20:28,654 - INFO - Overlap between sequences              	0

2024-08-08 22:20:28,654 - INFO - Sequence split mode                    	1

2024-08-08 22:20:28,654 - INFO - Header split mode                      	0

2024-08-08 22:20:28,654 - INFO - Chain overlapping alignments           	0

2024-08-08 22:20:28,654 - INFO - Merge query                            	1

2024-08-08 22:20:28,654 - INFO - Search type                            	0

2024-08-08 22:20:28,654 - INFO - Search iterations                      	1

2024-08-08 22:20:28,654 - INFO - Start sensitivity                      	4

2024-08-08 22:20:28,655 - INFO - Search steps                           	1

2024-08-08 22:20:28,655 - INFO - Exhaustive search mode                 	false

2024-08-08 22:20:28,655 - INFO - Filter results during exhaustive search	0

2024-08-08 22:20:28,655 - INFO - Strand selection                       	1

2024-08-08 22:20:28,655 - INFO - LCA search mode                        	false

2024-08-08 22:20:28,655 - INFO - Disk space limit                       	0

2024-08-08 22:20:28,655 - INFO - MPI runner                             	

2024-08-08 22:20:28,655 - INFO - Force restart with latest tmp          	false

2024-08-08 22:20:28,655 - INFO - Remove temporary files                 	false

2024-08-08 22:20:28,655 - INFO - 

2024-08-08 22:20:28,813 - INFO - prefilter /data/yangy34/database/pharokka/phrogs_profile_db phage_pharokka/GCA_015343595.1_1034|133-3293/target_dir/target_seqs phage_pharokka/GCA_015343595.1_1034|133-3293/tmp_dir//4569657085826371255/pref_0 --sub-mat nucl:nucleotide.out,aa:blosum62.out --seed-sub-mat nucl:nucleotide.out,aa:VTML80.out -k 0 --k-score 2147483647 --alph-size nucl:5,aa:21 --max-seq-len 65535 --max-seqs 300 --split 0 --split-mode 2 --split-memory-limit 0 -c 0 --cov-mode 0 --comp-bias-corr 1 --diag-score 1 --exact-kmer-matching 0 --mask 1 --mask-lower-case 0 --min-ungapped-score 15 --add-self-matches 0 --spaced-kmer-mode 1 --db-load-mode 0 --pca 1 --pcb 1.5 --threads 32 --compressed 0 -v 3 -s 8.5 

2024-08-08 22:20:28,813 - INFO - 

2024-08-08 22:20:28,813 - INFO - Query database size: 38880 type: Profile

2024-08-08 22:20:28,813 - INFO - Estimated memory consumption: 488M

2024-08-08 22:20:28,813 - INFO - Target database size: 7 type: Aminoacid

2024-08-08 22:20:28,813 - INFO - Index table k-mer threshold: 0 at k-mer size 6 

2024-08-08 22:20:28,813 - INFO - Index table: counting k-mers

2024-08-08 22:20:28,936 - INFO - [=================================================================] 7 0s 2ms

2024-08-08 22:20:28,936 - INFO - Index table: Masked residues: 0

2024-08-08 22:20:28,936 - INFO - Index table: fill

2024-08-08 22:20:30,101 - INFO - [=================================================================] 7 0s 1ms

2024-08-08 22:20:30,102 - INFO - Index statistics

2024-08-08 22:20:30,102 - INFO - Entries:          830

2024-08-08 22:20:30,102 - INFO - DB size:          488 MB

2024-08-08 22:20:30,102 - INFO - Avg k-mer size:   0.000013

2024-08-08 22:20:30,102 - INFO - Top 10 k-mers

2024-08-08 22:20:30,102 - INFO -     IKSEAA	1

2024-08-08 22:20:30,102 - INFO -     FEFNAA	1

2024-08-08 22:20:30,102 - INFO -     ESKNAA	1

2024-08-08 22:20:30,102 - INFO -     RNGDCA	1

2024-08-08 22:20:30,102 - INFO -     GNTKCA	1

2024-08-08 22:20:30,102 - INFO -     HELLCA	1

2024-08-08 22:20:30,102 - INFO -     VCDVCA	1

2024-08-08 22:20:30,102 - INFO -     YGVDDA	1

2024-08-08 22:20:30,102 - INFO -     KHWDDA	1

2024-08-08 22:20:30,102 - INFO -     LYGAEA	1

2024-08-08 22:20:30,102 - INFO - Time for index table init: 0h 0m 0s 418ms

2024-08-08 22:20:30,102 - INFO - Process prefiltering step 1 of 1

2024-08-08 22:20:30,103 - INFO - 

2024-08-08 22:20:30,103 - INFO - k-mer similarity threshold: 81

2024-08-08 22:20:30,103 - INFO - Starting prefiltering scores calculation (step 1 of 1)

2024-08-08 22:20:30,103 - INFO - Query db start 1 to 38880

2024-08-08 22:20:30,103 - INFO - Target db start 1 to 7

2024-08-08 22:21:34,391 - INFO - [=================================================================] 38.88K 1m 5s 68ms

2024-08-08 22:21:34,391 - INFO - 

2024-08-08 22:21:34,391 - INFO - 5386.328443 k-mers per position

2024-08-08 22:21:34,391 - INFO - 10 DB matches per sequence

2024-08-08 22:21:34,391 - INFO - 0 overflows

2024-08-08 22:21:34,391 - INFO - 0 queries produce too many hits (truncated result)

2024-08-08 22:21:34,391 - INFO - 0 sequences passed prefiltering per query sequence

2024-08-08 22:21:34,391 - INFO - 0 median result list length

2024-08-08 22:21:34,391 - INFO - 30041 sequences with 0 size result lists

2024-08-08 22:21:34,391 - INFO - Time for merging to pref_0: 0h 0m 0s 25ms

2024-08-08 22:21:34,391 - INFO - Time for processing: 0h 1m 5s 732ms

2024-08-08 22:21:34,479 - INFO - align /data/yangy34/database/pharokka/phrogs_profile_db phage_pharokka/GCA_015343595.1_1034|133-3293/target_dir/target_seqs phage_pharokka/GCA_015343595.1_1034|133-3293/tmp_dir//4569657085826371255/pref_0 phage_pharokka/GCA_015343595.1_1034|133-3293/mmseqs/results_mmseqs --sub-mat nucl:nucleotide.out,aa:blosum62.out -a 0 --alignment-mode 2 --alignment-output-mode 0 --wrapped-scoring 0 -e 1e-05 --min-seq-id 0 --min-aln-len 0 --seq-id-mode 0 --alt-ali 0 -c 0 --cov-mode 0 --max-seq-len 65535 --comp-bias-corr 1 --max-rejected 2147483647 --max-accept 2147483647 --add-self-matches 0 --db-load-mode 0 --pca 1 --pcb 1.5 --score-bias 0 --realign 0 --realign-score-bias -0.2 --realign-max-seqs 2147483647 --gap-open nucl:5,aa:11 --gap-extend nucl:2,aa:1 --zdrop 40 --threads 32 --compressed 0 -v 3 

2024-08-08 22:21:34,480 - INFO - 

2024-08-08 22:21:34,480 - INFO - Compute score and coverage

2024-08-08 22:21:34,480 - INFO - Query database size: 38880 type: Profile

2024-08-08 22:21:34,480 - INFO - Target database size: 7 type: Aminoacid

2024-08-08 22:21:34,480 - INFO - Calculation of alignments

2024-08-08 22:21:34,754 - INFO - [=================================================================] 38.88K 0s 265ms

2024-08-08 22:21:34,754 - INFO - Time for merging to results_mmseqs: 0h 0m 0s 20ms

2024-08-08 22:21:34,754 - INFO - 10904 alignments calculated

2024-08-08 22:21:34,754 - INFO - 0 sequence pairs passed the thresholds (0.000000 of overall calculated)

2024-08-08 22:21:34,754 - INFO - 0.000000 hits per query sequence

2024-08-08 22:21:34,754 - INFO - Time for processing: 0h 0m 0s 356ms

2024-08-08 22:21:35,004 - INFO - createtsv /data/yangy34/database/pharokka/phrogs_profile_db phage_pharokka/GCA_015343595.1_1034|133-3293/target_dir/target_seqs phage_pharokka/GCA_015343595.1_1034|133-3293/mmseqs/results_mmseqs phage_pharokka/GCA_015343595.1_1034|133-3293/mmseqs_results.tsv --full-header --threads 32 

2024-08-08 22:21:35,004 - INFO - 

2024-08-08 22:21:35,004 - INFO - MMseqs Version:                 	13.45111

2024-08-08 22:21:35,004 - INFO - First sequence as representative	false

2024-08-08 22:21:35,004 - INFO - Target column                   	1

2024-08-08 22:21:35,004 - INFO - Add full header                 	true

2024-08-08 22:21:35,004 - INFO - Sequence source                 	0

2024-08-08 22:21:35,005 - INFO - Database output                 	false

2024-08-08 22:21:35,005 - INFO - Threads                         	32

2024-08-08 22:21:35,005 - INFO - Compressed                      	0

2024-08-08 22:21:35,005 - INFO - Verbosity                       	3

2024-08-08 22:21:35,005 - INFO - 

2024-08-08 22:21:35,005 - INFO - Time for merging to mmseqs_results.tsv: 0h 0m 0s 30ms

2024-08-08 22:21:35,005 - INFO - Time for processing: 0h 0m 0s 241ms

2024-08-08 22:21:35,027 - INFO - Running mmseqs2 on CARD.
2024-08-08 22:21:35,085 - INFO - createdb phage_pharokka/GCA_015343595.1_1034|133-3293/phanotate_aas_tmp.fasta phage_pharokka/GCA_015343595.1_1034|133-3293/CARD_target_dir/target_seqs 

2024-08-08 22:21:35,085 - INFO - 

2024-08-08 22:21:35,085 - INFO - MMseqs Version:       	13.45111

2024-08-08 22:21:35,085 - INFO - Database type         	0

2024-08-08 22:21:35,085 - INFO - Shuffle input database	true

2024-08-08 22:21:35,085 - INFO - Createdb mode         	0

2024-08-08 22:21:35,085 - INFO - Write lookup file     	1

2024-08-08 22:21:35,085 - INFO - Offset of numeric ids 	0

2024-08-08 22:21:35,085 - INFO - Compressed            	0

2024-08-08 22:21:35,085 - INFO - Verbosity             	3

2024-08-08 22:21:35,085 - INFO - 

2024-08-08 22:21:35,085 - INFO - Converting sequences

2024-08-08 22:21:35,085 - INFO - [

2024-08-08 22:21:35,085 - INFO - Time for merging to target_seqs_h: 0h 0m 0s 7ms

2024-08-08 22:21:35,085 - INFO - Time for merging to target_seqs: 0h 0m 0s 18ms

2024-08-08 22:21:35,085 - INFO - Database type: Aminoacid

2024-08-08 22:21:35,085 - INFO - Time for processing: 0h 0m 0s 53ms

2024-08-08 22:21:35,093 - INFO - Create directory phage_pharokka/GCA_015343595.1_1034|133-3293/CARD_tmp_dir/

2024-08-08 22:21:35,093 - INFO - search --min-seq-id 0.8 -c 0.4 /data/yangy34/database/pharokka/CARD phage_pharokka/GCA_015343595.1_1034|133-3293/CARD_target_dir/target_seqs phage_pharokka/GCA_015343595.1_1034|133-3293/CARD/results_CARD phage_pharokka/GCA_015343595.1_1034|133-3293/CARD_tmp_dir/ -s 8.5 --threads 32 

2024-08-08 22:21:35,093 - INFO - 

2024-08-08 22:21:35,093 - INFO - MMseqs Version:                        	13.45111

2024-08-08 22:21:35,093 - INFO - Substitution matrix                    	nucl:nucleotide.out,aa:blosum62.out

2024-08-08 22:21:35,093 - INFO - Add backtrace                          	false

2024-08-08 22:21:35,093 - INFO - Alignment mode                         	2

2024-08-08 22:21:35,093 - INFO - Alignment mode                         	0

2024-08-08 22:21:35,093 - INFO - Allow wrapped scoring                  	false

2024-08-08 22:21:35,093 - INFO - E-value threshold                      	0.001

2024-08-08 22:21:35,093 - INFO - Seq. id. threshold                     	0.8

2024-08-08 22:21:35,093 - INFO - Min alignment length                   	0

2024-08-08 22:21:35,093 - INFO - Seq. id. mode                          	0

2024-08-08 22:21:35,093 - INFO - Alternative alignments                 	0

2024-08-08 22:21:35,093 - INFO - Coverage threshold                     	0.4

2024-08-08 22:21:35,093 - INFO - Coverage mode                          	0

2024-08-08 22:21:35,094 - INFO - Max sequence length                    	65535

2024-08-08 22:21:35,094 - INFO - Compositional bias                     	1

2024-08-08 22:21:35,094 - INFO - Max reject                             	2147483647

2024-08-08 22:21:35,094 - INFO - Max accept                             	2147483647

2024-08-08 22:21:35,094 - INFO - Include identical seq. id.             	false

2024-08-08 22:21:35,094 - INFO - Preload mode                           	0

2024-08-08 22:21:35,094 - INFO - Pseudo count a                         	1

2024-08-08 22:21:35,094 - INFO - Pseudo count b                         	1.5

2024-08-08 22:21:35,094 - INFO - Score bias                             	0

2024-08-08 22:21:35,094 - INFO - Realign hits                           	false

2024-08-08 22:21:35,094 - INFO - Realign score bias                     	-0.2

2024-08-08 22:21:35,094 - INFO - Realign max seqs                       	2147483647

2024-08-08 22:21:35,094 - INFO - Gap open cost                          	nucl:5,aa:11

2024-08-08 22:21:35,094 - INFO - Gap extension cost                     	nucl:2,aa:1

2024-08-08 22:21:35,094 - INFO - Zdrop                                  	40

2024-08-08 22:21:35,094 - INFO - Threads                                	32

2024-08-08 22:21:35,094 - INFO - Compressed                             	0

2024-08-08 22:21:35,094 - INFO - Verbosity                              	3

2024-08-08 22:21:35,094 - INFO - Seed substitution matrix               	nucl:nucleotide.out,aa:VTML80.out

2024-08-08 22:21:35,094 - INFO - Sensitivity                            	8.5

2024-08-08 22:21:35,094 - INFO - k-mer length                           	0

2024-08-08 22:21:35,094 - INFO - k-score                                	2147483647

2024-08-08 22:21:35,094 - INFO - Alphabet size                          	nucl:5,aa:21

2024-08-08 22:21:35,094 - INFO - Max results per query                  	300

2024-08-08 22:21:35,094 - INFO - Split database                         	0

2024-08-08 22:21:35,094 - INFO - Split mode                             	2

2024-08-08 22:21:35,094 - INFO - Split memory limit                     	0

2024-08-08 22:21:35,094 - INFO - Diagonal scoring                       	true

2024-08-08 22:21:35,095 - INFO - Exact k-mer matching                   	0

2024-08-08 22:21:35,095 - INFO - Mask residues                          	1

2024-08-08 22:21:35,095 - INFO - Mask lower case residues               	0

2024-08-08 22:21:35,095 - INFO - Minimum diagonal score                 	15

2024-08-08 22:21:35,095 - INFO - Spaced k-mers                          	1

2024-08-08 22:21:35,095 - INFO - Spaced k-mer pattern                   	

2024-08-08 22:21:35,095 - INFO - Local temporary path                   	

2024-08-08 22:21:35,095 - INFO - Rescore mode                           	0

2024-08-08 22:21:35,095 - INFO - Remove hits by seq. id. and coverage   	false

2024-08-08 22:21:35,095 - INFO - Sort results                           	0

2024-08-08 22:21:35,095 - INFO - Mask profile                           	1

2024-08-08 22:21:35,095 - INFO - Profile E-value threshold              	0.1

2024-08-08 22:21:35,095 - INFO - Global sequence weighting              	false

2024-08-08 22:21:35,095 - INFO - Allow deletions                        	false

2024-08-08 22:21:35,095 - INFO - Filter MSA                             	1

2024-08-08 22:21:35,095 - INFO - Maximum seq. id. threshold             	0.9

2024-08-08 22:21:35,095 - INFO - Minimum seq. id.                       	0

2024-08-08 22:21:35,095 - INFO - Minimum score per column               	-20

2024-08-08 22:21:35,095 - INFO - Minimum coverage                       	0

2024-08-08 22:21:35,095 - INFO - Select N most diverse seqs             	1000

2024-08-08 22:21:35,095 - INFO - Min codons in orf                      	30

2024-08-08 22:21:35,095 - INFO - Max codons in length                   	32734

2024-08-08 22:21:35,095 - INFO - Max orf gaps                           	2147483647

2024-08-08 22:21:35,095 - INFO - Contig start mode                      	2

2024-08-08 22:21:35,095 - INFO - Contig end mode                        	2

2024-08-08 22:21:35,095 - INFO - Orf start mode                         	1

2024-08-08 22:21:35,095 - INFO - Forward frames                         	1,2,3

2024-08-08 22:21:35,095 - INFO - Reverse frames                         	1,2,3

2024-08-08 22:21:35,095 - INFO - Translation table                      	1

2024-08-08 22:21:35,096 - INFO - Translate orf                          	0

2024-08-08 22:21:35,096 - INFO - Use all table starts                   	false

2024-08-08 22:21:35,096 - INFO - Offset of numeric ids                  	0

2024-08-08 22:21:35,096 - INFO - Create lookup                          	0

2024-08-08 22:21:35,096 - INFO - Add orf stop                           	false

2024-08-08 22:21:35,096 - INFO - Overlap between sequences              	0

2024-08-08 22:21:35,096 - INFO - Sequence split mode                    	1

2024-08-08 22:21:35,096 - INFO - Header split mode                      	0

2024-08-08 22:21:35,096 - INFO - Chain overlapping alignments           	0

2024-08-08 22:21:35,096 - INFO - Merge query                            	1

2024-08-08 22:21:35,096 - INFO - Search type                            	0

2024-08-08 22:21:35,096 - INFO - Search iterations                      	1

2024-08-08 22:21:35,096 - INFO - Start sensitivity                      	4

2024-08-08 22:21:35,096 - INFO - Search steps                           	1

2024-08-08 22:21:35,096 - INFO - Exhaustive search mode                 	false

2024-08-08 22:21:35,096 - INFO - Filter results during exhaustive search	0

2024-08-08 22:21:35,096 - INFO - Strand selection                       	1

2024-08-08 22:21:35,096 - INFO - LCA search mode                        	false

2024-08-08 22:21:35,096 - INFO - Disk space limit                       	0

2024-08-08 22:21:35,096 - INFO - MPI runner                             	

2024-08-08 22:21:35,096 - INFO - Force restart with latest tmp          	false

2024-08-08 22:21:35,096 - INFO - Remove temporary files                 	false

2024-08-08 22:21:35,096 - INFO - 

2024-08-08 22:21:35,242 - INFO - prefilter /data/yangy34/database/pharokka/CARD phage_pharokka/GCA_015343595.1_1034|133-3293/CARD_target_dir/target_seqs phage_pharokka/GCA_015343595.1_1034|133-3293/CARD_tmp_dir//6941366397122688972/pref_0 --sub-mat nucl:nucleotide.out,aa:blosum62.out --seed-sub-mat nucl:nucleotide.out,aa:VTML80.out -k 0 --k-score 2147483647 --alph-size nucl:5,aa:21 --max-seq-len 65535 --max-seqs 300 --split 0 --split-mode 2 --split-memory-limit 0 -c 0.4 --cov-mode 0 --comp-bias-corr 1 --diag-score 1 --exact-kmer-matching 0 --mask 1 --mask-lower-case 0 --min-ungapped-score 15 --add-self-matches 0 --spaced-kmer-mode 1 --db-load-mode 0 --pca 1 --pcb 1.5 --threads 32 --compressed 0 -v 3 -s 8.5 

2024-08-08 22:21:35,242 - INFO - 

2024-08-08 22:21:35,243 - INFO - Query database size: 4641 type: Aminoacid

2024-08-08 22:21:35,243 - INFO - Estimated memory consumption: 977M

2024-08-08 22:21:35,243 - INFO - Target database size: 7 type: Aminoacid

2024-08-08 22:21:35,243 - INFO - Index table k-mer threshold: 87 at k-mer size 6 

2024-08-08 22:21:35,243 - INFO - Index table: counting k-mers

2024-08-08 22:21:35,421 - INFO - [=================================================================] 7 0s 3ms

2024-08-08 22:21:35,421 - INFO - Index table: Masked residues: 0

2024-08-08 22:21:35,421 - INFO - Index table: fill

2024-08-08 22:21:35,915 - INFO - [=================================================================] 7 0s 1ms

2024-08-08 22:21:35,915 - INFO - Index statistics

2024-08-08 22:21:35,915 - INFO - Entries:          830

2024-08-08 22:21:35,915 - INFO - DB size:          488 MB

2024-08-08 22:21:35,915 - INFO - Avg k-mer size:   0.000013

2024-08-08 22:21:35,915 - INFO - Top 10 k-mers

2024-08-08 22:21:35,915 - INFO -     IKSEAA	1

2024-08-08 22:21:35,915 - INFO -     FEFNAA	1

2024-08-08 22:21:35,915 - INFO -     ESKNAA	1

2024-08-08 22:21:35,915 - INFO -     RNGDCA	1

2024-08-08 22:21:35,915 - INFO -     GNTKCA	1

2024-08-08 22:21:35,916 - INFO -     HELLCA	1

2024-08-08 22:21:35,916 - INFO -     VCDVCA	1

2024-08-08 22:21:35,916 - INFO -     YGVDDA	1

2024-08-08 22:21:35,916 - INFO -     KHWDDA	1

2024-08-08 22:21:35,916 - INFO -     LYGAEA	1

2024-08-08 22:21:35,916 - INFO - Time for index table init: 0h 0m 0s 516ms

2024-08-08 22:21:35,916 - INFO - Process prefiltering step 1 of 1

2024-08-08 22:21:35,916 - INFO - 

2024-08-08 22:21:35,916 - INFO - k-mer similarity threshold: 87

2024-08-08 22:21:35,916 - INFO - Starting prefiltering scores calculation (step 1 of 1)

2024-08-08 22:21:35,916 - INFO - Query db start 1 to 4641

2024-08-08 22:21:35,916 - INFO - Target db start 1 to 7

2024-08-08 22:21:44,718 - INFO - [=================================================================] 4.64K 8s 838ms

2024-08-08 22:21:44,719 - INFO - 

2024-08-08 22:21:44,719 - INFO - 3883.681631 k-mers per position

2024-08-08 22:21:44,719 - INFO - 16 DB matches per sequence

2024-08-08 22:21:44,719 - INFO - 0 overflows

2024-08-08 22:21:44,719 - INFO - 0 queries produce too many hits (truncated result)

2024-08-08 22:21:44,719 - INFO - 0 sequences passed prefiltering per query sequence

2024-08-08 22:21:44,719 - INFO - 0 median result list length

2024-08-08 22:21:44,719 - INFO - 3374 sequences with 0 size result lists

2024-08-08 22:21:44,719 - INFO - Time for merging to pref_0: 0h 0m 0s 12ms

2024-08-08 22:21:44,719 - INFO - Time for processing: 0h 0m 9s 617ms

2024-08-08 22:21:44,741 - INFO - align /data/yangy34/database/pharokka/CARD phage_pharokka/GCA_015343595.1_1034|133-3293/CARD_target_dir/target_seqs phage_pharokka/GCA_015343595.1_1034|133-3293/CARD_tmp_dir//6941366397122688972/pref_0 phage_pharokka/GCA_015343595.1_1034|133-3293/CARD/results_CARD --sub-mat nucl:nucleotide.out,aa:blosum62.out -a 0 --alignment-mode 2 --alignment-output-mode 0 --wrapped-scoring 0 -e 0.001 --min-seq-id 0.8 --min-aln-len 0 --seq-id-mode 0 --alt-ali 0 -c 0.4 --cov-mode 0 --max-seq-len 65535 --comp-bias-corr 1 --max-rejected 2147483647 --max-accept 2147483647 --add-self-matches 0 --db-load-mode 0 --pca 1 --pcb 1.5 --score-bias 0 --realign 0 --realign-score-bias -0.2 --realign-max-seqs 2147483647 --gap-open nucl:5,aa:11 --gap-extend nucl:2,aa:1 --zdrop 40 --threads 32 --compressed 0 -v 3 

2024-08-08 22:21:44,742 - INFO - 

2024-08-08 22:21:44,742 - INFO - Compute score and coverage

2024-08-08 22:21:44,742 - INFO - Query database size: 4641 type: Aminoacid

2024-08-08 22:21:44,742 - INFO - Target database size: 7 type: Aminoacid

2024-08-08 22:21:44,742 - INFO - Calculation of alignments

2024-08-08 22:21:44,763 - INFO - [=================================================================] 4.64K 0s 12ms

2024-08-08 22:21:44,763 - INFO - Time for merging to results_CARD: 0h 0m 0s 10ms

2024-08-08 22:21:44,763 - INFO - 765 alignments calculated

2024-08-08 22:21:44,763 - INFO - 0 sequence pairs passed the thresholds (0.000000 of overall calculated)

2024-08-08 22:21:44,763 - INFO - 0.000000 hits per query sequence

2024-08-08 22:21:44,763 - INFO - Time for processing: 0h 0m 0s 37ms

2024-08-08 22:21:44,825 - INFO - createtsv /data/yangy34/database/pharokka/CARD phage_pharokka/GCA_015343595.1_1034|133-3293/CARD_target_dir/target_seqs phage_pharokka/GCA_015343595.1_1034|133-3293/CARD/results_CARD phage_pharokka/GCA_015343595.1_1034|133-3293/CARD_results.tsv --full-header --threads 32 

2024-08-08 22:21:44,825 - INFO - 

2024-08-08 22:21:44,825 - INFO - MMseqs Version:                 	13.45111

2024-08-08 22:21:44,825 - INFO - First sequence as representative	false

2024-08-08 22:21:44,825 - INFO - Target column                   	1

2024-08-08 22:21:44,825 - INFO - Add full header                 	true

2024-08-08 22:21:44,825 - INFO - Sequence source                 	0

2024-08-08 22:21:44,825 - INFO - Database output                 	false

2024-08-08 22:21:44,825 - INFO - Threads                         	32

2024-08-08 22:21:44,825 - INFO - Compressed                      	0

2024-08-08 22:21:44,825 - INFO - Verbosity                       	3

2024-08-08 22:21:44,825 - INFO - 

2024-08-08 22:21:44,825 - INFO - Time for merging to CARD_results.tsv: 0h 0m 0s 13ms

2024-08-08 22:21:44,826 - INFO - Time for processing: 0h 0m 0s 55ms

2024-08-08 22:21:44,828 - INFO - Running mmseqs2 on vfdb.
2024-08-08 22:21:44,885 - INFO - createdb phage_pharokka/GCA_015343595.1_1034|133-3293/phanotate_aas_tmp.fasta phage_pharokka/GCA_015343595.1_1034|133-3293/vfdb_target_dir/target_seqs 

2024-08-08 22:21:44,885 - INFO - 

2024-08-08 22:21:44,885 - INFO - MMseqs Version:       	13.45111

2024-08-08 22:21:44,885 - INFO - Database type         	0

2024-08-08 22:21:44,885 - INFO - Shuffle input database	true

2024-08-08 22:21:44,886 - INFO - Createdb mode         	0

2024-08-08 22:21:44,886 - INFO - Write lookup file     	1

2024-08-08 22:21:44,886 - INFO - Offset of numeric ids 	0

2024-08-08 22:21:44,886 - INFO - Compressed            	0

2024-08-08 22:21:44,886 - INFO - Verbosity             	3

2024-08-08 22:21:44,886 - INFO - 

2024-08-08 22:21:44,886 - INFO - Converting sequences

2024-08-08 22:21:44,886 - INFO - [

2024-08-08 22:21:44,886 - INFO - Time for merging to target_seqs_h: 0h 0m 0s 7ms

2024-08-08 22:21:44,886 - INFO - Time for merging to target_seqs: 0h 0m 0s 19ms

2024-08-08 22:21:44,886 - INFO - Database type: Aminoacid

2024-08-08 22:21:44,886 - INFO - Time for processing: 0h 0m 0s 53ms

2024-08-08 22:21:44,895 - INFO - Create directory phage_pharokka/GCA_015343595.1_1034|133-3293/vfdb_tmp_dir/

2024-08-08 22:21:44,895 - INFO - search --min-seq-id 0.8 -c 0.4 /data/yangy34/database/pharokka/vfdb phage_pharokka/GCA_015343595.1_1034|133-3293/vfdb_target_dir/target_seqs phage_pharokka/GCA_015343595.1_1034|133-3293/vfdb/results_vfdb phage_pharokka/GCA_015343595.1_1034|133-3293/vfdb_tmp_dir/ -s 8.5 --threads 32 

2024-08-08 22:21:44,895 - INFO - 

2024-08-08 22:21:44,895 - INFO - MMseqs Version:                        	13.45111

2024-08-08 22:21:44,895 - INFO - Substitution matrix                    	nucl:nucleotide.out,aa:blosum62.out

2024-08-08 22:21:44,895 - INFO - Add backtrace                          	false

2024-08-08 22:21:44,895 - INFO - Alignment mode                         	2

2024-08-08 22:21:44,895 - INFO - Alignment mode                         	0

2024-08-08 22:21:44,895 - INFO - Allow wrapped scoring                  	false

2024-08-08 22:21:44,896 - INFO - E-value threshold                      	0.001

2024-08-08 22:21:44,896 - INFO - Seq. id. threshold                     	0.8

2024-08-08 22:21:44,896 - INFO - Min alignment length                   	0

2024-08-08 22:21:44,896 - INFO - Seq. id. mode                          	0

2024-08-08 22:21:44,896 - INFO - Alternative alignments                 	0

2024-08-08 22:21:44,896 - INFO - Coverage threshold                     	0.4

2024-08-08 22:21:44,896 - INFO - Coverage mode                          	0

2024-08-08 22:21:44,896 - INFO - Max sequence length                    	65535

2024-08-08 22:21:44,896 - INFO - Compositional bias                     	1

2024-08-08 22:21:44,896 - INFO - Max reject                             	2147483647

2024-08-08 22:21:44,896 - INFO - Max accept                             	2147483647

2024-08-08 22:21:44,896 - INFO - Include identical seq. id.             	false

2024-08-08 22:21:44,896 - INFO - Preload mode                           	0

2024-08-08 22:21:44,896 - INFO - Pseudo count a                         	1

2024-08-08 22:21:44,896 - INFO - Pseudo count b                         	1.5

2024-08-08 22:21:44,896 - INFO - Score bias                             	0

2024-08-08 22:21:44,896 - INFO - Realign hits                           	false

2024-08-08 22:21:44,896 - INFO - Realign score bias                     	-0.2

2024-08-08 22:21:44,896 - INFO - Realign max seqs                       	2147483647

2024-08-08 22:21:44,896 - INFO - Gap open cost                          	nucl:5,aa:11

2024-08-08 22:21:44,896 - INFO - Gap extension cost                     	nucl:2,aa:1

2024-08-08 22:21:44,896 - INFO - Zdrop                                  	40

2024-08-08 22:21:44,896 - INFO - Threads                                	32

2024-08-08 22:21:44,896 - INFO - Compressed                             	0

2024-08-08 22:21:44,896 - INFO - Verbosity                              	3

2024-08-08 22:21:44,896 - INFO - Seed substitution matrix               	nucl:nucleotide.out,aa:VTML80.out

2024-08-08 22:21:44,896 - INFO - Sensitivity                            	8.5

2024-08-08 22:21:44,896 - INFO - k-mer length                           	0

2024-08-08 22:21:44,897 - INFO - k-score                                	2147483647

2024-08-08 22:21:44,897 - INFO - Alphabet size                          	nucl:5,aa:21

2024-08-08 22:21:44,897 - INFO - Max results per query                  	300

2024-08-08 22:21:44,897 - INFO - Split database                         	0

2024-08-08 22:21:44,897 - INFO - Split mode                             	2

2024-08-08 22:21:44,897 - INFO - Split memory limit                     	0

2024-08-08 22:21:44,897 - INFO - Diagonal scoring                       	true

2024-08-08 22:21:44,897 - INFO - Exact k-mer matching                   	0

2024-08-08 22:21:44,897 - INFO - Mask residues                          	1

2024-08-08 22:21:44,897 - INFO - Mask lower case residues               	0

2024-08-08 22:21:44,897 - INFO - Minimum diagonal score                 	15

2024-08-08 22:21:44,897 - INFO - Spaced k-mers                          	1

2024-08-08 22:21:44,897 - INFO - Spaced k-mer pattern                   	

2024-08-08 22:21:44,897 - INFO - Local temporary path                   	

2024-08-08 22:21:44,897 - INFO - Rescore mode                           	0

2024-08-08 22:21:44,897 - INFO - Remove hits by seq. id. and coverage   	false

2024-08-08 22:21:44,897 - INFO - Sort results                           	0

2024-08-08 22:21:44,897 - INFO - Mask profile                           	1

2024-08-08 22:21:44,897 - INFO - Profile E-value threshold              	0.1

2024-08-08 22:21:44,897 - INFO - Global sequence weighting              	false

2024-08-08 22:21:44,897 - INFO - Allow deletions                        	false

2024-08-08 22:21:44,897 - INFO - Filter MSA                             	1

2024-08-08 22:21:44,897 - INFO - Maximum seq. id. threshold             	0.9

2024-08-08 22:21:44,897 - INFO - Minimum seq. id.                       	0

2024-08-08 22:21:44,897 - INFO - Minimum score per column               	-20

2024-08-08 22:21:44,897 - INFO - Minimum coverage                       	0

2024-08-08 22:21:44,897 - INFO - Select N most diverse seqs             	1000

2024-08-08 22:21:44,898 - INFO - Min codons in orf                      	30

2024-08-08 22:21:44,898 - INFO - Max codons in length                   	32734

2024-08-08 22:21:44,898 - INFO - Max orf gaps                           	2147483647

2024-08-08 22:21:44,898 - INFO - Contig start mode                      	2

2024-08-08 22:21:44,898 - INFO - Contig end mode                        	2

2024-08-08 22:21:44,898 - INFO - Orf start mode                         	1

2024-08-08 22:21:44,898 - INFO - Forward frames                         	1,2,3

2024-08-08 22:21:44,898 - INFO - Reverse frames                         	1,2,3

2024-08-08 22:21:44,898 - INFO - Translation table                      	1

2024-08-08 22:21:44,898 - INFO - Translate orf                          	0

2024-08-08 22:21:44,898 - INFO - Use all table starts                   	false

2024-08-08 22:21:44,898 - INFO - Offset of numeric ids                  	0

2024-08-08 22:21:44,898 - INFO - Create lookup                          	0

2024-08-08 22:21:44,898 - INFO - Add orf stop                           	false

2024-08-08 22:21:44,898 - INFO - Overlap between sequences              	0

2024-08-08 22:21:44,898 - INFO - Sequence split mode                    	1

2024-08-08 22:21:44,898 - INFO - Header split mode                      	0

2024-08-08 22:21:44,898 - INFO - Chain overlapping alignments           	0

2024-08-08 22:21:44,898 - INFO - Merge query                            	1

2024-08-08 22:21:44,898 - INFO - Search type                            	0

2024-08-08 22:21:44,898 - INFO - Search iterations                      	1

2024-08-08 22:21:44,898 - INFO - Start sensitivity                      	4

2024-08-08 22:21:44,898 - INFO - Search steps                           	1

2024-08-08 22:21:44,898 - INFO - Exhaustive search mode                 	false

2024-08-08 22:21:44,898 - INFO - Filter results during exhaustive search	0

2024-08-08 22:21:44,898 - INFO - Strand selection                       	1

2024-08-08 22:21:44,898 - INFO - LCA search mode                        	false

2024-08-08 22:21:44,898 - INFO - Disk space limit                       	0

2024-08-08 22:21:44,899 - INFO - MPI runner                             	

2024-08-08 22:21:44,899 - INFO - Force restart with latest tmp          	false

2024-08-08 22:21:44,899 - INFO - Remove temporary files                 	false

2024-08-08 22:21:44,899 - INFO - 

2024-08-08 22:21:45,049 - INFO - prefilter /data/yangy34/database/pharokka/vfdb phage_pharokka/GCA_015343595.1_1034|133-3293/vfdb_target_dir/target_seqs phage_pharokka/GCA_015343595.1_1034|133-3293/vfdb_tmp_dir//13750248098505310387/pref_0 --sub-mat nucl:nucleotide.out,aa:blosum62.out --seed-sub-mat nucl:nucleotide.out,aa:VTML80.out -k 0 --k-score 2147483647 --alph-size nucl:5,aa:21 --max-seq-len 65535 --max-seqs 300 --split 0 --split-mode 2 --split-memory-limit 0 -c 0.4 --cov-mode 0 --comp-bias-corr 1 --diag-score 1 --exact-kmer-matching 0 --mask 1 --mask-lower-case 0 --min-ungapped-score 15 --add-self-matches 0 --spaced-kmer-mode 1 --db-load-mode 0 --pca 1 --pcb 1.5 --threads 32 --compressed 0 -v 3 -s 8.5 

2024-08-08 22:21:45,049 - INFO - 

2024-08-08 22:21:45,049 - INFO - Query database size: 27504 type: Aminoacid

2024-08-08 22:21:45,049 - INFO - Estimated memory consumption: 977M

2024-08-08 22:21:45,049 - INFO - Target database size: 7 type: Aminoacid

2024-08-08 22:21:45,050 - INFO - Index table k-mer threshold: 87 at k-mer size 6 

2024-08-08 22:21:45,050 - INFO - Index table: counting k-mers

2024-08-08 22:21:45,173 - INFO - [=================================================================] 7 0s 4ms

2024-08-08 22:21:45,173 - INFO - Index table: Masked residues: 0

2024-08-08 22:21:45,173 - INFO - Index table: fill

2024-08-08 22:21:46,478 - INFO - [=================================================================] 7 0s 1ms

2024-08-08 22:21:46,478 - INFO - Index statistics

2024-08-08 22:21:46,478 - INFO - Entries:          830

2024-08-08 22:21:46,478 - INFO - DB size:          488 MB

2024-08-08 22:21:46,478 - INFO - Avg k-mer size:   0.000013

2024-08-08 22:21:46,478 - INFO - Top 10 k-mers

2024-08-08 22:21:46,478 - INFO -     IKSEAA	1

2024-08-08 22:21:46,478 - INFO -     FEFNAA	1

2024-08-08 22:21:46,478 - INFO -     ESKNAA	1

2024-08-08 22:21:46,478 - INFO -     RNGDCA	1

2024-08-08 22:21:46,478 - INFO -     GNTKCA	1

2024-08-08 22:21:46,478 - INFO -     HELLCA	1

2024-08-08 22:21:46,479 - INFO -     VCDVCA	1

2024-08-08 22:21:46,479 - INFO -     YGVDDA	1

2024-08-08 22:21:46,479 - INFO -     KHWDDA	1

2024-08-08 22:21:46,479 - INFO -     LYGAEA	1

2024-08-08 22:21:46,479 - INFO - Time for index table init: 0h 0m 0s 428ms

2024-08-08 22:21:46,479 - INFO - Process prefiltering step 1 of 1

2024-08-08 22:21:46,479 - INFO - 

2024-08-08 22:21:46,479 - INFO - k-mer similarity threshold: 87

2024-08-08 22:21:46,479 - INFO - Starting prefiltering scores calculation (step 1 of 1)

2024-08-08 22:21:46,479 - INFO - Query db start 1 to 27504

2024-08-08 22:21:46,479 - INFO - Target db start 1 to 7

2024-08-08 22:22:52,276 - INFO - [=================================================================] 27.50K 1m 6s 246ms

2024-08-08 22:22:52,276 - INFO - 

2024-08-08 22:22:52,277 - INFO - 3159.764157 k-mers per position

2024-08-08 22:22:52,277 - INFO - 21 DB matches per sequence

2024-08-08 22:22:52,277 - INFO - 0 overflows

2024-08-08 22:22:52,277 - INFO - 0 queries produce too many hits (truncated result)

2024-08-08 22:22:52,277 - INFO - 0 sequences passed prefiltering per query sequence

2024-08-08 22:22:52,277 - INFO - 0 median result list length

2024-08-08 22:22:52,277 - INFO - 18232 sequences with 0 size result lists

2024-08-08 22:22:52,277 - INFO - Time for merging to pref_0: 0h 0m 0s 18ms

2024-08-08 22:22:52,277 - INFO - Time for processing: 0h 1m 7s 373ms

2024-08-08 22:22:52,314 - INFO - align /data/yangy34/database/pharokka/vfdb phage_pharokka/GCA_015343595.1_1034|133-3293/vfdb_target_dir/target_seqs phage_pharokka/GCA_015343595.1_1034|133-3293/vfdb_tmp_dir//13750248098505310387/pref_0 phage_pharokka/GCA_015343595.1_1034|133-3293/vfdb/results_vfdb --sub-mat nucl:nucleotide.out,aa:blosum62.out -a 0 --alignment-mode 2 --alignment-output-mode 0 --wrapped-scoring 0 -e 0.001 --min-seq-id 0.8 --min-aln-len 0 --seq-id-mode 0 --alt-ali 0 -c 0.4 --cov-mode 0 --max-seq-len 65535 --comp-bias-corr 1 --max-rejected 2147483647 --max-accept 2147483647 --add-self-matches 0 --db-load-mode 0 --pca 1 --pcb 1.5 --score-bias 0 --realign 0 --realign-score-bias -0.2 --realign-max-seqs 2147483647 --gap-open nucl:5,aa:11 --gap-extend nucl:2,aa:1 --zdrop 40 --threads 32 --compressed 0 -v 3 

2024-08-08 22:22:52,314 - INFO - 

2024-08-08 22:22:52,314 - INFO - Compute score and coverage

2024-08-08 22:22:52,314 - INFO - Query database size: 27504 type: Aminoacid

2024-08-08 22:22:52,314 - INFO - Target database size: 7 type: Aminoacid

2024-08-08 22:22:52,314 - INFO - Calculation of alignments

2024-08-08 22:22:52,365 - INFO - [=================================================================] 27.50K 0s 29ms

2024-08-08 22:22:52,365 - INFO - Time for merging to results_vfdb: 0h 0m 0s 16ms

2024-08-08 22:22:52,365 - INFO - 3950 alignments calculated

2024-08-08 22:22:52,365 - INFO - 0 sequence pairs passed the thresholds (0.000000 of overall calculated)

2024-08-08 22:22:52,365 - INFO - 0.000000 hits per query sequence

2024-08-08 22:22:52,366 - INFO - Time for processing: 0h 0m 0s 81ms

2024-08-08 22:22:52,448 - INFO - createtsv /data/yangy34/database/pharokka/vfdb phage_pharokka/GCA_015343595.1_1034|133-3293/vfdb_target_dir/target_seqs phage_pharokka/GCA_015343595.1_1034|133-3293/vfdb/results_vfdb phage_pharokka/GCA_015343595.1_1034|133-3293/vfdb_results.tsv --full-header --threads 32 

2024-08-08 22:22:52,448 - INFO - 

2024-08-08 22:22:52,448 - INFO - MMseqs Version:                 	13.45111

2024-08-08 22:22:52,448 - INFO - First sequence as representative	false

2024-08-08 22:22:52,448 - INFO - Target column                   	1

2024-08-08 22:22:52,448 - INFO - Add full header                 	true

2024-08-08 22:22:52,448 - INFO - Sequence source                 	0

2024-08-08 22:22:52,448 - INFO - Database output                 	false

2024-08-08 22:22:52,448 - INFO - Threads                         	32

2024-08-08 22:22:52,448 - INFO - Compressed                      	0

2024-08-08 22:22:52,449 - INFO - Verbosity                       	3

2024-08-08 22:22:52,449 - INFO - 

2024-08-08 22:22:52,449 - INFO - Time for merging to vfdb_results.tsv: 0h 0m 0s 20ms

2024-08-08 22:22:52,449 - INFO - Time for processing: 0h 0m 0s 76ms

2024-08-08 22:22:52,475 - INFO - Post Processing Output.
2024-08-08 22:22:52,763 - INFO - Converting gff to genbank.
2024-08-08 22:22:52,770 - WARNING - /gpfs/gsfs12/users/yangy34/softwares/mambaforge/envs/pharokka-env/lib/python3.10/site-packages/Bio/SeqIO/InsdcIO.py:728: BiopythonWarning: Increasing length of locus line to allow long name. This will result in fields that are not in usual positions.
  warnings.warn(

2024-08-08 22:22:52,785 - INFO - Finding the closest match for each contig in INPHARED using mash.
2024-08-08 22:22:52,807 - INFO - Sketching GCA_015343595.1_53_phages/GCA_015343595.1_1034_133_3293_prophage.fasta...

2024-08-08 22:22:52,808 - INFO - Writing to phage_pharokka/GCA_015343595.1_1034|133-3293/input_mash_sketch.msh...

2024-08-08 22:22:54,217 - INFO - pharokka has finished
2024-08-08 22:22:54,217 - INFO - Elapsed time: 151.29 seconds
2024-08-08 22:22:54,217 - INFO - If you use pharokka in your research, please cite:
2024-08-08 22:22:54,217 - INFO - George Bouras, Roshan Nepal, Ghais Houtak, Alkis James Psaltis, Peter-John Wormald, Sarah Vreugde.
2024-08-08 22:22:54,217 - INFO - Pharokka: a fast scalable bacteriophage annotation tool.
2024-08-08 22:22:54,217 - INFO - Bioinformatics, Volume 39, Issue 1, January 2023, btac776.
2024-08-08 22:22:54,217 - INFO - https://doi.org/10.1093/bioinformatics/btac776.
2024-08-08 22:22:54,218 - INFO - You should also cite the full list of tools pharokka uses, which can be found at https://github.com/gbouras13/pharokka#citation.
