2024-08-08 22:09:38,799 - INFO - Starting pharokka v1.3.2
2024-08-08 22:09:38,800 - INFO - Input args: Namespace(infile='GCA_015343595.1_53_phages/GCA_015343595.1_1065_51_2418_prophage.fasta', outdir='phage_pharokka/GCA_015343595.1_1065|51-2418', database='/data/yangy34/database/pharokka', threads='32', force=False, prefix='Default', locustag='Default', gene_predictor='phanotate', meta=False, split=False, coding_table='11', evalue='1E-05', terminase=False, terminase_strand='nothing', terminase_start='nothing', citation=False)
2024-08-08 22:09:38,800 - INFO - Checking database installation.
2024-08-08 22:09:38,819 - INFO - All databases have been successfully checked.
2024-08-08 22:09:38,819 - INFO - Checking dependencies.
2024-08-08 22:09:39,816 - INFO - phan_out version found is v1.5.1.
2024-08-08 22:09:39,816 - INFO - Phanotate version is ok.
2024-08-08 22:09:39,925 - INFO - MMseqs2 version found is v13.45111.
2024-08-08 22:09:39,925 - INFO - MMseqs2 version is ok.
2024-08-08 22:09:40,786 - INFO - tRNAscan-SE version found is v2.45111.11.
2024-08-08 22:09:40,787 - INFO - tRNAscan-SE version is ok.
2024-08-08 22:09:41,312 - INFO - MinCED version found is v0.4.2.
2024-08-08 22:09:41,312 - INFO - MinCED version is ok.
2024-08-08 22:09:41,328 - INFO - ARAGORN version found is v1.2.41.
2024-08-08 22:09:41,328 - INFO - ARAGORN version is ok.
2024-08-08 22:09:41,382 - INFO - mash version found is v2.2.
2024-08-08 22:09:41,382 - INFO - mash version is ok.
2024-08-08 22:09:41,594 - INFO - Running Phanotate.
2024-08-08 22:09:43,009 - INFO - Translating gene predicted fastas.
2024-08-08 22:09:43,024 - INFO - Starting tRNA-scanSE
2024-08-08 22:09:43,164 - INFO - 

2024-08-08 22:09:43,164 - INFO - tRNAscan-SE v.2.0.11 (Oct 2022) - scan sequences for transfer RNAs

2024-08-08 22:09:43,164 - INFO - Copyright (C) 2022 Patricia Chan and Todd Lowe

2024-08-08 22:09:43,164 - INFO -                    University of California Santa Cruz

2024-08-08 22:09:43,164 - INFO - Freely distributed under the GNU General Public License (GPLv3)

2024-08-08 22:09:43,164 - INFO - 

2024-08-08 22:09:43,164 - INFO - ------------------------------------------------------------

2024-08-08 22:09:43,164 - INFO - Sequence file(s) to search:        GCA_015343595.1_53_phages/GCA_015343595.1_1065_51_2418_prophage.fasta

2024-08-08 22:09:43,164 - INFO - Search Mode:                       General

2024-08-08 22:09:43,164 - INFO - Results written to:                Standard output

2024-08-08 22:09:43,164 - INFO - Output format:                     Tabular

2024-08-08 22:09:43,165 - INFO - Searching with:                    Infernal single-pass scan

2024-08-08 22:09:43,165 - INFO -                                    Fast mode

2024-08-08 22:09:43,165 - INFO - Covariance model:                  /gpfs/gsfs12/users/yangy34/softwares/mambaforge/envs/pharokka-env/lib/tRNAscan-SE/models/TRNAinf.cm

2024-08-08 22:09:43,165 - INFO - 

2024-08-08 22:09:43,165 - INFO - Temporary directory:               /tmp

2024-08-08 22:09:43,165 - INFO - tRNA predictions saved to:         phage_pharokka/GCA_015343595.1_1065|51-2418/trnascan_out.gff

2024-08-08 22:09:43,165 - INFO - ------------------------------------------------------------

2024-08-08 22:09:43,165 - INFO - 

2024-08-08 22:09:43,269 - INFO - No tRNAs found.

2024-08-08 22:09:43,269 - INFO - 

2024-08-08 22:09:43,282 - INFO - Running MinCED.
2024-08-08 22:09:43,403 - INFO - Running Aragorn.
2024-08-08 22:09:43,406 - INFO - Starting MMseqs2.
2024-08-08 22:09:43,406 - INFO - Running MMseqs2 on PHROGs Database.
2024-08-08 22:09:43,507 - INFO - createdb phage_pharokka/GCA_015343595.1_1065|51-2418/phanotate_aas_tmp.fasta phage_pharokka/GCA_015343595.1_1065|51-2418/target_dir/target_seqs 

2024-08-08 22:09:43,507 - INFO - 

2024-08-08 22:09:43,507 - INFO - MMseqs Version:       	13.45111

2024-08-08 22:09:43,507 - INFO - Database type         	0

2024-08-08 22:09:43,507 - INFO - Shuffle input database	true

2024-08-08 22:09:43,509 - INFO - Createdb mode         	0

2024-08-08 22:09:43,509 - INFO - Write lookup file     	1

2024-08-08 22:09:43,509 - INFO - Offset of numeric ids 	0

2024-08-08 22:09:43,509 - INFO - Compressed            	0

2024-08-08 22:09:43,509 - INFO - Verbosity             	3

2024-08-08 22:09:43,509 - INFO - 

2024-08-08 22:09:43,509 - INFO - Converting sequences

2024-08-08 22:09:43,509 - INFO - [

2024-08-08 22:09:43,509 - INFO - Time for merging to target_seqs_h: 0h 0m 0s 21ms

2024-08-08 22:09:43,509 - INFO - Time for merging to target_seqs: 0h 0m 0s 21ms

2024-08-08 22:09:43,509 - INFO - Database type: Aminoacid

2024-08-08 22:09:43,509 - INFO - Time for processing: 0h 0m 0s 96ms

2024-08-08 22:09:43,517 - INFO - Create directory phage_pharokka/GCA_015343595.1_1065|51-2418/tmp_dir/

2024-08-08 22:09:43,517 - INFO - search -e 1E-05 /data/yangy34/database/pharokka/phrogs_profile_db phage_pharokka/GCA_015343595.1_1065|51-2418/target_dir/target_seqs phage_pharokka/GCA_015343595.1_1065|51-2418/mmseqs/results_mmseqs phage_pharokka/GCA_015343595.1_1065|51-2418/tmp_dir/ -s 8.5 --threads 32 

2024-08-08 22:09:43,517 - INFO - 

2024-08-08 22:09:43,517 - INFO - MMseqs Version:                        	13.45111

2024-08-08 22:09:43,517 - INFO - Substitution matrix                    	nucl:nucleotide.out,aa:blosum62.out

2024-08-08 22:09:43,517 - INFO - Add backtrace                          	false

2024-08-08 22:09:43,518 - INFO - Alignment mode                         	2

2024-08-08 22:09:43,518 - INFO - Alignment mode                         	0

2024-08-08 22:09:43,518 - INFO - Allow wrapped scoring                  	false

2024-08-08 22:09:43,518 - INFO - E-value threshold                      	1e-05

2024-08-08 22:09:43,518 - INFO - Seq. id. threshold                     	0

2024-08-08 22:09:43,518 - INFO - Min alignment length                   	0

2024-08-08 22:09:43,518 - INFO - Seq. id. mode                          	0

2024-08-08 22:09:43,518 - INFO - Alternative alignments                 	0

2024-08-08 22:09:43,518 - INFO - Coverage threshold                     	0

2024-08-08 22:09:43,518 - INFO - Coverage mode                          	0

2024-08-08 22:09:43,518 - INFO - Max sequence length                    	65535

2024-08-08 22:09:43,518 - INFO - Compositional bias                     	1

2024-08-08 22:09:43,518 - INFO - Max reject                             	2147483647

2024-08-08 22:09:43,518 - INFO - Max accept                             	2147483647

2024-08-08 22:09:43,518 - INFO - Include identical seq. id.             	false

2024-08-08 22:09:43,518 - INFO - Preload mode                           	0

2024-08-08 22:09:43,518 - INFO - Pseudo count a                         	1

2024-08-08 22:09:43,518 - INFO - Pseudo count b                         	1.5

2024-08-08 22:09:43,519 - INFO - Score bias                             	0

2024-08-08 22:09:43,519 - INFO - Realign hits                           	false

2024-08-08 22:09:43,519 - INFO - Realign score bias                     	-0.2

2024-08-08 22:09:43,519 - INFO - Realign max seqs                       	2147483647

2024-08-08 22:09:43,519 - INFO - Gap open cost                          	nucl:5,aa:11

2024-08-08 22:09:43,519 - INFO - Gap extension cost                     	nucl:2,aa:1

2024-08-08 22:09:43,519 - INFO - Zdrop                                  	40

2024-08-08 22:09:43,519 - INFO - Threads                                	32

2024-08-08 22:09:43,519 - INFO - Compressed                             	0

2024-08-08 22:09:43,519 - INFO - Verbosity                              	3

2024-08-08 22:09:43,519 - INFO - Seed substitution matrix               	nucl:nucleotide.out,aa:VTML80.out

2024-08-08 22:09:43,519 - INFO - Sensitivity                            	8.5

2024-08-08 22:09:43,519 - INFO - k-mer length                           	0

2024-08-08 22:09:43,519 - INFO - k-score                                	2147483647

2024-08-08 22:09:43,519 - INFO - Alphabet size                          	nucl:5,aa:21

2024-08-08 22:09:43,519 - INFO - Max results per query                  	300

2024-08-08 22:09:43,519 - INFO - Split database                         	0

2024-08-08 22:09:43,519 - INFO - Split mode                             	2

2024-08-08 22:09:43,519 - INFO - Split memory limit                     	0

2024-08-08 22:09:43,519 - INFO - Diagonal scoring                       	true

2024-08-08 22:09:43,519 - INFO - Exact k-mer matching                   	0

2024-08-08 22:09:43,519 - INFO - Mask residues                          	1

2024-08-08 22:09:43,519 - INFO - Mask lower case residues               	0

2024-08-08 22:09:43,519 - INFO - Minimum diagonal score                 	15

2024-08-08 22:09:43,519 - INFO - Spaced k-mers                          	1

2024-08-08 22:09:43,520 - INFO - Spaced k-mer pattern                   	

2024-08-08 22:09:43,520 - INFO - Local temporary path                   	

2024-08-08 22:09:43,520 - INFO - Rescore mode                           	0

2024-08-08 22:09:43,520 - INFO - Remove hits by seq. id. and coverage   	false

2024-08-08 22:09:43,520 - INFO - Sort results                           	0

2024-08-08 22:09:43,520 - INFO - Mask profile                           	1

2024-08-08 22:09:43,520 - INFO - Profile E-value threshold              	0.1

2024-08-08 22:09:43,520 - INFO - Global sequence weighting              	false

2024-08-08 22:09:43,520 - INFO - Allow deletions                        	false

2024-08-08 22:09:43,520 - INFO - Filter MSA                             	1

2024-08-08 22:09:43,520 - INFO - Maximum seq. id. threshold             	0.9

2024-08-08 22:09:43,520 - INFO - Minimum seq. id.                       	0

2024-08-08 22:09:43,520 - INFO - Minimum score per column               	-20

2024-08-08 22:09:43,520 - INFO - Minimum coverage                       	0

2024-08-08 22:09:43,520 - INFO - Select N most diverse seqs             	1000

2024-08-08 22:09:43,520 - INFO - Min codons in orf                      	30

2024-08-08 22:09:43,520 - INFO - Max codons in length                   	32734

2024-08-08 22:09:43,520 - INFO - Max orf gaps                           	2147483647

2024-08-08 22:09:43,520 - INFO - Contig start mode                      	2

2024-08-08 22:09:43,520 - INFO - Contig end mode                        	2

2024-08-08 22:09:43,520 - INFO - Orf start mode                         	1

2024-08-08 22:09:43,520 - INFO - Forward frames                         	1,2,3

2024-08-08 22:09:43,520 - INFO - Reverse frames                         	1,2,3

2024-08-08 22:09:43,520 - INFO - Translation table                      	1

2024-08-08 22:09:43,520 - INFO - Translate orf                          	0

2024-08-08 22:09:43,521 - INFO - Use all table starts                   	false

2024-08-08 22:09:43,521 - INFO - Offset of numeric ids                  	0

2024-08-08 22:09:43,521 - INFO - Create lookup                          	0

2024-08-08 22:09:43,521 - INFO - Add orf stop                           	false

2024-08-08 22:09:43,521 - INFO - Overlap between sequences              	0

2024-08-08 22:09:43,521 - INFO - Sequence split mode                    	1

2024-08-08 22:09:43,521 - INFO - Header split mode                      	0

2024-08-08 22:09:43,521 - INFO - Chain overlapping alignments           	0

2024-08-08 22:09:43,521 - INFO - Merge query                            	1

2024-08-08 22:09:43,521 - INFO - Search type                            	0

2024-08-08 22:09:43,521 - INFO - Search iterations                      	1

2024-08-08 22:09:43,521 - INFO - Start sensitivity                      	4

2024-08-08 22:09:43,521 - INFO - Search steps                           	1

2024-08-08 22:09:43,521 - INFO - Exhaustive search mode                 	false

2024-08-08 22:09:43,521 - INFO - Filter results during exhaustive search	0

2024-08-08 22:09:43,521 - INFO - Strand selection                       	1

2024-08-08 22:09:43,521 - INFO - LCA search mode                        	false

2024-08-08 22:09:43,521 - INFO - Disk space limit                       	0

2024-08-08 22:09:43,521 - INFO - MPI runner                             	

2024-08-08 22:09:43,521 - INFO - Force restart with latest tmp          	false

2024-08-08 22:09:43,521 - INFO - Remove temporary files                 	false

2024-08-08 22:09:43,521 - INFO - 

2024-08-08 22:09:43,677 - INFO - prefilter /data/yangy34/database/pharokka/phrogs_profile_db phage_pharokka/GCA_015343595.1_1065|51-2418/target_dir/target_seqs phage_pharokka/GCA_015343595.1_1065|51-2418/tmp_dir//18283195859636401061/pref_0 --sub-mat nucl:nucleotide.out,aa:blosum62.out --seed-sub-mat nucl:nucleotide.out,aa:VTML80.out -k 0 --k-score 2147483647 --alph-size nucl:5,aa:21 --max-seq-len 65535 --max-seqs 300 --split 0 --split-mode 2 --split-memory-limit 0 -c 0 --cov-mode 0 --comp-bias-corr 1 --diag-score 1 --exact-kmer-matching 0 --mask 1 --mask-lower-case 0 --min-ungapped-score 15 --add-self-matches 0 --spaced-kmer-mode 1 --db-load-mode 0 --pca 1 --pcb 1.5 --threads 32 --compressed 0 -v 3 -s 8.5 

2024-08-08 22:09:43,677 - INFO - 

2024-08-08 22:09:43,677 - INFO - Query database size: 38880 type: Profile

2024-08-08 22:09:43,677 - INFO - Estimated memory consumption: 488M

2024-08-08 22:09:43,677 - INFO - Target database size: 5 type: Aminoacid

2024-08-08 22:09:43,677 - INFO - Index table k-mer threshold: 0 at k-mer size 6 

2024-08-08 22:09:43,677 - INFO - Index table: counting k-mers

2024-08-08 22:09:43,801 - INFO - [=================================================================] 5 0s 2ms

2024-08-08 22:09:43,801 - INFO - Index table: Masked residues: 0

2024-08-08 22:09:43,802 - INFO - Index table: fill

2024-08-08 22:09:45,003 - INFO - [=================================================================] 5 0s 1ms

2024-08-08 22:09:45,003 - INFO - Index statistics

2024-08-08 22:09:45,003 - INFO - Entries:          738

2024-08-08 22:09:45,003 - INFO - DB size:          488 MB

2024-08-08 22:09:45,003 - INFO - Avg k-mer size:   0.000012

2024-08-08 22:09:45,003 - INFO - Top 10 k-mers

2024-08-08 22:09:45,003 - INFO -     KVAAAA	1

2024-08-08 22:09:45,003 - INFO -     AIRMAA	1

2024-08-08 22:09:45,004 - INFO -     TSENAA	1

2024-08-08 22:09:45,004 - INFO -     KAEACA	1

2024-08-08 22:09:45,004 - INFO -     FHDKEA	1

2024-08-08 22:09:45,004 - INFO -     NKKKEA	1

2024-08-08 22:09:45,004 - INFO -     QITTEA	1

2024-08-08 22:09:45,004 - INFO -     SAYGGA	1

2024-08-08 22:09:45,004 - INFO -     LKWKGA	1

2024-08-08 22:09:45,004 - INFO -     TIKLGA	1

2024-08-08 22:09:45,004 - INFO - Time for index table init: 0h 0m 0s 420ms

2024-08-08 22:09:45,004 - INFO - Process prefiltering step 1 of 1

2024-08-08 22:09:45,004 - INFO - 

2024-08-08 22:09:45,004 - INFO - k-mer similarity threshold: 81

2024-08-08 22:09:45,004 - INFO - Starting prefiltering scores calculation (step 1 of 1)

2024-08-08 22:09:45,004 - INFO - Query db start 1 to 38880

2024-08-08 22:09:45,004 - INFO - Target db start 1 to 5

2024-08-08 22:10:51,295 - INFO - [=================================================================] 38.88K 1m 7s 144ms

2024-08-08 22:10:51,295 - INFO - 

2024-08-08 22:10:51,295 - INFO - 5386.328443 k-mers per position

2024-08-08 22:10:51,295 - INFO - 9 DB matches per sequence

2024-08-08 22:10:51,295 - INFO - 0 overflows

2024-08-08 22:10:51,295 - INFO - 0 queries produce too many hits (truncated result)

2024-08-08 22:10:51,295 - INFO - 0 sequences passed prefiltering per query sequence

2024-08-08 22:10:51,295 - INFO - 0 median result list length

2024-08-08 22:10:51,295 - INFO - 30633 sequences with 0 size result lists

2024-08-08 22:10:51,295 - INFO - Time for merging to pref_0: 0h 0m 0s 23ms

2024-08-08 22:10:51,296 - INFO - Time for processing: 0h 1m 7s 769ms

2024-08-08 22:10:51,385 - INFO - align /data/yangy34/database/pharokka/phrogs_profile_db phage_pharokka/GCA_015343595.1_1065|51-2418/target_dir/target_seqs phage_pharokka/GCA_015343595.1_1065|51-2418/tmp_dir//18283195859636401061/pref_0 phage_pharokka/GCA_015343595.1_1065|51-2418/mmseqs/results_mmseqs --sub-mat nucl:nucleotide.out,aa:blosum62.out -a 0 --alignment-mode 2 --alignment-output-mode 0 --wrapped-scoring 0 -e 1e-05 --min-seq-id 0 --min-aln-len 0 --seq-id-mode 0 --alt-ali 0 -c 0 --cov-mode 0 --max-seq-len 65535 --comp-bias-corr 1 --max-rejected 2147483647 --max-accept 2147483647 --add-self-matches 0 --db-load-mode 0 --pca 1 --pcb 1.5 --score-bias 0 --realign 0 --realign-score-bias -0.2 --realign-max-seqs 2147483647 --gap-open nucl:5,aa:11 --gap-extend nucl:2,aa:1 --zdrop 40 --threads 32 --compressed 0 -v 3 

2024-08-08 22:10:51,385 - INFO - 

2024-08-08 22:10:51,385 - INFO - Compute score and coverage

2024-08-08 22:10:51,385 - INFO - Query database size: 38880 type: Profile

2024-08-08 22:10:51,385 - INFO - Target database size: 5 type: Aminoacid

2024-08-08 22:10:51,385 - INFO - Calculation of alignments

2024-08-08 22:10:51,639 - INFO - [=================================================================] 38.88K 0s 244ms

2024-08-08 22:10:51,639 - INFO - Time for merging to results_mmseqs: 0h 0m 0s 20ms

2024-08-08 22:10:51,639 - INFO - 9718 alignments calculated

2024-08-08 22:10:51,639 - INFO - 12 sequence pairs passed the thresholds (0.001235 of overall calculated)

2024-08-08 22:10:51,640 - INFO - 0.000309 hits per query sequence

2024-08-08 22:10:51,640 - INFO - Time for processing: 0h 0m 0s 337ms

2024-08-08 22:10:52,167 - INFO - createtsv /data/yangy34/database/pharokka/phrogs_profile_db phage_pharokka/GCA_015343595.1_1065|51-2418/target_dir/target_seqs phage_pharokka/GCA_015343595.1_1065|51-2418/mmseqs/results_mmseqs phage_pharokka/GCA_015343595.1_1065|51-2418/mmseqs_results.tsv --full-header --threads 32 

2024-08-08 22:10:52,168 - INFO - 

2024-08-08 22:10:52,168 - INFO - MMseqs Version:                 	13.45111

2024-08-08 22:10:52,168 - INFO - First sequence as representative	false

2024-08-08 22:10:52,168 - INFO - Target column                   	1

2024-08-08 22:10:52,168 - INFO - Add full header                 	true

2024-08-08 22:10:52,168 - INFO - Sequence source                 	0

2024-08-08 22:10:52,168 - INFO - Database output                 	false

2024-08-08 22:10:52,168 - INFO - Threads                         	32

2024-08-08 22:10:52,168 - INFO - Compressed                      	0

2024-08-08 22:10:52,168 - INFO - Verbosity                       	3

2024-08-08 22:10:52,168 - INFO - 

2024-08-08 22:10:52,168 - INFO - Time for merging to mmseqs_results.tsv: 0h 0m 0s 28ms

2024-08-08 22:10:52,168 - INFO - Time for processing: 0h 0m 0s 519ms

2024-08-08 22:10:52,188 - INFO - Running mmseqs2 on CARD.
2024-08-08 22:10:52,257 - INFO - createdb phage_pharokka/GCA_015343595.1_1065|51-2418/phanotate_aas_tmp.fasta phage_pharokka/GCA_015343595.1_1065|51-2418/CARD_target_dir/target_seqs 

2024-08-08 22:10:52,258 - INFO - 

2024-08-08 22:10:52,258 - INFO - MMseqs Version:       	13.45111

2024-08-08 22:10:52,258 - INFO - Database type         	0

2024-08-08 22:10:52,258 - INFO - Shuffle input database	true

2024-08-08 22:10:52,258 - INFO - Createdb mode         	0

2024-08-08 22:10:52,258 - INFO - Write lookup file     	1

2024-08-08 22:10:52,258 - INFO - Offset of numeric ids 	0

2024-08-08 22:10:52,258 - INFO - Compressed            	0

2024-08-08 22:10:52,258 - INFO - Verbosity             	3

2024-08-08 22:10:52,258 - INFO - 

2024-08-08 22:10:52,258 - INFO - Converting sequences

2024-08-08 22:10:52,258 - INFO - [

2024-08-08 22:10:52,258 - INFO - Time for merging to target_seqs_h: 0h 0m 0s 7ms

2024-08-08 22:10:52,258 - INFO - Time for merging to target_seqs: 0h 0m 0s 22ms

2024-08-08 22:10:52,258 - INFO - Database type: Aminoacid

2024-08-08 22:10:52,258 - INFO - Time for processing: 0h 0m 0s 65ms

2024-08-08 22:10:52,266 - INFO - Create directory phage_pharokka/GCA_015343595.1_1065|51-2418/CARD_tmp_dir/

2024-08-08 22:10:52,266 - INFO - search --min-seq-id 0.8 -c 0.4 /data/yangy34/database/pharokka/CARD phage_pharokka/GCA_015343595.1_1065|51-2418/CARD_target_dir/target_seqs phage_pharokka/GCA_015343595.1_1065|51-2418/CARD/results_CARD phage_pharokka/GCA_015343595.1_1065|51-2418/CARD_tmp_dir/ -s 8.5 --threads 32 

2024-08-08 22:10:52,266 - INFO - 

2024-08-08 22:10:52,266 - INFO - MMseqs Version:                        	13.45111

2024-08-08 22:10:52,266 - INFO - Substitution matrix                    	nucl:nucleotide.out,aa:blosum62.out

2024-08-08 22:10:52,267 - INFO - Add backtrace                          	false

2024-08-08 22:10:52,267 - INFO - Alignment mode                         	2

2024-08-08 22:10:52,267 - INFO - Alignment mode                         	0

2024-08-08 22:10:52,267 - INFO - Allow wrapped scoring                  	false

2024-08-08 22:10:52,267 - INFO - E-value threshold                      	0.001

2024-08-08 22:10:52,267 - INFO - Seq. id. threshold                     	0.8

2024-08-08 22:10:52,267 - INFO - Min alignment length                   	0

2024-08-08 22:10:52,267 - INFO - Seq. id. mode                          	0

2024-08-08 22:10:52,267 - INFO - Alternative alignments                 	0

2024-08-08 22:10:52,267 - INFO - Coverage threshold                     	0.4

2024-08-08 22:10:52,267 - INFO - Coverage mode                          	0

2024-08-08 22:10:52,267 - INFO - Max sequence length                    	65535

2024-08-08 22:10:52,267 - INFO - Compositional bias                     	1

2024-08-08 22:10:52,267 - INFO - Max reject                             	2147483647

2024-08-08 22:10:52,267 - INFO - Max accept                             	2147483647

2024-08-08 22:10:52,267 - INFO - Include identical seq. id.             	false

2024-08-08 22:10:52,267 - INFO - Preload mode                           	0

2024-08-08 22:10:52,267 - INFO - Pseudo count a                         	1

2024-08-08 22:10:52,267 - INFO - Pseudo count b                         	1.5

2024-08-08 22:10:52,267 - INFO - Score bias                             	0

2024-08-08 22:10:52,267 - INFO - Realign hits                           	false

2024-08-08 22:10:52,267 - INFO - Realign score bias                     	-0.2

2024-08-08 22:10:52,267 - INFO - Realign max seqs                       	2147483647

2024-08-08 22:10:52,267 - INFO - Gap open cost                          	nucl:5,aa:11

2024-08-08 22:10:52,268 - INFO - Gap extension cost                     	nucl:2,aa:1

2024-08-08 22:10:52,268 - INFO - Zdrop                                  	40

2024-08-08 22:10:52,268 - INFO - Threads                                	32

2024-08-08 22:10:52,268 - INFO - Compressed                             	0

2024-08-08 22:10:52,268 - INFO - Verbosity                              	3

2024-08-08 22:10:52,268 - INFO - Seed substitution matrix               	nucl:nucleotide.out,aa:VTML80.out

2024-08-08 22:10:52,268 - INFO - Sensitivity                            	8.5

2024-08-08 22:10:52,268 - INFO - k-mer length                           	0

2024-08-08 22:10:52,268 - INFO - k-score                                	2147483647

2024-08-08 22:10:52,268 - INFO - Alphabet size                          	nucl:5,aa:21

2024-08-08 22:10:52,268 - INFO - Max results per query                  	300

2024-08-08 22:10:52,268 - INFO - Split database                         	0

2024-08-08 22:10:52,268 - INFO - Split mode                             	2

2024-08-08 22:10:52,268 - INFO - Split memory limit                     	0

2024-08-08 22:10:52,268 - INFO - Diagonal scoring                       	true

2024-08-08 22:10:52,268 - INFO - Exact k-mer matching                   	0

2024-08-08 22:10:52,268 - INFO - Mask residues                          	1

2024-08-08 22:10:52,268 - INFO - Mask lower case residues               	0

2024-08-08 22:10:52,268 - INFO - Minimum diagonal score                 	15

2024-08-08 22:10:52,268 - INFO - Spaced k-mers                          	1

2024-08-08 22:10:52,268 - INFO - Spaced k-mer pattern                   	

2024-08-08 22:10:52,268 - INFO - Local temporary path                   	

2024-08-08 22:10:52,268 - INFO - Rescore mode                           	0

2024-08-08 22:10:52,268 - INFO - Remove hits by seq. id. and coverage   	false

2024-08-08 22:10:52,268 - INFO - Sort results                           	0

2024-08-08 22:10:52,268 - INFO - Mask profile                           	1

2024-08-08 22:10:52,269 - INFO - Profile E-value threshold              	0.1

2024-08-08 22:10:52,269 - INFO - Global sequence weighting              	false

2024-08-08 22:10:52,269 - INFO - Allow deletions                        	false

2024-08-08 22:10:52,269 - INFO - Filter MSA                             	1

2024-08-08 22:10:52,269 - INFO - Maximum seq. id. threshold             	0.9

2024-08-08 22:10:52,269 - INFO - Minimum seq. id.                       	0

2024-08-08 22:10:52,269 - INFO - Minimum score per column               	-20

2024-08-08 22:10:52,269 - INFO - Minimum coverage                       	0

2024-08-08 22:10:52,269 - INFO - Select N most diverse seqs             	1000

2024-08-08 22:10:52,269 - INFO - Min codons in orf                      	30

2024-08-08 22:10:52,269 - INFO - Max codons in length                   	32734

2024-08-08 22:10:52,269 - INFO - Max orf gaps                           	2147483647

2024-08-08 22:10:52,269 - INFO - Contig start mode                      	2

2024-08-08 22:10:52,269 - INFO - Contig end mode                        	2

2024-08-08 22:10:52,269 - INFO - Orf start mode                         	1

2024-08-08 22:10:52,269 - INFO - Forward frames                         	1,2,3

2024-08-08 22:10:52,269 - INFO - Reverse frames                         	1,2,3

2024-08-08 22:10:52,269 - INFO - Translation table                      	1

2024-08-08 22:10:52,269 - INFO - Translate orf                          	0

2024-08-08 22:10:52,269 - INFO - Use all table starts                   	false

2024-08-08 22:10:52,269 - INFO - Offset of numeric ids                  	0

2024-08-08 22:10:52,269 - INFO - Create lookup                          	0

2024-08-08 22:10:52,269 - INFO - Add orf stop                           	false

2024-08-08 22:10:52,269 - INFO - Overlap between sequences              	0

2024-08-08 22:10:52,269 - INFO - Sequence split mode                    	1

2024-08-08 22:10:52,270 - INFO - Header split mode                      	0

2024-08-08 22:10:52,270 - INFO - Chain overlapping alignments           	0

2024-08-08 22:10:52,270 - INFO - Merge query                            	1

2024-08-08 22:10:52,270 - INFO - Search type                            	0

2024-08-08 22:10:52,270 - INFO - Search iterations                      	1

2024-08-08 22:10:52,270 - INFO - Start sensitivity                      	4

2024-08-08 22:10:52,270 - INFO - Search steps                           	1

2024-08-08 22:10:52,270 - INFO - Exhaustive search mode                 	false

2024-08-08 22:10:52,270 - INFO - Filter results during exhaustive search	0

2024-08-08 22:10:52,270 - INFO - Strand selection                       	1

2024-08-08 22:10:52,270 - INFO - LCA search mode                        	false

2024-08-08 22:10:52,270 - INFO - Disk space limit                       	0

2024-08-08 22:10:52,270 - INFO - MPI runner                             	

2024-08-08 22:10:52,270 - INFO - Force restart with latest tmp          	false

2024-08-08 22:10:52,270 - INFO - Remove temporary files                 	false

2024-08-08 22:10:52,270 - INFO - 

2024-08-08 22:10:52,437 - INFO - prefilter /data/yangy34/database/pharokka/CARD phage_pharokka/GCA_015343595.1_1065|51-2418/CARD_target_dir/target_seqs phage_pharokka/GCA_015343595.1_1065|51-2418/CARD_tmp_dir//2614467086125658521/pref_0 --sub-mat nucl:nucleotide.out,aa:blosum62.out --seed-sub-mat nucl:nucleotide.out,aa:VTML80.out -k 0 --k-score 2147483647 --alph-size nucl:5,aa:21 --max-seq-len 65535 --max-seqs 300 --split 0 --split-mode 2 --split-memory-limit 0 -c 0.4 --cov-mode 0 --comp-bias-corr 1 --diag-score 1 --exact-kmer-matching 0 --mask 1 --mask-lower-case 0 --min-ungapped-score 15 --add-self-matches 0 --spaced-kmer-mode 1 --db-load-mode 0 --pca 1 --pcb 1.5 --threads 32 --compressed 0 -v 3 -s 8.5 

2024-08-08 22:10:52,438 - INFO - 

2024-08-08 22:10:52,438 - INFO - Query database size: 4641 type: Aminoacid

2024-08-08 22:10:52,438 - INFO - Estimated memory consumption: 977M

2024-08-08 22:10:52,438 - INFO - Target database size: 5 type: Aminoacid

2024-08-08 22:10:52,438 - INFO - Index table k-mer threshold: 87 at k-mer size 6 

2024-08-08 22:10:52,438 - INFO - Index table: counting k-mers

2024-08-08 22:10:52,566 - INFO - [=================================================================] 5 0s 5ms

2024-08-08 22:10:52,566 - INFO - Index table: Masked residues: 0

2024-08-08 22:10:52,566 - INFO - Index table: fill

2024-08-08 22:10:53,061 - INFO - [=================================================================] 5 0s 1ms

2024-08-08 22:10:53,061 - INFO - Index statistics

2024-08-08 22:10:53,062 - INFO - Entries:          738

2024-08-08 22:10:53,062 - INFO - DB size:          488 MB

2024-08-08 22:10:53,062 - INFO - Avg k-mer size:   0.000012

2024-08-08 22:10:53,062 - INFO - Top 10 k-mers

2024-08-08 22:10:53,062 - INFO -     KVAAAA	1

2024-08-08 22:10:53,062 - INFO -     AIRMAA	1

2024-08-08 22:10:53,062 - INFO -     TSENAA	1

2024-08-08 22:10:53,062 - INFO -     KAEACA	1

2024-08-08 22:10:53,062 - INFO -     FHDKEA	1

2024-08-08 22:10:53,062 - INFO -     NKKKEA	1

2024-08-08 22:10:53,062 - INFO -     QITTEA	1

2024-08-08 22:10:53,062 - INFO -     SAYGGA	1

2024-08-08 22:10:53,062 - INFO -     LKWKGA	1

2024-08-08 22:10:53,062 - INFO -     TIKLGA	1

2024-08-08 22:10:53,062 - INFO - Time for index table init: 0h 0m 0s 434ms

2024-08-08 22:10:53,062 - INFO - Process prefiltering step 1 of 1

2024-08-08 22:10:53,062 - INFO - 

2024-08-08 22:10:53,062 - INFO - k-mer similarity threshold: 87

2024-08-08 22:10:53,063 - INFO - Starting prefiltering scores calculation (step 1 of 1)

2024-08-08 22:10:53,063 - INFO - Query db start 1 to 4641

2024-08-08 22:10:53,063 - INFO - Target db start 1 to 5

2024-08-08 22:11:02,268 - INFO - [=================================================================] 4.64K 9s 244ms

2024-08-08 22:11:02,268 - INFO - 

2024-08-08 22:11:02,268 - INFO - 3883.681631 k-mers per position

2024-08-08 22:11:02,268 - INFO - 14 DB matches per sequence

2024-08-08 22:11:02,268 - INFO - 0 overflows

2024-08-08 22:11:02,268 - INFO - 0 queries produce too many hits (truncated result)

2024-08-08 22:11:02,268 - INFO - 0 sequences passed prefiltering per query sequence

2024-08-08 22:11:02,269 - INFO - 0 median result list length

2024-08-08 22:11:02,269 - INFO - 3498 sequences with 0 size result lists

2024-08-08 22:11:02,269 - INFO - Time for merging to pref_0: 0h 0m 0s 9ms

2024-08-08 22:11:02,269 - INFO - Time for processing: 0h 0m 9s 993ms

2024-08-08 22:11:02,292 - INFO - align /data/yangy34/database/pharokka/CARD phage_pharokka/GCA_015343595.1_1065|51-2418/CARD_target_dir/target_seqs phage_pharokka/GCA_015343595.1_1065|51-2418/CARD_tmp_dir//2614467086125658521/pref_0 phage_pharokka/GCA_015343595.1_1065|51-2418/CARD/results_CARD --sub-mat nucl:nucleotide.out,aa:blosum62.out -a 0 --alignment-mode 2 --alignment-output-mode 0 --wrapped-scoring 0 -e 0.001 --min-seq-id 0.8 --min-aln-len 0 --seq-id-mode 0 --alt-ali 0 -c 0.4 --cov-mode 0 --max-seq-len 65535 --comp-bias-corr 1 --max-rejected 2147483647 --max-accept 2147483647 --add-self-matches 0 --db-load-mode 0 --pca 1 --pcb 1.5 --score-bias 0 --realign 0 --realign-score-bias -0.2 --realign-max-seqs 2147483647 --gap-open nucl:5,aa:11 --gap-extend nucl:2,aa:1 --zdrop 40 --threads 32 --compressed 0 -v 3 

2024-08-08 22:11:02,292 - INFO - 

2024-08-08 22:11:02,292 - INFO - Compute score and coverage

2024-08-08 22:11:02,292 - INFO - Query database size: 4641 type: Aminoacid

2024-08-08 22:11:02,292 - INFO - Target database size: 5 type: Aminoacid

2024-08-08 22:11:02,292 - INFO - Calculation of alignments

2024-08-08 22:11:02,312 - INFO - [=================================================================] 4.64K 0s 14ms

2024-08-08 22:11:02,312 - INFO - Time for merging to results_CARD: 0h 0m 0s 9ms

2024-08-08 22:11:02,312 - INFO - 774 alignments calculated

2024-08-08 22:11:02,312 - INFO - 0 sequence pairs passed the thresholds (0.000000 of overall calculated)

2024-08-08 22:11:02,312 - INFO - 0.000000 hits per query sequence

2024-08-08 22:11:02,312 - INFO - Time for processing: 0h 0m 0s 37ms

2024-08-08 22:11:02,460 - INFO - createtsv /data/yangy34/database/pharokka/CARD phage_pharokka/GCA_015343595.1_1065|51-2418/CARD_target_dir/target_seqs phage_pharokka/GCA_015343595.1_1065|51-2418/CARD/results_CARD phage_pharokka/GCA_015343595.1_1065|51-2418/CARD_results.tsv --full-header --threads 32 

2024-08-08 22:11:02,461 - INFO - 

2024-08-08 22:11:02,461 - INFO - MMseqs Version:                 	13.45111

2024-08-08 22:11:02,461 - INFO - First sequence as representative	false

2024-08-08 22:11:02,461 - INFO - Target column                   	1

2024-08-08 22:11:02,461 - INFO - Add full header                 	true

2024-08-08 22:11:02,461 - INFO - Sequence source                 	0

2024-08-08 22:11:02,461 - INFO - Database output                 	false

2024-08-08 22:11:02,461 - INFO - Threads                         	32

2024-08-08 22:11:02,461 - INFO - Compressed                      	0

2024-08-08 22:11:02,461 - INFO - Verbosity                       	3

2024-08-08 22:11:02,461 - INFO - 

2024-08-08 22:11:02,461 - INFO - Time for merging to CARD_results.tsv: 0h 0m 0s 8ms

2024-08-08 22:11:02,461 - INFO - Time for processing: 0h 0m 0s 142ms

2024-08-08 22:11:02,464 - INFO - Running mmseqs2 on vfdb.
2024-08-08 22:11:02,518 - INFO - createdb phage_pharokka/GCA_015343595.1_1065|51-2418/phanotate_aas_tmp.fasta phage_pharokka/GCA_015343595.1_1065|51-2418/vfdb_target_dir/target_seqs 

2024-08-08 22:11:02,518 - INFO - 

2024-08-08 22:11:02,518 - INFO - MMseqs Version:       	13.45111

2024-08-08 22:11:02,518 - INFO - Database type         	0

2024-08-08 22:11:02,518 - INFO - Shuffle input database	true

2024-08-08 22:11:02,518 - INFO - Createdb mode         	0

2024-08-08 22:11:02,518 - INFO - Write lookup file     	1

2024-08-08 22:11:02,518 - INFO - Offset of numeric ids 	0

2024-08-08 22:11:02,519 - INFO - Compressed            	0

2024-08-08 22:11:02,519 - INFO - Verbosity             	3

2024-08-08 22:11:02,519 - INFO - 

2024-08-08 22:11:02,519 - INFO - Converting sequences

2024-08-08 22:11:02,519 - INFO - [

2024-08-08 22:11:02,519 - INFO - Time for merging to target_seqs_h: 0h 0m 0s 6ms

2024-08-08 22:11:02,519 - INFO - Time for merging to target_seqs: 0h 0m 0s 17ms

2024-08-08 22:11:02,519 - INFO - Database type: Aminoacid

2024-08-08 22:11:02,519 - INFO - Time for processing: 0h 0m 0s 49ms

2024-08-08 22:11:02,529 - INFO - Create directory phage_pharokka/GCA_015343595.1_1065|51-2418/vfdb_tmp_dir/

2024-08-08 22:11:02,529 - INFO - search --min-seq-id 0.8 -c 0.4 /data/yangy34/database/pharokka/vfdb phage_pharokka/GCA_015343595.1_1065|51-2418/vfdb_target_dir/target_seqs phage_pharokka/GCA_015343595.1_1065|51-2418/vfdb/results_vfdb phage_pharokka/GCA_015343595.1_1065|51-2418/vfdb_tmp_dir/ -s 8.5 --threads 32 

2024-08-08 22:11:02,529 - INFO - 

2024-08-08 22:11:02,529 - INFO - MMseqs Version:                        	13.45111

2024-08-08 22:11:02,529 - INFO - Substitution matrix                    	nucl:nucleotide.out,aa:blosum62.out

2024-08-08 22:11:02,529 - INFO - Add backtrace                          	false

2024-08-08 22:11:02,530 - INFO - Alignment mode                         	2

2024-08-08 22:11:02,530 - INFO - Alignment mode                         	0

2024-08-08 22:11:02,530 - INFO - Allow wrapped scoring                  	false

2024-08-08 22:11:02,530 - INFO - E-value threshold                      	0.001

2024-08-08 22:11:02,530 - INFO - Seq. id. threshold                     	0.8

2024-08-08 22:11:02,530 - INFO - Min alignment length                   	0

2024-08-08 22:11:02,530 - INFO - Seq. id. mode                          	0

2024-08-08 22:11:02,530 - INFO - Alternative alignments                 	0

2024-08-08 22:11:02,530 - INFO - Coverage threshold                     	0.4

2024-08-08 22:11:02,530 - INFO - Coverage mode                          	0

2024-08-08 22:11:02,530 - INFO - Max sequence length                    	65535

2024-08-08 22:11:02,530 - INFO - Compositional bias                     	1

2024-08-08 22:11:02,530 - INFO - Max reject                             	2147483647

2024-08-08 22:11:02,530 - INFO - Max accept                             	2147483647

2024-08-08 22:11:02,530 - INFO - Include identical seq. id.             	false

2024-08-08 22:11:02,530 - INFO - Preload mode                           	0

2024-08-08 22:11:02,530 - INFO - Pseudo count a                         	1

2024-08-08 22:11:02,530 - INFO - Pseudo count b                         	1.5

2024-08-08 22:11:02,530 - INFO - Score bias                             	0

2024-08-08 22:11:02,530 - INFO - Realign hits                           	false

2024-08-08 22:11:02,530 - INFO - Realign score bias                     	-0.2

2024-08-08 22:11:02,530 - INFO - Realign max seqs                       	2147483647

2024-08-08 22:11:02,531 - INFO - Gap open cost                          	nucl:5,aa:11

2024-08-08 22:11:02,531 - INFO - Gap extension cost                     	nucl:2,aa:1

2024-08-08 22:11:02,531 - INFO - Zdrop                                  	40

2024-08-08 22:11:02,531 - INFO - Threads                                	32

2024-08-08 22:11:02,531 - INFO - Compressed                             	0

2024-08-08 22:11:02,531 - INFO - Verbosity                              	3

2024-08-08 22:11:02,531 - INFO - Seed substitution matrix               	nucl:nucleotide.out,aa:VTML80.out

2024-08-08 22:11:02,531 - INFO - Sensitivity                            	8.5

2024-08-08 22:11:02,531 - INFO - k-mer length                           	0

2024-08-08 22:11:02,531 - INFO - k-score                                	2147483647

2024-08-08 22:11:02,531 - INFO - Alphabet size                          	nucl:5,aa:21

2024-08-08 22:11:02,531 - INFO - Max results per query                  	300

2024-08-08 22:11:02,531 - INFO - Split database                         	0

2024-08-08 22:11:02,531 - INFO - Split mode                             	2

2024-08-08 22:11:02,531 - INFO - Split memory limit                     	0

2024-08-08 22:11:02,531 - INFO - Diagonal scoring                       	true

2024-08-08 22:11:02,531 - INFO - Exact k-mer matching                   	0

2024-08-08 22:11:02,531 - INFO - Mask residues                          	1

2024-08-08 22:11:02,531 - INFO - Mask lower case residues               	0

2024-08-08 22:11:02,531 - INFO - Minimum diagonal score                 	15

2024-08-08 22:11:02,531 - INFO - Spaced k-mers                          	1

2024-08-08 22:11:02,531 - INFO - Spaced k-mer pattern                   	

2024-08-08 22:11:02,532 - INFO - Local temporary path                   	

2024-08-08 22:11:02,532 - INFO - Rescore mode                           	0

2024-08-08 22:11:02,532 - INFO - Remove hits by seq. id. and coverage   	false

2024-08-08 22:11:02,532 - INFO - Sort results                           	0

2024-08-08 22:11:02,532 - INFO - Mask profile                           	1

2024-08-08 22:11:02,532 - INFO - Profile E-value threshold              	0.1

2024-08-08 22:11:02,532 - INFO - Global sequence weighting              	false

2024-08-08 22:11:02,532 - INFO - Allow deletions                        	false

2024-08-08 22:11:02,532 - INFO - Filter MSA                             	1

2024-08-08 22:11:02,532 - INFO - Maximum seq. id. threshold             	0.9

2024-08-08 22:11:02,532 - INFO - Minimum seq. id.                       	0

2024-08-08 22:11:02,532 - INFO - Minimum score per column               	-20

2024-08-08 22:11:02,532 - INFO - Minimum coverage                       	0

2024-08-08 22:11:02,532 - INFO - Select N most diverse seqs             	1000

2024-08-08 22:11:02,532 - INFO - Min codons in orf                      	30

2024-08-08 22:11:02,532 - INFO - Max codons in length                   	32734

2024-08-08 22:11:02,532 - INFO - Max orf gaps                           	2147483647

2024-08-08 22:11:02,532 - INFO - Contig start mode                      	2

2024-08-08 22:11:02,532 - INFO - Contig end mode                        	2

2024-08-08 22:11:02,532 - INFO - Orf start mode                         	1

2024-08-08 22:11:02,532 - INFO - Forward frames                         	1,2,3

2024-08-08 22:11:02,533 - INFO - Reverse frames                         	1,2,3

2024-08-08 22:11:02,533 - INFO - Translation table                      	1

2024-08-08 22:11:02,533 - INFO - Translate orf                          	0

2024-08-08 22:11:02,533 - INFO - Use all table starts                   	false

2024-08-08 22:11:02,533 - INFO - Offset of numeric ids                  	0

2024-08-08 22:11:02,533 - INFO - Create lookup                          	0

2024-08-08 22:11:02,533 - INFO - Add orf stop                           	false

2024-08-08 22:11:02,533 - INFO - Overlap between sequences              	0

2024-08-08 22:11:02,533 - INFO - Sequence split mode                    	1

2024-08-08 22:11:02,533 - INFO - Header split mode                      	0

2024-08-08 22:11:02,533 - INFO - Chain overlapping alignments           	0

2024-08-08 22:11:02,533 - INFO - Merge query                            	1

2024-08-08 22:11:02,533 - INFO - Search type                            	0

2024-08-08 22:11:02,533 - INFO - Search iterations                      	1

2024-08-08 22:11:02,533 - INFO - Start sensitivity                      	4

2024-08-08 22:11:02,533 - INFO - Search steps                           	1

2024-08-08 22:11:02,533 - INFO - Exhaustive search mode                 	false

2024-08-08 22:11:02,533 - INFO - Filter results during exhaustive search	0

2024-08-08 22:11:02,533 - INFO - Strand selection                       	1

2024-08-08 22:11:02,533 - INFO - LCA search mode                        	false

2024-08-08 22:11:02,533 - INFO - Disk space limit                       	0

2024-08-08 22:11:02,533 - INFO - MPI runner                             	

2024-08-08 22:11:02,534 - INFO - Force restart with latest tmp          	false

2024-08-08 22:11:02,534 - INFO - Remove temporary files                 	false

2024-08-08 22:11:02,534 - INFO - 

2024-08-08 22:11:02,716 - INFO - prefilter /data/yangy34/database/pharokka/vfdb phage_pharokka/GCA_015343595.1_1065|51-2418/vfdb_target_dir/target_seqs phage_pharokka/GCA_015343595.1_1065|51-2418/vfdb_tmp_dir//12972814211440646394/pref_0 --sub-mat nucl:nucleotide.out,aa:blosum62.out --seed-sub-mat nucl:nucleotide.out,aa:VTML80.out -k 0 --k-score 2147483647 --alph-size nucl:5,aa:21 --max-seq-len 65535 --max-seqs 300 --split 0 --split-mode 2 --split-memory-limit 0 -c 0.4 --cov-mode 0 --comp-bias-corr 1 --diag-score 1 --exact-kmer-matching 0 --mask 1 --mask-lower-case 0 --min-ungapped-score 15 --add-self-matches 0 --spaced-kmer-mode 1 --db-load-mode 0 --pca 1 --pcb 1.5 --threads 32 --compressed 0 -v 3 -s 8.5 

2024-08-08 22:11:02,716 - INFO - 

2024-08-08 22:11:02,716 - INFO - Query database size: 27504 type: Aminoacid

2024-08-08 22:11:02,716 - INFO - Estimated memory consumption: 977M

2024-08-08 22:11:02,716 - INFO - Target database size: 5 type: Aminoacid

2024-08-08 22:11:02,716 - INFO - Index table k-mer threshold: 87 at k-mer size 6 

2024-08-08 22:11:02,716 - INFO - Index table: counting k-mers

2024-08-08 22:11:02,887 - INFO - [=================================================================] 5 0s 6ms

2024-08-08 22:11:02,888 - INFO - Index table: Masked residues: 0

2024-08-08 22:11:02,888 - INFO - Index table: fill

2024-08-08 22:11:04,274 - INFO - [=================================================================] 5 0s 1ms

2024-08-08 22:11:04,274 - INFO - Index statistics

2024-08-08 22:11:04,274 - INFO - Entries:          738

2024-08-08 22:11:04,274 - INFO - DB size:          488 MB

2024-08-08 22:11:04,274 - INFO - Avg k-mer size:   0.000012

2024-08-08 22:11:04,274 - INFO - Top 10 k-mers

2024-08-08 22:11:04,274 - INFO -     KVAAAA	1

2024-08-08 22:11:04,274 - INFO -     AIRMAA	1

2024-08-08 22:11:04,275 - INFO -     TSENAA	1

2024-08-08 22:11:04,275 - INFO -     KAEACA	1

2024-08-08 22:11:04,275 - INFO -     FHDKEA	1

2024-08-08 22:11:04,275 - INFO -     NKKKEA	1

2024-08-08 22:11:04,275 - INFO -     QITTEA	1

2024-08-08 22:11:04,275 - INFO -     SAYGGA	1

2024-08-08 22:11:04,275 - INFO -     LKWKGA	1

2024-08-08 22:11:04,275 - INFO -     TIKLGA	1

2024-08-08 22:11:04,275 - INFO - Time for index table init: 0h 0m 0s 504ms

2024-08-08 22:11:04,275 - INFO - Process prefiltering step 1 of 1

2024-08-08 22:11:04,275 - INFO - 

2024-08-08 22:11:04,275 - INFO - k-mer similarity threshold: 87

2024-08-08 22:11:04,275 - INFO - Starting prefiltering scores calculation (step 1 of 1)

2024-08-08 22:11:04,275 - INFO - Query db start 1 to 27504

2024-08-08 22:11:04,275 - INFO - Target db start 1 to 5

2024-08-08 22:12:12,060 - INFO - [=================================================================] 27.50K 1m 8s 323ms

2024-08-08 22:12:12,060 - INFO - 

2024-08-08 22:12:12,060 - INFO - 3159.764157 k-mers per position

2024-08-08 22:12:12,060 - INFO - 18 DB matches per sequence

2024-08-08 22:12:12,060 - INFO - 0 overflows

2024-08-08 22:12:12,060 - INFO - 0 queries produce too many hits (truncated result)

2024-08-08 22:12:12,060 - INFO - 0 sequences passed prefiltering per query sequence

2024-08-08 22:12:12,060 - INFO - 0 median result list length

2024-08-08 22:12:12,060 - INFO - 19333 sequences with 0 size result lists

2024-08-08 22:12:12,060 - INFO - Time for merging to pref_0: 0h 0m 0s 20ms

2024-08-08 22:12:12,060 - INFO - Time for processing: 0h 1m 9s 522ms

2024-08-08 22:12:12,112 - INFO - align /data/yangy34/database/pharokka/vfdb phage_pharokka/GCA_015343595.1_1065|51-2418/vfdb_target_dir/target_seqs phage_pharokka/GCA_015343595.1_1065|51-2418/vfdb_tmp_dir//12972814211440646394/pref_0 phage_pharokka/GCA_015343595.1_1065|51-2418/vfdb/results_vfdb --sub-mat nucl:nucleotide.out,aa:blosum62.out -a 0 --alignment-mode 2 --alignment-output-mode 0 --wrapped-scoring 0 -e 0.001 --min-seq-id 0.8 --min-aln-len 0 --seq-id-mode 0 --alt-ali 0 -c 0.4 --cov-mode 0 --max-seq-len 65535 --comp-bias-corr 1 --max-rejected 2147483647 --max-accept 2147483647 --add-self-matches 0 --db-load-mode 0 --pca 1 --pcb 1.5 --score-bias 0 --realign 0 --realign-score-bias -0.2 --realign-max-seqs 2147483647 --gap-open nucl:5,aa:11 --gap-extend nucl:2,aa:1 --zdrop 40 --threads 32 --compressed 0 -v 3 

2024-08-08 22:12:12,112 - INFO - 

2024-08-08 22:12:12,112 - INFO - Compute score and coverage

2024-08-08 22:12:12,112 - INFO - Query database size: 27504 type: Aminoacid

2024-08-08 22:12:12,112 - INFO - Target database size: 5 type: Aminoacid

2024-08-08 22:12:12,112 - INFO - Calculation of alignments

2024-08-08 22:12:12,165 - INFO - [=================================================================] 27.50K 0s 34ms

2024-08-08 22:12:12,165 - INFO - Time for merging to results_vfdb: 0h 0m 0s 16ms

2024-08-08 22:12:12,165 - INFO - 4288 alignments calculated

2024-08-08 22:12:12,165 - INFO - 0 sequence pairs passed the thresholds (0.000000 of overall calculated)

2024-08-08 22:12:12,165 - INFO - 0.000000 hits per query sequence

2024-08-08 22:12:12,165 - INFO - Time for processing: 0h 0m 0s 97ms

2024-08-08 22:12:12,287 - INFO - createtsv /data/yangy34/database/pharokka/vfdb phage_pharokka/GCA_015343595.1_1065|51-2418/vfdb_target_dir/target_seqs phage_pharokka/GCA_015343595.1_1065|51-2418/vfdb/results_vfdb phage_pharokka/GCA_015343595.1_1065|51-2418/vfdb_results.tsv --full-header --threads 32 

2024-08-08 22:12:12,287 - INFO - 

2024-08-08 22:12:12,287 - INFO - MMseqs Version:                 	13.45111

2024-08-08 22:12:12,287 - INFO - First sequence as representative	false

2024-08-08 22:12:12,287 - INFO - Target column                   	1

2024-08-08 22:12:12,287 - INFO - Add full header                 	true

2024-08-08 22:12:12,288 - INFO - Sequence source                 	0

2024-08-08 22:12:12,288 - INFO - Database output                 	false

2024-08-08 22:12:12,288 - INFO - Threads                         	32

2024-08-08 22:12:12,288 - INFO - Compressed                      	0

2024-08-08 22:12:12,288 - INFO - Verbosity                       	3

2024-08-08 22:12:12,288 - INFO - 

2024-08-08 22:12:12,288 - INFO - Time for merging to vfdb_results.tsv: 0h 0m 0s 23ms

2024-08-08 22:12:12,288 - INFO - Time for processing: 0h 0m 0s 115ms

2024-08-08 22:12:12,303 - INFO - Post Processing Output.
2024-08-08 22:12:12,707 - INFO - Converting gff to genbank.
2024-08-08 22:12:12,728 - WARNING - /gpfs/gsfs12/users/yangy34/softwares/mambaforge/envs/pharokka-env/lib/python3.10/site-packages/Bio/SeqIO/InsdcIO.py:728: BiopythonWarning: Increasing length of locus line to allow long name. This will result in fields that are not in usual positions.
  warnings.warn(

2024-08-08 22:12:12,744 - INFO - Finding the closest match for each contig in INPHARED using mash.
2024-08-08 22:12:12,781 - INFO - Sketching GCA_015343595.1_53_phages/GCA_015343595.1_1065_51_2418_prophage.fasta...

2024-08-08 22:12:12,784 - INFO - Writing to phage_pharokka/GCA_015343595.1_1065|51-2418/input_mash_sketch.msh...

2024-08-08 22:12:14,285 - INFO - pharokka has finished
2024-08-08 22:12:14,285 - INFO - Elapsed time: 155.5 seconds
2024-08-08 22:12:14,285 - INFO - If you use pharokka in your research, please cite:
2024-08-08 22:12:14,285 - INFO - George Bouras, Roshan Nepal, Ghais Houtak, Alkis James Psaltis, Peter-John Wormald, Sarah Vreugde.
2024-08-08 22:12:14,285 - INFO - Pharokka: a fast scalable bacteriophage annotation tool.
2024-08-08 22:12:14,286 - INFO - Bioinformatics, Volume 39, Issue 1, January 2023, btac776.
2024-08-08 22:12:14,286 - INFO - https://doi.org/10.1093/bioinformatics/btac776.
2024-08-08 22:12:14,286 - INFO - You should also cite the full list of tools pharokka uses, which can be found at https://github.com/gbouras13/pharokka#citation.
