2024-08-09 21:08:38,588 - INFO - Starting pharokka v1.3.2
2024-08-09 21:08:38,588 - INFO - Input args: Namespace(infile='GCA_013114135_6_phages_vs2/GCA_013114135.1_38_127_5331_prophage.fasta', outdir='phage_pharokka/GCA_013114135.1_38|127-5331', database='/data/yangy34/database/pharokka', threads='32', force=True, prefix='Default', locustag='Default', gene_predictor='phanotate', meta=False, split=False, coding_table='11', evalue='1E-05', terminase=False, terminase_strand='nothing', terminase_start='nothing', citation=False)
2024-08-09 21:08:38,589 - INFO - Checking database installation.
2024-08-09 21:08:38,609 - INFO - All databases have been successfully checked.
2024-08-09 21:08:38,610 - INFO - Checking dependencies.
2024-08-09 21:08:39,444 - INFO - phan_out version found is v1.5.1.
2024-08-09 21:08:39,444 - INFO - Phanotate version is ok.
2024-08-09 21:08:39,505 - INFO - MMseqs2 version found is v13.45111.
2024-08-09 21:08:39,505 - INFO - MMseqs2 version is ok.
2024-08-09 21:08:40,251 - INFO - tRNAscan-SE version found is v2.45111.11.
2024-08-09 21:08:40,251 - INFO - tRNAscan-SE version is ok.
2024-08-09 21:08:40,802 - INFO - MinCED version found is v0.4.2.
2024-08-09 21:08:40,802 - INFO - MinCED version is ok.
2024-08-09 21:08:40,825 - INFO - ARAGORN version found is v1.2.41.
2024-08-09 21:08:40,825 - INFO - ARAGORN version is ok.
2024-08-09 21:08:40,935 - INFO - mash version found is v2.2.
2024-08-09 21:08:40,935 - INFO - mash version is ok.
2024-08-09 21:08:41,848 - INFO - Running Phanotate.
2024-08-09 21:08:45,567 - INFO - Translating gene predicted fastas.
2024-08-09 21:08:45,583 - INFO - Starting tRNA-scanSE
2024-08-09 21:08:45,727 - INFO - 

2024-08-09 21:08:45,727 - INFO - tRNAscan-SE v.2.0.11 (Oct 2022) - scan sequences for transfer RNAs

2024-08-09 21:08:45,727 - INFO - Copyright (C) 2022 Patricia Chan and Todd Lowe

2024-08-09 21:08:45,727 - INFO -                    University of California Santa Cruz

2024-08-09 21:08:45,727 - INFO - Freely distributed under the GNU General Public License (GPLv3)

2024-08-09 21:08:45,727 - INFO - 

2024-08-09 21:08:45,727 - INFO - ------------------------------------------------------------

2024-08-09 21:08:45,727 - INFO - Sequence file(s) to search:        GCA_013114135_6_phages_vs2/GCA_013114135.1_38_127_5331_prophage.fasta

2024-08-09 21:08:45,727 - INFO - Search Mode:                       General

2024-08-09 21:08:45,728 - INFO - Results written to:                Standard output

2024-08-09 21:08:45,728 - INFO - Output format:                     Tabular

2024-08-09 21:08:45,728 - INFO - Searching with:                    Infernal single-pass scan

2024-08-09 21:08:45,728 - INFO -                                    Fast mode

2024-08-09 21:08:45,728 - INFO - Covariance model:                  /gpfs/gsfs12/users/yangy34/softwares/mambaforge/envs/pharokka-env/lib/tRNAscan-SE/models/TRNAinf.cm

2024-08-09 21:08:45,728 - INFO - 

2024-08-09 21:08:45,728 - INFO - Temporary directory:               /tmp

2024-08-09 21:08:45,728 - INFO - tRNA predictions saved to:         phage_pharokka/GCA_013114135.1_38|127-5331/trnascan_out.gff

2024-08-09 21:08:45,728 - INFO - ------------------------------------------------------------

2024-08-09 21:08:45,728 - INFO - 

2024-08-09 21:08:45,847 - INFO - No tRNAs found.

2024-08-09 21:08:45,848 - INFO - 

2024-08-09 21:08:45,862 - INFO - Running MinCED.
2024-08-09 21:08:46,086 - INFO - Running Aragorn.
2024-08-09 21:08:46,090 - INFO - Starting MMseqs2.
2024-08-09 21:08:46,090 - INFO - Running MMseqs2 on PHROGs Database.
2024-08-09 21:08:47,633 - INFO - createdb phage_pharokka/GCA_013114135.1_38|127-5331/phanotate_aas_tmp.fasta phage_pharokka/GCA_013114135.1_38|127-5331/target_dir/target_seqs 

2024-08-09 21:08:47,633 - INFO - 

2024-08-09 21:08:47,633 - INFO - MMseqs Version:       	13.45111

2024-08-09 21:08:47,633 - INFO - Database type         	0

2024-08-09 21:08:47,633 - INFO - Shuffle input database	true

2024-08-09 21:08:47,635 - INFO - Createdb mode         	0

2024-08-09 21:08:47,635 - INFO - Write lookup file     	1

2024-08-09 21:08:47,635 - INFO - Offset of numeric ids 	0

2024-08-09 21:08:47,635 - INFO - Compressed            	0

2024-08-09 21:08:47,635 - INFO - Verbosity             	3

2024-08-09 21:08:47,635 - INFO - 

2024-08-09 21:08:47,635 - INFO - Converting sequences

2024-08-09 21:08:47,635 - INFO - [

2024-08-09 21:08:47,635 - INFO - Time for merging to target_seqs_h: 0h 0m 0s 23ms

2024-08-09 21:08:47,635 - INFO - Time for merging to target_seqs: 0h 0m 0s 24ms

2024-08-09 21:08:47,635 - INFO - Database type: Aminoacid

2024-08-09 21:08:47,635 - INFO - Time for processing: 0h 0m 1s 534ms

2024-08-09 21:08:47,645 - INFO - Create directory phage_pharokka/GCA_013114135.1_38|127-5331/tmp_dir/

2024-08-09 21:08:47,646 - INFO - search -e 1E-05 /data/yangy34/database/pharokka/phrogs_profile_db phage_pharokka/GCA_013114135.1_38|127-5331/target_dir/target_seqs phage_pharokka/GCA_013114135.1_38|127-5331/mmseqs/results_mmseqs phage_pharokka/GCA_013114135.1_38|127-5331/tmp_dir/ -s 8.5 --threads 32 

2024-08-09 21:08:47,646 - INFO - 

2024-08-09 21:08:47,646 - INFO - MMseqs Version:                        	13.45111

2024-08-09 21:08:47,646 - INFO - Substitution matrix                    	nucl:nucleotide.out,aa:blosum62.out

2024-08-09 21:08:47,646 - INFO - Add backtrace                          	false

2024-08-09 21:08:47,646 - INFO - Alignment mode                         	2

2024-08-09 21:08:47,646 - INFO - Alignment mode                         	0

2024-08-09 21:08:47,646 - INFO - Allow wrapped scoring                  	false

2024-08-09 21:08:47,646 - INFO - E-value threshold                      	1e-05

2024-08-09 21:08:47,646 - INFO - Seq. id. threshold                     	0

2024-08-09 21:08:47,646 - INFO - Min alignment length                   	0

2024-08-09 21:08:47,646 - INFO - Seq. id. mode                          	0

2024-08-09 21:08:47,646 - INFO - Alternative alignments                 	0

2024-08-09 21:08:47,646 - INFO - Coverage threshold                     	0

2024-08-09 21:08:47,646 - INFO - Coverage mode                          	0

2024-08-09 21:08:47,646 - INFO - Max sequence length                    	65535

2024-08-09 21:08:47,646 - INFO - Compositional bias                     	1

2024-08-09 21:08:47,646 - INFO - Max reject                             	2147483647

2024-08-09 21:08:47,646 - INFO - Max accept                             	2147483647

2024-08-09 21:08:47,646 - INFO - Include identical seq. id.             	false

2024-08-09 21:08:47,646 - INFO - Preload mode                           	0

2024-08-09 21:08:47,646 - INFO - Pseudo count a                         	1

2024-08-09 21:08:47,646 - INFO - Pseudo count b                         	1.5

2024-08-09 21:08:47,646 - INFO - Score bias                             	0

2024-08-09 21:08:47,646 - INFO - Realign hits                           	false

2024-08-09 21:08:47,647 - INFO - Realign score bias                     	-0.2

2024-08-09 21:08:47,647 - INFO - Realign max seqs                       	2147483647

2024-08-09 21:08:47,647 - INFO - Gap open cost                          	nucl:5,aa:11

2024-08-09 21:08:47,647 - INFO - Gap extension cost                     	nucl:2,aa:1

2024-08-09 21:08:47,647 - INFO - Zdrop                                  	40

2024-08-09 21:08:47,647 - INFO - Threads                                	32

2024-08-09 21:08:47,647 - INFO - Compressed                             	0

2024-08-09 21:08:47,647 - INFO - Verbosity                              	3

2024-08-09 21:08:47,647 - INFO - Seed substitution matrix               	nucl:nucleotide.out,aa:VTML80.out

2024-08-09 21:08:47,647 - INFO - Sensitivity                            	8.5

2024-08-09 21:08:47,647 - INFO - k-mer length                           	0

2024-08-09 21:08:47,647 - INFO - k-score                                	2147483647

2024-08-09 21:08:47,647 - INFO - Alphabet size                          	nucl:5,aa:21

2024-08-09 21:08:47,647 - INFO - Max results per query                  	300

2024-08-09 21:08:47,647 - INFO - Split database                         	0

2024-08-09 21:08:47,647 - INFO - Split mode                             	2

2024-08-09 21:08:47,647 - INFO - Split memory limit                     	0

2024-08-09 21:08:47,647 - INFO - Diagonal scoring                       	true

2024-08-09 21:08:47,647 - INFO - Exact k-mer matching                   	0

2024-08-09 21:08:47,647 - INFO - Mask residues                          	1

2024-08-09 21:08:47,647 - INFO - Mask lower case residues               	0

2024-08-09 21:08:47,647 - INFO - Minimum diagonal score                 	15

2024-08-09 21:08:47,647 - INFO - Spaced k-mers                          	1

2024-08-09 21:08:47,647 - INFO - Spaced k-mer pattern                   	

2024-08-09 21:08:47,647 - INFO - Local temporary path                   	

2024-08-09 21:08:47,647 - INFO - Rescore mode                           	0

2024-08-09 21:08:47,647 - INFO - Remove hits by seq. id. and coverage   	false

2024-08-09 21:08:47,647 - INFO - Sort results                           	0

2024-08-09 21:08:47,648 - INFO - Mask profile                           	1

2024-08-09 21:08:47,648 - INFO - Profile E-value threshold              	0.1

2024-08-09 21:08:47,648 - INFO - Global sequence weighting              	false

2024-08-09 21:08:47,648 - INFO - Allow deletions                        	false

2024-08-09 21:08:47,648 - INFO - Filter MSA                             	1

2024-08-09 21:08:47,648 - INFO - Maximum seq. id. threshold             	0.9

2024-08-09 21:08:47,648 - INFO - Minimum seq. id.                       	0

2024-08-09 21:08:47,648 - INFO - Minimum score per column               	-20

2024-08-09 21:08:47,648 - INFO - Minimum coverage                       	0

2024-08-09 21:08:47,648 - INFO - Select N most diverse seqs             	1000

2024-08-09 21:08:47,648 - INFO - Min codons in orf                      	30

2024-08-09 21:08:47,648 - INFO - Max codons in length                   	32734

2024-08-09 21:08:47,648 - INFO - Max orf gaps                           	2147483647

2024-08-09 21:08:47,648 - INFO - Contig start mode                      	2

2024-08-09 21:08:47,648 - INFO - Contig end mode                        	2

2024-08-09 21:08:47,648 - INFO - Orf start mode                         	1

2024-08-09 21:08:47,648 - INFO - Forward frames                         	1,2,3

2024-08-09 21:08:47,648 - INFO - Reverse frames                         	1,2,3

2024-08-09 21:08:47,648 - INFO - Translation table                      	1

2024-08-09 21:08:47,648 - INFO - Translate orf                          	0

2024-08-09 21:08:47,648 - INFO - Use all table starts                   	false

2024-08-09 21:08:47,648 - INFO - Offset of numeric ids                  	0

2024-08-09 21:08:47,648 - INFO - Create lookup                          	0

2024-08-09 21:08:47,648 - INFO - Add orf stop                           	false

2024-08-09 21:08:47,648 - INFO - Overlap between sequences              	0

2024-08-09 21:08:47,648 - INFO - Sequence split mode                    	1

2024-08-09 21:08:47,648 - INFO - Header split mode                      	0

2024-08-09 21:08:47,648 - INFO - Chain overlapping alignments           	0

2024-08-09 21:08:47,649 - INFO - Merge query                            	1

2024-08-09 21:08:47,649 - INFO - Search type                            	0

2024-08-09 21:08:47,649 - INFO - Search iterations                      	1

2024-08-09 21:08:47,649 - INFO - Start sensitivity                      	4

2024-08-09 21:08:47,649 - INFO - Search steps                           	1

2024-08-09 21:08:47,649 - INFO - Exhaustive search mode                 	false

2024-08-09 21:08:47,649 - INFO - Filter results during exhaustive search	0

2024-08-09 21:08:47,649 - INFO - Strand selection                       	1

2024-08-09 21:08:47,649 - INFO - LCA search mode                        	false

2024-08-09 21:08:47,649 - INFO - Disk space limit                       	0

2024-08-09 21:08:47,649 - INFO - MPI runner                             	

2024-08-09 21:08:47,649 - INFO - Force restart with latest tmp          	false

2024-08-09 21:08:47,649 - INFO - Remove temporary files                 	false

2024-08-09 21:08:47,649 - INFO - 

2024-08-09 21:08:47,805 - INFO - prefilter /data/yangy34/database/pharokka/phrogs_profile_db phage_pharokka/GCA_013114135.1_38|127-5331/target_dir/target_seqs phage_pharokka/GCA_013114135.1_38|127-5331/tmp_dir//10876319960687983136/pref_0 --sub-mat nucl:nucleotide.out,aa:blosum62.out --seed-sub-mat nucl:nucleotide.out,aa:VTML80.out -k 0 --k-score 2147483647 --alph-size nucl:5,aa:21 --max-seq-len 65535 --max-seqs 300 --split 0 --split-mode 2 --split-memory-limit 0 -c 0 --cov-mode 0 --comp-bias-corr 1 --diag-score 1 --exact-kmer-matching 0 --mask 1 --mask-lower-case 0 --min-ungapped-score 15 --add-self-matches 0 --spaced-kmer-mode 1 --db-load-mode 0 --pca 1 --pcb 1.5 --threads 32 --compressed 0 -v 3 -s 8.5 

2024-08-09 21:08:47,806 - INFO - 

2024-08-09 21:08:47,806 - INFO - Query database size: 38880 type: Profile

2024-08-09 21:08:47,806 - INFO - Estimated memory consumption: 488M

2024-08-09 21:08:47,806 - INFO - Target database size: 10 type: Aminoacid

2024-08-09 21:08:47,806 - INFO - Index table k-mer threshold: 0 at k-mer size 6 

2024-08-09 21:08:47,806 - INFO - Index table: counting k-mers

2024-08-09 21:08:47,934 - INFO - [=================================================================] 10 0s 2ms

2024-08-09 21:08:47,934 - INFO - Index table: Masked residues: 82

2024-08-09 21:08:47,934 - INFO - Index table: fill

2024-08-09 21:08:49,415 - INFO - [=================================================================] 10 0s 2ms

2024-08-09 21:08:49,415 - INFO - Index statistics

2024-08-09 21:08:49,415 - INFO - Entries:          1459

2024-08-09 21:08:49,415 - INFO - DB size:          488 MB

2024-08-09 21:08:49,415 - INFO - Avg k-mer size:   0.000023

2024-08-09 21:08:49,415 - INFO - Top 10 k-mers

2024-08-09 21:08:49,415 - INFO -     SAEAAA	1

2024-08-09 21:08:49,415 - INFO -     SVLDAA	1

2024-08-09 21:08:49,415 - INFO -     ALAEAA	1

2024-08-09 21:08:49,415 - INFO -     TTGIAA	1

2024-08-09 21:08:49,415 - INFO -     NINKAA	1

2024-08-09 21:08:49,415 - INFO -     ALSLAA	1

2024-08-09 21:08:49,416 - INFO -     ILISAA	1

2024-08-09 21:08:49,416 - INFO -     YEYVAA	1

2024-08-09 21:08:49,416 - INFO -     SITLCA	1

2024-08-09 21:08:49,416 - INFO -     TAGADA	1

2024-08-09 21:08:49,416 - INFO - Time for index table init: 0h 0m 0s 437ms

2024-08-09 21:08:49,416 - INFO - Process prefiltering step 1 of 1

2024-08-09 21:08:49,416 - INFO - 

2024-08-09 21:08:49,416 - INFO - k-mer similarity threshold: 81

2024-08-09 21:08:49,416 - INFO - Starting prefiltering scores calculation (step 1 of 1)

2024-08-09 21:08:49,416 - INFO - Query db start 1 to 38880

2024-08-09 21:08:49,416 - INFO - Target db start 1 to 10

2024-08-09 21:09:57,540 - INFO - [=================================================================] 38.88K 1m 8s 847ms

2024-08-09 21:09:57,540 - INFO - 

2024-08-09 21:09:57,540 - INFO - 5386.328443 k-mers per position

2024-08-09 21:09:57,540 - INFO - 19 DB matches per sequence

2024-08-09 21:09:57,540 - INFO - 0 overflows

2024-08-09 21:09:57,540 - INFO - 0 queries produce too many hits (truncated result)

2024-08-09 21:09:57,541 - INFO - 0 sequences passed prefiltering per query sequence

2024-08-09 21:09:57,541 - INFO - 0 median result list length

2024-08-09 21:09:57,541 - INFO - 26032 sequences with 0 size result lists

2024-08-09 21:09:57,541 - INFO - Time for merging to pref_0: 0h 0m 0s 117ms

2024-08-09 21:09:57,541 - INFO - Time for processing: 0h 1m 9s 884ms

2024-08-09 21:09:57,817 - INFO - align /data/yangy34/database/pharokka/phrogs_profile_db phage_pharokka/GCA_013114135.1_38|127-5331/target_dir/target_seqs phage_pharokka/GCA_013114135.1_38|127-5331/tmp_dir//10876319960687983136/pref_0 phage_pharokka/GCA_013114135.1_38|127-5331/mmseqs/results_mmseqs --sub-mat nucl:nucleotide.out,aa:blosum62.out -a 0 --alignment-mode 2 --alignment-output-mode 0 --wrapped-scoring 0 -e 1e-05 --min-seq-id 0 --min-aln-len 0 --seq-id-mode 0 --alt-ali 0 -c 0 --cov-mode 0 --max-seq-len 65535 --comp-bias-corr 1 --max-rejected 2147483647 --max-accept 2147483647 --add-self-matches 0 --db-load-mode 0 --pca 1 --pcb 1.5 --score-bias 0 --realign 0 --realign-score-bias -0.2 --realign-max-seqs 2147483647 --gap-open nucl:5,aa:11 --gap-extend nucl:2,aa:1 --zdrop 40 --threads 32 --compressed 0 -v 3 

2024-08-09 21:09:57,817 - INFO - 

2024-08-09 21:09:57,817 - INFO - Compute score and coverage

2024-08-09 21:09:57,817 - INFO - Query database size: 38880 type: Profile

2024-08-09 21:09:57,817 - INFO - Target database size: 10 type: Aminoacid

2024-08-09 21:09:57,817 - INFO - Calculation of alignments

2024-08-09 21:09:58,211 - INFO - [=================================================================] 38.88K 0s 348ms

2024-08-09 21:09:58,211 - INFO - Time for merging to results_mmseqs: 0h 0m 0s 68ms

2024-08-09 21:09:58,211 - INFO - 17487 alignments calculated

2024-08-09 21:09:58,211 - INFO - 15 sequence pairs passed the thresholds (0.000858 of overall calculated)

2024-08-09 21:09:58,211 - INFO - 0.000386 hits per query sequence

2024-08-09 21:09:58,211 - INFO - Time for processing: 0h 0m 0s 661ms

2024-08-09 21:09:58,355 - INFO - createtsv /data/yangy34/database/pharokka/phrogs_profile_db phage_pharokka/GCA_013114135.1_38|127-5331/target_dir/target_seqs phage_pharokka/GCA_013114135.1_38|127-5331/mmseqs/results_mmseqs phage_pharokka/GCA_013114135.1_38|127-5331/mmseqs_results.tsv --full-header --threads 32 

2024-08-09 21:09:58,355 - INFO - 

2024-08-09 21:09:58,355 - INFO - MMseqs Version:                 	13.45111

2024-08-09 21:09:58,355 - INFO - First sequence as representative	false

2024-08-09 21:09:58,355 - INFO - Target column                   	1

2024-08-09 21:09:58,355 - INFO - Add full header                 	true

2024-08-09 21:09:58,355 - INFO - Sequence source                 	0

2024-08-09 21:09:58,355 - INFO - Database output                 	false

2024-08-09 21:09:58,355 - INFO - Threads                         	32

2024-08-09 21:09:58,356 - INFO - Compressed                      	0

2024-08-09 21:09:58,356 - INFO - Verbosity                       	3

2024-08-09 21:09:58,356 - INFO - 

2024-08-09 21:09:58,356 - INFO - Time for merging to mmseqs_results.tsv: 0h 0m 0s 31ms

2024-08-09 21:09:58,356 - INFO - Time for processing: 0h 0m 0s 134ms

2024-08-09 21:09:58,371 - INFO - Running mmseqs2 on CARD.
2024-08-09 21:09:58,688 - INFO - createdb phage_pharokka/GCA_013114135.1_38|127-5331/phanotate_aas_tmp.fasta phage_pharokka/GCA_013114135.1_38|127-5331/CARD_target_dir/target_seqs 

2024-08-09 21:09:58,688 - INFO - 

2024-08-09 21:09:58,688 - INFO - MMseqs Version:       	13.45111

2024-08-09 21:09:58,688 - INFO - Database type         	0

2024-08-09 21:09:58,688 - INFO - Shuffle input database	true

2024-08-09 21:09:58,688 - INFO - Createdb mode         	0

2024-08-09 21:09:58,688 - INFO - Write lookup file     	1

2024-08-09 21:09:58,688 - INFO - Offset of numeric ids 	0

2024-08-09 21:09:58,688 - INFO - Compressed            	0

2024-08-09 21:09:58,688 - INFO - Verbosity             	3

2024-08-09 21:09:58,688 - INFO - 

2024-08-09 21:09:58,688 - INFO - Converting sequences

2024-08-09 21:09:58,688 - INFO - [

2024-08-09 21:09:58,688 - INFO - Time for merging to target_seqs_h: 0h 0m 0s 11ms

2024-08-09 21:09:58,688 - INFO - Time for merging to target_seqs: 0h 0m 0s 21ms

2024-08-09 21:09:58,688 - INFO - Database type: Aminoacid

2024-08-09 21:09:58,688 - INFO - Time for processing: 0h 0m 0s 312ms

2024-08-09 21:09:58,696 - INFO - Create directory phage_pharokka/GCA_013114135.1_38|127-5331/CARD_tmp_dir/

2024-08-09 21:09:58,696 - INFO - search --min-seq-id 0.8 -c 0.4 /data/yangy34/database/pharokka/CARD phage_pharokka/GCA_013114135.1_38|127-5331/CARD_target_dir/target_seqs phage_pharokka/GCA_013114135.1_38|127-5331/CARD/results_CARD phage_pharokka/GCA_013114135.1_38|127-5331/CARD_tmp_dir/ -s 8.5 --threads 32 

2024-08-09 21:09:58,696 - INFO - 

2024-08-09 21:09:58,696 - INFO - MMseqs Version:                        	13.45111

2024-08-09 21:09:58,696 - INFO - Substitution matrix                    	nucl:nucleotide.out,aa:blosum62.out

2024-08-09 21:09:58,696 - INFO - Add backtrace                          	false

2024-08-09 21:09:58,696 - INFO - Alignment mode                         	2

2024-08-09 21:09:58,696 - INFO - Alignment mode                         	0

2024-08-09 21:09:58,697 - INFO - Allow wrapped scoring                  	false

2024-08-09 21:09:58,697 - INFO - E-value threshold                      	0.001

2024-08-09 21:09:58,697 - INFO - Seq. id. threshold                     	0.8

2024-08-09 21:09:58,697 - INFO - Min alignment length                   	0

2024-08-09 21:09:58,697 - INFO - Seq. id. mode                          	0

2024-08-09 21:09:58,697 - INFO - Alternative alignments                 	0

2024-08-09 21:09:58,697 - INFO - Coverage threshold                     	0.4

2024-08-09 21:09:58,697 - INFO - Coverage mode                          	0

2024-08-09 21:09:58,697 - INFO - Max sequence length                    	65535

2024-08-09 21:09:58,697 - INFO - Compositional bias                     	1

2024-08-09 21:09:58,697 - INFO - Max reject                             	2147483647

2024-08-09 21:09:58,697 - INFO - Max accept                             	2147483647

2024-08-09 21:09:58,697 - INFO - Include identical seq. id.             	false

2024-08-09 21:09:58,697 - INFO - Preload mode                           	0

2024-08-09 21:09:58,697 - INFO - Pseudo count a                         	1

2024-08-09 21:09:58,697 - INFO - Pseudo count b                         	1.5

2024-08-09 21:09:58,697 - INFO - Score bias                             	0

2024-08-09 21:09:58,697 - INFO - Realign hits                           	false

2024-08-09 21:09:58,697 - INFO - Realign score bias                     	-0.2

2024-08-09 21:09:58,697 - INFO - Realign max seqs                       	2147483647

2024-08-09 21:09:58,697 - INFO - Gap open cost                          	nucl:5,aa:11

2024-08-09 21:09:58,697 - INFO - Gap extension cost                     	nucl:2,aa:1

2024-08-09 21:09:58,697 - INFO - Zdrop                                  	40

2024-08-09 21:09:58,697 - INFO - Threads                                	32

2024-08-09 21:09:58,697 - INFO - Compressed                             	0

2024-08-09 21:09:58,697 - INFO - Verbosity                              	3

2024-08-09 21:09:58,697 - INFO - Seed substitution matrix               	nucl:nucleotide.out,aa:VTML80.out

2024-08-09 21:09:58,698 - INFO - Sensitivity                            	8.5

2024-08-09 21:09:58,698 - INFO - k-mer length                           	0

2024-08-09 21:09:58,698 - INFO - k-score                                	2147483647

2024-08-09 21:09:58,698 - INFO - Alphabet size                          	nucl:5,aa:21

2024-08-09 21:09:58,698 - INFO - Max results per query                  	300

2024-08-09 21:09:58,698 - INFO - Split database                         	0

2024-08-09 21:09:58,698 - INFO - Split mode                             	2

2024-08-09 21:09:58,698 - INFO - Split memory limit                     	0

2024-08-09 21:09:58,698 - INFO - Diagonal scoring                       	true

2024-08-09 21:09:58,698 - INFO - Exact k-mer matching                   	0

2024-08-09 21:09:58,698 - INFO - Mask residues                          	1

2024-08-09 21:09:58,698 - INFO - Mask lower case residues               	0

2024-08-09 21:09:58,698 - INFO - Minimum diagonal score                 	15

2024-08-09 21:09:58,698 - INFO - Spaced k-mers                          	1

2024-08-09 21:09:58,698 - INFO - Spaced k-mer pattern                   	

2024-08-09 21:09:58,698 - INFO - Local temporary path                   	

2024-08-09 21:09:58,698 - INFO - Rescore mode                           	0

2024-08-09 21:09:58,698 - INFO - Remove hits by seq. id. and coverage   	false

2024-08-09 21:09:58,698 - INFO - Sort results                           	0

2024-08-09 21:09:58,698 - INFO - Mask profile                           	1

2024-08-09 21:09:58,698 - INFO - Profile E-value threshold              	0.1

2024-08-09 21:09:58,698 - INFO - Global sequence weighting              	false

2024-08-09 21:09:58,698 - INFO - Allow deletions                        	false

2024-08-09 21:09:58,698 - INFO - Filter MSA                             	1

2024-08-09 21:09:58,698 - INFO - Maximum seq. id. threshold             	0.9

2024-08-09 21:09:58,698 - INFO - Minimum seq. id.                       	0

2024-08-09 21:09:58,698 - INFO - Minimum score per column               	-20

2024-08-09 21:09:58,698 - INFO - Minimum coverage                       	0

2024-08-09 21:09:58,699 - INFO - Select N most diverse seqs             	1000

2024-08-09 21:09:58,699 - INFO - Min codons in orf                      	30

2024-08-09 21:09:58,699 - INFO - Max codons in length                   	32734

2024-08-09 21:09:58,699 - INFO - Max orf gaps                           	2147483647

2024-08-09 21:09:58,699 - INFO - Contig start mode                      	2

2024-08-09 21:09:58,699 - INFO - Contig end mode                        	2

2024-08-09 21:09:58,699 - INFO - Orf start mode                         	1

2024-08-09 21:09:58,699 - INFO - Forward frames                         	1,2,3

2024-08-09 21:09:58,699 - INFO - Reverse frames                         	1,2,3

2024-08-09 21:09:58,699 - INFO - Translation table                      	1

2024-08-09 21:09:58,699 - INFO - Translate orf                          	0

2024-08-09 21:09:58,699 - INFO - Use all table starts                   	false

2024-08-09 21:09:58,699 - INFO - Offset of numeric ids                  	0

2024-08-09 21:09:58,699 - INFO - Create lookup                          	0

2024-08-09 21:09:58,699 - INFO - Add orf stop                           	false

2024-08-09 21:09:58,699 - INFO - Overlap between sequences              	0

2024-08-09 21:09:58,699 - INFO - Sequence split mode                    	1

2024-08-09 21:09:58,699 - INFO - Header split mode                      	0

2024-08-09 21:09:58,699 - INFO - Chain overlapping alignments           	0

2024-08-09 21:09:58,699 - INFO - Merge query                            	1

2024-08-09 21:09:58,699 - INFO - Search type                            	0

2024-08-09 21:09:58,699 - INFO - Search iterations                      	1

2024-08-09 21:09:58,699 - INFO - Start sensitivity                      	4

2024-08-09 21:09:58,699 - INFO - Search steps                           	1

2024-08-09 21:09:58,699 - INFO - Exhaustive search mode                 	false

2024-08-09 21:09:58,699 - INFO - Filter results during exhaustive search	0

2024-08-09 21:09:58,699 - INFO - Strand selection                       	1

2024-08-09 21:09:58,700 - INFO - LCA search mode                        	false

2024-08-09 21:09:58,700 - INFO - Disk space limit                       	0

2024-08-09 21:09:58,700 - INFO - MPI runner                             	

2024-08-09 21:09:58,700 - INFO - Force restart with latest tmp          	false

2024-08-09 21:09:58,700 - INFO - Remove temporary files                 	false

2024-08-09 21:09:58,700 - INFO - 

2024-08-09 21:09:58,849 - INFO - prefilter /data/yangy34/database/pharokka/CARD phage_pharokka/GCA_013114135.1_38|127-5331/CARD_target_dir/target_seqs phage_pharokka/GCA_013114135.1_38|127-5331/CARD_tmp_dir//7540802034353228799/pref_0 --sub-mat nucl:nucleotide.out,aa:blosum62.out --seed-sub-mat nucl:nucleotide.out,aa:VTML80.out -k 0 --k-score 2147483647 --alph-size nucl:5,aa:21 --max-seq-len 65535 --max-seqs 300 --split 0 --split-mode 2 --split-memory-limit 0 -c 0.4 --cov-mode 0 --comp-bias-corr 1 --diag-score 1 --exact-kmer-matching 0 --mask 1 --mask-lower-case 0 --min-ungapped-score 15 --add-self-matches 0 --spaced-kmer-mode 1 --db-load-mode 0 --pca 1 --pcb 1.5 --threads 32 --compressed 0 -v 3 -s 8.5 

2024-08-09 21:09:58,849 - INFO - 

2024-08-09 21:09:58,849 - INFO - Query database size: 4641 type: Aminoacid

2024-08-09 21:09:58,849 - INFO - Estimated memory consumption: 977M

2024-08-09 21:09:58,849 - INFO - Target database size: 10 type: Aminoacid

2024-08-09 21:09:58,849 - INFO - Index table k-mer threshold: 87 at k-mer size 6 

2024-08-09 21:09:58,849 - INFO - Index table: counting k-mers

2024-08-09 21:09:58,974 - INFO - [=================================================================] 10 0s 6ms

2024-08-09 21:09:58,974 - INFO - Index table: Masked residues: 83

2024-08-09 21:09:58,974 - INFO - Index table: fill

2024-08-09 21:09:59,523 - INFO - [=================================================================] 10 0s 2ms

2024-08-09 21:09:59,523 - INFO - Index statistics

2024-08-09 21:09:59,523 - INFO - Entries:          1458

2024-08-09 21:09:59,523 - INFO - DB size:          488 MB

2024-08-09 21:09:59,523 - INFO - Avg k-mer size:   0.000023

2024-08-09 21:09:59,523 - INFO - Top 10 k-mers

2024-08-09 21:09:59,523 - INFO -     SAEAAA	1

2024-08-09 21:09:59,523 - INFO -     SVLDAA	1

2024-08-09 21:09:59,523 - INFO -     ALAEAA	1

2024-08-09 21:09:59,523 - INFO -     TTGIAA	1

2024-08-09 21:09:59,523 - INFO -     NINKAA	1

2024-08-09 21:09:59,524 - INFO -     ALSLAA	1

2024-08-09 21:09:59,524 - INFO -     ILISAA	1

2024-08-09 21:09:59,524 - INFO -     YEYVAA	1

2024-08-09 21:09:59,524 - INFO -     SITLCA	1

2024-08-09 21:09:59,524 - INFO -     TAGADA	1

2024-08-09 21:09:59,524 - INFO - Time for index table init: 0h 0m 0s 429ms

2024-08-09 21:09:59,524 - INFO - Process prefiltering step 1 of 1

2024-08-09 21:09:59,524 - INFO - 

2024-08-09 21:09:59,524 - INFO - k-mer similarity threshold: 87

2024-08-09 21:09:59,524 - INFO - Starting prefiltering scores calculation (step 1 of 1)

2024-08-09 21:09:59,524 - INFO - Query db start 1 to 4641

2024-08-09 21:09:59,524 - INFO - Target db start 1 to 10

2024-08-09 21:10:08,395 - INFO - [=================================================================] 4.64K 8s 923ms

2024-08-09 21:10:08,395 - INFO - 

2024-08-09 21:10:08,395 - INFO - 3883.681631 k-mers per position

2024-08-09 21:10:08,395 - INFO - 28 DB matches per sequence

2024-08-09 21:10:08,395 - INFO - 0 overflows

2024-08-09 21:10:08,395 - INFO - 0 queries produce too many hits (truncated result)

2024-08-09 21:10:08,395 - INFO - 0 sequences passed prefiltering per query sequence

2024-08-09 21:10:08,396 - INFO - 0 median result list length

2024-08-09 21:10:08,396 - INFO - 2428 sequences with 0 size result lists

2024-08-09 21:10:08,396 - INFO - Time for merging to pref_0: 0h 0m 0s 14ms

2024-08-09 21:10:08,396 - INFO - Time for processing: 0h 0m 9s 690ms

2024-08-09 21:10:08,460 - INFO - align /data/yangy34/database/pharokka/CARD phage_pharokka/GCA_013114135.1_38|127-5331/CARD_target_dir/target_seqs phage_pharokka/GCA_013114135.1_38|127-5331/CARD_tmp_dir//7540802034353228799/pref_0 phage_pharokka/GCA_013114135.1_38|127-5331/CARD/results_CARD --sub-mat nucl:nucleotide.out,aa:blosum62.out -a 0 --alignment-mode 2 --alignment-output-mode 0 --wrapped-scoring 0 -e 0.001 --min-seq-id 0.8 --min-aln-len 0 --seq-id-mode 0 --alt-ali 0 -c 0.4 --cov-mode 0 --max-seq-len 65535 --comp-bias-corr 1 --max-rejected 2147483647 --max-accept 2147483647 --add-self-matches 0 --db-load-mode 0 --pca 1 --pcb 1.5 --score-bias 0 --realign 0 --realign-score-bias -0.2 --realign-max-seqs 2147483647 --gap-open nucl:5,aa:11 --gap-extend nucl:2,aa:1 --zdrop 40 --threads 32 --compressed 0 -v 3 

2024-08-09 21:10:08,460 - INFO - 

2024-08-09 21:10:08,460 - INFO - Compute score and coverage

2024-08-09 21:10:08,460 - INFO - Query database size: 4641 type: Aminoacid

2024-08-09 21:10:08,460 - INFO - Target database size: 10 type: Aminoacid

2024-08-09 21:10:08,460 - INFO - Calculation of alignments

2024-08-09 21:10:08,496 - INFO - [=================================================================] 4.64K 0s 18ms

2024-08-09 21:10:08,496 - INFO - Time for merging to results_CARD: 0h 0m 0s 16ms

2024-08-09 21:10:08,496 - INFO - 1758 alignments calculated

2024-08-09 21:10:08,496 - INFO - 0 sequence pairs passed the thresholds (0.000000 of overall calculated)

2024-08-09 21:10:08,497 - INFO - 0.000000 hits per query sequence

2024-08-09 21:10:08,497 - INFO - Time for processing: 0h 0m 0s 94ms

2024-08-09 21:10:08,612 - INFO - createtsv /data/yangy34/database/pharokka/CARD phage_pharokka/GCA_013114135.1_38|127-5331/CARD_target_dir/target_seqs phage_pharokka/GCA_013114135.1_38|127-5331/CARD/results_CARD phage_pharokka/GCA_013114135.1_38|127-5331/CARD_results.tsv --full-header --threads 32 

2024-08-09 21:10:08,613 - INFO - 

2024-08-09 21:10:08,613 - INFO - MMseqs Version:                 	13.45111

2024-08-09 21:10:08,613 - INFO - First sequence as representative	false

2024-08-09 21:10:08,613 - INFO - Target column                   	1

2024-08-09 21:10:08,613 - INFO - Add full header                 	true

2024-08-09 21:10:08,613 - INFO - Sequence source                 	0

2024-08-09 21:10:08,613 - INFO - Database output                 	false

2024-08-09 21:10:08,613 - INFO - Threads                         	32

2024-08-09 21:10:08,613 - INFO - Compressed                      	0

2024-08-09 21:10:08,613 - INFO - Verbosity                       	3

2024-08-09 21:10:08,613 - INFO - 

2024-08-09 21:10:08,613 - INFO - Time for merging to CARD_results.tsv: 0h 0m 0s 16ms

2024-08-09 21:10:08,613 - INFO - Time for processing: 0h 0m 0s 109ms

2024-08-09 21:10:08,619 - INFO - Running mmseqs2 on vfdb.
2024-08-09 21:10:08,804 - INFO - createdb phage_pharokka/GCA_013114135.1_38|127-5331/phanotate_aas_tmp.fasta phage_pharokka/GCA_013114135.1_38|127-5331/vfdb_target_dir/target_seqs 

2024-08-09 21:10:08,804 - INFO - 

2024-08-09 21:10:08,804 - INFO - MMseqs Version:       	13.45111

2024-08-09 21:10:08,804 - INFO - Database type         	0

2024-08-09 21:10:08,805 - INFO - Shuffle input database	true

2024-08-09 21:10:08,805 - INFO - Createdb mode         	0

2024-08-09 21:10:08,805 - INFO - Write lookup file     	1

2024-08-09 21:10:08,805 - INFO - Offset of numeric ids 	0

2024-08-09 21:10:08,805 - INFO - Compressed            	0

2024-08-09 21:10:08,805 - INFO - Verbosity             	3

2024-08-09 21:10:08,805 - INFO - 

2024-08-09 21:10:08,805 - INFO - Converting sequences

2024-08-09 21:10:08,805 - INFO - [

2024-08-09 21:10:08,805 - INFO - Time for merging to target_seqs_h: 0h 0m 0s 12ms

2024-08-09 21:10:08,805 - INFO - Time for merging to target_seqs: 0h 0m 0s 22ms

2024-08-09 21:10:08,805 - INFO - Database type: Aminoacid

2024-08-09 21:10:08,805 - INFO - Time for processing: 0h 0m 0s 180ms

2024-08-09 21:10:08,816 - INFO - Create directory phage_pharokka/GCA_013114135.1_38|127-5331/vfdb_tmp_dir/

2024-08-09 21:10:08,816 - INFO - search --min-seq-id 0.8 -c 0.4 /data/yangy34/database/pharokka/vfdb phage_pharokka/GCA_013114135.1_38|127-5331/vfdb_target_dir/target_seqs phage_pharokka/GCA_013114135.1_38|127-5331/vfdb/results_vfdb phage_pharokka/GCA_013114135.1_38|127-5331/vfdb_tmp_dir/ -s 8.5 --threads 32 

2024-08-09 21:10:08,816 - INFO - 

2024-08-09 21:10:08,816 - INFO - MMseqs Version:                        	13.45111

2024-08-09 21:10:08,816 - INFO - Substitution matrix                    	nucl:nucleotide.out,aa:blosum62.out

2024-08-09 21:10:08,816 - INFO - Add backtrace                          	false

2024-08-09 21:10:08,816 - INFO - Alignment mode                         	2

2024-08-09 21:10:08,816 - INFO - Alignment mode                         	0

2024-08-09 21:10:08,816 - INFO - Allow wrapped scoring                  	false

2024-08-09 21:10:08,816 - INFO - E-value threshold                      	0.001

2024-08-09 21:10:08,816 - INFO - Seq. id. threshold                     	0.8

2024-08-09 21:10:08,816 - INFO - Min alignment length                   	0

2024-08-09 21:10:08,816 - INFO - Seq. id. mode                          	0

2024-08-09 21:10:08,816 - INFO - Alternative alignments                 	0

2024-08-09 21:10:08,816 - INFO - Coverage threshold                     	0.4

2024-08-09 21:10:08,816 - INFO - Coverage mode                          	0

2024-08-09 21:10:08,816 - INFO - Max sequence length                    	65535

2024-08-09 21:10:08,816 - INFO - Compositional bias                     	1

2024-08-09 21:10:08,816 - INFO - Max reject                             	2147483647

2024-08-09 21:10:08,816 - INFO - Max accept                             	2147483647

2024-08-09 21:10:08,816 - INFO - Include identical seq. id.             	false

2024-08-09 21:10:08,816 - INFO - Preload mode                           	0

2024-08-09 21:10:08,816 - INFO - Pseudo count a                         	1

2024-08-09 21:10:08,816 - INFO - Pseudo count b                         	1.5

2024-08-09 21:10:08,816 - INFO - Score bias                             	0

2024-08-09 21:10:08,817 - INFO - Realign hits                           	false

2024-08-09 21:10:08,817 - INFO - Realign score bias                     	-0.2

2024-08-09 21:10:08,817 - INFO - Realign max seqs                       	2147483647

2024-08-09 21:10:08,817 - INFO - Gap open cost                          	nucl:5,aa:11

2024-08-09 21:10:08,817 - INFO - Gap extension cost                     	nucl:2,aa:1

2024-08-09 21:10:08,817 - INFO - Zdrop                                  	40

2024-08-09 21:10:08,817 - INFO - Threads                                	32

2024-08-09 21:10:08,817 - INFO - Compressed                             	0

2024-08-09 21:10:08,817 - INFO - Verbosity                              	3

2024-08-09 21:10:08,817 - INFO - Seed substitution matrix               	nucl:nucleotide.out,aa:VTML80.out

2024-08-09 21:10:08,817 - INFO - Sensitivity                            	8.5

2024-08-09 21:10:08,817 - INFO - k-mer length                           	0

2024-08-09 21:10:08,817 - INFO - k-score                                	2147483647

2024-08-09 21:10:08,817 - INFO - Alphabet size                          	nucl:5,aa:21

2024-08-09 21:10:08,817 - INFO - Max results per query                  	300

2024-08-09 21:10:08,817 - INFO - Split database                         	0

2024-08-09 21:10:08,817 - INFO - Split mode                             	2

2024-08-09 21:10:08,817 - INFO - Split memory limit                     	0

2024-08-09 21:10:08,817 - INFO - Diagonal scoring                       	true

2024-08-09 21:10:08,817 - INFO - Exact k-mer matching                   	0

2024-08-09 21:10:08,817 - INFO - Mask residues                          	1

2024-08-09 21:10:08,817 - INFO - Mask lower case residues               	0

2024-08-09 21:10:08,817 - INFO - Minimum diagonal score                 	15

2024-08-09 21:10:08,817 - INFO - Spaced k-mers                          	1

2024-08-09 21:10:08,817 - INFO - Spaced k-mer pattern                   	

2024-08-09 21:10:08,817 - INFO - Local temporary path                   	

2024-08-09 21:10:08,817 - INFO - Rescore mode                           	0

2024-08-09 21:10:08,818 - INFO - Remove hits by seq. id. and coverage   	false

2024-08-09 21:10:08,818 - INFO - Sort results                           	0

2024-08-09 21:10:08,818 - INFO - Mask profile                           	1

2024-08-09 21:10:08,818 - INFO - Profile E-value threshold              	0.1

2024-08-09 21:10:08,818 - INFO - Global sequence weighting              	false

2024-08-09 21:10:08,818 - INFO - Allow deletions                        	false

2024-08-09 21:10:08,818 - INFO - Filter MSA                             	1

2024-08-09 21:10:08,818 - INFO - Maximum seq. id. threshold             	0.9

2024-08-09 21:10:08,818 - INFO - Minimum seq. id.                       	0

2024-08-09 21:10:08,818 - INFO - Minimum score per column               	-20

2024-08-09 21:10:08,818 - INFO - Minimum coverage                       	0

2024-08-09 21:10:08,818 - INFO - Select N most diverse seqs             	1000

2024-08-09 21:10:08,818 - INFO - Min codons in orf                      	30

2024-08-09 21:10:08,818 - INFO - Max codons in length                   	32734

2024-08-09 21:10:08,818 - INFO - Max orf gaps                           	2147483647

2024-08-09 21:10:08,818 - INFO - Contig start mode                      	2

2024-08-09 21:10:08,818 - INFO - Contig end mode                        	2

2024-08-09 21:10:08,818 - INFO - Orf start mode                         	1

2024-08-09 21:10:08,818 - INFO - Forward frames                         	1,2,3

2024-08-09 21:10:08,818 - INFO - Reverse frames                         	1,2,3

2024-08-09 21:10:08,818 - INFO - Translation table                      	1

2024-08-09 21:10:08,818 - INFO - Translate orf                          	0

2024-08-09 21:10:08,818 - INFO - Use all table starts                   	false

2024-08-09 21:10:08,818 - INFO - Offset of numeric ids                  	0

2024-08-09 21:10:08,818 - INFO - Create lookup                          	0

2024-08-09 21:10:08,818 - INFO - Add orf stop                           	false

2024-08-09 21:10:08,818 - INFO - Overlap between sequences              	0

2024-08-09 21:10:08,818 - INFO - Sequence split mode                    	1

2024-08-09 21:10:08,819 - INFO - Header split mode                      	0

2024-08-09 21:10:08,819 - INFO - Chain overlapping alignments           	0

2024-08-09 21:10:08,819 - INFO - Merge query                            	1

2024-08-09 21:10:08,819 - INFO - Search type                            	0

2024-08-09 21:10:08,819 - INFO - Search iterations                      	1

2024-08-09 21:10:08,819 - INFO - Start sensitivity                      	4

2024-08-09 21:10:08,819 - INFO - Search steps                           	1

2024-08-09 21:10:08,819 - INFO - Exhaustive search mode                 	false

2024-08-09 21:10:08,819 - INFO - Filter results during exhaustive search	0

2024-08-09 21:10:08,819 - INFO - Strand selection                       	1

2024-08-09 21:10:08,819 - INFO - LCA search mode                        	false

2024-08-09 21:10:08,819 - INFO - Disk space limit                       	0

2024-08-09 21:10:08,819 - INFO - MPI runner                             	

2024-08-09 21:10:08,819 - INFO - Force restart with latest tmp          	false

2024-08-09 21:10:08,819 - INFO - Remove temporary files                 	false

2024-08-09 21:10:08,819 - INFO - 

2024-08-09 21:10:09,032 - INFO - prefilter /data/yangy34/database/pharokka/vfdb phage_pharokka/GCA_013114135.1_38|127-5331/vfdb_target_dir/target_seqs phage_pharokka/GCA_013114135.1_38|127-5331/vfdb_tmp_dir//4024016780435882031/pref_0 --sub-mat nucl:nucleotide.out,aa:blosum62.out --seed-sub-mat nucl:nucleotide.out,aa:VTML80.out -k 0 --k-score 2147483647 --alph-size nucl:5,aa:21 --max-seq-len 65535 --max-seqs 300 --split 0 --split-mode 2 --split-memory-limit 0 -c 0.4 --cov-mode 0 --comp-bias-corr 1 --diag-score 1 --exact-kmer-matching 0 --mask 1 --mask-lower-case 0 --min-ungapped-score 15 --add-self-matches 0 --spaced-kmer-mode 1 --db-load-mode 0 --pca 1 --pcb 1.5 --threads 32 --compressed 0 -v 3 -s 8.5 

2024-08-09 21:10:09,032 - INFO - 

2024-08-09 21:10:09,032 - INFO - Query database size: 27504 type: Aminoacid

2024-08-09 21:10:09,032 - INFO - Estimated memory consumption: 977M

2024-08-09 21:10:09,033 - INFO - Target database size: 10 type: Aminoacid

2024-08-09 21:10:09,033 - INFO - Index table k-mer threshold: 87 at k-mer size 6 

2024-08-09 21:10:09,033 - INFO - Index table: counting k-mers

2024-08-09 21:10:09,160 - INFO - [=================================================================] 10 0s 4ms

2024-08-09 21:10:09,161 - INFO - Index table: Masked residues: 83

2024-08-09 21:10:09,161 - INFO - Index table: fill

2024-08-09 21:10:10,674 - INFO - [=================================================================] 10 0s 0ms

2024-08-09 21:10:10,675 - INFO - Index statistics

2024-08-09 21:10:10,675 - INFO - Entries:          1458

2024-08-09 21:10:10,675 - INFO - DB size:          488 MB

2024-08-09 21:10:10,675 - INFO - Avg k-mer size:   0.000023

2024-08-09 21:10:10,675 - INFO - Top 10 k-mers

2024-08-09 21:10:10,675 - INFO -     SAEAAA	1

2024-08-09 21:10:10,675 - INFO -     SVLDAA	1

2024-08-09 21:10:10,675 - INFO -     ALAEAA	1

2024-08-09 21:10:10,675 - INFO -     TTGIAA	1

2024-08-09 21:10:10,675 - INFO -     NINKAA	1

2024-08-09 21:10:10,675 - INFO -     ALSLAA	1

2024-08-09 21:10:10,675 - INFO -     ILISAA	1

2024-08-09 21:10:10,675 - INFO -     YEYVAA	1

2024-08-09 21:10:10,675 - INFO -     SITLCA	1

2024-08-09 21:10:10,676 - INFO -     TAGADA	1

2024-08-09 21:10:10,676 - INFO - Time for index table init: 0h 0m 0s 501ms

2024-08-09 21:10:10,676 - INFO - Process prefiltering step 1 of 1

2024-08-09 21:10:10,676 - INFO - 

2024-08-09 21:10:10,676 - INFO - k-mer similarity threshold: 87

2024-08-09 21:10:10,676 - INFO - Starting prefiltering scores calculation (step 1 of 1)

2024-08-09 21:10:10,676 - INFO - Query db start 1 to 27504

2024-08-09 21:10:10,676 - INFO - Target db start 1 to 10

2024-08-09 21:11:20,731 - INFO - [=================================================================] 27.50K 1m 10s 588ms

2024-08-09 21:11:20,732 - INFO - 

2024-08-09 21:11:20,732 - INFO - 3159.764157 k-mers per position

2024-08-09 21:11:20,732 - INFO - 38 DB matches per sequence

2024-08-09 21:11:20,732 - INFO - 0 overflows

2024-08-09 21:11:20,732 - INFO - 0 queries produce too many hits (truncated result)

2024-08-09 21:11:20,732 - INFO - 0 sequences passed prefiltering per query sequence

2024-08-09 21:11:20,732 - INFO - 0 median result list length

2024-08-09 21:11:20,732 - INFO - 14465 sequences with 0 size result lists

2024-08-09 21:11:20,732 - INFO - Time for merging to pref_0: 0h 0m 0s 72ms

2024-08-09 21:11:20,732 - INFO - Time for processing: 0h 1m 11s 906ms

2024-08-09 21:11:20,862 - INFO - align /data/yangy34/database/pharokka/vfdb phage_pharokka/GCA_013114135.1_38|127-5331/vfdb_target_dir/target_seqs phage_pharokka/GCA_013114135.1_38|127-5331/vfdb_tmp_dir//4024016780435882031/pref_0 phage_pharokka/GCA_013114135.1_38|127-5331/vfdb/results_vfdb --sub-mat nucl:nucleotide.out,aa:blosum62.out -a 0 --alignment-mode 2 --alignment-output-mode 0 --wrapped-scoring 0 -e 0.001 --min-seq-id 0.8 --min-aln-len 0 --seq-id-mode 0 --alt-ali 0 -c 0.4 --cov-mode 0 --max-seq-len 65535 --comp-bias-corr 1 --max-rejected 2147483647 --max-accept 2147483647 --add-self-matches 0 --db-load-mode 0 --pca 1 --pcb 1.5 --score-bias 0 --realign 0 --realign-score-bias -0.2 --realign-max-seqs 2147483647 --gap-open nucl:5,aa:11 --gap-extend nucl:2,aa:1 --zdrop 40 --threads 32 --compressed 0 -v 3 

2024-08-09 21:11:20,863 - INFO - 

2024-08-09 21:11:20,863 - INFO - Compute score and coverage

2024-08-09 21:11:20,863 - INFO - Query database size: 27504 type: Aminoacid

2024-08-09 21:11:20,863 - INFO - Target database size: 10 type: Aminoacid

2024-08-09 21:11:20,863 - INFO - Calculation of alignments

2024-08-09 21:11:21,010 - INFO - [=================================================================] 27.50K 0s 84ms

2024-08-09 21:11:21,011 - INFO - Time for merging to results_vfdb: 0h 0m 0s 60ms

2024-08-09 21:11:21,011 - INFO - 11269 alignments calculated

2024-08-09 21:11:21,011 - INFO - 0 sequence pairs passed the thresholds (0.000000 of overall calculated)

2024-08-09 21:11:21,011 - INFO - 0.000000 hits per query sequence

2024-08-09 21:11:21,011 - INFO - Time for processing: 0h 0m 0s 270ms

2024-08-09 21:11:21,235 - INFO - createtsv /data/yangy34/database/pharokka/vfdb phage_pharokka/GCA_013114135.1_38|127-5331/vfdb_target_dir/target_seqs phage_pharokka/GCA_013114135.1_38|127-5331/vfdb/results_vfdb phage_pharokka/GCA_013114135.1_38|127-5331/vfdb_results.tsv --full-header --threads 32 

2024-08-09 21:11:21,235 - INFO - 

2024-08-09 21:11:21,235 - INFO - MMseqs Version:                 	13.45111

2024-08-09 21:11:21,235 - INFO - First sequence as representative	false

2024-08-09 21:11:21,235 - INFO - Target column                   	1

2024-08-09 21:11:21,235 - INFO - Add full header                 	true

2024-08-09 21:11:21,235 - INFO - Sequence source                 	0

2024-08-09 21:11:21,235 - INFO - Database output                 	false

2024-08-09 21:11:21,236 - INFO - Threads                         	32

2024-08-09 21:11:21,236 - INFO - Compressed                      	0

2024-08-09 21:11:21,236 - INFO - Verbosity                       	3

2024-08-09 21:11:21,236 - INFO - 

2024-08-09 21:11:21,236 - INFO - Time for merging to vfdb_results.tsv: 0h 0m 0s 26ms

2024-08-09 21:11:21,236 - INFO - Time for processing: 0h 0m 0s 217ms

2024-08-09 21:11:21,255 - INFO - Post Processing Output.
2024-08-09 21:11:21,638 - INFO - Converting gff to genbank.
2024-08-09 21:11:21,646 - WARNING - /gpfs/gsfs12/users/yangy34/softwares/mambaforge/envs/pharokka-env/lib/python3.10/site-packages/Bio/SeqIO/InsdcIO.py:728: BiopythonWarning: Increasing length of locus line to allow long name. This will result in fields that are not in usual positions.
  warnings.warn(

2024-08-09 21:11:21,667 - INFO - Finding the closest match for each contig in INPHARED using mash.
2024-08-09 21:11:21,686 - INFO - Sketching GCA_013114135_6_phages_vs2/GCA_013114135.1_38_127_5331_prophage.fasta...

2024-08-09 21:11:21,687 - INFO - Writing to phage_pharokka/GCA_013114135.1_38|127-5331/input_mash_sketch.msh...

2024-08-09 21:11:23,123 - INFO - pharokka has finished
2024-08-09 21:11:23,123 - INFO - Elapsed time: 164.62 seconds
2024-08-09 21:11:23,123 - INFO - If you use pharokka in your research, please cite:
2024-08-09 21:11:23,123 - INFO - George Bouras, Roshan Nepal, Ghais Houtak, Alkis James Psaltis, Peter-John Wormald, Sarah Vreugde.
2024-08-09 21:11:23,123 - INFO - Pharokka: a fast scalable bacteriophage annotation tool.
2024-08-09 21:11:23,123 - INFO - Bioinformatics, Volume 39, Issue 1, January 2023, btac776.
2024-08-09 21:11:23,123 - INFO - https://doi.org/10.1093/bioinformatics/btac776.
2024-08-09 21:11:23,123 - INFO - You should also cite the full list of tools pharokka uses, which can be found at https://github.com/gbouras13/pharokka#citation.
