2024-08-09 20:07:33,969 - INFO - Starting pharokka v1.3.2
2024-08-09 20:07:33,969 - INFO - Input args: Namespace(infile='GCA_013114135_5_phages/GCA_013114135.1_9_19711_29921_prophage.fasta', outdir='phage_pharokka/GCA_013114135.1_9|19711-29921', database='/data/yangy34/database/pharokka', threads='32', force=False, prefix='Default', locustag='Default', gene_predictor='phanotate', meta=False, split=False, coding_table='11', evalue='1E-05', terminase=False, terminase_strand='nothing', terminase_start='nothing', citation=False)
2024-08-09 20:07:33,969 - INFO - Checking database installation.
2024-08-09 20:07:33,998 - INFO - All databases have been successfully checked.
2024-08-09 20:07:33,998 - INFO - Checking dependencies.
2024-08-09 20:07:34,929 - INFO - phan_out version found is v1.5.1.
2024-08-09 20:07:34,930 - INFO - Phanotate version is ok.
2024-08-09 20:07:34,952 - INFO - MMseqs2 version found is v13.45111.
2024-08-09 20:07:34,952 - INFO - MMseqs2 version is ok.
2024-08-09 20:07:35,909 - INFO - tRNAscan-SE version found is v2.45111.11.
2024-08-09 20:07:35,909 - INFO - tRNAscan-SE version is ok.
2024-08-09 20:07:36,246 - INFO - MinCED version found is v0.4.2.
2024-08-09 20:07:36,246 - INFO - MinCED version is ok.
2024-08-09 20:07:36,265 - INFO - ARAGORN version found is v1.2.41.
2024-08-09 20:07:36,265 - INFO - ARAGORN version is ok.
2024-08-09 20:07:36,344 - INFO - mash version found is v2.2.
2024-08-09 20:07:36,344 - INFO - mash version is ok.
2024-08-09 20:07:36,549 - INFO - Running Phanotate.
2024-08-09 20:07:41,718 - INFO - Translating gene predicted fastas.
2024-08-09 20:07:41,770 - INFO - Starting tRNA-scanSE
2024-08-09 20:07:42,935 - INFO - 

2024-08-09 20:07:42,936 - INFO - tRNAscan-SE v.2.0.11 (Oct 2022) - scan sequences for transfer RNAs

2024-08-09 20:07:42,936 - INFO - Copyright (C) 2022 Patricia Chan and Todd Lowe

2024-08-09 20:07:42,936 - INFO -                    University of California Santa Cruz

2024-08-09 20:07:42,936 - INFO - Freely distributed under the GNU General Public License (GPLv3)

2024-08-09 20:07:42,936 - INFO - 

2024-08-09 20:07:42,936 - INFO - ------------------------------------------------------------

2024-08-09 20:07:42,936 - INFO - Sequence file(s) to search:        GCA_013114135_5_phages/GCA_013114135.1_9_19711_29921_prophage.fasta

2024-08-09 20:07:42,936 - INFO - Search Mode:                       General

2024-08-09 20:07:42,936 - INFO - Results written to:                Standard output

2024-08-09 20:07:42,936 - INFO - Output format:                     Tabular

2024-08-09 20:07:42,936 - INFO - Searching with:                    Infernal single-pass scan

2024-08-09 20:07:42,936 - INFO -                                    Fast mode

2024-08-09 20:07:42,936 - INFO - Covariance model:                  /gpfs/gsfs12/users/yangy34/softwares/mambaforge/envs/pharokka-env/lib/tRNAscan-SE/models/TRNAinf.cm

2024-08-09 20:07:42,936 - INFO - 

2024-08-09 20:07:42,936 - INFO - Temporary directory:               /tmp

2024-08-09 20:07:42,936 - INFO - tRNA predictions saved to:         phage_pharokka/GCA_013114135.1_9|19711-29921/trnascan_out.gff

2024-08-09 20:07:42,936 - INFO - ------------------------------------------------------------

2024-08-09 20:07:42,936 - INFO - 

2024-08-09 20:07:43,263 - INFO - No tRNAs found.

2024-08-09 20:07:43,263 - INFO - 

2024-08-09 20:07:43,758 - INFO - Running MinCED.
2024-08-09 20:07:43,955 - INFO - Running Aragorn.
2024-08-09 20:07:43,967 - INFO - Starting MMseqs2.
2024-08-09 20:07:43,967 - INFO - Running MMseqs2 on PHROGs Database.
2024-08-09 20:07:47,740 - INFO - createdb phage_pharokka/GCA_013114135.1_9|19711-29921/phanotate_aas_tmp.fasta phage_pharokka/GCA_013114135.1_9|19711-29921/target_dir/target_seqs 

2024-08-09 20:07:47,740 - INFO - 

2024-08-09 20:07:47,740 - INFO - MMseqs Version:       	13.45111

2024-08-09 20:07:47,741 - INFO - Database type         	0

2024-08-09 20:07:47,741 - INFO - Shuffle input database	true

2024-08-09 20:07:47,741 - INFO - Createdb mode         	0

2024-08-09 20:07:47,741 - INFO - Write lookup file     	1

2024-08-09 20:07:47,741 - INFO - Offset of numeric ids 	0

2024-08-09 20:07:47,741 - INFO - Compressed            	0

2024-08-09 20:07:47,741 - INFO - Verbosity             	3

2024-08-09 20:07:47,742 - INFO - 

2024-08-09 20:07:47,742 - INFO - Converting sequences

2024-08-09 20:07:47,742 - INFO - [

2024-08-09 20:07:47,742 - INFO - Time for merging to target_seqs_h: 0h 0m 1s 511ms

2024-08-09 20:07:47,742 - INFO - Time for merging to target_seqs: 0h 0m 0s 260ms

2024-08-09 20:07:47,742 - INFO - Database type: Aminoacid

2024-08-09 20:07:47,742 - INFO - Time for processing: 0h 0m 3s 751ms

2024-08-09 20:07:47,786 - INFO - Create directory phage_pharokka/GCA_013114135.1_9|19711-29921/tmp_dir/

2024-08-09 20:07:47,786 - INFO - search -e 1E-05 /data/yangy34/database/pharokka/phrogs_profile_db phage_pharokka/GCA_013114135.1_9|19711-29921/target_dir/target_seqs phage_pharokka/GCA_013114135.1_9|19711-29921/mmseqs/results_mmseqs phage_pharokka/GCA_013114135.1_9|19711-29921/tmp_dir/ -s 8.5 --threads 32 

2024-08-09 20:07:47,786 - INFO - 

2024-08-09 20:07:47,786 - INFO - MMseqs Version:                        	13.45111

2024-08-09 20:07:47,786 - INFO - Substitution matrix                    	nucl:nucleotide.out,aa:blosum62.out

2024-08-09 20:07:47,786 - INFO - Add backtrace                          	false

2024-08-09 20:07:47,786 - INFO - Alignment mode                         	2

2024-08-09 20:07:47,786 - INFO - Alignment mode                         	0

2024-08-09 20:07:47,786 - INFO - Allow wrapped scoring                  	false

2024-08-09 20:07:47,786 - INFO - E-value threshold                      	1e-05

2024-08-09 20:07:47,786 - INFO - Seq. id. threshold                     	0

2024-08-09 20:07:47,786 - INFO - Min alignment length                   	0

2024-08-09 20:07:47,786 - INFO - Seq. id. mode                          	0

2024-08-09 20:07:47,786 - INFO - Alternative alignments                 	0

2024-08-09 20:07:47,787 - INFO - Coverage threshold                     	0

2024-08-09 20:07:47,787 - INFO - Coverage mode                          	0

2024-08-09 20:07:47,787 - INFO - Max sequence length                    	65535

2024-08-09 20:07:47,787 - INFO - Compositional bias                     	1

2024-08-09 20:07:47,787 - INFO - Max reject                             	2147483647

2024-08-09 20:07:47,787 - INFO - Max accept                             	2147483647

2024-08-09 20:07:47,787 - INFO - Include identical seq. id.             	false

2024-08-09 20:07:47,787 - INFO - Preload mode                           	0

2024-08-09 20:07:47,787 - INFO - Pseudo count a                         	1

2024-08-09 20:07:47,787 - INFO - Pseudo count b                         	1.5

2024-08-09 20:07:47,787 - INFO - Score bias                             	0

2024-08-09 20:07:47,787 - INFO - Realign hits                           	false

2024-08-09 20:07:47,787 - INFO - Realign score bias                     	-0.2

2024-08-09 20:07:47,787 - INFO - Realign max seqs                       	2147483647

2024-08-09 20:07:47,787 - INFO - Gap open cost                          	nucl:5,aa:11

2024-08-09 20:07:47,787 - INFO - Gap extension cost                     	nucl:2,aa:1

2024-08-09 20:07:47,787 - INFO - Zdrop                                  	40

2024-08-09 20:07:47,787 - INFO - Threads                                	32

2024-08-09 20:07:47,787 - INFO - Compressed                             	0

2024-08-09 20:07:47,787 - INFO - Verbosity                              	3

2024-08-09 20:07:47,787 - INFO - Seed substitution matrix               	nucl:nucleotide.out,aa:VTML80.out

2024-08-09 20:07:47,787 - INFO - Sensitivity                            	8.5

2024-08-09 20:07:47,787 - INFO - k-mer length                           	0

2024-08-09 20:07:47,787 - INFO - k-score                                	2147483647

2024-08-09 20:07:47,787 - INFO - Alphabet size                          	nucl:5,aa:21

2024-08-09 20:07:47,787 - INFO - Max results per query                  	300

2024-08-09 20:07:47,787 - INFO - Split database                         	0

2024-08-09 20:07:47,787 - INFO - Split mode                             	2

2024-08-09 20:07:47,787 - INFO - Split memory limit                     	0

2024-08-09 20:07:47,787 - INFO - Diagonal scoring                       	true

2024-08-09 20:07:47,787 - INFO - Exact k-mer matching                   	0

2024-08-09 20:07:47,787 - INFO - Mask residues                          	1

2024-08-09 20:07:47,787 - INFO - Mask lower case residues               	0

2024-08-09 20:07:47,787 - INFO - Minimum diagonal score                 	15

2024-08-09 20:07:47,787 - INFO - Spaced k-mers                          	1

2024-08-09 20:07:47,787 - INFO - Spaced k-mer pattern                   	

2024-08-09 20:07:47,787 - INFO - Local temporary path                   	

2024-08-09 20:07:47,787 - INFO - Rescore mode                           	0

2024-08-09 20:07:47,788 - INFO - Remove hits by seq. id. and coverage   	false

2024-08-09 20:07:47,788 - INFO - Sort results                           	0

2024-08-09 20:07:47,788 - INFO - Mask profile                           	1

2024-08-09 20:07:47,788 - INFO - Profile E-value threshold              	0.1

2024-08-09 20:07:47,788 - INFO - Global sequence weighting              	false

2024-08-09 20:07:47,788 - INFO - Allow deletions                        	false

2024-08-09 20:07:47,788 - INFO - Filter MSA                             	1

2024-08-09 20:07:47,788 - INFO - Maximum seq. id. threshold             	0.9

2024-08-09 20:07:47,788 - INFO - Minimum seq. id.                       	0

2024-08-09 20:07:47,788 - INFO - Minimum score per column               	-20

2024-08-09 20:07:47,788 - INFO - Minimum coverage                       	0

2024-08-09 20:07:47,788 - INFO - Select N most diverse seqs             	1000

2024-08-09 20:07:47,788 - INFO - Min codons in orf                      	30

2024-08-09 20:07:47,788 - INFO - Max codons in length                   	32734

2024-08-09 20:07:47,788 - INFO - Max orf gaps                           	2147483647

2024-08-09 20:07:47,788 - INFO - Contig start mode                      	2

2024-08-09 20:07:47,788 - INFO - Contig end mode                        	2

2024-08-09 20:07:47,788 - INFO - Orf start mode                         	1

2024-08-09 20:07:47,788 - INFO - Forward frames                         	1,2,3

2024-08-09 20:07:47,788 - INFO - Reverse frames                         	1,2,3

2024-08-09 20:07:47,788 - INFO - Translation table                      	1

2024-08-09 20:07:47,788 - INFO - Translate orf                          	0

2024-08-09 20:07:47,788 - INFO - Use all table starts                   	false

2024-08-09 20:07:47,788 - INFO - Offset of numeric ids                  	0

2024-08-09 20:07:47,788 - INFO - Create lookup                          	0

2024-08-09 20:07:47,788 - INFO - Add orf stop                           	false

2024-08-09 20:07:47,788 - INFO - Overlap between sequences              	0

2024-08-09 20:07:47,788 - INFO - Sequence split mode                    	1

2024-08-09 20:07:47,788 - INFO - Header split mode                      	0

2024-08-09 20:07:47,788 - INFO - Chain overlapping alignments           	0

2024-08-09 20:07:47,788 - INFO - Merge query                            	1

2024-08-09 20:07:47,788 - INFO - Search type                            	0

2024-08-09 20:07:47,788 - INFO - Search iterations                      	1

2024-08-09 20:07:47,788 - INFO - Start sensitivity                      	4

2024-08-09 20:07:47,792 - INFO - Search steps                           	1

2024-08-09 20:07:47,792 - INFO - Exhaustive search mode                 	false

2024-08-09 20:07:47,792 - INFO - Filter results during exhaustive search	0

2024-08-09 20:07:47,792 - INFO - Strand selection                       	1

2024-08-09 20:07:47,792 - INFO - LCA search mode                        	false

2024-08-09 20:07:47,792 - INFO - Disk space limit                       	0

2024-08-09 20:07:47,792 - INFO - MPI runner                             	

2024-08-09 20:07:47,792 - INFO - Force restart with latest tmp          	false

2024-08-09 20:07:47,792 - INFO - Remove temporary files                 	false

2024-08-09 20:07:47,792 - INFO - 

2024-08-09 20:07:48,013 - INFO - prefilter /data/yangy34/database/pharokka/phrogs_profile_db phage_pharokka/GCA_013114135.1_9|19711-29921/target_dir/target_seqs phage_pharokka/GCA_013114135.1_9|19711-29921/tmp_dir//15222037569013857227/pref_0 --sub-mat nucl:nucleotide.out,aa:blosum62.out --seed-sub-mat nucl:nucleotide.out,aa:VTML80.out -k 0 --k-score 2147483647 --alph-size nucl:5,aa:21 --max-seq-len 65535 --max-seqs 300 --split 0 --split-mode 2 --split-memory-limit 0 -c 0 --cov-mode 0 --comp-bias-corr 1 --diag-score 1 --exact-kmer-matching 0 --mask 1 --mask-lower-case 0 --min-ungapped-score 15 --add-self-matches 0 --spaced-kmer-mode 1 --db-load-mode 0 --pca 1 --pcb 1.5 --threads 32 --compressed 0 -v 3 -s 8.5 

2024-08-09 20:07:48,014 - INFO - 

2024-08-09 20:07:48,014 - INFO - Query database size: 38880 type: Profile

2024-08-09 20:07:48,014 - INFO - Estimated memory consumption: 488M

2024-08-09 20:07:48,014 - INFO - Target database size: 20 type: Aminoacid

2024-08-09 20:07:48,014 - INFO - Index table k-mer threshold: 0 at k-mer size 6 

2024-08-09 20:07:48,014 - INFO - Index table: counting k-mers

2024-08-09 20:07:48,105 - INFO - [=================================================================] 20 0s 8ms

2024-08-09 20:07:48,105 - INFO - Index table: Masked residues: 17

2024-08-09 20:07:48,105 - INFO - Index table: fill

2024-08-09 20:07:50,206 - INFO - [=================================================================] 20 0s 9ms

2024-08-09 20:07:50,207 - INFO - Index statistics

2024-08-09 20:07:50,207 - INFO - Entries:          2810

2024-08-09 20:07:50,207 - INFO - DB size:          488 MB

2024-08-09 20:07:50,207 - INFO - Avg k-mer size:   0.000044

2024-08-09 20:07:50,207 - INFO - Top 10 k-mers

2024-08-09 20:07:50,207 - INFO -     GSLAAA	1

2024-08-09 20:07:50,207 - INFO -     AACDAA	1

2024-08-09 20:07:50,207 - INFO -     VIQDAA	1

2024-08-09 20:07:50,207 - INFO -     IDLEAA	1

2024-08-09 20:07:50,207 - INFO -     SLEFAA	1

2024-08-09 20:07:50,207 - INFO -     GLSKAA	1

2024-08-09 20:07:50,207 - INFO -     YVELAA	1

2024-08-09 20:07:50,207 - INFO -     FDPLAA	1

2024-08-09 20:07:50,207 - INFO -     WDYMAA	1

2024-08-09 20:07:50,207 - INFO -     HDHNAA	1

2024-08-09 20:07:50,207 - INFO - Time for index table init: 0h 0m 0s 269ms

2024-08-09 20:07:50,207 - INFO - Process prefiltering step 1 of 1

2024-08-09 20:07:50,207 - INFO - 

2024-08-09 20:07:50,207 - INFO - k-mer similarity threshold: 81

2024-08-09 20:07:50,207 - INFO - Starting prefiltering scores calculation (step 1 of 1)

2024-08-09 20:07:50,207 - INFO - Query db start 1 to 38880

2024-08-09 20:07:50,207 - INFO - Target db start 1 to 20

2024-08-09 20:09:00,898 - INFO - [=================================================================] 38.88K 1m 10s 357ms

2024-08-09 20:09:00,898 - INFO - 

2024-08-09 20:09:00,898 - INFO - 5386.328443 k-mers per position

2024-08-09 20:09:00,898 - INFO - 37 DB matches per sequence

2024-08-09 20:09:00,898 - INFO - 0 overflows

2024-08-09 20:09:00,898 - INFO - 0 queries produce too many hits (truncated result)

2024-08-09 20:09:00,898 - INFO - 0 sequences passed prefiltering per query sequence

2024-08-09 20:09:00,898 - INFO - 0 median result list length

2024-08-09 20:09:00,898 - INFO - 19721 sequences with 0 size result lists

2024-08-09 20:09:00,899 - INFO - Time for merging to pref_0: 0h 0m 1s 179ms

2024-08-09 20:09:00,899 - INFO - Time for processing: 0h 1m 13s 78ms

2024-08-09 20:09:03,923 - INFO - align /data/yangy34/database/pharokka/phrogs_profile_db phage_pharokka/GCA_013114135.1_9|19711-29921/target_dir/target_seqs phage_pharokka/GCA_013114135.1_9|19711-29921/tmp_dir//15222037569013857227/pref_0 phage_pharokka/GCA_013114135.1_9|19711-29921/mmseqs/results_mmseqs --sub-mat nucl:nucleotide.out,aa:blosum62.out -a 0 --alignment-mode 2 --alignment-output-mode 0 --wrapped-scoring 0 -e 1e-05 --min-seq-id 0 --min-aln-len 0 --seq-id-mode 0 --alt-ali 0 -c 0 --cov-mode 0 --max-seq-len 65535 --comp-bias-corr 1 --max-rejected 2147483647 --max-accept 2147483647 --add-self-matches 0 --db-load-mode 0 --pca 1 --pcb 1.5 --score-bias 0 --realign 0 --realign-score-bias -0.2 --realign-max-seqs 2147483647 --gap-open nucl:5,aa:11 --gap-extend nucl:2,aa:1 --zdrop 40 --threads 32 --compressed 0 -v 3 

2024-08-09 20:09:03,924 - INFO - 

2024-08-09 20:09:03,924 - INFO - Compute score and coverage

2024-08-09 20:09:03,925 - INFO - Query database size: 38880 type: Profile

2024-08-09 20:09:03,925 - INFO - Target database size: 20 type: Aminoacid

2024-08-09 20:09:03,925 - INFO - Calculation of alignments

2024-08-09 20:09:05,830 - INFO - [=================================================================] 38.88K 0s 926ms

2024-08-09 20:09:05,830 - INFO - Time for merging to results_mmseqs: 0h 0m 1s 280ms

2024-08-09 20:09:05,830 - INFO - 31301 alignments calculated

2024-08-09 20:09:05,830 - INFO - 14 sequence pairs passed the thresholds (0.000447 of overall calculated)

2024-08-09 20:09:05,830 - INFO - 0.000360 hits per query sequence

2024-08-09 20:09:05,830 - INFO - Time for processing: 0h 0m 4s 746ms

2024-08-09 20:09:09,455 - INFO - createtsv /data/yangy34/database/pharokka/phrogs_profile_db phage_pharokka/GCA_013114135.1_9|19711-29921/target_dir/target_seqs phage_pharokka/GCA_013114135.1_9|19711-29921/mmseqs/results_mmseqs phage_pharokka/GCA_013114135.1_9|19711-29921/mmseqs_results.tsv --full-header --threads 32 

2024-08-09 20:09:09,455 - INFO - 

2024-08-09 20:09:09,455 - INFO - MMseqs Version:                 	13.45111

2024-08-09 20:09:09,455 - INFO - First sequence as representative	false

2024-08-09 20:09:09,455 - INFO - Target column                   	1

2024-08-09 20:09:09,456 - INFO - Add full header                 	true

2024-08-09 20:09:09,456 - INFO - Sequence source                 	0

2024-08-09 20:09:09,456 - INFO - Database output                 	false

2024-08-09 20:09:09,456 - INFO - Threads                         	32

2024-08-09 20:09:09,456 - INFO - Compressed                      	0

2024-08-09 20:09:09,456 - INFO - Verbosity                       	3

2024-08-09 20:09:09,456 - INFO - 

2024-08-09 20:09:09,456 - INFO - Time for merging to mmseqs_results.tsv: 0h 0m 1s 620ms

2024-08-09 20:09:09,456 - INFO - Time for processing: 0h 0m 3s 559ms

2024-08-09 20:09:09,689 - INFO - Running mmseqs2 on CARD.
2024-08-09 20:09:15,304 - INFO - createdb phage_pharokka/GCA_013114135.1_9|19711-29921/phanotate_aas_tmp.fasta phage_pharokka/GCA_013114135.1_9|19711-29921/CARD_target_dir/target_seqs 

2024-08-09 20:09:15,304 - INFO - 

2024-08-09 20:09:15,304 - INFO - MMseqs Version:       	13.45111

2024-08-09 20:09:15,304 - INFO - Database type         	0

2024-08-09 20:09:15,304 - INFO - Shuffle input database	true

2024-08-09 20:09:15,304 - INFO - Createdb mode         	0

2024-08-09 20:09:15,304 - INFO - Write lookup file     	1

2024-08-09 20:09:15,304 - INFO - Offset of numeric ids 	0

2024-08-09 20:09:15,304 - INFO - Compressed            	0

2024-08-09 20:09:15,304 - INFO - Verbosity             	3

2024-08-09 20:09:15,304 - INFO - 

2024-08-09 20:09:15,304 - INFO - Converting sequences

2024-08-09 20:09:15,304 - INFO - [

2024-08-09 20:09:15,304 - INFO - Time for merging to target_seqs_h: 0h 0m 1s 533ms

2024-08-09 20:09:15,304 - INFO - Time for merging to target_seqs: 0h 0m 1s 347ms

2024-08-09 20:09:15,304 - INFO - Database type: Aminoacid

2024-08-09 20:09:15,304 - INFO - Time for processing: 0h 0m 5s 521ms

2024-08-09 20:09:15,523 - INFO - Create directory phage_pharokka/GCA_013114135.1_9|19711-29921/CARD_tmp_dir/

2024-08-09 20:09:15,523 - INFO - search --min-seq-id 0.8 -c 0.4 /data/yangy34/database/pharokka/CARD phage_pharokka/GCA_013114135.1_9|19711-29921/CARD_target_dir/target_seqs phage_pharokka/GCA_013114135.1_9|19711-29921/CARD/results_CARD phage_pharokka/GCA_013114135.1_9|19711-29921/CARD_tmp_dir/ -s 8.5 --threads 32 

2024-08-09 20:09:15,523 - INFO - 

2024-08-09 20:09:15,523 - INFO - MMseqs Version:                        	13.45111

2024-08-09 20:09:15,523 - INFO - Substitution matrix                    	nucl:nucleotide.out,aa:blosum62.out

2024-08-09 20:09:15,524 - INFO - Add backtrace                          	false

2024-08-09 20:09:15,524 - INFO - Alignment mode                         	2

2024-08-09 20:09:15,524 - INFO - Alignment mode                         	0

2024-08-09 20:09:15,524 - INFO - Allow wrapped scoring                  	false

2024-08-09 20:09:15,524 - INFO - E-value threshold                      	0.001

2024-08-09 20:09:15,524 - INFO - Seq. id. threshold                     	0.8

2024-08-09 20:09:15,524 - INFO - Min alignment length                   	0

2024-08-09 20:09:15,524 - INFO - Seq. id. mode                          	0

2024-08-09 20:09:15,524 - INFO - Alternative alignments                 	0

2024-08-09 20:09:15,524 - INFO - Coverage threshold                     	0.4

2024-08-09 20:09:15,524 - INFO - Coverage mode                          	0

2024-08-09 20:09:15,524 - INFO - Max sequence length                    	65535

2024-08-09 20:09:15,524 - INFO - Compositional bias                     	1

2024-08-09 20:09:15,524 - INFO - Max reject                             	2147483647

2024-08-09 20:09:15,524 - INFO - Max accept                             	2147483647

2024-08-09 20:09:15,524 - INFO - Include identical seq. id.             	false

2024-08-09 20:09:15,524 - INFO - Preload mode                           	0

2024-08-09 20:09:15,524 - INFO - Pseudo count a                         	1

2024-08-09 20:09:15,524 - INFO - Pseudo count b                         	1.5

2024-08-09 20:09:15,524 - INFO - Score bias                             	0

2024-08-09 20:09:15,524 - INFO - Realign hits                           	false

2024-08-09 20:09:15,524 - INFO - Realign score bias                     	-0.2

2024-08-09 20:09:15,524 - INFO - Realign max seqs                       	2147483647

2024-08-09 20:09:15,524 - INFO - Gap open cost                          	nucl:5,aa:11

2024-08-09 20:09:15,524 - INFO - Gap extension cost                     	nucl:2,aa:1

2024-08-09 20:09:15,524 - INFO - Zdrop                                  	40

2024-08-09 20:09:15,524 - INFO - Threads                                	32

2024-08-09 20:09:15,524 - INFO - Compressed                             	0

2024-08-09 20:09:15,524 - INFO - Verbosity                              	3

2024-08-09 20:09:15,524 - INFO - Seed substitution matrix               	nucl:nucleotide.out,aa:VTML80.out

2024-08-09 20:09:15,524 - INFO - Sensitivity                            	8.5

2024-08-09 20:09:15,524 - INFO - k-mer length                           	0

2024-08-09 20:09:15,524 - INFO - k-score                                	2147483647

2024-08-09 20:09:15,524 - INFO - Alphabet size                          	nucl:5,aa:21

2024-08-09 20:09:15,524 - INFO - Max results per query                  	300

2024-08-09 20:09:15,524 - INFO - Split database                         	0

2024-08-09 20:09:15,524 - INFO - Split mode                             	2

2024-08-09 20:09:15,524 - INFO - Split memory limit                     	0

2024-08-09 20:09:15,524 - INFO - Diagonal scoring                       	true

2024-08-09 20:09:15,524 - INFO - Exact k-mer matching                   	0

2024-08-09 20:09:15,524 - INFO - Mask residues                          	1

2024-08-09 20:09:15,524 - INFO - Mask lower case residues               	0

2024-08-09 20:09:15,525 - INFO - Minimum diagonal score                 	15

2024-08-09 20:09:15,525 - INFO - Spaced k-mers                          	1

2024-08-09 20:09:15,525 - INFO - Spaced k-mer pattern                   	

2024-08-09 20:09:15,525 - INFO - Local temporary path                   	

2024-08-09 20:09:15,525 - INFO - Rescore mode                           	0

2024-08-09 20:09:15,525 - INFO - Remove hits by seq. id. and coverage   	false

2024-08-09 20:09:15,525 - INFO - Sort results                           	0

2024-08-09 20:09:15,525 - INFO - Mask profile                           	1

2024-08-09 20:09:15,525 - INFO - Profile E-value threshold              	0.1

2024-08-09 20:09:15,525 - INFO - Global sequence weighting              	false

2024-08-09 20:09:15,525 - INFO - Allow deletions                        	false

2024-08-09 20:09:15,525 - INFO - Filter MSA                             	1

2024-08-09 20:09:15,525 - INFO - Maximum seq. id. threshold             	0.9

2024-08-09 20:09:15,525 - INFO - Minimum seq. id.                       	0

2024-08-09 20:09:15,525 - INFO - Minimum score per column               	-20

2024-08-09 20:09:15,525 - INFO - Minimum coverage                       	0

2024-08-09 20:09:15,525 - INFO - Select N most diverse seqs             	1000

2024-08-09 20:09:15,525 - INFO - Min codons in orf                      	30

2024-08-09 20:09:15,525 - INFO - Max codons in length                   	32734

2024-08-09 20:09:15,525 - INFO - Max orf gaps                           	2147483647

2024-08-09 20:09:15,525 - INFO - Contig start mode                      	2

2024-08-09 20:09:15,525 - INFO - Contig end mode                        	2

2024-08-09 20:09:15,525 - INFO - Orf start mode                         	1

2024-08-09 20:09:15,525 - INFO - Forward frames                         	1,2,3

2024-08-09 20:09:15,525 - INFO - Reverse frames                         	1,2,3

2024-08-09 20:09:15,525 - INFO - Translation table                      	1

2024-08-09 20:09:15,525 - INFO - Translate orf                          	0

2024-08-09 20:09:15,525 - INFO - Use all table starts                   	false

2024-08-09 20:09:15,525 - INFO - Offset of numeric ids                  	0

2024-08-09 20:09:15,525 - INFO - Create lookup                          	0

2024-08-09 20:09:15,526 - INFO - Add orf stop                           	false

2024-08-09 20:09:15,526 - INFO - Overlap between sequences              	0

2024-08-09 20:09:15,526 - INFO - Sequence split mode                    	1

2024-08-09 20:09:15,526 - INFO - Header split mode                      	0

2024-08-09 20:09:15,526 - INFO - Chain overlapping alignments           	0

2024-08-09 20:09:15,526 - INFO - Merge query                            	1

2024-08-09 20:09:15,526 - INFO - Search type                            	0

2024-08-09 20:09:15,526 - INFO - Search iterations                      	1

2024-08-09 20:09:15,526 - INFO - Start sensitivity                      	4

2024-08-09 20:09:15,644 - INFO - Search steps                           	1

2024-08-09 20:09:15,644 - INFO - Exhaustive search mode                 	false

2024-08-09 20:09:15,645 - INFO - Filter results during exhaustive search	0

2024-08-09 20:09:15,645 - INFO - Strand selection                       	1

2024-08-09 20:09:15,645 - INFO - LCA search mode                        	false

2024-08-09 20:09:15,645 - INFO - Disk space limit                       	0

2024-08-09 20:09:15,645 - INFO - MPI runner                             	

2024-08-09 20:09:15,645 - INFO - Force restart with latest tmp          	false

2024-08-09 20:09:15,645 - INFO - Remove temporary files                 	false

2024-08-09 20:09:15,645 - INFO - 

2024-08-09 20:09:16,092 - INFO - prefilter /data/yangy34/database/pharokka/CARD phage_pharokka/GCA_013114135.1_9|19711-29921/CARD_target_dir/target_seqs phage_pharokka/GCA_013114135.1_9|19711-29921/CARD_tmp_dir//985174461832815044/pref_0 --sub-mat nucl:nucleotide.out,aa:blosum62.out --seed-sub-mat nucl:nucleotide.out,aa:VTML80.out -k 0 --k-score 2147483647 --alph-size nucl:5,aa:21 --max-seq-len 65535 --max-seqs 300 --split 0 --split-mode 2 --split-memory-limit 0 -c 0.4 --cov-mode 0 --comp-bias-corr 1 --diag-score 1 --exact-kmer-matching 0 --mask 1 --mask-lower-case 0 --min-ungapped-score 15 --add-self-matches 0 --spaced-kmer-mode 1 --db-load-mode 0 --pca 1 --pcb 1.5 --threads 32 --compressed 0 -v 3 -s 8.5 

2024-08-09 20:09:16,092 - INFO - 

2024-08-09 20:09:16,092 - INFO - Query database size: 4641 type: Aminoacid

2024-08-09 20:09:16,093 - INFO - Estimated memory consumption: 977M

2024-08-09 20:09:16,093 - INFO - Target database size: 20 type: Aminoacid

2024-08-09 20:09:16,093 - INFO - Index table k-mer threshold: 87 at k-mer size 6 

2024-08-09 20:09:16,093 - INFO - Index table: counting k-mers

2024-08-09 20:09:16,187 - INFO - [=================================================================] 20 0s 25ms

2024-08-09 20:09:16,187 - INFO - Index table: Masked residues: 0

2024-08-09 20:09:16,187 - INFO - Index table: fill

2024-08-09 20:09:17,970 - INFO - [=================================================================] 20 0s 9ms

2024-08-09 20:09:17,970 - INFO - Index statistics

2024-08-09 20:09:17,970 - INFO - Entries:          2836

2024-08-09 20:09:17,970 - INFO - DB size:          488 MB

2024-08-09 20:09:17,970 - INFO - Avg k-mer size:   0.000044

2024-08-09 20:09:17,970 - INFO - Top 10 k-mers

2024-08-09 20:09:17,970 - INFO -     GSLAAA	1

2024-08-09 20:09:17,970 - INFO -     AACDAA	1

2024-08-09 20:09:17,970 - INFO -     VIQDAA	1

2024-08-09 20:09:17,971 - INFO -     IDLEAA	1

2024-08-09 20:09:17,971 - INFO -     SLEFAA	1

2024-08-09 20:09:17,971 - INFO -     GLSKAA	1

2024-08-09 20:09:17,971 - INFO -     YVELAA	1

2024-08-09 20:09:17,971 - INFO -     FDPLAA	1

2024-08-09 20:09:17,971 - INFO -     WDYMAA	1

2024-08-09 20:09:17,971 - INFO -     HDHNAA	1

2024-08-09 20:09:17,971 - INFO - Time for index table init: 0h 0m 0s 280ms

2024-08-09 20:09:17,971 - INFO - Process prefiltering step 1 of 1

2024-08-09 20:09:17,971 - INFO - 

2024-08-09 20:09:17,971 - INFO - k-mer similarity threshold: 87

2024-08-09 20:09:17,971 - INFO - Starting prefiltering scores calculation (step 1 of 1)

2024-08-09 20:09:17,971 - INFO - Query db start 1 to 4641

2024-08-09 20:09:17,971 - INFO - Target db start 1 to 20

2024-08-09 20:09:34,548 - INFO - [=================================================================] 4.64K 15s 669ms

2024-08-09 20:09:34,548 - INFO - 

2024-08-09 20:09:34,548 - INFO - 3883.681631 k-mers per position

2024-08-09 20:09:34,548 - INFO - 56 DB matches per sequence

2024-08-09 20:09:34,549 - INFO - 0 overflows

2024-08-09 20:09:34,549 - INFO - 0 queries produce too many hits (truncated result)

2024-08-09 20:09:34,549 - INFO - 0 sequences passed prefiltering per query sequence

2024-08-09 20:09:34,549 - INFO - 1 median result list length

2024-08-09 20:09:34,549 - INFO - 1605 sequences with 0 size result lists

2024-08-09 20:09:34,549 - INFO - Time for merging to pref_0: 0h 0m 1s 79ms

2024-08-09 20:09:34,549 - INFO - Time for processing: 0h 0m 18s 718ms

2024-08-09 20:09:36,341 - INFO - align /data/yangy34/database/pharokka/CARD phage_pharokka/GCA_013114135.1_9|19711-29921/CARD_target_dir/target_seqs phage_pharokka/GCA_013114135.1_9|19711-29921/CARD_tmp_dir//985174461832815044/pref_0 phage_pharokka/GCA_013114135.1_9|19711-29921/CARD/results_CARD --sub-mat nucl:nucleotide.out,aa:blosum62.out -a 0 --alignment-mode 2 --alignment-output-mode 0 --wrapped-scoring 0 -e 0.001 --min-seq-id 0.8 --min-aln-len 0 --seq-id-mode 0 --alt-ali 0 -c 0.4 --cov-mode 0 --max-seq-len 65535 --comp-bias-corr 1 --max-rejected 2147483647 --max-accept 2147483647 --add-self-matches 0 --db-load-mode 0 --pca 1 --pcb 1.5 --score-bias 0 --realign 0 --realign-score-bias -0.2 --realign-max-seqs 2147483647 --gap-open nucl:5,aa:11 --gap-extend nucl:2,aa:1 --zdrop 40 --threads 32 --compressed 0 -v 3 

2024-08-09 20:09:36,341 - INFO - 

2024-08-09 20:09:36,341 - INFO - Compute score and coverage

2024-08-09 20:09:36,341 - INFO - Query database size: 4641 type: Aminoacid

2024-08-09 20:09:36,341 - INFO - Target database size: 20 type: Aminoacid

2024-08-09 20:09:36,341 - INFO - Calculation of alignments

2024-08-09 20:09:37,585 - INFO - [=================================================================] 4.64K 0s 42ms

2024-08-09 20:09:37,585 - INFO - Time for merging to results_CARD: 0h 0m 1s 188ms

2024-08-09 20:09:37,585 - INFO - 1773 alignments calculated

2024-08-09 20:09:37,585 - INFO - 0 sequence pairs passed the thresholds (0.000000 of overall calculated)

2024-08-09 20:09:37,585 - INFO - 0.000000 hits per query sequence

2024-08-09 20:09:37,585 - INFO - Time for processing: 0h 0m 2s 965ms

2024-08-09 20:09:41,343 - INFO - createtsv /data/yangy34/database/pharokka/CARD phage_pharokka/GCA_013114135.1_9|19711-29921/CARD_target_dir/target_seqs phage_pharokka/GCA_013114135.1_9|19711-29921/CARD/results_CARD phage_pharokka/GCA_013114135.1_9|19711-29921/CARD_results.tsv --full-header --threads 32 

2024-08-09 20:09:41,344 - INFO - 

2024-08-09 20:09:41,344 - INFO - MMseqs Version:                 	13.45111

2024-08-09 20:09:41,344 - INFO - First sequence as representative	false

2024-08-09 20:09:41,344 - INFO - Target column                   	1

2024-08-09 20:09:41,344 - INFO - Add full header                 	true

2024-08-09 20:09:41,344 - INFO - Sequence source                 	0

2024-08-09 20:09:41,344 - INFO - Database output                 	false

2024-08-09 20:09:41,344 - INFO - Threads                         	32

2024-08-09 20:09:41,344 - INFO - Compressed                      	0

2024-08-09 20:09:41,345 - INFO - Verbosity                       	3

2024-08-09 20:09:41,345 - INFO - 

2024-08-09 20:09:41,345 - INFO - Time for merging to CARD_results.tsv: 0h 0m 1s 728ms

2024-08-09 20:09:41,345 - INFO - Time for processing: 0h 0m 3s 689ms

2024-08-09 20:09:41,597 - INFO - Running mmseqs2 on vfdb.
2024-08-09 20:09:47,251 - INFO - createdb phage_pharokka/GCA_013114135.1_9|19711-29921/phanotate_aas_tmp.fasta phage_pharokka/GCA_013114135.1_9|19711-29921/vfdb_target_dir/target_seqs 

2024-08-09 20:09:47,251 - INFO - 

2024-08-09 20:09:47,251 - INFO - MMseqs Version:       	13.45111

2024-08-09 20:09:47,251 - INFO - Database type         	0

2024-08-09 20:09:47,251 - INFO - Shuffle input database	true

2024-08-09 20:09:47,251 - INFO - Createdb mode         	0

2024-08-09 20:09:47,251 - INFO - Write lookup file     	1

2024-08-09 20:09:47,251 - INFO - Offset of numeric ids 	0

2024-08-09 20:09:47,251 - INFO - Compressed            	0

2024-08-09 20:09:47,251 - INFO - Verbosity             	3

2024-08-09 20:09:47,251 - INFO - 

2024-08-09 20:09:47,251 - INFO - Converting sequences

2024-08-09 20:09:47,251 - INFO - [

2024-08-09 20:09:47,251 - INFO - Time for merging to target_seqs_h: 0h 0m 1s 312ms

2024-08-09 20:09:47,251 - INFO - Time for merging to target_seqs: 0h 0m 1s 640ms

2024-08-09 20:09:47,251 - INFO - Database type: Aminoacid

2024-08-09 20:09:47,251 - INFO - Time for processing: 0h 0m 5s 556ms

2024-08-09 20:09:47,487 - INFO - Create directory phage_pharokka/GCA_013114135.1_9|19711-29921/vfdb_tmp_dir/

2024-08-09 20:09:47,487 - INFO - search --min-seq-id 0.8 -c 0.4 /data/yangy34/database/pharokka/vfdb phage_pharokka/GCA_013114135.1_9|19711-29921/vfdb_target_dir/target_seqs phage_pharokka/GCA_013114135.1_9|19711-29921/vfdb/results_vfdb phage_pharokka/GCA_013114135.1_9|19711-29921/vfdb_tmp_dir/ -s 8.5 --threads 32 

2024-08-09 20:09:47,487 - INFO - 

2024-08-09 20:09:47,487 - INFO - MMseqs Version:                        	13.45111

2024-08-09 20:09:47,487 - INFO - Substitution matrix                    	nucl:nucleotide.out,aa:blosum62.out

2024-08-09 20:09:47,487 - INFO - Add backtrace                          	false

2024-08-09 20:09:47,487 - INFO - Alignment mode                         	2

2024-08-09 20:09:47,487 - INFO - Alignment mode                         	0

2024-08-09 20:09:47,487 - INFO - Allow wrapped scoring                  	false

2024-08-09 20:09:47,487 - INFO - E-value threshold                      	0.001

2024-08-09 20:09:47,488 - INFO - Seq. id. threshold                     	0.8

2024-08-09 20:09:47,488 - INFO - Min alignment length                   	0

2024-08-09 20:09:47,488 - INFO - Seq. id. mode                          	0

2024-08-09 20:09:47,488 - INFO - Alternative alignments                 	0

2024-08-09 20:09:47,488 - INFO - Coverage threshold                     	0.4

2024-08-09 20:09:47,488 - INFO - Coverage mode                          	0

2024-08-09 20:09:47,488 - INFO - Max sequence length                    	65535

2024-08-09 20:09:47,488 - INFO - Compositional bias                     	1

2024-08-09 20:09:47,488 - INFO - Max reject                             	2147483647

2024-08-09 20:09:47,488 - INFO - Max accept                             	2147483647

2024-08-09 20:09:47,488 - INFO - Include identical seq. id.             	false

2024-08-09 20:09:47,488 - INFO - Preload mode                           	0

2024-08-09 20:09:47,488 - INFO - Pseudo count a                         	1

2024-08-09 20:09:47,488 - INFO - Pseudo count b                         	1.5

2024-08-09 20:09:47,488 - INFO - Score bias                             	0

2024-08-09 20:09:47,488 - INFO - Realign hits                           	false

2024-08-09 20:09:47,488 - INFO - Realign score bias                     	-0.2

2024-08-09 20:09:47,488 - INFO - Realign max seqs                       	2147483647

2024-08-09 20:09:47,488 - INFO - Gap open cost                          	nucl:5,aa:11

2024-08-09 20:09:47,488 - INFO - Gap extension cost                     	nucl:2,aa:1

2024-08-09 20:09:47,488 - INFO - Zdrop                                  	40

2024-08-09 20:09:47,488 - INFO - Threads                                	32

2024-08-09 20:09:47,488 - INFO - Compressed                             	0

2024-08-09 20:09:47,489 - INFO - Verbosity                              	3

2024-08-09 20:09:47,489 - INFO - Seed substitution matrix               	nucl:nucleotide.out,aa:VTML80.out

2024-08-09 20:09:47,489 - INFO - Sensitivity                            	8.5

2024-08-09 20:09:47,489 - INFO - k-mer length                           	0

2024-08-09 20:09:47,489 - INFO - k-score                                	2147483647

2024-08-09 20:09:47,489 - INFO - Alphabet size                          	nucl:5,aa:21

2024-08-09 20:09:47,489 - INFO - Max results per query                  	300

2024-08-09 20:09:47,489 - INFO - Split database                         	0

2024-08-09 20:09:47,489 - INFO - Split mode                             	2

2024-08-09 20:09:47,489 - INFO - Split memory limit                     	0

2024-08-09 20:09:47,489 - INFO - Diagonal scoring                       	true

2024-08-09 20:09:47,489 - INFO - Exact k-mer matching                   	0

2024-08-09 20:09:47,489 - INFO - Mask residues                          	1

2024-08-09 20:09:47,489 - INFO - Mask lower case residues               	0

2024-08-09 20:09:47,489 - INFO - Minimum diagonal score                 	15

2024-08-09 20:09:47,489 - INFO - Spaced k-mers                          	1

2024-08-09 20:09:47,489 - INFO - Spaced k-mer pattern                   	

2024-08-09 20:09:47,489 - INFO - Local temporary path                   	

2024-08-09 20:09:47,489 - INFO - Rescore mode                           	0

2024-08-09 20:09:47,489 - INFO - Remove hits by seq. id. and coverage   	false

2024-08-09 20:09:47,489 - INFO - Sort results                           	0

2024-08-09 20:09:47,489 - INFO - Mask profile                           	1

2024-08-09 20:09:47,489 - INFO - Profile E-value threshold              	0.1

2024-08-09 20:09:47,489 - INFO - Global sequence weighting              	false

2024-08-09 20:09:47,489 - INFO - Allow deletions                        	false

2024-08-09 20:09:47,489 - INFO - Filter MSA                             	1

2024-08-09 20:09:47,489 - INFO - Maximum seq. id. threshold             	0.9

2024-08-09 20:09:47,489 - INFO - Minimum seq. id.                       	0

2024-08-09 20:09:47,489 - INFO - Minimum score per column               	-20

2024-08-09 20:09:47,489 - INFO - Minimum coverage                       	0

2024-08-09 20:09:47,489 - INFO - Select N most diverse seqs             	1000

2024-08-09 20:09:47,489 - INFO - Min codons in orf                      	30

2024-08-09 20:09:47,489 - INFO - Max codons in length                   	32734

2024-08-09 20:09:47,489 - INFO - Max orf gaps                           	2147483647

2024-08-09 20:09:47,489 - INFO - Contig start mode                      	2

2024-08-09 20:09:47,489 - INFO - Contig end mode                        	2

2024-08-09 20:09:47,489 - INFO - Orf start mode                         	1

2024-08-09 20:09:47,489 - INFO - Forward frames                         	1,2,3

2024-08-09 20:09:47,489 - INFO - Reverse frames                         	1,2,3

2024-08-09 20:09:47,490 - INFO - Translation table                      	1

2024-08-09 20:09:47,490 - INFO - Translate orf                          	0

2024-08-09 20:09:47,490 - INFO - Use all table starts                   	false

2024-08-09 20:09:47,490 - INFO - Offset of numeric ids                  	0

2024-08-09 20:09:47,490 - INFO - Create lookup                          	0

2024-08-09 20:09:47,490 - INFO - Add orf stop                           	false

2024-08-09 20:09:47,490 - INFO - Overlap between sequences              	0

2024-08-09 20:09:47,490 - INFO - Sequence split mode                    	1

2024-08-09 20:09:47,490 - INFO - Header split mode                      	0

2024-08-09 20:09:47,490 - INFO - Chain overlapping alignments           	0

2024-08-09 20:09:47,490 - INFO - Merge query                            	1

2024-08-09 20:09:47,490 - INFO - Search type                            	0

2024-08-09 20:09:47,490 - INFO - Search iterations                      	1

2024-08-09 20:09:47,490 - INFO - Start sensitivity                      	4

2024-08-09 20:09:47,590 - INFO - Search steps                           	1

2024-08-09 20:09:47,590 - INFO - Exhaustive search mode                 	false

2024-08-09 20:09:47,590 - INFO - Filter results during exhaustive search	0

2024-08-09 20:09:47,590 - INFO - Strand selection                       	1

2024-08-09 20:09:47,590 - INFO - LCA search mode                        	false

2024-08-09 20:09:47,590 - INFO - Disk space limit                       	0

2024-08-09 20:09:47,590 - INFO - MPI runner                             	

2024-08-09 20:09:47,590 - INFO - Force restart with latest tmp          	false

2024-08-09 20:09:47,590 - INFO - Remove temporary files                 	false

2024-08-09 20:09:47,590 - INFO - 

2024-08-09 20:09:48,027 - INFO - prefilter /data/yangy34/database/pharokka/vfdb phage_pharokka/GCA_013114135.1_9|19711-29921/vfdb_target_dir/target_seqs phage_pharokka/GCA_013114135.1_9|19711-29921/vfdb_tmp_dir//10248347479855190057/pref_0 --sub-mat nucl:nucleotide.out,aa:blosum62.out --seed-sub-mat nucl:nucleotide.out,aa:VTML80.out -k 0 --k-score 2147483647 --alph-size nucl:5,aa:21 --max-seq-len 65535 --max-seqs 300 --split 0 --split-mode 2 --split-memory-limit 0 -c 0.4 --cov-mode 0 --comp-bias-corr 1 --diag-score 1 --exact-kmer-matching 0 --mask 1 --mask-lower-case 0 --min-ungapped-score 15 --add-self-matches 0 --spaced-kmer-mode 1 --db-load-mode 0 --pca 1 --pcb 1.5 --threads 32 --compressed 0 -v 3 -s 8.5 

2024-08-09 20:09:48,028 - INFO - 

2024-08-09 20:09:48,028 - INFO - Query database size: 27504 type: Aminoacid

2024-08-09 20:09:48,028 - INFO - Estimated memory consumption: 977M

2024-08-09 20:09:48,028 - INFO - Target database size: 20 type: Aminoacid

2024-08-09 20:09:48,028 - INFO - Index table k-mer threshold: 87 at k-mer size 6 

2024-08-09 20:09:48,028 - INFO - Index table: counting k-mers

2024-08-09 20:09:48,146 - INFO - [=================================================================] 20 0s 21ms

2024-08-09 20:09:48,146 - INFO - Index table: Masked residues: 0

2024-08-09 20:09:48,146 - INFO - Index table: fill

2024-08-09 20:09:51,613 - INFO - [=================================================================] 20 0s 1ms

2024-08-09 20:09:51,613 - INFO - Index statistics

2024-08-09 20:09:51,613 - INFO - Entries:          2836

2024-08-09 20:09:51,613 - INFO - DB size:          488 MB

2024-08-09 20:09:51,613 - INFO - Avg k-mer size:   0.000044

2024-08-09 20:09:51,613 - INFO - Top 10 k-mers

2024-08-09 20:09:51,613 - INFO -     GSLAAA	1

2024-08-09 20:09:51,613 - INFO -     AACDAA	1

2024-08-09 20:09:51,613 - INFO -     VIQDAA	1

2024-08-09 20:09:51,613 - INFO -     IDLEAA	1

2024-08-09 20:09:51,613 - INFO -     SLEFAA	1

2024-08-09 20:09:51,613 - INFO -     GLSKAA	1

2024-08-09 20:09:51,613 - INFO -     YVELAA	1

2024-08-09 20:09:51,613 - INFO -     FDPLAA	1

2024-08-09 20:09:51,613 - INFO -     WDYMAA	1

2024-08-09 20:09:51,613 - INFO -     HDHNAA	1

2024-08-09 20:09:51,613 - INFO - Time for index table init: 0h 0m 0s 325ms

2024-08-09 20:09:51,614 - INFO - Process prefiltering step 1 of 1

2024-08-09 20:09:51,614 - INFO - 

2024-08-09 20:09:51,614 - INFO - k-mer similarity threshold: 87

2024-08-09 20:09:51,614 - INFO - Starting prefiltering scores calculation (step 1 of 1)

2024-08-09 20:09:51,614 - INFO - Query db start 1 to 27504

2024-08-09 20:09:51,614 - INFO - Target db start 1 to 20

2024-08-09 20:11:17,666 - INFO - [=================================================================] 27.50K 1m 27s 81ms

2024-08-09 20:11:17,667 - INFO - 

2024-08-09 20:11:17,667 - INFO - 3159.764157 k-mers per position

2024-08-09 20:11:17,667 - INFO - 73 DB matches per sequence

2024-08-09 20:11:17,667 - INFO - 0 overflows

2024-08-09 20:11:17,667 - INFO - 0 queries produce too many hits (truncated result)

2024-08-09 20:11:17,667 - INFO - 1 sequences passed prefiltering per query sequence

2024-08-09 20:11:17,667 - INFO - 1 median result list length

2024-08-09 20:11:17,667 - INFO - 9611 sequences with 0 size result lists

2024-08-09 20:11:17,667 - INFO - Time for merging to pref_0: 0h 0m 0s 251ms

2024-08-09 20:11:17,667 - INFO - Time for processing: 0h 1m 29s 897ms

2024-08-09 20:11:19,088 - INFO - align /data/yangy34/database/pharokka/vfdb phage_pharokka/GCA_013114135.1_9|19711-29921/vfdb_target_dir/target_seqs phage_pharokka/GCA_013114135.1_9|19711-29921/vfdb_tmp_dir//10248347479855190057/pref_0 phage_pharokka/GCA_013114135.1_9|19711-29921/vfdb/results_vfdb --sub-mat nucl:nucleotide.out,aa:blosum62.out -a 0 --alignment-mode 2 --alignment-output-mode 0 --wrapped-scoring 0 -e 0.001 --min-seq-id 0.8 --min-aln-len 0 --seq-id-mode 0 --alt-ali 0 -c 0.4 --cov-mode 0 --max-seq-len 65535 --comp-bias-corr 1 --max-rejected 2147483647 --max-accept 2147483647 --add-self-matches 0 --db-load-mode 0 --pca 1 --pcb 1.5 --score-bias 0 --realign 0 --realign-score-bias -0.2 --realign-max-seqs 2147483647 --gap-open nucl:5,aa:11 --gap-extend nucl:2,aa:1 --zdrop 40 --threads 32 --compressed 0 -v 3 

2024-08-09 20:11:19,088 - INFO - 

2024-08-09 20:11:19,088 - INFO - Compute score and coverage

2024-08-09 20:11:19,088 - INFO - Query database size: 27504 type: Aminoacid

2024-08-09 20:11:19,088 - INFO - Target database size: 20 type: Aminoacid

2024-08-09 20:11:19,088 - INFO - Calculation of alignments

2024-08-09 20:11:20,137 - INFO - [=================================================================] 27.50K 0s 133ms

2024-08-09 20:11:20,138 - INFO - Time for merging to results_vfdb: 0h 0m 0s 896ms

2024-08-09 20:11:20,138 - INFO - 16121 alignments calculated

2024-08-09 20:11:20,138 - INFO - 0 sequence pairs passed the thresholds (0.000000 of overall calculated)

2024-08-09 20:11:20,138 - INFO - 0.000000 hits per query sequence

2024-08-09 20:11:20,138 - INFO - Time for processing: 0h 0m 2s 317ms

2024-08-09 20:11:22,895 - INFO - createtsv /data/yangy34/database/pharokka/vfdb phage_pharokka/GCA_013114135.1_9|19711-29921/vfdb_target_dir/target_seqs phage_pharokka/GCA_013114135.1_9|19711-29921/vfdb/results_vfdb phage_pharokka/GCA_013114135.1_9|19711-29921/vfdb_results.tsv --full-header --threads 32 

2024-08-09 20:11:22,895 - INFO - 

2024-08-09 20:11:22,895 - INFO - MMseqs Version:                 	13.45111

2024-08-09 20:11:22,895 - INFO - First sequence as representative	false

2024-08-09 20:11:22,895 - INFO - Target column                   	1

2024-08-09 20:11:22,895 - INFO - Add full header                 	true

2024-08-09 20:11:22,895 - INFO - Sequence source                 	0

2024-08-09 20:11:22,895 - INFO - Database output                 	false

2024-08-09 20:11:22,895 - INFO - Threads                         	32

2024-08-09 20:11:22,895 - INFO - Compressed                      	0

2024-08-09 20:11:22,895 - INFO - Verbosity                       	3

2024-08-09 20:11:22,895 - INFO - 

2024-08-09 20:11:22,895 - INFO - Time for merging to vfdb_results.tsv: 0h 0m 1s 379ms

2024-08-09 20:11:22,895 - INFO - Time for processing: 0h 0m 2s 735ms

2024-08-09 20:11:22,941 - INFO - Post Processing Output.
2024-08-09 20:11:23,455 - INFO - Converting gff to genbank.
2024-08-09 20:11:23,482 - WARNING - /gpfs/gsfs12/users/yangy34/softwares/mambaforge/envs/pharokka-env/lib/python3.10/site-packages/Bio/SeqIO/InsdcIO.py:728: BiopythonWarning: Increasing length of locus line to allow long name. This will result in fields that are not in usual positions.
  warnings.warn(

2024-08-09 20:11:23,496 - INFO - Terminase large subunit found.
2024-08-09 20:11:23,498 - INFO - Finding the closest match for each contig in INPHARED using mash.
2024-08-09 20:11:23,627 - INFO - Sketching GCA_013114135_5_phages/GCA_013114135.1_9_19711_29921_prophage.fasta...

2024-08-09 20:11:23,654 - INFO - Writing to phage_pharokka/GCA_013114135.1_9|19711-29921/input_mash_sketch.msh...

2024-08-09 20:11:25,071 - INFO - pharokka has finished
2024-08-09 20:11:25,071 - INFO - Elapsed time: 231.13 seconds
2024-08-09 20:11:25,071 - INFO - If you use pharokka in your research, please cite:
2024-08-09 20:11:25,071 - INFO - George Bouras, Roshan Nepal, Ghais Houtak, Alkis James Psaltis, Peter-John Wormald, Sarah Vreugde.
2024-08-09 20:11:25,071 - INFO - Pharokka: a fast scalable bacteriophage annotation tool.
2024-08-09 20:11:25,071 - INFO - Bioinformatics, Volume 39, Issue 1, January 2023, btac776.
2024-08-09 20:11:25,071 - INFO - https://doi.org/10.1093/bioinformatics/btac776.
2024-08-09 20:11:25,071 - INFO - You should also cite the full list of tools pharokka uses, which can be found at https://github.com/gbouras13/pharokka#citation.
