2024-08-08 21:40:18,016 - INFO - Starting pharokka v1.3.2
2024-08-08 21:40:18,016 - INFO - Input args: Namespace(infile='GCA_015343595.1_53_phages/GCA_015343595.1_1094_3_1704_prophage.fasta', outdir='phage_pharokka/GCA_015343595.1_1094|3-1704', database='/data/yangy34/database/pharokka', threads='32', force=False, prefix='Default', locustag='Default', gene_predictor='phanotate', meta=False, split=False, coding_table='11', evalue='1E-05', terminase=False, terminase_strand='nothing', terminase_start='nothing', citation=False)
2024-08-08 21:40:18,017 - INFO - Checking database installation.
2024-08-08 21:40:18,041 - INFO - All databases have been successfully checked.
2024-08-08 21:40:18,041 - INFO - Checking dependencies.
2024-08-08 21:40:19,238 - INFO - phan_out version found is v1.5.1.
2024-08-08 21:40:19,238 - INFO - Phanotate version is ok.
2024-08-08 21:40:19,308 - INFO - MMseqs2 version found is v13.45111.
2024-08-08 21:40:19,308 - INFO - MMseqs2 version is ok.
2024-08-08 21:40:20,176 - INFO - tRNAscan-SE version found is v2.45111.11.
2024-08-08 21:40:20,176 - INFO - tRNAscan-SE version is ok.
2024-08-08 21:40:20,717 - INFO - MinCED version found is v0.4.2.
2024-08-08 21:40:20,718 - INFO - MinCED version is ok.
2024-08-08 21:40:20,740 - INFO - ARAGORN version found is v1.2.41.
2024-08-08 21:40:20,740 - INFO - ARAGORN version is ok.
2024-08-08 21:40:20,805 - INFO - mash version found is v2.2.
2024-08-08 21:40:20,805 - INFO - mash version is ok.
2024-08-08 21:40:20,999 - INFO - Running Phanotate.
2024-08-08 21:40:22,242 - INFO - Translating gene predicted fastas.
2024-08-08 21:40:22,267 - INFO - Starting tRNA-scanSE
2024-08-08 21:40:22,412 - INFO - 

2024-08-08 21:40:22,412 - INFO - tRNAscan-SE v.2.0.11 (Oct 2022) - scan sequences for transfer RNAs

2024-08-08 21:40:22,412 - INFO - Copyright (C) 2022 Patricia Chan and Todd Lowe

2024-08-08 21:40:22,412 - INFO -                    University of California Santa Cruz

2024-08-08 21:40:22,412 - INFO - Freely distributed under the GNU General Public License (GPLv3)

2024-08-08 21:40:22,412 - INFO - 

2024-08-08 21:40:22,412 - INFO - ------------------------------------------------------------

2024-08-08 21:40:22,412 - INFO - Sequence file(s) to search:        GCA_015343595.1_53_phages/GCA_015343595.1_1094_3_1704_prophage.fasta

2024-08-08 21:40:22,412 - INFO - Search Mode:                       General

2024-08-08 21:40:22,412 - INFO - Results written to:                Standard output

2024-08-08 21:40:22,412 - INFO - Output format:                     Tabular

2024-08-08 21:40:22,412 - INFO - Searching with:                    Infernal single-pass scan

2024-08-08 21:40:22,413 - INFO -                                    Fast mode

2024-08-08 21:40:22,413 - INFO - Covariance model:                  /gpfs/gsfs12/users/yangy34/softwares/mambaforge/envs/pharokka-env/lib/tRNAscan-SE/models/TRNAinf.cm

2024-08-08 21:40:22,413 - INFO - 

2024-08-08 21:40:22,413 - INFO - Temporary directory:               /tmp

2024-08-08 21:40:22,413 - INFO - tRNA predictions saved to:         phage_pharokka/GCA_015343595.1_1094|3-1704/trnascan_out.gff

2024-08-08 21:40:22,413 - INFO - ------------------------------------------------------------

2024-08-08 21:40:22,413 - INFO - 

2024-08-08 21:40:22,534 - INFO - No tRNAs found.

2024-08-08 21:40:22,534 - INFO - 

2024-08-08 21:40:22,548 - INFO - Running MinCED.
2024-08-08 21:40:22,682 - INFO - Running Aragorn.
2024-08-08 21:40:22,685 - INFO - Starting MMseqs2.
2024-08-08 21:40:22,685 - INFO - Running MMseqs2 on PHROGs Database.
2024-08-08 21:40:22,783 - INFO - createdb phage_pharokka/GCA_015343595.1_1094|3-1704/phanotate_aas_tmp.fasta phage_pharokka/GCA_015343595.1_1094|3-1704/target_dir/target_seqs 

2024-08-08 21:40:22,783 - INFO - 

2024-08-08 21:40:22,783 - INFO - MMseqs Version:       	13.45111

2024-08-08 21:40:22,783 - INFO - Database type         	0

2024-08-08 21:40:22,783 - INFO - Shuffle input database	true

2024-08-08 21:40:22,784 - INFO - Createdb mode         	0

2024-08-08 21:40:22,784 - INFO - Write lookup file     	1

2024-08-08 21:40:22,784 - INFO - Offset of numeric ids 	0

2024-08-08 21:40:22,784 - INFO - Compressed            	0

2024-08-08 21:40:22,785 - INFO - Verbosity             	3

2024-08-08 21:40:22,785 - INFO - 

2024-08-08 21:40:22,785 - INFO - Converting sequences

2024-08-08 21:40:22,785 - INFO - [

2024-08-08 21:40:22,785 - INFO - Time for merging to target_seqs_h: 0h 0m 0s 23ms

2024-08-08 21:40:22,785 - INFO - Time for merging to target_seqs: 0h 0m 0s 24ms

2024-08-08 21:40:22,785 - INFO - Database type: Aminoacid

2024-08-08 21:40:22,785 - INFO - Time for processing: 0h 0m 0s 92ms

2024-08-08 21:40:22,795 - INFO - Create directory phage_pharokka/GCA_015343595.1_1094|3-1704/tmp_dir/

2024-08-08 21:40:22,795 - INFO - search -e 1E-05 /data/yangy34/database/pharokka/phrogs_profile_db phage_pharokka/GCA_015343595.1_1094|3-1704/target_dir/target_seqs phage_pharokka/GCA_015343595.1_1094|3-1704/mmseqs/results_mmseqs phage_pharokka/GCA_015343595.1_1094|3-1704/tmp_dir/ -s 8.5 --threads 32 

2024-08-08 21:40:22,795 - INFO - 

2024-08-08 21:40:22,795 - INFO - MMseqs Version:                        	13.45111

2024-08-08 21:40:22,795 - INFO - Substitution matrix                    	nucl:nucleotide.out,aa:blosum62.out

2024-08-08 21:40:22,795 - INFO - Add backtrace                          	false

2024-08-08 21:40:22,795 - INFO - Alignment mode                         	2

2024-08-08 21:40:22,795 - INFO - Alignment mode                         	0

2024-08-08 21:40:22,795 - INFO - Allow wrapped scoring                  	false

2024-08-08 21:40:22,795 - INFO - E-value threshold                      	1e-05

2024-08-08 21:40:22,795 - INFO - Seq. id. threshold                     	0

2024-08-08 21:40:22,795 - INFO - Min alignment length                   	0

2024-08-08 21:40:22,795 - INFO - Seq. id. mode                          	0

2024-08-08 21:40:22,796 - INFO - Alternative alignments                 	0

2024-08-08 21:40:22,796 - INFO - Coverage threshold                     	0

2024-08-08 21:40:22,796 - INFO - Coverage mode                          	0

2024-08-08 21:40:22,796 - INFO - Max sequence length                    	65535

2024-08-08 21:40:22,796 - INFO - Compositional bias                     	1

2024-08-08 21:40:22,796 - INFO - Max reject                             	2147483647

2024-08-08 21:40:22,796 - INFO - Max accept                             	2147483647

2024-08-08 21:40:22,796 - INFO - Include identical seq. id.             	false

2024-08-08 21:40:22,796 - INFO - Preload mode                           	0

2024-08-08 21:40:22,796 - INFO - Pseudo count a                         	1

2024-08-08 21:40:22,796 - INFO - Pseudo count b                         	1.5

2024-08-08 21:40:22,796 - INFO - Score bias                             	0

2024-08-08 21:40:22,796 - INFO - Realign hits                           	false

2024-08-08 21:40:22,796 - INFO - Realign score bias                     	-0.2

2024-08-08 21:40:22,796 - INFO - Realign max seqs                       	2147483647

2024-08-08 21:40:22,796 - INFO - Gap open cost                          	nucl:5,aa:11

2024-08-08 21:40:22,796 - INFO - Gap extension cost                     	nucl:2,aa:1

2024-08-08 21:40:22,796 - INFO - Zdrop                                  	40

2024-08-08 21:40:22,796 - INFO - Threads                                	32

2024-08-08 21:40:22,796 - INFO - Compressed                             	0

2024-08-08 21:40:22,796 - INFO - Verbosity                              	3

2024-08-08 21:40:22,796 - INFO - Seed substitution matrix               	nucl:nucleotide.out,aa:VTML80.out

2024-08-08 21:40:22,796 - INFO - Sensitivity                            	8.5

2024-08-08 21:40:22,797 - INFO - k-mer length                           	0

2024-08-08 21:40:22,797 - INFO - k-score                                	2147483647

2024-08-08 21:40:22,797 - INFO - Alphabet size                          	nucl:5,aa:21

2024-08-08 21:40:22,797 - INFO - Max results per query                  	300

2024-08-08 21:40:22,797 - INFO - Split database                         	0

2024-08-08 21:40:22,797 - INFO - Split mode                             	2

2024-08-08 21:40:22,797 - INFO - Split memory limit                     	0

2024-08-08 21:40:22,797 - INFO - Diagonal scoring                       	true

2024-08-08 21:40:22,797 - INFO - Exact k-mer matching                   	0

2024-08-08 21:40:22,797 - INFO - Mask residues                          	1

2024-08-08 21:40:22,797 - INFO - Mask lower case residues               	0

2024-08-08 21:40:22,797 - INFO - Minimum diagonal score                 	15

2024-08-08 21:40:22,797 - INFO - Spaced k-mers                          	1

2024-08-08 21:40:22,797 - INFO - Spaced k-mer pattern                   	

2024-08-08 21:40:22,797 - INFO - Local temporary path                   	

2024-08-08 21:40:22,797 - INFO - Rescore mode                           	0

2024-08-08 21:40:22,797 - INFO - Remove hits by seq. id. and coverage   	false

2024-08-08 21:40:22,797 - INFO - Sort results                           	0

2024-08-08 21:40:22,797 - INFO - Mask profile                           	1

2024-08-08 21:40:22,797 - INFO - Profile E-value threshold              	0.1

2024-08-08 21:40:22,797 - INFO - Global sequence weighting              	false

2024-08-08 21:40:22,797 - INFO - Allow deletions                        	false

2024-08-08 21:40:22,797 - INFO - Filter MSA                             	1

2024-08-08 21:40:22,797 - INFO - Maximum seq. id. threshold             	0.9

2024-08-08 21:40:22,798 - INFO - Minimum seq. id.                       	0

2024-08-08 21:40:22,798 - INFO - Minimum score per column               	-20

2024-08-08 21:40:22,798 - INFO - Minimum coverage                       	0

2024-08-08 21:40:22,798 - INFO - Select N most diverse seqs             	1000

2024-08-08 21:40:22,798 - INFO - Min codons in orf                      	30

2024-08-08 21:40:22,798 - INFO - Max codons in length                   	32734

2024-08-08 21:40:22,798 - INFO - Max orf gaps                           	2147483647

2024-08-08 21:40:22,798 - INFO - Contig start mode                      	2

2024-08-08 21:40:22,798 - INFO - Contig end mode                        	2

2024-08-08 21:40:22,798 - INFO - Orf start mode                         	1

2024-08-08 21:40:22,798 - INFO - Forward frames                         	1,2,3

2024-08-08 21:40:22,798 - INFO - Reverse frames                         	1,2,3

2024-08-08 21:40:22,798 - INFO - Translation table                      	1

2024-08-08 21:40:22,798 - INFO - Translate orf                          	0

2024-08-08 21:40:22,798 - INFO - Use all table starts                   	false

2024-08-08 21:40:22,798 - INFO - Offset of numeric ids                  	0

2024-08-08 21:40:22,798 - INFO - Create lookup                          	0

2024-08-08 21:40:22,798 - INFO - Add orf stop                           	false

2024-08-08 21:40:22,798 - INFO - Overlap between sequences              	0

2024-08-08 21:40:22,798 - INFO - Sequence split mode                    	1

2024-08-08 21:40:22,798 - INFO - Header split mode                      	0

2024-08-08 21:40:22,798 - INFO - Chain overlapping alignments           	0

2024-08-08 21:40:22,798 - INFO - Merge query                            	1

2024-08-08 21:40:22,799 - INFO - Search type                            	0

2024-08-08 21:40:22,799 - INFO - Search iterations                      	1

2024-08-08 21:40:22,799 - INFO - Start sensitivity                      	4

2024-08-08 21:40:22,799 - INFO - Search steps                           	1

2024-08-08 21:40:22,799 - INFO - Exhaustive search mode                 	false

2024-08-08 21:40:22,799 - INFO - Filter results during exhaustive search	0

2024-08-08 21:40:22,799 - INFO - Strand selection                       	1

2024-08-08 21:40:22,799 - INFO - LCA search mode                        	false

2024-08-08 21:40:22,799 - INFO - Disk space limit                       	0

2024-08-08 21:40:22,799 - INFO - MPI runner                             	

2024-08-08 21:40:22,799 - INFO - Force restart with latest tmp          	false

2024-08-08 21:40:22,799 - INFO - Remove temporary files                 	false

2024-08-08 21:40:22,799 - INFO - 

2024-08-08 21:40:22,983 - INFO - prefilter /data/yangy34/database/pharokka/phrogs_profile_db phage_pharokka/GCA_015343595.1_1094|3-1704/target_dir/target_seqs phage_pharokka/GCA_015343595.1_1094|3-1704/tmp_dir//2046988492201067692/pref_0 --sub-mat nucl:nucleotide.out,aa:blosum62.out --seed-sub-mat nucl:nucleotide.out,aa:VTML80.out -k 0 --k-score 2147483647 --alph-size nucl:5,aa:21 --max-seq-len 65535 --max-seqs 300 --split 0 --split-mode 2 --split-memory-limit 0 -c 0 --cov-mode 0 --comp-bias-corr 1 --diag-score 1 --exact-kmer-matching 0 --mask 1 --mask-lower-case 0 --min-ungapped-score 15 --add-self-matches 0 --spaced-kmer-mode 1 --db-load-mode 0 --pca 1 --pcb 1.5 --threads 32 --compressed 0 -v 3 -s 8.5 

2024-08-08 21:40:22,984 - INFO - 

2024-08-08 21:40:22,984 - INFO - Query database size: 38880 type: Profile

2024-08-08 21:40:22,984 - INFO - Estimated memory consumption: 488M

2024-08-08 21:40:22,984 - INFO - Target database size: 3 type: Aminoacid

2024-08-08 21:40:22,984 - INFO - Index table k-mer threshold: 0 at k-mer size 6 

2024-08-08 21:40:22,984 - INFO - Index table: counting k-mers

2024-08-08 21:40:23,122 - INFO - [=================================================================] 3 0s 1ms

2024-08-08 21:40:23,122 - INFO - Index table: Masked residues: 0

2024-08-08 21:40:23,122 - INFO - Index table: fill

2024-08-08 21:40:24,256 - INFO - [=================================================================] 3 0s 0ms

2024-08-08 21:40:24,256 - INFO - Index statistics

2024-08-08 21:40:24,256 - INFO - Entries:          521

2024-08-08 21:40:24,256 - INFO - DB size:          488 MB

2024-08-08 21:40:24,256 - INFO - Avg k-mer size:   0.000008

2024-08-08 21:40:24,256 - INFO - Top 10 k-mers

2024-08-08 21:40:24,256 - INFO -     YATDAA	1

2024-08-08 21:40:24,256 - INFO -     QFRIAA	1

2024-08-08 21:40:24,256 - INFO -     SAAKAA	1

2024-08-08 21:40:24,257 - INFO -     VDPSAA	1

2024-08-08 21:40:24,257 - INFO -     VPSLCA	1

2024-08-08 21:40:24,257 - INFO -     KIIKEA	1

2024-08-08 21:40:24,257 - INFO -     AIDLEA	1

2024-08-08 21:40:24,257 - INFO -     DIDQEA	1

2024-08-08 21:40:24,257 - INFO -     EGPSEA	1

2024-08-08 21:40:24,257 - INFO -     TRPWEA	1

2024-08-08 21:40:24,257 - INFO - Time for index table init: 0h 0m 0s 434ms

2024-08-08 21:40:24,257 - INFO - Process prefiltering step 1 of 1

2024-08-08 21:40:24,257 - INFO - 

2024-08-08 21:40:24,257 - INFO - k-mer similarity threshold: 81

2024-08-08 21:40:24,257 - INFO - Starting prefiltering scores calculation (step 1 of 1)

2024-08-08 21:40:24,257 - INFO - Query db start 1 to 38880

2024-08-08 21:40:24,257 - INFO - Target db start 1 to 3

2024-08-08 21:41:25,461 - INFO - [=================================================================] 38.88K 1m 2s 31ms

2024-08-08 21:41:25,461 - INFO - 

2024-08-08 21:41:25,461 - INFO - 5386.328443 k-mers per position

2024-08-08 21:41:25,461 - INFO - 7 DB matches per sequence

2024-08-08 21:41:25,461 - INFO - 0 overflows

2024-08-08 21:41:25,461 - INFO - 0 queries produce too many hits (truncated result)

2024-08-08 21:41:25,461 - INFO - 0 sequences passed prefiltering per query sequence

2024-08-08 21:41:25,461 - INFO - 0 median result list length

2024-08-08 21:41:25,461 - INFO - 32848 sequences with 0 size result lists

2024-08-08 21:41:25,461 - INFO - Time for merging to pref_0: 0h 0m 0s 24ms

2024-08-08 21:41:25,461 - INFO - Time for processing: 0h 1m 2s 657ms

2024-08-08 21:41:25,568 - INFO - align /data/yangy34/database/pharokka/phrogs_profile_db phage_pharokka/GCA_015343595.1_1094|3-1704/target_dir/target_seqs phage_pharokka/GCA_015343595.1_1094|3-1704/tmp_dir//2046988492201067692/pref_0 phage_pharokka/GCA_015343595.1_1094|3-1704/mmseqs/results_mmseqs --sub-mat nucl:nucleotide.out,aa:blosum62.out -a 0 --alignment-mode 2 --alignment-output-mode 0 --wrapped-scoring 0 -e 1e-05 --min-seq-id 0 --min-aln-len 0 --seq-id-mode 0 --alt-ali 0 -c 0 --cov-mode 0 --max-seq-len 65535 --comp-bias-corr 1 --max-rejected 2147483647 --max-accept 2147483647 --add-self-matches 0 --db-load-mode 0 --pca 1 --pcb 1.5 --score-bias 0 --realign 0 --realign-score-bias -0.2 --realign-max-seqs 2147483647 --gap-open nucl:5,aa:11 --gap-extend nucl:2,aa:1 --zdrop 40 --threads 32 --compressed 0 -v 3 

2024-08-08 21:41:25,568 - INFO - 

2024-08-08 21:41:25,568 - INFO - Compute score and coverage

2024-08-08 21:41:25,568 - INFO - Query database size: 38880 type: Profile

2024-08-08 21:41:25,568 - INFO - Target database size: 3 type: Aminoacid

2024-08-08 21:41:25,568 - INFO - Calculation of alignments

2024-08-08 21:41:25,819 - INFO - [=================================================================] 38.88K 0s 241ms

2024-08-08 21:41:25,819 - INFO - Time for merging to results_mmseqs: 0h 0m 0s 21ms

2024-08-08 21:41:25,819 - INFO - 6640 alignments calculated

2024-08-08 21:41:25,819 - INFO - 2 sequence pairs passed the thresholds (0.000301 of overall calculated)

2024-08-08 21:41:25,819 - INFO - 0.000051 hits per query sequence

2024-08-08 21:41:25,819 - INFO - Time for processing: 0h 0m 0s 351ms

2024-08-08 21:41:25,956 - INFO - createtsv /data/yangy34/database/pharokka/phrogs_profile_db phage_pharokka/GCA_015343595.1_1094|3-1704/target_dir/target_seqs phage_pharokka/GCA_015343595.1_1094|3-1704/mmseqs/results_mmseqs phage_pharokka/GCA_015343595.1_1094|3-1704/mmseqs_results.tsv --full-header --threads 32 

2024-08-08 21:41:25,956 - INFO - 

2024-08-08 21:41:25,956 - INFO - MMseqs Version:                 	13.45111

2024-08-08 21:41:25,956 - INFO - First sequence as representative	false

2024-08-08 21:41:25,956 - INFO - Target column                   	1

2024-08-08 21:41:25,956 - INFO - Add full header                 	true

2024-08-08 21:41:25,956 - INFO - Sequence source                 	0

2024-08-08 21:41:25,956 - INFO - Database output                 	false

2024-08-08 21:41:25,956 - INFO - Threads                         	32

2024-08-08 21:41:25,956 - INFO - Compressed                      	0

2024-08-08 21:41:25,956 - INFO - Verbosity                       	3

2024-08-08 21:41:25,956 - INFO - 

2024-08-08 21:41:25,956 - INFO - Time for merging to mmseqs_results.tsv: 0h 0m 0s 31ms

2024-08-08 21:41:25,957 - INFO - Time for processing: 0h 0m 0s 128ms

2024-08-08 21:41:25,992 - INFO - Running mmseqs2 on CARD.
2024-08-08 21:41:26,058 - INFO - createdb phage_pharokka/GCA_015343595.1_1094|3-1704/phanotate_aas_tmp.fasta phage_pharokka/GCA_015343595.1_1094|3-1704/CARD_target_dir/target_seqs 

2024-08-08 21:41:26,058 - INFO - 

2024-08-08 21:41:26,058 - INFO - MMseqs Version:       	13.45111

2024-08-08 21:41:26,058 - INFO - Database type         	0

2024-08-08 21:41:26,058 - INFO - Shuffle input database	true

2024-08-08 21:41:26,058 - INFO - Createdb mode         	0

2024-08-08 21:41:26,059 - INFO - Write lookup file     	1

2024-08-08 21:41:26,059 - INFO - Offset of numeric ids 	0

2024-08-08 21:41:26,059 - INFO - Compressed            	0

2024-08-08 21:41:26,059 - INFO - Verbosity             	3

2024-08-08 21:41:26,059 - INFO - 

2024-08-08 21:41:26,059 - INFO - Converting sequences

2024-08-08 21:41:26,059 - INFO - [

2024-08-08 21:41:26,059 - INFO - Time for merging to target_seqs_h: 0h 0m 0s 8ms

2024-08-08 21:41:26,059 - INFO - Time for merging to target_seqs: 0h 0m 0s 21ms

2024-08-08 21:41:26,059 - INFO - Database type: Aminoacid

2024-08-08 21:41:26,059 - INFO - Time for processing: 0h 0m 0s 61ms

2024-08-08 21:41:26,067 - INFO - Create directory phage_pharokka/GCA_015343595.1_1094|3-1704/CARD_tmp_dir/

2024-08-08 21:41:26,067 - INFO - search --min-seq-id 0.8 -c 0.4 /data/yangy34/database/pharokka/CARD phage_pharokka/GCA_015343595.1_1094|3-1704/CARD_target_dir/target_seqs phage_pharokka/GCA_015343595.1_1094|3-1704/CARD/results_CARD phage_pharokka/GCA_015343595.1_1094|3-1704/CARD_tmp_dir/ -s 8.5 --threads 32 

2024-08-08 21:41:26,067 - INFO - 

2024-08-08 21:41:26,067 - INFO - MMseqs Version:                        	13.45111

2024-08-08 21:41:26,067 - INFO - Substitution matrix                    	nucl:nucleotide.out,aa:blosum62.out

2024-08-08 21:41:26,067 - INFO - Add backtrace                          	false

2024-08-08 21:41:26,067 - INFO - Alignment mode                         	2

2024-08-08 21:41:26,067 - INFO - Alignment mode                         	0

2024-08-08 21:41:26,067 - INFO - Allow wrapped scoring                  	false

2024-08-08 21:41:26,067 - INFO - E-value threshold                      	0.001

2024-08-08 21:41:26,067 - INFO - Seq. id. threshold                     	0.8

2024-08-08 21:41:26,067 - INFO - Min alignment length                   	0

2024-08-08 21:41:26,068 - INFO - Seq. id. mode                          	0

2024-08-08 21:41:26,068 - INFO - Alternative alignments                 	0

2024-08-08 21:41:26,068 - INFO - Coverage threshold                     	0.4

2024-08-08 21:41:26,068 - INFO - Coverage mode                          	0

2024-08-08 21:41:26,068 - INFO - Max sequence length                    	65535

2024-08-08 21:41:26,068 - INFO - Compositional bias                     	1

2024-08-08 21:41:26,068 - INFO - Max reject                             	2147483647

2024-08-08 21:41:26,068 - INFO - Max accept                             	2147483647

2024-08-08 21:41:26,068 - INFO - Include identical seq. id.             	false

2024-08-08 21:41:26,068 - INFO - Preload mode                           	0

2024-08-08 21:41:26,068 - INFO - Pseudo count a                         	1

2024-08-08 21:41:26,068 - INFO - Pseudo count b                         	1.5

2024-08-08 21:41:26,068 - INFO - Score bias                             	0

2024-08-08 21:41:26,068 - INFO - Realign hits                           	false

2024-08-08 21:41:26,068 - INFO - Realign score bias                     	-0.2

2024-08-08 21:41:26,068 - INFO - Realign max seqs                       	2147483647

2024-08-08 21:41:26,068 - INFO - Gap open cost                          	nucl:5,aa:11

2024-08-08 21:41:26,068 - INFO - Gap extension cost                     	nucl:2,aa:1

2024-08-08 21:41:26,068 - INFO - Zdrop                                  	40

2024-08-08 21:41:26,068 - INFO - Threads                                	32

2024-08-08 21:41:26,068 - INFO - Compressed                             	0

2024-08-08 21:41:26,068 - INFO - Verbosity                              	3

2024-08-08 21:41:26,068 - INFO - Seed substitution matrix               	nucl:nucleotide.out,aa:VTML80.out

2024-08-08 21:41:26,069 - INFO - Sensitivity                            	8.5

2024-08-08 21:41:26,069 - INFO - k-mer length                           	0

2024-08-08 21:41:26,069 - INFO - k-score                                	2147483647

2024-08-08 21:41:26,069 - INFO - Alphabet size                          	nucl:5,aa:21

2024-08-08 21:41:26,069 - INFO - Max results per query                  	300

2024-08-08 21:41:26,069 - INFO - Split database                         	0

2024-08-08 21:41:26,069 - INFO - Split mode                             	2

2024-08-08 21:41:26,069 - INFO - Split memory limit                     	0

2024-08-08 21:41:26,069 - INFO - Diagonal scoring                       	true

2024-08-08 21:41:26,069 - INFO - Exact k-mer matching                   	0

2024-08-08 21:41:26,069 - INFO - Mask residues                          	1

2024-08-08 21:41:26,069 - INFO - Mask lower case residues               	0

2024-08-08 21:41:26,069 - INFO - Minimum diagonal score                 	15

2024-08-08 21:41:26,069 - INFO - Spaced k-mers                          	1

2024-08-08 21:41:26,069 - INFO - Spaced k-mer pattern                   	

2024-08-08 21:41:26,069 - INFO - Local temporary path                   	

2024-08-08 21:41:26,069 - INFO - Rescore mode                           	0

2024-08-08 21:41:26,069 - INFO - Remove hits by seq. id. and coverage   	false

2024-08-08 21:41:26,069 - INFO - Sort results                           	0

2024-08-08 21:41:26,069 - INFO - Mask profile                           	1

2024-08-08 21:41:26,069 - INFO - Profile E-value threshold              	0.1

2024-08-08 21:41:26,069 - INFO - Global sequence weighting              	false

2024-08-08 21:41:26,069 - INFO - Allow deletions                        	false

2024-08-08 21:41:26,069 - INFO - Filter MSA                             	1

2024-08-08 21:41:26,070 - INFO - Maximum seq. id. threshold             	0.9

2024-08-08 21:41:26,070 - INFO - Minimum seq. id.                       	0

2024-08-08 21:41:26,070 - INFO - Minimum score per column               	-20

2024-08-08 21:41:26,070 - INFO - Minimum coverage                       	0

2024-08-08 21:41:26,070 - INFO - Select N most diverse seqs             	1000

2024-08-08 21:41:26,070 - INFO - Min codons in orf                      	30

2024-08-08 21:41:26,070 - INFO - Max codons in length                   	32734

2024-08-08 21:41:26,070 - INFO - Max orf gaps                           	2147483647

2024-08-08 21:41:26,070 - INFO - Contig start mode                      	2

2024-08-08 21:41:26,070 - INFO - Contig end mode                        	2

2024-08-08 21:41:26,070 - INFO - Orf start mode                         	1

2024-08-08 21:41:26,070 - INFO - Forward frames                         	1,2,3

2024-08-08 21:41:26,070 - INFO - Reverse frames                         	1,2,3

2024-08-08 21:41:26,070 - INFO - Translation table                      	1

2024-08-08 21:41:26,070 - INFO - Translate orf                          	0

2024-08-08 21:41:26,070 - INFO - Use all table starts                   	false

2024-08-08 21:41:26,070 - INFO - Offset of numeric ids                  	0

2024-08-08 21:41:26,070 - INFO - Create lookup                          	0

2024-08-08 21:41:26,070 - INFO - Add orf stop                           	false

2024-08-08 21:41:26,070 - INFO - Overlap between sequences              	0

2024-08-08 21:41:26,070 - INFO - Sequence split mode                    	1

2024-08-08 21:41:26,070 - INFO - Header split mode                      	0

2024-08-08 21:41:26,070 - INFO - Chain overlapping alignments           	0

2024-08-08 21:41:26,070 - INFO - Merge query                            	1

2024-08-08 21:41:26,071 - INFO - Search type                            	0

2024-08-08 21:41:26,071 - INFO - Search iterations                      	1

2024-08-08 21:41:26,071 - INFO - Start sensitivity                      	4

2024-08-08 21:41:26,071 - INFO - Search steps                           	1

2024-08-08 21:41:26,071 - INFO - Exhaustive search mode                 	false

2024-08-08 21:41:26,071 - INFO - Filter results during exhaustive search	0

2024-08-08 21:41:26,071 - INFO - Strand selection                       	1

2024-08-08 21:41:26,071 - INFO - LCA search mode                        	false

2024-08-08 21:41:26,071 - INFO - Disk space limit                       	0

2024-08-08 21:41:26,071 - INFO - MPI runner                             	

2024-08-08 21:41:26,071 - INFO - Force restart with latest tmp          	false

2024-08-08 21:41:26,071 - INFO - Remove temporary files                 	false

2024-08-08 21:41:26,071 - INFO - 

2024-08-08 21:41:26,240 - INFO - prefilter /data/yangy34/database/pharokka/CARD phage_pharokka/GCA_015343595.1_1094|3-1704/CARD_target_dir/target_seqs phage_pharokka/GCA_015343595.1_1094|3-1704/CARD_tmp_dir//17844896956082916053/pref_0 --sub-mat nucl:nucleotide.out,aa:blosum62.out --seed-sub-mat nucl:nucleotide.out,aa:VTML80.out -k 0 --k-score 2147483647 --alph-size nucl:5,aa:21 --max-seq-len 65535 --max-seqs 300 --split 0 --split-mode 2 --split-memory-limit 0 -c 0.4 --cov-mode 0 --comp-bias-corr 1 --diag-score 1 --exact-kmer-matching 0 --mask 1 --mask-lower-case 0 --min-ungapped-score 15 --add-self-matches 0 --spaced-kmer-mode 1 --db-load-mode 0 --pca 1 --pcb 1.5 --threads 32 --compressed 0 -v 3 -s 8.5 

2024-08-08 21:41:26,240 - INFO - 

2024-08-08 21:41:26,240 - INFO - Query database size: 4641 type: Aminoacid

2024-08-08 21:41:26,240 - INFO - Estimated memory consumption: 977M

2024-08-08 21:41:26,240 - INFO - Target database size: 3 type: Aminoacid

2024-08-08 21:41:26,240 - INFO - Index table k-mer threshold: 87 at k-mer size 6 

2024-08-08 21:41:26,241 - INFO - Index table: counting k-mers

2024-08-08 21:41:26,374 - INFO - [=================================================================] 3 0s 6ms

2024-08-08 21:41:26,375 - INFO - Index table: Masked residues: 0

2024-08-08 21:41:26,375 - INFO - Index table: fill

2024-08-08 21:41:26,835 - INFO - [=================================================================] 3 0s 1ms

2024-08-08 21:41:26,835 - INFO - Index statistics

2024-08-08 21:41:26,835 - INFO - Entries:          521

2024-08-08 21:41:26,835 - INFO - DB size:          488 MB

2024-08-08 21:41:26,835 - INFO - Avg k-mer size:   0.000008

2024-08-08 21:41:26,835 - INFO - Top 10 k-mers

2024-08-08 21:41:26,835 - INFO -     YATDAA	1

2024-08-08 21:41:26,835 - INFO -     QFRIAA	1

2024-08-08 21:41:26,835 - INFO -     SAAKAA	1

2024-08-08 21:41:26,836 - INFO -     VDPSAA	1

2024-08-08 21:41:26,836 - INFO -     VPSLCA	1

2024-08-08 21:41:26,836 - INFO -     KIIKEA	1

2024-08-08 21:41:26,836 - INFO -     AIDLEA	1

2024-08-08 21:41:26,836 - INFO -     DIDQEA	1

2024-08-08 21:41:26,836 - INFO -     EGPSEA	1

2024-08-08 21:41:26,836 - INFO -     TRPWEA	1

2024-08-08 21:41:26,836 - INFO - Time for index table init: 0h 0m 0s 431ms

2024-08-08 21:41:26,836 - INFO - Process prefiltering step 1 of 1

2024-08-08 21:41:26,836 - INFO - 

2024-08-08 21:41:26,836 - INFO - k-mer similarity threshold: 87

2024-08-08 21:41:26,836 - INFO - Starting prefiltering scores calculation (step 1 of 1)

2024-08-08 21:41:26,836 - INFO - Query db start 1 to 4641

2024-08-08 21:41:26,836 - INFO - Target db start 1 to 3

2024-08-08 21:41:35,063 - INFO - [=================================================================] 4.64K 8s 278ms

2024-08-08 21:41:35,063 - INFO - 

2024-08-08 21:41:35,063 - INFO - 3883.681631 k-mers per position

2024-08-08 21:41:35,063 - INFO - 11 DB matches per sequence

2024-08-08 21:41:35,063 - INFO - 0 overflows

2024-08-08 21:41:35,063 - INFO - 0 queries produce too many hits (truncated result)

2024-08-08 21:41:35,063 - INFO - 0 sequences passed prefiltering per query sequence

2024-08-08 21:41:35,063 - INFO - 0 median result list length

2024-08-08 21:41:35,064 - INFO - 3374 sequences with 0 size result lists

2024-08-08 21:41:35,064 - INFO - Time for merging to pref_0: 0h 0m 0s 9ms

2024-08-08 21:41:35,064 - INFO - Time for processing: 0h 0m 8s 987ms

2024-08-08 21:41:35,088 - INFO - align /data/yangy34/database/pharokka/CARD phage_pharokka/GCA_015343595.1_1094|3-1704/CARD_target_dir/target_seqs phage_pharokka/GCA_015343595.1_1094|3-1704/CARD_tmp_dir//17844896956082916053/pref_0 phage_pharokka/GCA_015343595.1_1094|3-1704/CARD/results_CARD --sub-mat nucl:nucleotide.out,aa:blosum62.out -a 0 --alignment-mode 2 --alignment-output-mode 0 --wrapped-scoring 0 -e 0.001 --min-seq-id 0.8 --min-aln-len 0 --seq-id-mode 0 --alt-ali 0 -c 0.4 --cov-mode 0 --max-seq-len 65535 --comp-bias-corr 1 --max-rejected 2147483647 --max-accept 2147483647 --add-self-matches 0 --db-load-mode 0 --pca 1 --pcb 1.5 --score-bias 0 --realign 0 --realign-score-bias -0.2 --realign-max-seqs 2147483647 --gap-open nucl:5,aa:11 --gap-extend nucl:2,aa:1 --zdrop 40 --threads 32 --compressed 0 -v 3 

2024-08-08 21:41:35,088 - INFO - 

2024-08-08 21:41:35,088 - INFO - Compute score and coverage

2024-08-08 21:41:35,088 - INFO - Query database size: 4641 type: Aminoacid

2024-08-08 21:41:35,089 - INFO - Target database size: 3 type: Aminoacid

2024-08-08 21:41:35,089 - INFO - Calculation of alignments

2024-08-08 21:41:35,111 - INFO - [=================================================================] 4.64K 0s 15ms

2024-08-08 21:41:35,112 - INFO - Time for merging to results_CARD: 0h 0m 0s 9ms

2024-08-08 21:41:35,112 - INFO - 581 alignments calculated

2024-08-08 21:41:35,112 - INFO - 0 sequence pairs passed the thresholds (0.000000 of overall calculated)

2024-08-08 21:41:35,112 - INFO - 0.000000 hits per query sequence

2024-08-08 21:41:35,112 - INFO - Time for processing: 0h 0m 0s 42ms

2024-08-08 21:41:35,207 - INFO - createtsv /data/yangy34/database/pharokka/CARD phage_pharokka/GCA_015343595.1_1094|3-1704/CARD_target_dir/target_seqs phage_pharokka/GCA_015343595.1_1094|3-1704/CARD/results_CARD phage_pharokka/GCA_015343595.1_1094|3-1704/CARD_results.tsv --full-header --threads 32 

2024-08-08 21:41:35,207 - INFO - 

2024-08-08 21:41:35,207 - INFO - MMseqs Version:                 	13.45111

2024-08-08 21:41:35,207 - INFO - First sequence as representative	false

2024-08-08 21:41:35,207 - INFO - Target column                   	1

2024-08-08 21:41:35,207 - INFO - Add full header                 	true

2024-08-08 21:41:35,207 - INFO - Sequence source                 	0

2024-08-08 21:41:35,207 - INFO - Database output                 	false

2024-08-08 21:41:35,207 - INFO - Threads                         	32

2024-08-08 21:41:35,207 - INFO - Compressed                      	0

2024-08-08 21:41:35,207 - INFO - Verbosity                       	3

2024-08-08 21:41:35,207 - INFO - 

2024-08-08 21:41:35,207 - INFO - Time for merging to CARD_results.tsv: 0h 0m 0s 13ms

2024-08-08 21:41:35,208 - INFO - Time for processing: 0h 0m 0s 88ms

2024-08-08 21:41:35,210 - INFO - Running mmseqs2 on vfdb.
2024-08-08 21:41:35,277 - INFO - createdb phage_pharokka/GCA_015343595.1_1094|3-1704/phanotate_aas_tmp.fasta phage_pharokka/GCA_015343595.1_1094|3-1704/vfdb_target_dir/target_seqs 

2024-08-08 21:41:35,277 - INFO - 

2024-08-08 21:41:35,277 - INFO - MMseqs Version:       	13.45111

2024-08-08 21:41:35,277 - INFO - Database type         	0

2024-08-08 21:41:35,277 - INFO - Shuffle input database	true

2024-08-08 21:41:35,278 - INFO - Createdb mode         	0

2024-08-08 21:41:35,278 - INFO - Write lookup file     	1

2024-08-08 21:41:35,278 - INFO - Offset of numeric ids 	0

2024-08-08 21:41:35,278 - INFO - Compressed            	0

2024-08-08 21:41:35,278 - INFO - Verbosity             	3

2024-08-08 21:41:35,278 - INFO - 

2024-08-08 21:41:35,278 - INFO - Converting sequences

2024-08-08 21:41:35,278 - INFO - [

2024-08-08 21:41:35,278 - INFO - Time for merging to target_seqs_h: 0h 0m 0s 7ms

2024-08-08 21:41:35,278 - INFO - Time for merging to target_seqs: 0h 0m 0s 22ms

2024-08-08 21:41:35,278 - INFO - Database type: Aminoacid

2024-08-08 21:41:35,278 - INFO - Time for processing: 0h 0m 0s 62ms

2024-08-08 21:41:35,286 - INFO - Create directory phage_pharokka/GCA_015343595.1_1094|3-1704/vfdb_tmp_dir/

2024-08-08 21:41:35,286 - INFO - search --min-seq-id 0.8 -c 0.4 /data/yangy34/database/pharokka/vfdb phage_pharokka/GCA_015343595.1_1094|3-1704/vfdb_target_dir/target_seqs phage_pharokka/GCA_015343595.1_1094|3-1704/vfdb/results_vfdb phage_pharokka/GCA_015343595.1_1094|3-1704/vfdb_tmp_dir/ -s 8.5 --threads 32 

2024-08-08 21:41:35,286 - INFO - 

2024-08-08 21:41:35,286 - INFO - MMseqs Version:                        	13.45111

2024-08-08 21:41:35,286 - INFO - Substitution matrix                    	nucl:nucleotide.out,aa:blosum62.out

2024-08-08 21:41:35,286 - INFO - Add backtrace                          	false

2024-08-08 21:41:35,286 - INFO - Alignment mode                         	2

2024-08-08 21:41:35,286 - INFO - Alignment mode                         	0

2024-08-08 21:41:35,286 - INFO - Allow wrapped scoring                  	false

2024-08-08 21:41:35,286 - INFO - E-value threshold                      	0.001

2024-08-08 21:41:35,286 - INFO - Seq. id. threshold                     	0.8

2024-08-08 21:41:35,286 - INFO - Min alignment length                   	0

2024-08-08 21:41:35,286 - INFO - Seq. id. mode                          	0

2024-08-08 21:41:35,286 - INFO - Alternative alignments                 	0

2024-08-08 21:41:35,286 - INFO - Coverage threshold                     	0.4

2024-08-08 21:41:35,286 - INFO - Coverage mode                          	0

2024-08-08 21:41:35,287 - INFO - Max sequence length                    	65535

2024-08-08 21:41:35,287 - INFO - Compositional bias                     	1

2024-08-08 21:41:35,287 - INFO - Max reject                             	2147483647

2024-08-08 21:41:35,287 - INFO - Max accept                             	2147483647

2024-08-08 21:41:35,287 - INFO - Include identical seq. id.             	false

2024-08-08 21:41:35,287 - INFO - Preload mode                           	0

2024-08-08 21:41:35,287 - INFO - Pseudo count a                         	1

2024-08-08 21:41:35,287 - INFO - Pseudo count b                         	1.5

2024-08-08 21:41:35,287 - INFO - Score bias                             	0

2024-08-08 21:41:35,287 - INFO - Realign hits                           	false

2024-08-08 21:41:35,287 - INFO - Realign score bias                     	-0.2

2024-08-08 21:41:35,287 - INFO - Realign max seqs                       	2147483647

2024-08-08 21:41:35,287 - INFO - Gap open cost                          	nucl:5,aa:11

2024-08-08 21:41:35,287 - INFO - Gap extension cost                     	nucl:2,aa:1

2024-08-08 21:41:35,287 - INFO - Zdrop                                  	40

2024-08-08 21:41:35,287 - INFO - Threads                                	32

2024-08-08 21:41:35,287 - INFO - Compressed                             	0

2024-08-08 21:41:35,287 - INFO - Verbosity                              	3

2024-08-08 21:41:35,287 - INFO - Seed substitution matrix               	nucl:nucleotide.out,aa:VTML80.out

2024-08-08 21:41:35,287 - INFO - Sensitivity                            	8.5

2024-08-08 21:41:35,287 - INFO - k-mer length                           	0

2024-08-08 21:41:35,287 - INFO - k-score                                	2147483647

2024-08-08 21:41:35,287 - INFO - Alphabet size                          	nucl:5,aa:21

2024-08-08 21:41:35,288 - INFO - Max results per query                  	300

2024-08-08 21:41:35,288 - INFO - Split database                         	0

2024-08-08 21:41:35,288 - INFO - Split mode                             	2

2024-08-08 21:41:35,288 - INFO - Split memory limit                     	0

2024-08-08 21:41:35,288 - INFO - Diagonal scoring                       	true

2024-08-08 21:41:35,288 - INFO - Exact k-mer matching                   	0

2024-08-08 21:41:35,288 - INFO - Mask residues                          	1

2024-08-08 21:41:35,288 - INFO - Mask lower case residues               	0

2024-08-08 21:41:35,288 - INFO - Minimum diagonal score                 	15

2024-08-08 21:41:35,288 - INFO - Spaced k-mers                          	1

2024-08-08 21:41:35,288 - INFO - Spaced k-mer pattern                   	

2024-08-08 21:41:35,288 - INFO - Local temporary path                   	

2024-08-08 21:41:35,288 - INFO - Rescore mode                           	0

2024-08-08 21:41:35,288 - INFO - Remove hits by seq. id. and coverage   	false

2024-08-08 21:41:35,288 - INFO - Sort results                           	0

2024-08-08 21:41:35,288 - INFO - Mask profile                           	1

2024-08-08 21:41:35,288 - INFO - Profile E-value threshold              	0.1

2024-08-08 21:41:35,288 - INFO - Global sequence weighting              	false

2024-08-08 21:41:35,288 - INFO - Allow deletions                        	false

2024-08-08 21:41:35,288 - INFO - Filter MSA                             	1

2024-08-08 21:41:35,288 - INFO - Maximum seq. id. threshold             	0.9

2024-08-08 21:41:35,288 - INFO - Minimum seq. id.                       	0

2024-08-08 21:41:35,288 - INFO - Minimum score per column               	-20

2024-08-08 21:41:35,288 - INFO - Minimum coverage                       	0

2024-08-08 21:41:35,289 - INFO - Select N most diverse seqs             	1000

2024-08-08 21:41:35,289 - INFO - Min codons in orf                      	30

2024-08-08 21:41:35,289 - INFO - Max codons in length                   	32734

2024-08-08 21:41:35,289 - INFO - Max orf gaps                           	2147483647

2024-08-08 21:41:35,289 - INFO - Contig start mode                      	2

2024-08-08 21:41:35,289 - INFO - Contig end mode                        	2

2024-08-08 21:41:35,289 - INFO - Orf start mode                         	1

2024-08-08 21:41:35,289 - INFO - Forward frames                         	1,2,3

2024-08-08 21:41:35,289 - INFO - Reverse frames                         	1,2,3

2024-08-08 21:41:35,289 - INFO - Translation table                      	1

2024-08-08 21:41:35,289 - INFO - Translate orf                          	0

2024-08-08 21:41:35,289 - INFO - Use all table starts                   	false

2024-08-08 21:41:35,289 - INFO - Offset of numeric ids                  	0

2024-08-08 21:41:35,289 - INFO - Create lookup                          	0

2024-08-08 21:41:35,289 - INFO - Add orf stop                           	false

2024-08-08 21:41:35,289 - INFO - Overlap between sequences              	0

2024-08-08 21:41:35,289 - INFO - Sequence split mode                    	1

2024-08-08 21:41:35,289 - INFO - Header split mode                      	0

2024-08-08 21:41:35,289 - INFO - Chain overlapping alignments           	0

2024-08-08 21:41:35,289 - INFO - Merge query                            	1

2024-08-08 21:41:35,289 - INFO - Search type                            	0

2024-08-08 21:41:35,289 - INFO - Search iterations                      	1

2024-08-08 21:41:35,289 - INFO - Start sensitivity                      	4

2024-08-08 21:41:35,290 - INFO - Search steps                           	1

2024-08-08 21:41:35,290 - INFO - Exhaustive search mode                 	false

2024-08-08 21:41:35,290 - INFO - Filter results during exhaustive search	0

2024-08-08 21:41:35,290 - INFO - Strand selection                       	1

2024-08-08 21:41:35,290 - INFO - LCA search mode                        	false

2024-08-08 21:41:35,290 - INFO - Disk space limit                       	0

2024-08-08 21:41:35,290 - INFO - MPI runner                             	

2024-08-08 21:41:35,290 - INFO - Force restart with latest tmp          	false

2024-08-08 21:41:35,290 - INFO - Remove temporary files                 	false

2024-08-08 21:41:35,290 - INFO - 

2024-08-08 21:41:35,458 - INFO - prefilter /data/yangy34/database/pharokka/vfdb phage_pharokka/GCA_015343595.1_1094|3-1704/vfdb_target_dir/target_seqs phage_pharokka/GCA_015343595.1_1094|3-1704/vfdb_tmp_dir//16841290372245356977/pref_0 --sub-mat nucl:nucleotide.out,aa:blosum62.out --seed-sub-mat nucl:nucleotide.out,aa:VTML80.out -k 0 --k-score 2147483647 --alph-size nucl:5,aa:21 --max-seq-len 65535 --max-seqs 300 --split 0 --split-mode 2 --split-memory-limit 0 -c 0.4 --cov-mode 0 --comp-bias-corr 1 --diag-score 1 --exact-kmer-matching 0 --mask 1 --mask-lower-case 0 --min-ungapped-score 15 --add-self-matches 0 --spaced-kmer-mode 1 --db-load-mode 0 --pca 1 --pcb 1.5 --threads 32 --compressed 0 -v 3 -s 8.5 

2024-08-08 21:41:35,458 - INFO - 

2024-08-08 21:41:35,458 - INFO - Query database size: 27504 type: Aminoacid

2024-08-08 21:41:35,458 - INFO - Estimated memory consumption: 977M

2024-08-08 21:41:35,458 - INFO - Target database size: 3 type: Aminoacid

2024-08-08 21:41:35,458 - INFO - Index table k-mer threshold: 87 at k-mer size 6 

2024-08-08 21:41:35,458 - INFO - Index table: counting k-mers

2024-08-08 21:41:35,594 - INFO - [=================================================================] 3 0s 6ms

2024-08-08 21:41:35,594 - INFO - Index table: Masked residues: 0

2024-08-08 21:41:35,594 - INFO - Index table: fill

2024-08-08 21:41:36,877 - INFO - [=================================================================] 3 0s 1ms

2024-08-08 21:41:36,877 - INFO - Index statistics

2024-08-08 21:41:36,877 - INFO - Entries:          521

2024-08-08 21:41:36,877 - INFO - DB size:          488 MB

2024-08-08 21:41:36,877 - INFO - Avg k-mer size:   0.000008

2024-08-08 21:41:36,877 - INFO - Top 10 k-mers

2024-08-08 21:41:36,877 - INFO -     YATDAA	1

2024-08-08 21:41:36,877 - INFO -     QFRIAA	1

2024-08-08 21:41:36,878 - INFO -     SAAKAA	1

2024-08-08 21:41:36,878 - INFO -     VDPSAA	1

2024-08-08 21:41:36,878 - INFO -     VPSLCA	1

2024-08-08 21:41:36,878 - INFO -     KIIKEA	1

2024-08-08 21:41:36,878 - INFO -     AIDLEA	1

2024-08-08 21:41:36,878 - INFO -     DIDQEA	1

2024-08-08 21:41:36,878 - INFO -     EGPSEA	1

2024-08-08 21:41:36,878 - INFO -     TRPWEA	1

2024-08-08 21:41:36,878 - INFO - Time for index table init: 0h 0m 0s 431ms

2024-08-08 21:41:36,878 - INFO - Process prefiltering step 1 of 1

2024-08-08 21:41:36,878 - INFO - 

2024-08-08 21:41:36,878 - INFO - k-mer similarity threshold: 87

2024-08-08 21:41:36,879 - INFO - Starting prefiltering scores calculation (step 1 of 1)

2024-08-08 21:41:36,879 - INFO - Query db start 1 to 27504

2024-08-08 21:41:36,879 - INFO - Target db start 1 to 3

2024-08-08 21:42:39,224 - INFO - [=================================================================] 27.50K 1m 2s 929ms

2024-08-08 21:42:39,224 - INFO - 

2024-08-08 21:42:39,224 - INFO - 3159.764157 k-mers per position

2024-08-08 21:42:39,224 - INFO - 14 DB matches per sequence

2024-08-08 21:42:39,224 - INFO - 0 overflows

2024-08-08 21:42:39,225 - INFO - 0 queries produce too many hits (truncated result)

2024-08-08 21:42:39,225 - INFO - 0 sequences passed prefiltering per query sequence

2024-08-08 21:42:39,225 - INFO - 0 median result list length

2024-08-08 21:42:39,225 - INFO - 20618 sequences with 0 size result lists

2024-08-08 21:42:39,225 - INFO - Time for merging to pref_0: 0h 0m 0s 64ms

2024-08-08 21:42:39,225 - INFO - Time for processing: 0h 1m 3s 930ms

2024-08-08 21:42:39,461 - INFO - align /data/yangy34/database/pharokka/vfdb phage_pharokka/GCA_015343595.1_1094|3-1704/vfdb_target_dir/target_seqs phage_pharokka/GCA_015343595.1_1094|3-1704/vfdb_tmp_dir//16841290372245356977/pref_0 phage_pharokka/GCA_015343595.1_1094|3-1704/vfdb/results_vfdb --sub-mat nucl:nucleotide.out,aa:blosum62.out -a 0 --alignment-mode 2 --alignment-output-mode 0 --wrapped-scoring 0 -e 0.001 --min-seq-id 0.8 --min-aln-len 0 --seq-id-mode 0 --alt-ali 0 -c 0.4 --cov-mode 0 --max-seq-len 65535 --comp-bias-corr 1 --max-rejected 2147483647 --max-accept 2147483647 --add-self-matches 0 --db-load-mode 0 --pca 1 --pcb 1.5 --score-bias 0 --realign 0 --realign-score-bias -0.2 --realign-max-seqs 2147483647 --gap-open nucl:5,aa:11 --gap-extend nucl:2,aa:1 --zdrop 40 --threads 32 --compressed 0 -v 3 

2024-08-08 21:42:39,461 - INFO - 

2024-08-08 21:42:39,461 - INFO - Compute score and coverage

2024-08-08 21:42:39,461 - INFO - Query database size: 27504 type: Aminoacid

2024-08-08 21:42:39,461 - INFO - Target database size: 3 type: Aminoacid

2024-08-08 21:42:39,461 - INFO - Calculation of alignments

2024-08-08 21:42:39,586 - INFO - [=================================================================] 27.50K 0s 125ms

2024-08-08 21:42:39,587 - INFO - Time for merging to results_vfdb: 0h 0m 0s 64ms

2024-08-08 21:42:39,587 - INFO - 4107 alignments calculated

2024-08-08 21:42:39,587 - INFO - 0 sequence pairs passed the thresholds (0.000000 of overall calculated)

2024-08-08 21:42:39,587 - INFO - 0.000000 hits per query sequence

2024-08-08 21:42:39,587 - INFO - Time for processing: 0h 0m 0s 328ms

2024-08-08 21:42:39,963 - INFO - createtsv /data/yangy34/database/pharokka/vfdb phage_pharokka/GCA_015343595.1_1094|3-1704/vfdb_target_dir/target_seqs phage_pharokka/GCA_015343595.1_1094|3-1704/vfdb/results_vfdb phage_pharokka/GCA_015343595.1_1094|3-1704/vfdb_results.tsv --full-header --threads 32 

2024-08-08 21:42:39,963 - INFO - 

2024-08-08 21:42:39,963 - INFO - MMseqs Version:                 	13.45111

2024-08-08 21:42:39,963 - INFO - First sequence as representative	false

2024-08-08 21:42:39,963 - INFO - Target column                   	1

2024-08-08 21:42:39,963 - INFO - Add full header                 	true

2024-08-08 21:42:39,963 - INFO - Sequence source                 	0

2024-08-08 21:42:39,963 - INFO - Database output                 	false

2024-08-08 21:42:39,963 - INFO - Threads                         	32

2024-08-08 21:42:39,963 - INFO - Compressed                      	0

2024-08-08 21:42:39,963 - INFO - Verbosity                       	3

2024-08-08 21:42:39,964 - INFO - 

2024-08-08 21:42:39,964 - INFO - Time for merging to vfdb_results.tsv: 0h 0m 0s 89ms

2024-08-08 21:42:39,964 - INFO - Time for processing: 0h 0m 0s 335ms

2024-08-08 21:42:40,002 - INFO - Post Processing Output.
2024-08-08 21:42:40,330 - INFO - Converting gff to genbank.
2024-08-08 21:42:40,352 - WARNING - /gpfs/gsfs12/users/yangy34/softwares/mambaforge/envs/pharokka-env/lib/python3.10/site-packages/Bio/SeqIO/InsdcIO.py:728: BiopythonWarning: Increasing length of locus line to allow long name. This will result in fields that are not in usual positions.
  warnings.warn(

2024-08-08 21:42:40,369 - INFO - Finding the closest match for each contig in INPHARED using mash.
2024-08-08 21:42:40,438 - INFO - Sketching GCA_015343595.1_53_phages/GCA_015343595.1_1094_3_1704_prophage.fasta...

2024-08-08 21:42:40,442 - INFO - Writing to phage_pharokka/GCA_015343595.1_1094|3-1704/input_mash_sketch.msh...

2024-08-08 21:42:42,220 - INFO - pharokka has finished
2024-08-08 21:42:42,221 - INFO - Elapsed time: 144.22 seconds
2024-08-08 21:42:42,221 - INFO - If you use pharokka in your research, please cite:
2024-08-08 21:42:42,221 - INFO - George Bouras, Roshan Nepal, Ghais Houtak, Alkis James Psaltis, Peter-John Wormald, Sarah Vreugde.
2024-08-08 21:42:42,221 - INFO - Pharokka: a fast scalable bacteriophage annotation tool.
2024-08-08 21:42:42,221 - INFO - Bioinformatics, Volume 39, Issue 1, January 2023, btac776.
2024-08-08 21:42:42,221 - INFO - https://doi.org/10.1093/bioinformatics/btac776.
2024-08-08 21:42:42,221 - INFO - You should also cite the full list of tools pharokka uses, which can be found at https://github.com/gbouras13/pharokka#citation.
