2024-08-08 22:13:59,257 - INFO - Starting pharokka v1.3.2
2024-08-08 22:13:59,258 - INFO - Input args: Namespace(infile='GCA_015343595.1_53_phages/GCA_015343595.1_1131_2_5613_prophage.fasta', outdir='phage_pharokka/GCA_015343595.1_1131|2-5613', database='/data/yangy34/database/pharokka', threads='32', force=False, prefix='Default', locustag='Default', gene_predictor='phanotate', meta=False, split=False, coding_table='11', evalue='1E-05', terminase=False, terminase_strand='nothing', terminase_start='nothing', citation=False)
2024-08-08 22:13:59,258 - INFO - Checking database installation.
2024-08-08 22:13:59,297 - INFO - All databases have been successfully checked.
2024-08-08 22:13:59,297 - INFO - Checking dependencies.
2024-08-08 22:14:00,336 - INFO - phan_out version found is v1.5.1.
2024-08-08 22:14:00,336 - INFO - Phanotate version is ok.
2024-08-08 22:14:00,407 - INFO - MMseqs2 version found is v13.45111.
2024-08-08 22:14:00,407 - INFO - MMseqs2 version is ok.
2024-08-08 22:14:01,363 - INFO - tRNAscan-SE version found is v2.45111.11.
2024-08-08 22:14:01,363 - INFO - tRNAscan-SE version is ok.
2024-08-08 22:14:01,928 - INFO - MinCED version found is v0.4.2.
2024-08-08 22:14:01,929 - INFO - MinCED version is ok.
2024-08-08 22:14:01,949 - INFO - ARAGORN version found is v1.2.41.
2024-08-08 22:14:01,949 - INFO - ARAGORN version is ok.
2024-08-08 22:14:02,013 - INFO - mash version found is v2.2.
2024-08-08 22:14:02,013 - INFO - mash version is ok.
2024-08-08 22:14:02,228 - INFO - Running Phanotate.
2024-08-08 22:14:05,430 - INFO - Translating gene predicted fastas.
2024-08-08 22:14:05,455 - INFO - Starting tRNA-scanSE
2024-08-08 22:14:05,591 - INFO - 

2024-08-08 22:14:05,591 - INFO - tRNAscan-SE v.2.0.11 (Oct 2022) - scan sequences for transfer RNAs

2024-08-08 22:14:05,591 - INFO - Copyright (C) 2022 Patricia Chan and Todd Lowe

2024-08-08 22:14:05,591 - INFO -                    University of California Santa Cruz

2024-08-08 22:14:05,591 - INFO - Freely distributed under the GNU General Public License (GPLv3)

2024-08-08 22:14:05,591 - INFO - 

2024-08-08 22:14:05,591 - INFO - ------------------------------------------------------------

2024-08-08 22:14:05,591 - INFO - Sequence file(s) to search:        GCA_015343595.1_53_phages/GCA_015343595.1_1131_2_5613_prophage.fasta

2024-08-08 22:14:05,592 - INFO - Search Mode:                       General

2024-08-08 22:14:05,592 - INFO - Results written to:                Standard output

2024-08-08 22:14:05,592 - INFO - Output format:                     Tabular

2024-08-08 22:14:05,592 - INFO - Searching with:                    Infernal single-pass scan

2024-08-08 22:14:05,592 - INFO -                                    Fast mode

2024-08-08 22:14:05,592 - INFO - Covariance model:                  /gpfs/gsfs12/users/yangy34/softwares/mambaforge/envs/pharokka-env/lib/tRNAscan-SE/models/TRNAinf.cm

2024-08-08 22:14:05,592 - INFO - 

2024-08-08 22:14:05,592 - INFO - Temporary directory:               /tmp

2024-08-08 22:14:05,592 - INFO - tRNA predictions saved to:         phage_pharokka/GCA_015343595.1_1131|2-5613/trnascan_out.gff

2024-08-08 22:14:05,592 - INFO - ------------------------------------------------------------

2024-08-08 22:14:05,592 - INFO - 

2024-08-08 22:14:05,713 - INFO - No tRNAs found.

2024-08-08 22:14:05,713 - INFO - 

2024-08-08 22:14:05,726 - INFO - Running MinCED.
2024-08-08 22:14:05,966 - INFO - Running Aragorn.
2024-08-08 22:14:05,971 - INFO - Starting MMseqs2.
2024-08-08 22:14:05,971 - INFO - Running MMseqs2 on PHROGs Database.
2024-08-08 22:14:06,250 - INFO - createdb phage_pharokka/GCA_015343595.1_1131|2-5613/phanotate_aas_tmp.fasta phage_pharokka/GCA_015343595.1_1131|2-5613/target_dir/target_seqs 

2024-08-08 22:14:06,250 - INFO - 

2024-08-08 22:14:06,251 - INFO - MMseqs Version:       	13.45111

2024-08-08 22:14:06,251 - INFO - Database type         	0

2024-08-08 22:14:06,251 - INFO - Shuffle input database	true

2024-08-08 22:14:06,253 - INFO - Createdb mode         	0

2024-08-08 22:14:06,253 - INFO - Write lookup file     	1

2024-08-08 22:14:06,253 - INFO - Offset of numeric ids 	0

2024-08-08 22:14:06,253 - INFO - Compressed            	0

2024-08-08 22:14:06,253 - INFO - Verbosity             	3

2024-08-08 22:14:06,253 - INFO - 

2024-08-08 22:14:06,253 - INFO - Converting sequences

2024-08-08 22:14:06,253 - INFO - [

2024-08-08 22:14:06,253 - INFO - Time for merging to target_seqs_h: 0h 0m 0s 25ms

2024-08-08 22:14:06,253 - INFO - Time for merging to target_seqs: 0h 0m 0s 24ms

2024-08-08 22:14:06,253 - INFO - Database type: Aminoacid

2024-08-08 22:14:06,253 - INFO - Time for processing: 0h 0m 0s 271ms

2024-08-08 22:14:06,262 - INFO - Create directory phage_pharokka/GCA_015343595.1_1131|2-5613/tmp_dir/

2024-08-08 22:14:06,262 - INFO - search -e 1E-05 /data/yangy34/database/pharokka/phrogs_profile_db phage_pharokka/GCA_015343595.1_1131|2-5613/target_dir/target_seqs phage_pharokka/GCA_015343595.1_1131|2-5613/mmseqs/results_mmseqs phage_pharokka/GCA_015343595.1_1131|2-5613/tmp_dir/ -s 8.5 --threads 32 

2024-08-08 22:14:06,262 - INFO - 

2024-08-08 22:14:06,262 - INFO - MMseqs Version:                        	13.45111

2024-08-08 22:14:06,262 - INFO - Substitution matrix                    	nucl:nucleotide.out,aa:blosum62.out

2024-08-08 22:14:06,262 - INFO - Add backtrace                          	false

2024-08-08 22:14:06,262 - INFO - Alignment mode                         	2

2024-08-08 22:14:06,262 - INFO - Alignment mode                         	0

2024-08-08 22:14:06,262 - INFO - Allow wrapped scoring                  	false

2024-08-08 22:14:06,262 - INFO - E-value threshold                      	1e-05

2024-08-08 22:14:06,262 - INFO - Seq. id. threshold                     	0

2024-08-08 22:14:06,262 - INFO - Min alignment length                   	0

2024-08-08 22:14:06,263 - INFO - Seq. id. mode                          	0

2024-08-08 22:14:06,263 - INFO - Alternative alignments                 	0

2024-08-08 22:14:06,263 - INFO - Coverage threshold                     	0

2024-08-08 22:14:06,263 - INFO - Coverage mode                          	0

2024-08-08 22:14:06,263 - INFO - Max sequence length                    	65535

2024-08-08 22:14:06,263 - INFO - Compositional bias                     	1

2024-08-08 22:14:06,263 - INFO - Max reject                             	2147483647

2024-08-08 22:14:06,263 - INFO - Max accept                             	2147483647

2024-08-08 22:14:06,263 - INFO - Include identical seq. id.             	false

2024-08-08 22:14:06,263 - INFO - Preload mode                           	0

2024-08-08 22:14:06,263 - INFO - Pseudo count a                         	1

2024-08-08 22:14:06,263 - INFO - Pseudo count b                         	1.5

2024-08-08 22:14:06,263 - INFO - Score bias                             	0

2024-08-08 22:14:06,263 - INFO - Realign hits                           	false

2024-08-08 22:14:06,263 - INFO - Realign score bias                     	-0.2

2024-08-08 22:14:06,263 - INFO - Realign max seqs                       	2147483647

2024-08-08 22:14:06,263 - INFO - Gap open cost                          	nucl:5,aa:11

2024-08-08 22:14:06,263 - INFO - Gap extension cost                     	nucl:2,aa:1

2024-08-08 22:14:06,263 - INFO - Zdrop                                  	40

2024-08-08 22:14:06,263 - INFO - Threads                                	32

2024-08-08 22:14:06,263 - INFO - Compressed                             	0

2024-08-08 22:14:06,263 - INFO - Verbosity                              	3

2024-08-08 22:14:06,263 - INFO - Seed substitution matrix               	nucl:nucleotide.out,aa:VTML80.out

2024-08-08 22:14:06,263 - INFO - Sensitivity                            	8.5

2024-08-08 22:14:06,263 - INFO - k-mer length                           	0

2024-08-08 22:14:06,264 - INFO - k-score                                	2147483647

2024-08-08 22:14:06,264 - INFO - Alphabet size                          	nucl:5,aa:21

2024-08-08 22:14:06,264 - INFO - Max results per query                  	300

2024-08-08 22:14:06,264 - INFO - Split database                         	0

2024-08-08 22:14:06,264 - INFO - Split mode                             	2

2024-08-08 22:14:06,264 - INFO - Split memory limit                     	0

2024-08-08 22:14:06,264 - INFO - Diagonal scoring                       	true

2024-08-08 22:14:06,264 - INFO - Exact k-mer matching                   	0

2024-08-08 22:14:06,264 - INFO - Mask residues                          	1

2024-08-08 22:14:06,264 - INFO - Mask lower case residues               	0

2024-08-08 22:14:06,264 - INFO - Minimum diagonal score                 	15

2024-08-08 22:14:06,264 - INFO - Spaced k-mers                          	1

2024-08-08 22:14:06,264 - INFO - Spaced k-mer pattern                   	

2024-08-08 22:14:06,264 - INFO - Local temporary path                   	

2024-08-08 22:14:06,264 - INFO - Rescore mode                           	0

2024-08-08 22:14:06,264 - INFO - Remove hits by seq. id. and coverage   	false

2024-08-08 22:14:06,264 - INFO - Sort results                           	0

2024-08-08 22:14:06,264 - INFO - Mask profile                           	1

2024-08-08 22:14:06,264 - INFO - Profile E-value threshold              	0.1

2024-08-08 22:14:06,264 - INFO - Global sequence weighting              	false

2024-08-08 22:14:06,264 - INFO - Allow deletions                        	false

2024-08-08 22:14:06,264 - INFO - Filter MSA                             	1

2024-08-08 22:14:06,264 - INFO - Maximum seq. id. threshold             	0.9

2024-08-08 22:14:06,265 - INFO - Minimum seq. id.                       	0

2024-08-08 22:14:06,265 - INFO - Minimum score per column               	-20

2024-08-08 22:14:06,265 - INFO - Minimum coverage                       	0

2024-08-08 22:14:06,265 - INFO - Select N most diverse seqs             	1000

2024-08-08 22:14:06,265 - INFO - Min codons in orf                      	30

2024-08-08 22:14:06,265 - INFO - Max codons in length                   	32734

2024-08-08 22:14:06,265 - INFO - Max orf gaps                           	2147483647

2024-08-08 22:14:06,265 - INFO - Contig start mode                      	2

2024-08-08 22:14:06,265 - INFO - Contig end mode                        	2

2024-08-08 22:14:06,265 - INFO - Orf start mode                         	1

2024-08-08 22:14:06,265 - INFO - Forward frames                         	1,2,3

2024-08-08 22:14:06,265 - INFO - Reverse frames                         	1,2,3

2024-08-08 22:14:06,265 - INFO - Translation table                      	1

2024-08-08 22:14:06,265 - INFO - Translate orf                          	0

2024-08-08 22:14:06,265 - INFO - Use all table starts                   	false

2024-08-08 22:14:06,265 - INFO - Offset of numeric ids                  	0

2024-08-08 22:14:06,265 - INFO - Create lookup                          	0

2024-08-08 22:14:06,265 - INFO - Add orf stop                           	false

2024-08-08 22:14:06,265 - INFO - Overlap between sequences              	0

2024-08-08 22:14:06,265 - INFO - Sequence split mode                    	1

2024-08-08 22:14:06,265 - INFO - Header split mode                      	0

2024-08-08 22:14:06,265 - INFO - Chain overlapping alignments           	0

2024-08-08 22:14:06,265 - INFO - Merge query                            	1

2024-08-08 22:14:06,265 - INFO - Search type                            	0

2024-08-08 22:14:06,265 - INFO - Search iterations                      	1

2024-08-08 22:14:06,266 - INFO - Start sensitivity                      	4

2024-08-08 22:14:06,266 - INFO - Search steps                           	1

2024-08-08 22:14:06,266 - INFO - Exhaustive search mode                 	false

2024-08-08 22:14:06,266 - INFO - Filter results during exhaustive search	0

2024-08-08 22:14:06,266 - INFO - Strand selection                       	1

2024-08-08 22:14:06,266 - INFO - LCA search mode                        	false

2024-08-08 22:14:06,266 - INFO - Disk space limit                       	0

2024-08-08 22:14:06,266 - INFO - MPI runner                             	

2024-08-08 22:14:06,266 - INFO - Force restart with latest tmp          	false

2024-08-08 22:14:06,266 - INFO - Remove temporary files                 	false

2024-08-08 22:14:06,266 - INFO - 

2024-08-08 22:14:06,440 - INFO - prefilter /data/yangy34/database/pharokka/phrogs_profile_db phage_pharokka/GCA_015343595.1_1131|2-5613/target_dir/target_seqs phage_pharokka/GCA_015343595.1_1131|2-5613/tmp_dir//7072125381615396272/pref_0 --sub-mat nucl:nucleotide.out,aa:blosum62.out --seed-sub-mat nucl:nucleotide.out,aa:VTML80.out -k 0 --k-score 2147483647 --alph-size nucl:5,aa:21 --max-seq-len 65535 --max-seqs 300 --split 0 --split-mode 2 --split-memory-limit 0 -c 0 --cov-mode 0 --comp-bias-corr 1 --diag-score 1 --exact-kmer-matching 0 --mask 1 --mask-lower-case 0 --min-ungapped-score 15 --add-self-matches 0 --spaced-kmer-mode 1 --db-load-mode 0 --pca 1 --pcb 1.5 --threads 32 --compressed 0 -v 3 -s 8.5 

2024-08-08 22:14:06,440 - INFO - 

2024-08-08 22:14:06,441 - INFO - Query database size: 38880 type: Profile

2024-08-08 22:14:06,441 - INFO - Estimated memory consumption: 488M

2024-08-08 22:14:06,441 - INFO - Target database size: 10 type: Aminoacid

2024-08-08 22:14:06,441 - INFO - Index table k-mer threshold: 0 at k-mer size 6 

2024-08-08 22:14:06,441 - INFO - Index table: counting k-mers

2024-08-08 22:14:06,566 - INFO - [=================================================================] 10 0s 2ms

2024-08-08 22:14:06,566 - INFO - Index table: Masked residues: 0

2024-08-08 22:14:06,566 - INFO - Index table: fill

2024-08-08 22:14:07,740 - INFO - [=================================================================] 10 0s 2ms

2024-08-08 22:14:07,740 - INFO - Index statistics

2024-08-08 22:14:07,740 - INFO - Entries:          1688

2024-08-08 22:14:07,740 - INFO - DB size:          488 MB

2024-08-08 22:14:07,740 - INFO - Avg k-mer size:   0.000026

2024-08-08 22:14:07,740 - INFO - Top 10 k-mers

2024-08-08 22:14:07,740 - INFO -     PFMCAA	1

2024-08-08 22:14:07,740 - INFO -     PYEEAA	1

2024-08-08 22:14:07,741 - INFO -     ECIIAA	1

2024-08-08 22:14:07,741 - INFO -     VRGRAA	1

2024-08-08 22:14:07,741 - INFO -     YIKSAA	1

2024-08-08 22:14:07,741 - INFO -     QKLSAA	1

2024-08-08 22:14:07,741 - INFO -     IRKVAA	1

2024-08-08 22:14:07,741 - INFO -     GACYAA	1

2024-08-08 22:14:07,741 - INFO -     VDTACA	1

2024-08-08 22:14:07,741 - INFO -     VDKCCA	1

2024-08-08 22:14:07,741 - INFO - Time for index table init: 0h 0m 0s 420ms

2024-08-08 22:14:07,741 - INFO - Process prefiltering step 1 of 1

2024-08-08 22:14:07,741 - INFO - 

2024-08-08 22:14:07,741 - INFO - k-mer similarity threshold: 81

2024-08-08 22:14:07,741 - INFO - Starting prefiltering scores calculation (step 1 of 1)

2024-08-08 22:14:07,741 - INFO - Query db start 1 to 38880

2024-08-08 22:14:07,741 - INFO - Target db start 1 to 10

2024-08-08 22:15:11,630 - INFO - [=================================================================] 38.88K 1m 4s 688ms

2024-08-08 22:15:11,630 - INFO - 

2024-08-08 22:15:11,630 - INFO - 5386.328443 k-mers per position

2024-08-08 22:15:11,630 - INFO - 24 DB matches per sequence

2024-08-08 22:15:11,630 - INFO - 0 overflows

2024-08-08 22:15:11,630 - INFO - 0 queries produce too many hits (truncated result)

2024-08-08 22:15:11,630 - INFO - 0 sequences passed prefiltering per query sequence

2024-08-08 22:15:11,630 - INFO - 0 median result list length

2024-08-08 22:15:11,630 - INFO - 23540 sequences with 0 size result lists

2024-08-08 22:15:11,630 - INFO - Time for merging to pref_0: 0h 0m 0s 23ms

2024-08-08 22:15:11,631 - INFO - Time for processing: 0h 1m 5s 359ms

2024-08-08 22:15:11,730 - INFO - align /data/yangy34/database/pharokka/phrogs_profile_db phage_pharokka/GCA_015343595.1_1131|2-5613/target_dir/target_seqs phage_pharokka/GCA_015343595.1_1131|2-5613/tmp_dir//7072125381615396272/pref_0 phage_pharokka/GCA_015343595.1_1131|2-5613/mmseqs/results_mmseqs --sub-mat nucl:nucleotide.out,aa:blosum62.out -a 0 --alignment-mode 2 --alignment-output-mode 0 --wrapped-scoring 0 -e 1e-05 --min-seq-id 0 --min-aln-len 0 --seq-id-mode 0 --alt-ali 0 -c 0 --cov-mode 0 --max-seq-len 65535 --comp-bias-corr 1 --max-rejected 2147483647 --max-accept 2147483647 --add-self-matches 0 --db-load-mode 0 --pca 1 --pcb 1.5 --score-bias 0 --realign 0 --realign-score-bias -0.2 --realign-max-seqs 2147483647 --gap-open nucl:5,aa:11 --gap-extend nucl:2,aa:1 --zdrop 40 --threads 32 --compressed 0 -v 3 

2024-08-08 22:15:11,730 - INFO - 

2024-08-08 22:15:11,730 - INFO - Compute score and coverage

2024-08-08 22:15:11,730 - INFO - Query database size: 38880 type: Profile

2024-08-08 22:15:11,730 - INFO - Target database size: 10 type: Aminoacid

2024-08-08 22:15:11,730 - INFO - Calculation of alignments

2024-08-08 22:15:12,101 - INFO - [=================================================================] 38.88K 0s 370ms

2024-08-08 22:15:12,101 - INFO - Time for merging to results_mmseqs: 0h 0m 0s 20ms

2024-08-08 22:15:12,102 - INFO - 22841 alignments calculated

2024-08-08 22:15:12,102 - INFO - 37 sequence pairs passed the thresholds (0.001620 of overall calculated)

2024-08-08 22:15:12,102 - INFO - 0.000952 hits per query sequence

2024-08-08 22:15:12,102 - INFO - Time for processing: 0h 0m 0s 465ms

2024-08-08 22:15:12,235 - INFO - createtsv /data/yangy34/database/pharokka/phrogs_profile_db phage_pharokka/GCA_015343595.1_1131|2-5613/target_dir/target_seqs phage_pharokka/GCA_015343595.1_1131|2-5613/mmseqs/results_mmseqs phage_pharokka/GCA_015343595.1_1131|2-5613/mmseqs_results.tsv --full-header --threads 32 

2024-08-08 22:15:12,236 - INFO - 

2024-08-08 22:15:12,236 - INFO - MMseqs Version:                 	13.45111

2024-08-08 22:15:12,236 - INFO - First sequence as representative	false

2024-08-08 22:15:12,236 - INFO - Target column                   	1

2024-08-08 22:15:12,236 - INFO - Add full header                 	true

2024-08-08 22:15:12,236 - INFO - Sequence source                 	0

2024-08-08 22:15:12,236 - INFO - Database output                 	false

2024-08-08 22:15:12,236 - INFO - Threads                         	32

2024-08-08 22:15:12,236 - INFO - Compressed                      	0

2024-08-08 22:15:12,236 - INFO - Verbosity                       	3

2024-08-08 22:15:12,236 - INFO - 

2024-08-08 22:15:12,236 - INFO - Time for merging to mmseqs_results.tsv: 0h 0m 0s 27ms

2024-08-08 22:15:12,236 - INFO - Time for processing: 0h 0m 0s 125ms

2024-08-08 22:15:12,259 - INFO - Running mmseqs2 on CARD.
2024-08-08 22:15:12,418 - INFO - createdb phage_pharokka/GCA_015343595.1_1131|2-5613/phanotate_aas_tmp.fasta phage_pharokka/GCA_015343595.1_1131|2-5613/CARD_target_dir/target_seqs 

2024-08-08 22:15:12,418 - INFO - 

2024-08-08 22:15:12,418 - INFO - MMseqs Version:       	13.45111

2024-08-08 22:15:12,418 - INFO - Database type         	0

2024-08-08 22:15:12,418 - INFO - Shuffle input database	true

2024-08-08 22:15:12,418 - INFO - Createdb mode         	0

2024-08-08 22:15:12,418 - INFO - Write lookup file     	1

2024-08-08 22:15:12,418 - INFO - Offset of numeric ids 	0

2024-08-08 22:15:12,418 - INFO - Compressed            	0

2024-08-08 22:15:12,419 - INFO - Verbosity             	3

2024-08-08 22:15:12,419 - INFO - 

2024-08-08 22:15:12,419 - INFO - Converting sequences

2024-08-08 22:15:12,419 - INFO - [

2024-08-08 22:15:12,419 - INFO - Time for merging to target_seqs_h: 0h 0m 0s 8ms

2024-08-08 22:15:12,419 - INFO - Time for merging to target_seqs: 0h 0m 0s 22ms

2024-08-08 22:15:12,419 - INFO - Database type: Aminoacid

2024-08-08 22:15:12,419 - INFO - Time for processing: 0h 0m 0s 154ms

2024-08-08 22:15:12,427 - INFO - Create directory phage_pharokka/GCA_015343595.1_1131|2-5613/CARD_tmp_dir/

2024-08-08 22:15:12,427 - INFO - search --min-seq-id 0.8 -c 0.4 /data/yangy34/database/pharokka/CARD phage_pharokka/GCA_015343595.1_1131|2-5613/CARD_target_dir/target_seqs phage_pharokka/GCA_015343595.1_1131|2-5613/CARD/results_CARD phage_pharokka/GCA_015343595.1_1131|2-5613/CARD_tmp_dir/ -s 8.5 --threads 32 

2024-08-08 22:15:12,427 - INFO - 

2024-08-08 22:15:12,427 - INFO - MMseqs Version:                        	13.45111

2024-08-08 22:15:12,427 - INFO - Substitution matrix                    	nucl:nucleotide.out,aa:blosum62.out

2024-08-08 22:15:12,427 - INFO - Add backtrace                          	false

2024-08-08 22:15:12,427 - INFO - Alignment mode                         	2

2024-08-08 22:15:12,427 - INFO - Alignment mode                         	0

2024-08-08 22:15:12,427 - INFO - Allow wrapped scoring                  	false

2024-08-08 22:15:12,427 - INFO - E-value threshold                      	0.001

2024-08-08 22:15:12,427 - INFO - Seq. id. threshold                     	0.8

2024-08-08 22:15:12,427 - INFO - Min alignment length                   	0

2024-08-08 22:15:12,427 - INFO - Seq. id. mode                          	0

2024-08-08 22:15:12,427 - INFO - Alternative alignments                 	0

2024-08-08 22:15:12,427 - INFO - Coverage threshold                     	0.4

2024-08-08 22:15:12,427 - INFO - Coverage mode                          	0

2024-08-08 22:15:12,427 - INFO - Max sequence length                    	65535

2024-08-08 22:15:12,427 - INFO - Compositional bias                     	1

2024-08-08 22:15:12,427 - INFO - Max reject                             	2147483647

2024-08-08 22:15:12,427 - INFO - Max accept                             	2147483647

2024-08-08 22:15:12,427 - INFO - Include identical seq. id.             	false

2024-08-08 22:15:12,428 - INFO - Preload mode                           	0

2024-08-08 22:15:12,428 - INFO - Pseudo count a                         	1

2024-08-08 22:15:12,428 - INFO - Pseudo count b                         	1.5

2024-08-08 22:15:12,428 - INFO - Score bias                             	0

2024-08-08 22:15:12,428 - INFO - Realign hits                           	false

2024-08-08 22:15:12,428 - INFO - Realign score bias                     	-0.2

2024-08-08 22:15:12,428 - INFO - Realign max seqs                       	2147483647

2024-08-08 22:15:12,428 - INFO - Gap open cost                          	nucl:5,aa:11

2024-08-08 22:15:12,428 - INFO - Gap extension cost                     	nucl:2,aa:1

2024-08-08 22:15:12,428 - INFO - Zdrop                                  	40

2024-08-08 22:15:12,428 - INFO - Threads                                	32

2024-08-08 22:15:12,428 - INFO - Compressed                             	0

2024-08-08 22:15:12,428 - INFO - Verbosity                              	3

2024-08-08 22:15:12,428 - INFO - Seed substitution matrix               	nucl:nucleotide.out,aa:VTML80.out

2024-08-08 22:15:12,428 - INFO - Sensitivity                            	8.5

2024-08-08 22:15:12,428 - INFO - k-mer length                           	0

2024-08-08 22:15:12,428 - INFO - k-score                                	2147483647

2024-08-08 22:15:12,428 - INFO - Alphabet size                          	nucl:5,aa:21

2024-08-08 22:15:12,428 - INFO - Max results per query                  	300

2024-08-08 22:15:12,428 - INFO - Split database                         	0

2024-08-08 22:15:12,428 - INFO - Split mode                             	2

2024-08-08 22:15:12,428 - INFO - Split memory limit                     	0

2024-08-08 22:15:12,428 - INFO - Diagonal scoring                       	true

2024-08-08 22:15:12,428 - INFO - Exact k-mer matching                   	0

2024-08-08 22:15:12,428 - INFO - Mask residues                          	1

2024-08-08 22:15:12,428 - INFO - Mask lower case residues               	0

2024-08-08 22:15:12,429 - INFO - Minimum diagonal score                 	15

2024-08-08 22:15:12,429 - INFO - Spaced k-mers                          	1

2024-08-08 22:15:12,429 - INFO - Spaced k-mer pattern                   	

2024-08-08 22:15:12,429 - INFO - Local temporary path                   	

2024-08-08 22:15:12,429 - INFO - Rescore mode                           	0

2024-08-08 22:15:12,429 - INFO - Remove hits by seq. id. and coverage   	false

2024-08-08 22:15:12,429 - INFO - Sort results                           	0

2024-08-08 22:15:12,429 - INFO - Mask profile                           	1

2024-08-08 22:15:12,429 - INFO - Profile E-value threshold              	0.1

2024-08-08 22:15:12,429 - INFO - Global sequence weighting              	false

2024-08-08 22:15:12,429 - INFO - Allow deletions                        	false

2024-08-08 22:15:12,429 - INFO - Filter MSA                             	1

2024-08-08 22:15:12,429 - INFO - Maximum seq. id. threshold             	0.9

2024-08-08 22:15:12,429 - INFO - Minimum seq. id.                       	0

2024-08-08 22:15:12,429 - INFO - Minimum score per column               	-20

2024-08-08 22:15:12,429 - INFO - Minimum coverage                       	0

2024-08-08 22:15:12,429 - INFO - Select N most diverse seqs             	1000

2024-08-08 22:15:12,429 - INFO - Min codons in orf                      	30

2024-08-08 22:15:12,429 - INFO - Max codons in length                   	32734

2024-08-08 22:15:12,429 - INFO - Max orf gaps                           	2147483647

2024-08-08 22:15:12,429 - INFO - Contig start mode                      	2

2024-08-08 22:15:12,429 - INFO - Contig end mode                        	2

2024-08-08 22:15:12,429 - INFO - Orf start mode                         	1

2024-08-08 22:15:12,429 - INFO - Forward frames                         	1,2,3

2024-08-08 22:15:12,429 - INFO - Reverse frames                         	1,2,3

2024-08-08 22:15:12,430 - INFO - Translation table                      	1

2024-08-08 22:15:12,430 - INFO - Translate orf                          	0

2024-08-08 22:15:12,430 - INFO - Use all table starts                   	false

2024-08-08 22:15:12,430 - INFO - Offset of numeric ids                  	0

2024-08-08 22:15:12,430 - INFO - Create lookup                          	0

2024-08-08 22:15:12,430 - INFO - Add orf stop                           	false

2024-08-08 22:15:12,430 - INFO - Overlap between sequences              	0

2024-08-08 22:15:12,430 - INFO - Sequence split mode                    	1

2024-08-08 22:15:12,430 - INFO - Header split mode                      	0

2024-08-08 22:15:12,430 - INFO - Chain overlapping alignments           	0

2024-08-08 22:15:12,430 - INFO - Merge query                            	1

2024-08-08 22:15:12,430 - INFO - Search type                            	0

2024-08-08 22:15:12,430 - INFO - Search iterations                      	1

2024-08-08 22:15:12,430 - INFO - Start sensitivity                      	4

2024-08-08 22:15:12,430 - INFO - Search steps                           	1

2024-08-08 22:15:12,430 - INFO - Exhaustive search mode                 	false

2024-08-08 22:15:12,430 - INFO - Filter results during exhaustive search	0

2024-08-08 22:15:12,430 - INFO - Strand selection                       	1

2024-08-08 22:15:12,430 - INFO - LCA search mode                        	false

2024-08-08 22:15:12,430 - INFO - Disk space limit                       	0

2024-08-08 22:15:12,430 - INFO - MPI runner                             	

2024-08-08 22:15:12,430 - INFO - Force restart with latest tmp          	false

2024-08-08 22:15:12,430 - INFO - Remove temporary files                 	false

2024-08-08 22:15:12,430 - INFO - 

2024-08-08 22:15:12,602 - INFO - prefilter /data/yangy34/database/pharokka/CARD phage_pharokka/GCA_015343595.1_1131|2-5613/CARD_target_dir/target_seqs phage_pharokka/GCA_015343595.1_1131|2-5613/CARD_tmp_dir//7396002422272247005/pref_0 --sub-mat nucl:nucleotide.out,aa:blosum62.out --seed-sub-mat nucl:nucleotide.out,aa:VTML80.out -k 0 --k-score 2147483647 --alph-size nucl:5,aa:21 --max-seq-len 65535 --max-seqs 300 --split 0 --split-mode 2 --split-memory-limit 0 -c 0.4 --cov-mode 0 --comp-bias-corr 1 --diag-score 1 --exact-kmer-matching 0 --mask 1 --mask-lower-case 0 --min-ungapped-score 15 --add-self-matches 0 --spaced-kmer-mode 1 --db-load-mode 0 --pca 1 --pcb 1.5 --threads 32 --compressed 0 -v 3 -s 8.5 

2024-08-08 22:15:12,603 - INFO - 

2024-08-08 22:15:12,603 - INFO - Query database size: 4641 type: Aminoacid

2024-08-08 22:15:12,603 - INFO - Estimated memory consumption: 977M

2024-08-08 22:15:12,603 - INFO - Target database size: 10 type: Aminoacid

2024-08-08 22:15:12,603 - INFO - Index table k-mer threshold: 87 at k-mer size 6 

2024-08-08 22:15:12,603 - INFO - Index table: counting k-mers

2024-08-08 22:15:12,729 - INFO - [=================================================================] 10 0s 4ms

2024-08-08 22:15:12,729 - INFO - Index table: Masked residues: 0

2024-08-08 22:15:12,729 - INFO - Index table: fill

2024-08-08 22:15:13,190 - INFO - [=================================================================] 10 0s 2ms

2024-08-08 22:15:13,190 - INFO - Index statistics

2024-08-08 22:15:13,190 - INFO - Entries:          1688

2024-08-08 22:15:13,191 - INFO - DB size:          488 MB

2024-08-08 22:15:13,191 - INFO - Avg k-mer size:   0.000026

2024-08-08 22:15:13,191 - INFO - Top 10 k-mers

2024-08-08 22:15:13,191 - INFO -     PFMCAA	1

2024-08-08 22:15:13,191 - INFO -     PYEEAA	1

2024-08-08 22:15:13,191 - INFO -     ECIIAA	1

2024-08-08 22:15:13,191 - INFO -     VRGRAA	1

2024-08-08 22:15:13,191 - INFO -     YIKSAA	1

2024-08-08 22:15:13,191 - INFO -     QKLSAA	1

2024-08-08 22:15:13,191 - INFO -     IRKVAA	1

2024-08-08 22:15:13,191 - INFO -     GACYAA	1

2024-08-08 22:15:13,191 - INFO -     VDTACA	1

2024-08-08 22:15:13,191 - INFO -     VDKCCA	1

2024-08-08 22:15:13,191 - INFO - Time for index table init: 0h 0m 0s 424ms

2024-08-08 22:15:13,191 - INFO - Process prefiltering step 1 of 1

2024-08-08 22:15:13,191 - INFO - 

2024-08-08 22:15:13,192 - INFO - k-mer similarity threshold: 87

2024-08-08 22:15:13,192 - INFO - Starting prefiltering scores calculation (step 1 of 1)

2024-08-08 22:15:13,192 - INFO - Query db start 1 to 4641

2024-08-08 22:15:13,192 - INFO - Target db start 1 to 10

2024-08-08 22:15:21,984 - INFO - [=================================================================] 4.64K 8s 838ms

2024-08-08 22:15:21,984 - INFO - 

2024-08-08 22:15:21,984 - INFO - 3883.681631 k-mers per position

2024-08-08 22:15:21,984 - INFO - 37 DB matches per sequence

2024-08-08 22:15:21,984 - INFO - 0 overflows

2024-08-08 22:15:21,984 - INFO - 0 queries produce too many hits (truncated result)

2024-08-08 22:15:21,984 - INFO - 0 sequences passed prefiltering per query sequence

2024-08-08 22:15:21,984 - INFO - 1 median result list length

2024-08-08 22:15:21,984 - INFO - 2014 sequences with 0 size result lists

2024-08-08 22:15:21,984 - INFO - Time for merging to pref_0: 0h 0m 0s 9ms

2024-08-08 22:15:21,984 - INFO - Time for processing: 0h 0m 9s 548ms

2024-08-08 22:15:22,006 - INFO - align /data/yangy34/database/pharokka/CARD phage_pharokka/GCA_015343595.1_1131|2-5613/CARD_target_dir/target_seqs phage_pharokka/GCA_015343595.1_1131|2-5613/CARD_tmp_dir//7396002422272247005/pref_0 phage_pharokka/GCA_015343595.1_1131|2-5613/CARD/results_CARD --sub-mat nucl:nucleotide.out,aa:blosum62.out -a 0 --alignment-mode 2 --alignment-output-mode 0 --wrapped-scoring 0 -e 0.001 --min-seq-id 0.8 --min-aln-len 0 --seq-id-mode 0 --alt-ali 0 -c 0.4 --cov-mode 0 --max-seq-len 65535 --comp-bias-corr 1 --max-rejected 2147483647 --max-accept 2147483647 --add-self-matches 0 --db-load-mode 0 --pca 1 --pcb 1.5 --score-bias 0 --realign 0 --realign-score-bias -0.2 --realign-max-seqs 2147483647 --gap-open nucl:5,aa:11 --gap-extend nucl:2,aa:1 --zdrop 40 --threads 32 --compressed 0 -v 3 

2024-08-08 22:15:22,006 - INFO - 

2024-08-08 22:15:22,006 - INFO - Compute score and coverage

2024-08-08 22:15:22,006 - INFO - Query database size: 4641 type: Aminoacid

2024-08-08 22:15:22,006 - INFO - Target database size: 10 type: Aminoacid

2024-08-08 22:15:22,006 - INFO - Calculation of alignments

2024-08-08 22:15:22,031 - INFO - [=================================================================] 4.64K 0s 18ms

2024-08-08 22:15:22,031 - INFO - Time for merging to results_CARD: 0h 0m 0s 8ms

2024-08-08 22:15:22,031 - INFO - 3206 alignments calculated

2024-08-08 22:15:22,032 - INFO - 0 sequence pairs passed the thresholds (0.000000 of overall calculated)

2024-08-08 22:15:22,032 - INFO - 0.000000 hits per query sequence

2024-08-08 22:15:22,032 - INFO - Time for processing: 0h 0m 0s 41ms

2024-08-08 22:15:22,150 - INFO - createtsv /data/yangy34/database/pharokka/CARD phage_pharokka/GCA_015343595.1_1131|2-5613/CARD_target_dir/target_seqs phage_pharokka/GCA_015343595.1_1131|2-5613/CARD/results_CARD phage_pharokka/GCA_015343595.1_1131|2-5613/CARD_results.tsv --full-header --threads 32 

2024-08-08 22:15:22,150 - INFO - 

2024-08-08 22:15:22,150 - INFO - MMseqs Version:                 	13.45111

2024-08-08 22:15:22,150 - INFO - First sequence as representative	false

2024-08-08 22:15:22,150 - INFO - Target column                   	1

2024-08-08 22:15:22,150 - INFO - Add full header                 	true

2024-08-08 22:15:22,150 - INFO - Sequence source                 	0

2024-08-08 22:15:22,150 - INFO - Database output                 	false

2024-08-08 22:15:22,150 - INFO - Threads                         	32

2024-08-08 22:15:22,150 - INFO - Compressed                      	0

2024-08-08 22:15:22,150 - INFO - Verbosity                       	3

2024-08-08 22:15:22,150 - INFO - 

2024-08-08 22:15:22,150 - INFO - Time for merging to CARD_results.tsv: 0h 0m 0s 13ms

2024-08-08 22:15:22,150 - INFO - Time for processing: 0h 0m 0s 112ms

2024-08-08 22:15:22,154 - INFO - Running mmseqs2 on vfdb.
2024-08-08 22:15:22,300 - INFO - createdb phage_pharokka/GCA_015343595.1_1131|2-5613/phanotate_aas_tmp.fasta phage_pharokka/GCA_015343595.1_1131|2-5613/vfdb_target_dir/target_seqs 

2024-08-08 22:15:22,300 - INFO - 

2024-08-08 22:15:22,300 - INFO - MMseqs Version:       	13.45111

2024-08-08 22:15:22,300 - INFO - Database type         	0

2024-08-08 22:15:22,300 - INFO - Shuffle input database	true

2024-08-08 22:15:22,300 - INFO - Createdb mode         	0

2024-08-08 22:15:22,300 - INFO - Write lookup file     	1

2024-08-08 22:15:22,301 - INFO - Offset of numeric ids 	0

2024-08-08 22:15:22,301 - INFO - Compressed            	0

2024-08-08 22:15:22,301 - INFO - Verbosity             	3

2024-08-08 22:15:22,301 - INFO - 

2024-08-08 22:15:22,301 - INFO - Converting sequences

2024-08-08 22:15:22,301 - INFO - [

2024-08-08 22:15:22,301 - INFO - Time for merging to target_seqs_h: 0h 0m 0s 7ms

2024-08-08 22:15:22,301 - INFO - Time for merging to target_seqs: 0h 0m 0s 20ms

2024-08-08 22:15:22,301 - INFO - Database type: Aminoacid

2024-08-08 22:15:22,301 - INFO - Time for processing: 0h 0m 0s 141ms

2024-08-08 22:15:22,309 - INFO - Create directory phage_pharokka/GCA_015343595.1_1131|2-5613/vfdb_tmp_dir/

2024-08-08 22:15:22,309 - INFO - search --min-seq-id 0.8 -c 0.4 /data/yangy34/database/pharokka/vfdb phage_pharokka/GCA_015343595.1_1131|2-5613/vfdb_target_dir/target_seqs phage_pharokka/GCA_015343595.1_1131|2-5613/vfdb/results_vfdb phage_pharokka/GCA_015343595.1_1131|2-5613/vfdb_tmp_dir/ -s 8.5 --threads 32 

2024-08-08 22:15:22,309 - INFO - 

2024-08-08 22:15:22,309 - INFO - MMseqs Version:                        	13.45111

2024-08-08 22:15:22,309 - INFO - Substitution matrix                    	nucl:nucleotide.out,aa:blosum62.out

2024-08-08 22:15:22,309 - INFO - Add backtrace                          	false

2024-08-08 22:15:22,309 - INFO - Alignment mode                         	2

2024-08-08 22:15:22,309 - INFO - Alignment mode                         	0

2024-08-08 22:15:22,309 - INFO - Allow wrapped scoring                  	false

2024-08-08 22:15:22,309 - INFO - E-value threshold                      	0.001

2024-08-08 22:15:22,309 - INFO - Seq. id. threshold                     	0.8

2024-08-08 22:15:22,309 - INFO - Min alignment length                   	0

2024-08-08 22:15:22,309 - INFO - Seq. id. mode                          	0

2024-08-08 22:15:22,309 - INFO - Alternative alignments                 	0

2024-08-08 22:15:22,309 - INFO - Coverage threshold                     	0.4

2024-08-08 22:15:22,309 - INFO - Coverage mode                          	0

2024-08-08 22:15:22,309 - INFO - Max sequence length                    	65535

2024-08-08 22:15:22,309 - INFO - Compositional bias                     	1

2024-08-08 22:15:22,310 - INFO - Max reject                             	2147483647

2024-08-08 22:15:22,310 - INFO - Max accept                             	2147483647

2024-08-08 22:15:22,310 - INFO - Include identical seq. id.             	false

2024-08-08 22:15:22,310 - INFO - Preload mode                           	0

2024-08-08 22:15:22,310 - INFO - Pseudo count a                         	1

2024-08-08 22:15:22,310 - INFO - Pseudo count b                         	1.5

2024-08-08 22:15:22,310 - INFO - Score bias                             	0

2024-08-08 22:15:22,310 - INFO - Realign hits                           	false

2024-08-08 22:15:22,310 - INFO - Realign score bias                     	-0.2

2024-08-08 22:15:22,310 - INFO - Realign max seqs                       	2147483647

2024-08-08 22:15:22,310 - INFO - Gap open cost                          	nucl:5,aa:11

2024-08-08 22:15:22,310 - INFO - Gap extension cost                     	nucl:2,aa:1

2024-08-08 22:15:22,310 - INFO - Zdrop                                  	40

2024-08-08 22:15:22,310 - INFO - Threads                                	32

2024-08-08 22:15:22,310 - INFO - Compressed                             	0

2024-08-08 22:15:22,310 - INFO - Verbosity                              	3

2024-08-08 22:15:22,310 - INFO - Seed substitution matrix               	nucl:nucleotide.out,aa:VTML80.out

2024-08-08 22:15:22,310 - INFO - Sensitivity                            	8.5

2024-08-08 22:15:22,310 - INFO - k-mer length                           	0

2024-08-08 22:15:22,310 - INFO - k-score                                	2147483647

2024-08-08 22:15:22,310 - INFO - Alphabet size                          	nucl:5,aa:21

2024-08-08 22:15:22,310 - INFO - Max results per query                  	300

2024-08-08 22:15:22,310 - INFO - Split database                         	0

2024-08-08 22:15:22,310 - INFO - Split mode                             	2

2024-08-08 22:15:22,310 - INFO - Split memory limit                     	0

2024-08-08 22:15:22,310 - INFO - Diagonal scoring                       	true

2024-08-08 22:15:22,311 - INFO - Exact k-mer matching                   	0

2024-08-08 22:15:22,311 - INFO - Mask residues                          	1

2024-08-08 22:15:22,311 - INFO - Mask lower case residues               	0

2024-08-08 22:15:22,311 - INFO - Minimum diagonal score                 	15

2024-08-08 22:15:22,311 - INFO - Spaced k-mers                          	1

2024-08-08 22:15:22,311 - INFO - Spaced k-mer pattern                   	

2024-08-08 22:15:22,311 - INFO - Local temporary path                   	

2024-08-08 22:15:22,311 - INFO - Rescore mode                           	0

2024-08-08 22:15:22,311 - INFO - Remove hits by seq. id. and coverage   	false

2024-08-08 22:15:22,311 - INFO - Sort results                           	0

2024-08-08 22:15:22,311 - INFO - Mask profile                           	1

2024-08-08 22:15:22,311 - INFO - Profile E-value threshold              	0.1

2024-08-08 22:15:22,311 - INFO - Global sequence weighting              	false

2024-08-08 22:15:22,311 - INFO - Allow deletions                        	false

2024-08-08 22:15:22,311 - INFO - Filter MSA                             	1

2024-08-08 22:15:22,311 - INFO - Maximum seq. id. threshold             	0.9

2024-08-08 22:15:22,311 - INFO - Minimum seq. id.                       	0

2024-08-08 22:15:22,311 - INFO - Minimum score per column               	-20

2024-08-08 22:15:22,311 - INFO - Minimum coverage                       	0

2024-08-08 22:15:22,311 - INFO - Select N most diverse seqs             	1000

2024-08-08 22:15:22,311 - INFO - Min codons in orf                      	30

2024-08-08 22:15:22,311 - INFO - Max codons in length                   	32734

2024-08-08 22:15:22,311 - INFO - Max orf gaps                           	2147483647

2024-08-08 22:15:22,311 - INFO - Contig start mode                      	2

2024-08-08 22:15:22,311 - INFO - Contig end mode                        	2

2024-08-08 22:15:22,311 - INFO - Orf start mode                         	1

2024-08-08 22:15:22,312 - INFO - Forward frames                         	1,2,3

2024-08-08 22:15:22,312 - INFO - Reverse frames                         	1,2,3

2024-08-08 22:15:22,312 - INFO - Translation table                      	1

2024-08-08 22:15:22,312 - INFO - Translate orf                          	0

2024-08-08 22:15:22,312 - INFO - Use all table starts                   	false

2024-08-08 22:15:22,312 - INFO - Offset of numeric ids                  	0

2024-08-08 22:15:22,312 - INFO - Create lookup                          	0

2024-08-08 22:15:22,312 - INFO - Add orf stop                           	false

2024-08-08 22:15:22,312 - INFO - Overlap between sequences              	0

2024-08-08 22:15:22,312 - INFO - Sequence split mode                    	1

2024-08-08 22:15:22,312 - INFO - Header split mode                      	0

2024-08-08 22:15:22,312 - INFO - Chain overlapping alignments           	0

2024-08-08 22:15:22,312 - INFO - Merge query                            	1

2024-08-08 22:15:22,312 - INFO - Search type                            	0

2024-08-08 22:15:22,312 - INFO - Search iterations                      	1

2024-08-08 22:15:22,312 - INFO - Start sensitivity                      	4

2024-08-08 22:15:22,312 - INFO - Search steps                           	1

2024-08-08 22:15:22,312 - INFO - Exhaustive search mode                 	false

2024-08-08 22:15:22,312 - INFO - Filter results during exhaustive search	0

2024-08-08 22:15:22,312 - INFO - Strand selection                       	1

2024-08-08 22:15:22,312 - INFO - LCA search mode                        	false

2024-08-08 22:15:22,312 - INFO - Disk space limit                       	0

2024-08-08 22:15:22,312 - INFO - MPI runner                             	

2024-08-08 22:15:22,312 - INFO - Force restart with latest tmp          	false

2024-08-08 22:15:22,312 - INFO - Remove temporary files                 	false

2024-08-08 22:15:22,312 - INFO - 

2024-08-08 22:15:22,483 - INFO - prefilter /data/yangy34/database/pharokka/vfdb phage_pharokka/GCA_015343595.1_1131|2-5613/vfdb_target_dir/target_seqs phage_pharokka/GCA_015343595.1_1131|2-5613/vfdb_tmp_dir//10379883058279077122/pref_0 --sub-mat nucl:nucleotide.out,aa:blosum62.out --seed-sub-mat nucl:nucleotide.out,aa:VTML80.out -k 0 --k-score 2147483647 --alph-size nucl:5,aa:21 --max-seq-len 65535 --max-seqs 300 --split 0 --split-mode 2 --split-memory-limit 0 -c 0.4 --cov-mode 0 --comp-bias-corr 1 --diag-score 1 --exact-kmer-matching 0 --mask 1 --mask-lower-case 0 --min-ungapped-score 15 --add-self-matches 0 --spaced-kmer-mode 1 --db-load-mode 0 --pca 1 --pcb 1.5 --threads 32 --compressed 0 -v 3 -s 8.5 

2024-08-08 22:15:22,483 - INFO - 

2024-08-08 22:15:22,483 - INFO - Query database size: 27504 type: Aminoacid

2024-08-08 22:15:22,483 - INFO - Estimated memory consumption: 977M

2024-08-08 22:15:22,483 - INFO - Target database size: 10 type: Aminoacid

2024-08-08 22:15:22,483 - INFO - Index table k-mer threshold: 87 at k-mer size 6 

2024-08-08 22:15:22,483 - INFO - Index table: counting k-mers

2024-08-08 22:15:22,610 - INFO - [=================================================================] 10 0s 4ms

2024-08-08 22:15:22,610 - INFO - Index table: Masked residues: 0

2024-08-08 22:15:22,610 - INFO - Index table: fill

2024-08-08 22:15:23,911 - INFO - [=================================================================] 10 0s 3ms

2024-08-08 22:15:23,911 - INFO - Index statistics

2024-08-08 22:15:23,911 - INFO - Entries:          1688

2024-08-08 22:15:23,911 - INFO - DB size:          488 MB

2024-08-08 22:15:23,911 - INFO - Avg k-mer size:   0.000026

2024-08-08 22:15:23,911 - INFO - Top 10 k-mers

2024-08-08 22:15:23,911 - INFO -     PFMCAA	1

2024-08-08 22:15:23,911 - INFO -     PYEEAA	1

2024-08-08 22:15:23,911 - INFO -     ECIIAA	1

2024-08-08 22:15:23,911 - INFO -     VRGRAA	1

2024-08-08 22:15:23,911 - INFO -     YIKSAA	1

2024-08-08 22:15:23,912 - INFO -     QKLSAA	1

2024-08-08 22:15:23,912 - INFO -     IRKVAA	1

2024-08-08 22:15:23,912 - INFO -     GACYAA	1

2024-08-08 22:15:23,912 - INFO -     VDTACA	1

2024-08-08 22:15:23,912 - INFO -     VDKCCA	1

2024-08-08 22:15:23,912 - INFO - Time for index table init: 0h 0m 0s 425ms

2024-08-08 22:15:23,912 - INFO - Process prefiltering step 1 of 1

2024-08-08 22:15:23,912 - INFO - 

2024-08-08 22:15:23,912 - INFO - k-mer similarity threshold: 87

2024-08-08 22:15:23,912 - INFO - Starting prefiltering scores calculation (step 1 of 1)

2024-08-08 22:15:23,912 - INFO - Query db start 1 to 27504

2024-08-08 22:15:23,912 - INFO - Target db start 1 to 10

2024-08-08 22:16:28,868 - INFO - [=================================================================] 27.50K 1m 5s 491ms

2024-08-08 22:16:28,869 - INFO - 

2024-08-08 22:16:28,869 - INFO - 3159.764157 k-mers per position

2024-08-08 22:16:28,869 - INFO - 45 DB matches per sequence

2024-08-08 22:16:28,869 - INFO - 0 overflows

2024-08-08 22:16:28,869 - INFO - 0 queries produce too many hits (truncated result)

2024-08-08 22:16:28,869 - INFO - 0 sequences passed prefiltering per query sequence

2024-08-08 22:16:28,869 - INFO - 1 median result list length

2024-08-08 22:16:28,869 - INFO - 12966 sequences with 0 size result lists

2024-08-08 22:16:28,869 - INFO - Time for merging to pref_0: 0h 0m 0s 19ms

2024-08-08 22:16:28,869 - INFO - Time for processing: 0h 1m 6s 552ms

2024-08-08 22:16:28,906 - INFO - align /data/yangy34/database/pharokka/vfdb phage_pharokka/GCA_015343595.1_1131|2-5613/vfdb_target_dir/target_seqs phage_pharokka/GCA_015343595.1_1131|2-5613/vfdb_tmp_dir//10379883058279077122/pref_0 phage_pharokka/GCA_015343595.1_1131|2-5613/vfdb/results_vfdb --sub-mat nucl:nucleotide.out,aa:blosum62.out -a 0 --alignment-mode 2 --alignment-output-mode 0 --wrapped-scoring 0 -e 0.001 --min-seq-id 0.8 --min-aln-len 0 --seq-id-mode 0 --alt-ali 0 -c 0.4 --cov-mode 0 --max-seq-len 65535 --comp-bias-corr 1 --max-rejected 2147483647 --max-accept 2147483647 --add-self-matches 0 --db-load-mode 0 --pca 1 --pcb 1.5 --score-bias 0 --realign 0 --realign-score-bias -0.2 --realign-max-seqs 2147483647 --gap-open nucl:5,aa:11 --gap-extend nucl:2,aa:1 --zdrop 40 --threads 32 --compressed 0 -v 3 

2024-08-08 22:16:28,907 - INFO - 

2024-08-08 22:16:28,907 - INFO - Compute score and coverage

2024-08-08 22:16:28,907 - INFO - Query database size: 27504 type: Aminoacid

2024-08-08 22:16:28,907 - INFO - Target database size: 10 type: Aminoacid

2024-08-08 22:16:28,907 - INFO - Calculation of alignments

2024-08-08 22:16:28,997 - INFO - [=================================================================] 27.50K 0s 72ms

2024-08-08 22:16:28,997 - INFO - Time for merging to results_vfdb: 0h 0m 0s 16ms

2024-08-08 22:16:28,997 - INFO - 12083 alignments calculated

2024-08-08 22:16:28,997 - INFO - 0 sequence pairs passed the thresholds (0.000000 of overall calculated)

2024-08-08 22:16:28,997 - INFO - 0.000000 hits per query sequence

2024-08-08 22:16:28,997 - INFO - Time for processing: 0h 0m 0s 120ms

2024-08-08 22:16:29,184 - INFO - createtsv /data/yangy34/database/pharokka/vfdb phage_pharokka/GCA_015343595.1_1131|2-5613/vfdb_target_dir/target_seqs phage_pharokka/GCA_015343595.1_1131|2-5613/vfdb/results_vfdb phage_pharokka/GCA_015343595.1_1131|2-5613/vfdb_results.tsv --full-header --threads 32 

2024-08-08 22:16:29,185 - INFO - 

2024-08-08 22:16:29,185 - INFO - MMseqs Version:                 	13.45111

2024-08-08 22:16:29,185 - INFO - First sequence as representative	false

2024-08-08 22:16:29,185 - INFO - Target column                   	1

2024-08-08 22:16:29,185 - INFO - Add full header                 	true

2024-08-08 22:16:29,185 - INFO - Sequence source                 	0

2024-08-08 22:16:29,185 - INFO - Database output                 	false

2024-08-08 22:16:29,185 - INFO - Threads                         	32

2024-08-08 22:16:29,185 - INFO - Compressed                      	0

2024-08-08 22:16:29,185 - INFO - Verbosity                       	3

2024-08-08 22:16:29,185 - INFO - 

2024-08-08 22:16:29,185 - INFO - Time for merging to vfdb_results.tsv: 0h 0m 0s 21ms

2024-08-08 22:16:29,185 - INFO - Time for processing: 0h 0m 0s 181ms

2024-08-08 22:16:29,205 - INFO - Post Processing Output.
2024-08-08 22:16:29,532 - INFO - Converting gff to genbank.
2024-08-08 22:16:29,544 - WARNING - /gpfs/gsfs12/users/yangy34/softwares/mambaforge/envs/pharokka-env/lib/python3.10/site-packages/Bio/SeqIO/InsdcIO.py:728: BiopythonWarning: Increasing length of locus line to allow long name. This will result in fields that are not in usual positions.
  warnings.warn(

2024-08-08 22:16:29,561 - INFO - Finding the closest match for each contig in INPHARED using mash.
2024-08-08 22:16:29,693 - INFO - Sketching GCA_015343595.1_53_phages/GCA_015343595.1_1131_2_5613_prophage.fasta...

2024-08-08 22:16:29,695 - INFO - Writing to phage_pharokka/GCA_015343595.1_1131|2-5613/input_mash_sketch.msh...

2024-08-08 22:16:31,159 - INFO - pharokka has finished
2024-08-08 22:16:31,159 - INFO - Elapsed time: 151.96 seconds
2024-08-08 22:16:31,159 - INFO - If you use pharokka in your research, please cite:
2024-08-08 22:16:31,159 - INFO - George Bouras, Roshan Nepal, Ghais Houtak, Alkis James Psaltis, Peter-John Wormald, Sarah Vreugde.
2024-08-08 22:16:31,159 - INFO - Pharokka: a fast scalable bacteriophage annotation tool.
2024-08-08 22:16:31,159 - INFO - Bioinformatics, Volume 39, Issue 1, January 2023, btac776.
2024-08-08 22:16:31,159 - INFO - https://doi.org/10.1093/bioinformatics/btac776.
2024-08-08 22:16:31,159 - INFO - You should also cite the full list of tools pharokka uses, which can be found at https://github.com/gbouras13/pharokka#citation.
