2024-08-08 21:43:45,031 - INFO - Starting pharokka v1.3.2
2024-08-08 21:43:45,031 - INFO - Input args: Namespace(infile='GCA_015343595.1_53_phages/GCA_015343595.1_1474_2_1138_prophage.fasta', outdir='phage_pharokka/GCA_015343595.1_1474|2-1138', database='/data/yangy34/database/pharokka', threads='32', force=False, prefix='Default', locustag='Default', gene_predictor='phanotate', meta=False, split=False, coding_table='11', evalue='1E-05', terminase=False, terminase_strand='nothing', terminase_start='nothing', citation=False)
2024-08-08 21:43:45,032 - INFO - Checking database installation.
2024-08-08 21:43:45,055 - INFO - All databases have been successfully checked.
2024-08-08 21:43:45,055 - INFO - Checking dependencies.
2024-08-08 21:43:46,387 - INFO - phan_out version found is v1.5.1.
2024-08-08 21:43:46,387 - INFO - Phanotate version is ok.
2024-08-08 21:43:46,518 - INFO - MMseqs2 version found is v13.45111.
2024-08-08 21:43:46,518 - INFO - MMseqs2 version is ok.
2024-08-08 21:43:47,416 - INFO - tRNAscan-SE version found is v2.45111.11.
2024-08-08 21:43:47,416 - INFO - tRNAscan-SE version is ok.
2024-08-08 21:43:48,031 - INFO - MinCED version found is v0.4.2.
2024-08-08 21:43:48,031 - INFO - MinCED version is ok.
2024-08-08 21:43:48,052 - INFO - ARAGORN version found is v1.2.41.
2024-08-08 21:43:48,052 - INFO - ARAGORN version is ok.
2024-08-08 21:43:48,112 - INFO - mash version found is v2.2.
2024-08-08 21:43:48,112 - INFO - mash version is ok.
2024-08-08 21:43:48,331 - INFO - Running Phanotate.
2024-08-08 21:43:51,478 - INFO - Translating gene predicted fastas.
2024-08-08 21:43:51,500 - INFO - Starting tRNA-scanSE
2024-08-08 21:43:51,775 - INFO - 

2024-08-08 21:43:51,775 - INFO - tRNAscan-SE v.2.0.11 (Oct 2022) - scan sequences for transfer RNAs

2024-08-08 21:43:51,775 - INFO - Copyright (C) 2022 Patricia Chan and Todd Lowe

2024-08-08 21:43:51,775 - INFO -                    University of California Santa Cruz

2024-08-08 21:43:51,775 - INFO - Freely distributed under the GNU General Public License (GPLv3)

2024-08-08 21:43:51,775 - INFO - 

2024-08-08 21:43:51,775 - INFO - ------------------------------------------------------------

2024-08-08 21:43:51,775 - INFO - Sequence file(s) to search:        GCA_015343595.1_53_phages/GCA_015343595.1_1474_2_1138_prophage.fasta

2024-08-08 21:43:51,775 - INFO - Search Mode:                       General

2024-08-08 21:43:51,775 - INFO - Results written to:                Standard output

2024-08-08 21:43:51,776 - INFO - Output format:                     Tabular

2024-08-08 21:43:51,776 - INFO - Searching with:                    Infernal single-pass scan

2024-08-08 21:43:51,776 - INFO -                                    Fast mode

2024-08-08 21:43:51,776 - INFO - Covariance model:                  /gpfs/gsfs12/users/yangy34/softwares/mambaforge/envs/pharokka-env/lib/tRNAscan-SE/models/TRNAinf.cm

2024-08-08 21:43:51,776 - INFO - 

2024-08-08 21:43:51,776 - INFO - Temporary directory:               /tmp

2024-08-08 21:43:51,776 - INFO - tRNA predictions saved to:         phage_pharokka/GCA_015343595.1_1474|2-1138/trnascan_out.gff

2024-08-08 21:43:51,776 - INFO - ------------------------------------------------------------

2024-08-08 21:43:51,776 - INFO - 

2024-08-08 21:43:51,898 - INFO - No tRNAs found.

2024-08-08 21:43:51,898 - INFO - 

2024-08-08 21:43:51,920 - INFO - Running MinCED.
2024-08-08 21:43:52,176 - INFO - Running Aragorn.
2024-08-08 21:43:52,185 - INFO - Starting MMseqs2.
2024-08-08 21:43:52,185 - INFO - Running MMseqs2 on PHROGs Database.
2024-08-08 21:43:52,394 - INFO - createdb phage_pharokka/GCA_015343595.1_1474|2-1138/phanotate_aas_tmp.fasta phage_pharokka/GCA_015343595.1_1474|2-1138/target_dir/target_seqs 

2024-08-08 21:43:52,395 - INFO - 

2024-08-08 21:43:52,395 - INFO - MMseqs Version:       	13.45111

2024-08-08 21:43:52,395 - INFO - Database type         	0

2024-08-08 21:43:52,395 - INFO - Shuffle input database	true

2024-08-08 21:43:52,396 - INFO - Createdb mode         	0

2024-08-08 21:43:52,396 - INFO - Write lookup file     	1

2024-08-08 21:43:52,396 - INFO - Offset of numeric ids 	0

2024-08-08 21:43:52,396 - INFO - Compressed            	0

2024-08-08 21:43:52,396 - INFO - Verbosity             	3

2024-08-08 21:43:52,396 - INFO - 

2024-08-08 21:43:52,396 - INFO - Converting sequences

2024-08-08 21:43:52,396 - INFO - [

2024-08-08 21:43:52,396 - INFO - Time for merging to target_seqs_h: 0h 0m 0s 57ms

2024-08-08 21:43:52,396 - INFO - Time for merging to target_seqs: 0h 0m 0s 61ms

2024-08-08 21:43:52,396 - INFO - Database type: Aminoacid

2024-08-08 21:43:52,396 - INFO - Time for processing: 0h 0m 0s 170ms

2024-08-08 21:43:52,410 - INFO - Create directory phage_pharokka/GCA_015343595.1_1474|2-1138/tmp_dir/

2024-08-08 21:43:52,410 - INFO - search -e 1E-05 /data/yangy34/database/pharokka/phrogs_profile_db phage_pharokka/GCA_015343595.1_1474|2-1138/target_dir/target_seqs phage_pharokka/GCA_015343595.1_1474|2-1138/mmseqs/results_mmseqs phage_pharokka/GCA_015343595.1_1474|2-1138/tmp_dir/ -s 8.5 --threads 32 

2024-08-08 21:43:52,410 - INFO - 

2024-08-08 21:43:52,410 - INFO - MMseqs Version:                        	13.45111

2024-08-08 21:43:52,410 - INFO - Substitution matrix                    	nucl:nucleotide.out,aa:blosum62.out

2024-08-08 21:43:52,410 - INFO - Add backtrace                          	false

2024-08-08 21:43:52,410 - INFO - Alignment mode                         	2

2024-08-08 21:43:52,410 - INFO - Alignment mode                         	0

2024-08-08 21:43:52,410 - INFO - Allow wrapped scoring                  	false

2024-08-08 21:43:52,410 - INFO - E-value threshold                      	1e-05

2024-08-08 21:43:52,410 - INFO - Seq. id. threshold                     	0

2024-08-08 21:43:52,410 - INFO - Min alignment length                   	0

2024-08-08 21:43:52,410 - INFO - Seq. id. mode                          	0

2024-08-08 21:43:52,410 - INFO - Alternative alignments                 	0

2024-08-08 21:43:52,410 - INFO - Coverage threshold                     	0

2024-08-08 21:43:52,410 - INFO - Coverage mode                          	0

2024-08-08 21:43:52,410 - INFO - Max sequence length                    	65535

2024-08-08 21:43:52,411 - INFO - Compositional bias                     	1

2024-08-08 21:43:52,411 - INFO - Max reject                             	2147483647

2024-08-08 21:43:52,411 - INFO - Max accept                             	2147483647

2024-08-08 21:43:52,411 - INFO - Include identical seq. id.             	false

2024-08-08 21:43:52,411 - INFO - Preload mode                           	0

2024-08-08 21:43:52,411 - INFO - Pseudo count a                         	1

2024-08-08 21:43:52,411 - INFO - Pseudo count b                         	1.5

2024-08-08 21:43:52,411 - INFO - Score bias                             	0

2024-08-08 21:43:52,411 - INFO - Realign hits                           	false

2024-08-08 21:43:52,411 - INFO - Realign score bias                     	-0.2

2024-08-08 21:43:52,411 - INFO - Realign max seqs                       	2147483647

2024-08-08 21:43:52,411 - INFO - Gap open cost                          	nucl:5,aa:11

2024-08-08 21:43:52,411 - INFO - Gap extension cost                     	nucl:2,aa:1

2024-08-08 21:43:52,411 - INFO - Zdrop                                  	40

2024-08-08 21:43:52,411 - INFO - Threads                                	32

2024-08-08 21:43:52,411 - INFO - Compressed                             	0

2024-08-08 21:43:52,411 - INFO - Verbosity                              	3

2024-08-08 21:43:52,411 - INFO - Seed substitution matrix               	nucl:nucleotide.out,aa:VTML80.out

2024-08-08 21:43:52,411 - INFO - Sensitivity                            	8.5

2024-08-08 21:43:52,411 - INFO - k-mer length                           	0

2024-08-08 21:43:52,411 - INFO - k-score                                	2147483647

2024-08-08 21:43:52,411 - INFO - Alphabet size                          	nucl:5,aa:21

2024-08-08 21:43:52,411 - INFO - Max results per query                  	300

2024-08-08 21:43:52,411 - INFO - Split database                         	0

2024-08-08 21:43:52,412 - INFO - Split mode                             	2

2024-08-08 21:43:52,412 - INFO - Split memory limit                     	0

2024-08-08 21:43:52,412 - INFO - Diagonal scoring                       	true

2024-08-08 21:43:52,412 - INFO - Exact k-mer matching                   	0

2024-08-08 21:43:52,412 - INFO - Mask residues                          	1

2024-08-08 21:43:52,412 - INFO - Mask lower case residues               	0

2024-08-08 21:43:52,412 - INFO - Minimum diagonal score                 	15

2024-08-08 21:43:52,412 - INFO - Spaced k-mers                          	1

2024-08-08 21:43:52,412 - INFO - Spaced k-mer pattern                   	

2024-08-08 21:43:52,412 - INFO - Local temporary path                   	

2024-08-08 21:43:52,412 - INFO - Rescore mode                           	0

2024-08-08 21:43:52,412 - INFO - Remove hits by seq. id. and coverage   	false

2024-08-08 21:43:52,412 - INFO - Sort results                           	0

2024-08-08 21:43:52,412 - INFO - Mask profile                           	1

2024-08-08 21:43:52,412 - INFO - Profile E-value threshold              	0.1

2024-08-08 21:43:52,412 - INFO - Global sequence weighting              	false

2024-08-08 21:43:52,412 - INFO - Allow deletions                        	false

2024-08-08 21:43:52,412 - INFO - Filter MSA                             	1

2024-08-08 21:43:52,412 - INFO - Maximum seq. id. threshold             	0.9

2024-08-08 21:43:52,412 - INFO - Minimum seq. id.                       	0

2024-08-08 21:43:52,412 - INFO - Minimum score per column               	-20

2024-08-08 21:43:52,412 - INFO - Minimum coverage                       	0

2024-08-08 21:43:52,412 - INFO - Select N most diverse seqs             	1000

2024-08-08 21:43:52,413 - INFO - Min codons in orf                      	30

2024-08-08 21:43:52,413 - INFO - Max codons in length                   	32734

2024-08-08 21:43:52,413 - INFO - Max orf gaps                           	2147483647

2024-08-08 21:43:52,413 - INFO - Contig start mode                      	2

2024-08-08 21:43:52,413 - INFO - Contig end mode                        	2

2024-08-08 21:43:52,413 - INFO - Orf start mode                         	1

2024-08-08 21:43:52,413 - INFO - Forward frames                         	1,2,3

2024-08-08 21:43:52,413 - INFO - Reverse frames                         	1,2,3

2024-08-08 21:43:52,413 - INFO - Translation table                      	1

2024-08-08 21:43:52,413 - INFO - Translate orf                          	0

2024-08-08 21:43:52,413 - INFO - Use all table starts                   	false

2024-08-08 21:43:52,413 - INFO - Offset of numeric ids                  	0

2024-08-08 21:43:52,413 - INFO - Create lookup                          	0

2024-08-08 21:43:52,413 - INFO - Add orf stop                           	false

2024-08-08 21:43:52,413 - INFO - Overlap between sequences              	0

2024-08-08 21:43:52,413 - INFO - Sequence split mode                    	1

2024-08-08 21:43:52,413 - INFO - Header split mode                      	0

2024-08-08 21:43:52,413 - INFO - Chain overlapping alignments           	0

2024-08-08 21:43:52,413 - INFO - Merge query                            	1

2024-08-08 21:43:52,413 - INFO - Search type                            	0

2024-08-08 21:43:52,413 - INFO - Search iterations                      	1

2024-08-08 21:43:52,413 - INFO - Start sensitivity                      	4

2024-08-08 21:43:52,413 - INFO - Search steps                           	1

2024-08-08 21:43:52,413 - INFO - Exhaustive search mode                 	false

2024-08-08 21:43:52,414 - INFO - Filter results during exhaustive search	0

2024-08-08 21:43:52,414 - INFO - Strand selection                       	1

2024-08-08 21:43:52,414 - INFO - LCA search mode                        	false

2024-08-08 21:43:52,414 - INFO - Disk space limit                       	0

2024-08-08 21:43:52,414 - INFO - MPI runner                             	

2024-08-08 21:43:52,414 - INFO - Force restart with latest tmp          	false

2024-08-08 21:43:52,414 - INFO - Remove temporary files                 	false

2024-08-08 21:43:52,414 - INFO - 

2024-08-08 21:43:52,580 - INFO - prefilter /data/yangy34/database/pharokka/phrogs_profile_db phage_pharokka/GCA_015343595.1_1474|2-1138/target_dir/target_seqs phage_pharokka/GCA_015343595.1_1474|2-1138/tmp_dir//16553658605482638670/pref_0 --sub-mat nucl:nucleotide.out,aa:blosum62.out --seed-sub-mat nucl:nucleotide.out,aa:VTML80.out -k 0 --k-score 2147483647 --alph-size nucl:5,aa:21 --max-seq-len 65535 --max-seqs 300 --split 0 --split-mode 2 --split-memory-limit 0 -c 0 --cov-mode 0 --comp-bias-corr 1 --diag-score 1 --exact-kmer-matching 0 --mask 1 --mask-lower-case 0 --min-ungapped-score 15 --add-self-matches 0 --spaced-kmer-mode 1 --db-load-mode 0 --pca 1 --pcb 1.5 --threads 32 --compressed 0 -v 3 -s 8.5 

2024-08-08 21:43:52,580 - INFO - 

2024-08-08 21:43:52,580 - INFO - Query database size: 38880 type: Profile

2024-08-08 21:43:52,580 - INFO - Estimated memory consumption: 488M

2024-08-08 21:43:52,580 - INFO - Target database size: 4 type: Aminoacid

2024-08-08 21:43:52,580 - INFO - Index table k-mer threshold: 0 at k-mer size 6 

2024-08-08 21:43:52,580 - INFO - Index table: counting k-mers

2024-08-08 21:43:52,719 - INFO - [=================================================================] 4 0s 2ms

2024-08-08 21:43:52,720 - INFO - Index table: Masked residues: 0

2024-08-08 21:43:52,720 - INFO - Index table: fill

2024-08-08 21:43:53,914 - INFO - [=================================================================] 4 0s 3ms

2024-08-08 21:43:53,915 - INFO - Index statistics

2024-08-08 21:43:53,915 - INFO - Entries:          318

2024-08-08 21:43:53,915 - INFO - DB size:          488 MB

2024-08-08 21:43:53,915 - INFO - Avg k-mer size:   0.000005

2024-08-08 21:43:53,915 - INFO - Top 10 k-mers

2024-08-08 21:43:53,915 - INFO -     CNNFAA	1

2024-08-08 21:43:53,915 - INFO -     FGGHAA	1

2024-08-08 21:43:53,915 - INFO -     DGMLAA	1

2024-08-08 21:43:53,915 - INFO -     GGDSAA	1

2024-08-08 21:43:53,915 - INFO -     DFIKEA	1

2024-08-08 21:43:53,915 - INFO -     EPEMFA	1

2024-08-08 21:43:53,915 - INFO -     ADITGA	1

2024-08-08 21:43:53,915 - INFO -     KFGGHA	1

2024-08-08 21:43:53,916 - INFO -     NHLAIA	1

2024-08-08 21:43:53,916 - INFO -     HIAQIA	1

2024-08-08 21:43:53,916 - INFO - Time for index table init: 0h 0m 0s 430ms

2024-08-08 21:43:53,916 - INFO - Process prefiltering step 1 of 1

2024-08-08 21:43:53,916 - INFO - 

2024-08-08 21:43:53,916 - INFO - k-mer similarity threshold: 81

2024-08-08 21:43:53,916 - INFO - Starting prefiltering scores calculation (step 1 of 1)

2024-08-08 21:43:53,916 - INFO - Query db start 1 to 38880

2024-08-08 21:43:53,916 - INFO - Target db start 1 to 4

2024-08-08 21:44:56,413 - INFO - [=================================================================] 38.88K 1m 3s 204ms

2024-08-08 21:44:56,413 - INFO - 

2024-08-08 21:44:56,413 - INFO - 5386.328443 k-mers per position

2024-08-08 21:44:56,413 - INFO - 4 DB matches per sequence

2024-08-08 21:44:56,413 - INFO - 0 overflows

2024-08-08 21:44:56,414 - INFO - 0 queries produce too many hits (truncated result)

2024-08-08 21:44:56,414 - INFO - 0 sequences passed prefiltering per query sequence

2024-08-08 21:44:56,414 - INFO - 0 median result list length

2024-08-08 21:44:56,414 - INFO - 34386 sequences with 0 size result lists

2024-08-08 21:44:56,414 - INFO - Time for merging to pref_0: 0h 0m 0s 78ms

2024-08-08 21:44:56,414 - INFO - Time for processing: 0h 1m 3s 994ms

2024-08-08 21:44:56,629 - INFO - align /data/yangy34/database/pharokka/phrogs_profile_db phage_pharokka/GCA_015343595.1_1474|2-1138/target_dir/target_seqs phage_pharokka/GCA_015343595.1_1474|2-1138/tmp_dir//16553658605482638670/pref_0 phage_pharokka/GCA_015343595.1_1474|2-1138/mmseqs/results_mmseqs --sub-mat nucl:nucleotide.out,aa:blosum62.out -a 0 --alignment-mode 2 --alignment-output-mode 0 --wrapped-scoring 0 -e 1e-05 --min-seq-id 0 --min-aln-len 0 --seq-id-mode 0 --alt-ali 0 -c 0 --cov-mode 0 --max-seq-len 65535 --comp-bias-corr 1 --max-rejected 2147483647 --max-accept 2147483647 --add-self-matches 0 --db-load-mode 0 --pca 1 --pcb 1.5 --score-bias 0 --realign 0 --realign-score-bias -0.2 --realign-max-seqs 2147483647 --gap-open nucl:5,aa:11 --gap-extend nucl:2,aa:1 --zdrop 40 --threads 32 --compressed 0 -v 3 

2024-08-08 21:44:56,630 - INFO - 

2024-08-08 21:44:56,630 - INFO - Compute score and coverage

2024-08-08 21:44:56,630 - INFO - Query database size: 38880 type: Profile

2024-08-08 21:44:56,630 - INFO - Target database size: 4 type: Aminoacid

2024-08-08 21:44:56,630 - INFO - Calculation of alignments

2024-08-08 21:44:56,886 - INFO - [=================================================================] 38.88K 0s 196ms

2024-08-08 21:44:56,887 - INFO - Time for merging to results_mmseqs: 0h 0m 0s 69ms

2024-08-08 21:44:56,887 - INFO - 4859 alignments calculated

2024-08-08 21:44:56,887 - INFO - 4 sequence pairs passed the thresholds (0.000823 of overall calculated)

2024-08-08 21:44:56,887 - INFO - 0.000103 hits per query sequence

2024-08-08 21:44:56,887 - INFO - Time for processing: 0h 0m 0s 464ms

2024-08-08 21:44:57,172 - INFO - createtsv /data/yangy34/database/pharokka/phrogs_profile_db phage_pharokka/GCA_015343595.1_1474|2-1138/target_dir/target_seqs phage_pharokka/GCA_015343595.1_1474|2-1138/mmseqs/results_mmseqs phage_pharokka/GCA_015343595.1_1474|2-1138/mmseqs_results.tsv --full-header --threads 32 

2024-08-08 21:44:57,172 - INFO - 

2024-08-08 21:44:57,173 - INFO - MMseqs Version:                 	13.45111

2024-08-08 21:44:57,173 - INFO - First sequence as representative	false

2024-08-08 21:44:57,173 - INFO - Target column                   	1

2024-08-08 21:44:57,173 - INFO - Add full header                 	true

2024-08-08 21:44:57,173 - INFO - Sequence source                 	0

2024-08-08 21:44:57,173 - INFO - Database output                 	false

2024-08-08 21:44:57,173 - INFO - Threads                         	32

2024-08-08 21:44:57,173 - INFO - Compressed                      	0

2024-08-08 21:44:57,173 - INFO - Verbosity                       	3

2024-08-08 21:44:57,173 - INFO - 

2024-08-08 21:44:57,173 - INFO - Time for merging to mmseqs_results.tsv: 0h 0m 0s 90ms

2024-08-08 21:44:57,173 - INFO - Time for processing: 0h 0m 0s 255ms

2024-08-08 21:44:57,206 - INFO - Running mmseqs2 on CARD.
2024-08-08 21:44:57,522 - INFO - createdb phage_pharokka/GCA_015343595.1_1474|2-1138/phanotate_aas_tmp.fasta phage_pharokka/GCA_015343595.1_1474|2-1138/CARD_target_dir/target_seqs 

2024-08-08 21:44:57,522 - INFO - 

2024-08-08 21:44:57,522 - INFO - MMseqs Version:       	13.45111

2024-08-08 21:44:57,522 - INFO - Database type         	0

2024-08-08 21:44:57,522 - INFO - Shuffle input database	true

2024-08-08 21:44:57,522 - INFO - Createdb mode         	0

2024-08-08 21:44:57,522 - INFO - Write lookup file     	1

2024-08-08 21:44:57,522 - INFO - Offset of numeric ids 	0

2024-08-08 21:44:57,522 - INFO - Compressed            	0

2024-08-08 21:44:57,522 - INFO - Verbosity             	3

2024-08-08 21:44:57,522 - INFO - 

2024-08-08 21:44:57,522 - INFO - Converting sequences

2024-08-08 21:44:57,522 - INFO - [

2024-08-08 21:44:57,522 - INFO - Time for merging to target_seqs_h: 0h 0m 0s 60ms

2024-08-08 21:44:57,522 - INFO - Time for merging to target_seqs: 0h 0m 0s 66ms

2024-08-08 21:44:57,522 - INFO - Database type: Aminoacid

2024-08-08 21:44:57,522 - INFO - Time for processing: 0h 0m 0s 205ms

2024-08-08 21:44:57,534 - INFO - Create directory phage_pharokka/GCA_015343595.1_1474|2-1138/CARD_tmp_dir/

2024-08-08 21:44:57,534 - INFO - search --min-seq-id 0.8 -c 0.4 /data/yangy34/database/pharokka/CARD phage_pharokka/GCA_015343595.1_1474|2-1138/CARD_target_dir/target_seqs phage_pharokka/GCA_015343595.1_1474|2-1138/CARD/results_CARD phage_pharokka/GCA_015343595.1_1474|2-1138/CARD_tmp_dir/ -s 8.5 --threads 32 

2024-08-08 21:44:57,534 - INFO - 

2024-08-08 21:44:57,534 - INFO - MMseqs Version:                        	13.45111

2024-08-08 21:44:57,534 - INFO - Substitution matrix                    	nucl:nucleotide.out,aa:blosum62.out

2024-08-08 21:44:57,534 - INFO - Add backtrace                          	false

2024-08-08 21:44:57,535 - INFO - Alignment mode                         	2

2024-08-08 21:44:57,535 - INFO - Alignment mode                         	0

2024-08-08 21:44:57,535 - INFO - Allow wrapped scoring                  	false

2024-08-08 21:44:57,535 - INFO - E-value threshold                      	0.001

2024-08-08 21:44:57,535 - INFO - Seq. id. threshold                     	0.8

2024-08-08 21:44:57,535 - INFO - Min alignment length                   	0

2024-08-08 21:44:57,535 - INFO - Seq. id. mode                          	0

2024-08-08 21:44:57,535 - INFO - Alternative alignments                 	0

2024-08-08 21:44:57,535 - INFO - Coverage threshold                     	0.4

2024-08-08 21:44:57,535 - INFO - Coverage mode                          	0

2024-08-08 21:44:57,535 - INFO - Max sequence length                    	65535

2024-08-08 21:44:57,535 - INFO - Compositional bias                     	1

2024-08-08 21:44:57,535 - INFO - Max reject                             	2147483647

2024-08-08 21:44:57,535 - INFO - Max accept                             	2147483647

2024-08-08 21:44:57,535 - INFO - Include identical seq. id.             	false

2024-08-08 21:44:57,535 - INFO - Preload mode                           	0

2024-08-08 21:44:57,535 - INFO - Pseudo count a                         	1

2024-08-08 21:44:57,535 - INFO - Pseudo count b                         	1.5

2024-08-08 21:44:57,535 - INFO - Score bias                             	0

2024-08-08 21:44:57,535 - INFO - Realign hits                           	false

2024-08-08 21:44:57,535 - INFO - Realign score bias                     	-0.2

2024-08-08 21:44:57,535 - INFO - Realign max seqs                       	2147483647

2024-08-08 21:44:57,536 - INFO - Gap open cost                          	nucl:5,aa:11

2024-08-08 21:44:57,536 - INFO - Gap extension cost                     	nucl:2,aa:1

2024-08-08 21:44:57,536 - INFO - Zdrop                                  	40

2024-08-08 21:44:57,536 - INFO - Threads                                	32

2024-08-08 21:44:57,536 - INFO - Compressed                             	0

2024-08-08 21:44:57,536 - INFO - Verbosity                              	3

2024-08-08 21:44:57,536 - INFO - Seed substitution matrix               	nucl:nucleotide.out,aa:VTML80.out

2024-08-08 21:44:57,536 - INFO - Sensitivity                            	8.5

2024-08-08 21:44:57,536 - INFO - k-mer length                           	0

2024-08-08 21:44:57,536 - INFO - k-score                                	2147483647

2024-08-08 21:44:57,536 - INFO - Alphabet size                          	nucl:5,aa:21

2024-08-08 21:44:57,536 - INFO - Max results per query                  	300

2024-08-08 21:44:57,536 - INFO - Split database                         	0

2024-08-08 21:44:57,536 - INFO - Split mode                             	2

2024-08-08 21:44:57,536 - INFO - Split memory limit                     	0

2024-08-08 21:44:57,536 - INFO - Diagonal scoring                       	true

2024-08-08 21:44:57,536 - INFO - Exact k-mer matching                   	0

2024-08-08 21:44:57,536 - INFO - Mask residues                          	1

2024-08-08 21:44:57,536 - INFO - Mask lower case residues               	0

2024-08-08 21:44:57,536 - INFO - Minimum diagonal score                 	15

2024-08-08 21:44:57,536 - INFO - Spaced k-mers                          	1

2024-08-08 21:44:57,536 - INFO - Spaced k-mer pattern                   	

2024-08-08 21:44:57,536 - INFO - Local temporary path                   	

2024-08-08 21:44:57,537 - INFO - Rescore mode                           	0

2024-08-08 21:44:57,537 - INFO - Remove hits by seq. id. and coverage   	false

2024-08-08 21:44:57,537 - INFO - Sort results                           	0

2024-08-08 21:44:57,537 - INFO - Mask profile                           	1

2024-08-08 21:44:57,537 - INFO - Profile E-value threshold              	0.1

2024-08-08 21:44:57,537 - INFO - Global sequence weighting              	false

2024-08-08 21:44:57,537 - INFO - Allow deletions                        	false

2024-08-08 21:44:57,537 - INFO - Filter MSA                             	1

2024-08-08 21:44:57,537 - INFO - Maximum seq. id. threshold             	0.9

2024-08-08 21:44:57,537 - INFO - Minimum seq. id.                       	0

2024-08-08 21:44:57,537 - INFO - Minimum score per column               	-20

2024-08-08 21:44:57,537 - INFO - Minimum coverage                       	0

2024-08-08 21:44:57,537 - INFO - Select N most diverse seqs             	1000

2024-08-08 21:44:57,537 - INFO - Min codons in orf                      	30

2024-08-08 21:44:57,537 - INFO - Max codons in length                   	32734

2024-08-08 21:44:57,537 - INFO - Max orf gaps                           	2147483647

2024-08-08 21:44:57,537 - INFO - Contig start mode                      	2

2024-08-08 21:44:57,537 - INFO - Contig end mode                        	2

2024-08-08 21:44:57,537 - INFO - Orf start mode                         	1

2024-08-08 21:44:57,537 - INFO - Forward frames                         	1,2,3

2024-08-08 21:44:57,537 - INFO - Reverse frames                         	1,2,3

2024-08-08 21:44:57,537 - INFO - Translation table                      	1

2024-08-08 21:44:57,537 - INFO - Translate orf                          	0

2024-08-08 21:44:57,538 - INFO - Use all table starts                   	false

2024-08-08 21:44:57,538 - INFO - Offset of numeric ids                  	0

2024-08-08 21:44:57,538 - INFO - Create lookup                          	0

2024-08-08 21:44:57,538 - INFO - Add orf stop                           	false

2024-08-08 21:44:57,538 - INFO - Overlap between sequences              	0

2024-08-08 21:44:57,538 - INFO - Sequence split mode                    	1

2024-08-08 21:44:57,538 - INFO - Header split mode                      	0

2024-08-08 21:44:57,538 - INFO - Chain overlapping alignments           	0

2024-08-08 21:44:57,538 - INFO - Merge query                            	1

2024-08-08 21:44:57,538 - INFO - Search type                            	0

2024-08-08 21:44:57,538 - INFO - Search iterations                      	1

2024-08-08 21:44:57,538 - INFO - Start sensitivity                      	4

2024-08-08 21:44:57,538 - INFO - Search steps                           	1

2024-08-08 21:44:57,538 - INFO - Exhaustive search mode                 	false

2024-08-08 21:44:57,538 - INFO - Filter results during exhaustive search	0

2024-08-08 21:44:57,538 - INFO - Strand selection                       	1

2024-08-08 21:44:57,538 - INFO - LCA search mode                        	false

2024-08-08 21:44:57,538 - INFO - Disk space limit                       	0

2024-08-08 21:44:57,538 - INFO - MPI runner                             	

2024-08-08 21:44:57,538 - INFO - Force restart with latest tmp          	false

2024-08-08 21:44:57,538 - INFO - Remove temporary files                 	false

2024-08-08 21:44:57,538 - INFO - 

2024-08-08 21:44:57,703 - INFO - prefilter /data/yangy34/database/pharokka/CARD phage_pharokka/GCA_015343595.1_1474|2-1138/CARD_target_dir/target_seqs phage_pharokka/GCA_015343595.1_1474|2-1138/CARD_tmp_dir//14512373772923224904/pref_0 --sub-mat nucl:nucleotide.out,aa:blosum62.out --seed-sub-mat nucl:nucleotide.out,aa:VTML80.out -k 0 --k-score 2147483647 --alph-size nucl:5,aa:21 --max-seq-len 65535 --max-seqs 300 --split 0 --split-mode 2 --split-memory-limit 0 -c 0.4 --cov-mode 0 --comp-bias-corr 1 --diag-score 1 --exact-kmer-matching 0 --mask 1 --mask-lower-case 0 --min-ungapped-score 15 --add-self-matches 0 --spaced-kmer-mode 1 --db-load-mode 0 --pca 1 --pcb 1.5 --threads 32 --compressed 0 -v 3 -s 8.5 

2024-08-08 21:44:57,703 - INFO - 

2024-08-08 21:44:57,703 - INFO - Query database size: 4641 type: Aminoacid

2024-08-08 21:44:57,703 - INFO - Estimated memory consumption: 977M

2024-08-08 21:44:57,703 - INFO - Target database size: 4 type: Aminoacid

2024-08-08 21:44:57,703 - INFO - Index table k-mer threshold: 87 at k-mer size 6 

2024-08-08 21:44:57,703 - INFO - Index table: counting k-mers

2024-08-08 21:44:57,838 - INFO - [=================================================================] 4 0s 4ms

2024-08-08 21:44:57,838 - INFO - Index table: Masked residues: 0

2024-08-08 21:44:57,838 - INFO - Index table: fill

2024-08-08 21:44:58,343 - INFO - [=================================================================] 4 0s 0ms

2024-08-08 21:44:58,344 - INFO - Index statistics

2024-08-08 21:44:58,344 - INFO - Entries:          318

2024-08-08 21:44:58,344 - INFO - DB size:          488 MB

2024-08-08 21:44:58,344 - INFO - Avg k-mer size:   0.000005

2024-08-08 21:44:58,344 - INFO - Top 10 k-mers

2024-08-08 21:44:58,344 - INFO -     CNNFAA	1

2024-08-08 21:44:58,344 - INFO -     FGGHAA	1

2024-08-08 21:44:58,344 - INFO -     DGMLAA	1

2024-08-08 21:44:58,344 - INFO -     GGDSAA	1

2024-08-08 21:44:58,344 - INFO -     DFIKEA	1

2024-08-08 21:44:58,344 - INFO -     EPEMFA	1

2024-08-08 21:44:58,344 - INFO -     ADITGA	1

2024-08-08 21:44:58,344 - INFO -     KFGGHA	1

2024-08-08 21:44:58,345 - INFO -     NHLAIA	1

2024-08-08 21:44:58,345 - INFO -     HIAQIA	1

2024-08-08 21:44:58,345 - INFO - Time for index table init: 0h 0m 0s 430ms

2024-08-08 21:44:58,345 - INFO - Process prefiltering step 1 of 1

2024-08-08 21:44:58,345 - INFO - 

2024-08-08 21:44:58,345 - INFO - k-mer similarity threshold: 87

2024-08-08 21:44:58,345 - INFO - Starting prefiltering scores calculation (step 1 of 1)

2024-08-08 21:44:58,345 - INFO - Query db start 1 to 4641

2024-08-08 21:44:58,345 - INFO - Target db start 1 to 4

2024-08-08 21:45:06,799 - INFO - [=================================================================] 4.64K 8s 432ms

2024-08-08 21:45:06,799 - INFO - 

2024-08-08 21:45:06,799 - INFO - 3883.681631 k-mers per position

2024-08-08 21:45:06,800 - INFO - 7 DB matches per sequence

2024-08-08 21:45:06,800 - INFO - 0 overflows

2024-08-08 21:45:06,800 - INFO - 0 queries produce too many hits (truncated result)

2024-08-08 21:45:06,800 - INFO - 0 sequences passed prefiltering per query sequence

2024-08-08 21:45:06,800 - INFO - 0 median result list length

2024-08-08 21:45:06,800 - INFO - 4137 sequences with 0 size result lists

2024-08-08 21:45:06,800 - INFO - Time for merging to pref_0: 0h 0m 0s 58ms

2024-08-08 21:45:06,800 - INFO - Time for processing: 0h 0m 9s 255ms

2024-08-08 21:45:07,183 - INFO - align /data/yangy34/database/pharokka/CARD phage_pharokka/GCA_015343595.1_1474|2-1138/CARD_target_dir/target_seqs phage_pharokka/GCA_015343595.1_1474|2-1138/CARD_tmp_dir//14512373772923224904/pref_0 phage_pharokka/GCA_015343595.1_1474|2-1138/CARD/results_CARD --sub-mat nucl:nucleotide.out,aa:blosum62.out -a 0 --alignment-mode 2 --alignment-output-mode 0 --wrapped-scoring 0 -e 0.001 --min-seq-id 0.8 --min-aln-len 0 --seq-id-mode 0 --alt-ali 0 -c 0.4 --cov-mode 0 --max-seq-len 65535 --comp-bias-corr 1 --max-rejected 2147483647 --max-accept 2147483647 --add-self-matches 0 --db-load-mode 0 --pca 1 --pcb 1.5 --score-bias 0 --realign 0 --realign-score-bias -0.2 --realign-max-seqs 2147483647 --gap-open nucl:5,aa:11 --gap-extend nucl:2,aa:1 --zdrop 40 --threads 32 --compressed 0 -v 3 

2024-08-08 21:45:07,183 - INFO - 

2024-08-08 21:45:07,183 - INFO - Compute score and coverage

2024-08-08 21:45:07,183 - INFO - Query database size: 4641 type: Aminoacid

2024-08-08 21:45:07,183 - INFO - Target database size: 4 type: Aminoacid

2024-08-08 21:45:07,183 - INFO - Calculation of alignments

2024-08-08 21:45:07,363 - INFO - [=================================================================] 4.64K 0s 13ms

2024-08-08 21:45:07,363 - INFO - Time for merging to results_CARD: 0h 0m 0s 165ms

2024-08-08 21:45:07,363 - INFO - 187 alignments calculated

2024-08-08 21:45:07,363 - INFO - 0 sequence pairs passed the thresholds (0.000000 of overall calculated)

2024-08-08 21:45:07,363 - INFO - 0.000000 hits per query sequence

2024-08-08 21:45:07,363 - INFO - Time for processing: 0h 0m 0s 333ms

2024-08-08 21:45:07,599 - INFO - createtsv /data/yangy34/database/pharokka/CARD phage_pharokka/GCA_015343595.1_1474|2-1138/CARD_target_dir/target_seqs phage_pharokka/GCA_015343595.1_1474|2-1138/CARD/results_CARD phage_pharokka/GCA_015343595.1_1474|2-1138/CARD_results.tsv --full-header --threads 32 

2024-08-08 21:45:07,599 - INFO - 

2024-08-08 21:45:07,599 - INFO - MMseqs Version:                 	13.45111

2024-08-08 21:45:07,599 - INFO - First sequence as representative	false

2024-08-08 21:45:07,599 - INFO - Target column                   	1

2024-08-08 21:45:07,599 - INFO - Add full header                 	true

2024-08-08 21:45:07,600 - INFO - Sequence source                 	0

2024-08-08 21:45:07,600 - INFO - Database output                 	false

2024-08-08 21:45:07,600 - INFO - Threads                         	32

2024-08-08 21:45:07,600 - INFO - Compressed                      	0

2024-08-08 21:45:07,600 - INFO - Verbosity                       	3

2024-08-08 21:45:07,600 - INFO - 

2024-08-08 21:45:07,600 - INFO - Time for merging to CARD_results.tsv: 0h 0m 0s 65ms

2024-08-08 21:45:07,600 - INFO - Time for processing: 0h 0m 0s 208ms

2024-08-08 21:45:07,620 - INFO - Running mmseqs2 on vfdb.
2024-08-08 21:45:08,365 - INFO - createdb phage_pharokka/GCA_015343595.1_1474|2-1138/phanotate_aas_tmp.fasta phage_pharokka/GCA_015343595.1_1474|2-1138/vfdb_target_dir/target_seqs 

2024-08-08 21:45:08,365 - INFO - 

2024-08-08 21:45:08,366 - INFO - MMseqs Version:       	13.45111

2024-08-08 21:45:08,366 - INFO - Database type         	0

2024-08-08 21:45:08,366 - INFO - Shuffle input database	true

2024-08-08 21:45:08,366 - INFO - Createdb mode         	0

2024-08-08 21:45:08,366 - INFO - Write lookup file     	1

2024-08-08 21:45:08,366 - INFO - Offset of numeric ids 	0

2024-08-08 21:45:08,366 - INFO - Compressed            	0

2024-08-08 21:45:08,366 - INFO - Verbosity             	3

2024-08-08 21:45:08,366 - INFO - 

2024-08-08 21:45:08,366 - INFO - Converting sequences

2024-08-08 21:45:08,366 - INFO - [

2024-08-08 21:45:08,368 - INFO - Time for merging to target_seqs_h: 0h 0m 0s 226ms

2024-08-08 21:45:08,368 - INFO - Time for merging to target_seqs: 0h 0m 0s 76ms

2024-08-08 21:45:08,368 - INFO - Database type: Aminoacid

2024-08-08 21:45:08,368 - INFO - Time for processing: 0h 0m 0s 401ms

2024-08-08 21:45:08,472 - INFO - Create directory phage_pharokka/GCA_015343595.1_1474|2-1138/vfdb_tmp_dir/

2024-08-08 21:45:08,473 - INFO - search --min-seq-id 0.8 -c 0.4 /data/yangy34/database/pharokka/vfdb phage_pharokka/GCA_015343595.1_1474|2-1138/vfdb_target_dir/target_seqs phage_pharokka/GCA_015343595.1_1474|2-1138/vfdb/results_vfdb phage_pharokka/GCA_015343595.1_1474|2-1138/vfdb_tmp_dir/ -s 8.5 --threads 32 

2024-08-08 21:45:08,473 - INFO - 

2024-08-08 21:45:08,473 - INFO - MMseqs Version:                        	13.45111

2024-08-08 21:45:08,473 - INFO - Substitution matrix                    	nucl:nucleotide.out,aa:blosum62.out

2024-08-08 21:45:08,473 - INFO - Add backtrace                          	false

2024-08-08 21:45:08,473 - INFO - Alignment mode                         	2

2024-08-08 21:45:08,473 - INFO - Alignment mode                         	0

2024-08-08 21:45:08,473 - INFO - Allow wrapped scoring                  	false

2024-08-08 21:45:08,473 - INFO - E-value threshold                      	0.001

2024-08-08 21:45:08,473 - INFO - Seq. id. threshold                     	0.8

2024-08-08 21:45:08,473 - INFO - Min alignment length                   	0

2024-08-08 21:45:08,473 - INFO - Seq. id. mode                          	0

2024-08-08 21:45:08,473 - INFO - Alternative alignments                 	0

2024-08-08 21:45:08,474 - INFO - Coverage threshold                     	0.4

2024-08-08 21:45:08,474 - INFO - Coverage mode                          	0

2024-08-08 21:45:08,474 - INFO - Max sequence length                    	65535

2024-08-08 21:45:08,474 - INFO - Compositional bias                     	1

2024-08-08 21:45:08,474 - INFO - Max reject                             	2147483647

2024-08-08 21:45:08,474 - INFO - Max accept                             	2147483647

2024-08-08 21:45:08,474 - INFO - Include identical seq. id.             	false

2024-08-08 21:45:08,474 - INFO - Preload mode                           	0

2024-08-08 21:45:08,474 - INFO - Pseudo count a                         	1

2024-08-08 21:45:08,474 - INFO - Pseudo count b                         	1.5

2024-08-08 21:45:08,474 - INFO - Score bias                             	0

2024-08-08 21:45:08,474 - INFO - Realign hits                           	false

2024-08-08 21:45:08,474 - INFO - Realign score bias                     	-0.2

2024-08-08 21:45:08,474 - INFO - Realign max seqs                       	2147483647

2024-08-08 21:45:08,474 - INFO - Gap open cost                          	nucl:5,aa:11

2024-08-08 21:45:08,475 - INFO - Gap extension cost                     	nucl:2,aa:1

2024-08-08 21:45:08,475 - INFO - Zdrop                                  	40

2024-08-08 21:45:08,475 - INFO - Threads                                	32

2024-08-08 21:45:08,475 - INFO - Compressed                             	0

2024-08-08 21:45:08,475 - INFO - Verbosity                              	3

2024-08-08 21:45:08,475 - INFO - Seed substitution matrix               	nucl:nucleotide.out,aa:VTML80.out

2024-08-08 21:45:08,475 - INFO - Sensitivity                            	8.5

2024-08-08 21:45:08,475 - INFO - k-mer length                           	0

2024-08-08 21:45:08,475 - INFO - k-score                                	2147483647

2024-08-08 21:45:08,475 - INFO - Alphabet size                          	nucl:5,aa:21

2024-08-08 21:45:08,475 - INFO - Max results per query                  	300

2024-08-08 21:45:08,475 - INFO - Split database                         	0

2024-08-08 21:45:08,475 - INFO - Split mode                             	2

2024-08-08 21:45:08,475 - INFO - Split memory limit                     	0

2024-08-08 21:45:08,476 - INFO - Diagonal scoring                       	true

2024-08-08 21:45:08,476 - INFO - Exact k-mer matching                   	0

2024-08-08 21:45:08,476 - INFO - Mask residues                          	1

2024-08-08 21:45:08,476 - INFO - Mask lower case residues               	0

2024-08-08 21:45:08,476 - INFO - Minimum diagonal score                 	15

2024-08-08 21:45:08,476 - INFO - Spaced k-mers                          	1

2024-08-08 21:45:08,476 - INFO - Spaced k-mer pattern                   	

2024-08-08 21:45:08,476 - INFO - Local temporary path                   	

2024-08-08 21:45:08,476 - INFO - Rescore mode                           	0

2024-08-08 21:45:08,476 - INFO - Remove hits by seq. id. and coverage   	false

2024-08-08 21:45:08,476 - INFO - Sort results                           	0

2024-08-08 21:45:08,476 - INFO - Mask profile                           	1

2024-08-08 21:45:08,476 - INFO - Profile E-value threshold              	0.1

2024-08-08 21:45:08,476 - INFO - Global sequence weighting              	false

2024-08-08 21:45:08,476 - INFO - Allow deletions                        	false

2024-08-08 21:45:08,477 - INFO - Filter MSA                             	1

2024-08-08 21:45:08,477 - INFO - Maximum seq. id. threshold             	0.9

2024-08-08 21:45:08,477 - INFO - Minimum seq. id.                       	0

2024-08-08 21:45:08,477 - INFO - Minimum score per column               	-20

2024-08-08 21:45:08,477 - INFO - Minimum coverage                       	0

2024-08-08 21:45:08,477 - INFO - Select N most diverse seqs             	1000

2024-08-08 21:45:08,477 - INFO - Min codons in orf                      	30

2024-08-08 21:45:08,477 - INFO - Max codons in length                   	32734

2024-08-08 21:45:08,477 - INFO - Max orf gaps                           	2147483647

2024-08-08 21:45:08,477 - INFO - Contig start mode                      	2

2024-08-08 21:45:08,477 - INFO - Contig end mode                        	2

2024-08-08 21:45:08,477 - INFO - Orf start mode                         	1

2024-08-08 21:45:08,477 - INFO - Forward frames                         	1,2,3

2024-08-08 21:45:08,477 - INFO - Reverse frames                         	1,2,3

2024-08-08 21:45:08,477 - INFO - Translation table                      	1

2024-08-08 21:45:08,478 - INFO - Translate orf                          	0

2024-08-08 21:45:08,478 - INFO - Use all table starts                   	false

2024-08-08 21:45:08,478 - INFO - Offset of numeric ids                  	0

2024-08-08 21:45:08,478 - INFO - Create lookup                          	0

2024-08-08 21:45:08,478 - INFO - Add orf stop                           	false

2024-08-08 21:45:08,478 - INFO - Overlap between sequences              	0

2024-08-08 21:45:08,478 - INFO - Sequence split mode                    	1

2024-08-08 21:45:08,478 - INFO - Header split mode                      	0

2024-08-08 21:45:08,478 - INFO - Chain overlapping alignments           	0

2024-08-08 21:45:08,478 - INFO - Merge query                            	1

2024-08-08 21:45:08,478 - INFO - Search type                            	0

2024-08-08 21:45:08,478 - INFO - Search iterations                      	1

2024-08-08 21:45:08,478 - INFO - Start sensitivity                      	4

2024-08-08 21:45:08,479 - INFO - Search steps                           	1

2024-08-08 21:45:08,479 - INFO - Exhaustive search mode                 	false

2024-08-08 21:45:08,479 - INFO - Filter results during exhaustive search	0

2024-08-08 21:45:08,479 - INFO - Strand selection                       	1

2024-08-08 21:45:08,479 - INFO - LCA search mode                        	false

2024-08-08 21:45:08,479 - INFO - Disk space limit                       	0

2024-08-08 21:45:08,479 - INFO - MPI runner                             	

2024-08-08 21:45:08,479 - INFO - Force restart with latest tmp          	false

2024-08-08 21:45:08,479 - INFO - Remove temporary files                 	false

2024-08-08 21:45:08,480 - INFO - 

2024-08-08 21:45:08,671 - INFO - prefilter /data/yangy34/database/pharokka/vfdb phage_pharokka/GCA_015343595.1_1474|2-1138/vfdb_target_dir/target_seqs phage_pharokka/GCA_015343595.1_1474|2-1138/vfdb_tmp_dir//13675428902257657649/pref_0 --sub-mat nucl:nucleotide.out,aa:blosum62.out --seed-sub-mat nucl:nucleotide.out,aa:VTML80.out -k 0 --k-score 2147483647 --alph-size nucl:5,aa:21 --max-seq-len 65535 --max-seqs 300 --split 0 --split-mode 2 --split-memory-limit 0 -c 0.4 --cov-mode 0 --comp-bias-corr 1 --diag-score 1 --exact-kmer-matching 0 --mask 1 --mask-lower-case 0 --min-ungapped-score 15 --add-self-matches 0 --spaced-kmer-mode 1 --db-load-mode 0 --pca 1 --pcb 1.5 --threads 32 --compressed 0 -v 3 -s 8.5 

2024-08-08 21:45:08,671 - INFO - 

2024-08-08 21:45:08,671 - INFO - Query database size: 27504 type: Aminoacid

2024-08-08 21:45:08,671 - INFO - Estimated memory consumption: 977M

2024-08-08 21:45:08,671 - INFO - Target database size: 4 type: Aminoacid

2024-08-08 21:45:08,671 - INFO - Index table k-mer threshold: 87 at k-mer size 6 

2024-08-08 21:45:08,672 - INFO - Index table: counting k-mers

2024-08-08 21:45:08,806 - INFO - [=================================================================] 4 0s 4ms

2024-08-08 21:45:08,806 - INFO - Index table: Masked residues: 0

2024-08-08 21:45:08,807 - INFO - Index table: fill

2024-08-08 21:45:10,143 - INFO - [=================================================================] 4 0s 0ms

2024-08-08 21:45:10,143 - INFO - Index statistics

2024-08-08 21:45:10,144 - INFO - Entries:          318

2024-08-08 21:45:10,144 - INFO - DB size:          488 MB

2024-08-08 21:45:10,144 - INFO - Avg k-mer size:   0.000005

2024-08-08 21:45:10,144 - INFO - Top 10 k-mers

2024-08-08 21:45:10,144 - INFO -     CNNFAA	1

2024-08-08 21:45:10,144 - INFO -     FGGHAA	1

2024-08-08 21:45:10,144 - INFO -     DGMLAA	1

2024-08-08 21:45:10,144 - INFO -     GGDSAA	1

2024-08-08 21:45:10,144 - INFO -     DFIKEA	1

2024-08-08 21:45:10,145 - INFO -     EPEMFA	1

2024-08-08 21:45:10,145 - INFO -     ADITGA	1

2024-08-08 21:45:10,145 - INFO -     KFGGHA	1

2024-08-08 21:45:10,145 - INFO -     NHLAIA	1

2024-08-08 21:45:10,145 - INFO -     HIAQIA	1

2024-08-08 21:45:10,145 - INFO - Time for index table init: 0h 0m 0s 443ms

2024-08-08 21:45:10,145 - INFO - Process prefiltering step 1 of 1

2024-08-08 21:45:10,145 - INFO - 

2024-08-08 21:45:10,145 - INFO - k-mer similarity threshold: 87

2024-08-08 21:45:10,145 - INFO - Starting prefiltering scores calculation (step 1 of 1)

2024-08-08 21:45:10,146 - INFO - Query db start 1 to 27504

2024-08-08 21:45:10,146 - INFO - Target db start 1 to 4

2024-08-08 21:46:11,223 - INFO - [=================================================================] 27.50K 1m 1s 573ms

2024-08-08 21:46:11,223 - INFO - 

2024-08-08 21:46:11,224 - INFO - 3159.764157 k-mers per position

2024-08-08 21:46:11,224 - INFO - 8 DB matches per sequence

2024-08-08 21:46:11,224 - INFO - 0 overflows

2024-08-08 21:46:11,224 - INFO - 0 queries produce too many hits (truncated result)

2024-08-08 21:46:11,224 - INFO - 0 sequences passed prefiltering per query sequence

2024-08-08 21:46:11,224 - INFO - 0 median result list length

2024-08-08 21:46:11,224 - INFO - 22980 sequences with 0 size result lists

2024-08-08 21:46:11,224 - INFO - Time for merging to pref_0: 0h 0m 0s 42ms

2024-08-08 21:46:11,224 - INFO - Time for processing: 0h 1m 2s 731ms

2024-08-08 21:46:11,321 - INFO - align /data/yangy34/database/pharokka/vfdb phage_pharokka/GCA_015343595.1_1474|2-1138/vfdb_target_dir/target_seqs phage_pharokka/GCA_015343595.1_1474|2-1138/vfdb_tmp_dir//13675428902257657649/pref_0 phage_pharokka/GCA_015343595.1_1474|2-1138/vfdb/results_vfdb --sub-mat nucl:nucleotide.out,aa:blosum62.out -a 0 --alignment-mode 2 --alignment-output-mode 0 --wrapped-scoring 0 -e 0.001 --min-seq-id 0.8 --min-aln-len 0 --seq-id-mode 0 --alt-ali 0 -c 0.4 --cov-mode 0 --max-seq-len 65535 --comp-bias-corr 1 --max-rejected 2147483647 --max-accept 2147483647 --add-self-matches 0 --db-load-mode 0 --pca 1 --pcb 1.5 --score-bias 0 --realign 0 --realign-score-bias -0.2 --realign-max-seqs 2147483647 --gap-open nucl:5,aa:11 --gap-extend nucl:2,aa:1 --zdrop 40 --threads 32 --compressed 0 -v 3 

2024-08-08 21:46:11,322 - INFO - 

2024-08-08 21:46:11,322 - INFO - Compute score and coverage

2024-08-08 21:46:11,322 - INFO - Query database size: 27504 type: Aminoacid

2024-08-08 21:46:11,322 - INFO - Target database size: 4 type: Aminoacid

2024-08-08 21:46:11,322 - INFO - Calculation of alignments

2024-08-08 21:46:11,362 - INFO - [=================================================================] 27.50K 0s 19ms

2024-08-08 21:46:11,362 - INFO - Time for merging to results_vfdb: 0h 0m 0s 18ms

2024-08-08 21:46:11,362 - INFO - 976 alignments calculated

2024-08-08 21:46:11,363 - INFO - 0 sequence pairs passed the thresholds (0.000000 of overall calculated)

2024-08-08 21:46:11,363 - INFO - 0.000000 hits per query sequence

2024-08-08 21:46:11,363 - INFO - Time for processing: 0h 0m 0s 125ms

2024-08-08 21:46:11,515 - INFO - createtsv /data/yangy34/database/pharokka/vfdb phage_pharokka/GCA_015343595.1_1474|2-1138/vfdb_target_dir/target_seqs phage_pharokka/GCA_015343595.1_1474|2-1138/vfdb/results_vfdb phage_pharokka/GCA_015343595.1_1474|2-1138/vfdb_results.tsv --full-header --threads 32 

2024-08-08 21:46:11,515 - INFO - 

2024-08-08 21:46:11,515 - INFO - MMseqs Version:                 	13.45111

2024-08-08 21:46:11,515 - INFO - First sequence as representative	false

2024-08-08 21:46:11,515 - INFO - Target column                   	1

2024-08-08 21:46:11,515 - INFO - Add full header                 	true

2024-08-08 21:46:11,515 - INFO - Sequence source                 	0

2024-08-08 21:46:11,516 - INFO - Database output                 	false

2024-08-08 21:46:11,516 - INFO - Threads                         	32

2024-08-08 21:46:11,516 - INFO - Compressed                      	0

2024-08-08 21:46:11,516 - INFO - Verbosity                       	3

2024-08-08 21:46:11,516 - INFO - 

2024-08-08 21:46:11,516 - INFO - Time for merging to vfdb_results.tsv: 0h 0m 0s 24ms

2024-08-08 21:46:11,516 - INFO - Time for processing: 0h 0m 0s 145ms

2024-08-08 21:46:11,547 - INFO - Post Processing Output.
2024-08-08 21:46:11,958 - INFO - Converting gff to genbank.
2024-08-08 21:46:11,976 - WARNING - /gpfs/gsfs12/users/yangy34/softwares/mambaforge/envs/pharokka-env/lib/python3.10/site-packages/Bio/SeqIO/InsdcIO.py:728: BiopythonWarning: Increasing length of locus line to allow long name. This will result in fields that are not in usual positions.
  warnings.warn(

2024-08-08 21:46:11,992 - INFO - Finding the closest match for each contig in INPHARED using mash.
2024-08-08 21:46:12,018 - INFO - Sketching GCA_015343595.1_53_phages/GCA_015343595.1_1474_2_1138_prophage.fasta...

2024-08-08 21:46:12,020 - INFO - Writing to phage_pharokka/GCA_015343595.1_1474|2-1138/input_mash_sketch.msh...

2024-08-08 21:46:13,624 - INFO - pharokka has finished
2024-08-08 21:46:13,624 - INFO - Elapsed time: 148.6 seconds
2024-08-08 21:46:13,624 - INFO - If you use pharokka in your research, please cite:
2024-08-08 21:46:13,624 - INFO - George Bouras, Roshan Nepal, Ghais Houtak, Alkis James Psaltis, Peter-John Wormald, Sarah Vreugde.
2024-08-08 21:46:13,624 - INFO - Pharokka: a fast scalable bacteriophage annotation tool.
2024-08-08 21:46:13,625 - INFO - Bioinformatics, Volume 39, Issue 1, January 2023, btac776.
2024-08-08 21:46:13,625 - INFO - https://doi.org/10.1093/bioinformatics/btac776.
2024-08-08 21:46:13,625 - INFO - You should also cite the full list of tools pharokka uses, which can be found at https://github.com/gbouras13/pharokka#citation.
