2024-08-08 21:37:02,864 - INFO - Starting pharokka v1.3.2
2024-08-08 21:37:02,864 - INFO - Input args: Namespace(infile='GCA_015343595.1_53_phages/GCA_015343595.1_222_22_1513_prophage.fasta', outdir='phage_pharokka/GCA_015343595.1_222|22-1513', database='/data/yangy34/database/pharokka', threads='32', force=False, prefix='Default', locustag='Default', gene_predictor='phanotate', meta=False, split=False, coding_table='11', evalue='1E-05', terminase=False, terminase_strand='nothing', terminase_start='nothing', citation=False)
2024-08-08 21:37:02,864 - INFO - Checking database installation.
2024-08-08 21:37:02,889 - INFO - All databases have been successfully checked.
2024-08-08 21:37:02,889 - INFO - Checking dependencies.
2024-08-08 21:37:04,443 - INFO - phan_out version found is v1.5.1.
2024-08-08 21:37:04,443 - INFO - Phanotate version is ok.
2024-08-08 21:37:04,538 - INFO - MMseqs2 version found is v13.45111.
2024-08-08 21:37:04,538 - INFO - MMseqs2 version is ok.
2024-08-08 21:37:05,384 - INFO - tRNAscan-SE version found is v2.45111.11.
2024-08-08 21:37:05,384 - INFO - tRNAscan-SE version is ok.
2024-08-08 21:37:05,993 - INFO - MinCED version found is v0.4.2.
2024-08-08 21:37:05,993 - INFO - MinCED version is ok.
2024-08-08 21:37:06,011 - INFO - ARAGORN version found is v1.2.41.
2024-08-08 21:37:06,011 - INFO - ARAGORN version is ok.
2024-08-08 21:37:06,075 - INFO - mash version found is v2.2.
2024-08-08 21:37:06,075 - INFO - mash version is ok.
2024-08-08 21:37:06,325 - INFO - Running Phanotate.
2024-08-08 21:37:09,341 - INFO - Translating gene predicted fastas.
2024-08-08 21:37:09,368 - INFO - Starting tRNA-scanSE
2024-08-08 21:37:09,665 - INFO - 

2024-08-08 21:37:09,665 - INFO - tRNAscan-SE v.2.0.11 (Oct 2022) - scan sequences for transfer RNAs

2024-08-08 21:37:09,665 - INFO - Copyright (C) 2022 Patricia Chan and Todd Lowe

2024-08-08 21:37:09,665 - INFO -                    University of California Santa Cruz

2024-08-08 21:37:09,665 - INFO - Freely distributed under the GNU General Public License (GPLv3)

2024-08-08 21:37:09,665 - INFO - 

2024-08-08 21:37:09,665 - INFO - ------------------------------------------------------------

2024-08-08 21:37:09,665 - INFO - Sequence file(s) to search:        GCA_015343595.1_53_phages/GCA_015343595.1_222_22_1513_prophage.fasta

2024-08-08 21:37:09,666 - INFO - Search Mode:                       General

2024-08-08 21:37:09,666 - INFO - Results written to:                Standard output

2024-08-08 21:37:09,666 - INFO - Output format:                     Tabular

2024-08-08 21:37:09,666 - INFO - Searching with:                    Infernal single-pass scan

2024-08-08 21:37:09,666 - INFO -                                    Fast mode

2024-08-08 21:37:09,666 - INFO - Covariance model:                  /gpfs/gsfs12/users/yangy34/softwares/mambaforge/envs/pharokka-env/lib/tRNAscan-SE/models/TRNAinf.cm

2024-08-08 21:37:09,666 - INFO - 

2024-08-08 21:37:09,666 - INFO - Temporary directory:               /tmp

2024-08-08 21:37:09,666 - INFO - tRNA predictions saved to:         phage_pharokka/GCA_015343595.1_222|22-1513/trnascan_out.gff

2024-08-08 21:37:09,666 - INFO - ------------------------------------------------------------

2024-08-08 21:37:09,666 - INFO - 

2024-08-08 21:37:09,799 - INFO - No tRNAs found.

2024-08-08 21:37:09,799 - INFO - 

2024-08-08 21:37:09,813 - INFO - Running MinCED.
2024-08-08 21:37:10,079 - INFO - Running Aragorn.
2024-08-08 21:37:10,085 - INFO - Starting MMseqs2.
2024-08-08 21:37:10,085 - INFO - Running MMseqs2 on PHROGs Database.
2024-08-08 21:37:10,354 - INFO - createdb phage_pharokka/GCA_015343595.1_222|22-1513/phanotate_aas_tmp.fasta phage_pharokka/GCA_015343595.1_222|22-1513/target_dir/target_seqs 

2024-08-08 21:37:10,354 - INFO - 

2024-08-08 21:37:10,355 - INFO - MMseqs Version:       	13.45111

2024-08-08 21:37:10,355 - INFO - Database type         	0

2024-08-08 21:37:10,355 - INFO - Shuffle input database	true

2024-08-08 21:37:10,355 - INFO - Createdb mode         	0

2024-08-08 21:37:10,356 - INFO - Write lookup file     	1

2024-08-08 21:37:10,356 - INFO - Offset of numeric ids 	0

2024-08-08 21:37:10,356 - INFO - Compressed            	0

2024-08-08 21:37:10,356 - INFO - Verbosity             	3

2024-08-08 21:37:10,356 - INFO - 

2024-08-08 21:37:10,356 - INFO - Converting sequences

2024-08-08 21:37:10,356 - INFO - [

2024-08-08 21:37:10,356 - INFO - Time for merging to target_seqs_h: 0h 0m 0s 65ms

2024-08-08 21:37:10,356 - INFO - Time for merging to target_seqs: 0h 0m 0s 92ms

2024-08-08 21:37:10,356 - INFO - Database type: Aminoacid

2024-08-08 21:37:10,356 - INFO - Time for processing: 0h 0m 0s 209ms

2024-08-08 21:37:10,368 - INFO - Create directory phage_pharokka/GCA_015343595.1_222|22-1513/tmp_dir/

2024-08-08 21:37:10,368 - INFO - search -e 1E-05 /data/yangy34/database/pharokka/phrogs_profile_db phage_pharokka/GCA_015343595.1_222|22-1513/target_dir/target_seqs phage_pharokka/GCA_015343595.1_222|22-1513/mmseqs/results_mmseqs phage_pharokka/GCA_015343595.1_222|22-1513/tmp_dir/ -s 8.5 --threads 32 

2024-08-08 21:37:10,368 - INFO - 

2024-08-08 21:37:10,368 - INFO - MMseqs Version:                        	13.45111

2024-08-08 21:37:10,368 - INFO - Substitution matrix                    	nucl:nucleotide.out,aa:blosum62.out

2024-08-08 21:37:10,368 - INFO - Add backtrace                          	false

2024-08-08 21:37:10,368 - INFO - Alignment mode                         	2

2024-08-08 21:37:10,369 - INFO - Alignment mode                         	0

2024-08-08 21:37:10,369 - INFO - Allow wrapped scoring                  	false

2024-08-08 21:37:10,369 - INFO - E-value threshold                      	1e-05

2024-08-08 21:37:10,369 - INFO - Seq. id. threshold                     	0

2024-08-08 21:37:10,369 - INFO - Min alignment length                   	0

2024-08-08 21:37:10,369 - INFO - Seq. id. mode                          	0

2024-08-08 21:37:10,369 - INFO - Alternative alignments                 	0

2024-08-08 21:37:10,369 - INFO - Coverage threshold                     	0

2024-08-08 21:37:10,369 - INFO - Coverage mode                          	0

2024-08-08 21:37:10,369 - INFO - Max sequence length                    	65535

2024-08-08 21:37:10,369 - INFO - Compositional bias                     	1

2024-08-08 21:37:10,369 - INFO - Max reject                             	2147483647

2024-08-08 21:37:10,369 - INFO - Max accept                             	2147483647

2024-08-08 21:37:10,369 - INFO - Include identical seq. id.             	false

2024-08-08 21:37:10,369 - INFO - Preload mode                           	0

2024-08-08 21:37:10,369 - INFO - Pseudo count a                         	1

2024-08-08 21:37:10,369 - INFO - Pseudo count b                         	1.5

2024-08-08 21:37:10,369 - INFO - Score bias                             	0

2024-08-08 21:37:10,369 - INFO - Realign hits                           	false

2024-08-08 21:37:10,369 - INFO - Realign score bias                     	-0.2

2024-08-08 21:37:10,369 - INFO - Realign max seqs                       	2147483647

2024-08-08 21:37:10,369 - INFO - Gap open cost                          	nucl:5,aa:11

2024-08-08 21:37:10,369 - INFO - Gap extension cost                     	nucl:2,aa:1

2024-08-08 21:37:10,369 - INFO - Zdrop                                  	40

2024-08-08 21:37:10,370 - INFO - Threads                                	32

2024-08-08 21:37:10,370 - INFO - Compressed                             	0

2024-08-08 21:37:10,370 - INFO - Verbosity                              	3

2024-08-08 21:37:10,370 - INFO - Seed substitution matrix               	nucl:nucleotide.out,aa:VTML80.out

2024-08-08 21:37:10,370 - INFO - Sensitivity                            	8.5

2024-08-08 21:37:10,370 - INFO - k-mer length                           	0

2024-08-08 21:37:10,370 - INFO - k-score                                	2147483647

2024-08-08 21:37:10,370 - INFO - Alphabet size                          	nucl:5,aa:21

2024-08-08 21:37:10,370 - INFO - Max results per query                  	300

2024-08-08 21:37:10,370 - INFO - Split database                         	0

2024-08-08 21:37:10,370 - INFO - Split mode                             	2

2024-08-08 21:37:10,370 - INFO - Split memory limit                     	0

2024-08-08 21:37:10,370 - INFO - Diagonal scoring                       	true

2024-08-08 21:37:10,370 - INFO - Exact k-mer matching                   	0

2024-08-08 21:37:10,370 - INFO - Mask residues                          	1

2024-08-08 21:37:10,370 - INFO - Mask lower case residues               	0

2024-08-08 21:37:10,370 - INFO - Minimum diagonal score                 	15

2024-08-08 21:37:10,370 - INFO - Spaced k-mers                          	1

2024-08-08 21:37:10,370 - INFO - Spaced k-mer pattern                   	

2024-08-08 21:37:10,370 - INFO - Local temporary path                   	

2024-08-08 21:37:10,370 - INFO - Rescore mode                           	0

2024-08-08 21:37:10,370 - INFO - Remove hits by seq. id. and coverage   	false

2024-08-08 21:37:10,370 - INFO - Sort results                           	0

2024-08-08 21:37:10,371 - INFO - Mask profile                           	1

2024-08-08 21:37:10,371 - INFO - Profile E-value threshold              	0.1

2024-08-08 21:37:10,371 - INFO - Global sequence weighting              	false

2024-08-08 21:37:10,371 - INFO - Allow deletions                        	false

2024-08-08 21:37:10,371 - INFO - Filter MSA                             	1

2024-08-08 21:37:10,371 - INFO - Maximum seq. id. threshold             	0.9

2024-08-08 21:37:10,371 - INFO - Minimum seq. id.                       	0

2024-08-08 21:37:10,371 - INFO - Minimum score per column               	-20

2024-08-08 21:37:10,371 - INFO - Minimum coverage                       	0

2024-08-08 21:37:10,371 - INFO - Select N most diverse seqs             	1000

2024-08-08 21:37:10,371 - INFO - Min codons in orf                      	30

2024-08-08 21:37:10,371 - INFO - Max codons in length                   	32734

2024-08-08 21:37:10,371 - INFO - Max orf gaps                           	2147483647

2024-08-08 21:37:10,371 - INFO - Contig start mode                      	2

2024-08-08 21:37:10,371 - INFO - Contig end mode                        	2

2024-08-08 21:37:10,371 - INFO - Orf start mode                         	1

2024-08-08 21:37:10,371 - INFO - Forward frames                         	1,2,3

2024-08-08 21:37:10,371 - INFO - Reverse frames                         	1,2,3

2024-08-08 21:37:10,371 - INFO - Translation table                      	1

2024-08-08 21:37:10,371 - INFO - Translate orf                          	0

2024-08-08 21:37:10,371 - INFO - Use all table starts                   	false

2024-08-08 21:37:10,371 - INFO - Offset of numeric ids                  	0

2024-08-08 21:37:10,371 - INFO - Create lookup                          	0

2024-08-08 21:37:10,371 - INFO - Add orf stop                           	false

2024-08-08 21:37:10,372 - INFO - Overlap between sequences              	0

2024-08-08 21:37:10,372 - INFO - Sequence split mode                    	1

2024-08-08 21:37:10,372 - INFO - Header split mode                      	0

2024-08-08 21:37:10,372 - INFO - Chain overlapping alignments           	0

2024-08-08 21:37:10,372 - INFO - Merge query                            	1

2024-08-08 21:37:10,372 - INFO - Search type                            	0

2024-08-08 21:37:10,372 - INFO - Search iterations                      	1

2024-08-08 21:37:10,372 - INFO - Start sensitivity                      	4

2024-08-08 21:37:10,372 - INFO - Search steps                           	1

2024-08-08 21:37:10,372 - INFO - Exhaustive search mode                 	false

2024-08-08 21:37:10,372 - INFO - Filter results during exhaustive search	0

2024-08-08 21:37:10,372 - INFO - Strand selection                       	1

2024-08-08 21:37:10,372 - INFO - LCA search mode                        	false

2024-08-08 21:37:10,372 - INFO - Disk space limit                       	0

2024-08-08 21:37:10,372 - INFO - MPI runner                             	

2024-08-08 21:37:10,372 - INFO - Force restart with latest tmp          	false

2024-08-08 21:37:10,372 - INFO - Remove temporary files                 	false

2024-08-08 21:37:10,372 - INFO - 

2024-08-08 21:37:10,639 - INFO - prefilter /data/yangy34/database/pharokka/phrogs_profile_db phage_pharokka/GCA_015343595.1_222|22-1513/target_dir/target_seqs phage_pharokka/GCA_015343595.1_222|22-1513/tmp_dir//3917242048830698156/pref_0 --sub-mat nucl:nucleotide.out,aa:blosum62.out --seed-sub-mat nucl:nucleotide.out,aa:VTML80.out -k 0 --k-score 2147483647 --alph-size nucl:5,aa:21 --max-seq-len 65535 --max-seqs 300 --split 0 --split-mode 2 --split-memory-limit 0 -c 0 --cov-mode 0 --comp-bias-corr 1 --diag-score 1 --exact-kmer-matching 0 --mask 1 --mask-lower-case 0 --min-ungapped-score 15 --add-self-matches 0 --spaced-kmer-mode 1 --db-load-mode 0 --pca 1 --pcb 1.5 --threads 32 --compressed 0 -v 3 -s 8.5 

2024-08-08 21:37:10,640 - INFO - 

2024-08-08 21:37:10,640 - INFO - Query database size: 38880 type: Profile

2024-08-08 21:37:10,640 - INFO - Estimated memory consumption: 488M

2024-08-08 21:37:10,640 - INFO - Target database size: 2 type: Aminoacid

2024-08-08 21:37:10,640 - INFO - Index table k-mer threshold: 0 at k-mer size 6 

2024-08-08 21:37:10,640 - INFO - Index table: counting k-mers

2024-08-08 21:37:10,776 - INFO - [=================================================================] 2 0s 3ms

2024-08-08 21:37:10,776 - INFO - Index table: Masked residues: 29

2024-08-08 21:37:10,776 - INFO - Index table: fill

2024-08-08 21:37:11,987 - INFO - [=================================================================] 2 0s 0ms

2024-08-08 21:37:11,987 - INFO - Index statistics

2024-08-08 21:37:11,987 - INFO - Entries:          426

2024-08-08 21:37:11,987 - INFO - DB size:          488 MB

2024-08-08 21:37:11,987 - INFO - Avg k-mer size:   0.000007

2024-08-08 21:37:11,987 - INFO - Top 10 k-mers

2024-08-08 21:37:11,987 - INFO -     PAMQAA	1

2024-08-08 21:37:11,987 - INFO -     YYDTAA	1

2024-08-08 21:37:11,987 - INFO -     FGSEDA	1

2024-08-08 21:37:11,987 - INFO -     PELFDA	1

2024-08-08 21:37:11,987 - INFO -     RLRFDA	1

2024-08-08 21:37:11,987 - INFO -     LIKIDA	1

2024-08-08 21:37:11,988 - INFO -     NIGQDA	1

2024-08-08 21:37:11,988 - INFO -     VFKRDA	1

2024-08-08 21:37:11,988 - INFO -     TPDSDA	1

2024-08-08 21:37:11,988 - INFO -     GFFIEA	1

2024-08-08 21:37:11,988 - INFO - Time for index table init: 0h 0m 0s 499ms

2024-08-08 21:37:11,988 - INFO - Process prefiltering step 1 of 1

2024-08-08 21:37:11,988 - INFO - 

2024-08-08 21:37:11,988 - INFO - k-mer similarity threshold: 81

2024-08-08 21:37:11,988 - INFO - Starting prefiltering scores calculation (step 1 of 1)

2024-08-08 21:37:11,988 - INFO - Query db start 1 to 38880

2024-08-08 21:37:11,988 - INFO - Target db start 1 to 2

2024-08-08 21:38:14,719 - INFO - [=================================================================] 38.88K 1m 3s 377ms

2024-08-08 21:38:14,719 - INFO - 

2024-08-08 21:38:14,719 - INFO - 5386.328443 k-mers per position

2024-08-08 21:38:14,719 - INFO - 6 DB matches per sequence

2024-08-08 21:38:14,720 - INFO - 0 overflows

2024-08-08 21:38:14,720 - INFO - 0 queries produce too many hits (truncated result)

2024-08-08 21:38:14,720 - INFO - 0 sequences passed prefiltering per query sequence

2024-08-08 21:38:14,720 - INFO - 0 median result list length

2024-08-08 21:38:14,720 - INFO - 33882 sequences with 0 size result lists

2024-08-08 21:38:14,720 - INFO - Time for merging to pref_0: 0h 0m 0s 123ms

2024-08-08 21:38:14,720 - INFO - Time for processing: 0h 1m 4s 341ms

2024-08-08 21:38:14,933 - INFO - align /data/yangy34/database/pharokka/phrogs_profile_db phage_pharokka/GCA_015343595.1_222|22-1513/target_dir/target_seqs phage_pharokka/GCA_015343595.1_222|22-1513/tmp_dir//3917242048830698156/pref_0 phage_pharokka/GCA_015343595.1_222|22-1513/mmseqs/results_mmseqs --sub-mat nucl:nucleotide.out,aa:blosum62.out -a 0 --alignment-mode 2 --alignment-output-mode 0 --wrapped-scoring 0 -e 1e-05 --min-seq-id 0 --min-aln-len 0 --seq-id-mode 0 --alt-ali 0 -c 0 --cov-mode 0 --max-seq-len 65535 --comp-bias-corr 1 --max-rejected 2147483647 --max-accept 2147483647 --add-self-matches 0 --db-load-mode 0 --pca 1 --pcb 1.5 --score-bias 0 --realign 0 --realign-score-bias -0.2 --realign-max-seqs 2147483647 --gap-open nucl:5,aa:11 --gap-extend nucl:2,aa:1 --zdrop 40 --threads 32 --compressed 0 -v 3 

2024-08-08 21:38:14,933 - INFO - 

2024-08-08 21:38:14,933 - INFO - Compute score and coverage

2024-08-08 21:38:14,933 - INFO - Query database size: 38880 type: Profile

2024-08-08 21:38:14,933 - INFO - Target database size: 2 type: Aminoacid

2024-08-08 21:38:14,933 - INFO - Calculation of alignments

2024-08-08 21:38:15,211 - INFO - [=================================================================] 38.88K 0s 221ms

2024-08-08 21:38:15,211 - INFO - Time for merging to results_mmseqs: 0h 0m 0s 65ms

2024-08-08 21:38:15,212 - INFO - 5036 alignments calculated

2024-08-08 21:38:15,212 - INFO - 4 sequence pairs passed the thresholds (0.000794 of overall calculated)

2024-08-08 21:38:15,212 - INFO - 0.000103 hits per query sequence

2024-08-08 21:38:15,212 - INFO - Time for processing: 0h 0m 0s 479ms

2024-08-08 21:38:15,492 - INFO - createtsv /data/yangy34/database/pharokka/phrogs_profile_db phage_pharokka/GCA_015343595.1_222|22-1513/target_dir/target_seqs phage_pharokka/GCA_015343595.1_222|22-1513/mmseqs/results_mmseqs phage_pharokka/GCA_015343595.1_222|22-1513/mmseqs_results.tsv --full-header --threads 32 

2024-08-08 21:38:15,492 - INFO - 

2024-08-08 21:38:15,492 - INFO - MMseqs Version:                 	13.45111

2024-08-08 21:38:15,492 - INFO - First sequence as representative	false

2024-08-08 21:38:15,492 - INFO - Target column                   	1

2024-08-08 21:38:15,492 - INFO - Add full header                 	true

2024-08-08 21:38:15,492 - INFO - Sequence source                 	0

2024-08-08 21:38:15,492 - INFO - Database output                 	false

2024-08-08 21:38:15,492 - INFO - Threads                         	32

2024-08-08 21:38:15,492 - INFO - Compressed                      	0

2024-08-08 21:38:15,492 - INFO - Verbosity                       	3

2024-08-08 21:38:15,492 - INFO - 

2024-08-08 21:38:15,492 - INFO - Time for merging to mmseqs_results.tsv: 0h 0m 0s 91ms

2024-08-08 21:38:15,492 - INFO - Time for processing: 0h 0m 0s 251ms

2024-08-08 21:38:15,530 - INFO - Running mmseqs2 on CARD.
2024-08-08 21:38:15,758 - INFO - createdb phage_pharokka/GCA_015343595.1_222|22-1513/phanotate_aas_tmp.fasta phage_pharokka/GCA_015343595.1_222|22-1513/CARD_target_dir/target_seqs 

2024-08-08 21:38:15,758 - INFO - 

2024-08-08 21:38:15,758 - INFO - MMseqs Version:       	13.45111

2024-08-08 21:38:15,758 - INFO - Database type         	0

2024-08-08 21:38:15,758 - INFO - Shuffle input database	true

2024-08-08 21:38:15,758 - INFO - Createdb mode         	0

2024-08-08 21:38:15,758 - INFO - Write lookup file     	1

2024-08-08 21:38:15,758 - INFO - Offset of numeric ids 	0

2024-08-08 21:38:15,758 - INFO - Compressed            	0

2024-08-08 21:38:15,758 - INFO - Verbosity             	3

2024-08-08 21:38:15,758 - INFO - 

2024-08-08 21:38:15,758 - INFO - Converting sequences

2024-08-08 21:38:15,758 - INFO - [

2024-08-08 21:38:15,758 - INFO - Time for merging to target_seqs_h: 0h 0m 0s 64ms

2024-08-08 21:38:15,758 - INFO - Time for merging to target_seqs: 0h 0m 0s 53ms

2024-08-08 21:38:15,759 - INFO - Database type: Aminoacid

2024-08-08 21:38:15,759 - INFO - Time for processing: 0h 0m 0s 198ms

2024-08-08 21:38:15,774 - INFO - Create directory phage_pharokka/GCA_015343595.1_222|22-1513/CARD_tmp_dir/

2024-08-08 21:38:15,774 - INFO - search --min-seq-id 0.8 -c 0.4 /data/yangy34/database/pharokka/CARD phage_pharokka/GCA_015343595.1_222|22-1513/CARD_target_dir/target_seqs phage_pharokka/GCA_015343595.1_222|22-1513/CARD/results_CARD phage_pharokka/GCA_015343595.1_222|22-1513/CARD_tmp_dir/ -s 8.5 --threads 32 

2024-08-08 21:38:15,774 - INFO - 

2024-08-08 21:38:15,774 - INFO - MMseqs Version:                        	13.45111

2024-08-08 21:38:15,774 - INFO - Substitution matrix                    	nucl:nucleotide.out,aa:blosum62.out

2024-08-08 21:38:15,774 - INFO - Add backtrace                          	false

2024-08-08 21:38:15,774 - INFO - Alignment mode                         	2

2024-08-08 21:38:15,774 - INFO - Alignment mode                         	0

2024-08-08 21:38:15,774 - INFO - Allow wrapped scoring                  	false

2024-08-08 21:38:15,774 - INFO - E-value threshold                      	0.001

2024-08-08 21:38:15,774 - INFO - Seq. id. threshold                     	0.8

2024-08-08 21:38:15,774 - INFO - Min alignment length                   	0

2024-08-08 21:38:15,774 - INFO - Seq. id. mode                          	0

2024-08-08 21:38:15,774 - INFO - Alternative alignments                 	0

2024-08-08 21:38:15,774 - INFO - Coverage threshold                     	0.4

2024-08-08 21:38:15,774 - INFO - Coverage mode                          	0

2024-08-08 21:38:15,775 - INFO - Max sequence length                    	65535

2024-08-08 21:38:15,775 - INFO - Compositional bias                     	1

2024-08-08 21:38:15,775 - INFO - Max reject                             	2147483647

2024-08-08 21:38:15,775 - INFO - Max accept                             	2147483647

2024-08-08 21:38:15,775 - INFO - Include identical seq. id.             	false

2024-08-08 21:38:15,775 - INFO - Preload mode                           	0

2024-08-08 21:38:15,775 - INFO - Pseudo count a                         	1

2024-08-08 21:38:15,775 - INFO - Pseudo count b                         	1.5

2024-08-08 21:38:15,775 - INFO - Score bias                             	0

2024-08-08 21:38:15,775 - INFO - Realign hits                           	false

2024-08-08 21:38:15,775 - INFO - Realign score bias                     	-0.2

2024-08-08 21:38:15,775 - INFO - Realign max seqs                       	2147483647

2024-08-08 21:38:15,775 - INFO - Gap open cost                          	nucl:5,aa:11

2024-08-08 21:38:15,775 - INFO - Gap extension cost                     	nucl:2,aa:1

2024-08-08 21:38:15,775 - INFO - Zdrop                                  	40

2024-08-08 21:38:15,775 - INFO - Threads                                	32

2024-08-08 21:38:15,775 - INFO - Compressed                             	0

2024-08-08 21:38:15,775 - INFO - Verbosity                              	3

2024-08-08 21:38:15,775 - INFO - Seed substitution matrix               	nucl:nucleotide.out,aa:VTML80.out

2024-08-08 21:38:15,775 - INFO - Sensitivity                            	8.5

2024-08-08 21:38:15,775 - INFO - k-mer length                           	0

2024-08-08 21:38:15,775 - INFO - k-score                                	2147483647

2024-08-08 21:38:15,775 - INFO - Alphabet size                          	nucl:5,aa:21

2024-08-08 21:38:15,775 - INFO - Max results per query                  	300

2024-08-08 21:38:15,776 - INFO - Split database                         	0

2024-08-08 21:38:15,776 - INFO - Split mode                             	2

2024-08-08 21:38:15,776 - INFO - Split memory limit                     	0

2024-08-08 21:38:15,776 - INFO - Diagonal scoring                       	true

2024-08-08 21:38:15,776 - INFO - Exact k-mer matching                   	0

2024-08-08 21:38:15,776 - INFO - Mask residues                          	1

2024-08-08 21:38:15,776 - INFO - Mask lower case residues               	0

2024-08-08 21:38:15,776 - INFO - Minimum diagonal score                 	15

2024-08-08 21:38:15,776 - INFO - Spaced k-mers                          	1

2024-08-08 21:38:15,776 - INFO - Spaced k-mer pattern                   	

2024-08-08 21:38:15,776 - INFO - Local temporary path                   	

2024-08-08 21:38:15,776 - INFO - Rescore mode                           	0

2024-08-08 21:38:15,776 - INFO - Remove hits by seq. id. and coverage   	false

2024-08-08 21:38:15,776 - INFO - Sort results                           	0

2024-08-08 21:38:15,776 - INFO - Mask profile                           	1

2024-08-08 21:38:15,776 - INFO - Profile E-value threshold              	0.1

2024-08-08 21:38:15,776 - INFO - Global sequence weighting              	false

2024-08-08 21:38:15,776 - INFO - Allow deletions                        	false

2024-08-08 21:38:15,776 - INFO - Filter MSA                             	1

2024-08-08 21:38:15,776 - INFO - Maximum seq. id. threshold             	0.9

2024-08-08 21:38:15,776 - INFO - Minimum seq. id.                       	0

2024-08-08 21:38:15,776 - INFO - Minimum score per column               	-20

2024-08-08 21:38:15,776 - INFO - Minimum coverage                       	0

2024-08-08 21:38:15,776 - INFO - Select N most diverse seqs             	1000

2024-08-08 21:38:15,777 - INFO - Min codons in orf                      	30

2024-08-08 21:38:15,777 - INFO - Max codons in length                   	32734

2024-08-08 21:38:15,777 - INFO - Max orf gaps                           	2147483647

2024-08-08 21:38:15,777 - INFO - Contig start mode                      	2

2024-08-08 21:38:15,777 - INFO - Contig end mode                        	2

2024-08-08 21:38:15,777 - INFO - Orf start mode                         	1

2024-08-08 21:38:15,777 - INFO - Forward frames                         	1,2,3

2024-08-08 21:38:15,777 - INFO - Reverse frames                         	1,2,3

2024-08-08 21:38:15,777 - INFO - Translation table                      	1

2024-08-08 21:38:15,777 - INFO - Translate orf                          	0

2024-08-08 21:38:15,777 - INFO - Use all table starts                   	false

2024-08-08 21:38:15,777 - INFO - Offset of numeric ids                  	0

2024-08-08 21:38:15,777 - INFO - Create lookup                          	0

2024-08-08 21:38:15,777 - INFO - Add orf stop                           	false

2024-08-08 21:38:15,777 - INFO - Overlap between sequences              	0

2024-08-08 21:38:15,777 - INFO - Sequence split mode                    	1

2024-08-08 21:38:15,777 - INFO - Header split mode                      	0

2024-08-08 21:38:15,777 - INFO - Chain overlapping alignments           	0

2024-08-08 21:38:15,777 - INFO - Merge query                            	1

2024-08-08 21:38:15,777 - INFO - Search type                            	0

2024-08-08 21:38:15,777 - INFO - Search iterations                      	1

2024-08-08 21:38:15,777 - INFO - Start sensitivity                      	4

2024-08-08 21:38:15,777 - INFO - Search steps                           	1

2024-08-08 21:38:15,778 - INFO - Exhaustive search mode                 	false

2024-08-08 21:38:15,778 - INFO - Filter results during exhaustive search	0

2024-08-08 21:38:15,778 - INFO - Strand selection                       	1

2024-08-08 21:38:15,778 - INFO - LCA search mode                        	false

2024-08-08 21:38:15,778 - INFO - Disk space limit                       	0

2024-08-08 21:38:15,778 - INFO - MPI runner                             	

2024-08-08 21:38:15,778 - INFO - Force restart with latest tmp          	false

2024-08-08 21:38:15,778 - INFO - Remove temporary files                 	false

2024-08-08 21:38:15,778 - INFO - 

2024-08-08 21:38:15,938 - INFO - prefilter /data/yangy34/database/pharokka/CARD phage_pharokka/GCA_015343595.1_222|22-1513/CARD_target_dir/target_seqs phage_pharokka/GCA_015343595.1_222|22-1513/CARD_tmp_dir//145064015259015664/pref_0 --sub-mat nucl:nucleotide.out,aa:blosum62.out --seed-sub-mat nucl:nucleotide.out,aa:VTML80.out -k 0 --k-score 2147483647 --alph-size nucl:5,aa:21 --max-seq-len 65535 --max-seqs 300 --split 0 --split-mode 2 --split-memory-limit 0 -c 0.4 --cov-mode 0 --comp-bias-corr 1 --diag-score 1 --exact-kmer-matching 0 --mask 1 --mask-lower-case 0 --min-ungapped-score 15 --add-self-matches 0 --spaced-kmer-mode 1 --db-load-mode 0 --pca 1 --pcb 1.5 --threads 32 --compressed 0 -v 3 -s 8.5 

2024-08-08 21:38:15,938 - INFO - 

2024-08-08 21:38:15,938 - INFO - Query database size: 4641 type: Aminoacid

2024-08-08 21:38:15,938 - INFO - Estimated memory consumption: 977M

2024-08-08 21:38:15,938 - INFO - Target database size: 2 type: Aminoacid

2024-08-08 21:38:15,938 - INFO - Index table k-mer threshold: 87 at k-mer size 6 

2024-08-08 21:38:15,938 - INFO - Index table: counting k-mers

2024-08-08 21:38:16,073 - INFO - [=================================================================] 2 0s 5ms

2024-08-08 21:38:16,073 - INFO - Index table: Masked residues: 21

2024-08-08 21:38:16,073 - INFO - Index table: fill

2024-08-08 21:38:16,575 - INFO - [=================================================================] 2 0s 1ms

2024-08-08 21:38:16,576 - INFO - Index statistics

2024-08-08 21:38:16,576 - INFO - Entries:          434

2024-08-08 21:38:16,576 - INFO - DB size:          488 MB

2024-08-08 21:38:16,576 - INFO - Avg k-mer size:   0.000007

2024-08-08 21:38:16,576 - INFO - Top 10 k-mers

2024-08-08 21:38:16,576 - INFO -     PAMQAA	1

2024-08-08 21:38:16,576 - INFO -     YYDTAA	1

2024-08-08 21:38:16,576 - INFO -     FGSEDA	1

2024-08-08 21:38:16,576 - INFO -     PELFDA	1

2024-08-08 21:38:16,576 - INFO -     RLRFDA	1

2024-08-08 21:38:16,576 - INFO -     LIKIDA	1

2024-08-08 21:38:16,576 - INFO -     NIGQDA	1

2024-08-08 21:38:16,576 - INFO -     VFKRDA	1

2024-08-08 21:38:16,576 - INFO -     TPDSDA	1

2024-08-08 21:38:16,577 - INFO -     GFFIEA	1

2024-08-08 21:38:16,577 - INFO - Time for index table init: 0h 0m 0s 436ms

2024-08-08 21:38:16,577 - INFO - Process prefiltering step 1 of 1

2024-08-08 21:38:16,577 - INFO - 

2024-08-08 21:38:16,577 - INFO - k-mer similarity threshold: 87

2024-08-08 21:38:16,577 - INFO - Starting prefiltering scores calculation (step 1 of 1)

2024-08-08 21:38:16,577 - INFO - Query db start 1 to 4641

2024-08-08 21:38:16,577 - INFO - Target db start 1 to 2

2024-08-08 21:38:24,879 - INFO - [=================================================================] 4.64K 8s 296ms

2024-08-08 21:38:24,879 - INFO - 

2024-08-08 21:38:24,879 - INFO - 3883.681631 k-mers per position

2024-08-08 21:38:24,879 - INFO - 9 DB matches per sequence

2024-08-08 21:38:24,880 - INFO - 0 overflows

2024-08-08 21:38:24,880 - INFO - 0 queries produce too many hits (truncated result)

2024-08-08 21:38:24,880 - INFO - 0 sequences passed prefiltering per query sequence

2024-08-08 21:38:24,880 - INFO - 0 median result list length

2024-08-08 21:38:24,880 - INFO - 3715 sequences with 0 size result lists

2024-08-08 21:38:24,880 - INFO - Time for merging to pref_0: 0h 0m 0s 50ms

2024-08-08 21:38:24,880 - INFO - Time for processing: 0h 0m 9s 95ms

2024-08-08 21:38:25,012 - INFO - align /data/yangy34/database/pharokka/CARD phage_pharokka/GCA_015343595.1_222|22-1513/CARD_target_dir/target_seqs phage_pharokka/GCA_015343595.1_222|22-1513/CARD_tmp_dir//145064015259015664/pref_0 phage_pharokka/GCA_015343595.1_222|22-1513/CARD/results_CARD --sub-mat nucl:nucleotide.out,aa:blosum62.out -a 0 --alignment-mode 2 --alignment-output-mode 0 --wrapped-scoring 0 -e 0.001 --min-seq-id 0.8 --min-aln-len 0 --seq-id-mode 0 --alt-ali 0 -c 0.4 --cov-mode 0 --max-seq-len 65535 --comp-bias-corr 1 --max-rejected 2147483647 --max-accept 2147483647 --add-self-matches 0 --db-load-mode 0 --pca 1 --pcb 1.5 --score-bias 0 --realign 0 --realign-score-bias -0.2 --realign-max-seqs 2147483647 --gap-open nucl:5,aa:11 --gap-extend nucl:2,aa:1 --zdrop 40 --threads 32 --compressed 0 -v 3 

2024-08-08 21:38:25,012 - INFO - 

2024-08-08 21:38:25,013 - INFO - Compute score and coverage

2024-08-08 21:38:25,013 - INFO - Query database size: 4641 type: Aminoacid

2024-08-08 21:38:25,013 - INFO - Target database size: 2 type: Aminoacid

2024-08-08 21:38:25,013 - INFO - Calculation of alignments

2024-08-08 21:38:25,071 - INFO - [=================================================================] 4.64K 0s 14ms

2024-08-08 21:38:25,071 - INFO - Time for merging to results_CARD: 0h 0m 0s 46ms

2024-08-08 21:38:25,071 - INFO - 732 alignments calculated

2024-08-08 21:38:25,071 - INFO - 0 sequence pairs passed the thresholds (0.000000 of overall calculated)

2024-08-08 21:38:25,071 - INFO - 0.000000 hits per query sequence

2024-08-08 21:38:25,071 - INFO - Time for processing: 0h 0m 0s 182ms

2024-08-08 21:38:25,300 - INFO - createtsv /data/yangy34/database/pharokka/CARD phage_pharokka/GCA_015343595.1_222|22-1513/CARD_target_dir/target_seqs phage_pharokka/GCA_015343595.1_222|22-1513/CARD/results_CARD phage_pharokka/GCA_015343595.1_222|22-1513/CARD_results.tsv --full-header --threads 32 

2024-08-08 21:38:25,300 - INFO - 

2024-08-08 21:38:25,301 - INFO - MMseqs Version:                 	13.45111

2024-08-08 21:38:25,301 - INFO - First sequence as representative	false

2024-08-08 21:38:25,301 - INFO - Target column                   	1

2024-08-08 21:38:25,301 - INFO - Add full header                 	true

2024-08-08 21:38:25,301 - INFO - Sequence source                 	0

2024-08-08 21:38:25,301 - INFO - Database output                 	false

2024-08-08 21:38:25,301 - INFO - Threads                         	32

2024-08-08 21:38:25,301 - INFO - Compressed                      	0

2024-08-08 21:38:25,301 - INFO - Verbosity                       	3

2024-08-08 21:38:25,301 - INFO - 

2024-08-08 21:38:25,301 - INFO - Time for merging to CARD_results.tsv: 0h 0m 0s 71ms

2024-08-08 21:38:25,301 - INFO - Time for processing: 0h 0m 0s 215ms

2024-08-08 21:38:25,320 - INFO - Running mmseqs2 on vfdb.
2024-08-08 21:38:25,592 - INFO - createdb phage_pharokka/GCA_015343595.1_222|22-1513/phanotate_aas_tmp.fasta phage_pharokka/GCA_015343595.1_222|22-1513/vfdb_target_dir/target_seqs 

2024-08-08 21:38:25,592 - INFO - 

2024-08-08 21:38:25,592 - INFO - MMseqs Version:       	13.45111

2024-08-08 21:38:25,593 - INFO - Database type         	0

2024-08-08 21:38:25,593 - INFO - Shuffle input database	true

2024-08-08 21:38:25,593 - INFO - Createdb mode         	0

2024-08-08 21:38:25,593 - INFO - Write lookup file     	1

2024-08-08 21:38:25,593 - INFO - Offset of numeric ids 	0

2024-08-08 21:38:25,593 - INFO - Compressed            	0

2024-08-08 21:38:25,593 - INFO - Verbosity             	3

2024-08-08 21:38:25,593 - INFO - 

2024-08-08 21:38:25,593 - INFO - Converting sequences

2024-08-08 21:38:25,593 - INFO - [

2024-08-08 21:38:25,593 - INFO - Time for merging to target_seqs_h: 0h 0m 0s 61ms

2024-08-08 21:38:25,593 - INFO - Time for merging to target_seqs: 0h 0m 0s 65ms

2024-08-08 21:38:25,593 - INFO - Database type: Aminoacid

2024-08-08 21:38:25,593 - INFO - Time for processing: 0h 0m 0s 255ms

2024-08-08 21:38:25,605 - INFO - Create directory phage_pharokka/GCA_015343595.1_222|22-1513/vfdb_tmp_dir/

2024-08-08 21:38:25,605 - INFO - search --min-seq-id 0.8 -c 0.4 /data/yangy34/database/pharokka/vfdb phage_pharokka/GCA_015343595.1_222|22-1513/vfdb_target_dir/target_seqs phage_pharokka/GCA_015343595.1_222|22-1513/vfdb/results_vfdb phage_pharokka/GCA_015343595.1_222|22-1513/vfdb_tmp_dir/ -s 8.5 --threads 32 

2024-08-08 21:38:25,605 - INFO - 

2024-08-08 21:38:25,605 - INFO - MMseqs Version:                        	13.45111

2024-08-08 21:38:25,605 - INFO - Substitution matrix                    	nucl:nucleotide.out,aa:blosum62.out

2024-08-08 21:38:25,605 - INFO - Add backtrace                          	false

2024-08-08 21:38:25,605 - INFO - Alignment mode                         	2

2024-08-08 21:38:25,605 - INFO - Alignment mode                         	0

2024-08-08 21:38:25,605 - INFO - Allow wrapped scoring                  	false

2024-08-08 21:38:25,605 - INFO - E-value threshold                      	0.001

2024-08-08 21:38:25,605 - INFO - Seq. id. threshold                     	0.8

2024-08-08 21:38:25,606 - INFO - Min alignment length                   	0

2024-08-08 21:38:25,606 - INFO - Seq. id. mode                          	0

2024-08-08 21:38:25,606 - INFO - Alternative alignments                 	0

2024-08-08 21:38:25,606 - INFO - Coverage threshold                     	0.4

2024-08-08 21:38:25,606 - INFO - Coverage mode                          	0

2024-08-08 21:38:25,606 - INFO - Max sequence length                    	65535

2024-08-08 21:38:25,606 - INFO - Compositional bias                     	1

2024-08-08 21:38:25,606 - INFO - Max reject                             	2147483647

2024-08-08 21:38:25,606 - INFO - Max accept                             	2147483647

2024-08-08 21:38:25,606 - INFO - Include identical seq. id.             	false

2024-08-08 21:38:25,606 - INFO - Preload mode                           	0

2024-08-08 21:38:25,606 - INFO - Pseudo count a                         	1

2024-08-08 21:38:25,606 - INFO - Pseudo count b                         	1.5

2024-08-08 21:38:25,606 - INFO - Score bias                             	0

2024-08-08 21:38:25,606 - INFO - Realign hits                           	false

2024-08-08 21:38:25,606 - INFO - Realign score bias                     	-0.2

2024-08-08 21:38:25,606 - INFO - Realign max seqs                       	2147483647

2024-08-08 21:38:25,606 - INFO - Gap open cost                          	nucl:5,aa:11

2024-08-08 21:38:25,606 - INFO - Gap extension cost                     	nucl:2,aa:1

2024-08-08 21:38:25,606 - INFO - Zdrop                                  	40

2024-08-08 21:38:25,607 - INFO - Threads                                	32

2024-08-08 21:38:25,607 - INFO - Compressed                             	0

2024-08-08 21:38:25,607 - INFO - Verbosity                              	3

2024-08-08 21:38:25,607 - INFO - Seed substitution matrix               	nucl:nucleotide.out,aa:VTML80.out

2024-08-08 21:38:25,607 - INFO - Sensitivity                            	8.5

2024-08-08 21:38:25,607 - INFO - k-mer length                           	0

2024-08-08 21:38:25,607 - INFO - k-score                                	2147483647

2024-08-08 21:38:25,607 - INFO - Alphabet size                          	nucl:5,aa:21

2024-08-08 21:38:25,607 - INFO - Max results per query                  	300

2024-08-08 21:38:25,607 - INFO - Split database                         	0

2024-08-08 21:38:25,607 - INFO - Split mode                             	2

2024-08-08 21:38:25,607 - INFO - Split memory limit                     	0

2024-08-08 21:38:25,607 - INFO - Diagonal scoring                       	true

2024-08-08 21:38:25,607 - INFO - Exact k-mer matching                   	0

2024-08-08 21:38:25,607 - INFO - Mask residues                          	1

2024-08-08 21:38:25,607 - INFO - Mask lower case residues               	0

2024-08-08 21:38:25,607 - INFO - Minimum diagonal score                 	15

2024-08-08 21:38:25,607 - INFO - Spaced k-mers                          	1

2024-08-08 21:38:25,607 - INFO - Spaced k-mer pattern                   	

2024-08-08 21:38:25,607 - INFO - Local temporary path                   	

2024-08-08 21:38:25,607 - INFO - Rescore mode                           	0

2024-08-08 21:38:25,608 - INFO - Remove hits by seq. id. and coverage   	false

2024-08-08 21:38:25,608 - INFO - Sort results                           	0

2024-08-08 21:38:25,608 - INFO - Mask profile                           	1

2024-08-08 21:38:25,608 - INFO - Profile E-value threshold              	0.1

2024-08-08 21:38:25,608 - INFO - Global sequence weighting              	false

2024-08-08 21:38:25,608 - INFO - Allow deletions                        	false

2024-08-08 21:38:25,608 - INFO - Filter MSA                             	1

2024-08-08 21:38:25,608 - INFO - Maximum seq. id. threshold             	0.9

2024-08-08 21:38:25,608 - INFO - Minimum seq. id.                       	0

2024-08-08 21:38:25,608 - INFO - Minimum score per column               	-20

2024-08-08 21:38:25,608 - INFO - Minimum coverage                       	0

2024-08-08 21:38:25,608 - INFO - Select N most diverse seqs             	1000

2024-08-08 21:38:25,608 - INFO - Min codons in orf                      	30

2024-08-08 21:38:25,608 - INFO - Max codons in length                   	32734

2024-08-08 21:38:25,608 - INFO - Max orf gaps                           	2147483647

2024-08-08 21:38:25,608 - INFO - Contig start mode                      	2

2024-08-08 21:38:25,608 - INFO - Contig end mode                        	2

2024-08-08 21:38:25,608 - INFO - Orf start mode                         	1

2024-08-08 21:38:25,608 - INFO - Forward frames                         	1,2,3

2024-08-08 21:38:25,608 - INFO - Reverse frames                         	1,2,3

2024-08-08 21:38:25,609 - INFO - Translation table                      	1

2024-08-08 21:38:25,609 - INFO - Translate orf                          	0

2024-08-08 21:38:25,609 - INFO - Use all table starts                   	false

2024-08-08 21:38:25,609 - INFO - Offset of numeric ids                  	0

2024-08-08 21:38:25,609 - INFO - Create lookup                          	0

2024-08-08 21:38:25,609 - INFO - Add orf stop                           	false

2024-08-08 21:38:25,609 - INFO - Overlap between sequences              	0

2024-08-08 21:38:25,609 - INFO - Sequence split mode                    	1

2024-08-08 21:38:25,609 - INFO - Header split mode                      	0

2024-08-08 21:38:25,609 - INFO - Chain overlapping alignments           	0

2024-08-08 21:38:25,609 - INFO - Merge query                            	1

2024-08-08 21:38:25,609 - INFO - Search type                            	0

2024-08-08 21:38:25,609 - INFO - Search iterations                      	1

2024-08-08 21:38:25,609 - INFO - Start sensitivity                      	4

2024-08-08 21:38:25,609 - INFO - Search steps                           	1

2024-08-08 21:38:25,609 - INFO - Exhaustive search mode                 	false

2024-08-08 21:38:25,609 - INFO - Filter results during exhaustive search	0

2024-08-08 21:38:25,609 - INFO - Strand selection                       	1

2024-08-08 21:38:25,609 - INFO - LCA search mode                        	false

2024-08-08 21:38:25,609 - INFO - Disk space limit                       	0

2024-08-08 21:38:25,610 - INFO - MPI runner                             	

2024-08-08 21:38:25,610 - INFO - Force restart with latest tmp          	false

2024-08-08 21:38:25,610 - INFO - Remove temporary files                 	false

2024-08-08 21:38:25,610 - INFO - 

2024-08-08 21:38:25,780 - INFO - prefilter /data/yangy34/database/pharokka/vfdb phage_pharokka/GCA_015343595.1_222|22-1513/vfdb_target_dir/target_seqs phage_pharokka/GCA_015343595.1_222|22-1513/vfdb_tmp_dir//14421199416754915672/pref_0 --sub-mat nucl:nucleotide.out,aa:blosum62.out --seed-sub-mat nucl:nucleotide.out,aa:VTML80.out -k 0 --k-score 2147483647 --alph-size nucl:5,aa:21 --max-seq-len 65535 --max-seqs 300 --split 0 --split-mode 2 --split-memory-limit 0 -c 0.4 --cov-mode 0 --comp-bias-corr 1 --diag-score 1 --exact-kmer-matching 0 --mask 1 --mask-lower-case 0 --min-ungapped-score 15 --add-self-matches 0 --spaced-kmer-mode 1 --db-load-mode 0 --pca 1 --pcb 1.5 --threads 32 --compressed 0 -v 3 -s 8.5 

2024-08-08 21:38:25,780 - INFO - 

2024-08-08 21:38:25,780 - INFO - Query database size: 27504 type: Aminoacid

2024-08-08 21:38:25,780 - INFO - Estimated memory consumption: 977M

2024-08-08 21:38:25,780 - INFO - Target database size: 2 type: Aminoacid

2024-08-08 21:38:25,780 - INFO - Index table k-mer threshold: 87 at k-mer size 6 

2024-08-08 21:38:25,780 - INFO - Index table: counting k-mers

2024-08-08 21:38:25,919 - INFO - [=================================================================] 2 0s 6ms

2024-08-08 21:38:25,919 - INFO - Index table: Masked residues: 21

2024-08-08 21:38:25,919 - INFO - Index table: fill

2024-08-08 21:38:27,230 - INFO - [=================================================================] 2 0s 0ms

2024-08-08 21:38:27,230 - INFO - Index statistics

2024-08-08 21:38:27,230 - INFO - Entries:          434

2024-08-08 21:38:27,230 - INFO - DB size:          488 MB

2024-08-08 21:38:27,231 - INFO - Avg k-mer size:   0.000007

2024-08-08 21:38:27,231 - INFO - Top 10 k-mers

2024-08-08 21:38:27,231 - INFO -     PAMQAA	1

2024-08-08 21:38:27,231 - INFO -     YYDTAA	1

2024-08-08 21:38:27,231 - INFO -     FGSEDA	1

2024-08-08 21:38:27,231 - INFO -     PELFDA	1

2024-08-08 21:38:27,231 - INFO -     RLRFDA	1

2024-08-08 21:38:27,231 - INFO -     LIKIDA	1

2024-08-08 21:38:27,231 - INFO -     NIGQDA	1

2024-08-08 21:38:27,232 - INFO -     VFKRDA	1

2024-08-08 21:38:27,232 - INFO -     TPDSDA	1

2024-08-08 21:38:27,232 - INFO -     GFFIEA	1

2024-08-08 21:38:27,232 - INFO - Time for index table init: 0h 0m 0s 445ms

2024-08-08 21:38:27,232 - INFO - Process prefiltering step 1 of 1

2024-08-08 21:38:27,232 - INFO - 

2024-08-08 21:38:27,232 - INFO - k-mer similarity threshold: 87

2024-08-08 21:38:27,232 - INFO - Starting prefiltering scores calculation (step 1 of 1)

2024-08-08 21:38:27,232 - INFO - Query db start 1 to 27504

2024-08-08 21:38:27,233 - INFO - Target db start 1 to 2

2024-08-08 21:39:27,830 - INFO - [=================================================================] 27.50K 1m 1s 137ms

2024-08-08 21:39:27,830 - INFO - 

2024-08-08 21:39:27,831 - INFO - 3159.764157 k-mers per position

2024-08-08 21:39:27,831 - INFO - 11 DB matches per sequence

2024-08-08 21:39:27,831 - INFO - 0 overflows

2024-08-08 21:39:27,831 - INFO - 0 queries produce too many hits (truncated result)

2024-08-08 21:39:27,831 - INFO - 0 sequences passed prefiltering per query sequence

2024-08-08 21:39:27,831 - INFO - 0 median result list length

2024-08-08 21:39:27,831 - INFO - 21872 sequences with 0 size result lists

2024-08-08 21:39:27,831 - INFO - Time for merging to pref_0: 0h 0m 0s 44ms

2024-08-08 21:39:27,831 - INFO - Time for processing: 0h 1m 2s 216ms

2024-08-08 21:39:27,936 - INFO - align /data/yangy34/database/pharokka/vfdb phage_pharokka/GCA_015343595.1_222|22-1513/vfdb_target_dir/target_seqs phage_pharokka/GCA_015343595.1_222|22-1513/vfdb_tmp_dir//14421199416754915672/pref_0 phage_pharokka/GCA_015343595.1_222|22-1513/vfdb/results_vfdb --sub-mat nucl:nucleotide.out,aa:blosum62.out -a 0 --alignment-mode 2 --alignment-output-mode 0 --wrapped-scoring 0 -e 0.001 --min-seq-id 0.8 --min-aln-len 0 --seq-id-mode 0 --alt-ali 0 -c 0.4 --cov-mode 0 --max-seq-len 65535 --comp-bias-corr 1 --max-rejected 2147483647 --max-accept 2147483647 --add-self-matches 0 --db-load-mode 0 --pca 1 --pcb 1.5 --score-bias 0 --realign 0 --realign-score-bias -0.2 --realign-max-seqs 2147483647 --gap-open nucl:5,aa:11 --gap-extend nucl:2,aa:1 --zdrop 40 --threads 32 --compressed 0 -v 3 

2024-08-08 21:39:27,936 - INFO - 

2024-08-08 21:39:27,937 - INFO - Compute score and coverage

2024-08-08 21:39:27,937 - INFO - Query database size: 27504 type: Aminoacid

2024-08-08 21:39:27,937 - INFO - Target database size: 2 type: Aminoacid

2024-08-08 21:39:27,937 - INFO - Calculation of alignments

2024-08-08 21:39:28,005 - INFO - [=================================================================] 27.50K 0s 48ms

2024-08-08 21:39:28,005 - INFO - Time for merging to results_vfdb: 0h 0m 0s 17ms

2024-08-08 21:39:28,005 - INFO - 4421 alignments calculated

2024-08-08 21:39:28,005 - INFO - 0 sequence pairs passed the thresholds (0.000000 of overall calculated)

2024-08-08 21:39:28,005 - INFO - 0.000000 hits per query sequence

2024-08-08 21:39:28,005 - INFO - Time for processing: 0h 0m 0s 153ms

2024-08-08 21:39:28,177 - INFO - createtsv /data/yangy34/database/pharokka/vfdb phage_pharokka/GCA_015343595.1_222|22-1513/vfdb_target_dir/target_seqs phage_pharokka/GCA_015343595.1_222|22-1513/vfdb/results_vfdb phage_pharokka/GCA_015343595.1_222|22-1513/vfdb_results.tsv --full-header --threads 32 

2024-08-08 21:39:28,177 - INFO - 

2024-08-08 21:39:28,178 - INFO - MMseqs Version:                 	13.45111

2024-08-08 21:39:28,178 - INFO - First sequence as representative	false

2024-08-08 21:39:28,178 - INFO - Target column                   	1

2024-08-08 21:39:28,178 - INFO - Add full header                 	true

2024-08-08 21:39:28,178 - INFO - Sequence source                 	0

2024-08-08 21:39:28,178 - INFO - Database output                 	false

2024-08-08 21:39:28,178 - INFO - Threads                         	32

2024-08-08 21:39:28,178 - INFO - Compressed                      	0

2024-08-08 21:39:28,178 - INFO - Verbosity                       	3

2024-08-08 21:39:28,178 - INFO - 

2024-08-08 21:39:28,178 - INFO - Time for merging to vfdb_results.tsv: 0h 0m 0s 23ms

2024-08-08 21:39:28,178 - INFO - Time for processing: 0h 0m 0s 164ms

2024-08-08 21:39:28,202 - INFO - Post Processing Output.
2024-08-08 21:39:28,672 - INFO - Converting gff to genbank.
2024-08-08 21:39:28,695 - WARNING - /gpfs/gsfs12/users/yangy34/softwares/mambaforge/envs/pharokka-env/lib/python3.10/site-packages/Bio/SeqIO/InsdcIO.py:728: BiopythonWarning: Increasing length of locus line to allow long name. This will result in fields that are not in usual positions.
  warnings.warn(

2024-08-08 21:39:28,711 - INFO - Finding the closest match for each contig in INPHARED using mash.
2024-08-08 21:39:28,857 - INFO - Sketching GCA_015343595.1_53_phages/GCA_015343595.1_222_22_1513_prophage.fasta...

2024-08-08 21:39:28,870 - INFO - Writing to phage_pharokka/GCA_015343595.1_222|22-1513/input_mash_sketch.msh...

2024-08-08 21:39:30,474 - INFO - pharokka has finished
2024-08-08 21:39:30,475 - INFO - Elapsed time: 147.62 seconds
2024-08-08 21:39:30,475 - INFO - If you use pharokka in your research, please cite:
2024-08-08 21:39:30,475 - INFO - George Bouras, Roshan Nepal, Ghais Houtak, Alkis James Psaltis, Peter-John Wormald, Sarah Vreugde.
2024-08-08 21:39:30,475 - INFO - Pharokka: a fast scalable bacteriophage annotation tool.
2024-08-08 21:39:30,475 - INFO - Bioinformatics, Volume 39, Issue 1, January 2023, btac776.
2024-08-08 21:39:30,475 - INFO - https://doi.org/10.1093/bioinformatics/btac776.
2024-08-08 21:39:30,475 - INFO - You should also cite the full list of tools pharokka uses, which can be found at https://github.com/gbouras13/pharokka#citation.
