2024-08-08 22:23:31,409 - INFO - Starting pharokka v1.3.2
2024-08-08 22:23:31,409 - INFO - Input args: Namespace(infile='GCA_015343595.1_53_phages/GCA_015343595.1_799_3_2988_prophage.fasta', outdir='phage_pharokka/GCA_015343595.1_799|3-2988', database='/data/yangy34/database/pharokka', threads='32', force=False, prefix='Default', locustag='Default', gene_predictor='phanotate', meta=False, split=False, coding_table='11', evalue='1E-05', terminase=False, terminase_strand='nothing', terminase_start='nothing', citation=False)
2024-08-08 22:23:31,410 - INFO - Checking database installation.
2024-08-08 22:23:31,425 - INFO - All databases have been successfully checked.
2024-08-08 22:23:31,425 - INFO - Checking dependencies.
2024-08-08 22:23:32,401 - INFO - phan_out version found is v1.5.1.
2024-08-08 22:23:32,401 - INFO - Phanotate version is ok.
2024-08-08 22:23:32,480 - INFO - MMseqs2 version found is v13.45111.
2024-08-08 22:23:32,481 - INFO - MMseqs2 version is ok.
2024-08-08 22:23:33,339 - INFO - tRNAscan-SE version found is v2.45111.11.
2024-08-08 22:23:33,340 - INFO - tRNAscan-SE version is ok.
2024-08-08 22:23:33,992 - INFO - MinCED version found is v0.4.2.
2024-08-08 22:23:33,992 - INFO - MinCED version is ok.
2024-08-08 22:23:34,068 - INFO - ARAGORN version found is v1.2.41.
2024-08-08 22:23:34,068 - INFO - ARAGORN version is ok.
2024-08-08 22:23:34,162 - INFO - mash version found is v2.2.
2024-08-08 22:23:34,162 - INFO - mash version is ok.
2024-08-08 22:23:34,383 - INFO - Running Phanotate.
2024-08-08 22:23:36,934 - INFO - Translating gene predicted fastas.
2024-08-08 22:23:36,949 - INFO - Starting tRNA-scanSE
2024-08-08 22:23:37,094 - INFO - 

2024-08-08 22:23:37,095 - INFO - tRNAscan-SE v.2.0.11 (Oct 2022) - scan sequences for transfer RNAs

2024-08-08 22:23:37,095 - INFO - Copyright (C) 2022 Patricia Chan and Todd Lowe

2024-08-08 22:23:37,095 - INFO -                    University of California Santa Cruz

2024-08-08 22:23:37,095 - INFO - Freely distributed under the GNU General Public License (GPLv3)

2024-08-08 22:23:37,095 - INFO - 

2024-08-08 22:23:37,095 - INFO - ------------------------------------------------------------

2024-08-08 22:23:37,095 - INFO - Sequence file(s) to search:        GCA_015343595.1_53_phages/GCA_015343595.1_799_3_2988_prophage.fasta

2024-08-08 22:23:37,095 - INFO - Search Mode:                       General

2024-08-08 22:23:37,095 - INFO - Results written to:                Standard output

2024-08-08 22:23:37,095 - INFO - Output format:                     Tabular

2024-08-08 22:23:37,095 - INFO - Searching with:                    Infernal single-pass scan

2024-08-08 22:23:37,095 - INFO -                                    Fast mode

2024-08-08 22:23:37,095 - INFO - Covariance model:                  /gpfs/gsfs12/users/yangy34/softwares/mambaforge/envs/pharokka-env/lib/tRNAscan-SE/models/TRNAinf.cm

2024-08-08 22:23:37,095 - INFO - 

2024-08-08 22:23:37,095 - INFO - Temporary directory:               /tmp

2024-08-08 22:23:37,095 - INFO - tRNA predictions saved to:         phage_pharokka/GCA_015343595.1_799|3-2988/trnascan_out.gff

2024-08-08 22:23:37,095 - INFO - ------------------------------------------------------------

2024-08-08 22:23:37,095 - INFO - 

2024-08-08 22:23:37,213 - INFO - No tRNAs found.

2024-08-08 22:23:37,213 - INFO - 

2024-08-08 22:23:37,227 - INFO - Running MinCED.
2024-08-08 22:23:37,372 - INFO - Running Aragorn.
2024-08-08 22:23:37,375 - INFO - Starting MMseqs2.
2024-08-08 22:23:37,376 - INFO - Running MMseqs2 on PHROGs Database.
2024-08-08 22:23:37,484 - INFO - createdb phage_pharokka/GCA_015343595.1_799|3-2988/phanotate_aas_tmp.fasta phage_pharokka/GCA_015343595.1_799|3-2988/target_dir/target_seqs 

2024-08-08 22:23:37,484 - INFO - 

2024-08-08 22:23:37,484 - INFO - MMseqs Version:       	13.45111

2024-08-08 22:23:37,485 - INFO - Database type         	0

2024-08-08 22:23:37,485 - INFO - Shuffle input database	true

2024-08-08 22:23:37,485 - INFO - Createdb mode         	0

2024-08-08 22:23:37,486 - INFO - Write lookup file     	1

2024-08-08 22:23:37,486 - INFO - Offset of numeric ids 	0

2024-08-08 22:23:37,486 - INFO - Compressed            	0

2024-08-08 22:23:37,486 - INFO - Verbosity             	3

2024-08-08 22:23:37,486 - INFO - 

2024-08-08 22:23:37,486 - INFO - Converting sequences

2024-08-08 22:23:37,486 - INFO - [

2024-08-08 22:23:37,486 - INFO - Time for merging to target_seqs_h: 0h 0m 0s 25ms

2024-08-08 22:23:37,486 - INFO - Time for merging to target_seqs: 0h 0m 0s 24ms

2024-08-08 22:23:37,486 - INFO - Database type: Aminoacid

2024-08-08 22:23:37,486 - INFO - Time for processing: 0h 0m 0s 97ms

2024-08-08 22:23:37,495 - INFO - Create directory phage_pharokka/GCA_015343595.1_799|3-2988/tmp_dir/

2024-08-08 22:23:37,495 - INFO - search -e 1E-05 /data/yangy34/database/pharokka/phrogs_profile_db phage_pharokka/GCA_015343595.1_799|3-2988/target_dir/target_seqs phage_pharokka/GCA_015343595.1_799|3-2988/mmseqs/results_mmseqs phage_pharokka/GCA_015343595.1_799|3-2988/tmp_dir/ -s 8.5 --threads 32 

2024-08-08 22:23:37,495 - INFO - 

2024-08-08 22:23:37,495 - INFO - MMseqs Version:                        	13.45111

2024-08-08 22:23:37,496 - INFO - Substitution matrix                    	nucl:nucleotide.out,aa:blosum62.out

2024-08-08 22:23:37,496 - INFO - Add backtrace                          	false

2024-08-08 22:23:37,496 - INFO - Alignment mode                         	2

2024-08-08 22:23:37,496 - INFO - Alignment mode                         	0

2024-08-08 22:23:37,496 - INFO - Allow wrapped scoring                  	false

2024-08-08 22:23:37,496 - INFO - E-value threshold                      	1e-05

2024-08-08 22:23:37,496 - INFO - Seq. id. threshold                     	0

2024-08-08 22:23:37,496 - INFO - Min alignment length                   	0

2024-08-08 22:23:37,496 - INFO - Seq. id. mode                          	0

2024-08-08 22:23:37,496 - INFO - Alternative alignments                 	0

2024-08-08 22:23:37,496 - INFO - Coverage threshold                     	0

2024-08-08 22:23:37,496 - INFO - Coverage mode                          	0

2024-08-08 22:23:37,496 - INFO - Max sequence length                    	65535

2024-08-08 22:23:37,496 - INFO - Compositional bias                     	1

2024-08-08 22:23:37,496 - INFO - Max reject                             	2147483647

2024-08-08 22:23:37,496 - INFO - Max accept                             	2147483647

2024-08-08 22:23:37,496 - INFO - Include identical seq. id.             	false

2024-08-08 22:23:37,496 - INFO - Preload mode                           	0

2024-08-08 22:23:37,496 - INFO - Pseudo count a                         	1

2024-08-08 22:23:37,496 - INFO - Pseudo count b                         	1.5

2024-08-08 22:23:37,496 - INFO - Score bias                             	0

2024-08-08 22:23:37,496 - INFO - Realign hits                           	false

2024-08-08 22:23:37,497 - INFO - Realign score bias                     	-0.2

2024-08-08 22:23:37,497 - INFO - Realign max seqs                       	2147483647

2024-08-08 22:23:37,497 - INFO - Gap open cost                          	nucl:5,aa:11

2024-08-08 22:23:37,497 - INFO - Gap extension cost                     	nucl:2,aa:1

2024-08-08 22:23:37,497 - INFO - Zdrop                                  	40

2024-08-08 22:23:37,497 - INFO - Threads                                	32

2024-08-08 22:23:37,497 - INFO - Compressed                             	0

2024-08-08 22:23:37,497 - INFO - Verbosity                              	3

2024-08-08 22:23:37,497 - INFO - Seed substitution matrix               	nucl:nucleotide.out,aa:VTML80.out

2024-08-08 22:23:37,497 - INFO - Sensitivity                            	8.5

2024-08-08 22:23:37,497 - INFO - k-mer length                           	0

2024-08-08 22:23:37,497 - INFO - k-score                                	2147483647

2024-08-08 22:23:37,497 - INFO - Alphabet size                          	nucl:5,aa:21

2024-08-08 22:23:37,497 - INFO - Max results per query                  	300

2024-08-08 22:23:37,497 - INFO - Split database                         	0

2024-08-08 22:23:37,497 - INFO - Split mode                             	2

2024-08-08 22:23:37,497 - INFO - Split memory limit                     	0

2024-08-08 22:23:37,497 - INFO - Diagonal scoring                       	true

2024-08-08 22:23:37,497 - INFO - Exact k-mer matching                   	0

2024-08-08 22:23:37,497 - INFO - Mask residues                          	1

2024-08-08 22:23:37,497 - INFO - Mask lower case residues               	0

2024-08-08 22:23:37,497 - INFO - Minimum diagonal score                 	15

2024-08-08 22:23:37,497 - INFO - Spaced k-mers                          	1

2024-08-08 22:23:37,498 - INFO - Spaced k-mer pattern                   	

2024-08-08 22:23:37,498 - INFO - Local temporary path                   	

2024-08-08 22:23:37,498 - INFO - Rescore mode                           	0

2024-08-08 22:23:37,498 - INFO - Remove hits by seq. id. and coverage   	false

2024-08-08 22:23:37,498 - INFO - Sort results                           	0

2024-08-08 22:23:37,498 - INFO - Mask profile                           	1

2024-08-08 22:23:37,498 - INFO - Profile E-value threshold              	0.1

2024-08-08 22:23:37,498 - INFO - Global sequence weighting              	false

2024-08-08 22:23:37,498 - INFO - Allow deletions                        	false

2024-08-08 22:23:37,498 - INFO - Filter MSA                             	1

2024-08-08 22:23:37,498 - INFO - Maximum seq. id. threshold             	0.9

2024-08-08 22:23:37,498 - INFO - Minimum seq. id.                       	0

2024-08-08 22:23:37,498 - INFO - Minimum score per column               	-20

2024-08-08 22:23:37,498 - INFO - Minimum coverage                       	0

2024-08-08 22:23:37,498 - INFO - Select N most diverse seqs             	1000

2024-08-08 22:23:37,498 - INFO - Min codons in orf                      	30

2024-08-08 22:23:37,498 - INFO - Max codons in length                   	32734

2024-08-08 22:23:37,498 - INFO - Max orf gaps                           	2147483647

2024-08-08 22:23:37,498 - INFO - Contig start mode                      	2

2024-08-08 22:23:37,498 - INFO - Contig end mode                        	2

2024-08-08 22:23:37,498 - INFO - Orf start mode                         	1

2024-08-08 22:23:37,498 - INFO - Forward frames                         	1,2,3

2024-08-08 22:23:37,498 - INFO - Reverse frames                         	1,2,3

2024-08-08 22:23:37,499 - INFO - Translation table                      	1

2024-08-08 22:23:37,499 - INFO - Translate orf                          	0

2024-08-08 22:23:37,499 - INFO - Use all table starts                   	false

2024-08-08 22:23:37,499 - INFO - Offset of numeric ids                  	0

2024-08-08 22:23:37,499 - INFO - Create lookup                          	0

2024-08-08 22:23:37,499 - INFO - Add orf stop                           	false

2024-08-08 22:23:37,499 - INFO - Overlap between sequences              	0

2024-08-08 22:23:37,499 - INFO - Sequence split mode                    	1

2024-08-08 22:23:37,499 - INFO - Header split mode                      	0

2024-08-08 22:23:37,499 - INFO - Chain overlapping alignments           	0

2024-08-08 22:23:37,499 - INFO - Merge query                            	1

2024-08-08 22:23:37,499 - INFO - Search type                            	0

2024-08-08 22:23:37,499 - INFO - Search iterations                      	1

2024-08-08 22:23:37,499 - INFO - Start sensitivity                      	4

2024-08-08 22:23:37,499 - INFO - Search steps                           	1

2024-08-08 22:23:37,499 - INFO - Exhaustive search mode                 	false

2024-08-08 22:23:37,499 - INFO - Filter results during exhaustive search	0

2024-08-08 22:23:37,499 - INFO - Strand selection                       	1

2024-08-08 22:23:37,499 - INFO - LCA search mode                        	false

2024-08-08 22:23:37,499 - INFO - Disk space limit                       	0

2024-08-08 22:23:37,499 - INFO - MPI runner                             	

2024-08-08 22:23:37,499 - INFO - Force restart with latest tmp          	false

2024-08-08 22:23:37,499 - INFO - Remove temporary files                 	false

2024-08-08 22:23:37,500 - INFO - 

2024-08-08 22:23:37,658 - INFO - prefilter /data/yangy34/database/pharokka/phrogs_profile_db phage_pharokka/GCA_015343595.1_799|3-2988/target_dir/target_seqs phage_pharokka/GCA_015343595.1_799|3-2988/tmp_dir//1930467402254039429/pref_0 --sub-mat nucl:nucleotide.out,aa:blosum62.out --seed-sub-mat nucl:nucleotide.out,aa:VTML80.out -k 0 --k-score 2147483647 --alph-size nucl:5,aa:21 --max-seq-len 65535 --max-seqs 300 --split 0 --split-mode 2 --split-memory-limit 0 -c 0 --cov-mode 0 --comp-bias-corr 1 --diag-score 1 --exact-kmer-matching 0 --mask 1 --mask-lower-case 0 --min-ungapped-score 15 --add-self-matches 0 --spaced-kmer-mode 1 --db-load-mode 0 --pca 1 --pcb 1.5 --threads 32 --compressed 0 -v 3 -s 8.5 

2024-08-08 22:23:37,658 - INFO - 

2024-08-08 22:23:37,658 - INFO - Query database size: 38880 type: Profile

2024-08-08 22:23:37,658 - INFO - Estimated memory consumption: 488M

2024-08-08 22:23:37,658 - INFO - Target database size: 7 type: Aminoacid

2024-08-08 22:23:37,658 - INFO - Index table k-mer threshold: 0 at k-mer size 6 

2024-08-08 22:23:37,658 - INFO - Index table: counting k-mers

2024-08-08 22:23:37,794 - INFO - [=================================================================] 7 0s 2ms

2024-08-08 22:23:37,794 - INFO - Index table: Masked residues: 0

2024-08-08 22:23:37,794 - INFO - Index table: fill

2024-08-08 22:23:38,932 - INFO - [=================================================================] 7 0s 2ms

2024-08-08 22:23:38,932 - INFO - Index statistics

2024-08-08 22:23:38,932 - INFO - Entries:          894

2024-08-08 22:23:38,932 - INFO - DB size:          488 MB

2024-08-08 22:23:38,933 - INFO - Avg k-mer size:   0.000014

2024-08-08 22:23:38,933 - INFO - Top 10 k-mers

2024-08-08 22:23:38,933 - INFO -     QALAAA	1

2024-08-08 22:23:38,933 - INFO -     FLHGCA	1

2024-08-08 22:23:38,933 - INFO -     TKEICA	1

2024-08-08 22:23:38,933 - INFO -     PLIIDA	1

2024-08-08 22:23:38,933 - INFO -     PLCLDA	1

2024-08-08 22:23:38,933 - INFO -     RIESDA	1

2024-08-08 22:23:38,933 - INFO -     GFAVDA	1

2024-08-08 22:23:38,933 - INFO -     IHVAEA	1

2024-08-08 22:23:38,933 - INFO -     GMYSEA	1

2024-08-08 22:23:38,933 - INFO -     ALVTEA	1

2024-08-08 22:23:38,934 - INFO - Time for index table init: 0h 0m 0s 431ms

2024-08-08 22:23:38,934 - INFO - Process prefiltering step 1 of 1

2024-08-08 22:23:38,934 - INFO - 

2024-08-08 22:23:38,934 - INFO - k-mer similarity threshold: 81

2024-08-08 22:23:38,934 - INFO - Starting prefiltering scores calculation (step 1 of 1)

2024-08-08 22:23:38,934 - INFO - Query db start 1 to 38880

2024-08-08 22:23:38,934 - INFO - Target db start 1 to 7

2024-08-08 22:24:42,799 - INFO - [=================================================================] 38.88K 1m 4s 596ms

2024-08-08 22:24:42,800 - INFO - 

2024-08-08 22:24:42,800 - INFO - 5386.328443 k-mers per position

2024-08-08 22:24:42,800 - INFO - 12 DB matches per sequence

2024-08-08 22:24:42,800 - INFO - 0 overflows

2024-08-08 22:24:42,800 - INFO - 0 queries produce too many hits (truncated result)

2024-08-08 22:24:42,800 - INFO - 0 sequences passed prefiltering per query sequence

2024-08-08 22:24:42,800 - INFO - 0 median result list length

2024-08-08 22:24:42,800 - INFO - 29063 sequences with 0 size result lists

2024-08-08 22:24:42,800 - INFO - Time for merging to pref_0: 0h 0m 0s 24ms

2024-08-08 22:24:42,800 - INFO - Time for processing: 0h 1m 5s 295ms

2024-08-08 22:24:42,902 - INFO - align /data/yangy34/database/pharokka/phrogs_profile_db phage_pharokka/GCA_015343595.1_799|3-2988/target_dir/target_seqs phage_pharokka/GCA_015343595.1_799|3-2988/tmp_dir//1930467402254039429/pref_0 phage_pharokka/GCA_015343595.1_799|3-2988/mmseqs/results_mmseqs --sub-mat nucl:nucleotide.out,aa:blosum62.out -a 0 --alignment-mode 2 --alignment-output-mode 0 --wrapped-scoring 0 -e 1e-05 --min-seq-id 0 --min-aln-len 0 --seq-id-mode 0 --alt-ali 0 -c 0 --cov-mode 0 --max-seq-len 65535 --comp-bias-corr 1 --max-rejected 2147483647 --max-accept 2147483647 --add-self-matches 0 --db-load-mode 0 --pca 1 --pcb 1.5 --score-bias 0 --realign 0 --realign-score-bias -0.2 --realign-max-seqs 2147483647 --gap-open nucl:5,aa:11 --gap-extend nucl:2,aa:1 --zdrop 40 --threads 32 --compressed 0 -v 3 

2024-08-08 22:24:42,902 - INFO - 

2024-08-08 22:24:42,903 - INFO - Compute score and coverage

2024-08-08 22:24:42,903 - INFO - Query database size: 38880 type: Profile

2024-08-08 22:24:42,903 - INFO - Target database size: 7 type: Aminoacid

2024-08-08 22:24:42,903 - INFO - Calculation of alignments

2024-08-08 22:24:43,220 - INFO - [=================================================================] 38.88K 0s 313ms

2024-08-08 22:24:43,221 - INFO - Time for merging to results_mmseqs: 0h 0m 0s 20ms

2024-08-08 22:24:43,221 - INFO - 12057 alignments calculated

2024-08-08 22:24:43,221 - INFO - 8 sequence pairs passed the thresholds (0.000664 of overall calculated)

2024-08-08 22:24:43,221 - INFO - 0.000206 hits per query sequence

2024-08-08 22:24:43,221 - INFO - Time for processing: 0h 0m 0s 414ms

2024-08-08 22:24:43,321 - INFO - createtsv /data/yangy34/database/pharokka/phrogs_profile_db phage_pharokka/GCA_015343595.1_799|3-2988/target_dir/target_seqs phage_pharokka/GCA_015343595.1_799|3-2988/mmseqs/results_mmseqs phage_pharokka/GCA_015343595.1_799|3-2988/mmseqs_results.tsv --full-header --threads 32 

2024-08-08 22:24:43,321 - INFO - 

2024-08-08 22:24:43,321 - INFO - MMseqs Version:                 	13.45111

2024-08-08 22:24:43,321 - INFO - First sequence as representative	false

2024-08-08 22:24:43,321 - INFO - Target column                   	1

2024-08-08 22:24:43,321 - INFO - Add full header                 	true

2024-08-08 22:24:43,322 - INFO - Sequence source                 	0

2024-08-08 22:24:43,322 - INFO - Database output                 	false

2024-08-08 22:24:43,322 - INFO - Threads                         	32

2024-08-08 22:24:43,322 - INFO - Compressed                      	0

2024-08-08 22:24:43,322 - INFO - Verbosity                       	3

2024-08-08 22:24:43,322 - INFO - 

2024-08-08 22:24:43,322 - INFO - Time for merging to mmseqs_results.tsv: 0h 0m 0s 29ms

2024-08-08 22:24:43,322 - INFO - Time for processing: 0h 0m 0s 91ms

2024-08-08 22:24:43,341 - INFO - Running mmseqs2 on CARD.
2024-08-08 22:24:43,401 - INFO - createdb phage_pharokka/GCA_015343595.1_799|3-2988/phanotate_aas_tmp.fasta phage_pharokka/GCA_015343595.1_799|3-2988/CARD_target_dir/target_seqs 

2024-08-08 22:24:43,401 - INFO - 

2024-08-08 22:24:43,401 - INFO - MMseqs Version:       	13.45111

2024-08-08 22:24:43,401 - INFO - Database type         	0

2024-08-08 22:24:43,401 - INFO - Shuffle input database	true

2024-08-08 22:24:43,401 - INFO - Createdb mode         	0

2024-08-08 22:24:43,401 - INFO - Write lookup file     	1

2024-08-08 22:24:43,401 - INFO - Offset of numeric ids 	0

2024-08-08 22:24:43,401 - INFO - Compressed            	0

2024-08-08 22:24:43,401 - INFO - Verbosity             	3

2024-08-08 22:24:43,401 - INFO - 

2024-08-08 22:24:43,402 - INFO - Converting sequences

2024-08-08 22:24:43,402 - INFO - [

2024-08-08 22:24:43,402 - INFO - Time for merging to target_seqs_h: 0h 0m 0s 7ms

2024-08-08 22:24:43,402 - INFO - Time for merging to target_seqs: 0h 0m 0s 19ms

2024-08-08 22:24:43,402 - INFO - Database type: Aminoacid

2024-08-08 22:24:43,402 - INFO - Time for processing: 0h 0m 0s 55ms

2024-08-08 22:24:43,409 - INFO - Create directory phage_pharokka/GCA_015343595.1_799|3-2988/CARD_tmp_dir/

2024-08-08 22:24:43,409 - INFO - search --min-seq-id 0.8 -c 0.4 /data/yangy34/database/pharokka/CARD phage_pharokka/GCA_015343595.1_799|3-2988/CARD_target_dir/target_seqs phage_pharokka/GCA_015343595.1_799|3-2988/CARD/results_CARD phage_pharokka/GCA_015343595.1_799|3-2988/CARD_tmp_dir/ -s 8.5 --threads 32 

2024-08-08 22:24:43,410 - INFO - 

2024-08-08 22:24:43,410 - INFO - MMseqs Version:                        	13.45111

2024-08-08 22:24:43,410 - INFO - Substitution matrix                    	nucl:nucleotide.out,aa:blosum62.out

2024-08-08 22:24:43,410 - INFO - Add backtrace                          	false

2024-08-08 22:24:43,410 - INFO - Alignment mode                         	2

2024-08-08 22:24:43,410 - INFO - Alignment mode                         	0

2024-08-08 22:24:43,410 - INFO - Allow wrapped scoring                  	false

2024-08-08 22:24:43,410 - INFO - E-value threshold                      	0.001

2024-08-08 22:24:43,410 - INFO - Seq. id. threshold                     	0.8

2024-08-08 22:24:43,410 - INFO - Min alignment length                   	0

2024-08-08 22:24:43,410 - INFO - Seq. id. mode                          	0

2024-08-08 22:24:43,410 - INFO - Alternative alignments                 	0

2024-08-08 22:24:43,410 - INFO - Coverage threshold                     	0.4

2024-08-08 22:24:43,410 - INFO - Coverage mode                          	0

2024-08-08 22:24:43,410 - INFO - Max sequence length                    	65535

2024-08-08 22:24:43,410 - INFO - Compositional bias                     	1

2024-08-08 22:24:43,410 - INFO - Max reject                             	2147483647

2024-08-08 22:24:43,410 - INFO - Max accept                             	2147483647

2024-08-08 22:24:43,410 - INFO - Include identical seq. id.             	false

2024-08-08 22:24:43,410 - INFO - Preload mode                           	0

2024-08-08 22:24:43,410 - INFO - Pseudo count a                         	1

2024-08-08 22:24:43,410 - INFO - Pseudo count b                         	1.5

2024-08-08 22:24:43,410 - INFO - Score bias                             	0

2024-08-08 22:24:43,411 - INFO - Realign hits                           	false

2024-08-08 22:24:43,411 - INFO - Realign score bias                     	-0.2

2024-08-08 22:24:43,411 - INFO - Realign max seqs                       	2147483647

2024-08-08 22:24:43,411 - INFO - Gap open cost                          	nucl:5,aa:11

2024-08-08 22:24:43,411 - INFO - Gap extension cost                     	nucl:2,aa:1

2024-08-08 22:24:43,411 - INFO - Zdrop                                  	40

2024-08-08 22:24:43,411 - INFO - Threads                                	32

2024-08-08 22:24:43,411 - INFO - Compressed                             	0

2024-08-08 22:24:43,411 - INFO - Verbosity                              	3

2024-08-08 22:24:43,411 - INFO - Seed substitution matrix               	nucl:nucleotide.out,aa:VTML80.out

2024-08-08 22:24:43,411 - INFO - Sensitivity                            	8.5

2024-08-08 22:24:43,411 - INFO - k-mer length                           	0

2024-08-08 22:24:43,411 - INFO - k-score                                	2147483647

2024-08-08 22:24:43,411 - INFO - Alphabet size                          	nucl:5,aa:21

2024-08-08 22:24:43,411 - INFO - Max results per query                  	300

2024-08-08 22:24:43,411 - INFO - Split database                         	0

2024-08-08 22:24:43,411 - INFO - Split mode                             	2

2024-08-08 22:24:43,411 - INFO - Split memory limit                     	0

2024-08-08 22:24:43,411 - INFO - Diagonal scoring                       	true

2024-08-08 22:24:43,411 - INFO - Exact k-mer matching                   	0

2024-08-08 22:24:43,411 - INFO - Mask residues                          	1

2024-08-08 22:24:43,411 - INFO - Mask lower case residues               	0

2024-08-08 22:24:43,411 - INFO - Minimum diagonal score                 	15

2024-08-08 22:24:43,412 - INFO - Spaced k-mers                          	1

2024-08-08 22:24:43,412 - INFO - Spaced k-mer pattern                   	

2024-08-08 22:24:43,412 - INFO - Local temporary path                   	

2024-08-08 22:24:43,412 - INFO - Rescore mode                           	0

2024-08-08 22:24:43,412 - INFO - Remove hits by seq. id. and coverage   	false

2024-08-08 22:24:43,412 - INFO - Sort results                           	0

2024-08-08 22:24:43,412 - INFO - Mask profile                           	1

2024-08-08 22:24:43,412 - INFO - Profile E-value threshold              	0.1

2024-08-08 22:24:43,412 - INFO - Global sequence weighting              	false

2024-08-08 22:24:43,412 - INFO - Allow deletions                        	false

2024-08-08 22:24:43,412 - INFO - Filter MSA                             	1

2024-08-08 22:24:43,412 - INFO - Maximum seq. id. threshold             	0.9

2024-08-08 22:24:43,412 - INFO - Minimum seq. id.                       	0

2024-08-08 22:24:43,412 - INFO - Minimum score per column               	-20

2024-08-08 22:24:43,412 - INFO - Minimum coverage                       	0

2024-08-08 22:24:43,412 - INFO - Select N most diverse seqs             	1000

2024-08-08 22:24:43,412 - INFO - Min codons in orf                      	30

2024-08-08 22:24:43,412 - INFO - Max codons in length                   	32734

2024-08-08 22:24:43,412 - INFO - Max orf gaps                           	2147483647

2024-08-08 22:24:43,412 - INFO - Contig start mode                      	2

2024-08-08 22:24:43,412 - INFO - Contig end mode                        	2

2024-08-08 22:24:43,412 - INFO - Orf start mode                         	1

2024-08-08 22:24:43,412 - INFO - Forward frames                         	1,2,3

2024-08-08 22:24:43,412 - INFO - Reverse frames                         	1,2,3

2024-08-08 22:24:43,413 - INFO - Translation table                      	1

2024-08-08 22:24:43,413 - INFO - Translate orf                          	0

2024-08-08 22:24:43,413 - INFO - Use all table starts                   	false

2024-08-08 22:24:43,413 - INFO - Offset of numeric ids                  	0

2024-08-08 22:24:43,413 - INFO - Create lookup                          	0

2024-08-08 22:24:43,413 - INFO - Add orf stop                           	false

2024-08-08 22:24:43,413 - INFO - Overlap between sequences              	0

2024-08-08 22:24:43,413 - INFO - Sequence split mode                    	1

2024-08-08 22:24:43,413 - INFO - Header split mode                      	0

2024-08-08 22:24:43,413 - INFO - Chain overlapping alignments           	0

2024-08-08 22:24:43,413 - INFO - Merge query                            	1

2024-08-08 22:24:43,413 - INFO - Search type                            	0

2024-08-08 22:24:43,413 - INFO - Search iterations                      	1

2024-08-08 22:24:43,413 - INFO - Start sensitivity                      	4

2024-08-08 22:24:43,413 - INFO - Search steps                           	1

2024-08-08 22:24:43,413 - INFO - Exhaustive search mode                 	false

2024-08-08 22:24:43,413 - INFO - Filter results during exhaustive search	0

2024-08-08 22:24:43,413 - INFO - Strand selection                       	1

2024-08-08 22:24:43,413 - INFO - LCA search mode                        	false

2024-08-08 22:24:43,413 - INFO - Disk space limit                       	0

2024-08-08 22:24:43,413 - INFO - MPI runner                             	

2024-08-08 22:24:43,413 - INFO - Force restart with latest tmp          	false

2024-08-08 22:24:43,413 - INFO - Remove temporary files                 	false

2024-08-08 22:24:43,413 - INFO - 

2024-08-08 22:24:43,560 - INFO - prefilter /data/yangy34/database/pharokka/CARD phage_pharokka/GCA_015343595.1_799|3-2988/CARD_target_dir/target_seqs phage_pharokka/GCA_015343595.1_799|3-2988/CARD_tmp_dir//17680003109026730711/pref_0 --sub-mat nucl:nucleotide.out,aa:blosum62.out --seed-sub-mat nucl:nucleotide.out,aa:VTML80.out -k 0 --k-score 2147483647 --alph-size nucl:5,aa:21 --max-seq-len 65535 --max-seqs 300 --split 0 --split-mode 2 --split-memory-limit 0 -c 0.4 --cov-mode 0 --comp-bias-corr 1 --diag-score 1 --exact-kmer-matching 0 --mask 1 --mask-lower-case 0 --min-ungapped-score 15 --add-self-matches 0 --spaced-kmer-mode 1 --db-load-mode 0 --pca 1 --pcb 1.5 --threads 32 --compressed 0 -v 3 -s 8.5 

2024-08-08 22:24:43,561 - INFO - 

2024-08-08 22:24:43,561 - INFO - Query database size: 4641 type: Aminoacid

2024-08-08 22:24:43,561 - INFO - Estimated memory consumption: 977M

2024-08-08 22:24:43,561 - INFO - Target database size: 7 type: Aminoacid

2024-08-08 22:24:43,561 - INFO - Index table k-mer threshold: 87 at k-mer size 6 

2024-08-08 22:24:43,561 - INFO - Index table: counting k-mers

2024-08-08 22:24:43,696 - INFO - [=================================================================] 7 0s 5ms

2024-08-08 22:24:43,696 - INFO - Index table: Masked residues: 0

2024-08-08 22:24:43,696 - INFO - Index table: fill

2024-08-08 22:24:44,145 - INFO - [=================================================================] 7 0s 1ms

2024-08-08 22:24:44,145 - INFO - Index statistics

2024-08-08 22:24:44,145 - INFO - Entries:          894

2024-08-08 22:24:44,145 - INFO - DB size:          488 MB

2024-08-08 22:24:44,145 - INFO - Avg k-mer size:   0.000014

2024-08-08 22:24:44,146 - INFO - Top 10 k-mers

2024-08-08 22:24:44,146 - INFO -     QALAAA	1

2024-08-08 22:24:44,146 - INFO -     FLHGCA	1

2024-08-08 22:24:44,146 - INFO -     TKEICA	1

2024-08-08 22:24:44,146 - INFO -     PLIIDA	1

2024-08-08 22:24:44,146 - INFO -     PLCLDA	1

2024-08-08 22:24:44,146 - INFO -     RIESDA	1

2024-08-08 22:24:44,146 - INFO -     GFAVDA	1

2024-08-08 22:24:44,146 - INFO -     IHVAEA	1

2024-08-08 22:24:44,146 - INFO -     GMYSEA	1

2024-08-08 22:24:44,147 - INFO -     ALVTEA	1

2024-08-08 22:24:44,147 - INFO - Time for index table init: 0h 0m 0s 431ms

2024-08-08 22:24:44,147 - INFO - Process prefiltering step 1 of 1

2024-08-08 22:24:44,147 - INFO - 

2024-08-08 22:24:44,147 - INFO - k-mer similarity threshold: 87

2024-08-08 22:24:44,147 - INFO - Starting prefiltering scores calculation (step 1 of 1)

2024-08-08 22:24:44,147 - INFO - Query db start 1 to 4641

2024-08-08 22:24:44,147 - INFO - Target db start 1 to 7

2024-08-08 22:24:52,715 - INFO - [=================================================================] 4.64K 8s 595ms

2024-08-08 22:24:52,715 - INFO - 

2024-08-08 22:24:52,715 - INFO - 3883.681631 k-mers per position

2024-08-08 22:24:52,715 - INFO - 18 DB matches per sequence

2024-08-08 22:24:52,715 - INFO - 0 overflows

2024-08-08 22:24:52,715 - INFO - 0 queries produce too many hits (truncated result)

2024-08-08 22:24:52,715 - INFO - 0 sequences passed prefiltering per query sequence

2024-08-08 22:24:52,715 - INFO - 0 median result list length

2024-08-08 22:24:52,715 - INFO - 3661 sequences with 0 size result lists

2024-08-08 22:24:52,715 - INFO - Time for merging to pref_0: 0h 0m 0s 11ms

2024-08-08 22:24:52,715 - INFO - Time for processing: 0h 0m 9s 296ms

2024-08-08 22:24:52,737 - INFO - align /data/yangy34/database/pharokka/CARD phage_pharokka/GCA_015343595.1_799|3-2988/CARD_target_dir/target_seqs phage_pharokka/GCA_015343595.1_799|3-2988/CARD_tmp_dir//17680003109026730711/pref_0 phage_pharokka/GCA_015343595.1_799|3-2988/CARD/results_CARD --sub-mat nucl:nucleotide.out,aa:blosum62.out -a 0 --alignment-mode 2 --alignment-output-mode 0 --wrapped-scoring 0 -e 0.001 --min-seq-id 0.8 --min-aln-len 0 --seq-id-mode 0 --alt-ali 0 -c 0.4 --cov-mode 0 --max-seq-len 65535 --comp-bias-corr 1 --max-rejected 2147483647 --max-accept 2147483647 --add-self-matches 0 --db-load-mode 0 --pca 1 --pcb 1.5 --score-bias 0 --realign 0 --realign-score-bias -0.2 --realign-max-seqs 2147483647 --gap-open nucl:5,aa:11 --gap-extend nucl:2,aa:1 --zdrop 40 --threads 32 --compressed 0 -v 3 

2024-08-08 22:24:52,737 - INFO - 

2024-08-08 22:24:52,737 - INFO - Compute score and coverage

2024-08-08 22:24:52,737 - INFO - Query database size: 4641 type: Aminoacid

2024-08-08 22:24:52,737 - INFO - Target database size: 7 type: Aminoacid

2024-08-08 22:24:52,737 - INFO - Calculation of alignments

2024-08-08 22:24:52,758 - INFO - [=================================================================] 4.64K 0s 13ms

2024-08-08 22:24:52,759 - INFO - Time for merging to results_CARD: 0h 0m 0s 9ms

2024-08-08 22:24:52,759 - INFO - 590 alignments calculated

2024-08-08 22:24:52,759 - INFO - 0 sequence pairs passed the thresholds (0.000000 of overall calculated)

2024-08-08 22:24:52,759 - INFO - 0.000000 hits per query sequence

2024-08-08 22:24:52,759 - INFO - Time for processing: 0h 0m 0s 37ms

2024-08-08 22:24:52,855 - INFO - createtsv /data/yangy34/database/pharokka/CARD phage_pharokka/GCA_015343595.1_799|3-2988/CARD_target_dir/target_seqs phage_pharokka/GCA_015343595.1_799|3-2988/CARD/results_CARD phage_pharokka/GCA_015343595.1_799|3-2988/CARD_results.tsv --full-header --threads 32 

2024-08-08 22:24:52,855 - INFO - 

2024-08-08 22:24:52,855 - INFO - MMseqs Version:                 	13.45111

2024-08-08 22:24:52,855 - INFO - First sequence as representative	false

2024-08-08 22:24:52,855 - INFO - Target column                   	1

2024-08-08 22:24:52,855 - INFO - Add full header                 	true

2024-08-08 22:24:52,855 - INFO - Sequence source                 	0

2024-08-08 22:24:52,855 - INFO - Database output                 	false

2024-08-08 22:24:52,855 - INFO - Threads                         	32

2024-08-08 22:24:52,855 - INFO - Compressed                      	0

2024-08-08 22:24:52,855 - INFO - Verbosity                       	3

2024-08-08 22:24:52,855 - INFO - 

2024-08-08 22:24:52,855 - INFO - Time for merging to CARD_results.tsv: 0h 0m 0s 13ms

2024-08-08 22:24:52,855 - INFO - Time for processing: 0h 0m 0s 89ms

2024-08-08 22:24:52,861 - INFO - Running mmseqs2 on vfdb.
2024-08-08 22:24:52,924 - INFO - createdb phage_pharokka/GCA_015343595.1_799|3-2988/phanotate_aas_tmp.fasta phage_pharokka/GCA_015343595.1_799|3-2988/vfdb_target_dir/target_seqs 

2024-08-08 22:24:52,924 - INFO - 

2024-08-08 22:24:52,924 - INFO - MMseqs Version:       	13.45111

2024-08-08 22:24:52,925 - INFO - Database type         	0

2024-08-08 22:24:52,925 - INFO - Shuffle input database	true

2024-08-08 22:24:52,925 - INFO - Createdb mode         	0

2024-08-08 22:24:52,925 - INFO - Write lookup file     	1

2024-08-08 22:24:52,925 - INFO - Offset of numeric ids 	0

2024-08-08 22:24:52,925 - INFO - Compressed            	0

2024-08-08 22:24:52,925 - INFO - Verbosity             	3

2024-08-08 22:24:52,925 - INFO - 

2024-08-08 22:24:52,925 - INFO - Converting sequences

2024-08-08 22:24:52,925 - INFO - [

2024-08-08 22:24:52,925 - INFO - Time for merging to target_seqs_h: 0h 0m 0s 7ms

2024-08-08 22:24:52,925 - INFO - Time for merging to target_seqs: 0h 0m 0s 20ms

2024-08-08 22:24:52,925 - INFO - Database type: Aminoacid

2024-08-08 22:24:52,925 - INFO - Time for processing: 0h 0m 0s 58ms

2024-08-08 22:24:52,934 - INFO - Create directory phage_pharokka/GCA_015343595.1_799|3-2988/vfdb_tmp_dir/

2024-08-08 22:24:52,934 - INFO - search --min-seq-id 0.8 -c 0.4 /data/yangy34/database/pharokka/vfdb phage_pharokka/GCA_015343595.1_799|3-2988/vfdb_target_dir/target_seqs phage_pharokka/GCA_015343595.1_799|3-2988/vfdb/results_vfdb phage_pharokka/GCA_015343595.1_799|3-2988/vfdb_tmp_dir/ -s 8.5 --threads 32 

2024-08-08 22:24:52,934 - INFO - 

2024-08-08 22:24:52,935 - INFO - MMseqs Version:                        	13.45111

2024-08-08 22:24:52,935 - INFO - Substitution matrix                    	nucl:nucleotide.out,aa:blosum62.out

2024-08-08 22:24:52,935 - INFO - Add backtrace                          	false

2024-08-08 22:24:52,935 - INFO - Alignment mode                         	2

2024-08-08 22:24:52,935 - INFO - Alignment mode                         	0

2024-08-08 22:24:52,935 - INFO - Allow wrapped scoring                  	false

2024-08-08 22:24:52,935 - INFO - E-value threshold                      	0.001

2024-08-08 22:24:52,935 - INFO - Seq. id. threshold                     	0.8

2024-08-08 22:24:52,935 - INFO - Min alignment length                   	0

2024-08-08 22:24:52,935 - INFO - Seq. id. mode                          	0

2024-08-08 22:24:52,935 - INFO - Alternative alignments                 	0

2024-08-08 22:24:52,935 - INFO - Coverage threshold                     	0.4

2024-08-08 22:24:52,935 - INFO - Coverage mode                          	0

2024-08-08 22:24:52,935 - INFO - Max sequence length                    	65535

2024-08-08 22:24:52,935 - INFO - Compositional bias                     	1

2024-08-08 22:24:52,935 - INFO - Max reject                             	2147483647

2024-08-08 22:24:52,935 - INFO - Max accept                             	2147483647

2024-08-08 22:24:52,935 - INFO - Include identical seq. id.             	false

2024-08-08 22:24:52,935 - INFO - Preload mode                           	0

2024-08-08 22:24:52,935 - INFO - Pseudo count a                         	1

2024-08-08 22:24:52,935 - INFO - Pseudo count b                         	1.5

2024-08-08 22:24:52,935 - INFO - Score bias                             	0

2024-08-08 22:24:52,935 - INFO - Realign hits                           	false

2024-08-08 22:24:52,935 - INFO - Realign score bias                     	-0.2

2024-08-08 22:24:52,936 - INFO - Realign max seqs                       	2147483647

2024-08-08 22:24:52,936 - INFO - Gap open cost                          	nucl:5,aa:11

2024-08-08 22:24:52,936 - INFO - Gap extension cost                     	nucl:2,aa:1

2024-08-08 22:24:52,936 - INFO - Zdrop                                  	40

2024-08-08 22:24:52,936 - INFO - Threads                                	32

2024-08-08 22:24:52,936 - INFO - Compressed                             	0

2024-08-08 22:24:52,936 - INFO - Verbosity                              	3

2024-08-08 22:24:52,936 - INFO - Seed substitution matrix               	nucl:nucleotide.out,aa:VTML80.out

2024-08-08 22:24:52,936 - INFO - Sensitivity                            	8.5

2024-08-08 22:24:52,936 - INFO - k-mer length                           	0

2024-08-08 22:24:52,936 - INFO - k-score                                	2147483647

2024-08-08 22:24:52,936 - INFO - Alphabet size                          	nucl:5,aa:21

2024-08-08 22:24:52,936 - INFO - Max results per query                  	300

2024-08-08 22:24:52,936 - INFO - Split database                         	0

2024-08-08 22:24:52,936 - INFO - Split mode                             	2

2024-08-08 22:24:52,936 - INFO - Split memory limit                     	0

2024-08-08 22:24:52,936 - INFO - Diagonal scoring                       	true

2024-08-08 22:24:52,936 - INFO - Exact k-mer matching                   	0

2024-08-08 22:24:52,936 - INFO - Mask residues                          	1

2024-08-08 22:24:52,936 - INFO - Mask lower case residues               	0

2024-08-08 22:24:52,936 - INFO - Minimum diagonal score                 	15

2024-08-08 22:24:52,936 - INFO - Spaced k-mers                          	1

2024-08-08 22:24:52,936 - INFO - Spaced k-mer pattern                   	

2024-08-08 22:24:52,936 - INFO - Local temporary path                   	

2024-08-08 22:24:52,936 - INFO - Rescore mode                           	0

2024-08-08 22:24:52,937 - INFO - Remove hits by seq. id. and coverage   	false

2024-08-08 22:24:52,937 - INFO - Sort results                           	0

2024-08-08 22:24:52,937 - INFO - Mask profile                           	1

2024-08-08 22:24:52,937 - INFO - Profile E-value threshold              	0.1

2024-08-08 22:24:52,937 - INFO - Global sequence weighting              	false

2024-08-08 22:24:52,937 - INFO - Allow deletions                        	false

2024-08-08 22:24:52,937 - INFO - Filter MSA                             	1

2024-08-08 22:24:52,937 - INFO - Maximum seq. id. threshold             	0.9

2024-08-08 22:24:52,937 - INFO - Minimum seq. id.                       	0

2024-08-08 22:24:52,937 - INFO - Minimum score per column               	-20

2024-08-08 22:24:52,937 - INFO - Minimum coverage                       	0

2024-08-08 22:24:52,937 - INFO - Select N most diverse seqs             	1000

2024-08-08 22:24:52,937 - INFO - Min codons in orf                      	30

2024-08-08 22:24:52,937 - INFO - Max codons in length                   	32734

2024-08-08 22:24:52,937 - INFO - Max orf gaps                           	2147483647

2024-08-08 22:24:52,937 - INFO - Contig start mode                      	2

2024-08-08 22:24:52,937 - INFO - Contig end mode                        	2

2024-08-08 22:24:52,937 - INFO - Orf start mode                         	1

2024-08-08 22:24:52,937 - INFO - Forward frames                         	1,2,3

2024-08-08 22:24:52,937 - INFO - Reverse frames                         	1,2,3

2024-08-08 22:24:52,937 - INFO - Translation table                      	1

2024-08-08 22:24:52,937 - INFO - Translate orf                          	0

2024-08-08 22:24:52,937 - INFO - Use all table starts                   	false

2024-08-08 22:24:52,937 - INFO - Offset of numeric ids                  	0

2024-08-08 22:24:52,938 - INFO - Create lookup                          	0

2024-08-08 22:24:52,938 - INFO - Add orf stop                           	false

2024-08-08 22:24:52,938 - INFO - Overlap between sequences              	0

2024-08-08 22:24:52,938 - INFO - Sequence split mode                    	1

2024-08-08 22:24:52,938 - INFO - Header split mode                      	0

2024-08-08 22:24:52,938 - INFO - Chain overlapping alignments           	0

2024-08-08 22:24:52,938 - INFO - Merge query                            	1

2024-08-08 22:24:52,938 - INFO - Search type                            	0

2024-08-08 22:24:52,938 - INFO - Search iterations                      	1

2024-08-08 22:24:52,938 - INFO - Start sensitivity                      	4

2024-08-08 22:24:52,938 - INFO - Search steps                           	1

2024-08-08 22:24:52,938 - INFO - Exhaustive search mode                 	false

2024-08-08 22:24:52,938 - INFO - Filter results during exhaustive search	0

2024-08-08 22:24:52,938 - INFO - Strand selection                       	1

2024-08-08 22:24:52,938 - INFO - LCA search mode                        	false

2024-08-08 22:24:52,938 - INFO - Disk space limit                       	0

2024-08-08 22:24:52,938 - INFO - MPI runner                             	

2024-08-08 22:24:52,938 - INFO - Force restart with latest tmp          	false

2024-08-08 22:24:52,938 - INFO - Remove temporary files                 	false

2024-08-08 22:24:52,938 - INFO - 

2024-08-08 22:24:53,118 - INFO - prefilter /data/yangy34/database/pharokka/vfdb phage_pharokka/GCA_015343595.1_799|3-2988/vfdb_target_dir/target_seqs phage_pharokka/GCA_015343595.1_799|3-2988/vfdb_tmp_dir//8285818777056426359/pref_0 --sub-mat nucl:nucleotide.out,aa:blosum62.out --seed-sub-mat nucl:nucleotide.out,aa:VTML80.out -k 0 --k-score 2147483647 --alph-size nucl:5,aa:21 --max-seq-len 65535 --max-seqs 300 --split 0 --split-mode 2 --split-memory-limit 0 -c 0.4 --cov-mode 0 --comp-bias-corr 1 --diag-score 1 --exact-kmer-matching 0 --mask 1 --mask-lower-case 0 --min-ungapped-score 15 --add-self-matches 0 --spaced-kmer-mode 1 --db-load-mode 0 --pca 1 --pcb 1.5 --threads 32 --compressed 0 -v 3 -s 8.5 

2024-08-08 22:24:53,118 - INFO - 

2024-08-08 22:24:53,118 - INFO - Query database size: 27504 type: Aminoacid

2024-08-08 22:24:53,118 - INFO - Estimated memory consumption: 977M

2024-08-08 22:24:53,118 - INFO - Target database size: 7 type: Aminoacid

2024-08-08 22:24:53,118 - INFO - Index table k-mer threshold: 87 at k-mer size 6 

2024-08-08 22:24:53,118 - INFO - Index table: counting k-mers

2024-08-08 22:24:53,253 - INFO - [=================================================================] 7 0s 4ms

2024-08-08 22:24:53,253 - INFO - Index table: Masked residues: 0

2024-08-08 22:24:53,253 - INFO - Index table: fill

2024-08-08 22:24:54,525 - INFO - [=================================================================] 7 0s 1ms

2024-08-08 22:24:54,525 - INFO - Index statistics

2024-08-08 22:24:54,525 - INFO - Entries:          894

2024-08-08 22:24:54,525 - INFO - DB size:          488 MB

2024-08-08 22:24:54,525 - INFO - Avg k-mer size:   0.000014

2024-08-08 22:24:54,526 - INFO - Top 10 k-mers

2024-08-08 22:24:54,526 - INFO -     QALAAA	1

2024-08-08 22:24:54,526 - INFO -     FLHGCA	1

2024-08-08 22:24:54,526 - INFO -     TKEICA	1

2024-08-08 22:24:54,526 - INFO -     PLIIDA	1

2024-08-08 22:24:54,526 - INFO -     PLCLDA	1

2024-08-08 22:24:54,526 - INFO -     RIESDA	1

2024-08-08 22:24:54,526 - INFO -     GFAVDA	1

2024-08-08 22:24:54,526 - INFO -     IHVAEA	1

2024-08-08 22:24:54,526 - INFO -     GMYSEA	1

2024-08-08 22:24:54,526 - INFO -     ALVTEA	1

2024-08-08 22:24:54,526 - INFO - Time for index table init: 0h 0m 0s 429ms

2024-08-08 22:24:54,526 - INFO - Process prefiltering step 1 of 1

2024-08-08 22:24:54,526 - INFO - 

2024-08-08 22:24:54,526 - INFO - k-mer similarity threshold: 87

2024-08-08 22:24:54,526 - INFO - Starting prefiltering scores calculation (step 1 of 1)

2024-08-08 22:24:54,527 - INFO - Query db start 1 to 27504

2024-08-08 22:24:54,527 - INFO - Target db start 1 to 7

2024-08-08 22:25:58,178 - INFO - [=================================================================] 27.50K 1m 4s 125ms

2024-08-08 22:25:58,178 - INFO - 

2024-08-08 22:25:58,178 - INFO - 3159.764157 k-mers per position

2024-08-08 22:25:58,178 - INFO - 23 DB matches per sequence

2024-08-08 22:25:58,178 - INFO - 0 overflows

2024-08-08 22:25:58,178 - INFO - 0 queries produce too many hits (truncated result)

2024-08-08 22:25:58,178 - INFO - 0 sequences passed prefiltering per query sequence

2024-08-08 22:25:58,178 - INFO - 0 median result list length

2024-08-08 22:25:58,178 - INFO - 17813 sequences with 0 size result lists

2024-08-08 22:25:58,179 - INFO - Time for merging to pref_0: 0h 0m 0s 21ms

2024-08-08 22:25:58,179 - INFO - Time for processing: 0h 1m 5s 235ms

2024-08-08 22:25:58,223 - INFO - align /data/yangy34/database/pharokka/vfdb phage_pharokka/GCA_015343595.1_799|3-2988/vfdb_target_dir/target_seqs phage_pharokka/GCA_015343595.1_799|3-2988/vfdb_tmp_dir//8285818777056426359/pref_0 phage_pharokka/GCA_015343595.1_799|3-2988/vfdb/results_vfdb --sub-mat nucl:nucleotide.out,aa:blosum62.out -a 0 --alignment-mode 2 --alignment-output-mode 0 --wrapped-scoring 0 -e 0.001 --min-seq-id 0.8 --min-aln-len 0 --seq-id-mode 0 --alt-ali 0 -c 0.4 --cov-mode 0 --max-seq-len 65535 --comp-bias-corr 1 --max-rejected 2147483647 --max-accept 2147483647 --add-self-matches 0 --db-load-mode 0 --pca 1 --pcb 1.5 --score-bias 0 --realign 0 --realign-score-bias -0.2 --realign-max-seqs 2147483647 --gap-open nucl:5,aa:11 --gap-extend nucl:2,aa:1 --zdrop 40 --threads 32 --compressed 0 -v 3 

2024-08-08 22:25:58,223 - INFO - 

2024-08-08 22:25:58,223 - INFO - Compute score and coverage

2024-08-08 22:25:58,224 - INFO - Query database size: 27504 type: Aminoacid

2024-08-08 22:25:58,224 - INFO - Target database size: 7 type: Aminoacid

2024-08-08 22:25:58,224 - INFO - Calculation of alignments

2024-08-08 22:25:58,295 - INFO - [=================================================================] 27.50K 0s 52ms

2024-08-08 22:25:58,296 - INFO - Time for merging to results_vfdb: 0h 0m 0s 17ms

2024-08-08 22:25:58,296 - INFO - 6025 alignments calculated

2024-08-08 22:25:58,296 - INFO - 0 sequence pairs passed the thresholds (0.000000 of overall calculated)

2024-08-08 22:25:58,296 - INFO - 0.000000 hits per query sequence

2024-08-08 22:25:58,296 - INFO - Time for processing: 0h 0m 0s 109ms

2024-08-08 22:25:58,389 - INFO - createtsv /data/yangy34/database/pharokka/vfdb phage_pharokka/GCA_015343595.1_799|3-2988/vfdb_target_dir/target_seqs phage_pharokka/GCA_015343595.1_799|3-2988/vfdb/results_vfdb phage_pharokka/GCA_015343595.1_799|3-2988/vfdb_results.tsv --full-header --threads 32 

2024-08-08 22:25:58,389 - INFO - 

2024-08-08 22:25:58,389 - INFO - MMseqs Version:                 	13.45111

2024-08-08 22:25:58,390 - INFO - First sequence as representative	false

2024-08-08 22:25:58,390 - INFO - Target column                   	1

2024-08-08 22:25:58,390 - INFO - Add full header                 	true

2024-08-08 22:25:58,390 - INFO - Sequence source                 	0

2024-08-08 22:25:58,390 - INFO - Database output                 	false

2024-08-08 22:25:58,390 - INFO - Threads                         	32

2024-08-08 22:25:58,390 - INFO - Compressed                      	0

2024-08-08 22:25:58,390 - INFO - Verbosity                       	3

2024-08-08 22:25:58,390 - INFO - 

2024-08-08 22:25:58,390 - INFO - Time for merging to vfdb_results.tsv: 0h 0m 0s 24ms

2024-08-08 22:25:58,390 - INFO - Time for processing: 0h 0m 0s 86ms

2024-08-08 22:25:58,405 - INFO - Post Processing Output.
2024-08-08 22:25:58,838 - INFO - Converting gff to genbank.
2024-08-08 22:25:58,847 - WARNING - /gpfs/gsfs12/users/yangy34/softwares/mambaforge/envs/pharokka-env/lib/python3.10/site-packages/Bio/SeqIO/InsdcIO.py:728: BiopythonWarning: Increasing length of locus line to allow long name. This will result in fields that are not in usual positions.
  warnings.warn(

2024-08-08 22:25:58,866 - INFO - Finding the closest match for each contig in INPHARED using mash.
2024-08-08 22:25:58,889 - INFO - Sketching GCA_015343595.1_53_phages/GCA_015343595.1_799_3_2988_prophage.fasta...

2024-08-08 22:25:58,891 - INFO - Writing to phage_pharokka/GCA_015343595.1_799|3-2988/input_mash_sketch.msh...

2024-08-08 22:26:00,471 - INFO - pharokka has finished
2024-08-08 22:26:00,472 - INFO - Elapsed time: 149.1 seconds
2024-08-08 22:26:00,472 - INFO - If you use pharokka in your research, please cite:
2024-08-08 22:26:00,472 - INFO - George Bouras, Roshan Nepal, Ghais Houtak, Alkis James Psaltis, Peter-John Wormald, Sarah Vreugde.
2024-08-08 22:26:00,472 - INFO - Pharokka: a fast scalable bacteriophage annotation tool.
2024-08-08 22:26:00,472 - INFO - Bioinformatics, Volume 39, Issue 1, January 2023, btac776.
2024-08-08 22:26:00,472 - INFO - https://doi.org/10.1093/bioinformatics/btac776.
2024-08-08 22:26:00,472 - INFO - You should also cite the full list of tools pharokka uses, which can be found at https://github.com/gbouras13/pharokka#citation.
