2024-08-08 21:52:12,999 - INFO - Starting pharokka v1.3.2
2024-08-08 21:52:12,999 - INFO - Input args: Namespace(infile='GCA_015343595.1_53_phages/GCA_015343595.1_1031_1_2014_prophage.fasta', outdir='phage_pharokka/GCA_015343595.1_1031|1-2014', database='/data/yangy34/database/pharokka', threads='32', force=False, prefix='Default', locustag='Default', gene_predictor='phanotate', meta=False, split=False, coding_table='11', evalue='1E-05', terminase=False, terminase_strand='nothing', terminase_start='nothing', citation=False)
2024-08-08 21:52:12,999 - INFO - Checking database installation.
2024-08-08 21:52:13,035 - INFO - All databases have been successfully checked.
2024-08-08 21:52:13,035 - INFO - Checking dependencies.
2024-08-08 21:52:14,183 - INFO - phan_out version found is v1.5.1.
2024-08-08 21:52:14,183 - INFO - Phanotate version is ok.
2024-08-08 21:52:14,252 - INFO - MMseqs2 version found is v13.45111.
2024-08-08 21:52:14,252 - INFO - MMseqs2 version is ok.
2024-08-08 21:52:15,151 - INFO - tRNAscan-SE version found is v2.45111.11.
2024-08-08 21:52:15,151 - INFO - tRNAscan-SE version is ok.
2024-08-08 21:52:15,743 - INFO - MinCED version found is v0.4.2.
2024-08-08 21:52:15,743 - INFO - MinCED version is ok.
2024-08-08 21:52:15,764 - INFO - ARAGORN version found is v1.2.41.
2024-08-08 21:52:15,764 - INFO - ARAGORN version is ok.
2024-08-08 21:52:15,826 - INFO - mash version found is v2.2.
2024-08-08 21:52:15,826 - INFO - mash version is ok.
2024-08-08 21:52:16,047 - INFO - Running Phanotate.
2024-08-08 21:52:18,441 - INFO - Translating gene predicted fastas.
2024-08-08 21:52:18,476 - INFO - Starting tRNA-scanSE
2024-08-08 21:52:18,627 - INFO - 

2024-08-08 21:52:18,628 - INFO - tRNAscan-SE v.2.0.11 (Oct 2022) - scan sequences for transfer RNAs

2024-08-08 21:52:18,628 - INFO - Copyright (C) 2022 Patricia Chan and Todd Lowe

2024-08-08 21:52:18,628 - INFO -                    University of California Santa Cruz

2024-08-08 21:52:18,628 - INFO - Freely distributed under the GNU General Public License (GPLv3)

2024-08-08 21:52:18,628 - INFO - 

2024-08-08 21:52:18,628 - INFO - ------------------------------------------------------------

2024-08-08 21:52:18,628 - INFO - Sequence file(s) to search:        GCA_015343595.1_53_phages/GCA_015343595.1_1031_1_2014_prophage.fasta

2024-08-08 21:52:18,628 - INFO - Search Mode:                       General

2024-08-08 21:52:18,628 - INFO - Results written to:                Standard output

2024-08-08 21:52:18,628 - INFO - Output format:                     Tabular

2024-08-08 21:52:18,628 - INFO - Searching with:                    Infernal single-pass scan

2024-08-08 21:52:18,628 - INFO -                                    Fast mode

2024-08-08 21:52:18,628 - INFO - Covariance model:                  /gpfs/gsfs12/users/yangy34/softwares/mambaforge/envs/pharokka-env/lib/tRNAscan-SE/models/TRNAinf.cm

2024-08-08 21:52:18,628 - INFO - 

2024-08-08 21:52:18,628 - INFO - Temporary directory:               /tmp

2024-08-08 21:52:18,628 - INFO - tRNA predictions saved to:         phage_pharokka/GCA_015343595.1_1031|1-2014/trnascan_out.gff

2024-08-08 21:52:18,628 - INFO - ------------------------------------------------------------

2024-08-08 21:52:18,628 - INFO - 

2024-08-08 21:52:18,759 - INFO - No tRNAs found.

2024-08-08 21:52:18,759 - INFO - 

2024-08-08 21:52:18,773 - INFO - Running MinCED.
2024-08-08 21:52:18,943 - INFO - Running Aragorn.
2024-08-08 21:52:18,946 - INFO - Starting MMseqs2.
2024-08-08 21:52:18,946 - INFO - Running MMseqs2 on PHROGs Database.
2024-08-08 21:52:19,074 - INFO - createdb phage_pharokka/GCA_015343595.1_1031|1-2014/phanotate_aas_tmp.fasta phage_pharokka/GCA_015343595.1_1031|1-2014/target_dir/target_seqs 

2024-08-08 21:52:19,074 - INFO - 

2024-08-08 21:52:19,074 - INFO - MMseqs Version:       	13.45111

2024-08-08 21:52:19,074 - INFO - Database type         	0

2024-08-08 21:52:19,074 - INFO - Shuffle input database	true

2024-08-08 21:52:19,076 - INFO - Createdb mode         	0

2024-08-08 21:52:19,076 - INFO - Write lookup file     	1

2024-08-08 21:52:19,076 - INFO - Offset of numeric ids 	0

2024-08-08 21:52:19,076 - INFO - Compressed            	0

2024-08-08 21:52:19,076 - INFO - Verbosity             	3

2024-08-08 21:52:19,076 - INFO - 

2024-08-08 21:52:19,076 - INFO - Converting sequences

2024-08-08 21:52:19,076 - INFO - [

2024-08-08 21:52:19,076 - INFO - Time for merging to target_seqs_h: 0h 0m 0s 27ms

2024-08-08 21:52:19,076 - INFO - Time for merging to target_seqs: 0h 0m 0s 29ms

2024-08-08 21:52:19,076 - INFO - Database type: Aminoacid

2024-08-08 21:52:19,076 - INFO - Time for processing: 0h 0m 0s 116ms

2024-08-08 21:52:19,086 - INFO - Create directory phage_pharokka/GCA_015343595.1_1031|1-2014/tmp_dir/

2024-08-08 21:52:19,086 - INFO - search -e 1E-05 /data/yangy34/database/pharokka/phrogs_profile_db phage_pharokka/GCA_015343595.1_1031|1-2014/target_dir/target_seqs phage_pharokka/GCA_015343595.1_1031|1-2014/mmseqs/results_mmseqs phage_pharokka/GCA_015343595.1_1031|1-2014/tmp_dir/ -s 8.5 --threads 32 

2024-08-08 21:52:19,086 - INFO - 

2024-08-08 21:52:19,086 - INFO - MMseqs Version:                        	13.45111

2024-08-08 21:52:19,087 - INFO - Substitution matrix                    	nucl:nucleotide.out,aa:blosum62.out

2024-08-08 21:52:19,087 - INFO - Add backtrace                          	false

2024-08-08 21:52:19,087 - INFO - Alignment mode                         	2

2024-08-08 21:52:19,087 - INFO - Alignment mode                         	0

2024-08-08 21:52:19,087 - INFO - Allow wrapped scoring                  	false

2024-08-08 21:52:19,087 - INFO - E-value threshold                      	1e-05

2024-08-08 21:52:19,087 - INFO - Seq. id. threshold                     	0

2024-08-08 21:52:19,087 - INFO - Min alignment length                   	0

2024-08-08 21:52:19,087 - INFO - Seq. id. mode                          	0

2024-08-08 21:52:19,087 - INFO - Alternative alignments                 	0

2024-08-08 21:52:19,087 - INFO - Coverage threshold                     	0

2024-08-08 21:52:19,087 - INFO - Coverage mode                          	0

2024-08-08 21:52:19,087 - INFO - Max sequence length                    	65535

2024-08-08 21:52:19,087 - INFO - Compositional bias                     	1

2024-08-08 21:52:19,087 - INFO - Max reject                             	2147483647

2024-08-08 21:52:19,087 - INFO - Max accept                             	2147483647

2024-08-08 21:52:19,087 - INFO - Include identical seq. id.             	false

2024-08-08 21:52:19,087 - INFO - Preload mode                           	0

2024-08-08 21:52:19,087 - INFO - Pseudo count a                         	1

2024-08-08 21:52:19,087 - INFO - Pseudo count b                         	1.5

2024-08-08 21:52:19,087 - INFO - Score bias                             	0

2024-08-08 21:52:19,087 - INFO - Realign hits                           	false

2024-08-08 21:52:19,087 - INFO - Realign score bias                     	-0.2

2024-08-08 21:52:19,088 - INFO - Realign max seqs                       	2147483647

2024-08-08 21:52:19,088 - INFO - Gap open cost                          	nucl:5,aa:11

2024-08-08 21:52:19,088 - INFO - Gap extension cost                     	nucl:2,aa:1

2024-08-08 21:52:19,088 - INFO - Zdrop                                  	40

2024-08-08 21:52:19,088 - INFO - Threads                                	32

2024-08-08 21:52:19,088 - INFO - Compressed                             	0

2024-08-08 21:52:19,088 - INFO - Verbosity                              	3

2024-08-08 21:52:19,088 - INFO - Seed substitution matrix               	nucl:nucleotide.out,aa:VTML80.out

2024-08-08 21:52:19,088 - INFO - Sensitivity                            	8.5

2024-08-08 21:52:19,088 - INFO - k-mer length                           	0

2024-08-08 21:52:19,088 - INFO - k-score                                	2147483647

2024-08-08 21:52:19,088 - INFO - Alphabet size                          	nucl:5,aa:21

2024-08-08 21:52:19,088 - INFO - Max results per query                  	300

2024-08-08 21:52:19,088 - INFO - Split database                         	0

2024-08-08 21:52:19,088 - INFO - Split mode                             	2

2024-08-08 21:52:19,088 - INFO - Split memory limit                     	0

2024-08-08 21:52:19,088 - INFO - Diagonal scoring                       	true

2024-08-08 21:52:19,088 - INFO - Exact k-mer matching                   	0

2024-08-08 21:52:19,088 - INFO - Mask residues                          	1

2024-08-08 21:52:19,088 - INFO - Mask lower case residues               	0

2024-08-08 21:52:19,088 - INFO - Minimum diagonal score                 	15

2024-08-08 21:52:19,088 - INFO - Spaced k-mers                          	1

2024-08-08 21:52:19,088 - INFO - Spaced k-mer pattern                   	

2024-08-08 21:52:19,088 - INFO - Local temporary path                   	

2024-08-08 21:52:19,089 - INFO - Rescore mode                           	0

2024-08-08 21:52:19,089 - INFO - Remove hits by seq. id. and coverage   	false

2024-08-08 21:52:19,089 - INFO - Sort results                           	0

2024-08-08 21:52:19,089 - INFO - Mask profile                           	1

2024-08-08 21:52:19,089 - INFO - Profile E-value threshold              	0.1

2024-08-08 21:52:19,089 - INFO - Global sequence weighting              	false

2024-08-08 21:52:19,089 - INFO - Allow deletions                        	false

2024-08-08 21:52:19,089 - INFO - Filter MSA                             	1

2024-08-08 21:52:19,089 - INFO - Maximum seq. id. threshold             	0.9

2024-08-08 21:52:19,089 - INFO - Minimum seq. id.                       	0

2024-08-08 21:52:19,089 - INFO - Minimum score per column               	-20

2024-08-08 21:52:19,089 - INFO - Minimum coverage                       	0

2024-08-08 21:52:19,089 - INFO - Select N most diverse seqs             	1000

2024-08-08 21:52:19,089 - INFO - Min codons in orf                      	30

2024-08-08 21:52:19,089 - INFO - Max codons in length                   	32734

2024-08-08 21:52:19,089 - INFO - Max orf gaps                           	2147483647

2024-08-08 21:52:19,089 - INFO - Contig start mode                      	2

2024-08-08 21:52:19,089 - INFO - Contig end mode                        	2

2024-08-08 21:52:19,089 - INFO - Orf start mode                         	1

2024-08-08 21:52:19,089 - INFO - Forward frames                         	1,2,3

2024-08-08 21:52:19,089 - INFO - Reverse frames                         	1,2,3

2024-08-08 21:52:19,089 - INFO - Translation table                      	1

2024-08-08 21:52:19,089 - INFO - Translate orf                          	0

2024-08-08 21:52:19,089 - INFO - Use all table starts                   	false

2024-08-08 21:52:19,090 - INFO - Offset of numeric ids                  	0

2024-08-08 21:52:19,090 - INFO - Create lookup                          	0

2024-08-08 21:52:19,090 - INFO - Add orf stop                           	false

2024-08-08 21:52:19,090 - INFO - Overlap between sequences              	0

2024-08-08 21:52:19,090 - INFO - Sequence split mode                    	1

2024-08-08 21:52:19,090 - INFO - Header split mode                      	0

2024-08-08 21:52:19,090 - INFO - Chain overlapping alignments           	0

2024-08-08 21:52:19,090 - INFO - Merge query                            	1

2024-08-08 21:52:19,090 - INFO - Search type                            	0

2024-08-08 21:52:19,090 - INFO - Search iterations                      	1

2024-08-08 21:52:19,090 - INFO - Start sensitivity                      	4

2024-08-08 21:52:19,090 - INFO - Search steps                           	1

2024-08-08 21:52:19,090 - INFO - Exhaustive search mode                 	false

2024-08-08 21:52:19,090 - INFO - Filter results during exhaustive search	0

2024-08-08 21:52:19,090 - INFO - Strand selection                       	1

2024-08-08 21:52:19,090 - INFO - LCA search mode                        	false

2024-08-08 21:52:19,090 - INFO - Disk space limit                       	0

2024-08-08 21:52:19,090 - INFO - MPI runner                             	

2024-08-08 21:52:19,090 - INFO - Force restart with latest tmp          	false

2024-08-08 21:52:19,090 - INFO - Remove temporary files                 	false

2024-08-08 21:52:19,090 - INFO - 

2024-08-08 21:52:19,255 - INFO - prefilter /data/yangy34/database/pharokka/phrogs_profile_db phage_pharokka/GCA_015343595.1_1031|1-2014/target_dir/target_seqs phage_pharokka/GCA_015343595.1_1031|1-2014/tmp_dir//13484354159354515788/pref_0 --sub-mat nucl:nucleotide.out,aa:blosum62.out --seed-sub-mat nucl:nucleotide.out,aa:VTML80.out -k 0 --k-score 2147483647 --alph-size nucl:5,aa:21 --max-seq-len 65535 --max-seqs 300 --split 0 --split-mode 2 --split-memory-limit 0 -c 0 --cov-mode 0 --comp-bias-corr 1 --diag-score 1 --exact-kmer-matching 0 --mask 1 --mask-lower-case 0 --min-ungapped-score 15 --add-self-matches 0 --spaced-kmer-mode 1 --db-load-mode 0 --pca 1 --pcb 1.5 --threads 32 --compressed 0 -v 3 -s 8.5 

2024-08-08 21:52:19,255 - INFO - 

2024-08-08 21:52:19,255 - INFO - Query database size: 38880 type: Profile

2024-08-08 21:52:19,255 - INFO - Estimated memory consumption: 488M

2024-08-08 21:52:19,255 - INFO - Target database size: 6 type: Aminoacid

2024-08-08 21:52:19,255 - INFO - Index table k-mer threshold: 0 at k-mer size 6 

2024-08-08 21:52:19,255 - INFO - Index table: counting k-mers

2024-08-08 21:52:19,391 - INFO - [=================================================================] 6 0s 2ms

2024-08-08 21:52:19,392 - INFO - Index table: Masked residues: 0

2024-08-08 21:52:19,392 - INFO - Index table: fill

2024-08-08 21:52:20,574 - INFO - [=================================================================] 6 0s 2ms

2024-08-08 21:52:20,574 - INFO - Index statistics

2024-08-08 21:52:20,574 - INFO - Entries:          616

2024-08-08 21:52:20,574 - INFO - DB size:          488 MB

2024-08-08 21:52:20,574 - INFO - Avg k-mer size:   0.000010

2024-08-08 21:52:20,574 - INFO - Top 10 k-mers

2024-08-08 21:52:20,574 - INFO -     AQSEAA	1

2024-08-08 21:52:20,574 - INFO -     CEALAA	1

2024-08-08 21:52:20,574 - INFO -     TLELAA	1

2024-08-08 21:52:20,574 - INFO -     EVKLAA	1

2024-08-08 21:52:20,575 - INFO -     CSFVAA	1

2024-08-08 21:52:20,575 - INFO -     FCLLCA	1

2024-08-08 21:52:20,575 - INFO -     QPEKDA	1

2024-08-08 21:52:20,575 - INFO -     AAKEEA	1

2024-08-08 21:52:20,575 - INFO -     VLDKEA	1

2024-08-08 21:52:20,575 - INFO -     FRPTEA	1

2024-08-08 21:52:20,575 - INFO - Time for index table init: 0h 0m 0s 427ms

2024-08-08 21:52:20,575 - INFO - Process prefiltering step 1 of 1

2024-08-08 21:52:20,575 - INFO - 

2024-08-08 21:52:20,575 - INFO - k-mer similarity threshold: 81

2024-08-08 21:52:20,575 - INFO - Starting prefiltering scores calculation (step 1 of 1)

2024-08-08 21:52:20,575 - INFO - Query db start 1 to 38880

2024-08-08 21:52:20,575 - INFO - Target db start 1 to 6

2024-08-08 21:53:25,674 - INFO - [=================================================================] 38.88K 1m 5s 860ms

2024-08-08 21:53:25,674 - INFO - 

2024-08-08 21:53:25,674 - INFO - 5386.328443 k-mers per position

2024-08-08 21:53:25,674 - INFO - 8 DB matches per sequence

2024-08-08 21:53:25,674 - INFO - 0 overflows

2024-08-08 21:53:25,674 - INFO - 0 queries produce too many hits (truncated result)

2024-08-08 21:53:25,674 - INFO - 0 sequences passed prefiltering per query sequence

2024-08-08 21:53:25,674 - INFO - 0 median result list length

2024-08-08 21:53:25,674 - INFO - 31802 sequences with 0 size result lists

2024-08-08 21:53:25,674 - INFO - Time for merging to pref_0: 0h 0m 0s 24ms

2024-08-08 21:53:25,675 - INFO - Time for processing: 0h 1m 6s 578ms

2024-08-08 21:53:25,773 - INFO - align /data/yangy34/database/pharokka/phrogs_profile_db phage_pharokka/GCA_015343595.1_1031|1-2014/target_dir/target_seqs phage_pharokka/GCA_015343595.1_1031|1-2014/tmp_dir//13484354159354515788/pref_0 phage_pharokka/GCA_015343595.1_1031|1-2014/mmseqs/results_mmseqs --sub-mat nucl:nucleotide.out,aa:blosum62.out -a 0 --alignment-mode 2 --alignment-output-mode 0 --wrapped-scoring 0 -e 1e-05 --min-seq-id 0 --min-aln-len 0 --seq-id-mode 0 --alt-ali 0 -c 0 --cov-mode 0 --max-seq-len 65535 --comp-bias-corr 1 --max-rejected 2147483647 --max-accept 2147483647 --add-self-matches 0 --db-load-mode 0 --pca 1 --pcb 1.5 --score-bias 0 --realign 0 --realign-score-bias -0.2 --realign-max-seqs 2147483647 --gap-open nucl:5,aa:11 --gap-extend nucl:2,aa:1 --zdrop 40 --threads 32 --compressed 0 -v 3 

2024-08-08 21:53:25,773 - INFO - 

2024-08-08 21:53:25,773 - INFO - Compute score and coverage

2024-08-08 21:53:25,773 - INFO - Query database size: 38880 type: Profile

2024-08-08 21:53:25,773 - INFO - Target database size: 6 type: Aminoacid

2024-08-08 21:53:25,773 - INFO - Calculation of alignments

2024-08-08 21:53:26,035 - INFO - [=================================================================] 38.88K 0s 253ms

2024-08-08 21:53:26,035 - INFO - Time for merging to results_mmseqs: 0h 0m 0s 20ms

2024-08-08 21:53:26,035 - INFO - 8158 alignments calculated

2024-08-08 21:53:26,035 - INFO - 11 sequence pairs passed the thresholds (0.001348 of overall calculated)

2024-08-08 21:53:26,036 - INFO - 0.000283 hits per query sequence

2024-08-08 21:53:26,036 - INFO - Time for processing: 0h 0m 0s 354ms

2024-08-08 21:53:26,344 - INFO - createtsv /data/yangy34/database/pharokka/phrogs_profile_db phage_pharokka/GCA_015343595.1_1031|1-2014/target_dir/target_seqs phage_pharokka/GCA_015343595.1_1031|1-2014/mmseqs/results_mmseqs phage_pharokka/GCA_015343595.1_1031|1-2014/mmseqs_results.tsv --full-header --threads 32 

2024-08-08 21:53:26,344 - INFO - 

2024-08-08 21:53:26,344 - INFO - MMseqs Version:                 	13.45111

2024-08-08 21:53:26,344 - INFO - First sequence as representative	false

2024-08-08 21:53:26,344 - INFO - Target column                   	1

2024-08-08 21:53:26,344 - INFO - Add full header                 	true

2024-08-08 21:53:26,344 - INFO - Sequence source                 	0

2024-08-08 21:53:26,344 - INFO - Database output                 	false

2024-08-08 21:53:26,344 - INFO - Threads                         	32

2024-08-08 21:53:26,344 - INFO - Compressed                      	0

2024-08-08 21:53:26,344 - INFO - Verbosity                       	3

2024-08-08 21:53:26,344 - INFO - 

2024-08-08 21:53:26,344 - INFO - Time for merging to mmseqs_results.tsv: 0h 0m 0s 30ms

2024-08-08 21:53:26,344 - INFO - Time for processing: 0h 0m 0s 298ms

2024-08-08 21:53:26,364 - INFO - Running mmseqs2 on CARD.
2024-08-08 21:53:26,426 - INFO - createdb phage_pharokka/GCA_015343595.1_1031|1-2014/phanotate_aas_tmp.fasta phage_pharokka/GCA_015343595.1_1031|1-2014/CARD_target_dir/target_seqs 

2024-08-08 21:53:26,426 - INFO - 

2024-08-08 21:53:26,426 - INFO - MMseqs Version:       	13.45111

2024-08-08 21:53:26,426 - INFO - Database type         	0

2024-08-08 21:53:26,426 - INFO - Shuffle input database	true

2024-08-08 21:53:26,426 - INFO - Createdb mode         	0

2024-08-08 21:53:26,426 - INFO - Write lookup file     	1

2024-08-08 21:53:26,426 - INFO - Offset of numeric ids 	0

2024-08-08 21:53:26,426 - INFO - Compressed            	0

2024-08-08 21:53:26,426 - INFO - Verbosity             	3

2024-08-08 21:53:26,426 - INFO - 

2024-08-08 21:53:26,426 - INFO - Converting sequences

2024-08-08 21:53:26,427 - INFO - [

2024-08-08 21:53:26,427 - INFO - Time for merging to target_seqs_h: 0h 0m 0s 7ms

2024-08-08 21:53:26,427 - INFO - Time for merging to target_seqs: 0h 0m 0s 20ms

2024-08-08 21:53:26,427 - INFO - Database type: Aminoacid

2024-08-08 21:53:26,427 - INFO - Time for processing: 0h 0m 0s 56ms

2024-08-08 21:53:26,439 - INFO - Create directory phage_pharokka/GCA_015343595.1_1031|1-2014/CARD_tmp_dir/

2024-08-08 21:53:26,439 - INFO - search --min-seq-id 0.8 -c 0.4 /data/yangy34/database/pharokka/CARD phage_pharokka/GCA_015343595.1_1031|1-2014/CARD_target_dir/target_seqs phage_pharokka/GCA_015343595.1_1031|1-2014/CARD/results_CARD phage_pharokka/GCA_015343595.1_1031|1-2014/CARD_tmp_dir/ -s 8.5 --threads 32 

2024-08-08 21:53:26,439 - INFO - 

2024-08-08 21:53:26,439 - INFO - MMseqs Version:                        	13.45111

2024-08-08 21:53:26,439 - INFO - Substitution matrix                    	nucl:nucleotide.out,aa:blosum62.out

2024-08-08 21:53:26,439 - INFO - Add backtrace                          	false

2024-08-08 21:53:26,439 - INFO - Alignment mode                         	2

2024-08-08 21:53:26,439 - INFO - Alignment mode                         	0

2024-08-08 21:53:26,439 - INFO - Allow wrapped scoring                  	false

2024-08-08 21:53:26,439 - INFO - E-value threshold                      	0.001

2024-08-08 21:53:26,439 - INFO - Seq. id. threshold                     	0.8

2024-08-08 21:53:26,439 - INFO - Min alignment length                   	0

2024-08-08 21:53:26,439 - INFO - Seq. id. mode                          	0

2024-08-08 21:53:26,439 - INFO - Alternative alignments                 	0

2024-08-08 21:53:26,439 - INFO - Coverage threshold                     	0.4

2024-08-08 21:53:26,439 - INFO - Coverage mode                          	0

2024-08-08 21:53:26,440 - INFO - Max sequence length                    	65535

2024-08-08 21:53:26,440 - INFO - Compositional bias                     	1

2024-08-08 21:53:26,440 - INFO - Max reject                             	2147483647

2024-08-08 21:53:26,440 - INFO - Max accept                             	2147483647

2024-08-08 21:53:26,440 - INFO - Include identical seq. id.             	false

2024-08-08 21:53:26,440 - INFO - Preload mode                           	0

2024-08-08 21:53:26,440 - INFO - Pseudo count a                         	1

2024-08-08 21:53:26,440 - INFO - Pseudo count b                         	1.5

2024-08-08 21:53:26,440 - INFO - Score bias                             	0

2024-08-08 21:53:26,440 - INFO - Realign hits                           	false

2024-08-08 21:53:26,440 - INFO - Realign score bias                     	-0.2

2024-08-08 21:53:26,440 - INFO - Realign max seqs                       	2147483647

2024-08-08 21:53:26,440 - INFO - Gap open cost                          	nucl:5,aa:11

2024-08-08 21:53:26,440 - INFO - Gap extension cost                     	nucl:2,aa:1

2024-08-08 21:53:26,440 - INFO - Zdrop                                  	40

2024-08-08 21:53:26,440 - INFO - Threads                                	32

2024-08-08 21:53:26,440 - INFO - Compressed                             	0

2024-08-08 21:53:26,440 - INFO - Verbosity                              	3

2024-08-08 21:53:26,440 - INFO - Seed substitution matrix               	nucl:nucleotide.out,aa:VTML80.out

2024-08-08 21:53:26,440 - INFO - Sensitivity                            	8.5

2024-08-08 21:53:26,441 - INFO - k-mer length                           	0

2024-08-08 21:53:26,441 - INFO - k-score                                	2147483647

2024-08-08 21:53:26,441 - INFO - Alphabet size                          	nucl:5,aa:21

2024-08-08 21:53:26,441 - INFO - Max results per query                  	300

2024-08-08 21:53:26,441 - INFO - Split database                         	0

2024-08-08 21:53:26,441 - INFO - Split mode                             	2

2024-08-08 21:53:26,441 - INFO - Split memory limit                     	0

2024-08-08 21:53:26,441 - INFO - Diagonal scoring                       	true

2024-08-08 21:53:26,441 - INFO - Exact k-mer matching                   	0

2024-08-08 21:53:26,441 - INFO - Mask residues                          	1

2024-08-08 21:53:26,441 - INFO - Mask lower case residues               	0

2024-08-08 21:53:26,441 - INFO - Minimum diagonal score                 	15

2024-08-08 21:53:26,441 - INFO - Spaced k-mers                          	1

2024-08-08 21:53:26,441 - INFO - Spaced k-mer pattern                   	

2024-08-08 21:53:26,441 - INFO - Local temporary path                   	

2024-08-08 21:53:26,441 - INFO - Rescore mode                           	0

2024-08-08 21:53:26,441 - INFO - Remove hits by seq. id. and coverage   	false

2024-08-08 21:53:26,441 - INFO - Sort results                           	0

2024-08-08 21:53:26,441 - INFO - Mask profile                           	1

2024-08-08 21:53:26,441 - INFO - Profile E-value threshold              	0.1

2024-08-08 21:53:26,442 - INFO - Global sequence weighting              	false

2024-08-08 21:53:26,442 - INFO - Allow deletions                        	false

2024-08-08 21:53:26,442 - INFO - Filter MSA                             	1

2024-08-08 21:53:26,442 - INFO - Maximum seq. id. threshold             	0.9

2024-08-08 21:53:26,442 - INFO - Minimum seq. id.                       	0

2024-08-08 21:53:26,442 - INFO - Minimum score per column               	-20

2024-08-08 21:53:26,442 - INFO - Minimum coverage                       	0

2024-08-08 21:53:26,442 - INFO - Select N most diverse seqs             	1000

2024-08-08 21:53:26,442 - INFO - Min codons in orf                      	30

2024-08-08 21:53:26,442 - INFO - Max codons in length                   	32734

2024-08-08 21:53:26,442 - INFO - Max orf gaps                           	2147483647

2024-08-08 21:53:26,442 - INFO - Contig start mode                      	2

2024-08-08 21:53:26,442 - INFO - Contig end mode                        	2

2024-08-08 21:53:26,442 - INFO - Orf start mode                         	1

2024-08-08 21:53:26,442 - INFO - Forward frames                         	1,2,3

2024-08-08 21:53:26,442 - INFO - Reverse frames                         	1,2,3

2024-08-08 21:53:26,442 - INFO - Translation table                      	1

2024-08-08 21:53:26,442 - INFO - Translate orf                          	0

2024-08-08 21:53:26,442 - INFO - Use all table starts                   	false

2024-08-08 21:53:26,442 - INFO - Offset of numeric ids                  	0

2024-08-08 21:53:26,442 - INFO - Create lookup                          	0

2024-08-08 21:53:26,443 - INFO - Add orf stop                           	false

2024-08-08 21:53:26,443 - INFO - Overlap between sequences              	0

2024-08-08 21:53:26,443 - INFO - Sequence split mode                    	1

2024-08-08 21:53:26,443 - INFO - Header split mode                      	0

2024-08-08 21:53:26,443 - INFO - Chain overlapping alignments           	0

2024-08-08 21:53:26,443 - INFO - Merge query                            	1

2024-08-08 21:53:26,443 - INFO - Search type                            	0

2024-08-08 21:53:26,443 - INFO - Search iterations                      	1

2024-08-08 21:53:26,443 - INFO - Start sensitivity                      	4

2024-08-08 21:53:26,443 - INFO - Search steps                           	1

2024-08-08 21:53:26,443 - INFO - Exhaustive search mode                 	false

2024-08-08 21:53:26,443 - INFO - Filter results during exhaustive search	0

2024-08-08 21:53:26,443 - INFO - Strand selection                       	1

2024-08-08 21:53:26,443 - INFO - LCA search mode                        	false

2024-08-08 21:53:26,443 - INFO - Disk space limit                       	0

2024-08-08 21:53:26,443 - INFO - MPI runner                             	

2024-08-08 21:53:26,443 - INFO - Force restart with latest tmp          	false

2024-08-08 21:53:26,443 - INFO - Remove temporary files                 	false

2024-08-08 21:53:26,443 - INFO - 

2024-08-08 21:53:26,609 - INFO - prefilter /data/yangy34/database/pharokka/CARD phage_pharokka/GCA_015343595.1_1031|1-2014/CARD_target_dir/target_seqs phage_pharokka/GCA_015343595.1_1031|1-2014/CARD_tmp_dir//9727871218843708524/pref_0 --sub-mat nucl:nucleotide.out,aa:blosum62.out --seed-sub-mat nucl:nucleotide.out,aa:VTML80.out -k 0 --k-score 2147483647 --alph-size nucl:5,aa:21 --max-seq-len 65535 --max-seqs 300 --split 0 --split-mode 2 --split-memory-limit 0 -c 0.4 --cov-mode 0 --comp-bias-corr 1 --diag-score 1 --exact-kmer-matching 0 --mask 1 --mask-lower-case 0 --min-ungapped-score 15 --add-self-matches 0 --spaced-kmer-mode 1 --db-load-mode 0 --pca 1 --pcb 1.5 --threads 32 --compressed 0 -v 3 -s 8.5 

2024-08-08 21:53:26,610 - INFO - 

2024-08-08 21:53:26,610 - INFO - Query database size: 4641 type: Aminoacid

2024-08-08 21:53:26,610 - INFO - Estimated memory consumption: 977M

2024-08-08 21:53:26,610 - INFO - Target database size: 6 type: Aminoacid

2024-08-08 21:53:26,610 - INFO - Index table k-mer threshold: 87 at k-mer size 6 

2024-08-08 21:53:26,610 - INFO - Index table: counting k-mers

2024-08-08 21:53:26,746 - INFO - [=================================================================] 6 0s 6ms

2024-08-08 21:53:26,746 - INFO - Index table: Masked residues: 0

2024-08-08 21:53:26,747 - INFO - Index table: fill

2024-08-08 21:53:27,217 - INFO - [=================================================================] 6 0s 1ms

2024-08-08 21:53:27,217 - INFO - Index statistics

2024-08-08 21:53:27,217 - INFO - Entries:          616

2024-08-08 21:53:27,217 - INFO - DB size:          488 MB

2024-08-08 21:53:27,217 - INFO - Avg k-mer size:   0.000010

2024-08-08 21:53:27,217 - INFO - Top 10 k-mers

2024-08-08 21:53:27,217 - INFO -     AQSEAA	1

2024-08-08 21:53:27,217 - INFO -     CEALAA	1

2024-08-08 21:53:27,217 - INFO -     TLELAA	1

2024-08-08 21:53:27,217 - INFO -     EVKLAA	1

2024-08-08 21:53:27,217 - INFO -     CSFVAA	1

2024-08-08 21:53:27,218 - INFO -     FCLLCA	1

2024-08-08 21:53:27,218 - INFO -     QPEKDA	1

2024-08-08 21:53:27,218 - INFO -     AAKEEA	1

2024-08-08 21:53:27,218 - INFO -     VLDKEA	1

2024-08-08 21:53:27,218 - INFO -     FRPTEA	1

2024-08-08 21:53:27,218 - INFO - Time for index table init: 0h 0m 0s 434ms

2024-08-08 21:53:27,218 - INFO - Process prefiltering step 1 of 1

2024-08-08 21:53:27,218 - INFO - 

2024-08-08 21:53:27,218 - INFO - k-mer similarity threshold: 87

2024-08-08 21:53:27,218 - INFO - Starting prefiltering scores calculation (step 1 of 1)

2024-08-08 21:53:27,218 - INFO - Query db start 1 to 4641

2024-08-08 21:53:27,218 - INFO - Target db start 1 to 6

2024-08-08 21:53:35,968 - INFO - [=================================================================] 4.64K 8s 822ms

2024-08-08 21:53:35,968 - INFO - 

2024-08-08 21:53:35,968 - INFO - 3883.681631 k-mers per position

2024-08-08 21:53:35,968 - INFO - 12 DB matches per sequence

2024-08-08 21:53:35,968 - INFO - 0 overflows

2024-08-08 21:53:35,968 - INFO - 0 queries produce too many hits (truncated result)

2024-08-08 21:53:35,968 - INFO - 0 sequences passed prefiltering per query sequence

2024-08-08 21:53:35,968 - INFO - 0 median result list length

2024-08-08 21:53:35,968 - INFO - 3624 sequences with 0 size result lists

2024-08-08 21:53:35,968 - INFO - Time for merging to pref_0: 0h 0m 0s 9ms

2024-08-08 21:53:35,968 - INFO - Time for processing: 0h 0m 9s 519ms

2024-08-08 21:53:35,993 - INFO - align /data/yangy34/database/pharokka/CARD phage_pharokka/GCA_015343595.1_1031|1-2014/CARD_target_dir/target_seqs phage_pharokka/GCA_015343595.1_1031|1-2014/CARD_tmp_dir//9727871218843708524/pref_0 phage_pharokka/GCA_015343595.1_1031|1-2014/CARD/results_CARD --sub-mat nucl:nucleotide.out,aa:blosum62.out -a 0 --alignment-mode 2 --alignment-output-mode 0 --wrapped-scoring 0 -e 0.001 --min-seq-id 0.8 --min-aln-len 0 --seq-id-mode 0 --alt-ali 0 -c 0.4 --cov-mode 0 --max-seq-len 65535 --comp-bias-corr 1 --max-rejected 2147483647 --max-accept 2147483647 --add-self-matches 0 --db-load-mode 0 --pca 1 --pcb 1.5 --score-bias 0 --realign 0 --realign-score-bias -0.2 --realign-max-seqs 2147483647 --gap-open nucl:5,aa:11 --gap-extend nucl:2,aa:1 --zdrop 40 --threads 32 --compressed 0 -v 3 

2024-08-08 21:53:35,993 - INFO - 

2024-08-08 21:53:35,993 - INFO - Compute score and coverage

2024-08-08 21:53:35,993 - INFO - Query database size: 4641 type: Aminoacid

2024-08-08 21:53:35,993 - INFO - Target database size: 6 type: Aminoacid

2024-08-08 21:53:35,993 - INFO - Calculation of alignments

2024-08-08 21:53:36,017 - INFO - [=================================================================] 4.64K 0s 15ms

2024-08-08 21:53:36,017 - INFO - Time for merging to results_CARD: 0h 0m 0s 9ms

2024-08-08 21:53:36,017 - INFO - 654 alignments calculated

2024-08-08 21:53:36,017 - INFO - 0 sequence pairs passed the thresholds (0.000000 of overall calculated)

2024-08-08 21:53:36,017 - INFO - 0.000000 hits per query sequence

2024-08-08 21:53:36,017 - INFO - Time for processing: 0h 0m 0s 42ms

2024-08-08 21:53:36,104 - INFO - createtsv /data/yangy34/database/pharokka/CARD phage_pharokka/GCA_015343595.1_1031|1-2014/CARD_target_dir/target_seqs phage_pharokka/GCA_015343595.1_1031|1-2014/CARD/results_CARD phage_pharokka/GCA_015343595.1_1031|1-2014/CARD_results.tsv --full-header --threads 32 

2024-08-08 21:53:36,104 - INFO - 

2024-08-08 21:53:36,104 - INFO - MMseqs Version:                 	13.45111

2024-08-08 21:53:36,104 - INFO - First sequence as representative	false

2024-08-08 21:53:36,104 - INFO - Target column                   	1

2024-08-08 21:53:36,104 - INFO - Add full header                 	true

2024-08-08 21:53:36,104 - INFO - Sequence source                 	0

2024-08-08 21:53:36,104 - INFO - Database output                 	false

2024-08-08 21:53:36,104 - INFO - Threads                         	32

2024-08-08 21:53:36,105 - INFO - Compressed                      	0

2024-08-08 21:53:36,105 - INFO - Verbosity                       	3

2024-08-08 21:53:36,105 - INFO - 

2024-08-08 21:53:36,105 - INFO - Time for merging to CARD_results.tsv: 0h 0m 0s 13ms

2024-08-08 21:53:36,105 - INFO - Time for processing: 0h 0m 0s 80ms

2024-08-08 21:53:36,109 - INFO - Running mmseqs2 on vfdb.
2024-08-08 21:53:36,178 - INFO - createdb phage_pharokka/GCA_015343595.1_1031|1-2014/phanotate_aas_tmp.fasta phage_pharokka/GCA_015343595.1_1031|1-2014/vfdb_target_dir/target_seqs 

2024-08-08 21:53:36,179 - INFO - 

2024-08-08 21:53:36,179 - INFO - MMseqs Version:       	13.45111

2024-08-08 21:53:36,179 - INFO - Database type         	0

2024-08-08 21:53:36,179 - INFO - Shuffle input database	true

2024-08-08 21:53:36,179 - INFO - Createdb mode         	0

2024-08-08 21:53:36,179 - INFO - Write lookup file     	1

2024-08-08 21:53:36,179 - INFO - Offset of numeric ids 	0

2024-08-08 21:53:36,179 - INFO - Compressed            	0

2024-08-08 21:53:36,179 - INFO - Verbosity             	3

2024-08-08 21:53:36,179 - INFO - 

2024-08-08 21:53:36,179 - INFO - Converting sequences

2024-08-08 21:53:36,179 - INFO - [

2024-08-08 21:53:36,179 - INFO - Time for merging to target_seqs_h: 0h 0m 0s 7ms

2024-08-08 21:53:36,179 - INFO - Time for merging to target_seqs: 0h 0m 0s 20ms

2024-08-08 21:53:36,179 - INFO - Database type: Aminoacid

2024-08-08 21:53:36,179 - INFO - Time for processing: 0h 0m 0s 64ms

2024-08-08 21:53:36,187 - INFO - Create directory phage_pharokka/GCA_015343595.1_1031|1-2014/vfdb_tmp_dir/

2024-08-08 21:53:36,187 - INFO - search --min-seq-id 0.8 -c 0.4 /data/yangy34/database/pharokka/vfdb phage_pharokka/GCA_015343595.1_1031|1-2014/vfdb_target_dir/target_seqs phage_pharokka/GCA_015343595.1_1031|1-2014/vfdb/results_vfdb phage_pharokka/GCA_015343595.1_1031|1-2014/vfdb_tmp_dir/ -s 8.5 --threads 32 

2024-08-08 21:53:36,187 - INFO - 

2024-08-08 21:53:36,187 - INFO - MMseqs Version:                        	13.45111

2024-08-08 21:53:36,187 - INFO - Substitution matrix                    	nucl:nucleotide.out,aa:blosum62.out

2024-08-08 21:53:36,187 - INFO - Add backtrace                          	false

2024-08-08 21:53:36,188 - INFO - Alignment mode                         	2

2024-08-08 21:53:36,188 - INFO - Alignment mode                         	0

2024-08-08 21:53:36,188 - INFO - Allow wrapped scoring                  	false

2024-08-08 21:53:36,188 - INFO - E-value threshold                      	0.001

2024-08-08 21:53:36,188 - INFO - Seq. id. threshold                     	0.8

2024-08-08 21:53:36,188 - INFO - Min alignment length                   	0

2024-08-08 21:53:36,188 - INFO - Seq. id. mode                          	0

2024-08-08 21:53:36,188 - INFO - Alternative alignments                 	0

2024-08-08 21:53:36,188 - INFO - Coverage threshold                     	0.4

2024-08-08 21:53:36,188 - INFO - Coverage mode                          	0

2024-08-08 21:53:36,188 - INFO - Max sequence length                    	65535

2024-08-08 21:53:36,188 - INFO - Compositional bias                     	1

2024-08-08 21:53:36,188 - INFO - Max reject                             	2147483647

2024-08-08 21:53:36,188 - INFO - Max accept                             	2147483647

2024-08-08 21:53:36,188 - INFO - Include identical seq. id.             	false

2024-08-08 21:53:36,189 - INFO - Preload mode                           	0

2024-08-08 21:53:36,189 - INFO - Pseudo count a                         	1

2024-08-08 21:53:36,189 - INFO - Pseudo count b                         	1.5

2024-08-08 21:53:36,189 - INFO - Score bias                             	0

2024-08-08 21:53:36,189 - INFO - Realign hits                           	false

2024-08-08 21:53:36,189 - INFO - Realign score bias                     	-0.2

2024-08-08 21:53:36,189 - INFO - Realign max seqs                       	2147483647

2024-08-08 21:53:36,189 - INFO - Gap open cost                          	nucl:5,aa:11

2024-08-08 21:53:36,189 - INFO - Gap extension cost                     	nucl:2,aa:1

2024-08-08 21:53:36,189 - INFO - Zdrop                                  	40

2024-08-08 21:53:36,189 - INFO - Threads                                	32

2024-08-08 21:53:36,189 - INFO - Compressed                             	0

2024-08-08 21:53:36,189 - INFO - Verbosity                              	3

2024-08-08 21:53:36,189 - INFO - Seed substitution matrix               	nucl:nucleotide.out,aa:VTML80.out

2024-08-08 21:53:36,189 - INFO - Sensitivity                            	8.5

2024-08-08 21:53:36,189 - INFO - k-mer length                           	0

2024-08-08 21:53:36,189 - INFO - k-score                                	2147483647

2024-08-08 21:53:36,189 - INFO - Alphabet size                          	nucl:5,aa:21

2024-08-08 21:53:36,189 - INFO - Max results per query                  	300

2024-08-08 21:53:36,189 - INFO - Split database                         	0

2024-08-08 21:53:36,190 - INFO - Split mode                             	2

2024-08-08 21:53:36,190 - INFO - Split memory limit                     	0

2024-08-08 21:53:36,190 - INFO - Diagonal scoring                       	true

2024-08-08 21:53:36,190 - INFO - Exact k-mer matching                   	0

2024-08-08 21:53:36,190 - INFO - Mask residues                          	1

2024-08-08 21:53:36,190 - INFO - Mask lower case residues               	0

2024-08-08 21:53:36,190 - INFO - Minimum diagonal score                 	15

2024-08-08 21:53:36,190 - INFO - Spaced k-mers                          	1

2024-08-08 21:53:36,190 - INFO - Spaced k-mer pattern                   	

2024-08-08 21:53:36,190 - INFO - Local temporary path                   	

2024-08-08 21:53:36,190 - INFO - Rescore mode                           	0

2024-08-08 21:53:36,190 - INFO - Remove hits by seq. id. and coverage   	false

2024-08-08 21:53:36,190 - INFO - Sort results                           	0

2024-08-08 21:53:36,190 - INFO - Mask profile                           	1

2024-08-08 21:53:36,190 - INFO - Profile E-value threshold              	0.1

2024-08-08 21:53:36,190 - INFO - Global sequence weighting              	false

2024-08-08 21:53:36,190 - INFO - Allow deletions                        	false

2024-08-08 21:53:36,190 - INFO - Filter MSA                             	1

2024-08-08 21:53:36,190 - INFO - Maximum seq. id. threshold             	0.9

2024-08-08 21:53:36,190 - INFO - Minimum seq. id.                       	0

2024-08-08 21:53:36,190 - INFO - Minimum score per column               	-20

2024-08-08 21:53:36,191 - INFO - Minimum coverage                       	0

2024-08-08 21:53:36,191 - INFO - Select N most diverse seqs             	1000

2024-08-08 21:53:36,191 - INFO - Min codons in orf                      	30

2024-08-08 21:53:36,191 - INFO - Max codons in length                   	32734

2024-08-08 21:53:36,191 - INFO - Max orf gaps                           	2147483647

2024-08-08 21:53:36,191 - INFO - Contig start mode                      	2

2024-08-08 21:53:36,191 - INFO - Contig end mode                        	2

2024-08-08 21:53:36,191 - INFO - Orf start mode                         	1

2024-08-08 21:53:36,191 - INFO - Forward frames                         	1,2,3

2024-08-08 21:53:36,191 - INFO - Reverse frames                         	1,2,3

2024-08-08 21:53:36,191 - INFO - Translation table                      	1

2024-08-08 21:53:36,191 - INFO - Translate orf                          	0

2024-08-08 21:53:36,191 - INFO - Use all table starts                   	false

2024-08-08 21:53:36,191 - INFO - Offset of numeric ids                  	0

2024-08-08 21:53:36,191 - INFO - Create lookup                          	0

2024-08-08 21:53:36,191 - INFO - Add orf stop                           	false

2024-08-08 21:53:36,191 - INFO - Overlap between sequences              	0

2024-08-08 21:53:36,191 - INFO - Sequence split mode                    	1

2024-08-08 21:53:36,191 - INFO - Header split mode                      	0

2024-08-08 21:53:36,191 - INFO - Chain overlapping alignments           	0

2024-08-08 21:53:36,192 - INFO - Merge query                            	1

2024-08-08 21:53:36,192 - INFO - Search type                            	0

2024-08-08 21:53:36,192 - INFO - Search iterations                      	1

2024-08-08 21:53:36,192 - INFO - Start sensitivity                      	4

2024-08-08 21:53:36,192 - INFO - Search steps                           	1

2024-08-08 21:53:36,192 - INFO - Exhaustive search mode                 	false

2024-08-08 21:53:36,192 - INFO - Filter results during exhaustive search	0

2024-08-08 21:53:36,192 - INFO - Strand selection                       	1

2024-08-08 21:53:36,192 - INFO - LCA search mode                        	false

2024-08-08 21:53:36,192 - INFO - Disk space limit                       	0

2024-08-08 21:53:36,192 - INFO - MPI runner                             	

2024-08-08 21:53:36,192 - INFO - Force restart with latest tmp          	false

2024-08-08 21:53:36,192 - INFO - Remove temporary files                 	false

2024-08-08 21:53:36,192 - INFO - 

2024-08-08 21:53:36,362 - INFO - prefilter /data/yangy34/database/pharokka/vfdb phage_pharokka/GCA_015343595.1_1031|1-2014/vfdb_target_dir/target_seqs phage_pharokka/GCA_015343595.1_1031|1-2014/vfdb_tmp_dir//12057928436554233801/pref_0 --sub-mat nucl:nucleotide.out,aa:blosum62.out --seed-sub-mat nucl:nucleotide.out,aa:VTML80.out -k 0 --k-score 2147483647 --alph-size nucl:5,aa:21 --max-seq-len 65535 --max-seqs 300 --split 0 --split-mode 2 --split-memory-limit 0 -c 0.4 --cov-mode 0 --comp-bias-corr 1 --diag-score 1 --exact-kmer-matching 0 --mask 1 --mask-lower-case 0 --min-ungapped-score 15 --add-self-matches 0 --spaced-kmer-mode 1 --db-load-mode 0 --pca 1 --pcb 1.5 --threads 32 --compressed 0 -v 3 -s 8.5 

2024-08-08 21:53:36,362 - INFO - 

2024-08-08 21:53:36,362 - INFO - Query database size: 27504 type: Aminoacid

2024-08-08 21:53:36,362 - INFO - Estimated memory consumption: 977M

2024-08-08 21:53:36,363 - INFO - Target database size: 6 type: Aminoacid

2024-08-08 21:53:36,363 - INFO - Index table k-mer threshold: 87 at k-mer size 6 

2024-08-08 21:53:36,363 - INFO - Index table: counting k-mers

2024-08-08 21:53:36,500 - INFO - [=================================================================] 6 0s 6ms

2024-08-08 21:53:36,500 - INFO - Index table: Masked residues: 0

2024-08-08 21:53:36,500 - INFO - Index table: fill

2024-08-08 21:53:37,795 - INFO - [=================================================================] 6 0s 1ms

2024-08-08 21:53:37,796 - INFO - Index statistics

2024-08-08 21:53:37,796 - INFO - Entries:          616

2024-08-08 21:53:37,796 - INFO - DB size:          488 MB

2024-08-08 21:53:37,796 - INFO - Avg k-mer size:   0.000010

2024-08-08 21:53:37,796 - INFO - Top 10 k-mers

2024-08-08 21:53:37,796 - INFO -     AQSEAA	1

2024-08-08 21:53:37,796 - INFO -     CEALAA	1

2024-08-08 21:53:37,796 - INFO -     TLELAA	1

2024-08-08 21:53:37,796 - INFO -     EVKLAA	1

2024-08-08 21:53:37,796 - INFO -     CSFVAA	1

2024-08-08 21:53:37,796 - INFO -     FCLLCA	1

2024-08-08 21:53:37,796 - INFO -     QPEKDA	1

2024-08-08 21:53:37,796 - INFO -     AAKEEA	1

2024-08-08 21:53:37,797 - INFO -     VLDKEA	1

2024-08-08 21:53:37,797 - INFO -     FRPTEA	1

2024-08-08 21:53:37,797 - INFO - Time for index table init: 0h 0m 0s 433ms

2024-08-08 21:53:37,797 - INFO - Process prefiltering step 1 of 1

2024-08-08 21:53:37,797 - INFO - 

2024-08-08 21:53:37,797 - INFO - k-mer similarity threshold: 87

2024-08-08 21:53:37,797 - INFO - Starting prefiltering scores calculation (step 1 of 1)

2024-08-08 21:53:37,797 - INFO - Query db start 1 to 27504

2024-08-08 21:53:37,797 - INFO - Target db start 1 to 6

2024-08-08 21:54:43,068 - INFO - [=================================================================] 27.50K 1m 5s 867ms

2024-08-08 21:54:43,068 - INFO - 

2024-08-08 21:54:43,068 - INFO - 3159.764157 k-mers per position

2024-08-08 21:54:43,068 - INFO - 15 DB matches per sequence

2024-08-08 21:54:43,068 - INFO - 0 overflows

2024-08-08 21:54:43,069 - INFO - 0 queries produce too many hits (truncated result)

2024-08-08 21:54:43,069 - INFO - 0 sequences passed prefiltering per query sequence

2024-08-08 21:54:43,069 - INFO - 0 median result list length

2024-08-08 21:54:43,069 - INFO - 20448 sequences with 0 size result lists

2024-08-08 21:54:43,069 - INFO - Time for merging to pref_0: 0h 0m 0s 19ms

2024-08-08 21:54:43,069 - INFO - Time for processing: 0h 1m 6s 872ms

2024-08-08 21:54:43,129 - INFO - align /data/yangy34/database/pharokka/vfdb phage_pharokka/GCA_015343595.1_1031|1-2014/vfdb_target_dir/target_seqs phage_pharokka/GCA_015343595.1_1031|1-2014/vfdb_tmp_dir//12057928436554233801/pref_0 phage_pharokka/GCA_015343595.1_1031|1-2014/vfdb/results_vfdb --sub-mat nucl:nucleotide.out,aa:blosum62.out -a 0 --alignment-mode 2 --alignment-output-mode 0 --wrapped-scoring 0 -e 0.001 --min-seq-id 0.8 --min-aln-len 0 --seq-id-mode 0 --alt-ali 0 -c 0.4 --cov-mode 0 --max-seq-len 65535 --comp-bias-corr 1 --max-rejected 2147483647 --max-accept 2147483647 --add-self-matches 0 --db-load-mode 0 --pca 1 --pcb 1.5 --score-bias 0 --realign 0 --realign-score-bias -0.2 --realign-max-seqs 2147483647 --gap-open nucl:5,aa:11 --gap-extend nucl:2,aa:1 --zdrop 40 --threads 32 --compressed 0 -v 3 

2024-08-08 21:54:43,129 - INFO - 

2024-08-08 21:54:43,129 - INFO - Compute score and coverage

2024-08-08 21:54:43,129 - INFO - Query database size: 27504 type: Aminoacid

2024-08-08 21:54:43,129 - INFO - Target database size: 6 type: Aminoacid

2024-08-08 21:54:43,129 - INFO - Calculation of alignments

2024-08-08 21:54:43,175 - INFO - [=================================================================] 27.50K 0s 25ms

2024-08-08 21:54:43,176 - INFO - Time for merging to results_vfdb: 0h 0m 0s 17ms

2024-08-08 21:54:43,176 - INFO - 2834 alignments calculated

2024-08-08 21:54:43,176 - INFO - 0 sequence pairs passed the thresholds (0.000000 of overall calculated)

2024-08-08 21:54:43,176 - INFO - 0.000000 hits per query sequence

2024-08-08 21:54:43,176 - INFO - Time for processing: 0h 0m 0s 98ms

2024-08-08 21:54:43,326 - INFO - createtsv /data/yangy34/database/pharokka/vfdb phage_pharokka/GCA_015343595.1_1031|1-2014/vfdb_target_dir/target_seqs phage_pharokka/GCA_015343595.1_1031|1-2014/vfdb/results_vfdb phage_pharokka/GCA_015343595.1_1031|1-2014/vfdb_results.tsv --full-header --threads 32 

2024-08-08 21:54:43,326 - INFO - 

2024-08-08 21:54:43,326 - INFO - MMseqs Version:                 	13.45111

2024-08-08 21:54:43,326 - INFO - First sequence as representative	false

2024-08-08 21:54:43,326 - INFO - Target column                   	1

2024-08-08 21:54:43,326 - INFO - Add full header                 	true

2024-08-08 21:54:43,326 - INFO - Sequence source                 	0

2024-08-08 21:54:43,326 - INFO - Database output                 	false

2024-08-08 21:54:43,326 - INFO - Threads                         	32

2024-08-08 21:54:43,326 - INFO - Compressed                      	0

2024-08-08 21:54:43,326 - INFO - Verbosity                       	3

2024-08-08 21:54:43,326 - INFO - 

2024-08-08 21:54:43,326 - INFO - Time for merging to vfdb_results.tsv: 0h 0m 0s 24ms

2024-08-08 21:54:43,326 - INFO - Time for processing: 0h 0m 0s 143ms

2024-08-08 21:54:43,340 - INFO - Post Processing Output.
2024-08-08 21:54:43,748 - INFO - Converting gff to genbank.
2024-08-08 21:54:43,766 - WARNING - /gpfs/gsfs12/users/yangy34/softwares/mambaforge/envs/pharokka-env/lib/python3.10/site-packages/Bio/SeqIO/InsdcIO.py:728: BiopythonWarning: Increasing length of locus line to allow long name. This will result in fields that are not in usual positions.
  warnings.warn(

2024-08-08 21:54:43,784 - INFO - Finding the closest match for each contig in INPHARED using mash.
2024-08-08 21:54:43,841 - INFO - Sketching GCA_015343595.1_53_phages/GCA_015343595.1_1031_1_2014_prophage.fasta...

2024-08-08 21:54:43,853 - INFO - Writing to phage_pharokka/GCA_015343595.1_1031|1-2014/input_mash_sketch.msh...

2024-08-08 21:54:45,540 - INFO - pharokka has finished
2024-08-08 21:54:45,540 - INFO - Elapsed time: 152.56 seconds
2024-08-08 21:54:45,540 - INFO - If you use pharokka in your research, please cite:
2024-08-08 21:54:45,540 - INFO - George Bouras, Roshan Nepal, Ghais Houtak, Alkis James Psaltis, Peter-John Wormald, Sarah Vreugde.
2024-08-08 21:54:45,540 - INFO - Pharokka: a fast scalable bacteriophage annotation tool.
2024-08-08 21:54:45,540 - INFO - Bioinformatics, Volume 39, Issue 1, January 2023, btac776.
2024-08-08 21:54:45,540 - INFO - https://doi.org/10.1093/bioinformatics/btac776.
2024-08-08 21:54:45,540 - INFO - You should also cite the full list of tools pharokka uses, which can be found at https://github.com/gbouras13/pharokka#citation.
