2024-08-08 22:17:15,579 - INFO - Starting pharokka v1.3.2
2024-08-08 22:17:15,580 - INFO - Input args: Namespace(infile='GCA_015343595.1_53_phages/GCA_015343595.1_1088_3_1633_prophage.fasta', outdir='phage_pharokka/GCA_015343595.1_1088|3-1633', database='/data/yangy34/database/pharokka', threads='32', force=False, prefix='Default', locustag='Default', gene_predictor='phanotate', meta=False, split=False, coding_table='11', evalue='1E-05', terminase=False, terminase_strand='nothing', terminase_start='nothing', citation=False)
2024-08-08 22:17:15,580 - INFO - Checking database installation.
2024-08-08 22:17:15,592 - INFO - All databases have been successfully checked.
2024-08-08 22:17:15,592 - INFO - Checking dependencies.
2024-08-08 22:17:16,591 - INFO - phan_out version found is v1.5.1.
2024-08-08 22:17:16,592 - INFO - Phanotate version is ok.
2024-08-08 22:17:16,651 - INFO - MMseqs2 version found is v13.45111.
2024-08-08 22:17:16,651 - INFO - MMseqs2 version is ok.
2024-08-08 22:17:17,521 - INFO - tRNAscan-SE version found is v2.45111.11.
2024-08-08 22:17:17,521 - INFO - tRNAscan-SE version is ok.
2024-08-08 22:17:18,195 - INFO - MinCED version found is v0.4.2.
2024-08-08 22:17:18,195 - INFO - MinCED version is ok.
2024-08-08 22:17:18,210 - INFO - ARAGORN version found is v1.2.41.
2024-08-08 22:17:18,210 - INFO - ARAGORN version is ok.
2024-08-08 22:17:18,293 - INFO - mash version found is v2.2.
2024-08-08 22:17:18,293 - INFO - mash version is ok.
2024-08-08 22:17:18,526 - INFO - Running Phanotate.
2024-08-08 22:17:19,982 - INFO - Translating gene predicted fastas.
2024-08-08 22:17:20,011 - INFO - Starting tRNA-scanSE
2024-08-08 22:17:20,156 - INFO - 

2024-08-08 22:17:20,156 - INFO - tRNAscan-SE v.2.0.11 (Oct 2022) - scan sequences for transfer RNAs

2024-08-08 22:17:20,156 - INFO - Copyright (C) 2022 Patricia Chan and Todd Lowe

2024-08-08 22:17:20,156 - INFO -                    University of California Santa Cruz

2024-08-08 22:17:20,157 - INFO - Freely distributed under the GNU General Public License (GPLv3)

2024-08-08 22:17:20,157 - INFO - 

2024-08-08 22:17:20,157 - INFO - ------------------------------------------------------------

2024-08-08 22:17:20,157 - INFO - Sequence file(s) to search:        GCA_015343595.1_53_phages/GCA_015343595.1_1088_3_1633_prophage.fasta

2024-08-08 22:17:20,157 - INFO - Search Mode:                       General

2024-08-08 22:17:20,157 - INFO - Results written to:                Standard output

2024-08-08 22:17:20,157 - INFO - Output format:                     Tabular

2024-08-08 22:17:20,157 - INFO - Searching with:                    Infernal single-pass scan

2024-08-08 22:17:20,157 - INFO -                                    Fast mode

2024-08-08 22:17:20,157 - INFO - Covariance model:                  /gpfs/gsfs12/users/yangy34/softwares/mambaforge/envs/pharokka-env/lib/tRNAscan-SE/models/TRNAinf.cm

2024-08-08 22:17:20,157 - INFO - 

2024-08-08 22:17:20,157 - INFO - Temporary directory:               /tmp

2024-08-08 22:17:20,157 - INFO - tRNA predictions saved to:         phage_pharokka/GCA_015343595.1_1088|3-1633/trnascan_out.gff

2024-08-08 22:17:20,157 - INFO - ------------------------------------------------------------

2024-08-08 22:17:20,157 - INFO - 

2024-08-08 22:17:20,285 - INFO - No tRNAs found.

2024-08-08 22:17:20,285 - INFO - 

2024-08-08 22:17:20,299 - INFO - Running MinCED.
2024-08-08 22:17:20,438 - INFO - Running Aragorn.
2024-08-08 22:17:20,441 - INFO - Starting MMseqs2.
2024-08-08 22:17:20,441 - INFO - Running MMseqs2 on PHROGs Database.
2024-08-08 22:17:20,531 - INFO - createdb phage_pharokka/GCA_015343595.1_1088|3-1633/phanotate_aas_tmp.fasta phage_pharokka/GCA_015343595.1_1088|3-1633/target_dir/target_seqs 

2024-08-08 22:17:20,531 - INFO - 

2024-08-08 22:17:20,532 - INFO - MMseqs Version:       	13.45111

2024-08-08 22:17:20,532 - INFO - Database type         	0

2024-08-08 22:17:20,532 - INFO - Shuffle input database	true

2024-08-08 22:17:20,533 - INFO - Createdb mode         	0

2024-08-08 22:17:20,533 - INFO - Write lookup file     	1

2024-08-08 22:17:20,533 - INFO - Offset of numeric ids 	0

2024-08-08 22:17:20,533 - INFO - Compressed            	0

2024-08-08 22:17:20,533 - INFO - Verbosity             	3

2024-08-08 22:17:20,533 - INFO - 

2024-08-08 22:17:20,533 - INFO - Converting sequences

2024-08-08 22:17:20,533 - INFO - [

2024-08-08 22:17:20,533 - INFO - Time for merging to target_seqs_h: 0h 0m 0s 22ms

2024-08-08 22:17:20,533 - INFO - Time for merging to target_seqs: 0h 0m 0s 22ms

2024-08-08 22:17:20,533 - INFO - Database type: Aminoacid

2024-08-08 22:17:20,533 - INFO - Time for processing: 0h 0m 0s 84ms

2024-08-08 22:17:20,542 - INFO - Create directory phage_pharokka/GCA_015343595.1_1088|3-1633/tmp_dir/

2024-08-08 22:17:20,542 - INFO - search -e 1E-05 /data/yangy34/database/pharokka/phrogs_profile_db phage_pharokka/GCA_015343595.1_1088|3-1633/target_dir/target_seqs phage_pharokka/GCA_015343595.1_1088|3-1633/mmseqs/results_mmseqs phage_pharokka/GCA_015343595.1_1088|3-1633/tmp_dir/ -s 8.5 --threads 32 

2024-08-08 22:17:20,542 - INFO - 

2024-08-08 22:17:20,542 - INFO - MMseqs Version:                        	13.45111

2024-08-08 22:17:20,542 - INFO - Substitution matrix                    	nucl:nucleotide.out,aa:blosum62.out

2024-08-08 22:17:20,542 - INFO - Add backtrace                          	false

2024-08-08 22:17:20,542 - INFO - Alignment mode                         	2

2024-08-08 22:17:20,542 - INFO - Alignment mode                         	0

2024-08-08 22:17:20,542 - INFO - Allow wrapped scoring                  	false

2024-08-08 22:17:20,542 - INFO - E-value threshold                      	1e-05

2024-08-08 22:17:20,542 - INFO - Seq. id. threshold                     	0

2024-08-08 22:17:20,542 - INFO - Min alignment length                   	0

2024-08-08 22:17:20,542 - INFO - Seq. id. mode                          	0

2024-08-08 22:17:20,542 - INFO - Alternative alignments                 	0

2024-08-08 22:17:20,542 - INFO - Coverage threshold                     	0

2024-08-08 22:17:20,542 - INFO - Coverage mode                          	0

2024-08-08 22:17:20,542 - INFO - Max sequence length                    	65535

2024-08-08 22:17:20,543 - INFO - Compositional bias                     	1

2024-08-08 22:17:20,543 - INFO - Max reject                             	2147483647

2024-08-08 22:17:20,543 - INFO - Max accept                             	2147483647

2024-08-08 22:17:20,543 - INFO - Include identical seq. id.             	false

2024-08-08 22:17:20,543 - INFO - Preload mode                           	0

2024-08-08 22:17:20,543 - INFO - Pseudo count a                         	1

2024-08-08 22:17:20,543 - INFO - Pseudo count b                         	1.5

2024-08-08 22:17:20,543 - INFO - Score bias                             	0

2024-08-08 22:17:20,543 - INFO - Realign hits                           	false

2024-08-08 22:17:20,543 - INFO - Realign score bias                     	-0.2

2024-08-08 22:17:20,543 - INFO - Realign max seqs                       	2147483647

2024-08-08 22:17:20,543 - INFO - Gap open cost                          	nucl:5,aa:11

2024-08-08 22:17:20,543 - INFO - Gap extension cost                     	nucl:2,aa:1

2024-08-08 22:17:20,543 - INFO - Zdrop                                  	40

2024-08-08 22:17:20,543 - INFO - Threads                                	32

2024-08-08 22:17:20,543 - INFO - Compressed                             	0

2024-08-08 22:17:20,543 - INFO - Verbosity                              	3

2024-08-08 22:17:20,543 - INFO - Seed substitution matrix               	nucl:nucleotide.out,aa:VTML80.out

2024-08-08 22:17:20,543 - INFO - Sensitivity                            	8.5

2024-08-08 22:17:20,543 - INFO - k-mer length                           	0

2024-08-08 22:17:20,543 - INFO - k-score                                	2147483647

2024-08-08 22:17:20,543 - INFO - Alphabet size                          	nucl:5,aa:21

2024-08-08 22:17:20,543 - INFO - Max results per query                  	300

2024-08-08 22:17:20,544 - INFO - Split database                         	0

2024-08-08 22:17:20,544 - INFO - Split mode                             	2

2024-08-08 22:17:20,544 - INFO - Split memory limit                     	0

2024-08-08 22:17:20,544 - INFO - Diagonal scoring                       	true

2024-08-08 22:17:20,544 - INFO - Exact k-mer matching                   	0

2024-08-08 22:17:20,544 - INFO - Mask residues                          	1

2024-08-08 22:17:20,544 - INFO - Mask lower case residues               	0

2024-08-08 22:17:20,544 - INFO - Minimum diagonal score                 	15

2024-08-08 22:17:20,544 - INFO - Spaced k-mers                          	1

2024-08-08 22:17:20,544 - INFO - Spaced k-mer pattern                   	

2024-08-08 22:17:20,544 - INFO - Local temporary path                   	

2024-08-08 22:17:20,544 - INFO - Rescore mode                           	0

2024-08-08 22:17:20,544 - INFO - Remove hits by seq. id. and coverage   	false

2024-08-08 22:17:20,544 - INFO - Sort results                           	0

2024-08-08 22:17:20,544 - INFO - Mask profile                           	1

2024-08-08 22:17:20,544 - INFO - Profile E-value threshold              	0.1

2024-08-08 22:17:20,544 - INFO - Global sequence weighting              	false

2024-08-08 22:17:20,544 - INFO - Allow deletions                        	false

2024-08-08 22:17:20,544 - INFO - Filter MSA                             	1

2024-08-08 22:17:20,544 - INFO - Maximum seq. id. threshold             	0.9

2024-08-08 22:17:20,544 - INFO - Minimum seq. id.                       	0

2024-08-08 22:17:20,544 - INFO - Minimum score per column               	-20

2024-08-08 22:17:20,544 - INFO - Minimum coverage                       	0

2024-08-08 22:17:20,544 - INFO - Select N most diverse seqs             	1000

2024-08-08 22:17:20,545 - INFO - Min codons in orf                      	30

2024-08-08 22:17:20,545 - INFO - Max codons in length                   	32734

2024-08-08 22:17:20,545 - INFO - Max orf gaps                           	2147483647

2024-08-08 22:17:20,545 - INFO - Contig start mode                      	2

2024-08-08 22:17:20,545 - INFO - Contig end mode                        	2

2024-08-08 22:17:20,545 - INFO - Orf start mode                         	1

2024-08-08 22:17:20,545 - INFO - Forward frames                         	1,2,3

2024-08-08 22:17:20,545 - INFO - Reverse frames                         	1,2,3

2024-08-08 22:17:20,545 - INFO - Translation table                      	1

2024-08-08 22:17:20,545 - INFO - Translate orf                          	0

2024-08-08 22:17:20,545 - INFO - Use all table starts                   	false

2024-08-08 22:17:20,545 - INFO - Offset of numeric ids                  	0

2024-08-08 22:17:20,545 - INFO - Create lookup                          	0

2024-08-08 22:17:20,545 - INFO - Add orf stop                           	false

2024-08-08 22:17:20,545 - INFO - Overlap between sequences              	0

2024-08-08 22:17:20,545 - INFO - Sequence split mode                    	1

2024-08-08 22:17:20,545 - INFO - Header split mode                      	0

2024-08-08 22:17:20,545 - INFO - Chain overlapping alignments           	0

2024-08-08 22:17:20,545 - INFO - Merge query                            	1

2024-08-08 22:17:20,545 - INFO - Search type                            	0

2024-08-08 22:17:20,545 - INFO - Search iterations                      	1

2024-08-08 22:17:20,545 - INFO - Start sensitivity                      	4

2024-08-08 22:17:20,545 - INFO - Search steps                           	1

2024-08-08 22:17:20,546 - INFO - Exhaustive search mode                 	false

2024-08-08 22:17:20,546 - INFO - Filter results during exhaustive search	0

2024-08-08 22:17:20,546 - INFO - Strand selection                       	1

2024-08-08 22:17:20,546 - INFO - LCA search mode                        	false

2024-08-08 22:17:20,546 - INFO - Disk space limit                       	0

2024-08-08 22:17:20,546 - INFO - MPI runner                             	

2024-08-08 22:17:20,546 - INFO - Force restart with latest tmp          	false

2024-08-08 22:17:20,546 - INFO - Remove temporary files                 	false

2024-08-08 22:17:20,546 - INFO - 

2024-08-08 22:17:20,928 - INFO - prefilter /data/yangy34/database/pharokka/phrogs_profile_db phage_pharokka/GCA_015343595.1_1088|3-1633/target_dir/target_seqs phage_pharokka/GCA_015343595.1_1088|3-1633/tmp_dir//14737853360911891464/pref_0 --sub-mat nucl:nucleotide.out,aa:blosum62.out --seed-sub-mat nucl:nucleotide.out,aa:VTML80.out -k 0 --k-score 2147483647 --alph-size nucl:5,aa:21 --max-seq-len 65535 --max-seqs 300 --split 0 --split-mode 2 --split-memory-limit 0 -c 0 --cov-mode 0 --comp-bias-corr 1 --diag-score 1 --exact-kmer-matching 0 --mask 1 --mask-lower-case 0 --min-ungapped-score 15 --add-self-matches 0 --spaced-kmer-mode 1 --db-load-mode 0 --pca 1 --pcb 1.5 --threads 32 --compressed 0 -v 3 -s 8.5 

2024-08-08 22:17:20,928 - INFO - 

2024-08-08 22:17:20,928 - INFO - Query database size: 38880 type: Profile

2024-08-08 22:17:20,928 - INFO - Estimated memory consumption: 488M

2024-08-08 22:17:20,928 - INFO - Target database size: 2 type: Aminoacid

2024-08-08 22:17:20,928 - INFO - Index table k-mer threshold: 0 at k-mer size 6 

2024-08-08 22:17:20,928 - INFO - Index table: counting k-mers

2024-08-08 22:17:21,073 - INFO - [=================================================================] 2 0s 2ms

2024-08-08 22:17:21,074 - INFO - Index table: Masked residues: 0

2024-08-08 22:17:21,074 - INFO - Index table: fill

2024-08-08 22:17:22,308 - INFO - [=================================================================] 2 0s 0ms

2024-08-08 22:17:22,308 - INFO - Index statistics

2024-08-08 22:17:22,308 - INFO - Entries:          527

2024-08-08 22:17:22,308 - INFO - DB size:          488 MB

2024-08-08 22:17:22,308 - INFO - Avg k-mer size:   0.000008

2024-08-08 22:17:22,308 - INFO - Top 10 k-mers

2024-08-08 22:17:22,308 - INFO -     IIDGDA	1

2024-08-08 22:17:22,308 - INFO -     LIQKEA	1

2024-08-08 22:17:22,308 - INFO -     ISNMFA	1

2024-08-08 22:17:22,308 - INFO -     ALRIHA	1

2024-08-08 22:17:22,309 - INFO -     IKLEIA	1

2024-08-08 22:17:22,309 - INFO -     CRQDKA	1

2024-08-08 22:17:22,309 - INFO -     SDFILA	1

2024-08-08 22:17:22,309 - INFO -     YVKYLA	1

2024-08-08 22:17:22,309 - INFO -     NQFDNA	1

2024-08-08 22:17:22,309 - INFO -     KEKYSA	1

2024-08-08 22:17:22,309 - INFO - Time for index table init: 0h 0m 0s 660ms

2024-08-08 22:17:22,309 - INFO - Process prefiltering step 1 of 1

2024-08-08 22:17:22,309 - INFO - 

2024-08-08 22:17:22,309 - INFO - k-mer similarity threshold: 81

2024-08-08 22:17:22,309 - INFO - Starting prefiltering scores calculation (step 1 of 1)

2024-08-08 22:17:22,309 - INFO - Query db start 1 to 38880

2024-08-08 22:17:22,309 - INFO - Target db start 1 to 2

2024-08-08 22:18:31,182 - INFO - [=================================================================] 38.88K 1m 9s 616ms

2024-08-08 22:18:31,183 - INFO - 

2024-08-08 22:18:31,183 - INFO - 5386.328443 k-mers per position

2024-08-08 22:18:31,183 - INFO - 7 DB matches per sequence

2024-08-08 22:18:31,183 - INFO - 0 overflows

2024-08-08 22:18:31,183 - INFO - 0 queries produce too many hits (truncated result)

2024-08-08 22:18:31,183 - INFO - 0 sequences passed prefiltering per query sequence

2024-08-08 22:18:31,183 - INFO - 0 median result list length

2024-08-08 22:18:31,183 - INFO - 32974 sequences with 0 size result lists

2024-08-08 22:18:31,183 - INFO - Time for merging to pref_0: 0h 0m 0s 29ms

2024-08-08 22:18:31,183 - INFO - Time for processing: 0h 1m 10s 632ms

2024-08-08 22:18:31,265 - INFO - align /data/yangy34/database/pharokka/phrogs_profile_db phage_pharokka/GCA_015343595.1_1088|3-1633/target_dir/target_seqs phage_pharokka/GCA_015343595.1_1088|3-1633/tmp_dir//14737853360911891464/pref_0 phage_pharokka/GCA_015343595.1_1088|3-1633/mmseqs/results_mmseqs --sub-mat nucl:nucleotide.out,aa:blosum62.out -a 0 --alignment-mode 2 --alignment-output-mode 0 --wrapped-scoring 0 -e 1e-05 --min-seq-id 0 --min-aln-len 0 --seq-id-mode 0 --alt-ali 0 -c 0 --cov-mode 0 --max-seq-len 65535 --comp-bias-corr 1 --max-rejected 2147483647 --max-accept 2147483647 --add-self-matches 0 --db-load-mode 0 --pca 1 --pcb 1.5 --score-bias 0 --realign 0 --realign-score-bias -0.2 --realign-max-seqs 2147483647 --gap-open nucl:5,aa:11 --gap-extend nucl:2,aa:1 --zdrop 40 --threads 32 --compressed 0 -v 3 

2024-08-08 22:18:31,265 - INFO - 

2024-08-08 22:18:31,265 - INFO - Compute score and coverage

2024-08-08 22:18:31,265 - INFO - Query database size: 38880 type: Profile

2024-08-08 22:18:31,265 - INFO - Target database size: 2 type: Aminoacid

2024-08-08 22:18:31,265 - INFO - Calculation of alignments

2024-08-08 22:18:31,534 - INFO - [=================================================================] 38.88K 0s 215ms

2024-08-08 22:18:31,535 - INFO - Time for merging to results_mmseqs: 0h 0m 0s 22ms

2024-08-08 22:18:31,535 - INFO - 6351 alignments calculated

2024-08-08 22:18:31,535 - INFO - 1 sequence pairs passed the thresholds (0.000157 of overall calculated)

2024-08-08 22:18:31,535 - INFO - 0.000026 hits per query sequence

2024-08-08 22:18:31,535 - INFO - Time for processing: 0h 0m 0s 345ms

2024-08-08 22:18:31,638 - INFO - createtsv /data/yangy34/database/pharokka/phrogs_profile_db phage_pharokka/GCA_015343595.1_1088|3-1633/target_dir/target_seqs phage_pharokka/GCA_015343595.1_1088|3-1633/mmseqs/results_mmseqs phage_pharokka/GCA_015343595.1_1088|3-1633/mmseqs_results.tsv --full-header --threads 32 

2024-08-08 22:18:31,638 - INFO - 

2024-08-08 22:18:31,638 - INFO - MMseqs Version:                 	13.45111

2024-08-08 22:18:31,639 - INFO - First sequence as representative	false

2024-08-08 22:18:31,639 - INFO - Target column                   	1

2024-08-08 22:18:31,639 - INFO - Add full header                 	true

2024-08-08 22:18:31,639 - INFO - Sequence source                 	0

2024-08-08 22:18:31,639 - INFO - Database output                 	false

2024-08-08 22:18:31,639 - INFO - Threads                         	32

2024-08-08 22:18:31,639 - INFO - Compressed                      	0

2024-08-08 22:18:31,639 - INFO - Verbosity                       	3

2024-08-08 22:18:31,639 - INFO - 

2024-08-08 22:18:31,639 - INFO - Time for merging to mmseqs_results.tsv: 0h 0m 0s 31ms

2024-08-08 22:18:31,639 - INFO - Time for processing: 0h 0m 0s 95ms

2024-08-08 22:18:31,667 - INFO - Running mmseqs2 on CARD.
2024-08-08 22:18:31,724 - INFO - createdb phage_pharokka/GCA_015343595.1_1088|3-1633/phanotate_aas_tmp.fasta phage_pharokka/GCA_015343595.1_1088|3-1633/CARD_target_dir/target_seqs 

2024-08-08 22:18:31,724 - INFO - 

2024-08-08 22:18:31,724 - INFO - MMseqs Version:       	13.45111

2024-08-08 22:18:31,724 - INFO - Database type         	0

2024-08-08 22:18:31,724 - INFO - Shuffle input database	true

2024-08-08 22:18:31,724 - INFO - Createdb mode         	0

2024-08-08 22:18:31,724 - INFO - Write lookup file     	1

2024-08-08 22:18:31,724 - INFO - Offset of numeric ids 	0

2024-08-08 22:18:31,724 - INFO - Compressed            	0

2024-08-08 22:18:31,724 - INFO - Verbosity             	3

2024-08-08 22:18:31,724 - INFO - 

2024-08-08 22:18:31,724 - INFO - Converting sequences

2024-08-08 22:18:31,724 - INFO - [

2024-08-08 22:18:31,724 - INFO - Time for merging to target_seqs_h: 0h 0m 0s 7ms

2024-08-08 22:18:31,724 - INFO - Time for merging to target_seqs: 0h 0m 0s 18ms

2024-08-08 22:18:31,724 - INFO - Database type: Aminoacid

2024-08-08 22:18:31,724 - INFO - Time for processing: 0h 0m 0s 52ms

2024-08-08 22:18:31,732 - INFO - Create directory phage_pharokka/GCA_015343595.1_1088|3-1633/CARD_tmp_dir/

2024-08-08 22:18:31,732 - INFO - search --min-seq-id 0.8 -c 0.4 /data/yangy34/database/pharokka/CARD phage_pharokka/GCA_015343595.1_1088|3-1633/CARD_target_dir/target_seqs phage_pharokka/GCA_015343595.1_1088|3-1633/CARD/results_CARD phage_pharokka/GCA_015343595.1_1088|3-1633/CARD_tmp_dir/ -s 8.5 --threads 32 

2024-08-08 22:18:31,732 - INFO - 

2024-08-08 22:18:31,732 - INFO - MMseqs Version:                        	13.45111

2024-08-08 22:18:31,733 - INFO - Substitution matrix                    	nucl:nucleotide.out,aa:blosum62.out

2024-08-08 22:18:31,733 - INFO - Add backtrace                          	false

2024-08-08 22:18:31,733 - INFO - Alignment mode                         	2

2024-08-08 22:18:31,733 - INFO - Alignment mode                         	0

2024-08-08 22:18:31,733 - INFO - Allow wrapped scoring                  	false

2024-08-08 22:18:31,733 - INFO - E-value threshold                      	0.001

2024-08-08 22:18:31,733 - INFO - Seq. id. threshold                     	0.8

2024-08-08 22:18:31,733 - INFO - Min alignment length                   	0

2024-08-08 22:18:31,733 - INFO - Seq. id. mode                          	0

2024-08-08 22:18:31,733 - INFO - Alternative alignments                 	0

2024-08-08 22:18:31,733 - INFO - Coverage threshold                     	0.4

2024-08-08 22:18:31,733 - INFO - Coverage mode                          	0

2024-08-08 22:18:31,733 - INFO - Max sequence length                    	65535

2024-08-08 22:18:31,733 - INFO - Compositional bias                     	1

2024-08-08 22:18:31,733 - INFO - Max reject                             	2147483647

2024-08-08 22:18:31,733 - INFO - Max accept                             	2147483647

2024-08-08 22:18:31,733 - INFO - Include identical seq. id.             	false

2024-08-08 22:18:31,733 - INFO - Preload mode                           	0

2024-08-08 22:18:31,733 - INFO - Pseudo count a                         	1

2024-08-08 22:18:31,733 - INFO - Pseudo count b                         	1.5

2024-08-08 22:18:31,733 - INFO - Score bias                             	0

2024-08-08 22:18:31,734 - INFO - Realign hits                           	false

2024-08-08 22:18:31,734 - INFO - Realign score bias                     	-0.2

2024-08-08 22:18:31,734 - INFO - Realign max seqs                       	2147483647

2024-08-08 22:18:31,734 - INFO - Gap open cost                          	nucl:5,aa:11

2024-08-08 22:18:31,734 - INFO - Gap extension cost                     	nucl:2,aa:1

2024-08-08 22:18:31,734 - INFO - Zdrop                                  	40

2024-08-08 22:18:31,734 - INFO - Threads                                	32

2024-08-08 22:18:31,734 - INFO - Compressed                             	0

2024-08-08 22:18:31,734 - INFO - Verbosity                              	3

2024-08-08 22:18:31,734 - INFO - Seed substitution matrix               	nucl:nucleotide.out,aa:VTML80.out

2024-08-08 22:18:31,734 - INFO - Sensitivity                            	8.5

2024-08-08 22:18:31,734 - INFO - k-mer length                           	0

2024-08-08 22:18:31,734 - INFO - k-score                                	2147483647

2024-08-08 22:18:31,734 - INFO - Alphabet size                          	nucl:5,aa:21

2024-08-08 22:18:31,734 - INFO - Max results per query                  	300

2024-08-08 22:18:31,734 - INFO - Split database                         	0

2024-08-08 22:18:31,734 - INFO - Split mode                             	2

2024-08-08 22:18:31,734 - INFO - Split memory limit                     	0

2024-08-08 22:18:31,734 - INFO - Diagonal scoring                       	true

2024-08-08 22:18:31,734 - INFO - Exact k-mer matching                   	0

2024-08-08 22:18:31,734 - INFO - Mask residues                          	1

2024-08-08 22:18:31,734 - INFO - Mask lower case residues               	0

2024-08-08 22:18:31,734 - INFO - Minimum diagonal score                 	15

2024-08-08 22:18:31,735 - INFO - Spaced k-mers                          	1

2024-08-08 22:18:31,735 - INFO - Spaced k-mer pattern                   	

2024-08-08 22:18:31,735 - INFO - Local temporary path                   	

2024-08-08 22:18:31,735 - INFO - Rescore mode                           	0

2024-08-08 22:18:31,735 - INFO - Remove hits by seq. id. and coverage   	false

2024-08-08 22:18:31,735 - INFO - Sort results                           	0

2024-08-08 22:18:31,735 - INFO - Mask profile                           	1

2024-08-08 22:18:31,735 - INFO - Profile E-value threshold              	0.1

2024-08-08 22:18:31,735 - INFO - Global sequence weighting              	false

2024-08-08 22:18:31,735 - INFO - Allow deletions                        	false

2024-08-08 22:18:31,735 - INFO - Filter MSA                             	1

2024-08-08 22:18:31,735 - INFO - Maximum seq. id. threshold             	0.9

2024-08-08 22:18:31,735 - INFO - Minimum seq. id.                       	0

2024-08-08 22:18:31,735 - INFO - Minimum score per column               	-20

2024-08-08 22:18:31,735 - INFO - Minimum coverage                       	0

2024-08-08 22:18:31,735 - INFO - Select N most diverse seqs             	1000

2024-08-08 22:18:31,735 - INFO - Min codons in orf                      	30

2024-08-08 22:18:31,735 - INFO - Max codons in length                   	32734

2024-08-08 22:18:31,735 - INFO - Max orf gaps                           	2147483647

2024-08-08 22:18:31,735 - INFO - Contig start mode                      	2

2024-08-08 22:18:31,735 - INFO - Contig end mode                        	2

2024-08-08 22:18:31,735 - INFO - Orf start mode                         	1

2024-08-08 22:18:31,735 - INFO - Forward frames                         	1,2,3

2024-08-08 22:18:31,736 - INFO - Reverse frames                         	1,2,3

2024-08-08 22:18:31,736 - INFO - Translation table                      	1

2024-08-08 22:18:31,736 - INFO - Translate orf                          	0

2024-08-08 22:18:31,736 - INFO - Use all table starts                   	false

2024-08-08 22:18:31,736 - INFO - Offset of numeric ids                  	0

2024-08-08 22:18:31,736 - INFO - Create lookup                          	0

2024-08-08 22:18:31,736 - INFO - Add orf stop                           	false

2024-08-08 22:18:31,736 - INFO - Overlap between sequences              	0

2024-08-08 22:18:31,736 - INFO - Sequence split mode                    	1

2024-08-08 22:18:31,736 - INFO - Header split mode                      	0

2024-08-08 22:18:31,736 - INFO - Chain overlapping alignments           	0

2024-08-08 22:18:31,736 - INFO - Merge query                            	1

2024-08-08 22:18:31,736 - INFO - Search type                            	0

2024-08-08 22:18:31,736 - INFO - Search iterations                      	1

2024-08-08 22:18:31,736 - INFO - Start sensitivity                      	4

2024-08-08 22:18:31,736 - INFO - Search steps                           	1

2024-08-08 22:18:31,736 - INFO - Exhaustive search mode                 	false

2024-08-08 22:18:31,736 - INFO - Filter results during exhaustive search	0

2024-08-08 22:18:31,736 - INFO - Strand selection                       	1

2024-08-08 22:18:31,736 - INFO - LCA search mode                        	false

2024-08-08 22:18:31,736 - INFO - Disk space limit                       	0

2024-08-08 22:18:31,736 - INFO - MPI runner                             	

2024-08-08 22:18:31,736 - INFO - Force restart with latest tmp          	false

2024-08-08 22:18:31,737 - INFO - Remove temporary files                 	false

2024-08-08 22:18:31,737 - INFO - 

2024-08-08 22:18:32,091 - INFO - prefilter /data/yangy34/database/pharokka/CARD phage_pharokka/GCA_015343595.1_1088|3-1633/CARD_target_dir/target_seqs phage_pharokka/GCA_015343595.1_1088|3-1633/CARD_tmp_dir//8135484371929272244/pref_0 --sub-mat nucl:nucleotide.out,aa:blosum62.out --seed-sub-mat nucl:nucleotide.out,aa:VTML80.out -k 0 --k-score 2147483647 --alph-size nucl:5,aa:21 --max-seq-len 65535 --max-seqs 300 --split 0 --split-mode 2 --split-memory-limit 0 -c 0.4 --cov-mode 0 --comp-bias-corr 1 --diag-score 1 --exact-kmer-matching 0 --mask 1 --mask-lower-case 0 --min-ungapped-score 15 --add-self-matches 0 --spaced-kmer-mode 1 --db-load-mode 0 --pca 1 --pcb 1.5 --threads 32 --compressed 0 -v 3 -s 8.5 

2024-08-08 22:18:32,091 - INFO - 

2024-08-08 22:18:32,092 - INFO - Query database size: 4641 type: Aminoacid

2024-08-08 22:18:32,092 - INFO - Estimated memory consumption: 977M

2024-08-08 22:18:32,092 - INFO - Target database size: 2 type: Aminoacid

2024-08-08 22:18:32,092 - INFO - Index table k-mer threshold: 87 at k-mer size 6 

2024-08-08 22:18:32,092 - INFO - Index table: counting k-mers

2024-08-08 22:18:32,231 - INFO - [=================================================================] 2 0s 4ms

2024-08-08 22:18:32,231 - INFO - Index table: Masked residues: 0

2024-08-08 22:18:32,232 - INFO - Index table: fill

2024-08-08 22:18:32,688 - INFO - [=================================================================] 2 0s 1ms

2024-08-08 22:18:32,688 - INFO - Index statistics

2024-08-08 22:18:32,688 - INFO - Entries:          527

2024-08-08 22:18:32,688 - INFO - DB size:          488 MB

2024-08-08 22:18:32,689 - INFO - Avg k-mer size:   0.000008

2024-08-08 22:18:32,689 - INFO - Top 10 k-mers

2024-08-08 22:18:32,689 - INFO -     IIDGDA	1

2024-08-08 22:18:32,689 - INFO -     LIQKEA	1

2024-08-08 22:18:32,689 - INFO -     ISNMFA	1

2024-08-08 22:18:32,689 - INFO -     ALRIHA	1

2024-08-08 22:18:32,689 - INFO -     IKLEIA	1

2024-08-08 22:18:32,689 - INFO -     CRQDKA	1

2024-08-08 22:18:32,689 - INFO -     SDFILA	1

2024-08-08 22:18:32,689 - INFO -     YVKYLA	1

2024-08-08 22:18:32,689 - INFO -     NQFDNA	1

2024-08-08 22:18:32,689 - INFO -     KEKYSA	1

2024-08-08 22:18:32,689 - INFO - Time for index table init: 0h 0m 0s 655ms

2024-08-08 22:18:32,689 - INFO - Process prefiltering step 1 of 1

2024-08-08 22:18:32,690 - INFO - 

2024-08-08 22:18:32,690 - INFO - k-mer similarity threshold: 87

2024-08-08 22:18:32,690 - INFO - Starting prefiltering scores calculation (step 1 of 1)

2024-08-08 22:18:32,690 - INFO - Query db start 1 to 4641

2024-08-08 22:18:32,690 - INFO - Target db start 1 to 2

2024-08-08 22:18:42,095 - INFO - [=================================================================] 4.64K 9s 363ms

2024-08-08 22:18:42,095 - INFO - 

2024-08-08 22:18:42,095 - INFO - 3883.681631 k-mers per position

2024-08-08 22:18:42,095 - INFO - 9 DB matches per sequence

2024-08-08 22:18:42,095 - INFO - 0 overflows

2024-08-08 22:18:42,096 - INFO - 0 queries produce too many hits (truncated result)

2024-08-08 22:18:42,096 - INFO - 0 sequences passed prefiltering per query sequence

2024-08-08 22:18:42,096 - INFO - 0 median result list length

2024-08-08 22:18:42,096 - INFO - 4100 sequences with 0 size result lists

2024-08-08 22:18:42,096 - INFO - Time for merging to pref_0: 0h 0m 0s 10ms

2024-08-08 22:18:42,096 - INFO - Time for processing: 0h 0m 10s 354ms

2024-08-08 22:18:42,120 - INFO - align /data/yangy34/database/pharokka/CARD phage_pharokka/GCA_015343595.1_1088|3-1633/CARD_target_dir/target_seqs phage_pharokka/GCA_015343595.1_1088|3-1633/CARD_tmp_dir//8135484371929272244/pref_0 phage_pharokka/GCA_015343595.1_1088|3-1633/CARD/results_CARD --sub-mat nucl:nucleotide.out,aa:blosum62.out -a 0 --alignment-mode 2 --alignment-output-mode 0 --wrapped-scoring 0 -e 0.001 --min-seq-id 0.8 --min-aln-len 0 --seq-id-mode 0 --alt-ali 0 -c 0.4 --cov-mode 0 --max-seq-len 65535 --comp-bias-corr 1 --max-rejected 2147483647 --max-accept 2147483647 --add-self-matches 0 --db-load-mode 0 --pca 1 --pcb 1.5 --score-bias 0 --realign 0 --realign-score-bias -0.2 --realign-max-seqs 2147483647 --gap-open nucl:5,aa:11 --gap-extend nucl:2,aa:1 --zdrop 40 --threads 32 --compressed 0 -v 3 

2024-08-08 22:18:42,120 - INFO - 

2024-08-08 22:18:42,120 - INFO - Compute score and coverage

2024-08-08 22:18:42,120 - INFO - Query database size: 4641 type: Aminoacid

2024-08-08 22:18:42,121 - INFO - Target database size: 2 type: Aminoacid

2024-08-08 22:18:42,121 - INFO - Calculation of alignments

2024-08-08 22:18:42,138 - INFO - [=================================================================] 4.64K 0s 11ms

2024-08-08 22:18:42,138 - INFO - Time for merging to results_CARD: 0h 0m 0s 9ms

2024-08-08 22:18:42,138 - INFO - 525 alignments calculated

2024-08-08 22:18:42,138 - INFO - 0 sequence pairs passed the thresholds (0.000000 of overall calculated)

2024-08-08 22:18:42,138 - INFO - 0.000000 hits per query sequence

2024-08-08 22:18:42,138 - INFO - Time for processing: 0h 0m 0s 36ms

2024-08-08 22:18:42,194 - INFO - createtsv /data/yangy34/database/pharokka/CARD phage_pharokka/GCA_015343595.1_1088|3-1633/CARD_target_dir/target_seqs phage_pharokka/GCA_015343595.1_1088|3-1633/CARD/results_CARD phage_pharokka/GCA_015343595.1_1088|3-1633/CARD_results.tsv --full-header --threads 32 

2024-08-08 22:18:42,194 - INFO - 

2024-08-08 22:18:42,194 - INFO - MMseqs Version:                 	13.45111

2024-08-08 22:18:42,194 - INFO - First sequence as representative	false

2024-08-08 22:18:42,195 - INFO - Target column                   	1

2024-08-08 22:18:42,195 - INFO - Add full header                 	true

2024-08-08 22:18:42,195 - INFO - Sequence source                 	0

2024-08-08 22:18:42,195 - INFO - Database output                 	false

2024-08-08 22:18:42,195 - INFO - Threads                         	32

2024-08-08 22:18:42,195 - INFO - Compressed                      	0

2024-08-08 22:18:42,195 - INFO - Verbosity                       	3

2024-08-08 22:18:42,195 - INFO - 

2024-08-08 22:18:42,195 - INFO - Time for merging to CARD_results.tsv: 0h 0m 0s 12ms

2024-08-08 22:18:42,195 - INFO - Time for processing: 0h 0m 0s 50ms

2024-08-08 22:18:42,199 - INFO - Running mmseqs2 on vfdb.
2024-08-08 22:18:42,257 - INFO - createdb phage_pharokka/GCA_015343595.1_1088|3-1633/phanotate_aas_tmp.fasta phage_pharokka/GCA_015343595.1_1088|3-1633/vfdb_target_dir/target_seqs 

2024-08-08 22:18:42,257 - INFO - 

2024-08-08 22:18:42,257 - INFO - MMseqs Version:       	13.45111

2024-08-08 22:18:42,257 - INFO - Database type         	0

2024-08-08 22:18:42,257 - INFO - Shuffle input database	true

2024-08-08 22:18:42,257 - INFO - Createdb mode         	0

2024-08-08 22:18:42,257 - INFO - Write lookup file     	1

2024-08-08 22:18:42,257 - INFO - Offset of numeric ids 	0

2024-08-08 22:18:42,257 - INFO - Compressed            	0

2024-08-08 22:18:42,257 - INFO - Verbosity             	3

2024-08-08 22:18:42,257 - INFO - 

2024-08-08 22:18:42,257 - INFO - Converting sequences

2024-08-08 22:18:42,257 - INFO - [

2024-08-08 22:18:42,257 - INFO - Time for merging to target_seqs_h: 0h 0m 0s 7ms

2024-08-08 22:18:42,257 - INFO - Time for merging to target_seqs: 0h 0m 0s 20ms

2024-08-08 22:18:42,257 - INFO - Database type: Aminoacid

2024-08-08 22:18:42,257 - INFO - Time for processing: 0h 0m 0s 53ms

2024-08-08 22:18:42,266 - INFO - Create directory phage_pharokka/GCA_015343595.1_1088|3-1633/vfdb_tmp_dir/

2024-08-08 22:18:42,266 - INFO - search --min-seq-id 0.8 -c 0.4 /data/yangy34/database/pharokka/vfdb phage_pharokka/GCA_015343595.1_1088|3-1633/vfdb_target_dir/target_seqs phage_pharokka/GCA_015343595.1_1088|3-1633/vfdb/results_vfdb phage_pharokka/GCA_015343595.1_1088|3-1633/vfdb_tmp_dir/ -s 8.5 --threads 32 

2024-08-08 22:18:42,266 - INFO - 

2024-08-08 22:18:42,266 - INFO - MMseqs Version:                        	13.45111

2024-08-08 22:18:42,266 - INFO - Substitution matrix                    	nucl:nucleotide.out,aa:blosum62.out

2024-08-08 22:18:42,266 - INFO - Add backtrace                          	false

2024-08-08 22:18:42,266 - INFO - Alignment mode                         	2

2024-08-08 22:18:42,266 - INFO - Alignment mode                         	0

2024-08-08 22:18:42,266 - INFO - Allow wrapped scoring                  	false

2024-08-08 22:18:42,266 - INFO - E-value threshold                      	0.001

2024-08-08 22:18:42,266 - INFO - Seq. id. threshold                     	0.8

2024-08-08 22:18:42,266 - INFO - Min alignment length                   	0

2024-08-08 22:18:42,266 - INFO - Seq. id. mode                          	0

2024-08-08 22:18:42,266 - INFO - Alternative alignments                 	0

2024-08-08 22:18:42,266 - INFO - Coverage threshold                     	0.4

2024-08-08 22:18:42,266 - INFO - Coverage mode                          	0

2024-08-08 22:18:42,266 - INFO - Max sequence length                    	65535

2024-08-08 22:18:42,266 - INFO - Compositional bias                     	1

2024-08-08 22:18:42,266 - INFO - Max reject                             	2147483647

2024-08-08 22:18:42,266 - INFO - Max accept                             	2147483647

2024-08-08 22:18:42,266 - INFO - Include identical seq. id.             	false

2024-08-08 22:18:42,267 - INFO - Preload mode                           	0

2024-08-08 22:18:42,267 - INFO - Pseudo count a                         	1

2024-08-08 22:18:42,267 - INFO - Pseudo count b                         	1.5

2024-08-08 22:18:42,267 - INFO - Score bias                             	0

2024-08-08 22:18:42,267 - INFO - Realign hits                           	false

2024-08-08 22:18:42,267 - INFO - Realign score bias                     	-0.2

2024-08-08 22:18:42,267 - INFO - Realign max seqs                       	2147483647

2024-08-08 22:18:42,267 - INFO - Gap open cost                          	nucl:5,aa:11

2024-08-08 22:18:42,267 - INFO - Gap extension cost                     	nucl:2,aa:1

2024-08-08 22:18:42,267 - INFO - Zdrop                                  	40

2024-08-08 22:18:42,267 - INFO - Threads                                	32

2024-08-08 22:18:42,267 - INFO - Compressed                             	0

2024-08-08 22:18:42,267 - INFO - Verbosity                              	3

2024-08-08 22:18:42,267 - INFO - Seed substitution matrix               	nucl:nucleotide.out,aa:VTML80.out

2024-08-08 22:18:42,267 - INFO - Sensitivity                            	8.5

2024-08-08 22:18:42,267 - INFO - k-mer length                           	0

2024-08-08 22:18:42,267 - INFO - k-score                                	2147483647

2024-08-08 22:18:42,267 - INFO - Alphabet size                          	nucl:5,aa:21

2024-08-08 22:18:42,267 - INFO - Max results per query                  	300

2024-08-08 22:18:42,267 - INFO - Split database                         	0

2024-08-08 22:18:42,267 - INFO - Split mode                             	2

2024-08-08 22:18:42,267 - INFO - Split memory limit                     	0

2024-08-08 22:18:42,267 - INFO - Diagonal scoring                       	true

2024-08-08 22:18:42,268 - INFO - Exact k-mer matching                   	0

2024-08-08 22:18:42,268 - INFO - Mask residues                          	1

2024-08-08 22:18:42,268 - INFO - Mask lower case residues               	0

2024-08-08 22:18:42,268 - INFO - Minimum diagonal score                 	15

2024-08-08 22:18:42,268 - INFO - Spaced k-mers                          	1

2024-08-08 22:18:42,268 - INFO - Spaced k-mer pattern                   	

2024-08-08 22:18:42,268 - INFO - Local temporary path                   	

2024-08-08 22:18:42,268 - INFO - Rescore mode                           	0

2024-08-08 22:18:42,268 - INFO - Remove hits by seq. id. and coverage   	false

2024-08-08 22:18:42,268 - INFO - Sort results                           	0

2024-08-08 22:18:42,268 - INFO - Mask profile                           	1

2024-08-08 22:18:42,268 - INFO - Profile E-value threshold              	0.1

2024-08-08 22:18:42,268 - INFO - Global sequence weighting              	false

2024-08-08 22:18:42,268 - INFO - Allow deletions                        	false

2024-08-08 22:18:42,268 - INFO - Filter MSA                             	1

2024-08-08 22:18:42,268 - INFO - Maximum seq. id. threshold             	0.9

2024-08-08 22:18:42,268 - INFO - Minimum seq. id.                       	0

2024-08-08 22:18:42,268 - INFO - Minimum score per column               	-20

2024-08-08 22:18:42,268 - INFO - Minimum coverage                       	0

2024-08-08 22:18:42,268 - INFO - Select N most diverse seqs             	1000

2024-08-08 22:18:42,268 - INFO - Min codons in orf                      	30

2024-08-08 22:18:42,268 - INFO - Max codons in length                   	32734

2024-08-08 22:18:42,268 - INFO - Max orf gaps                           	2147483647

2024-08-08 22:18:42,268 - INFO - Contig start mode                      	2

2024-08-08 22:18:42,269 - INFO - Contig end mode                        	2

2024-08-08 22:18:42,269 - INFO - Orf start mode                         	1

2024-08-08 22:18:42,269 - INFO - Forward frames                         	1,2,3

2024-08-08 22:18:42,269 - INFO - Reverse frames                         	1,2,3

2024-08-08 22:18:42,269 - INFO - Translation table                      	1

2024-08-08 22:18:42,269 - INFO - Translate orf                          	0

2024-08-08 22:18:42,269 - INFO - Use all table starts                   	false

2024-08-08 22:18:42,269 - INFO - Offset of numeric ids                  	0

2024-08-08 22:18:42,269 - INFO - Create lookup                          	0

2024-08-08 22:18:42,269 - INFO - Add orf stop                           	false

2024-08-08 22:18:42,269 - INFO - Overlap between sequences              	0

2024-08-08 22:18:42,269 - INFO - Sequence split mode                    	1

2024-08-08 22:18:42,269 - INFO - Header split mode                      	0

2024-08-08 22:18:42,269 - INFO - Chain overlapping alignments           	0

2024-08-08 22:18:42,269 - INFO - Merge query                            	1

2024-08-08 22:18:42,269 - INFO - Search type                            	0

2024-08-08 22:18:42,269 - INFO - Search iterations                      	1

2024-08-08 22:18:42,269 - INFO - Start sensitivity                      	4

2024-08-08 22:18:42,269 - INFO - Search steps                           	1

2024-08-08 22:18:42,269 - INFO - Exhaustive search mode                 	false

2024-08-08 22:18:42,269 - INFO - Filter results during exhaustive search	0

2024-08-08 22:18:42,269 - INFO - Strand selection                       	1

2024-08-08 22:18:42,269 - INFO - LCA search mode                        	false

2024-08-08 22:18:42,270 - INFO - Disk space limit                       	0

2024-08-08 22:18:42,270 - INFO - MPI runner                             	

2024-08-08 22:18:42,270 - INFO - Force restart with latest tmp          	false

2024-08-08 22:18:42,270 - INFO - Remove temporary files                 	false

2024-08-08 22:18:42,270 - INFO - 

2024-08-08 22:18:42,627 - INFO - prefilter /data/yangy34/database/pharokka/vfdb phage_pharokka/GCA_015343595.1_1088|3-1633/vfdb_target_dir/target_seqs phage_pharokka/GCA_015343595.1_1088|3-1633/vfdb_tmp_dir//13799205391187881874/pref_0 --sub-mat nucl:nucleotide.out,aa:blosum62.out --seed-sub-mat nucl:nucleotide.out,aa:VTML80.out -k 0 --k-score 2147483647 --alph-size nucl:5,aa:21 --max-seq-len 65535 --max-seqs 300 --split 0 --split-mode 2 --split-memory-limit 0 -c 0.4 --cov-mode 0 --comp-bias-corr 1 --diag-score 1 --exact-kmer-matching 0 --mask 1 --mask-lower-case 0 --min-ungapped-score 15 --add-self-matches 0 --spaced-kmer-mode 1 --db-load-mode 0 --pca 1 --pcb 1.5 --threads 32 --compressed 0 -v 3 -s 8.5 

2024-08-08 22:18:42,628 - INFO - 

2024-08-08 22:18:42,628 - INFO - Query database size: 27504 type: Aminoacid

2024-08-08 22:18:42,628 - INFO - Estimated memory consumption: 977M

2024-08-08 22:18:42,628 - INFO - Target database size: 2 type: Aminoacid

2024-08-08 22:18:42,628 - INFO - Index table k-mer threshold: 87 at k-mer size 6 

2024-08-08 22:18:42,628 - INFO - Index table: counting k-mers

2024-08-08 22:18:42,769 - INFO - [=================================================================] 2 0s 5ms

2024-08-08 22:18:42,769 - INFO - Index table: Masked residues: 0

2024-08-08 22:18:42,770 - INFO - Index table: fill

2024-08-08 22:18:44,084 - INFO - [=================================================================] 2 0s 2ms

2024-08-08 22:18:44,085 - INFO - Index statistics

2024-08-08 22:18:44,085 - INFO - Entries:          527

2024-08-08 22:18:44,085 - INFO - DB size:          488 MB

2024-08-08 22:18:44,085 - INFO - Avg k-mer size:   0.000008

2024-08-08 22:18:44,085 - INFO - Top 10 k-mers

2024-08-08 22:18:44,085 - INFO -     IIDGDA	1

2024-08-08 22:18:44,085 - INFO -     LIQKEA	1

2024-08-08 22:18:44,085 - INFO -     ISNMFA	1

2024-08-08 22:18:44,086 - INFO -     ALRIHA	1

2024-08-08 22:18:44,086 - INFO -     IKLEIA	1

2024-08-08 22:18:44,086 - INFO -     CRQDKA	1

2024-08-08 22:18:44,086 - INFO -     SDFILA	1

2024-08-08 22:18:44,086 - INFO -     YVKYLA	1

2024-08-08 22:18:44,086 - INFO -     NQFDNA	1

2024-08-08 22:18:44,086 - INFO -     KEKYSA	1

2024-08-08 22:18:44,086 - INFO - Time for index table init: 0h 0m 0s 655ms

2024-08-08 22:18:44,086 - INFO - Process prefiltering step 1 of 1

2024-08-08 22:18:44,087 - INFO - 

2024-08-08 22:18:44,087 - INFO - k-mer similarity threshold: 87

2024-08-08 22:18:44,087 - INFO - Starting prefiltering scores calculation (step 1 of 1)

2024-08-08 22:18:44,087 - INFO - Query db start 1 to 27504

2024-08-08 22:18:44,087 - INFO - Target db start 1 to 2

2024-08-08 22:19:52,775 - INFO - [=================================================================] 27.50K 1m 9s 192ms

2024-08-08 22:19:52,775 - INFO - 

2024-08-08 22:19:52,775 - INFO - 3159.764157 k-mers per position

2024-08-08 22:19:52,775 - INFO - 14 DB matches per sequence

2024-08-08 22:19:52,775 - INFO - 0 overflows

2024-08-08 22:19:52,775 - INFO - 0 queries produce too many hits (truncated result)

2024-08-08 22:19:52,775 - INFO - 0 sequences passed prefiltering per query sequence

2024-08-08 22:19:52,775 - INFO - 0 median result list length

2024-08-08 22:19:52,776 - INFO - 21091 sequences with 0 size result lists

2024-08-08 22:19:52,776 - INFO - Time for merging to pref_0: 0h 0m 0s 21ms

2024-08-08 22:19:52,776 - INFO - Time for processing: 0h 1m 10s 501ms

2024-08-08 22:19:52,825 - INFO - align /data/yangy34/database/pharokka/vfdb phage_pharokka/GCA_015343595.1_1088|3-1633/vfdb_target_dir/target_seqs phage_pharokka/GCA_015343595.1_1088|3-1633/vfdb_tmp_dir//13799205391187881874/pref_0 phage_pharokka/GCA_015343595.1_1088|3-1633/vfdb/results_vfdb --sub-mat nucl:nucleotide.out,aa:blosum62.out -a 0 --alignment-mode 2 --alignment-output-mode 0 --wrapped-scoring 0 -e 0.001 --min-seq-id 0.8 --min-aln-len 0 --seq-id-mode 0 --alt-ali 0 -c 0.4 --cov-mode 0 --max-seq-len 65535 --comp-bias-corr 1 --max-rejected 2147483647 --max-accept 2147483647 --add-self-matches 0 --db-load-mode 0 --pca 1 --pcb 1.5 --score-bias 0 --realign 0 --realign-score-bias -0.2 --realign-max-seqs 2147483647 --gap-open nucl:5,aa:11 --gap-extend nucl:2,aa:1 --zdrop 40 --threads 32 --compressed 0 -v 3 

2024-08-08 22:19:52,825 - INFO - 

2024-08-08 22:19:52,825 - INFO - Compute score and coverage

2024-08-08 22:19:52,825 - INFO - Query database size: 27504 type: Aminoacid

2024-08-08 22:19:52,825 - INFO - Target database size: 2 type: Aminoacid

2024-08-08 22:19:52,825 - INFO - Calculation of alignments

2024-08-08 22:19:52,886 - INFO - [=================================================================] 27.50K 0s 40ms

2024-08-08 22:19:52,886 - INFO - Time for merging to results_vfdb: 0h 0m 0s 16ms

2024-08-08 22:19:52,886 - INFO - 4791 alignments calculated

2024-08-08 22:19:52,886 - INFO - 0 sequence pairs passed the thresholds (0.000000 of overall calculated)

2024-08-08 22:19:52,886 - INFO - 0.000000 hits per query sequence

2024-08-08 22:19:52,886 - INFO - Time for processing: 0h 0m 0s 102ms

2024-08-08 22:19:53,030 - INFO - createtsv /data/yangy34/database/pharokka/vfdb phage_pharokka/GCA_015343595.1_1088|3-1633/vfdb_target_dir/target_seqs phage_pharokka/GCA_015343595.1_1088|3-1633/vfdb/results_vfdb phage_pharokka/GCA_015343595.1_1088|3-1633/vfdb_results.tsv --full-header --threads 32 

2024-08-08 22:19:53,030 - INFO - 

2024-08-08 22:19:53,030 - INFO - MMseqs Version:                 	13.45111

2024-08-08 22:19:53,030 - INFO - First sequence as representative	false

2024-08-08 22:19:53,031 - INFO - Target column                   	1

2024-08-08 22:19:53,031 - INFO - Add full header                 	true

2024-08-08 22:19:53,031 - INFO - Sequence source                 	0

2024-08-08 22:19:53,031 - INFO - Database output                 	false

2024-08-08 22:19:53,031 - INFO - Threads                         	32

2024-08-08 22:19:53,031 - INFO - Compressed                      	0

2024-08-08 22:19:53,031 - INFO - Verbosity                       	3

2024-08-08 22:19:53,031 - INFO - 

2024-08-08 22:19:53,031 - INFO - Time for merging to vfdb_results.tsv: 0h 0m 0s 22ms

2024-08-08 22:19:53,031 - INFO - Time for processing: 0h 0m 0s 137ms

2024-08-08 22:19:53,054 - INFO - Post Processing Output.
2024-08-08 22:19:53,369 - INFO - Converting gff to genbank.
2024-08-08 22:19:53,374 - WARNING - /gpfs/gsfs12/users/yangy34/softwares/mambaforge/envs/pharokka-env/lib/python3.10/site-packages/Bio/SeqIO/InsdcIO.py:728: BiopythonWarning: Increasing length of locus line to allow long name. This will result in fields that are not in usual positions.
  warnings.warn(

2024-08-08 22:19:53,389 - INFO - Finding the closest match for each contig in INPHARED using mash.
2024-08-08 22:19:53,408 - INFO - Sketching GCA_015343595.1_53_phages/GCA_015343595.1_1088_3_1633_prophage.fasta...

2024-08-08 22:19:53,409 - INFO - Writing to phage_pharokka/GCA_015343595.1_1088|3-1633/input_mash_sketch.msh...

2024-08-08 22:19:54,931 - INFO - pharokka has finished
2024-08-08 22:19:54,931 - INFO - Elapsed time: 159.38 seconds
2024-08-08 22:19:54,931 - INFO - If you use pharokka in your research, please cite:
2024-08-08 22:19:54,931 - INFO - George Bouras, Roshan Nepal, Ghais Houtak, Alkis James Psaltis, Peter-John Wormald, Sarah Vreugde.
2024-08-08 22:19:54,931 - INFO - Pharokka: a fast scalable bacteriophage annotation tool.
2024-08-08 22:19:54,931 - INFO - Bioinformatics, Volume 39, Issue 1, January 2023, btac776.
2024-08-08 22:19:54,931 - INFO - https://doi.org/10.1093/bioinformatics/btac776.
2024-08-08 22:19:54,931 - INFO - You should also cite the full list of tools pharokka uses, which can be found at https://github.com/gbouras13/pharokka#citation.
