2024-08-08 21:46:02,735 - INFO - Starting pharokka v1.3.2
2024-08-08 21:46:02,735 - INFO - Input args: Namespace(infile='GCA_015343595.1_53_phages/GCA_015343595.1_1118_3_1083_prophage.fasta', outdir='phage_pharokka/GCA_015343595.1_1118|3-1083', database='/data/yangy34/database/pharokka', threads='32', force=False, prefix='Default', locustag='Default', gene_predictor='phanotate', meta=False, split=False, coding_table='11', evalue='1E-05', terminase=False, terminase_strand='nothing', terminase_start='nothing', citation=False)
2024-08-08 21:46:02,736 - INFO - Checking database installation.
2024-08-08 21:46:02,765 - INFO - All databases have been successfully checked.
2024-08-08 21:46:02,766 - INFO - Checking dependencies.
2024-08-08 21:46:03,925 - INFO - phan_out version found is v1.5.1.
2024-08-08 21:46:03,925 - INFO - Phanotate version is ok.
2024-08-08 21:46:04,002 - INFO - MMseqs2 version found is v13.45111.
2024-08-08 21:46:04,002 - INFO - MMseqs2 version is ok.
2024-08-08 21:46:04,874 - INFO - tRNAscan-SE version found is v2.45111.11.
2024-08-08 21:46:04,874 - INFO - tRNAscan-SE version is ok.
2024-08-08 21:46:05,417 - INFO - MinCED version found is v0.4.2.
2024-08-08 21:46:05,417 - INFO - MinCED version is ok.
2024-08-08 21:46:05,435 - INFO - ARAGORN version found is v1.2.41.
2024-08-08 21:46:05,435 - INFO - ARAGORN version is ok.
2024-08-08 21:46:05,487 - INFO - mash version found is v2.2.
2024-08-08 21:46:05,487 - INFO - mash version is ok.
2024-08-08 21:46:05,707 - INFO - Running Phanotate.
2024-08-08 21:46:06,784 - INFO - Translating gene predicted fastas.
2024-08-08 21:46:06,817 - INFO - Starting tRNA-scanSE
2024-08-08 21:46:06,963 - INFO - 

2024-08-08 21:46:06,963 - INFO - tRNAscan-SE v.2.0.11 (Oct 2022) - scan sequences for transfer RNAs

2024-08-08 21:46:06,963 - INFO - Copyright (C) 2022 Patricia Chan and Todd Lowe

2024-08-08 21:46:06,963 - INFO -                    University of California Santa Cruz

2024-08-08 21:46:06,964 - INFO - Freely distributed under the GNU General Public License (GPLv3)

2024-08-08 21:46:06,964 - INFO - 

2024-08-08 21:46:06,964 - INFO - ------------------------------------------------------------

2024-08-08 21:46:06,964 - INFO - Sequence file(s) to search:        GCA_015343595.1_53_phages/GCA_015343595.1_1118_3_1083_prophage.fasta

2024-08-08 21:46:06,964 - INFO - Search Mode:                       General

2024-08-08 21:46:06,964 - INFO - Results written to:                Standard output

2024-08-08 21:46:06,964 - INFO - Output format:                     Tabular

2024-08-08 21:46:06,964 - INFO - Searching with:                    Infernal single-pass scan

2024-08-08 21:46:06,964 - INFO -                                    Fast mode

2024-08-08 21:46:06,964 - INFO - Covariance model:                  /gpfs/gsfs12/users/yangy34/softwares/mambaforge/envs/pharokka-env/lib/tRNAscan-SE/models/TRNAinf.cm

2024-08-08 21:46:06,964 - INFO - 

2024-08-08 21:46:06,964 - INFO - Temporary directory:               /tmp

2024-08-08 21:46:06,964 - INFO - tRNA predictions saved to:         phage_pharokka/GCA_015343595.1_1118|3-1083/trnascan_out.gff

2024-08-08 21:46:06,964 - INFO - ------------------------------------------------------------

2024-08-08 21:46:06,964 - INFO - 

2024-08-08 21:46:07,074 - INFO - No tRNAs found.

2024-08-08 21:46:07,074 - INFO - 

2024-08-08 21:46:07,087 - INFO - Running MinCED.
2024-08-08 21:46:07,302 - INFO - Running Aragorn.
2024-08-08 21:46:07,305 - INFO - Starting MMseqs2.
2024-08-08 21:46:07,306 - INFO - Running MMseqs2 on PHROGs Database.
2024-08-08 21:46:07,656 - INFO - createdb phage_pharokka/GCA_015343595.1_1118|3-1083/phanotate_aas_tmp.fasta phage_pharokka/GCA_015343595.1_1118|3-1083/target_dir/target_seqs 

2024-08-08 21:46:07,657 - INFO - 

2024-08-08 21:46:07,657 - INFO - MMseqs Version:       	13.45111

2024-08-08 21:46:07,657 - INFO - Database type         	0

2024-08-08 21:46:07,657 - INFO - Shuffle input database	true

2024-08-08 21:46:07,658 - INFO - Createdb mode         	0

2024-08-08 21:46:07,658 - INFO - Write lookup file     	1

2024-08-08 21:46:07,658 - INFO - Offset of numeric ids 	0

2024-08-08 21:46:07,659 - INFO - Compressed            	0

2024-08-08 21:46:07,659 - INFO - Verbosity             	3

2024-08-08 21:46:07,659 - INFO - 

2024-08-08 21:46:07,659 - INFO - Converting sequences

2024-08-08 21:46:07,659 - INFO - [

2024-08-08 21:46:07,659 - INFO - Time for merging to target_seqs_h: 0h 0m 0s 23ms

2024-08-08 21:46:07,659 - INFO - Time for merging to target_seqs: 0h 0m 0s 24ms

2024-08-08 21:46:07,659 - INFO - Database type: Aminoacid

2024-08-08 21:46:07,659 - INFO - Time for processing: 0h 0m 0s 339ms

2024-08-08 21:46:07,668 - INFO - Create directory phage_pharokka/GCA_015343595.1_1118|3-1083/tmp_dir/

2024-08-08 21:46:07,668 - INFO - search -e 1E-05 /data/yangy34/database/pharokka/phrogs_profile_db phage_pharokka/GCA_015343595.1_1118|3-1083/target_dir/target_seqs phage_pharokka/GCA_015343595.1_1118|3-1083/mmseqs/results_mmseqs phage_pharokka/GCA_015343595.1_1118|3-1083/tmp_dir/ -s 8.5 --threads 32 

2024-08-08 21:46:07,668 - INFO - 

2024-08-08 21:46:07,668 - INFO - MMseqs Version:                        	13.45111

2024-08-08 21:46:07,668 - INFO - Substitution matrix                    	nucl:nucleotide.out,aa:blosum62.out

2024-08-08 21:46:07,668 - INFO - Add backtrace                          	false

2024-08-08 21:46:07,668 - INFO - Alignment mode                         	2

2024-08-08 21:46:07,668 - INFO - Alignment mode                         	0

2024-08-08 21:46:07,668 - INFO - Allow wrapped scoring                  	false

2024-08-08 21:46:07,668 - INFO - E-value threshold                      	1e-05

2024-08-08 21:46:07,669 - INFO - Seq. id. threshold                     	0

2024-08-08 21:46:07,669 - INFO - Min alignment length                   	0

2024-08-08 21:46:07,669 - INFO - Seq. id. mode                          	0

2024-08-08 21:46:07,669 - INFO - Alternative alignments                 	0

2024-08-08 21:46:07,669 - INFO - Coverage threshold                     	0

2024-08-08 21:46:07,669 - INFO - Coverage mode                          	0

2024-08-08 21:46:07,669 - INFO - Max sequence length                    	65535

2024-08-08 21:46:07,669 - INFO - Compositional bias                     	1

2024-08-08 21:46:07,669 - INFO - Max reject                             	2147483647

2024-08-08 21:46:07,669 - INFO - Max accept                             	2147483647

2024-08-08 21:46:07,669 - INFO - Include identical seq. id.             	false

2024-08-08 21:46:07,669 - INFO - Preload mode                           	0

2024-08-08 21:46:07,669 - INFO - Pseudo count a                         	1

2024-08-08 21:46:07,669 - INFO - Pseudo count b                         	1.5

2024-08-08 21:46:07,669 - INFO - Score bias                             	0

2024-08-08 21:46:07,669 - INFO - Realign hits                           	false

2024-08-08 21:46:07,669 - INFO - Realign score bias                     	-0.2

2024-08-08 21:46:07,669 - INFO - Realign max seqs                       	2147483647

2024-08-08 21:46:07,669 - INFO - Gap open cost                          	nucl:5,aa:11

2024-08-08 21:46:07,669 - INFO - Gap extension cost                     	nucl:2,aa:1

2024-08-08 21:46:07,669 - INFO - Zdrop                                  	40

2024-08-08 21:46:07,669 - INFO - Threads                                	32

2024-08-08 21:46:07,669 - INFO - Compressed                             	0

2024-08-08 21:46:07,669 - INFO - Verbosity                              	3

2024-08-08 21:46:07,670 - INFO - Seed substitution matrix               	nucl:nucleotide.out,aa:VTML80.out

2024-08-08 21:46:07,670 - INFO - Sensitivity                            	8.5

2024-08-08 21:46:07,670 - INFO - k-mer length                           	0

2024-08-08 21:46:07,670 - INFO - k-score                                	2147483647

2024-08-08 21:46:07,670 - INFO - Alphabet size                          	nucl:5,aa:21

2024-08-08 21:46:07,670 - INFO - Max results per query                  	300

2024-08-08 21:46:07,670 - INFO - Split database                         	0

2024-08-08 21:46:07,670 - INFO - Split mode                             	2

2024-08-08 21:46:07,670 - INFO - Split memory limit                     	0

2024-08-08 21:46:07,670 - INFO - Diagonal scoring                       	true

2024-08-08 21:46:07,670 - INFO - Exact k-mer matching                   	0

2024-08-08 21:46:07,670 - INFO - Mask residues                          	1

2024-08-08 21:46:07,670 - INFO - Mask lower case residues               	0

2024-08-08 21:46:07,670 - INFO - Minimum diagonal score                 	15

2024-08-08 21:46:07,670 - INFO - Spaced k-mers                          	1

2024-08-08 21:46:07,670 - INFO - Spaced k-mer pattern                   	

2024-08-08 21:46:07,670 - INFO - Local temporary path                   	

2024-08-08 21:46:07,670 - INFO - Rescore mode                           	0

2024-08-08 21:46:07,670 - INFO - Remove hits by seq. id. and coverage   	false

2024-08-08 21:46:07,670 - INFO - Sort results                           	0

2024-08-08 21:46:07,670 - INFO - Mask profile                           	1

2024-08-08 21:46:07,670 - INFO - Profile E-value threshold              	0.1

2024-08-08 21:46:07,670 - INFO - Global sequence weighting              	false

2024-08-08 21:46:07,670 - INFO - Allow deletions                        	false

2024-08-08 21:46:07,670 - INFO - Filter MSA                             	1

2024-08-08 21:46:07,670 - INFO - Maximum seq. id. threshold             	0.9

2024-08-08 21:46:07,671 - INFO - Minimum seq. id.                       	0

2024-08-08 21:46:07,671 - INFO - Minimum score per column               	-20

2024-08-08 21:46:07,671 - INFO - Minimum coverage                       	0

2024-08-08 21:46:07,671 - INFO - Select N most diverse seqs             	1000

2024-08-08 21:46:07,671 - INFO - Min codons in orf                      	30

2024-08-08 21:46:07,671 - INFO - Max codons in length                   	32734

2024-08-08 21:46:07,671 - INFO - Max orf gaps                           	2147483647

2024-08-08 21:46:07,671 - INFO - Contig start mode                      	2

2024-08-08 21:46:07,671 - INFO - Contig end mode                        	2

2024-08-08 21:46:07,671 - INFO - Orf start mode                         	1

2024-08-08 21:46:07,671 - INFO - Forward frames                         	1,2,3

2024-08-08 21:46:07,671 - INFO - Reverse frames                         	1,2,3

2024-08-08 21:46:07,671 - INFO - Translation table                      	1

2024-08-08 21:46:07,671 - INFO - Translate orf                          	0

2024-08-08 21:46:07,671 - INFO - Use all table starts                   	false

2024-08-08 21:46:07,671 - INFO - Offset of numeric ids                  	0

2024-08-08 21:46:07,671 - INFO - Create lookup                          	0

2024-08-08 21:46:07,671 - INFO - Add orf stop                           	false

2024-08-08 21:46:07,671 - INFO - Overlap between sequences              	0

2024-08-08 21:46:07,671 - INFO - Sequence split mode                    	1

2024-08-08 21:46:07,671 - INFO - Header split mode                      	0

2024-08-08 21:46:07,671 - INFO - Chain overlapping alignments           	0

2024-08-08 21:46:07,671 - INFO - Merge query                            	1

2024-08-08 21:46:07,671 - INFO - Search type                            	0

2024-08-08 21:46:07,671 - INFO - Search iterations                      	1

2024-08-08 21:46:07,672 - INFO - Start sensitivity                      	4

2024-08-08 21:46:07,672 - INFO - Search steps                           	1

2024-08-08 21:46:07,672 - INFO - Exhaustive search mode                 	false

2024-08-08 21:46:07,672 - INFO - Filter results during exhaustive search	0

2024-08-08 21:46:07,672 - INFO - Strand selection                       	1

2024-08-08 21:46:07,672 - INFO - LCA search mode                        	false

2024-08-08 21:46:07,672 - INFO - Disk space limit                       	0

2024-08-08 21:46:07,672 - INFO - MPI runner                             	

2024-08-08 21:46:07,672 - INFO - Force restart with latest tmp          	false

2024-08-08 21:46:07,672 - INFO - Remove temporary files                 	false

2024-08-08 21:46:07,672 - INFO - 

2024-08-08 21:46:07,871 - INFO - prefilter /data/yangy34/database/pharokka/phrogs_profile_db phage_pharokka/GCA_015343595.1_1118|3-1083/target_dir/target_seqs phage_pharokka/GCA_015343595.1_1118|3-1083/tmp_dir//14886033380994864703/pref_0 --sub-mat nucl:nucleotide.out,aa:blosum62.out --seed-sub-mat nucl:nucleotide.out,aa:VTML80.out -k 0 --k-score 2147483647 --alph-size nucl:5,aa:21 --max-seq-len 65535 --max-seqs 300 --split 0 --split-mode 2 --split-memory-limit 0 -c 0 --cov-mode 0 --comp-bias-corr 1 --diag-score 1 --exact-kmer-matching 0 --mask 1 --mask-lower-case 0 --min-ungapped-score 15 --add-self-matches 0 --spaced-kmer-mode 1 --db-load-mode 0 --pca 1 --pcb 1.5 --threads 32 --compressed 0 -v 3 -s 8.5 

2024-08-08 21:46:07,871 - INFO - 

2024-08-08 21:46:07,871 - INFO - Query database size: 38880 type: Profile

2024-08-08 21:46:07,871 - INFO - Estimated memory consumption: 488M

2024-08-08 21:46:07,871 - INFO - Target database size: 3 type: Aminoacid

2024-08-08 21:46:07,871 - INFO - Index table k-mer threshold: 0 at k-mer size 6 

2024-08-08 21:46:07,871 - INFO - Index table: counting k-mers

2024-08-08 21:46:08,002 - INFO - [=================================================================] 3 0s 2ms

2024-08-08 21:46:08,002 - INFO - Index table: Masked residues: 0

2024-08-08 21:46:08,002 - INFO - Index table: fill

2024-08-08 21:46:09,384 - INFO - [=================================================================] 3 0s 0ms

2024-08-08 21:46:09,384 - INFO - Index statistics

2024-08-08 21:46:09,384 - INFO - Entries:          301

2024-08-08 21:46:09,384 - INFO - DB size:          488 MB

2024-08-08 21:46:09,384 - INFO - Avg k-mer size:   0.000005

2024-08-08 21:46:09,384 - INFO - Top 10 k-mers

2024-08-08 21:46:09,384 - INFO -     AGRLAA	1

2024-08-08 21:46:09,384 - INFO -     RLLVAA	1

2024-08-08 21:46:09,384 - INFO -     KANVAA	1

2024-08-08 21:46:09,385 - INFO -     SRSEDA	1

2024-08-08 21:46:09,385 - INFO -     IESLDA	1

2024-08-08 21:46:09,385 - INFO -     LEDREA	1

2024-08-08 21:46:09,385 - INFO -     IRNRFA	1

2024-08-08 21:46:09,385 - INFO -     ASADGA	1

2024-08-08 21:46:09,385 - INFO -     RDAAHA	1

2024-08-08 21:46:09,385 - INFO -     DTASIA	1

2024-08-08 21:46:09,385 - INFO - Time for index table init: 0h 0m 0s 444ms

2024-08-08 21:46:09,385 - INFO - Process prefiltering step 1 of 1

2024-08-08 21:46:09,385 - INFO - 

2024-08-08 21:46:09,385 - INFO - k-mer similarity threshold: 81

2024-08-08 21:46:09,385 - INFO - Starting prefiltering scores calculation (step 1 of 1)

2024-08-08 21:46:09,385 - INFO - Query db start 1 to 38880

2024-08-08 21:46:09,385 - INFO - Target db start 1 to 3

2024-08-08 21:47:18,469 - INFO - [=================================================================] 38.88K 1m 9s 997ms

2024-08-08 21:47:18,469 - INFO - 

2024-08-08 21:47:18,469 - INFO - 5386.328443 k-mers per position

2024-08-08 21:47:18,470 - INFO - 4 DB matches per sequence

2024-08-08 21:47:18,470 - INFO - 0 overflows

2024-08-08 21:47:18,470 - INFO - 0 queries produce too many hits (truncated result)

2024-08-08 21:47:18,470 - INFO - 0 sequences passed prefiltering per query sequence

2024-08-08 21:47:18,470 - INFO - 0 median result list length

2024-08-08 21:47:18,470 - INFO - 35095 sequences with 0 size result lists

2024-08-08 21:47:18,470 - INFO - Time for merging to pref_0: 0h 0m 0s 35ms

2024-08-08 21:47:18,470 - INFO - Time for processing: 0h 1m 10s 793ms

2024-08-08 21:47:18,643 - INFO - align /data/yangy34/database/pharokka/phrogs_profile_db phage_pharokka/GCA_015343595.1_1118|3-1083/target_dir/target_seqs phage_pharokka/GCA_015343595.1_1118|3-1083/tmp_dir//14886033380994864703/pref_0 phage_pharokka/GCA_015343595.1_1118|3-1083/mmseqs/results_mmseqs --sub-mat nucl:nucleotide.out,aa:blosum62.out -a 0 --alignment-mode 2 --alignment-output-mode 0 --wrapped-scoring 0 -e 1e-05 --min-seq-id 0 --min-aln-len 0 --seq-id-mode 0 --alt-ali 0 -c 0 --cov-mode 0 --max-seq-len 65535 --comp-bias-corr 1 --max-rejected 2147483647 --max-accept 2147483647 --add-self-matches 0 --db-load-mode 0 --pca 1 --pcb 1.5 --score-bias 0 --realign 0 --realign-score-bias -0.2 --realign-max-seqs 2147483647 --gap-open nucl:5,aa:11 --gap-extend nucl:2,aa:1 --zdrop 40 --threads 32 --compressed 0 -v 3 

2024-08-08 21:47:18,643 - INFO - 

2024-08-08 21:47:18,643 - INFO - Compute score and coverage

2024-08-08 21:47:18,643 - INFO - Query database size: 38880 type: Profile

2024-08-08 21:47:18,643 - INFO - Target database size: 3 type: Aminoacid

2024-08-08 21:47:18,643 - INFO - Calculation of alignments

2024-08-08 21:47:18,834 - INFO - [=================================================================] 38.88K 0s 171ms

2024-08-08 21:47:18,834 - INFO - Time for merging to results_mmseqs: 0h 0m 0s 27ms

2024-08-08 21:47:18,834 - INFO - 4065 alignments calculated

2024-08-08 21:47:18,835 - INFO - 3 sequence pairs passed the thresholds (0.000738 of overall calculated)

2024-08-08 21:47:18,835 - INFO - 0.000077 hits per query sequence

2024-08-08 21:47:18,835 - INFO - Time for processing: 0h 0m 0s 358ms

2024-08-08 21:47:19,065 - INFO - createtsv /data/yangy34/database/pharokka/phrogs_profile_db phage_pharokka/GCA_015343595.1_1118|3-1083/target_dir/target_seqs phage_pharokka/GCA_015343595.1_1118|3-1083/mmseqs/results_mmseqs phage_pharokka/GCA_015343595.1_1118|3-1083/mmseqs_results.tsv --full-header --threads 32 

2024-08-08 21:47:19,065 - INFO - 

2024-08-08 21:47:19,065 - INFO - MMseqs Version:                 	13.45111

2024-08-08 21:47:19,065 - INFO - First sequence as representative	false

2024-08-08 21:47:19,065 - INFO - Target column                   	1

2024-08-08 21:47:19,065 - INFO - Add full header                 	true

2024-08-08 21:47:19,065 - INFO - Sequence source                 	0

2024-08-08 21:47:19,065 - INFO - Database output                 	false

2024-08-08 21:47:19,065 - INFO - Threads                         	32

2024-08-08 21:47:19,065 - INFO - Compressed                      	0

2024-08-08 21:47:19,065 - INFO - Verbosity                       	3

2024-08-08 21:47:19,066 - INFO - 

2024-08-08 21:47:19,066 - INFO - Time for merging to mmseqs_results.tsv: 0h 0m 0s 33ms

2024-08-08 21:47:19,066 - INFO - Time for processing: 0h 0m 0s 221ms

2024-08-08 21:47:19,079 - INFO - Running mmseqs2 on CARD.
2024-08-08 21:47:19,231 - INFO - createdb phage_pharokka/GCA_015343595.1_1118|3-1083/phanotate_aas_tmp.fasta phage_pharokka/GCA_015343595.1_1118|3-1083/CARD_target_dir/target_seqs 

2024-08-08 21:47:19,231 - INFO - 

2024-08-08 21:47:19,231 - INFO - MMseqs Version:       	13.45111

2024-08-08 21:47:19,231 - INFO - Database type         	0

2024-08-08 21:47:19,231 - INFO - Shuffle input database	true

2024-08-08 21:47:19,231 - INFO - Createdb mode         	0

2024-08-08 21:47:19,231 - INFO - Write lookup file     	1

2024-08-08 21:47:19,231 - INFO - Offset of numeric ids 	0

2024-08-08 21:47:19,231 - INFO - Compressed            	0

2024-08-08 21:47:19,231 - INFO - Verbosity             	3

2024-08-08 21:47:19,231 - INFO - 

2024-08-08 21:47:19,231 - INFO - Converting sequences

2024-08-08 21:47:19,232 - INFO - [

2024-08-08 21:47:19,232 - INFO - Time for merging to target_seqs_h: 0h 0m 0s 6ms

2024-08-08 21:47:19,232 - INFO - Time for merging to target_seqs: 0h 0m 0s 21ms

2024-08-08 21:47:19,232 - INFO - Database type: Aminoacid

2024-08-08 21:47:19,232 - INFO - Time for processing: 0h 0m 0s 147ms

2024-08-08 21:47:19,239 - INFO - Create directory phage_pharokka/GCA_015343595.1_1118|3-1083/CARD_tmp_dir/

2024-08-08 21:47:19,239 - INFO - search --min-seq-id 0.8 -c 0.4 /data/yangy34/database/pharokka/CARD phage_pharokka/GCA_015343595.1_1118|3-1083/CARD_target_dir/target_seqs phage_pharokka/GCA_015343595.1_1118|3-1083/CARD/results_CARD phage_pharokka/GCA_015343595.1_1118|3-1083/CARD_tmp_dir/ -s 8.5 --threads 32 

2024-08-08 21:47:19,240 - INFO - 

2024-08-08 21:47:19,240 - INFO - MMseqs Version:                        	13.45111

2024-08-08 21:47:19,240 - INFO - Substitution matrix                    	nucl:nucleotide.out,aa:blosum62.out

2024-08-08 21:47:19,240 - INFO - Add backtrace                          	false

2024-08-08 21:47:19,240 - INFO - Alignment mode                         	2

2024-08-08 21:47:19,240 - INFO - Alignment mode                         	0

2024-08-08 21:47:19,240 - INFO - Allow wrapped scoring                  	false

2024-08-08 21:47:19,240 - INFO - E-value threshold                      	0.001

2024-08-08 21:47:19,240 - INFO - Seq. id. threshold                     	0.8

2024-08-08 21:47:19,240 - INFO - Min alignment length                   	0

2024-08-08 21:47:19,240 - INFO - Seq. id. mode                          	0

2024-08-08 21:47:19,240 - INFO - Alternative alignments                 	0

2024-08-08 21:47:19,240 - INFO - Coverage threshold                     	0.4

2024-08-08 21:47:19,240 - INFO - Coverage mode                          	0

2024-08-08 21:47:19,240 - INFO - Max sequence length                    	65535

2024-08-08 21:47:19,240 - INFO - Compositional bias                     	1

2024-08-08 21:47:19,240 - INFO - Max reject                             	2147483647

2024-08-08 21:47:19,240 - INFO - Max accept                             	2147483647

2024-08-08 21:47:19,240 - INFO - Include identical seq. id.             	false

2024-08-08 21:47:19,240 - INFO - Preload mode                           	0

2024-08-08 21:47:19,240 - INFO - Pseudo count a                         	1

2024-08-08 21:47:19,240 - INFO - Pseudo count b                         	1.5

2024-08-08 21:47:19,240 - INFO - Score bias                             	0

2024-08-08 21:47:19,240 - INFO - Realign hits                           	false

2024-08-08 21:47:19,241 - INFO - Realign score bias                     	-0.2

2024-08-08 21:47:19,241 - INFO - Realign max seqs                       	2147483647

2024-08-08 21:47:19,241 - INFO - Gap open cost                          	nucl:5,aa:11

2024-08-08 21:47:19,241 - INFO - Gap extension cost                     	nucl:2,aa:1

2024-08-08 21:47:19,241 - INFO - Zdrop                                  	40

2024-08-08 21:47:19,241 - INFO - Threads                                	32

2024-08-08 21:47:19,241 - INFO - Compressed                             	0

2024-08-08 21:47:19,241 - INFO - Verbosity                              	3

2024-08-08 21:47:19,241 - INFO - Seed substitution matrix               	nucl:nucleotide.out,aa:VTML80.out

2024-08-08 21:47:19,241 - INFO - Sensitivity                            	8.5

2024-08-08 21:47:19,241 - INFO - k-mer length                           	0

2024-08-08 21:47:19,241 - INFO - k-score                                	2147483647

2024-08-08 21:47:19,241 - INFO - Alphabet size                          	nucl:5,aa:21

2024-08-08 21:47:19,241 - INFO - Max results per query                  	300

2024-08-08 21:47:19,241 - INFO - Split database                         	0

2024-08-08 21:47:19,241 - INFO - Split mode                             	2

2024-08-08 21:47:19,241 - INFO - Split memory limit                     	0

2024-08-08 21:47:19,241 - INFO - Diagonal scoring                       	true

2024-08-08 21:47:19,241 - INFO - Exact k-mer matching                   	0

2024-08-08 21:47:19,241 - INFO - Mask residues                          	1

2024-08-08 21:47:19,241 - INFO - Mask lower case residues               	0

2024-08-08 21:47:19,241 - INFO - Minimum diagonal score                 	15

2024-08-08 21:47:19,241 - INFO - Spaced k-mers                          	1

2024-08-08 21:47:19,241 - INFO - Spaced k-mer pattern                   	

2024-08-08 21:47:19,241 - INFO - Local temporary path                   	

2024-08-08 21:47:19,241 - INFO - Rescore mode                           	0

2024-08-08 21:47:19,242 - INFO - Remove hits by seq. id. and coverage   	false

2024-08-08 21:47:19,242 - INFO - Sort results                           	0

2024-08-08 21:47:19,242 - INFO - Mask profile                           	1

2024-08-08 21:47:19,242 - INFO - Profile E-value threshold              	0.1

2024-08-08 21:47:19,242 - INFO - Global sequence weighting              	false

2024-08-08 21:47:19,242 - INFO - Allow deletions                        	false

2024-08-08 21:47:19,242 - INFO - Filter MSA                             	1

2024-08-08 21:47:19,242 - INFO - Maximum seq. id. threshold             	0.9

2024-08-08 21:47:19,242 - INFO - Minimum seq. id.                       	0

2024-08-08 21:47:19,242 - INFO - Minimum score per column               	-20

2024-08-08 21:47:19,242 - INFO - Minimum coverage                       	0

2024-08-08 21:47:19,242 - INFO - Select N most diverse seqs             	1000

2024-08-08 21:47:19,242 - INFO - Min codons in orf                      	30

2024-08-08 21:47:19,242 - INFO - Max codons in length                   	32734

2024-08-08 21:47:19,242 - INFO - Max orf gaps                           	2147483647

2024-08-08 21:47:19,242 - INFO - Contig start mode                      	2

2024-08-08 21:47:19,242 - INFO - Contig end mode                        	2

2024-08-08 21:47:19,242 - INFO - Orf start mode                         	1

2024-08-08 21:47:19,242 - INFO - Forward frames                         	1,2,3

2024-08-08 21:47:19,242 - INFO - Reverse frames                         	1,2,3

2024-08-08 21:47:19,242 - INFO - Translation table                      	1

2024-08-08 21:47:19,242 - INFO - Translate orf                          	0

2024-08-08 21:47:19,242 - INFO - Use all table starts                   	false

2024-08-08 21:47:19,242 - INFO - Offset of numeric ids                  	0

2024-08-08 21:47:19,242 - INFO - Create lookup                          	0

2024-08-08 21:47:19,243 - INFO - Add orf stop                           	false

2024-08-08 21:47:19,243 - INFO - Overlap between sequences              	0

2024-08-08 21:47:19,243 - INFO - Sequence split mode                    	1

2024-08-08 21:47:19,243 - INFO - Header split mode                      	0

2024-08-08 21:47:19,243 - INFO - Chain overlapping alignments           	0

2024-08-08 21:47:19,243 - INFO - Merge query                            	1

2024-08-08 21:47:19,243 - INFO - Search type                            	0

2024-08-08 21:47:19,243 - INFO - Search iterations                      	1

2024-08-08 21:47:19,243 - INFO - Start sensitivity                      	4

2024-08-08 21:47:19,243 - INFO - Search steps                           	1

2024-08-08 21:47:19,243 - INFO - Exhaustive search mode                 	false

2024-08-08 21:47:19,243 - INFO - Filter results during exhaustive search	0

2024-08-08 21:47:19,243 - INFO - Strand selection                       	1

2024-08-08 21:47:19,243 - INFO - LCA search mode                        	false

2024-08-08 21:47:19,243 - INFO - Disk space limit                       	0

2024-08-08 21:47:19,243 - INFO - MPI runner                             	

2024-08-08 21:47:19,243 - INFO - Force restart with latest tmp          	false

2024-08-08 21:47:19,243 - INFO - Remove temporary files                 	false

2024-08-08 21:47:19,243 - INFO - 

2024-08-08 21:47:19,402 - INFO - prefilter /data/yangy34/database/pharokka/CARD phage_pharokka/GCA_015343595.1_1118|3-1083/CARD_target_dir/target_seqs phage_pharokka/GCA_015343595.1_1118|3-1083/CARD_tmp_dir//8823856941389353721/pref_0 --sub-mat nucl:nucleotide.out,aa:blosum62.out --seed-sub-mat nucl:nucleotide.out,aa:VTML80.out -k 0 --k-score 2147483647 --alph-size nucl:5,aa:21 --max-seq-len 65535 --max-seqs 300 --split 0 --split-mode 2 --split-memory-limit 0 -c 0.4 --cov-mode 0 --comp-bias-corr 1 --diag-score 1 --exact-kmer-matching 0 --mask 1 --mask-lower-case 0 --min-ungapped-score 15 --add-self-matches 0 --spaced-kmer-mode 1 --db-load-mode 0 --pca 1 --pcb 1.5 --threads 32 --compressed 0 -v 3 -s 8.5 

2024-08-08 21:47:19,402 - INFO - 

2024-08-08 21:47:19,403 - INFO - Query database size: 4641 type: Aminoacid

2024-08-08 21:47:19,403 - INFO - Estimated memory consumption: 977M

2024-08-08 21:47:19,403 - INFO - Target database size: 3 type: Aminoacid

2024-08-08 21:47:19,403 - INFO - Index table k-mer threshold: 87 at k-mer size 6 

2024-08-08 21:47:19,403 - INFO - Index table: counting k-mers

2024-08-08 21:47:19,531 - INFO - [=================================================================] 3 0s 4ms

2024-08-08 21:47:19,531 - INFO - Index table: Masked residues: 0

2024-08-08 21:47:19,531 - INFO - Index table: fill

2024-08-08 21:47:20,037 - INFO - [=================================================================] 3 0s 0ms

2024-08-08 21:47:20,037 - INFO - Index statistics

2024-08-08 21:47:20,037 - INFO - Entries:          301

2024-08-08 21:47:20,037 - INFO - DB size:          488 MB

2024-08-08 21:47:20,037 - INFO - Avg k-mer size:   0.000005

2024-08-08 21:47:20,037 - INFO - Top 10 k-mers

2024-08-08 21:47:20,037 - INFO -     AGRLAA	1

2024-08-08 21:47:20,037 - INFO -     RLLVAA	1

2024-08-08 21:47:20,038 - INFO -     KANVAA	1

2024-08-08 21:47:20,038 - INFO -     SRSEDA	1

2024-08-08 21:47:20,038 - INFO -     IESLDA	1

2024-08-08 21:47:20,038 - INFO -     LEDREA	1

2024-08-08 21:47:20,038 - INFO -     IRNRFA	1

2024-08-08 21:47:20,038 - INFO -     ASADGA	1

2024-08-08 21:47:20,038 - INFO -     RDAAHA	1

2024-08-08 21:47:20,038 - INFO -     DTASIA	1

2024-08-08 21:47:20,038 - INFO - Time for index table init: 0h 0m 0s 440ms

2024-08-08 21:47:20,038 - INFO - Process prefiltering step 1 of 1

2024-08-08 21:47:20,038 - INFO - 

2024-08-08 21:47:20,038 - INFO - k-mer similarity threshold: 87

2024-08-08 21:47:20,038 - INFO - Starting prefiltering scores calculation (step 1 of 1)

2024-08-08 21:47:20,038 - INFO - Query db start 1 to 4641

2024-08-08 21:47:20,038 - INFO - Target db start 1 to 3

2024-08-08 21:47:29,228 - INFO - [=================================================================] 4.64K 9s 265ms

2024-08-08 21:47:29,228 - INFO - 

2024-08-08 21:47:29,228 - INFO - 3883.681631 k-mers per position

2024-08-08 21:47:29,228 - INFO - 6 DB matches per sequence

2024-08-08 21:47:29,228 - INFO - 0 overflows

2024-08-08 21:47:29,228 - INFO - 0 queries produce too many hits (truncated result)

2024-08-08 21:47:29,228 - INFO - 0 sequences passed prefiltering per query sequence

2024-08-08 21:47:29,228 - INFO - 0 median result list length

2024-08-08 21:47:29,228 - INFO - 4103 sequences with 0 size result lists

2024-08-08 21:47:29,229 - INFO - Time for merging to pref_0: 0h 0m 0s 10ms

2024-08-08 21:47:29,229 - INFO - Time for processing: 0h 0m 9s 980ms

2024-08-08 21:47:29,252 - INFO - align /data/yangy34/database/pharokka/CARD phage_pharokka/GCA_015343595.1_1118|3-1083/CARD_target_dir/target_seqs phage_pharokka/GCA_015343595.1_1118|3-1083/CARD_tmp_dir//8823856941389353721/pref_0 phage_pharokka/GCA_015343595.1_1118|3-1083/CARD/results_CARD --sub-mat nucl:nucleotide.out,aa:blosum62.out -a 0 --alignment-mode 2 --alignment-output-mode 0 --wrapped-scoring 0 -e 0.001 --min-seq-id 0.8 --min-aln-len 0 --seq-id-mode 0 --alt-ali 0 -c 0.4 --cov-mode 0 --max-seq-len 65535 --comp-bias-corr 1 --max-rejected 2147483647 --max-accept 2147483647 --add-self-matches 0 --db-load-mode 0 --pca 1 --pcb 1.5 --score-bias 0 --realign 0 --realign-score-bias -0.2 --realign-max-seqs 2147483647 --gap-open nucl:5,aa:11 --gap-extend nucl:2,aa:1 --zdrop 40 --threads 32 --compressed 0 -v 3 

2024-08-08 21:47:29,252 - INFO - 

2024-08-08 21:47:29,252 - INFO - Compute score and coverage

2024-08-08 21:47:29,252 - INFO - Query database size: 4641 type: Aminoacid

2024-08-08 21:47:29,252 - INFO - Target database size: 3 type: Aminoacid

2024-08-08 21:47:29,252 - INFO - Calculation of alignments

2024-08-08 21:47:29,275 - INFO - [=================================================================] 4.64K 0s 12ms

2024-08-08 21:47:29,275 - INFO - Time for merging to results_CARD: 0h 0m 0s 9ms

2024-08-08 21:47:29,275 - INFO - 408 alignments calculated

2024-08-08 21:47:29,275 - INFO - 0 sequence pairs passed the thresholds (0.000000 of overall calculated)

2024-08-08 21:47:29,275 - INFO - 0.000000 hits per query sequence

2024-08-08 21:47:29,275 - INFO - Time for processing: 0h 0m 0s 40ms

2024-08-08 21:47:29,381 - INFO - createtsv /data/yangy34/database/pharokka/CARD phage_pharokka/GCA_015343595.1_1118|3-1083/CARD_target_dir/target_seqs phage_pharokka/GCA_015343595.1_1118|3-1083/CARD/results_CARD phage_pharokka/GCA_015343595.1_1118|3-1083/CARD_results.tsv --full-header --threads 32 

2024-08-08 21:47:29,382 - INFO - 

2024-08-08 21:47:29,382 - INFO - MMseqs Version:                 	13.45111

2024-08-08 21:47:29,382 - INFO - First sequence as representative	false

2024-08-08 21:47:29,382 - INFO - Target column                   	1

2024-08-08 21:47:29,382 - INFO - Add full header                 	true

2024-08-08 21:47:29,382 - INFO - Sequence source                 	0

2024-08-08 21:47:29,382 - INFO - Database output                 	false

2024-08-08 21:47:29,382 - INFO - Threads                         	32

2024-08-08 21:47:29,382 - INFO - Compressed                      	0

2024-08-08 21:47:29,382 - INFO - Verbosity                       	3

2024-08-08 21:47:29,382 - INFO - 

2024-08-08 21:47:29,382 - INFO - Time for merging to CARD_results.tsv: 0h 0m 0s 12ms

2024-08-08 21:47:29,382 - INFO - Time for processing: 0h 0m 0s 100ms

2024-08-08 21:47:29,391 - INFO - Running mmseqs2 on vfdb.
2024-08-08 21:47:29,546 - INFO - createdb phage_pharokka/GCA_015343595.1_1118|3-1083/phanotate_aas_tmp.fasta phage_pharokka/GCA_015343595.1_1118|3-1083/vfdb_target_dir/target_seqs 

2024-08-08 21:47:29,547 - INFO - 

2024-08-08 21:47:29,547 - INFO - MMseqs Version:       	13.45111

2024-08-08 21:47:29,547 - INFO - Database type         	0

2024-08-08 21:47:29,547 - INFO - Shuffle input database	true

2024-08-08 21:47:29,547 - INFO - Createdb mode         	0

2024-08-08 21:47:29,547 - INFO - Write lookup file     	1

2024-08-08 21:47:29,547 - INFO - Offset of numeric ids 	0

2024-08-08 21:47:29,547 - INFO - Compressed            	0

2024-08-08 21:47:29,547 - INFO - Verbosity             	3

2024-08-08 21:47:29,547 - INFO - 

2024-08-08 21:47:29,547 - INFO - Converting sequences

2024-08-08 21:47:29,547 - INFO - [

2024-08-08 21:47:29,547 - INFO - Time for merging to target_seqs_h: 0h 0m 0s 52ms

2024-08-08 21:47:29,547 - INFO - Time for merging to target_seqs: 0h 0m 0s 21ms

2024-08-08 21:47:29,547 - INFO - Database type: Aminoacid

2024-08-08 21:47:29,547 - INFO - Time for processing: 0h 0m 0s 150ms

2024-08-08 21:47:29,555 - INFO - Create directory phage_pharokka/GCA_015343595.1_1118|3-1083/vfdb_tmp_dir/

2024-08-08 21:47:29,555 - INFO - search --min-seq-id 0.8 -c 0.4 /data/yangy34/database/pharokka/vfdb phage_pharokka/GCA_015343595.1_1118|3-1083/vfdb_target_dir/target_seqs phage_pharokka/GCA_015343595.1_1118|3-1083/vfdb/results_vfdb phage_pharokka/GCA_015343595.1_1118|3-1083/vfdb_tmp_dir/ -s 8.5 --threads 32 

2024-08-08 21:47:29,555 - INFO - 

2024-08-08 21:47:29,555 - INFO - MMseqs Version:                        	13.45111

2024-08-08 21:47:29,555 - INFO - Substitution matrix                    	nucl:nucleotide.out,aa:blosum62.out

2024-08-08 21:47:29,555 - INFO - Add backtrace                          	false

2024-08-08 21:47:29,555 - INFO - Alignment mode                         	2

2024-08-08 21:47:29,555 - INFO - Alignment mode                         	0

2024-08-08 21:47:29,555 - INFO - Allow wrapped scoring                  	false

2024-08-08 21:47:29,555 - INFO - E-value threshold                      	0.001

2024-08-08 21:47:29,555 - INFO - Seq. id. threshold                     	0.8

2024-08-08 21:47:29,555 - INFO - Min alignment length                   	0

2024-08-08 21:47:29,555 - INFO - Seq. id. mode                          	0

2024-08-08 21:47:29,555 - INFO - Alternative alignments                 	0

2024-08-08 21:47:29,555 - INFO - Coverage threshold                     	0.4

2024-08-08 21:47:29,555 - INFO - Coverage mode                          	0

2024-08-08 21:47:29,555 - INFO - Max sequence length                    	65535

2024-08-08 21:47:29,555 - INFO - Compositional bias                     	1

2024-08-08 21:47:29,555 - INFO - Max reject                             	2147483647

2024-08-08 21:47:29,556 - INFO - Max accept                             	2147483647

2024-08-08 21:47:29,556 - INFO - Include identical seq. id.             	false

2024-08-08 21:47:29,556 - INFO - Preload mode                           	0

2024-08-08 21:47:29,556 - INFO - Pseudo count a                         	1

2024-08-08 21:47:29,556 - INFO - Pseudo count b                         	1.5

2024-08-08 21:47:29,556 - INFO - Score bias                             	0

2024-08-08 21:47:29,556 - INFO - Realign hits                           	false

2024-08-08 21:47:29,556 - INFO - Realign score bias                     	-0.2

2024-08-08 21:47:29,556 - INFO - Realign max seqs                       	2147483647

2024-08-08 21:47:29,556 - INFO - Gap open cost                          	nucl:5,aa:11

2024-08-08 21:47:29,556 - INFO - Gap extension cost                     	nucl:2,aa:1

2024-08-08 21:47:29,556 - INFO - Zdrop                                  	40

2024-08-08 21:47:29,556 - INFO - Threads                                	32

2024-08-08 21:47:29,556 - INFO - Compressed                             	0

2024-08-08 21:47:29,556 - INFO - Verbosity                              	3

2024-08-08 21:47:29,556 - INFO - Seed substitution matrix               	nucl:nucleotide.out,aa:VTML80.out

2024-08-08 21:47:29,556 - INFO - Sensitivity                            	8.5

2024-08-08 21:47:29,556 - INFO - k-mer length                           	0

2024-08-08 21:47:29,556 - INFO - k-score                                	2147483647

2024-08-08 21:47:29,556 - INFO - Alphabet size                          	nucl:5,aa:21

2024-08-08 21:47:29,556 - INFO - Max results per query                  	300

2024-08-08 21:47:29,556 - INFO - Split database                         	0

2024-08-08 21:47:29,556 - INFO - Split mode                             	2

2024-08-08 21:47:29,556 - INFO - Split memory limit                     	0

2024-08-08 21:47:29,556 - INFO - Diagonal scoring                       	true

2024-08-08 21:47:29,557 - INFO - Exact k-mer matching                   	0

2024-08-08 21:47:29,557 - INFO - Mask residues                          	1

2024-08-08 21:47:29,557 - INFO - Mask lower case residues               	0

2024-08-08 21:47:29,557 - INFO - Minimum diagonal score                 	15

2024-08-08 21:47:29,557 - INFO - Spaced k-mers                          	1

2024-08-08 21:47:29,557 - INFO - Spaced k-mer pattern                   	

2024-08-08 21:47:29,557 - INFO - Local temporary path                   	

2024-08-08 21:47:29,557 - INFO - Rescore mode                           	0

2024-08-08 21:47:29,557 - INFO - Remove hits by seq. id. and coverage   	false

2024-08-08 21:47:29,557 - INFO - Sort results                           	0

2024-08-08 21:47:29,557 - INFO - Mask profile                           	1

2024-08-08 21:47:29,557 - INFO - Profile E-value threshold              	0.1

2024-08-08 21:47:29,557 - INFO - Global sequence weighting              	false

2024-08-08 21:47:29,557 - INFO - Allow deletions                        	false

2024-08-08 21:47:29,557 - INFO - Filter MSA                             	1

2024-08-08 21:47:29,557 - INFO - Maximum seq. id. threshold             	0.9

2024-08-08 21:47:29,557 - INFO - Minimum seq. id.                       	0

2024-08-08 21:47:29,557 - INFO - Minimum score per column               	-20

2024-08-08 21:47:29,557 - INFO - Minimum coverage                       	0

2024-08-08 21:47:29,557 - INFO - Select N most diverse seqs             	1000

2024-08-08 21:47:29,557 - INFO - Min codons in orf                      	30

2024-08-08 21:47:29,557 - INFO - Max codons in length                   	32734

2024-08-08 21:47:29,557 - INFO - Max orf gaps                           	2147483647

2024-08-08 21:47:29,557 - INFO - Contig start mode                      	2

2024-08-08 21:47:29,557 - INFO - Contig end mode                        	2

2024-08-08 21:47:29,557 - INFO - Orf start mode                         	1

2024-08-08 21:47:29,558 - INFO - Forward frames                         	1,2,3

2024-08-08 21:47:29,558 - INFO - Reverse frames                         	1,2,3

2024-08-08 21:47:29,558 - INFO - Translation table                      	1

2024-08-08 21:47:29,558 - INFO - Translate orf                          	0

2024-08-08 21:47:29,558 - INFO - Use all table starts                   	false

2024-08-08 21:47:29,558 - INFO - Offset of numeric ids                  	0

2024-08-08 21:47:29,558 - INFO - Create lookup                          	0

2024-08-08 21:47:29,558 - INFO - Add orf stop                           	false

2024-08-08 21:47:29,558 - INFO - Overlap between sequences              	0

2024-08-08 21:47:29,558 - INFO - Sequence split mode                    	1

2024-08-08 21:47:29,558 - INFO - Header split mode                      	0

2024-08-08 21:47:29,558 - INFO - Chain overlapping alignments           	0

2024-08-08 21:47:29,558 - INFO - Merge query                            	1

2024-08-08 21:47:29,558 - INFO - Search type                            	0

2024-08-08 21:47:29,558 - INFO - Search iterations                      	1

2024-08-08 21:47:29,558 - INFO - Start sensitivity                      	4

2024-08-08 21:47:29,558 - INFO - Search steps                           	1

2024-08-08 21:47:29,558 - INFO - Exhaustive search mode                 	false

2024-08-08 21:47:29,558 - INFO - Filter results during exhaustive search	0

2024-08-08 21:47:29,558 - INFO - Strand selection                       	1

2024-08-08 21:47:29,558 - INFO - LCA search mode                        	false

2024-08-08 21:47:29,558 - INFO - Disk space limit                       	0

2024-08-08 21:47:29,558 - INFO - MPI runner                             	

2024-08-08 21:47:29,558 - INFO - Force restart with latest tmp          	false

2024-08-08 21:47:29,558 - INFO - Remove temporary files                 	false

2024-08-08 21:47:29,559 - INFO - 

2024-08-08 21:47:29,734 - INFO - prefilter /data/yangy34/database/pharokka/vfdb phage_pharokka/GCA_015343595.1_1118|3-1083/vfdb_target_dir/target_seqs phage_pharokka/GCA_015343595.1_1118|3-1083/vfdb_tmp_dir//11153914159099878998/pref_0 --sub-mat nucl:nucleotide.out,aa:blosum62.out --seed-sub-mat nucl:nucleotide.out,aa:VTML80.out -k 0 --k-score 2147483647 --alph-size nucl:5,aa:21 --max-seq-len 65535 --max-seqs 300 --split 0 --split-mode 2 --split-memory-limit 0 -c 0.4 --cov-mode 0 --comp-bias-corr 1 --diag-score 1 --exact-kmer-matching 0 --mask 1 --mask-lower-case 0 --min-ungapped-score 15 --add-self-matches 0 --spaced-kmer-mode 1 --db-load-mode 0 --pca 1 --pcb 1.5 --threads 32 --compressed 0 -v 3 -s 8.5 

2024-08-08 21:47:29,734 - INFO - 

2024-08-08 21:47:29,734 - INFO - Query database size: 27504 type: Aminoacid

2024-08-08 21:47:29,734 - INFO - Estimated memory consumption: 977M

2024-08-08 21:47:29,734 - INFO - Target database size: 3 type: Aminoacid

2024-08-08 21:47:29,734 - INFO - Index table k-mer threshold: 87 at k-mer size 6 

2024-08-08 21:47:29,734 - INFO - Index table: counting k-mers

2024-08-08 21:47:29,905 - INFO - [=================================================================] 3 0s 5ms

2024-08-08 21:47:29,905 - INFO - Index table: Masked residues: 0

2024-08-08 21:47:29,905 - INFO - Index table: fill

2024-08-08 21:47:31,294 - INFO - [=================================================================] 3 0s 1ms

2024-08-08 21:47:31,294 - INFO - Index statistics

2024-08-08 21:47:31,294 - INFO - Entries:          301

2024-08-08 21:47:31,294 - INFO - DB size:          488 MB

2024-08-08 21:47:31,294 - INFO - Avg k-mer size:   0.000005

2024-08-08 21:47:31,294 - INFO - Top 10 k-mers

2024-08-08 21:47:31,294 - INFO -     AGRLAA	1

2024-08-08 21:47:31,295 - INFO -     RLLVAA	1

2024-08-08 21:47:31,295 - INFO -     KANVAA	1

2024-08-08 21:47:31,295 - INFO -     SRSEDA	1

2024-08-08 21:47:31,295 - INFO -     IESLDA	1

2024-08-08 21:47:31,295 - INFO -     LEDREA	1

2024-08-08 21:47:31,295 - INFO -     IRNRFA	1

2024-08-08 21:47:31,295 - INFO -     ASADGA	1

2024-08-08 21:47:31,295 - INFO -     RDAAHA	1

2024-08-08 21:47:31,295 - INFO -     DTASIA	1

2024-08-08 21:47:31,295 - INFO - Time for index table init: 0h 0m 0s 503ms

2024-08-08 21:47:31,295 - INFO - Process prefiltering step 1 of 1

2024-08-08 21:47:31,295 - INFO - 

2024-08-08 21:47:31,295 - INFO - k-mer similarity threshold: 87

2024-08-08 21:47:31,295 - INFO - Starting prefiltering scores calculation (step 1 of 1)

2024-08-08 21:47:31,295 - INFO - Query db start 1 to 27504

2024-08-08 21:47:31,295 - INFO - Target db start 1 to 3

2024-08-08 21:48:39,026 - INFO - [=================================================================] 27.50K 1m 8s 417ms

2024-08-08 21:48:39,026 - INFO - 

2024-08-08 21:48:39,026 - INFO - 3159.764157 k-mers per position

2024-08-08 21:48:39,026 - INFO - 8 DB matches per sequence

2024-08-08 21:48:39,026 - INFO - 0 overflows

2024-08-08 21:48:39,026 - INFO - 0 queries produce too many hits (truncated result)

2024-08-08 21:48:39,027 - INFO - 0 sequences passed prefiltering per query sequence

2024-08-08 21:48:39,027 - INFO - 0 median result list length

2024-08-08 21:48:39,027 - INFO - 23275 sequences with 0 size result lists

2024-08-08 21:48:39,027 - INFO - Time for merging to pref_0: 0h 0m 0s 19ms

2024-08-08 21:48:39,027 - INFO - Time for processing: 0h 1m 9s 463ms

2024-08-08 21:48:39,064 - INFO - align /data/yangy34/database/pharokka/vfdb phage_pharokka/GCA_015343595.1_1118|3-1083/vfdb_target_dir/target_seqs phage_pharokka/GCA_015343595.1_1118|3-1083/vfdb_tmp_dir//11153914159099878998/pref_0 phage_pharokka/GCA_015343595.1_1118|3-1083/vfdb/results_vfdb --sub-mat nucl:nucleotide.out,aa:blosum62.out -a 0 --alignment-mode 2 --alignment-output-mode 0 --wrapped-scoring 0 -e 0.001 --min-seq-id 0.8 --min-aln-len 0 --seq-id-mode 0 --alt-ali 0 -c 0.4 --cov-mode 0 --max-seq-len 65535 --comp-bias-corr 1 --max-rejected 2147483647 --max-accept 2147483647 --add-self-matches 0 --db-load-mode 0 --pca 1 --pcb 1.5 --score-bias 0 --realign 0 --realign-score-bias -0.2 --realign-max-seqs 2147483647 --gap-open nucl:5,aa:11 --gap-extend nucl:2,aa:1 --zdrop 40 --threads 32 --compressed 0 -v 3 

2024-08-08 21:48:39,065 - INFO - 

2024-08-08 21:48:39,065 - INFO - Compute score and coverage

2024-08-08 21:48:39,065 - INFO - Query database size: 27504 type: Aminoacid

2024-08-08 21:48:39,065 - INFO - Target database size: 3 type: Aminoacid

2024-08-08 21:48:39,065 - INFO - Calculation of alignments

2024-08-08 21:48:39,106 - INFO - [=================================================================] 27.50K 0s 18ms

2024-08-08 21:48:39,106 - INFO - Time for merging to results_vfdb: 0h 0m 0s 18ms

2024-08-08 21:48:39,106 - INFO - 983 alignments calculated

2024-08-08 21:48:39,106 - INFO - 0 sequence pairs passed the thresholds (0.000000 of overall calculated)

2024-08-08 21:48:39,106 - INFO - 0.000000 hits per query sequence

2024-08-08 21:48:39,106 - INFO - Time for processing: 0h 0m 0s 71ms

2024-08-08 21:48:39,236 - INFO - createtsv /data/yangy34/database/pharokka/vfdb phage_pharokka/GCA_015343595.1_1118|3-1083/vfdb_target_dir/target_seqs phage_pharokka/GCA_015343595.1_1118|3-1083/vfdb/results_vfdb phage_pharokka/GCA_015343595.1_1118|3-1083/vfdb_results.tsv --full-header --threads 32 

2024-08-08 21:48:39,236 - INFO - 

2024-08-08 21:48:39,236 - INFO - MMseqs Version:                 	13.45111

2024-08-08 21:48:39,236 - INFO - First sequence as representative	false

2024-08-08 21:48:39,236 - INFO - Target column                   	1

2024-08-08 21:48:39,236 - INFO - Add full header                 	true

2024-08-08 21:48:39,236 - INFO - Sequence source                 	0

2024-08-08 21:48:39,236 - INFO - Database output                 	false

2024-08-08 21:48:39,236 - INFO - Threads                         	32

2024-08-08 21:48:39,236 - INFO - Compressed                      	0

2024-08-08 21:48:39,236 - INFO - Verbosity                       	3

2024-08-08 21:48:39,236 - INFO - 

2024-08-08 21:48:39,236 - INFO - Time for merging to vfdb_results.tsv: 0h 0m 0s 22ms

2024-08-08 21:48:39,236 - INFO - Time for processing: 0h 0m 0s 122ms

2024-08-08 21:48:39,247 - INFO - Post Processing Output.
2024-08-08 21:48:39,585 - INFO - Converting gff to genbank.
2024-08-08 21:48:39,601 - WARNING - /gpfs/gsfs12/users/yangy34/softwares/mambaforge/envs/pharokka-env/lib/python3.10/site-packages/Bio/SeqIO/InsdcIO.py:728: BiopythonWarning: Increasing length of locus line to allow long name. This will result in fields that are not in usual positions.
  warnings.warn(

2024-08-08 21:48:39,615 - INFO - Finding the closest match for each contig in INPHARED using mash.
2024-08-08 21:48:39,629 - INFO - Sketching GCA_015343595.1_53_phages/GCA_015343595.1_1118_3_1083_prophage.fasta...

2024-08-08 21:48:39,630 - INFO - Writing to phage_pharokka/GCA_015343595.1_1118|3-1083/input_mash_sketch.msh...

2024-08-08 21:48:41,072 - INFO - pharokka has finished
2024-08-08 21:48:41,072 - INFO - Elapsed time: 158.39 seconds
2024-08-08 21:48:41,072 - INFO - If you use pharokka in your research, please cite:
2024-08-08 21:48:41,072 - INFO - George Bouras, Roshan Nepal, Ghais Houtak, Alkis James Psaltis, Peter-John Wormald, Sarah Vreugde.
2024-08-08 21:48:41,073 - INFO - Pharokka: a fast scalable bacteriophage annotation tool.
2024-08-08 21:48:41,073 - INFO - Bioinformatics, Volume 39, Issue 1, January 2023, btac776.
2024-08-08 21:48:41,073 - INFO - https://doi.org/10.1093/bioinformatics/btac776.
2024-08-08 21:48:41,073 - INFO - You should also cite the full list of tools pharokka uses, which can be found at https://github.com/gbouras13/pharokka#citation.
