2024-08-08 22:28:10,492 - INFO - Starting pharokka v1.3.2
2024-08-08 22:28:10,493 - INFO - Input args: Namespace(infile='GCA_015343595.1_53_phages/GCA_015343595.1_928_2_1322_prophage.fasta', outdir='phage_pharokka/GCA_015343595.1_928|2-1322', database='/data/yangy34/database/pharokka', threads='32', force=False, prefix='Default', locustag='Default', gene_predictor='phanotate', meta=False, split=False, coding_table='11', evalue='1E-05', terminase=False, terminase_strand='nothing', terminase_start='nothing', citation=False)
2024-08-08 22:28:10,493 - INFO - Checking database installation.
2024-08-08 22:28:10,516 - INFO - All databases have been successfully checked.
2024-08-08 22:28:10,516 - INFO - Checking dependencies.
2024-08-08 22:28:11,554 - INFO - phan_out version found is v1.5.1.
2024-08-08 22:28:11,554 - INFO - Phanotate version is ok.
2024-08-08 22:28:11,614 - INFO - MMseqs2 version found is v13.45111.
2024-08-08 22:28:11,614 - INFO - MMseqs2 version is ok.
2024-08-08 22:28:12,432 - INFO - tRNAscan-SE version found is v2.45111.11.
2024-08-08 22:28:12,432 - INFO - tRNAscan-SE version is ok.
2024-08-08 22:28:12,961 - INFO - MinCED version found is v0.4.2.
2024-08-08 22:28:12,961 - INFO - MinCED version is ok.
2024-08-08 22:28:12,975 - INFO - ARAGORN version found is v1.2.41.
2024-08-08 22:28:12,975 - INFO - ARAGORN version is ok.
2024-08-08 22:28:13,056 - INFO - mash version found is v2.2.
2024-08-08 22:28:13,056 - INFO - mash version is ok.
2024-08-08 22:28:13,274 - INFO - Running Phanotate.
2024-08-08 22:28:14,507 - INFO - Translating gene predicted fastas.
2024-08-08 22:28:14,535 - INFO - Starting tRNA-scanSE
2024-08-08 22:28:14,704 - INFO - 

2024-08-08 22:28:14,704 - INFO - tRNAscan-SE v.2.0.11 (Oct 2022) - scan sequences for transfer RNAs

2024-08-08 22:28:14,704 - INFO - Copyright (C) 2022 Patricia Chan and Todd Lowe

2024-08-08 22:28:14,704 - INFO -                    University of California Santa Cruz

2024-08-08 22:28:14,704 - INFO - Freely distributed under the GNU General Public License (GPLv3)

2024-08-08 22:28:14,704 - INFO - 

2024-08-08 22:28:14,704 - INFO - ------------------------------------------------------------

2024-08-08 22:28:14,704 - INFO - Sequence file(s) to search:        GCA_015343595.1_53_phages/GCA_015343595.1_928_2_1322_prophage.fasta

2024-08-08 22:28:14,704 - INFO - Search Mode:                       General

2024-08-08 22:28:14,704 - INFO - Results written to:                Standard output

2024-08-08 22:28:14,704 - INFO - Output format:                     Tabular

2024-08-08 22:28:14,705 - INFO - Searching with:                    Infernal single-pass scan

2024-08-08 22:28:14,705 - INFO -                                    Fast mode

2024-08-08 22:28:14,705 - INFO - Covariance model:                  /gpfs/gsfs12/users/yangy34/softwares/mambaforge/envs/pharokka-env/lib/tRNAscan-SE/models/TRNAinf.cm

2024-08-08 22:28:14,705 - INFO - 

2024-08-08 22:28:14,705 - INFO - Temporary directory:               /tmp

2024-08-08 22:28:14,705 - INFO - tRNA predictions saved to:         phage_pharokka/GCA_015343595.1_928|2-1322/trnascan_out.gff

2024-08-08 22:28:14,705 - INFO - ------------------------------------------------------------

2024-08-08 22:28:14,705 - INFO - 

2024-08-08 22:28:14,836 - INFO - No tRNAs found.

2024-08-08 22:28:14,836 - INFO - 

2024-08-08 22:28:14,850 - INFO - Running MinCED.
2024-08-08 22:28:15,038 - INFO - Running Aragorn.
2024-08-08 22:28:15,042 - INFO - Starting MMseqs2.
2024-08-08 22:28:15,042 - INFO - Running MMseqs2 on PHROGs Database.
2024-08-08 22:28:15,137 - INFO - createdb phage_pharokka/GCA_015343595.1_928|2-1322/phanotate_aas_tmp.fasta phage_pharokka/GCA_015343595.1_928|2-1322/target_dir/target_seqs 

2024-08-08 22:28:15,138 - INFO - 

2024-08-08 22:28:15,138 - INFO - MMseqs Version:       	13.45111

2024-08-08 22:28:15,138 - INFO - Database type         	0

2024-08-08 22:28:15,138 - INFO - Shuffle input database	true

2024-08-08 22:28:15,138 - INFO - Createdb mode         	0

2024-08-08 22:28:15,139 - INFO - Write lookup file     	1

2024-08-08 22:28:15,139 - INFO - Offset of numeric ids 	0

2024-08-08 22:28:15,139 - INFO - Compressed            	0

2024-08-08 22:28:15,139 - INFO - Verbosity             	3

2024-08-08 22:28:15,139 - INFO - 

2024-08-08 22:28:15,139 - INFO - Converting sequences

2024-08-08 22:28:15,139 - INFO - [

2024-08-08 22:28:15,139 - INFO - Time for merging to target_seqs_h: 0h 0m 0s 22ms

2024-08-08 22:28:15,139 - INFO - Time for merging to target_seqs: 0h 0m 0s 22ms

2024-08-08 22:28:15,139 - INFO - Database type: Aminoacid

2024-08-08 22:28:15,139 - INFO - Time for processing: 0h 0m 0s 89ms

2024-08-08 22:28:15,147 - INFO - Create directory phage_pharokka/GCA_015343595.1_928|2-1322/tmp_dir/

2024-08-08 22:28:15,148 - INFO - search -e 1E-05 /data/yangy34/database/pharokka/phrogs_profile_db phage_pharokka/GCA_015343595.1_928|2-1322/target_dir/target_seqs phage_pharokka/GCA_015343595.1_928|2-1322/mmseqs/results_mmseqs phage_pharokka/GCA_015343595.1_928|2-1322/tmp_dir/ -s 8.5 --threads 32 

2024-08-08 22:28:15,148 - INFO - 

2024-08-08 22:28:15,148 - INFO - MMseqs Version:                        	13.45111

2024-08-08 22:28:15,148 - INFO - Substitution matrix                    	nucl:nucleotide.out,aa:blosum62.out

2024-08-08 22:28:15,148 - INFO - Add backtrace                          	false

2024-08-08 22:28:15,148 - INFO - Alignment mode                         	2

2024-08-08 22:28:15,148 - INFO - Alignment mode                         	0

2024-08-08 22:28:15,148 - INFO - Allow wrapped scoring                  	false

2024-08-08 22:28:15,148 - INFO - E-value threshold                      	1e-05

2024-08-08 22:28:15,148 - INFO - Seq. id. threshold                     	0

2024-08-08 22:28:15,148 - INFO - Min alignment length                   	0

2024-08-08 22:28:15,148 - INFO - Seq. id. mode                          	0

2024-08-08 22:28:15,148 - INFO - Alternative alignments                 	0

2024-08-08 22:28:15,148 - INFO - Coverage threshold                     	0

2024-08-08 22:28:15,148 - INFO - Coverage mode                          	0

2024-08-08 22:28:15,148 - INFO - Max sequence length                    	65535

2024-08-08 22:28:15,148 - INFO - Compositional bias                     	1

2024-08-08 22:28:15,148 - INFO - Max reject                             	2147483647

2024-08-08 22:28:15,148 - INFO - Max accept                             	2147483647

2024-08-08 22:28:15,148 - INFO - Include identical seq. id.             	false

2024-08-08 22:28:15,149 - INFO - Preload mode                           	0

2024-08-08 22:28:15,149 - INFO - Pseudo count a                         	1

2024-08-08 22:28:15,149 - INFO - Pseudo count b                         	1.5

2024-08-08 22:28:15,149 - INFO - Score bias                             	0

2024-08-08 22:28:15,149 - INFO - Realign hits                           	false

2024-08-08 22:28:15,149 - INFO - Realign score bias                     	-0.2

2024-08-08 22:28:15,149 - INFO - Realign max seqs                       	2147483647

2024-08-08 22:28:15,149 - INFO - Gap open cost                          	nucl:5,aa:11

2024-08-08 22:28:15,149 - INFO - Gap extension cost                     	nucl:2,aa:1

2024-08-08 22:28:15,149 - INFO - Zdrop                                  	40

2024-08-08 22:28:15,149 - INFO - Threads                                	32

2024-08-08 22:28:15,149 - INFO - Compressed                             	0

2024-08-08 22:28:15,149 - INFO - Verbosity                              	3

2024-08-08 22:28:15,149 - INFO - Seed substitution matrix               	nucl:nucleotide.out,aa:VTML80.out

2024-08-08 22:28:15,149 - INFO - Sensitivity                            	8.5

2024-08-08 22:28:15,149 - INFO - k-mer length                           	0

2024-08-08 22:28:15,149 - INFO - k-score                                	2147483647

2024-08-08 22:28:15,149 - INFO - Alphabet size                          	nucl:5,aa:21

2024-08-08 22:28:15,149 - INFO - Max results per query                  	300

2024-08-08 22:28:15,149 - INFO - Split database                         	0

2024-08-08 22:28:15,149 - INFO - Split mode                             	2

2024-08-08 22:28:15,149 - INFO - Split memory limit                     	0

2024-08-08 22:28:15,150 - INFO - Diagonal scoring                       	true

2024-08-08 22:28:15,150 - INFO - Exact k-mer matching                   	0

2024-08-08 22:28:15,150 - INFO - Mask residues                          	1

2024-08-08 22:28:15,150 - INFO - Mask lower case residues               	0

2024-08-08 22:28:15,150 - INFO - Minimum diagonal score                 	15

2024-08-08 22:28:15,150 - INFO - Spaced k-mers                          	1

2024-08-08 22:28:15,150 - INFO - Spaced k-mer pattern                   	

2024-08-08 22:28:15,150 - INFO - Local temporary path                   	

2024-08-08 22:28:15,150 - INFO - Rescore mode                           	0

2024-08-08 22:28:15,150 - INFO - Remove hits by seq. id. and coverage   	false

2024-08-08 22:28:15,150 - INFO - Sort results                           	0

2024-08-08 22:28:15,150 - INFO - Mask profile                           	1

2024-08-08 22:28:15,150 - INFO - Profile E-value threshold              	0.1

2024-08-08 22:28:15,150 - INFO - Global sequence weighting              	false

2024-08-08 22:28:15,150 - INFO - Allow deletions                        	false

2024-08-08 22:28:15,150 - INFO - Filter MSA                             	1

2024-08-08 22:28:15,150 - INFO - Maximum seq. id. threshold             	0.9

2024-08-08 22:28:15,150 - INFO - Minimum seq. id.                       	0

2024-08-08 22:28:15,150 - INFO - Minimum score per column               	-20

2024-08-08 22:28:15,150 - INFO - Minimum coverage                       	0

2024-08-08 22:28:15,150 - INFO - Select N most diverse seqs             	1000

2024-08-08 22:28:15,150 - INFO - Min codons in orf                      	30

2024-08-08 22:28:15,151 - INFO - Max codons in length                   	32734

2024-08-08 22:28:15,151 - INFO - Max orf gaps                           	2147483647

2024-08-08 22:28:15,151 - INFO - Contig start mode                      	2

2024-08-08 22:28:15,151 - INFO - Contig end mode                        	2

2024-08-08 22:28:15,151 - INFO - Orf start mode                         	1

2024-08-08 22:28:15,151 - INFO - Forward frames                         	1,2,3

2024-08-08 22:28:15,151 - INFO - Reverse frames                         	1,2,3

2024-08-08 22:28:15,151 - INFO - Translation table                      	1

2024-08-08 22:28:15,151 - INFO - Translate orf                          	0

2024-08-08 22:28:15,151 - INFO - Use all table starts                   	false

2024-08-08 22:28:15,151 - INFO - Offset of numeric ids                  	0

2024-08-08 22:28:15,151 - INFO - Create lookup                          	0

2024-08-08 22:28:15,151 - INFO - Add orf stop                           	false

2024-08-08 22:28:15,151 - INFO - Overlap between sequences              	0

2024-08-08 22:28:15,151 - INFO - Sequence split mode                    	1

2024-08-08 22:28:15,151 - INFO - Header split mode                      	0

2024-08-08 22:28:15,151 - INFO - Chain overlapping alignments           	0

2024-08-08 22:28:15,151 - INFO - Merge query                            	1

2024-08-08 22:28:15,151 - INFO - Search type                            	0

2024-08-08 22:28:15,151 - INFO - Search iterations                      	1

2024-08-08 22:28:15,151 - INFO - Start sensitivity                      	4

2024-08-08 22:28:15,151 - INFO - Search steps                           	1

2024-08-08 22:28:15,152 - INFO - Exhaustive search mode                 	false

2024-08-08 22:28:15,152 - INFO - Filter results during exhaustive search	0

2024-08-08 22:28:15,152 - INFO - Strand selection                       	1

2024-08-08 22:28:15,152 - INFO - LCA search mode                        	false

2024-08-08 22:28:15,152 - INFO - Disk space limit                       	0

2024-08-08 22:28:15,152 - INFO - MPI runner                             	

2024-08-08 22:28:15,152 - INFO - Force restart with latest tmp          	false

2024-08-08 22:28:15,152 - INFO - Remove temporary files                 	false

2024-08-08 22:28:15,152 - INFO - 

2024-08-08 22:28:15,545 - INFO - prefilter /data/yangy34/database/pharokka/phrogs_profile_db phage_pharokka/GCA_015343595.1_928|2-1322/target_dir/target_seqs phage_pharokka/GCA_015343595.1_928|2-1322/tmp_dir//3122355387610767487/pref_0 --sub-mat nucl:nucleotide.out,aa:blosum62.out --seed-sub-mat nucl:nucleotide.out,aa:VTML80.out -k 0 --k-score 2147483647 --alph-size nucl:5,aa:21 --max-seq-len 65535 --max-seqs 300 --split 0 --split-mode 2 --split-memory-limit 0 -c 0 --cov-mode 0 --comp-bias-corr 1 --diag-score 1 --exact-kmer-matching 0 --mask 1 --mask-lower-case 0 --min-ungapped-score 15 --add-self-matches 0 --spaced-kmer-mode 1 --db-load-mode 0 --pca 1 --pcb 1.5 --threads 32 --compressed 0 -v 3 -s 8.5 

2024-08-08 22:28:15,545 - INFO - 

2024-08-08 22:28:15,545 - INFO - Query database size: 38880 type: Profile

2024-08-08 22:28:15,545 - INFO - Estimated memory consumption: 488M

2024-08-08 22:28:15,545 - INFO - Target database size: 2 type: Aminoacid

2024-08-08 22:28:15,545 - INFO - Index table k-mer threshold: 0 at k-mer size 6 

2024-08-08 22:28:15,545 - INFO - Index table: counting k-mers

2024-08-08 22:28:15,691 - INFO - [=================================================================] 2 0s 2ms

2024-08-08 22:28:15,691 - INFO - Index table: Masked residues: 0

2024-08-08 22:28:15,691 - INFO - Index table: fill

2024-08-08 22:28:16,922 - INFO - [=================================================================] 2 0s 1ms

2024-08-08 22:28:16,923 - INFO - Index statistics

2024-08-08 22:28:16,923 - INFO - Entries:          408

2024-08-08 22:28:16,923 - INFO - DB size:          488 MB

2024-08-08 22:28:16,923 - INFO - Avg k-mer size:   0.000006

2024-08-08 22:28:16,923 - INFO - Top 10 k-mers

2024-08-08 22:28:16,923 - INFO -     GYQDAA	1

2024-08-08 22:28:16,923 - INFO -     SEFPAA	1

2024-08-08 22:28:16,923 - INFO -     CSASAA	1

2024-08-08 22:28:16,923 - INFO -     AHRKDA	1

2024-08-08 22:28:16,923 - INFO -     FSTNDA	1

2024-08-08 22:28:16,923 - INFO -     LAAPDA	1

2024-08-08 22:28:16,923 - INFO -     YCGDEA	1

2024-08-08 22:28:16,923 - INFO -     PQLPFA	1

2024-08-08 22:28:16,923 - INFO -     WVQSFA	1

2024-08-08 22:28:16,924 - INFO -     YGERGA	1

2024-08-08 22:28:16,924 - INFO - Time for index table init: 0h 0m 0s 643ms

2024-08-08 22:28:16,924 - INFO - Process prefiltering step 1 of 1

2024-08-08 22:28:16,924 - INFO - 

2024-08-08 22:28:16,924 - INFO - k-mer similarity threshold: 81

2024-08-08 22:28:16,924 - INFO - Starting prefiltering scores calculation (step 1 of 1)

2024-08-08 22:28:16,924 - INFO - Query db start 1 to 38880

2024-08-08 22:28:16,924 - INFO - Target db start 1 to 2

2024-08-08 22:29:25,260 - INFO - [=================================================================] 38.88K 1m 9s 82ms

2024-08-08 22:29:25,260 - INFO - 

2024-08-08 22:29:25,260 - INFO - 5386.328443 k-mers per position

2024-08-08 22:29:25,260 - INFO - 5 DB matches per sequence

2024-08-08 22:29:25,260 - INFO - 0 overflows

2024-08-08 22:29:25,260 - INFO - 0 queries produce too many hits (truncated result)

2024-08-08 22:29:25,260 - INFO - 0 sequences passed prefiltering per query sequence

2024-08-08 22:29:25,260 - INFO - 0 median result list length

2024-08-08 22:29:25,260 - INFO - 34067 sequences with 0 size result lists

2024-08-08 22:29:25,260 - INFO - Time for merging to pref_0: 0h 0m 0s 23ms

2024-08-08 22:29:25,260 - INFO - Time for processing: 0h 1m 10s 104ms

2024-08-08 22:29:25,346 - INFO - align /data/yangy34/database/pharokka/phrogs_profile_db phage_pharokka/GCA_015343595.1_928|2-1322/target_dir/target_seqs phage_pharokka/GCA_015343595.1_928|2-1322/tmp_dir//3122355387610767487/pref_0 phage_pharokka/GCA_015343595.1_928|2-1322/mmseqs/results_mmseqs --sub-mat nucl:nucleotide.out,aa:blosum62.out -a 0 --alignment-mode 2 --alignment-output-mode 0 --wrapped-scoring 0 -e 1e-05 --min-seq-id 0 --min-aln-len 0 --seq-id-mode 0 --alt-ali 0 -c 0 --cov-mode 0 --max-seq-len 65535 --comp-bias-corr 1 --max-rejected 2147483647 --max-accept 2147483647 --add-self-matches 0 --db-load-mode 0 --pca 1 --pcb 1.5 --score-bias 0 --realign 0 --realign-score-bias -0.2 --realign-max-seqs 2147483647 --gap-open nucl:5,aa:11 --gap-extend nucl:2,aa:1 --zdrop 40 --threads 32 --compressed 0 -v 3 

2024-08-08 22:29:25,346 - INFO - 

2024-08-08 22:29:25,346 - INFO - Compute score and coverage

2024-08-08 22:29:25,346 - INFO - Query database size: 38880 type: Profile

2024-08-08 22:29:25,346 - INFO - Target database size: 2 type: Aminoacid

2024-08-08 22:29:25,346 - INFO - Calculation of alignments

2024-08-08 22:29:25,587 - INFO - [=================================================================] 38.88K 0s 192ms

2024-08-08 22:29:25,587 - INFO - Time for merging to results_mmseqs: 0h 0m 0s 21ms

2024-08-08 22:29:25,587 - INFO - 5115 alignments calculated

2024-08-08 22:29:25,587 - INFO - 8 sequence pairs passed the thresholds (0.001564 of overall calculated)

2024-08-08 22:29:25,587 - INFO - 0.000206 hits per query sequence

2024-08-08 22:29:25,587 - INFO - Time for processing: 0h 0m 0s 320ms

2024-08-08 22:29:25,725 - INFO - createtsv /data/yangy34/database/pharokka/phrogs_profile_db phage_pharokka/GCA_015343595.1_928|2-1322/target_dir/target_seqs phage_pharokka/GCA_015343595.1_928|2-1322/mmseqs/results_mmseqs phage_pharokka/GCA_015343595.1_928|2-1322/mmseqs_results.tsv --full-header --threads 32 

2024-08-08 22:29:25,725 - INFO - 

2024-08-08 22:29:25,726 - INFO - MMseqs Version:                 	13.45111

2024-08-08 22:29:25,726 - INFO - First sequence as representative	false

2024-08-08 22:29:25,726 - INFO - Target column                   	1

2024-08-08 22:29:25,726 - INFO - Add full header                 	true

2024-08-08 22:29:25,726 - INFO - Sequence source                 	0

2024-08-08 22:29:25,726 - INFO - Database output                 	false

2024-08-08 22:29:25,726 - INFO - Threads                         	32

2024-08-08 22:29:25,726 - INFO - Compressed                      	0

2024-08-08 22:29:25,726 - INFO - Verbosity                       	3

2024-08-08 22:29:25,726 - INFO - 

2024-08-08 22:29:25,726 - INFO - Time for merging to mmseqs_results.tsv: 0h 0m 0s 28ms

2024-08-08 22:29:25,726 - INFO - Time for processing: 0h 0m 0s 129ms

2024-08-08 22:29:25,748 - INFO - Running mmseqs2 on CARD.
2024-08-08 22:29:25,806 - INFO - createdb phage_pharokka/GCA_015343595.1_928|2-1322/phanotate_aas_tmp.fasta phage_pharokka/GCA_015343595.1_928|2-1322/CARD_target_dir/target_seqs 

2024-08-08 22:29:25,806 - INFO - 

2024-08-08 22:29:25,806 - INFO - MMseqs Version:       	13.45111

2024-08-08 22:29:25,806 - INFO - Database type         	0

2024-08-08 22:29:25,806 - INFO - Shuffle input database	true

2024-08-08 22:29:25,806 - INFO - Createdb mode         	0

2024-08-08 22:29:25,806 - INFO - Write lookup file     	1

2024-08-08 22:29:25,806 - INFO - Offset of numeric ids 	0

2024-08-08 22:29:25,806 - INFO - Compressed            	0

2024-08-08 22:29:25,806 - INFO - Verbosity             	3

2024-08-08 22:29:25,806 - INFO - 

2024-08-08 22:29:25,806 - INFO - Converting sequences

2024-08-08 22:29:25,806 - INFO - [

2024-08-08 22:29:25,806 - INFO - Time for merging to target_seqs_h: 0h 0m 0s 7ms

2024-08-08 22:29:25,806 - INFO - Time for merging to target_seqs: 0h 0m 0s 18ms

2024-08-08 22:29:25,806 - INFO - Database type: Aminoacid

2024-08-08 22:29:25,806 - INFO - Time for processing: 0h 0m 0s 52ms

2024-08-08 22:29:25,815 - INFO - Create directory phage_pharokka/GCA_015343595.1_928|2-1322/CARD_tmp_dir/

2024-08-08 22:29:25,815 - INFO - search --min-seq-id 0.8 -c 0.4 /data/yangy34/database/pharokka/CARD phage_pharokka/GCA_015343595.1_928|2-1322/CARD_target_dir/target_seqs phage_pharokka/GCA_015343595.1_928|2-1322/CARD/results_CARD phage_pharokka/GCA_015343595.1_928|2-1322/CARD_tmp_dir/ -s 8.5 --threads 32 

2024-08-08 22:29:25,815 - INFO - 

2024-08-08 22:29:25,815 - INFO - MMseqs Version:                        	13.45111

2024-08-08 22:29:25,815 - INFO - Substitution matrix                    	nucl:nucleotide.out,aa:blosum62.out

2024-08-08 22:29:25,815 - INFO - Add backtrace                          	false

2024-08-08 22:29:25,815 - INFO - Alignment mode                         	2

2024-08-08 22:29:25,815 - INFO - Alignment mode                         	0

2024-08-08 22:29:25,815 - INFO - Allow wrapped scoring                  	false

2024-08-08 22:29:25,816 - INFO - E-value threshold                      	0.001

2024-08-08 22:29:25,816 - INFO - Seq. id. threshold                     	0.8

2024-08-08 22:29:25,816 - INFO - Min alignment length                   	0

2024-08-08 22:29:25,816 - INFO - Seq. id. mode                          	0

2024-08-08 22:29:25,816 - INFO - Alternative alignments                 	0

2024-08-08 22:29:25,816 - INFO - Coverage threshold                     	0.4

2024-08-08 22:29:25,816 - INFO - Coverage mode                          	0

2024-08-08 22:29:25,816 - INFO - Max sequence length                    	65535

2024-08-08 22:29:25,816 - INFO - Compositional bias                     	1

2024-08-08 22:29:25,816 - INFO - Max reject                             	2147483647

2024-08-08 22:29:25,816 - INFO - Max accept                             	2147483647

2024-08-08 22:29:25,816 - INFO - Include identical seq. id.             	false

2024-08-08 22:29:25,816 - INFO - Preload mode                           	0

2024-08-08 22:29:25,816 - INFO - Pseudo count a                         	1

2024-08-08 22:29:25,816 - INFO - Pseudo count b                         	1.5

2024-08-08 22:29:25,816 - INFO - Score bias                             	0

2024-08-08 22:29:25,816 - INFO - Realign hits                           	false

2024-08-08 22:29:25,816 - INFO - Realign score bias                     	-0.2

2024-08-08 22:29:25,816 - INFO - Realign max seqs                       	2147483647

2024-08-08 22:29:25,816 - INFO - Gap open cost                          	nucl:5,aa:11

2024-08-08 22:29:25,816 - INFO - Gap extension cost                     	nucl:2,aa:1

2024-08-08 22:29:25,816 - INFO - Zdrop                                  	40

2024-08-08 22:29:25,816 - INFO - Threads                                	32

2024-08-08 22:29:25,817 - INFO - Compressed                             	0

2024-08-08 22:29:25,817 - INFO - Verbosity                              	3

2024-08-08 22:29:25,817 - INFO - Seed substitution matrix               	nucl:nucleotide.out,aa:VTML80.out

2024-08-08 22:29:25,817 - INFO - Sensitivity                            	8.5

2024-08-08 22:29:25,817 - INFO - k-mer length                           	0

2024-08-08 22:29:25,817 - INFO - k-score                                	2147483647

2024-08-08 22:29:25,817 - INFO - Alphabet size                          	nucl:5,aa:21

2024-08-08 22:29:25,817 - INFO - Max results per query                  	300

2024-08-08 22:29:25,817 - INFO - Split database                         	0

2024-08-08 22:29:25,817 - INFO - Split mode                             	2

2024-08-08 22:29:25,817 - INFO - Split memory limit                     	0

2024-08-08 22:29:25,817 - INFO - Diagonal scoring                       	true

2024-08-08 22:29:25,817 - INFO - Exact k-mer matching                   	0

2024-08-08 22:29:25,817 - INFO - Mask residues                          	1

2024-08-08 22:29:25,817 - INFO - Mask lower case residues               	0

2024-08-08 22:29:25,817 - INFO - Minimum diagonal score                 	15

2024-08-08 22:29:25,817 - INFO - Spaced k-mers                          	1

2024-08-08 22:29:25,817 - INFO - Spaced k-mer pattern                   	

2024-08-08 22:29:25,817 - INFO - Local temporary path                   	

2024-08-08 22:29:25,817 - INFO - Rescore mode                           	0

2024-08-08 22:29:25,817 - INFO - Remove hits by seq. id. and coverage   	false

2024-08-08 22:29:25,817 - INFO - Sort results                           	0

2024-08-08 22:29:25,817 - INFO - Mask profile                           	1

2024-08-08 22:29:25,818 - INFO - Profile E-value threshold              	0.1

2024-08-08 22:29:25,818 - INFO - Global sequence weighting              	false

2024-08-08 22:29:25,818 - INFO - Allow deletions                        	false

2024-08-08 22:29:25,818 - INFO - Filter MSA                             	1

2024-08-08 22:29:25,818 - INFO - Maximum seq. id. threshold             	0.9

2024-08-08 22:29:25,818 - INFO - Minimum seq. id.                       	0

2024-08-08 22:29:25,818 - INFO - Minimum score per column               	-20

2024-08-08 22:29:25,818 - INFO - Minimum coverage                       	0

2024-08-08 22:29:25,818 - INFO - Select N most diverse seqs             	1000

2024-08-08 22:29:25,818 - INFO - Min codons in orf                      	30

2024-08-08 22:29:25,818 - INFO - Max codons in length                   	32734

2024-08-08 22:29:25,818 - INFO - Max orf gaps                           	2147483647

2024-08-08 22:29:25,818 - INFO - Contig start mode                      	2

2024-08-08 22:29:25,818 - INFO - Contig end mode                        	2

2024-08-08 22:29:25,818 - INFO - Orf start mode                         	1

2024-08-08 22:29:25,818 - INFO - Forward frames                         	1,2,3

2024-08-08 22:29:25,818 - INFO - Reverse frames                         	1,2,3

2024-08-08 22:29:25,818 - INFO - Translation table                      	1

2024-08-08 22:29:25,818 - INFO - Translate orf                          	0

2024-08-08 22:29:25,818 - INFO - Use all table starts                   	false

2024-08-08 22:29:25,818 - INFO - Offset of numeric ids                  	0

2024-08-08 22:29:25,818 - INFO - Create lookup                          	0

2024-08-08 22:29:25,818 - INFO - Add orf stop                           	false

2024-08-08 22:29:25,818 - INFO - Overlap between sequences              	0

2024-08-08 22:29:25,819 - INFO - Sequence split mode                    	1

2024-08-08 22:29:25,819 - INFO - Header split mode                      	0

2024-08-08 22:29:25,819 - INFO - Chain overlapping alignments           	0

2024-08-08 22:29:25,819 - INFO - Merge query                            	1

2024-08-08 22:29:25,819 - INFO - Search type                            	0

2024-08-08 22:29:25,819 - INFO - Search iterations                      	1

2024-08-08 22:29:25,819 - INFO - Start sensitivity                      	4

2024-08-08 22:29:25,819 - INFO - Search steps                           	1

2024-08-08 22:29:25,819 - INFO - Exhaustive search mode                 	false

2024-08-08 22:29:25,819 - INFO - Filter results during exhaustive search	0

2024-08-08 22:29:25,819 - INFO - Strand selection                       	1

2024-08-08 22:29:25,819 - INFO - LCA search mode                        	false

2024-08-08 22:29:25,819 - INFO - Disk space limit                       	0

2024-08-08 22:29:25,819 - INFO - MPI runner                             	

2024-08-08 22:29:25,819 - INFO - Force restart with latest tmp          	false

2024-08-08 22:29:25,819 - INFO - Remove temporary files                 	false

2024-08-08 22:29:25,819 - INFO - 

2024-08-08 22:29:26,173 - INFO - prefilter /data/yangy34/database/pharokka/CARD phage_pharokka/GCA_015343595.1_928|2-1322/CARD_target_dir/target_seqs phage_pharokka/GCA_015343595.1_928|2-1322/CARD_tmp_dir//10390317943794126404/pref_0 --sub-mat nucl:nucleotide.out,aa:blosum62.out --seed-sub-mat nucl:nucleotide.out,aa:VTML80.out -k 0 --k-score 2147483647 --alph-size nucl:5,aa:21 --max-seq-len 65535 --max-seqs 300 --split 0 --split-mode 2 --split-memory-limit 0 -c 0.4 --cov-mode 0 --comp-bias-corr 1 --diag-score 1 --exact-kmer-matching 0 --mask 1 --mask-lower-case 0 --min-ungapped-score 15 --add-self-matches 0 --spaced-kmer-mode 1 --db-load-mode 0 --pca 1 --pcb 1.5 --threads 32 --compressed 0 -v 3 -s 8.5 

2024-08-08 22:29:26,173 - INFO - 

2024-08-08 22:29:26,173 - INFO - Query database size: 4641 type: Aminoacid

2024-08-08 22:29:26,173 - INFO - Estimated memory consumption: 977M

2024-08-08 22:29:26,173 - INFO - Target database size: 2 type: Aminoacid

2024-08-08 22:29:26,174 - INFO - Index table k-mer threshold: 87 at k-mer size 6 

2024-08-08 22:29:26,174 - INFO - Index table: counting k-mers

2024-08-08 22:29:26,313 - INFO - [=================================================================] 2 0s 6ms

2024-08-08 22:29:26,313 - INFO - Index table: Masked residues: 0

2024-08-08 22:29:26,314 - INFO - Index table: fill

2024-08-08 22:29:26,777 - INFO - [=================================================================] 2 0s 1ms

2024-08-08 22:29:26,777 - INFO - Index statistics

2024-08-08 22:29:26,777 - INFO - Entries:          408

2024-08-08 22:29:26,777 - INFO - DB size:          488 MB

2024-08-08 22:29:26,777 - INFO - Avg k-mer size:   0.000006

2024-08-08 22:29:26,777 - INFO - Top 10 k-mers

2024-08-08 22:29:26,777 - INFO -     GYQDAA	1

2024-08-08 22:29:26,777 - INFO -     SEFPAA	1

2024-08-08 22:29:26,778 - INFO -     CSASAA	1

2024-08-08 22:29:26,778 - INFO -     AHRKDA	1

2024-08-08 22:29:26,778 - INFO -     FSTNDA	1

2024-08-08 22:29:26,778 - INFO -     LAAPDA	1

2024-08-08 22:29:26,778 - INFO -     YCGDEA	1

2024-08-08 22:29:26,778 - INFO -     PQLPFA	1

2024-08-08 22:29:26,778 - INFO -     WVQSFA	1

2024-08-08 22:29:26,778 - INFO -     YGERGA	1

2024-08-08 22:29:26,778 - INFO - Time for index table init: 0h 0m 0s 634ms

2024-08-08 22:29:26,778 - INFO - Process prefiltering step 1 of 1

2024-08-08 22:29:26,778 - INFO - 

2024-08-08 22:29:26,778 - INFO - k-mer similarity threshold: 87

2024-08-08 22:29:26,778 - INFO - Starting prefiltering scores calculation (step 1 of 1)

2024-08-08 22:29:26,779 - INFO - Query db start 1 to 4641

2024-08-08 22:29:26,779 - INFO - Target db start 1 to 2

2024-08-08 22:29:36,107 - INFO - [=================================================================] 4.64K 9s 292ms

2024-08-08 22:29:36,107 - INFO - 

2024-08-08 22:29:36,107 - INFO - 3883.681631 k-mers per position

2024-08-08 22:29:36,107 - INFO - 8 DB matches per sequence

2024-08-08 22:29:36,107 - INFO - 0 overflows

2024-08-08 22:29:36,107 - INFO - 0 queries produce too many hits (truncated result)

2024-08-08 22:29:36,107 - INFO - 0 sequences passed prefiltering per query sequence

2024-08-08 22:29:36,107 - INFO - 0 median result list length

2024-08-08 22:29:36,108 - INFO - 3359 sequences with 0 size result lists

2024-08-08 22:29:36,108 - INFO - Time for merging to pref_0: 0h 0m 0s 9ms

2024-08-08 22:29:36,108 - INFO - Time for processing: 0h 0m 10s 283ms

2024-08-08 22:29:36,133 - INFO - align /data/yangy34/database/pharokka/CARD phage_pharokka/GCA_015343595.1_928|2-1322/CARD_target_dir/target_seqs phage_pharokka/GCA_015343595.1_928|2-1322/CARD_tmp_dir//10390317943794126404/pref_0 phage_pharokka/GCA_015343595.1_928|2-1322/CARD/results_CARD --sub-mat nucl:nucleotide.out,aa:blosum62.out -a 0 --alignment-mode 2 --alignment-output-mode 0 --wrapped-scoring 0 -e 0.001 --min-seq-id 0.8 --min-aln-len 0 --seq-id-mode 0 --alt-ali 0 -c 0.4 --cov-mode 0 --max-seq-len 65535 --comp-bias-corr 1 --max-rejected 2147483647 --max-accept 2147483647 --add-self-matches 0 --db-load-mode 0 --pca 1 --pcb 1.5 --score-bias 0 --realign 0 --realign-score-bias -0.2 --realign-max-seqs 2147483647 --gap-open nucl:5,aa:11 --gap-extend nucl:2,aa:1 --zdrop 40 --threads 32 --compressed 0 -v 3 

2024-08-08 22:29:36,133 - INFO - 

2024-08-08 22:29:36,133 - INFO - Compute score and coverage

2024-08-08 22:29:36,133 - INFO - Query database size: 4641 type: Aminoacid

2024-08-08 22:29:36,133 - INFO - Target database size: 2 type: Aminoacid

2024-08-08 22:29:36,133 - INFO - Calculation of alignments

2024-08-08 22:29:36,156 - INFO - [=================================================================] 4.64K 0s 17ms

2024-08-08 22:29:36,156 - INFO - Time for merging to results_CARD: 0h 0m 0s 9ms

2024-08-08 22:29:36,156 - INFO - 1261 alignments calculated

2024-08-08 22:29:36,156 - INFO - 0 sequence pairs passed the thresholds (0.000000 of overall calculated)

2024-08-08 22:29:36,156 - INFO - 0.000000 hits per query sequence

2024-08-08 22:29:36,156 - INFO - Time for processing: 0h 0m 0s 42ms

2024-08-08 22:29:36,239 - INFO - createtsv /data/yangy34/database/pharokka/CARD phage_pharokka/GCA_015343595.1_928|2-1322/CARD_target_dir/target_seqs phage_pharokka/GCA_015343595.1_928|2-1322/CARD/results_CARD phage_pharokka/GCA_015343595.1_928|2-1322/CARD_results.tsv --full-header --threads 32 

2024-08-08 22:29:36,239 - INFO - 

2024-08-08 22:29:36,239 - INFO - MMseqs Version:                 	13.45111

2024-08-08 22:29:36,239 - INFO - First sequence as representative	false

2024-08-08 22:29:36,239 - INFO - Target column                   	1

2024-08-08 22:29:36,239 - INFO - Add full header                 	true

2024-08-08 22:29:36,239 - INFO - Sequence source                 	0

2024-08-08 22:29:36,239 - INFO - Database output                 	false

2024-08-08 22:29:36,239 - INFO - Threads                         	32

2024-08-08 22:29:36,239 - INFO - Compressed                      	0

2024-08-08 22:29:36,239 - INFO - Verbosity                       	3

2024-08-08 22:29:36,239 - INFO - 

2024-08-08 22:29:36,239 - INFO - Time for merging to CARD_results.tsv: 0h 0m 0s 12ms

2024-08-08 22:29:36,239 - INFO - Time for processing: 0h 0m 0s 77ms

2024-08-08 22:29:36,244 - INFO - Running mmseqs2 on vfdb.
2024-08-08 22:29:36,302 - INFO - createdb phage_pharokka/GCA_015343595.1_928|2-1322/phanotate_aas_tmp.fasta phage_pharokka/GCA_015343595.1_928|2-1322/vfdb_target_dir/target_seqs 

2024-08-08 22:29:36,303 - INFO - 

2024-08-08 22:29:36,303 - INFO - MMseqs Version:       	13.45111

2024-08-08 22:29:36,303 - INFO - Database type         	0

2024-08-08 22:29:36,303 - INFO - Shuffle input database	true

2024-08-08 22:29:36,303 - INFO - Createdb mode         	0

2024-08-08 22:29:36,303 - INFO - Write lookup file     	1

2024-08-08 22:29:36,303 - INFO - Offset of numeric ids 	0

2024-08-08 22:29:36,303 - INFO - Compressed            	0

2024-08-08 22:29:36,303 - INFO - Verbosity             	3

2024-08-08 22:29:36,303 - INFO - 

2024-08-08 22:29:36,303 - INFO - Converting sequences

2024-08-08 22:29:36,303 - INFO - [

2024-08-08 22:29:36,303 - INFO - Time for merging to target_seqs_h: 0h 0m 0s 7ms

2024-08-08 22:29:36,303 - INFO - Time for merging to target_seqs: 0h 0m 0s 19ms

2024-08-08 22:29:36,303 - INFO - Database type: Aminoacid

2024-08-08 22:29:36,303 - INFO - Time for processing: 0h 0m 0s 53ms

2024-08-08 22:29:36,311 - INFO - Create directory phage_pharokka/GCA_015343595.1_928|2-1322/vfdb_tmp_dir/

2024-08-08 22:29:36,311 - INFO - search --min-seq-id 0.8 -c 0.4 /data/yangy34/database/pharokka/vfdb phage_pharokka/GCA_015343595.1_928|2-1322/vfdb_target_dir/target_seqs phage_pharokka/GCA_015343595.1_928|2-1322/vfdb/results_vfdb phage_pharokka/GCA_015343595.1_928|2-1322/vfdb_tmp_dir/ -s 8.5 --threads 32 

2024-08-08 22:29:36,311 - INFO - 

2024-08-08 22:29:36,311 - INFO - MMseqs Version:                        	13.45111

2024-08-08 22:29:36,311 - INFO - Substitution matrix                    	nucl:nucleotide.out,aa:blosum62.out

2024-08-08 22:29:36,311 - INFO - Add backtrace                          	false

2024-08-08 22:29:36,311 - INFO - Alignment mode                         	2

2024-08-08 22:29:36,311 - INFO - Alignment mode                         	0

2024-08-08 22:29:36,311 - INFO - Allow wrapped scoring                  	false

2024-08-08 22:29:36,311 - INFO - E-value threshold                      	0.001

2024-08-08 22:29:36,312 - INFO - Seq. id. threshold                     	0.8

2024-08-08 22:29:36,312 - INFO - Min alignment length                   	0

2024-08-08 22:29:36,312 - INFO - Seq. id. mode                          	0

2024-08-08 22:29:36,312 - INFO - Alternative alignments                 	0

2024-08-08 22:29:36,312 - INFO - Coverage threshold                     	0.4

2024-08-08 22:29:36,312 - INFO - Coverage mode                          	0

2024-08-08 22:29:36,312 - INFO - Max sequence length                    	65535

2024-08-08 22:29:36,312 - INFO - Compositional bias                     	1

2024-08-08 22:29:36,312 - INFO - Max reject                             	2147483647

2024-08-08 22:29:36,312 - INFO - Max accept                             	2147483647

2024-08-08 22:29:36,312 - INFO - Include identical seq. id.             	false

2024-08-08 22:29:36,312 - INFO - Preload mode                           	0

2024-08-08 22:29:36,312 - INFO - Pseudo count a                         	1

2024-08-08 22:29:36,312 - INFO - Pseudo count b                         	1.5

2024-08-08 22:29:36,312 - INFO - Score bias                             	0

2024-08-08 22:29:36,312 - INFO - Realign hits                           	false

2024-08-08 22:29:36,312 - INFO - Realign score bias                     	-0.2

2024-08-08 22:29:36,312 - INFO - Realign max seqs                       	2147483647

2024-08-08 22:29:36,312 - INFO - Gap open cost                          	nucl:5,aa:11

2024-08-08 22:29:36,312 - INFO - Gap extension cost                     	nucl:2,aa:1

2024-08-08 22:29:36,312 - INFO - Zdrop                                  	40

2024-08-08 22:29:36,312 - INFO - Threads                                	32

2024-08-08 22:29:36,313 - INFO - Compressed                             	0

2024-08-08 22:29:36,313 - INFO - Verbosity                              	3

2024-08-08 22:29:36,313 - INFO - Seed substitution matrix               	nucl:nucleotide.out,aa:VTML80.out

2024-08-08 22:29:36,313 - INFO - Sensitivity                            	8.5

2024-08-08 22:29:36,313 - INFO - k-mer length                           	0

2024-08-08 22:29:36,313 - INFO - k-score                                	2147483647

2024-08-08 22:29:36,313 - INFO - Alphabet size                          	nucl:5,aa:21

2024-08-08 22:29:36,313 - INFO - Max results per query                  	300

2024-08-08 22:29:36,313 - INFO - Split database                         	0

2024-08-08 22:29:36,313 - INFO - Split mode                             	2

2024-08-08 22:29:36,313 - INFO - Split memory limit                     	0

2024-08-08 22:29:36,313 - INFO - Diagonal scoring                       	true

2024-08-08 22:29:36,313 - INFO - Exact k-mer matching                   	0

2024-08-08 22:29:36,313 - INFO - Mask residues                          	1

2024-08-08 22:29:36,313 - INFO - Mask lower case residues               	0

2024-08-08 22:29:36,313 - INFO - Minimum diagonal score                 	15

2024-08-08 22:29:36,313 - INFO - Spaced k-mers                          	1

2024-08-08 22:29:36,313 - INFO - Spaced k-mer pattern                   	

2024-08-08 22:29:36,313 - INFO - Local temporary path                   	

2024-08-08 22:29:36,313 - INFO - Rescore mode                           	0

2024-08-08 22:29:36,313 - INFO - Remove hits by seq. id. and coverage   	false

2024-08-08 22:29:36,313 - INFO - Sort results                           	0

2024-08-08 22:29:36,314 - INFO - Mask profile                           	1

2024-08-08 22:29:36,314 - INFO - Profile E-value threshold              	0.1

2024-08-08 22:29:36,314 - INFO - Global sequence weighting              	false

2024-08-08 22:29:36,314 - INFO - Allow deletions                        	false

2024-08-08 22:29:36,314 - INFO - Filter MSA                             	1

2024-08-08 22:29:36,314 - INFO - Maximum seq. id. threshold             	0.9

2024-08-08 22:29:36,314 - INFO - Minimum seq. id.                       	0

2024-08-08 22:29:36,314 - INFO - Minimum score per column               	-20

2024-08-08 22:29:36,314 - INFO - Minimum coverage                       	0

2024-08-08 22:29:36,314 - INFO - Select N most diverse seqs             	1000

2024-08-08 22:29:36,314 - INFO - Min codons in orf                      	30

2024-08-08 22:29:36,314 - INFO - Max codons in length                   	32734

2024-08-08 22:29:36,314 - INFO - Max orf gaps                           	2147483647

2024-08-08 22:29:36,314 - INFO - Contig start mode                      	2

2024-08-08 22:29:36,314 - INFO - Contig end mode                        	2

2024-08-08 22:29:36,314 - INFO - Orf start mode                         	1

2024-08-08 22:29:36,314 - INFO - Forward frames                         	1,2,3

2024-08-08 22:29:36,314 - INFO - Reverse frames                         	1,2,3

2024-08-08 22:29:36,314 - INFO - Translation table                      	1

2024-08-08 22:29:36,314 - INFO - Translate orf                          	0

2024-08-08 22:29:36,314 - INFO - Use all table starts                   	false

2024-08-08 22:29:36,314 - INFO - Offset of numeric ids                  	0

2024-08-08 22:29:36,315 - INFO - Create lookup                          	0

2024-08-08 22:29:36,315 - INFO - Add orf stop                           	false

2024-08-08 22:29:36,315 - INFO - Overlap between sequences              	0

2024-08-08 22:29:36,315 - INFO - Sequence split mode                    	1

2024-08-08 22:29:36,315 - INFO - Header split mode                      	0

2024-08-08 22:29:36,315 - INFO - Chain overlapping alignments           	0

2024-08-08 22:29:36,315 - INFO - Merge query                            	1

2024-08-08 22:29:36,315 - INFO - Search type                            	0

2024-08-08 22:29:36,315 - INFO - Search iterations                      	1

2024-08-08 22:29:36,315 - INFO - Start sensitivity                      	4

2024-08-08 22:29:36,315 - INFO - Search steps                           	1

2024-08-08 22:29:36,315 - INFO - Exhaustive search mode                 	false

2024-08-08 22:29:36,315 - INFO - Filter results during exhaustive search	0

2024-08-08 22:29:36,315 - INFO - Strand selection                       	1

2024-08-08 22:29:36,315 - INFO - LCA search mode                        	false

2024-08-08 22:29:36,315 - INFO - Disk space limit                       	0

2024-08-08 22:29:36,315 - INFO - MPI runner                             	

2024-08-08 22:29:36,315 - INFO - Force restart with latest tmp          	false

2024-08-08 22:29:36,315 - INFO - Remove temporary files                 	false

2024-08-08 22:29:36,315 - INFO - 

2024-08-08 22:29:36,673 - INFO - prefilter /data/yangy34/database/pharokka/vfdb phage_pharokka/GCA_015343595.1_928|2-1322/vfdb_target_dir/target_seqs phage_pharokka/GCA_015343595.1_928|2-1322/vfdb_tmp_dir//10159259783272887910/pref_0 --sub-mat nucl:nucleotide.out,aa:blosum62.out --seed-sub-mat nucl:nucleotide.out,aa:VTML80.out -k 0 --k-score 2147483647 --alph-size nucl:5,aa:21 --max-seq-len 65535 --max-seqs 300 --split 0 --split-mode 2 --split-memory-limit 0 -c 0.4 --cov-mode 0 --comp-bias-corr 1 --diag-score 1 --exact-kmer-matching 0 --mask 1 --mask-lower-case 0 --min-ungapped-score 15 --add-self-matches 0 --spaced-kmer-mode 1 --db-load-mode 0 --pca 1 --pcb 1.5 --threads 32 --compressed 0 -v 3 -s 8.5 

2024-08-08 22:29:36,673 - INFO - 

2024-08-08 22:29:36,673 - INFO - Query database size: 27504 type: Aminoacid

2024-08-08 22:29:36,673 - INFO - Estimated memory consumption: 977M

2024-08-08 22:29:36,673 - INFO - Target database size: 2 type: Aminoacid

2024-08-08 22:29:36,673 - INFO - Index table k-mer threshold: 87 at k-mer size 6 

2024-08-08 22:29:36,673 - INFO - Index table: counting k-mers

2024-08-08 22:29:36,814 - INFO - [=================================================================] 2 0s 5ms

2024-08-08 22:29:36,815 - INFO - Index table: Masked residues: 0

2024-08-08 22:29:36,815 - INFO - Index table: fill

2024-08-08 22:29:38,148 - INFO - [=================================================================] 2 0s 1ms

2024-08-08 22:29:38,148 - INFO - Index statistics

2024-08-08 22:29:38,148 - INFO - Entries:          408

2024-08-08 22:29:38,148 - INFO - DB size:          488 MB

2024-08-08 22:29:38,148 - INFO - Avg k-mer size:   0.000006

2024-08-08 22:29:38,148 - INFO - Top 10 k-mers

2024-08-08 22:29:38,148 - INFO -     GYQDAA	1

2024-08-08 22:29:38,148 - INFO -     SEFPAA	1

2024-08-08 22:29:38,148 - INFO -     CSASAA	1

2024-08-08 22:29:38,149 - INFO -     AHRKDA	1

2024-08-08 22:29:38,149 - INFO -     FSTNDA	1

2024-08-08 22:29:38,149 - INFO -     LAAPDA	1

2024-08-08 22:29:38,149 - INFO -     YCGDEA	1

2024-08-08 22:29:38,149 - INFO -     PQLPFA	1

2024-08-08 22:29:38,149 - INFO -     WVQSFA	1

2024-08-08 22:29:38,149 - INFO -     YGERGA	1

2024-08-08 22:29:38,149 - INFO - Time for index table init: 0h 0m 0s 634ms

2024-08-08 22:29:38,149 - INFO - Process prefiltering step 1 of 1

2024-08-08 22:29:38,149 - INFO - 

2024-08-08 22:29:38,149 - INFO - k-mer similarity threshold: 87

2024-08-08 22:29:38,149 - INFO - Starting prefiltering scores calculation (step 1 of 1)

2024-08-08 22:29:38,149 - INFO - Query db start 1 to 27504

2024-08-08 22:29:38,150 - INFO - Target db start 1 to 2

2024-08-08 22:30:46,234 - INFO - [=================================================================] 27.50K 1m 8s 581ms

2024-08-08 22:30:46,235 - INFO - 

2024-08-08 22:30:46,235 - INFO - 3159.764157 k-mers per position

2024-08-08 22:30:46,235 - INFO - 10 DB matches per sequence

2024-08-08 22:30:46,235 - INFO - 0 overflows

2024-08-08 22:30:46,235 - INFO - 0 queries produce too many hits (truncated result)

2024-08-08 22:30:46,235 - INFO - 0 sequences passed prefiltering per query sequence

2024-08-08 22:30:46,235 - INFO - 0 median result list length

2024-08-08 22:30:46,235 - INFO - 22795 sequences with 0 size result lists

2024-08-08 22:30:46,235 - INFO - Time for merging to pref_0: 0h 0m 0s 22ms

2024-08-08 22:30:46,235 - INFO - Time for processing: 0h 1m 9s 915ms

2024-08-08 22:30:46,277 - INFO - align /data/yangy34/database/pharokka/vfdb phage_pharokka/GCA_015343595.1_928|2-1322/vfdb_target_dir/target_seqs phage_pharokka/GCA_015343595.1_928|2-1322/vfdb_tmp_dir//10159259783272887910/pref_0 phage_pharokka/GCA_015343595.1_928|2-1322/vfdb/results_vfdb --sub-mat nucl:nucleotide.out,aa:blosum62.out -a 0 --alignment-mode 2 --alignment-output-mode 0 --wrapped-scoring 0 -e 0.001 --min-seq-id 0.8 --min-aln-len 0 --seq-id-mode 0 --alt-ali 0 -c 0.4 --cov-mode 0 --max-seq-len 65535 --comp-bias-corr 1 --max-rejected 2147483647 --max-accept 2147483647 --add-self-matches 0 --db-load-mode 0 --pca 1 --pcb 1.5 --score-bias 0 --realign 0 --realign-score-bias -0.2 --realign-max-seqs 2147483647 --gap-open nucl:5,aa:11 --gap-extend nucl:2,aa:1 --zdrop 40 --threads 32 --compressed 0 -v 3 

2024-08-08 22:30:46,277 - INFO - 

2024-08-08 22:30:46,277 - INFO - Compute score and coverage

2024-08-08 22:30:46,277 - INFO - Query database size: 27504 type: Aminoacid

2024-08-08 22:30:46,277 - INFO - Target database size: 2 type: Aminoacid

2024-08-08 22:30:46,277 - INFO - Calculation of alignments

2024-08-08 22:30:46,325 - INFO - [=================================================================] 27.50K 0s 29ms

2024-08-08 22:30:46,325 - INFO - Time for merging to results_vfdb: 0h 0m 0s 16ms

2024-08-08 22:30:46,325 - INFO - 2920 alignments calculated

2024-08-08 22:30:46,325 - INFO - 0 sequence pairs passed the thresholds (0.000000 of overall calculated)

2024-08-08 22:30:46,325 - INFO - 0.000000 hits per query sequence

2024-08-08 22:30:46,325 - INFO - Time for processing: 0h 0m 0s 82ms

2024-08-08 22:30:46,506 - INFO - createtsv /data/yangy34/database/pharokka/vfdb phage_pharokka/GCA_015343595.1_928|2-1322/vfdb_target_dir/target_seqs phage_pharokka/GCA_015343595.1_928|2-1322/vfdb/results_vfdb phage_pharokka/GCA_015343595.1_928|2-1322/vfdb_results.tsv --full-header --threads 32 

2024-08-08 22:30:46,507 - INFO - 

2024-08-08 22:30:46,507 - INFO - MMseqs Version:                 	13.45111

2024-08-08 22:30:46,507 - INFO - First sequence as representative	false

2024-08-08 22:30:46,507 - INFO - Target column                   	1

2024-08-08 22:30:46,507 - INFO - Add full header                 	true

2024-08-08 22:30:46,507 - INFO - Sequence source                 	0

2024-08-08 22:30:46,507 - INFO - Database output                 	false

2024-08-08 22:30:46,507 - INFO - Threads                         	32

2024-08-08 22:30:46,507 - INFO - Compressed                      	0

2024-08-08 22:30:46,507 - INFO - Verbosity                       	3

2024-08-08 22:30:46,507 - INFO - 

2024-08-08 22:30:46,507 - INFO - Time for merging to vfdb_results.tsv: 0h 0m 0s 22ms

2024-08-08 22:30:46,507 - INFO - Time for processing: 0h 0m 0s 174ms

2024-08-08 22:30:46,526 - INFO - Post Processing Output.
2024-08-08 22:30:46,886 - INFO - Converting gff to genbank.
2024-08-08 22:30:46,898 - WARNING - /gpfs/gsfs12/users/yangy34/softwares/mambaforge/envs/pharokka-env/lib/python3.10/site-packages/Bio/SeqIO/InsdcIO.py:728: BiopythonWarning: Increasing length of locus line to allow long name. This will result in fields that are not in usual positions.
  warnings.warn(

2024-08-08 22:30:46,912 - INFO - Finding the closest match for each contig in INPHARED using mash.
2024-08-08 22:30:46,955 - INFO - Sketching GCA_015343595.1_53_phages/GCA_015343595.1_928_2_1322_prophage.fasta...

2024-08-08 22:30:46,956 - INFO - Writing to phage_pharokka/GCA_015343595.1_928|2-1322/input_mash_sketch.msh...

2024-08-08 22:30:48,477 - INFO - pharokka has finished
2024-08-08 22:30:48,477 - INFO - Elapsed time: 158.01 seconds
2024-08-08 22:30:48,477 - INFO - If you use pharokka in your research, please cite:
2024-08-08 22:30:48,477 - INFO - George Bouras, Roshan Nepal, Ghais Houtak, Alkis James Psaltis, Peter-John Wormald, Sarah Vreugde.
2024-08-08 22:30:48,477 - INFO - Pharokka: a fast scalable bacteriophage annotation tool.
2024-08-08 22:30:48,477 - INFO - Bioinformatics, Volume 39, Issue 1, January 2023, btac776.
2024-08-08 22:30:48,477 - INFO - https://doi.org/10.1093/bioinformatics/btac776.
2024-08-08 22:30:48,477 - INFO - You should also cite the full list of tools pharokka uses, which can be found at https://github.com/gbouras13/pharokka#citation.
