2024-08-08 21:31:59,919 - INFO - Starting pharokka v1.3.2
2024-08-08 21:31:59,919 - INFO - Input args: Namespace(infile='GCA_015343595.1_53_phages/GCA_015343595.1_1453_6_1416_prophage.fasta', outdir='phage_pharokka/GCA_015343595.1_1453|6-1416', database='/data/yangy34/database/pharokka', threads='32', force=False, prefix='Default', locustag='Default', gene_predictor='phanotate', meta=False, split=False, coding_table='11', evalue='1E-05', terminase=False, terminase_strand='nothing', terminase_start='nothing', citation=False)
2024-08-08 21:31:59,920 - INFO - Checking database installation.
2024-08-08 21:31:59,944 - INFO - All databases have been successfully checked.
2024-08-08 21:31:59,944 - INFO - Checking dependencies.
2024-08-08 21:32:01,260 - INFO - phan_out version found is v1.5.1.
2024-08-08 21:32:01,260 - INFO - Phanotate version is ok.
2024-08-08 21:32:01,382 - INFO - MMseqs2 version found is v13.45111.
2024-08-08 21:32:01,382 - INFO - MMseqs2 version is ok.
2024-08-08 21:32:02,258 - INFO - tRNAscan-SE version found is v2.45111.11.
2024-08-08 21:32:02,258 - INFO - tRNAscan-SE version is ok.
2024-08-08 21:32:02,798 - INFO - MinCED version found is v0.4.2.
2024-08-08 21:32:02,799 - INFO - MinCED version is ok.
2024-08-08 21:32:02,816 - INFO - ARAGORN version found is v1.2.41.
2024-08-08 21:32:02,816 - INFO - ARAGORN version is ok.
2024-08-08 21:32:02,871 - INFO - mash version found is v2.2.
2024-08-08 21:32:02,871 - INFO - mash version is ok.
2024-08-08 21:32:03,092 - INFO - Running Phanotate.
2024-08-08 21:32:04,380 - INFO - Translating gene predicted fastas.
2024-08-08 21:32:04,402 - INFO - Starting tRNA-scanSE
2024-08-08 21:32:04,552 - INFO - 

2024-08-08 21:32:04,553 - INFO - tRNAscan-SE v.2.0.11 (Oct 2022) - scan sequences for transfer RNAs

2024-08-08 21:32:04,553 - INFO - Copyright (C) 2022 Patricia Chan and Todd Lowe

2024-08-08 21:32:04,553 - INFO -                    University of California Santa Cruz

2024-08-08 21:32:04,553 - INFO - Freely distributed under the GNU General Public License (GPLv3)

2024-08-08 21:32:04,553 - INFO - 

2024-08-08 21:32:04,553 - INFO - ------------------------------------------------------------

2024-08-08 21:32:04,553 - INFO - Sequence file(s) to search:        GCA_015343595.1_53_phages/GCA_015343595.1_1453_6_1416_prophage.fasta

2024-08-08 21:32:04,553 - INFO - Search Mode:                       General

2024-08-08 21:32:04,553 - INFO - Results written to:                Standard output

2024-08-08 21:32:04,553 - INFO - Output format:                     Tabular

2024-08-08 21:32:04,553 - INFO - Searching with:                    Infernal single-pass scan

2024-08-08 21:32:04,553 - INFO -                                    Fast mode

2024-08-08 21:32:04,554 - INFO - Covariance model:                  /gpfs/gsfs12/users/yangy34/softwares/mambaforge/envs/pharokka-env/lib/tRNAscan-SE/models/TRNAinf.cm

2024-08-08 21:32:04,555 - INFO - 

2024-08-08 21:32:04,555 - INFO - Temporary directory:               /tmp

2024-08-08 21:32:04,555 - INFO - tRNA predictions saved to:         phage_pharokka/GCA_015343595.1_1453|6-1416/trnascan_out.gff

2024-08-08 21:32:04,555 - INFO - ------------------------------------------------------------

2024-08-08 21:32:04,555 - INFO - 

2024-08-08 21:32:04,682 - INFO - No tRNAs found.

2024-08-08 21:32:04,682 - INFO - 

2024-08-08 21:32:04,696 - INFO - Running MinCED.
2024-08-08 21:32:04,884 - INFO - Running Aragorn.
2024-08-08 21:32:04,887 - INFO - Starting MMseqs2.
2024-08-08 21:32:04,887 - INFO - Running MMseqs2 on PHROGs Database.
2024-08-08 21:32:04,985 - INFO - createdb phage_pharokka/GCA_015343595.1_1453|6-1416/phanotate_aas_tmp.fasta phage_pharokka/GCA_015343595.1_1453|6-1416/target_dir/target_seqs 

2024-08-08 21:32:04,985 - INFO - 

2024-08-08 21:32:04,985 - INFO - MMseqs Version:       	13.45111

2024-08-08 21:32:04,985 - INFO - Database type         	0

2024-08-08 21:32:04,985 - INFO - Shuffle input database	true

2024-08-08 21:32:04,986 - INFO - Createdb mode         	0

2024-08-08 21:32:04,986 - INFO - Write lookup file     	1

2024-08-08 21:32:04,986 - INFO - Offset of numeric ids 	0

2024-08-08 21:32:04,986 - INFO - Compressed            	0

2024-08-08 21:32:04,986 - INFO - Verbosity             	3

2024-08-08 21:32:04,986 - INFO - 

2024-08-08 21:32:04,986 - INFO - Converting sequences

2024-08-08 21:32:04,987 - INFO - [

2024-08-08 21:32:04,987 - INFO - Time for merging to target_seqs_h: 0h 0m 0s 23ms

2024-08-08 21:32:04,987 - INFO - Time for merging to target_seqs: 0h 0m 0s 22ms

2024-08-08 21:32:04,987 - INFO - Database type: Aminoacid

2024-08-08 21:32:04,987 - INFO - Time for processing: 0h 0m 0s 91ms

2024-08-08 21:32:04,996 - INFO - Create directory phage_pharokka/GCA_015343595.1_1453|6-1416/tmp_dir/

2024-08-08 21:32:04,996 - INFO - search -e 1E-05 /data/yangy34/database/pharokka/phrogs_profile_db phage_pharokka/GCA_015343595.1_1453|6-1416/target_dir/target_seqs phage_pharokka/GCA_015343595.1_1453|6-1416/mmseqs/results_mmseqs phage_pharokka/GCA_015343595.1_1453|6-1416/tmp_dir/ -s 8.5 --threads 32 

2024-08-08 21:32:04,997 - INFO - 

2024-08-08 21:32:04,997 - INFO - MMseqs Version:                        	13.45111

2024-08-08 21:32:04,997 - INFO - Substitution matrix                    	nucl:nucleotide.out,aa:blosum62.out

2024-08-08 21:32:04,997 - INFO - Add backtrace                          	false

2024-08-08 21:32:04,997 - INFO - Alignment mode                         	2

2024-08-08 21:32:04,997 - INFO - Alignment mode                         	0

2024-08-08 21:32:04,997 - INFO - Allow wrapped scoring                  	false

2024-08-08 21:32:04,997 - INFO - E-value threshold                      	1e-05

2024-08-08 21:32:04,997 - INFO - Seq. id. threshold                     	0

2024-08-08 21:32:04,997 - INFO - Min alignment length                   	0

2024-08-08 21:32:04,997 - INFO - Seq. id. mode                          	0

2024-08-08 21:32:04,997 - INFO - Alternative alignments                 	0

2024-08-08 21:32:04,997 - INFO - Coverage threshold                     	0

2024-08-08 21:32:04,997 - INFO - Coverage mode                          	0

2024-08-08 21:32:04,997 - INFO - Max sequence length                    	65535

2024-08-08 21:32:04,997 - INFO - Compositional bias                     	1

2024-08-08 21:32:04,997 - INFO - Max reject                             	2147483647

2024-08-08 21:32:04,997 - INFO - Max accept                             	2147483647

2024-08-08 21:32:04,997 - INFO - Include identical seq. id.             	false

2024-08-08 21:32:04,997 - INFO - Preload mode                           	0

2024-08-08 21:32:04,997 - INFO - Pseudo count a                         	1

2024-08-08 21:32:04,998 - INFO - Pseudo count b                         	1.5

2024-08-08 21:32:04,998 - INFO - Score bias                             	0

2024-08-08 21:32:04,998 - INFO - Realign hits                           	false

2024-08-08 21:32:04,998 - INFO - Realign score bias                     	-0.2

2024-08-08 21:32:04,998 - INFO - Realign max seqs                       	2147483647

2024-08-08 21:32:04,998 - INFO - Gap open cost                          	nucl:5,aa:11

2024-08-08 21:32:04,998 - INFO - Gap extension cost                     	nucl:2,aa:1

2024-08-08 21:32:04,998 - INFO - Zdrop                                  	40

2024-08-08 21:32:04,998 - INFO - Threads                                	32

2024-08-08 21:32:04,998 - INFO - Compressed                             	0

2024-08-08 21:32:04,998 - INFO - Verbosity                              	3

2024-08-08 21:32:04,998 - INFO - Seed substitution matrix               	nucl:nucleotide.out,aa:VTML80.out

2024-08-08 21:32:04,998 - INFO - Sensitivity                            	8.5

2024-08-08 21:32:04,998 - INFO - k-mer length                           	0

2024-08-08 21:32:04,998 - INFO - k-score                                	2147483647

2024-08-08 21:32:04,998 - INFO - Alphabet size                          	nucl:5,aa:21

2024-08-08 21:32:04,998 - INFO - Max results per query                  	300

2024-08-08 21:32:04,998 - INFO - Split database                         	0

2024-08-08 21:32:04,998 - INFO - Split mode                             	2

2024-08-08 21:32:04,998 - INFO - Split memory limit                     	0

2024-08-08 21:32:04,998 - INFO - Diagonal scoring                       	true

2024-08-08 21:32:04,998 - INFO - Exact k-mer matching                   	0

2024-08-08 21:32:04,998 - INFO - Mask residues                          	1

2024-08-08 21:32:04,998 - INFO - Mask lower case residues               	0

2024-08-08 21:32:04,999 - INFO - Minimum diagonal score                 	15

2024-08-08 21:32:04,999 - INFO - Spaced k-mers                          	1

2024-08-08 21:32:04,999 - INFO - Spaced k-mer pattern                   	

2024-08-08 21:32:04,999 - INFO - Local temporary path                   	

2024-08-08 21:32:04,999 - INFO - Rescore mode                           	0

2024-08-08 21:32:04,999 - INFO - Remove hits by seq. id. and coverage   	false

2024-08-08 21:32:04,999 - INFO - Sort results                           	0

2024-08-08 21:32:04,999 - INFO - Mask profile                           	1

2024-08-08 21:32:04,999 - INFO - Profile E-value threshold              	0.1

2024-08-08 21:32:04,999 - INFO - Global sequence weighting              	false

2024-08-08 21:32:04,999 - INFO - Allow deletions                        	false

2024-08-08 21:32:04,999 - INFO - Filter MSA                             	1

2024-08-08 21:32:04,999 - INFO - Maximum seq. id. threshold             	0.9

2024-08-08 21:32:04,999 - INFO - Minimum seq. id.                       	0

2024-08-08 21:32:04,999 - INFO - Minimum score per column               	-20

2024-08-08 21:32:04,999 - INFO - Minimum coverage                       	0

2024-08-08 21:32:04,999 - INFO - Select N most diverse seqs             	1000

2024-08-08 21:32:04,999 - INFO - Min codons in orf                      	30

2024-08-08 21:32:04,999 - INFO - Max codons in length                   	32734

2024-08-08 21:32:04,999 - INFO - Max orf gaps                           	2147483647

2024-08-08 21:32:04,999 - INFO - Contig start mode                      	2

2024-08-08 21:32:04,999 - INFO - Contig end mode                        	2

2024-08-08 21:32:04,999 - INFO - Orf start mode                         	1

2024-08-08 21:32:05,000 - INFO - Forward frames                         	1,2,3

2024-08-08 21:32:05,000 - INFO - Reverse frames                         	1,2,3

2024-08-08 21:32:05,000 - INFO - Translation table                      	1

2024-08-08 21:32:05,000 - INFO - Translate orf                          	0

2024-08-08 21:32:05,000 - INFO - Use all table starts                   	false

2024-08-08 21:32:05,000 - INFO - Offset of numeric ids                  	0

2024-08-08 21:32:05,000 - INFO - Create lookup                          	0

2024-08-08 21:32:05,000 - INFO - Add orf stop                           	false

2024-08-08 21:32:05,000 - INFO - Overlap between sequences              	0

2024-08-08 21:32:05,000 - INFO - Sequence split mode                    	1

2024-08-08 21:32:05,000 - INFO - Header split mode                      	0

2024-08-08 21:32:05,000 - INFO - Chain overlapping alignments           	0

2024-08-08 21:32:05,000 - INFO - Merge query                            	1

2024-08-08 21:32:05,000 - INFO - Search type                            	0

2024-08-08 21:32:05,000 - INFO - Search iterations                      	1

2024-08-08 21:32:05,000 - INFO - Start sensitivity                      	4

2024-08-08 21:32:05,000 - INFO - Search steps                           	1

2024-08-08 21:32:05,000 - INFO - Exhaustive search mode                 	false

2024-08-08 21:32:05,000 - INFO - Filter results during exhaustive search	0

2024-08-08 21:32:05,000 - INFO - Strand selection                       	1

2024-08-08 21:32:05,000 - INFO - LCA search mode                        	false

2024-08-08 21:32:05,000 - INFO - Disk space limit                       	0

2024-08-08 21:32:05,000 - INFO - MPI runner                             	

2024-08-08 21:32:05,001 - INFO - Force restart with latest tmp          	false

2024-08-08 21:32:05,001 - INFO - Remove temporary files                 	false

2024-08-08 21:32:05,001 - INFO - 

2024-08-08 21:32:05,207 - INFO - prefilter /data/yangy34/database/pharokka/phrogs_profile_db phage_pharokka/GCA_015343595.1_1453|6-1416/target_dir/target_seqs phage_pharokka/GCA_015343595.1_1453|6-1416/tmp_dir//15335265324240132147/pref_0 --sub-mat nucl:nucleotide.out,aa:blosum62.out --seed-sub-mat nucl:nucleotide.out,aa:VTML80.out -k 0 --k-score 2147483647 --alph-size nucl:5,aa:21 --max-seq-len 65535 --max-seqs 300 --split 0 --split-mode 2 --split-memory-limit 0 -c 0 --cov-mode 0 --comp-bias-corr 1 --diag-score 1 --exact-kmer-matching 0 --mask 1 --mask-lower-case 0 --min-ungapped-score 15 --add-self-matches 0 --spaced-kmer-mode 1 --db-load-mode 0 --pca 1 --pcb 1.5 --threads 32 --compressed 0 -v 3 -s 8.5 

2024-08-08 21:32:05,207 - INFO - 

2024-08-08 21:32:05,207 - INFO - Query database size: 38880 type: Profile

2024-08-08 21:32:05,207 - INFO - Estimated memory consumption: 488M

2024-08-08 21:32:05,207 - INFO - Target database size: 4 type: Aminoacid

2024-08-08 21:32:05,208 - INFO - Index table k-mer threshold: 0 at k-mer size 6 

2024-08-08 21:32:05,208 - INFO - Index table: counting k-mers

2024-08-08 21:32:05,342 - INFO - [=================================================================] 4 0s 2ms

2024-08-08 21:32:05,342 - INFO - Index table: Masked residues: 35

2024-08-08 21:32:05,342 - INFO - Index table: fill

2024-08-08 21:32:06,482 - INFO - [=================================================================] 4 0s 0ms

2024-08-08 21:32:06,482 - INFO - Index statistics

2024-08-08 21:32:06,482 - INFO - Entries:          356

2024-08-08 21:32:06,483 - INFO - DB size:          488 MB

2024-08-08 21:32:06,483 - INFO - Avg k-mer size:   0.000006

2024-08-08 21:32:06,483 - INFO - Top 10 k-mers

2024-08-08 21:32:06,483 - INFO -     DNQLAA	1

2024-08-08 21:32:06,483 - INFO -     PGESAA	1

2024-08-08 21:32:06,483 - INFO -     TRKTAA	1

2024-08-08 21:32:06,483 - INFO -     DAKADA	1

2024-08-08 21:32:06,483 - INFO -     DDLMDA	1

2024-08-08 21:32:06,483 - INFO -     GAQSDA	1

2024-08-08 21:32:06,483 - INFO -     GPKVDA	1

2024-08-08 21:32:06,483 - INFO -     MLDAEA	1

2024-08-08 21:32:06,483 - INFO -     QPVLEA	1

2024-08-08 21:32:06,483 - INFO -     PEEPEA	1

2024-08-08 21:32:06,483 - INFO - Time for index table init: 0h 0m 0s 423ms

2024-08-08 21:32:06,483 - INFO - Process prefiltering step 1 of 1

2024-08-08 21:32:06,483 - INFO - 

2024-08-08 21:32:06,484 - INFO - k-mer similarity threshold: 81

2024-08-08 21:32:06,484 - INFO - Starting prefiltering scores calculation (step 1 of 1)

2024-08-08 21:32:06,484 - INFO - Query db start 1 to 38880

2024-08-08 21:32:06,484 - INFO - Target db start 1 to 4

2024-08-08 21:33:07,872 - INFO - [=================================================================] 38.88K 1m 2s 191ms

2024-08-08 21:33:07,872 - INFO - 

2024-08-08 21:33:07,872 - INFO - 5386.328443 k-mers per position

2024-08-08 21:33:07,872 - INFO - 4 DB matches per sequence

2024-08-08 21:33:07,872 - INFO - 0 overflows

2024-08-08 21:33:07,872 - INFO - 0 queries produce too many hits (truncated result)

2024-08-08 21:33:07,872 - INFO - 0 sequences passed prefiltering per query sequence

2024-08-08 21:33:07,872 - INFO - 0 median result list length

2024-08-08 21:33:07,872 - INFO - 34091 sequences with 0 size result lists

2024-08-08 21:33:07,872 - INFO - Time for merging to pref_0: 0h 0m 0s 23ms

2024-08-08 21:33:07,872 - INFO - Time for processing: 0h 1m 2s 867ms

2024-08-08 21:33:07,968 - INFO - align /data/yangy34/database/pharokka/phrogs_profile_db phage_pharokka/GCA_015343595.1_1453|6-1416/target_dir/target_seqs phage_pharokka/GCA_015343595.1_1453|6-1416/tmp_dir//15335265324240132147/pref_0 phage_pharokka/GCA_015343595.1_1453|6-1416/mmseqs/results_mmseqs --sub-mat nucl:nucleotide.out,aa:blosum62.out -a 0 --alignment-mode 2 --alignment-output-mode 0 --wrapped-scoring 0 -e 1e-05 --min-seq-id 0 --min-aln-len 0 --seq-id-mode 0 --alt-ali 0 -c 0 --cov-mode 0 --max-seq-len 65535 --comp-bias-corr 1 --max-rejected 2147483647 --max-accept 2147483647 --add-self-matches 0 --db-load-mode 0 --pca 1 --pcb 1.5 --score-bias 0 --realign 0 --realign-score-bias -0.2 --realign-max-seqs 2147483647 --gap-open nucl:5,aa:11 --gap-extend nucl:2,aa:1 --zdrop 40 --threads 32 --compressed 0 -v 3 

2024-08-08 21:33:07,968 - INFO - 

2024-08-08 21:33:07,968 - INFO - Compute score and coverage

2024-08-08 21:33:07,968 - INFO - Query database size: 38880 type: Profile

2024-08-08 21:33:07,968 - INFO - Target database size: 4 type: Aminoacid

2024-08-08 21:33:07,968 - INFO - Calculation of alignments

2024-08-08 21:33:08,187 - INFO - [=================================================================] 38.88K 0s 201ms

2024-08-08 21:33:08,187 - INFO - Time for merging to results_mmseqs: 0h 0m 0s 21ms

2024-08-08 21:33:08,187 - INFO - 5283 alignments calculated

2024-08-08 21:33:08,188 - INFO - 3 sequence pairs passed the thresholds (0.000568 of overall calculated)

2024-08-08 21:33:08,188 - INFO - 0.000077 hits per query sequence

2024-08-08 21:33:08,188 - INFO - Time for processing: 0h 0m 0s 309ms

2024-08-08 21:33:08,323 - INFO - createtsv /data/yangy34/database/pharokka/phrogs_profile_db phage_pharokka/GCA_015343595.1_1453|6-1416/target_dir/target_seqs phage_pharokka/GCA_015343595.1_1453|6-1416/mmseqs/results_mmseqs phage_pharokka/GCA_015343595.1_1453|6-1416/mmseqs_results.tsv --full-header --threads 32 

2024-08-08 21:33:08,323 - INFO - 

2024-08-08 21:33:08,323 - INFO - MMseqs Version:                 	13.45111

2024-08-08 21:33:08,323 - INFO - First sequence as representative	false

2024-08-08 21:33:08,323 - INFO - Target column                   	1

2024-08-08 21:33:08,323 - INFO - Add full header                 	true

2024-08-08 21:33:08,323 - INFO - Sequence source                 	0

2024-08-08 21:33:08,323 - INFO - Database output                 	false

2024-08-08 21:33:08,323 - INFO - Threads                         	32

2024-08-08 21:33:08,323 - INFO - Compressed                      	0

2024-08-08 21:33:08,323 - INFO - Verbosity                       	3

2024-08-08 21:33:08,323 - INFO - 

2024-08-08 21:33:08,323 - INFO - Time for merging to mmseqs_results.tsv: 0h 0m 0s 31ms

2024-08-08 21:33:08,323 - INFO - Time for processing: 0h 0m 0s 127ms

2024-08-08 21:33:08,352 - INFO - Running mmseqs2 on CARD.
2024-08-08 21:33:08,419 - INFO - createdb phage_pharokka/GCA_015343595.1_1453|6-1416/phanotate_aas_tmp.fasta phage_pharokka/GCA_015343595.1_1453|6-1416/CARD_target_dir/target_seqs 

2024-08-08 21:33:08,419 - INFO - 

2024-08-08 21:33:08,419 - INFO - MMseqs Version:       	13.45111

2024-08-08 21:33:08,419 - INFO - Database type         	0

2024-08-08 21:33:08,419 - INFO - Shuffle input database	true

2024-08-08 21:33:08,419 - INFO - Createdb mode         	0

2024-08-08 21:33:08,419 - INFO - Write lookup file     	1

2024-08-08 21:33:08,419 - INFO - Offset of numeric ids 	0

2024-08-08 21:33:08,419 - INFO - Compressed            	0

2024-08-08 21:33:08,419 - INFO - Verbosity             	3

2024-08-08 21:33:08,419 - INFO - 

2024-08-08 21:33:08,419 - INFO - Converting sequences

2024-08-08 21:33:08,419 - INFO - [

2024-08-08 21:33:08,419 - INFO - Time for merging to target_seqs_h: 0h 0m 0s 8ms

2024-08-08 21:33:08,419 - INFO - Time for merging to target_seqs: 0h 0m 0s 21ms

2024-08-08 21:33:08,419 - INFO - Database type: Aminoacid

2024-08-08 21:33:08,419 - INFO - Time for processing: 0h 0m 0s 62ms

2024-08-08 21:33:08,427 - INFO - Create directory phage_pharokka/GCA_015343595.1_1453|6-1416/CARD_tmp_dir/

2024-08-08 21:33:08,427 - INFO - search --min-seq-id 0.8 -c 0.4 /data/yangy34/database/pharokka/CARD phage_pharokka/GCA_015343595.1_1453|6-1416/CARD_target_dir/target_seqs phage_pharokka/GCA_015343595.1_1453|6-1416/CARD/results_CARD phage_pharokka/GCA_015343595.1_1453|6-1416/CARD_tmp_dir/ -s 8.5 --threads 32 

2024-08-08 21:33:08,427 - INFO - 

2024-08-08 21:33:08,427 - INFO - MMseqs Version:                        	13.45111

2024-08-08 21:33:08,427 - INFO - Substitution matrix                    	nucl:nucleotide.out,aa:blosum62.out

2024-08-08 21:33:08,427 - INFO - Add backtrace                          	false

2024-08-08 21:33:08,427 - INFO - Alignment mode                         	2

2024-08-08 21:33:08,427 - INFO - Alignment mode                         	0

2024-08-08 21:33:08,427 - INFO - Allow wrapped scoring                  	false

2024-08-08 21:33:08,427 - INFO - E-value threshold                      	0.001

2024-08-08 21:33:08,427 - INFO - Seq. id. threshold                     	0.8

2024-08-08 21:33:08,427 - INFO - Min alignment length                   	0

2024-08-08 21:33:08,428 - INFO - Seq. id. mode                          	0

2024-08-08 21:33:08,428 - INFO - Alternative alignments                 	0

2024-08-08 21:33:08,428 - INFO - Coverage threshold                     	0.4

2024-08-08 21:33:08,428 - INFO - Coverage mode                          	0

2024-08-08 21:33:08,428 - INFO - Max sequence length                    	65535

2024-08-08 21:33:08,428 - INFO - Compositional bias                     	1

2024-08-08 21:33:08,428 - INFO - Max reject                             	2147483647

2024-08-08 21:33:08,428 - INFO - Max accept                             	2147483647

2024-08-08 21:33:08,428 - INFO - Include identical seq. id.             	false

2024-08-08 21:33:08,428 - INFO - Preload mode                           	0

2024-08-08 21:33:08,428 - INFO - Pseudo count a                         	1

2024-08-08 21:33:08,428 - INFO - Pseudo count b                         	1.5

2024-08-08 21:33:08,428 - INFO - Score bias                             	0

2024-08-08 21:33:08,428 - INFO - Realign hits                           	false

2024-08-08 21:33:08,428 - INFO - Realign score bias                     	-0.2

2024-08-08 21:33:08,428 - INFO - Realign max seqs                       	2147483647

2024-08-08 21:33:08,428 - INFO - Gap open cost                          	nucl:5,aa:11

2024-08-08 21:33:08,428 - INFO - Gap extension cost                     	nucl:2,aa:1

2024-08-08 21:33:08,428 - INFO - Zdrop                                  	40

2024-08-08 21:33:08,428 - INFO - Threads                                	32

2024-08-08 21:33:08,428 - INFO - Compressed                             	0

2024-08-08 21:33:08,428 - INFO - Verbosity                              	3

2024-08-08 21:33:08,429 - INFO - Seed substitution matrix               	nucl:nucleotide.out,aa:VTML80.out

2024-08-08 21:33:08,429 - INFO - Sensitivity                            	8.5

2024-08-08 21:33:08,429 - INFO - k-mer length                           	0

2024-08-08 21:33:08,429 - INFO - k-score                                	2147483647

2024-08-08 21:33:08,429 - INFO - Alphabet size                          	nucl:5,aa:21

2024-08-08 21:33:08,429 - INFO - Max results per query                  	300

2024-08-08 21:33:08,429 - INFO - Split database                         	0

2024-08-08 21:33:08,429 - INFO - Split mode                             	2

2024-08-08 21:33:08,429 - INFO - Split memory limit                     	0

2024-08-08 21:33:08,429 - INFO - Diagonal scoring                       	true

2024-08-08 21:33:08,429 - INFO - Exact k-mer matching                   	0

2024-08-08 21:33:08,429 - INFO - Mask residues                          	1

2024-08-08 21:33:08,429 - INFO - Mask lower case residues               	0

2024-08-08 21:33:08,429 - INFO - Minimum diagonal score                 	15

2024-08-08 21:33:08,429 - INFO - Spaced k-mers                          	1

2024-08-08 21:33:08,429 - INFO - Spaced k-mer pattern                   	

2024-08-08 21:33:08,429 - INFO - Local temporary path                   	

2024-08-08 21:33:08,429 - INFO - Rescore mode                           	0

2024-08-08 21:33:08,429 - INFO - Remove hits by seq. id. and coverage   	false

2024-08-08 21:33:08,429 - INFO - Sort results                           	0

2024-08-08 21:33:08,429 - INFO - Mask profile                           	1

2024-08-08 21:33:08,429 - INFO - Profile E-value threshold              	0.1

2024-08-08 21:33:08,429 - INFO - Global sequence weighting              	false

2024-08-08 21:33:08,430 - INFO - Allow deletions                        	false

2024-08-08 21:33:08,430 - INFO - Filter MSA                             	1

2024-08-08 21:33:08,430 - INFO - Maximum seq. id. threshold             	0.9

2024-08-08 21:33:08,430 - INFO - Minimum seq. id.                       	0

2024-08-08 21:33:08,430 - INFO - Minimum score per column               	-20

2024-08-08 21:33:08,430 - INFO - Minimum coverage                       	0

2024-08-08 21:33:08,430 - INFO - Select N most diverse seqs             	1000

2024-08-08 21:33:08,430 - INFO - Min codons in orf                      	30

2024-08-08 21:33:08,430 - INFO - Max codons in length                   	32734

2024-08-08 21:33:08,430 - INFO - Max orf gaps                           	2147483647

2024-08-08 21:33:08,430 - INFO - Contig start mode                      	2

2024-08-08 21:33:08,430 - INFO - Contig end mode                        	2

2024-08-08 21:33:08,430 - INFO - Orf start mode                         	1

2024-08-08 21:33:08,430 - INFO - Forward frames                         	1,2,3

2024-08-08 21:33:08,430 - INFO - Reverse frames                         	1,2,3

2024-08-08 21:33:08,430 - INFO - Translation table                      	1

2024-08-08 21:33:08,430 - INFO - Translate orf                          	0

2024-08-08 21:33:08,430 - INFO - Use all table starts                   	false

2024-08-08 21:33:08,430 - INFO - Offset of numeric ids                  	0

2024-08-08 21:33:08,430 - INFO - Create lookup                          	0

2024-08-08 21:33:08,430 - INFO - Add orf stop                           	false

2024-08-08 21:33:08,430 - INFO - Overlap between sequences              	0

2024-08-08 21:33:08,430 - INFO - Sequence split mode                    	1

2024-08-08 21:33:08,431 - INFO - Header split mode                      	0

2024-08-08 21:33:08,431 - INFO - Chain overlapping alignments           	0

2024-08-08 21:33:08,431 - INFO - Merge query                            	1

2024-08-08 21:33:08,431 - INFO - Search type                            	0

2024-08-08 21:33:08,431 - INFO - Search iterations                      	1

2024-08-08 21:33:08,431 - INFO - Start sensitivity                      	4

2024-08-08 21:33:08,431 - INFO - Search steps                           	1

2024-08-08 21:33:08,431 - INFO - Exhaustive search mode                 	false

2024-08-08 21:33:08,431 - INFO - Filter results during exhaustive search	0

2024-08-08 21:33:08,431 - INFO - Strand selection                       	1

2024-08-08 21:33:08,431 - INFO - LCA search mode                        	false

2024-08-08 21:33:08,431 - INFO - Disk space limit                       	0

2024-08-08 21:33:08,431 - INFO - MPI runner                             	

2024-08-08 21:33:08,431 - INFO - Force restart with latest tmp          	false

2024-08-08 21:33:08,431 - INFO - Remove temporary files                 	false

2024-08-08 21:33:08,431 - INFO - 

2024-08-08 21:33:08,589 - INFO - prefilter /data/yangy34/database/pharokka/CARD phage_pharokka/GCA_015343595.1_1453|6-1416/CARD_target_dir/target_seqs phage_pharokka/GCA_015343595.1_1453|6-1416/CARD_tmp_dir//15277915823135877510/pref_0 --sub-mat nucl:nucleotide.out,aa:blosum62.out --seed-sub-mat nucl:nucleotide.out,aa:VTML80.out -k 0 --k-score 2147483647 --alph-size nucl:5,aa:21 --max-seq-len 65535 --max-seqs 300 --split 0 --split-mode 2 --split-memory-limit 0 -c 0.4 --cov-mode 0 --comp-bias-corr 1 --diag-score 1 --exact-kmer-matching 0 --mask 1 --mask-lower-case 0 --min-ungapped-score 15 --add-self-matches 0 --spaced-kmer-mode 1 --db-load-mode 0 --pca 1 --pcb 1.5 --threads 32 --compressed 0 -v 3 -s 8.5 

2024-08-08 21:33:08,589 - INFO - 

2024-08-08 21:33:08,589 - INFO - Query database size: 4641 type: Aminoacid

2024-08-08 21:33:08,589 - INFO - Estimated memory consumption: 977M

2024-08-08 21:33:08,589 - INFO - Target database size: 4 type: Aminoacid

2024-08-08 21:33:08,589 - INFO - Index table k-mer threshold: 87 at k-mer size 6 

2024-08-08 21:33:08,589 - INFO - Index table: counting k-mers

2024-08-08 21:33:08,724 - INFO - [=================================================================] 4 0s 4ms

2024-08-08 21:33:08,724 - INFO - Index table: Masked residues: 33

2024-08-08 21:33:08,725 - INFO - Index table: fill

2024-08-08 21:33:09,194 - INFO - [=================================================================] 4 0s 0ms

2024-08-08 21:33:09,194 - INFO - Index statistics

2024-08-08 21:33:09,194 - INFO - Entries:          358

2024-08-08 21:33:09,194 - INFO - DB size:          488 MB

2024-08-08 21:33:09,194 - INFO - Avg k-mer size:   0.000006

2024-08-08 21:33:09,195 - INFO - Top 10 k-mers

2024-08-08 21:33:09,195 - INFO -     DNQLAA	1

2024-08-08 21:33:09,195 - INFO -     PGESAA	1

2024-08-08 21:33:09,195 - INFO -     TRKTAA	1

2024-08-08 21:33:09,195 - INFO -     DAKADA	1

2024-08-08 21:33:09,195 - INFO -     DDLMDA	1

2024-08-08 21:33:09,195 - INFO -     GAQSDA	1

2024-08-08 21:33:09,195 - INFO -     GPKVDA	1

2024-08-08 21:33:09,195 - INFO -     MLDAEA	1

2024-08-08 21:33:09,195 - INFO -     QPVLEA	1

2024-08-08 21:33:09,195 - INFO -     PEEPEA	1

2024-08-08 21:33:09,195 - INFO - Time for index table init: 0h 0m 0s 429ms

2024-08-08 21:33:09,195 - INFO - Process prefiltering step 1 of 1

2024-08-08 21:33:09,195 - INFO - 

2024-08-08 21:33:09,195 - INFO - k-mer similarity threshold: 87

2024-08-08 21:33:09,196 - INFO - Starting prefiltering scores calculation (step 1 of 1)

2024-08-08 21:33:09,196 - INFO - Query db start 1 to 4641

2024-08-08 21:33:09,196 - INFO - Target db start 1 to 4

2024-08-08 21:33:17,504 - INFO - [=================================================================] 4.64K 8s 354ms

2024-08-08 21:33:17,504 - INFO - 

2024-08-08 21:33:17,504 - INFO - 3883.681631 k-mers per position

2024-08-08 21:33:17,505 - INFO - 6 DB matches per sequence

2024-08-08 21:33:17,505 - INFO - 0 overflows

2024-08-08 21:33:17,505 - INFO - 0 queries produce too many hits (truncated result)

2024-08-08 21:33:17,505 - INFO - 0 sequences passed prefiltering per query sequence

2024-08-08 21:33:17,505 - INFO - 0 median result list length

2024-08-08 21:33:17,505 - INFO - 3746 sequences with 0 size result lists

2024-08-08 21:33:17,505 - INFO - Time for merging to pref_0: 0h 0m 0s 10ms

2024-08-08 21:33:17,505 - INFO - Time for processing: 0h 0m 9s 68ms

2024-08-08 21:33:17,529 - INFO - align /data/yangy34/database/pharokka/CARD phage_pharokka/GCA_015343595.1_1453|6-1416/CARD_target_dir/target_seqs phage_pharokka/GCA_015343595.1_1453|6-1416/CARD_tmp_dir//15277915823135877510/pref_0 phage_pharokka/GCA_015343595.1_1453|6-1416/CARD/results_CARD --sub-mat nucl:nucleotide.out,aa:blosum62.out -a 0 --alignment-mode 2 --alignment-output-mode 0 --wrapped-scoring 0 -e 0.001 --min-seq-id 0.8 --min-aln-len 0 --seq-id-mode 0 --alt-ali 0 -c 0.4 --cov-mode 0 --max-seq-len 65535 --comp-bias-corr 1 --max-rejected 2147483647 --max-accept 2147483647 --add-self-matches 0 --db-load-mode 0 --pca 1 --pcb 1.5 --score-bias 0 --realign 0 --realign-score-bias -0.2 --realign-max-seqs 2147483647 --gap-open nucl:5,aa:11 --gap-extend nucl:2,aa:1 --zdrop 40 --threads 32 --compressed 0 -v 3 

2024-08-08 21:33:17,530 - INFO - 

2024-08-08 21:33:17,530 - INFO - Compute score and coverage

2024-08-08 21:33:17,530 - INFO - Query database size: 4641 type: Aminoacid

2024-08-08 21:33:17,530 - INFO - Target database size: 4 type: Aminoacid

2024-08-08 21:33:17,530 - INFO - Calculation of alignments

2024-08-08 21:33:17,551 - INFO - [=================================================================] 4.64K 0s 13ms

2024-08-08 21:33:17,551 - INFO - Time for merging to results_CARD: 0h 0m 0s 9ms

2024-08-08 21:33:17,551 - INFO - 168 alignments calculated

2024-08-08 21:33:17,551 - INFO - 0 sequence pairs passed the thresholds (0.000000 of overall calculated)

2024-08-08 21:33:17,551 - INFO - 0.000000 hits per query sequence

2024-08-08 21:33:17,551 - INFO - Time for processing: 0h 0m 0s 40ms

2024-08-08 21:33:17,829 - INFO - createtsv /data/yangy34/database/pharokka/CARD phage_pharokka/GCA_015343595.1_1453|6-1416/CARD_target_dir/target_seqs phage_pharokka/GCA_015343595.1_1453|6-1416/CARD/results_CARD phage_pharokka/GCA_015343595.1_1453|6-1416/CARD_results.tsv --full-header --threads 32 

2024-08-08 21:33:17,829 - INFO - 

2024-08-08 21:33:17,829 - INFO - MMseqs Version:                 	13.45111

2024-08-08 21:33:17,829 - INFO - First sequence as representative	false

2024-08-08 21:33:17,829 - INFO - Target column                   	1

2024-08-08 21:33:17,829 - INFO - Add full header                 	true

2024-08-08 21:33:17,829 - INFO - Sequence source                 	0

2024-08-08 21:33:17,829 - INFO - Database output                 	false

2024-08-08 21:33:17,829 - INFO - Threads                         	32

2024-08-08 21:33:17,829 - INFO - Compressed                      	0

2024-08-08 21:33:17,829 - INFO - Verbosity                       	3

2024-08-08 21:33:17,829 - INFO - 

2024-08-08 21:33:17,829 - INFO - Time for merging to CARD_results.tsv: 0h 0m 0s 13ms

2024-08-08 21:33:17,830 - INFO - Time for processing: 0h 0m 0s 271ms

2024-08-08 21:33:17,840 - INFO - Running mmseqs2 on vfdb.
2024-08-08 21:33:17,913 - INFO - createdb phage_pharokka/GCA_015343595.1_1453|6-1416/phanotate_aas_tmp.fasta phage_pharokka/GCA_015343595.1_1453|6-1416/vfdb_target_dir/target_seqs 

2024-08-08 21:33:17,913 - INFO - 

2024-08-08 21:33:17,913 - INFO - MMseqs Version:       	13.45111

2024-08-08 21:33:17,913 - INFO - Database type         	0

2024-08-08 21:33:17,913 - INFO - Shuffle input database	true

2024-08-08 21:33:17,914 - INFO - Createdb mode         	0

2024-08-08 21:33:17,914 - INFO - Write lookup file     	1

2024-08-08 21:33:17,914 - INFO - Offset of numeric ids 	0

2024-08-08 21:33:17,914 - INFO - Compressed            	0

2024-08-08 21:33:17,914 - INFO - Verbosity             	3

2024-08-08 21:33:17,914 - INFO - 

2024-08-08 21:33:17,914 - INFO - Converting sequences

2024-08-08 21:33:17,914 - INFO - [

2024-08-08 21:33:17,914 - INFO - Time for merging to target_seqs_h: 0h 0m 0s 8ms

2024-08-08 21:33:17,914 - INFO - Time for merging to target_seqs: 0h 0m 0s 24ms

2024-08-08 21:33:17,914 - INFO - Database type: Aminoacid

2024-08-08 21:33:17,914 - INFO - Time for processing: 0h 0m 0s 68ms

2024-08-08 21:33:17,922 - INFO - Create directory phage_pharokka/GCA_015343595.1_1453|6-1416/vfdb_tmp_dir/

2024-08-08 21:33:17,922 - INFO - search --min-seq-id 0.8 -c 0.4 /data/yangy34/database/pharokka/vfdb phage_pharokka/GCA_015343595.1_1453|6-1416/vfdb_target_dir/target_seqs phage_pharokka/GCA_015343595.1_1453|6-1416/vfdb/results_vfdb phage_pharokka/GCA_015343595.1_1453|6-1416/vfdb_tmp_dir/ -s 8.5 --threads 32 

2024-08-08 21:33:17,922 - INFO - 

2024-08-08 21:33:17,922 - INFO - MMseqs Version:                        	13.45111

2024-08-08 21:33:17,922 - INFO - Substitution matrix                    	nucl:nucleotide.out,aa:blosum62.out

2024-08-08 21:33:17,922 - INFO - Add backtrace                          	false

2024-08-08 21:33:17,922 - INFO - Alignment mode                         	2

2024-08-08 21:33:17,922 - INFO - Alignment mode                         	0

2024-08-08 21:33:17,922 - INFO - Allow wrapped scoring                  	false

2024-08-08 21:33:17,922 - INFO - E-value threshold                      	0.001

2024-08-08 21:33:17,922 - INFO - Seq. id. threshold                     	0.8

2024-08-08 21:33:17,922 - INFO - Min alignment length                   	0

2024-08-08 21:33:17,922 - INFO - Seq. id. mode                          	0

2024-08-08 21:33:17,922 - INFO - Alternative alignments                 	0

2024-08-08 21:33:17,922 - INFO - Coverage threshold                     	0.4

2024-08-08 21:33:17,922 - INFO - Coverage mode                          	0

2024-08-08 21:33:17,923 - INFO - Max sequence length                    	65535

2024-08-08 21:33:17,923 - INFO - Compositional bias                     	1

2024-08-08 21:33:17,923 - INFO - Max reject                             	2147483647

2024-08-08 21:33:17,923 - INFO - Max accept                             	2147483647

2024-08-08 21:33:17,923 - INFO - Include identical seq. id.             	false

2024-08-08 21:33:17,923 - INFO - Preload mode                           	0

2024-08-08 21:33:17,923 - INFO - Pseudo count a                         	1

2024-08-08 21:33:17,923 - INFO - Pseudo count b                         	1.5

2024-08-08 21:33:17,923 - INFO - Score bias                             	0

2024-08-08 21:33:17,923 - INFO - Realign hits                           	false

2024-08-08 21:33:17,923 - INFO - Realign score bias                     	-0.2

2024-08-08 21:33:17,923 - INFO - Realign max seqs                       	2147483647

2024-08-08 21:33:17,923 - INFO - Gap open cost                          	nucl:5,aa:11

2024-08-08 21:33:17,923 - INFO - Gap extension cost                     	nucl:2,aa:1

2024-08-08 21:33:17,923 - INFO - Zdrop                                  	40

2024-08-08 21:33:17,923 - INFO - Threads                                	32

2024-08-08 21:33:17,923 - INFO - Compressed                             	0

2024-08-08 21:33:17,923 - INFO - Verbosity                              	3

2024-08-08 21:33:17,923 - INFO - Seed substitution matrix               	nucl:nucleotide.out,aa:VTML80.out

2024-08-08 21:33:17,923 - INFO - Sensitivity                            	8.5

2024-08-08 21:33:17,923 - INFO - k-mer length                           	0

2024-08-08 21:33:17,924 - INFO - k-score                                	2147483647

2024-08-08 21:33:17,924 - INFO - Alphabet size                          	nucl:5,aa:21

2024-08-08 21:33:17,924 - INFO - Max results per query                  	300

2024-08-08 21:33:17,924 - INFO - Split database                         	0

2024-08-08 21:33:17,924 - INFO - Split mode                             	2

2024-08-08 21:33:17,924 - INFO - Split memory limit                     	0

2024-08-08 21:33:17,924 - INFO - Diagonal scoring                       	true

2024-08-08 21:33:17,924 - INFO - Exact k-mer matching                   	0

2024-08-08 21:33:17,924 - INFO - Mask residues                          	1

2024-08-08 21:33:17,924 - INFO - Mask lower case residues               	0

2024-08-08 21:33:17,924 - INFO - Minimum diagonal score                 	15

2024-08-08 21:33:17,924 - INFO - Spaced k-mers                          	1

2024-08-08 21:33:17,924 - INFO - Spaced k-mer pattern                   	

2024-08-08 21:33:17,924 - INFO - Local temporary path                   	

2024-08-08 21:33:17,924 - INFO - Rescore mode                           	0

2024-08-08 21:33:17,924 - INFO - Remove hits by seq. id. and coverage   	false

2024-08-08 21:33:17,924 - INFO - Sort results                           	0

2024-08-08 21:33:17,924 - INFO - Mask profile                           	1

2024-08-08 21:33:17,924 - INFO - Profile E-value threshold              	0.1

2024-08-08 21:33:17,924 - INFO - Global sequence weighting              	false

2024-08-08 21:33:17,924 - INFO - Allow deletions                        	false

2024-08-08 21:33:17,925 - INFO - Filter MSA                             	1

2024-08-08 21:33:17,925 - INFO - Maximum seq. id. threshold             	0.9

2024-08-08 21:33:17,925 - INFO - Minimum seq. id.                       	0

2024-08-08 21:33:17,925 - INFO - Minimum score per column               	-20

2024-08-08 21:33:17,925 - INFO - Minimum coverage                       	0

2024-08-08 21:33:17,925 - INFO - Select N most diverse seqs             	1000

2024-08-08 21:33:17,925 - INFO - Min codons in orf                      	30

2024-08-08 21:33:17,925 - INFO - Max codons in length                   	32734

2024-08-08 21:33:17,925 - INFO - Max orf gaps                           	2147483647

2024-08-08 21:33:17,925 - INFO - Contig start mode                      	2

2024-08-08 21:33:17,925 - INFO - Contig end mode                        	2

2024-08-08 21:33:17,925 - INFO - Orf start mode                         	1

2024-08-08 21:33:17,925 - INFO - Forward frames                         	1,2,3

2024-08-08 21:33:17,925 - INFO - Reverse frames                         	1,2,3

2024-08-08 21:33:17,925 - INFO - Translation table                      	1

2024-08-08 21:33:17,925 - INFO - Translate orf                          	0

2024-08-08 21:33:17,925 - INFO - Use all table starts                   	false

2024-08-08 21:33:17,925 - INFO - Offset of numeric ids                  	0

2024-08-08 21:33:17,925 - INFO - Create lookup                          	0

2024-08-08 21:33:17,925 - INFO - Add orf stop                           	false

2024-08-08 21:33:17,925 - INFO - Overlap between sequences              	0

2024-08-08 21:33:17,926 - INFO - Sequence split mode                    	1

2024-08-08 21:33:17,926 - INFO - Header split mode                      	0

2024-08-08 21:33:17,926 - INFO - Chain overlapping alignments           	0

2024-08-08 21:33:17,926 - INFO - Merge query                            	1

2024-08-08 21:33:17,926 - INFO - Search type                            	0

2024-08-08 21:33:17,926 - INFO - Search iterations                      	1

2024-08-08 21:33:17,926 - INFO - Start sensitivity                      	4

2024-08-08 21:33:17,926 - INFO - Search steps                           	1

2024-08-08 21:33:17,926 - INFO - Exhaustive search mode                 	false

2024-08-08 21:33:17,926 - INFO - Filter results during exhaustive search	0

2024-08-08 21:33:17,926 - INFO - Strand selection                       	1

2024-08-08 21:33:17,926 - INFO - LCA search mode                        	false

2024-08-08 21:33:17,926 - INFO - Disk space limit                       	0

2024-08-08 21:33:17,926 - INFO - MPI runner                             	

2024-08-08 21:33:17,926 - INFO - Force restart with latest tmp          	false

2024-08-08 21:33:17,926 - INFO - Remove temporary files                 	false

2024-08-08 21:33:17,926 - INFO - 

2024-08-08 21:33:18,100 - INFO - prefilter /data/yangy34/database/pharokka/vfdb phage_pharokka/GCA_015343595.1_1453|6-1416/vfdb_target_dir/target_seqs phage_pharokka/GCA_015343595.1_1453|6-1416/vfdb_tmp_dir//14274309239298318434/pref_0 --sub-mat nucl:nucleotide.out,aa:blosum62.out --seed-sub-mat nucl:nucleotide.out,aa:VTML80.out -k 0 --k-score 2147483647 --alph-size nucl:5,aa:21 --max-seq-len 65535 --max-seqs 300 --split 0 --split-mode 2 --split-memory-limit 0 -c 0.4 --cov-mode 0 --comp-bias-corr 1 --diag-score 1 --exact-kmer-matching 0 --mask 1 --mask-lower-case 0 --min-ungapped-score 15 --add-self-matches 0 --spaced-kmer-mode 1 --db-load-mode 0 --pca 1 --pcb 1.5 --threads 32 --compressed 0 -v 3 -s 8.5 

2024-08-08 21:33:18,100 - INFO - 

2024-08-08 21:33:18,100 - INFO - Query database size: 27504 type: Aminoacid

2024-08-08 21:33:18,100 - INFO - Estimated memory consumption: 977M

2024-08-08 21:33:18,100 - INFO - Target database size: 4 type: Aminoacid

2024-08-08 21:33:18,100 - INFO - Index table k-mer threshold: 87 at k-mer size 6 

2024-08-08 21:33:18,100 - INFO - Index table: counting k-mers

2024-08-08 21:33:18,239 - INFO - [=================================================================] 4 0s 5ms

2024-08-08 21:33:18,239 - INFO - Index table: Masked residues: 33

2024-08-08 21:33:18,239 - INFO - Index table: fill

2024-08-08 21:33:19,483 - INFO - [=================================================================] 4 0s 2ms

2024-08-08 21:33:19,484 - INFO - Index statistics

2024-08-08 21:33:19,484 - INFO - Entries:          358

2024-08-08 21:33:19,484 - INFO - DB size:          488 MB

2024-08-08 21:33:19,484 - INFO - Avg k-mer size:   0.000006

2024-08-08 21:33:19,484 - INFO - Top 10 k-mers

2024-08-08 21:33:19,484 - INFO -     DNQLAA	1

2024-08-08 21:33:19,484 - INFO -     PGESAA	1

2024-08-08 21:33:19,484 - INFO -     TRKTAA	1

2024-08-08 21:33:19,484 - INFO -     DAKADA	1

2024-08-08 21:33:19,484 - INFO -     DDLMDA	1

2024-08-08 21:33:19,484 - INFO -     GAQSDA	1

2024-08-08 21:33:19,484 - INFO -     GPKVDA	1

2024-08-08 21:33:19,484 - INFO -     MLDAEA	1

2024-08-08 21:33:19,485 - INFO -     QPVLEA	1

2024-08-08 21:33:19,485 - INFO -     PEEPEA	1

2024-08-08 21:33:19,485 - INFO - Time for index table init: 0h 0m 0s 437ms

2024-08-08 21:33:19,485 - INFO - Process prefiltering step 1 of 1

2024-08-08 21:33:19,485 - INFO - 

2024-08-08 21:33:19,485 - INFO - k-mer similarity threshold: 87

2024-08-08 21:33:19,485 - INFO - Starting prefiltering scores calculation (step 1 of 1)

2024-08-08 21:33:19,485 - INFO - Query db start 1 to 27504

2024-08-08 21:33:19,485 - INFO - Target db start 1 to 4

2024-08-08 21:34:20,489 - INFO - [=================================================================] 27.50K 1m 1s 573ms

2024-08-08 21:34:20,489 - INFO - 

2024-08-08 21:34:20,489 - INFO - 3159.764157 k-mers per position

2024-08-08 21:34:20,489 - INFO - 9 DB matches per sequence

2024-08-08 21:34:20,489 - INFO - 0 overflows

2024-08-08 21:34:20,489 - INFO - 0 queries produce too many hits (truncated result)

2024-08-08 21:34:20,489 - INFO - 0 sequences passed prefiltering per query sequence

2024-08-08 21:34:20,489 - INFO - 0 median result list length

2024-08-08 21:34:20,489 - INFO - 22664 sequences with 0 size result lists

2024-08-08 21:34:20,490 - INFO - Time for merging to pref_0: 0h 0m 0s 19ms

2024-08-08 21:34:20,490 - INFO - Time for processing: 0h 1m 2s 559ms

2024-08-08 21:34:20,531 - INFO - align /data/yangy34/database/pharokka/vfdb phage_pharokka/GCA_015343595.1_1453|6-1416/vfdb_target_dir/target_seqs phage_pharokka/GCA_015343595.1_1453|6-1416/vfdb_tmp_dir//14274309239298318434/pref_0 phage_pharokka/GCA_015343595.1_1453|6-1416/vfdb/results_vfdb --sub-mat nucl:nucleotide.out,aa:blosum62.out -a 0 --alignment-mode 2 --alignment-output-mode 0 --wrapped-scoring 0 -e 0.001 --min-seq-id 0.8 --min-aln-len 0 --seq-id-mode 0 --alt-ali 0 -c 0.4 --cov-mode 0 --max-seq-len 65535 --comp-bias-corr 1 --max-rejected 2147483647 --max-accept 2147483647 --add-self-matches 0 --db-load-mode 0 --pca 1 --pcb 1.5 --score-bias 0 --realign 0 --realign-score-bias -0.2 --realign-max-seqs 2147483647 --gap-open nucl:5,aa:11 --gap-extend nucl:2,aa:1 --zdrop 40 --threads 32 --compressed 0 -v 3 

2024-08-08 21:34:20,531 - INFO - 

2024-08-08 21:34:20,531 - INFO - Compute score and coverage

2024-08-08 21:34:20,531 - INFO - Query database size: 27504 type: Aminoacid

2024-08-08 21:34:20,531 - INFO - Target database size: 4 type: Aminoacid

2024-08-08 21:34:20,531 - INFO - Calculation of alignments

2024-08-08 21:34:20,567 - INFO - [=================================================================] 27.50K 0s 17ms

2024-08-08 21:34:20,567 - INFO - Time for merging to results_vfdb: 0h 0m 0s 17ms

2024-08-08 21:34:20,567 - INFO - 715 alignments calculated

2024-08-08 21:34:20,567 - INFO - 0 sequence pairs passed the thresholds (0.000000 of overall calculated)

2024-08-08 21:34:20,567 - INFO - 0.000000 hits per query sequence

2024-08-08 21:34:20,567 - INFO - Time for processing: 0h 0m 0s 70ms

2024-08-08 21:34:20,737 - INFO - createtsv /data/yangy34/database/pharokka/vfdb phage_pharokka/GCA_015343595.1_1453|6-1416/vfdb_target_dir/target_seqs phage_pharokka/GCA_015343595.1_1453|6-1416/vfdb/results_vfdb phage_pharokka/GCA_015343595.1_1453|6-1416/vfdb_results.tsv --full-header --threads 32 

2024-08-08 21:34:20,737 - INFO - 

2024-08-08 21:34:20,737 - INFO - MMseqs Version:                 	13.45111

2024-08-08 21:34:20,737 - INFO - First sequence as representative	false

2024-08-08 21:34:20,738 - INFO - Target column                   	1

2024-08-08 21:34:20,738 - INFO - Add full header                 	true

2024-08-08 21:34:20,738 - INFO - Sequence source                 	0

2024-08-08 21:34:20,738 - INFO - Database output                 	false

2024-08-08 21:34:20,738 - INFO - Threads                         	32

2024-08-08 21:34:20,738 - INFO - Compressed                      	0

2024-08-08 21:34:20,738 - INFO - Verbosity                       	3

2024-08-08 21:34:20,738 - INFO - 

2024-08-08 21:34:20,738 - INFO - Time for merging to vfdb_results.tsv: 0h 0m 0s 23ms

2024-08-08 21:34:20,738 - INFO - Time for processing: 0h 0m 0s 163ms

2024-08-08 21:34:20,765 - INFO - Post Processing Output.
2024-08-08 21:34:21,132 - INFO - Converting gff to genbank.
2024-08-08 21:34:21,154 - WARNING - /gpfs/gsfs12/users/yangy34/softwares/mambaforge/envs/pharokka-env/lib/python3.10/site-packages/Bio/SeqIO/InsdcIO.py:728: BiopythonWarning: Increasing length of locus line to allow long name. This will result in fields that are not in usual positions.
  warnings.warn(

2024-08-08 21:34:21,169 - INFO - Finding the closest match for each contig in INPHARED using mash.
2024-08-08 21:34:21,207 - INFO - Sketching GCA_015343595.1_53_phages/GCA_015343595.1_1453_6_1416_prophage.fasta...

2024-08-08 21:34:21,209 - INFO - Writing to phage_pharokka/GCA_015343595.1_1453|6-1416/input_mash_sketch.msh...

2024-08-08 21:34:22,747 - INFO - pharokka has finished
2024-08-08 21:34:22,747 - INFO - Elapsed time: 142.84 seconds
2024-08-08 21:34:22,747 - INFO - If you use pharokka in your research, please cite:
2024-08-08 21:34:22,747 - INFO - George Bouras, Roshan Nepal, Ghais Houtak, Alkis James Psaltis, Peter-John Wormald, Sarah Vreugde.
2024-08-08 21:34:22,747 - INFO - Pharokka: a fast scalable bacteriophage annotation tool.
2024-08-08 21:34:22,747 - INFO - Bioinformatics, Volume 39, Issue 1, January 2023, btac776.
2024-08-08 21:34:22,747 - INFO - https://doi.org/10.1093/bioinformatics/btac776.
2024-08-08 21:34:22,747 - INFO - You should also cite the full list of tools pharokka uses, which can be found at https://github.com/gbouras13/pharokka#citation.
